[2024-04-27T14:03:18.352+0000] {processor.py:157} INFO - Started process (PID=65) to work on /home/airflow/.local/lib/python3.8/site-packages/airflow/example_dags/example_dynamic_task_mapping_with_no_taskflow_operators.py
[2024-04-27T14:03:18.354+0000] {processor.py:829} INFO - Processing file /home/airflow/.local/lib/python3.8/site-packages/airflow/example_dags/example_dynamic_task_mapping_with_no_taskflow_operators.py for tasks to queue
[2024-04-27T14:03:18.357+0000] {logging_mixin.py:151} INFO - [2024-04-27T14:03:18.356+0000] {dagbag.py:539} INFO - Filling up the DagBag from /home/airflow/.local/lib/python3.8/site-packages/airflow/example_dags/example_dynamic_task_mapping_with_no_taskflow_operators.py
[2024-04-27T14:03:18.370+0000] {processor.py:839} INFO - DAG(s) dict_keys(['example_dynamic_task_mapping_with_no_taskflow_operators']) retrieved from /home/airflow/.local/lib/python3.8/site-packages/airflow/example_dags/example_dynamic_task_mapping_with_no_taskflow_operators.py
[2024-04-27T14:03:18.656+0000] {logging_mixin.py:151} INFO - [2024-04-27T14:03:18.656+0000] {manager.py:501} INFO - Created Permission View: can read on DAG:example_dynamic_task_mapping_with_no_taskflow_operators
[2024-04-27T14:03:18.673+0000] {logging_mixin.py:151} INFO - [2024-04-27T14:03:18.672+0000] {manager.py:501} INFO - Created Permission View: can edit on DAG:example_dynamic_task_mapping_with_no_taskflow_operators
[2024-04-27T14:03:18.684+0000] {logging_mixin.py:151} INFO - [2024-04-27T14:03:18.684+0000] {manager.py:501} INFO - Created Permission View: can delete on DAG:example_dynamic_task_mapping_with_no_taskflow_operators
[2024-04-27T14:03:18.706+0000] {logging_mixin.py:151} INFO - [2024-04-27T14:03:18.706+0000] {dag.py:2907} INFO - Sync 1 DAGs
[2024-04-27T14:03:18.723+0000] {logging_mixin.py:151} INFO - [2024-04-27T14:03:18.722+0000] {dag.py:2929} INFO - Creating ORM DAG for example_dynamic_task_mapping_with_no_taskflow_operators
[2024-04-27T14:03:18.737+0000] {logging_mixin.py:151} INFO - [2024-04-27T14:03:18.737+0000] {dag.py:3677} INFO - Setting next_dagrun for example_dynamic_task_mapping_with_no_taskflow_operators to 2024-04-26T14:03:18.737161+00:00, run_after=2024-04-27T14:03:18.737161+00:00
[2024-04-27T14:03:18.762+0000] {processor.py:179} INFO - Processing /home/airflow/.local/lib/python3.8/site-packages/airflow/example_dags/example_dynamic_task_mapping_with_no_taskflow_operators.py took 0.422 seconds
[2024-04-27T14:03:49.026+0000] {processor.py:157} INFO - Started process (PID=128) to work on /home/airflow/.local/lib/python3.8/site-packages/airflow/example_dags/example_dynamic_task_mapping_with_no_taskflow_operators.py
[2024-04-27T14:03:49.028+0000] {processor.py:829} INFO - Processing file /home/airflow/.local/lib/python3.8/site-packages/airflow/example_dags/example_dynamic_task_mapping_with_no_taskflow_operators.py for tasks to queue
[2024-04-27T14:03:49.032+0000] {logging_mixin.py:151} INFO - [2024-04-27T14:03:49.030+0000] {dagbag.py:539} INFO - Filling up the DagBag from /home/airflow/.local/lib/python3.8/site-packages/airflow/example_dags/example_dynamic_task_mapping_with_no_taskflow_operators.py
[2024-04-27T14:03:49.047+0000] {processor.py:839} INFO - DAG(s) dict_keys(['example_dynamic_task_mapping_with_no_taskflow_operators']) retrieved from /home/airflow/.local/lib/python3.8/site-packages/airflow/example_dags/example_dynamic_task_mapping_with_no_taskflow_operators.py
[2024-04-27T14:03:49.092+0000] {logging_mixin.py:151} INFO - [2024-04-27T14:03:49.092+0000] {dag.py:2907} INFO - Sync 1 DAGs
[2024-04-27T14:03:49.138+0000] {logging_mixin.py:151} INFO - [2024-04-27T14:03:49.138+0000] {dag.py:3677} INFO - Setting next_dagrun for example_dynamic_task_mapping_with_no_taskflow_operators to 2024-04-26T14:03:49.137802+00:00, run_after=2024-04-27T14:03:49.137802+00:00
[2024-04-27T14:03:49.172+0000] {processor.py:179} INFO - Processing /home/airflow/.local/lib/python3.8/site-packages/airflow/example_dags/example_dynamic_task_mapping_with_no_taskflow_operators.py took 0.161 seconds
[2024-04-27T14:04:19.669+0000] {processor.py:157} INFO - Started process (PID=191) to work on /home/airflow/.local/lib/python3.8/site-packages/airflow/example_dags/example_dynamic_task_mapping_with_no_taskflow_operators.py
[2024-04-27T14:04:19.670+0000] {processor.py:829} INFO - Processing file /home/airflow/.local/lib/python3.8/site-packages/airflow/example_dags/example_dynamic_task_mapping_with_no_taskflow_operators.py for tasks to queue
[2024-04-27T14:04:19.674+0000] {logging_mixin.py:151} INFO - [2024-04-27T14:04:19.673+0000] {dagbag.py:539} INFO - Filling up the DagBag from /home/airflow/.local/lib/python3.8/site-packages/airflow/example_dags/example_dynamic_task_mapping_with_no_taskflow_operators.py
[2024-04-27T14:04:19.683+0000] {processor.py:839} INFO - DAG(s) dict_keys(['example_dynamic_task_mapping_with_no_taskflow_operators']) retrieved from /home/airflow/.local/lib/python3.8/site-packages/airflow/example_dags/example_dynamic_task_mapping_with_no_taskflow_operators.py
[2024-04-27T14:04:19.711+0000] {logging_mixin.py:151} INFO - [2024-04-27T14:04:19.711+0000] {dag.py:2907} INFO - Sync 1 DAGs
[2024-04-27T14:04:19.749+0000] {logging_mixin.py:151} INFO - [2024-04-27T14:04:19.749+0000] {dag.py:3677} INFO - Setting next_dagrun for example_dynamic_task_mapping_with_no_taskflow_operators to 2024-04-26T14:04:19.748785+00:00, run_after=2024-04-27T14:04:19.748785+00:00
[2024-04-27T14:04:19.773+0000] {processor.py:179} INFO - Processing /home/airflow/.local/lib/python3.8/site-packages/airflow/example_dags/example_dynamic_task_mapping_with_no_taskflow_operators.py took 0.109 seconds
[2024-04-27T14:04:50.188+0000] {processor.py:157} INFO - Started process (PID=262) to work on /home/airflow/.local/lib/python3.8/site-packages/airflow/example_dags/example_dynamic_task_mapping_with_no_taskflow_operators.py
[2024-04-27T14:04:50.189+0000] {processor.py:829} INFO - Processing file /home/airflow/.local/lib/python3.8/site-packages/airflow/example_dags/example_dynamic_task_mapping_with_no_taskflow_operators.py for tasks to queue
[2024-04-27T14:04:50.192+0000] {logging_mixin.py:151} INFO - [2024-04-27T14:04:50.192+0000] {dagbag.py:539} INFO - Filling up the DagBag from /home/airflow/.local/lib/python3.8/site-packages/airflow/example_dags/example_dynamic_task_mapping_with_no_taskflow_operators.py
[2024-04-27T14:04:50.202+0000] {processor.py:839} INFO - DAG(s) dict_keys(['example_dynamic_task_mapping_with_no_taskflow_operators']) retrieved from /home/airflow/.local/lib/python3.8/site-packages/airflow/example_dags/example_dynamic_task_mapping_with_no_taskflow_operators.py
[2024-04-27T14:04:50.233+0000] {logging_mixin.py:151} INFO - [2024-04-27T14:04:50.233+0000] {dag.py:2907} INFO - Sync 1 DAGs
[2024-04-27T14:04:50.273+0000] {logging_mixin.py:151} INFO - [2024-04-27T14:04:50.273+0000] {dag.py:3677} INFO - Setting next_dagrun for example_dynamic_task_mapping_with_no_taskflow_operators to 2024-04-26T14:04:50.272899+00:00, run_after=2024-04-27T14:04:50.272899+00:00
[2024-04-27T14:04:50.302+0000] {processor.py:179} INFO - Processing /home/airflow/.local/lib/python3.8/site-packages/airflow/example_dags/example_dynamic_task_mapping_with_no_taskflow_operators.py took 0.119 seconds
[2024-04-27T14:05:20.341+0000] {processor.py:157} INFO - Started process (PID=326) to work on /home/airflow/.local/lib/python3.8/site-packages/airflow/example_dags/example_dynamic_task_mapping_with_no_taskflow_operators.py
[2024-04-27T14:05:20.343+0000] {processor.py:829} INFO - Processing file /home/airflow/.local/lib/python3.8/site-packages/airflow/example_dags/example_dynamic_task_mapping_with_no_taskflow_operators.py for tasks to queue
[2024-04-27T14:05:20.346+0000] {logging_mixin.py:151} INFO - [2024-04-27T14:05:20.345+0000] {dagbag.py:539} INFO - Filling up the DagBag from /home/airflow/.local/lib/python3.8/site-packages/airflow/example_dags/example_dynamic_task_mapping_with_no_taskflow_operators.py
[2024-04-27T14:05:20.356+0000] {processor.py:839} INFO - DAG(s) dict_keys(['example_dynamic_task_mapping_with_no_taskflow_operators']) retrieved from /home/airflow/.local/lib/python3.8/site-packages/airflow/example_dags/example_dynamic_task_mapping_with_no_taskflow_operators.py
[2024-04-27T14:05:20.379+0000] {logging_mixin.py:151} INFO - [2024-04-27T14:05:20.379+0000] {dag.py:2907} INFO - Sync 1 DAGs
[2024-04-27T14:05:20.405+0000] {logging_mixin.py:151} INFO - [2024-04-27T14:05:20.405+0000] {dag.py:3677} INFO - Setting next_dagrun for example_dynamic_task_mapping_with_no_taskflow_operators to 2024-04-26T14:05:20.404853+00:00, run_after=2024-04-27T14:05:20.404853+00:00
[2024-04-27T14:05:20.426+0000] {processor.py:179} INFO - Processing /home/airflow/.local/lib/python3.8/site-packages/airflow/example_dags/example_dynamic_task_mapping_with_no_taskflow_operators.py took 0.090 seconds
[2024-04-27T14:05:50.670+0000] {processor.py:157} INFO - Started process (PID=390) to work on /home/airflow/.local/lib/python3.8/site-packages/airflow/example_dags/example_dynamic_task_mapping_with_no_taskflow_operators.py
[2024-04-27T14:05:50.671+0000] {processor.py:829} INFO - Processing file /home/airflow/.local/lib/python3.8/site-packages/airflow/example_dags/example_dynamic_task_mapping_with_no_taskflow_operators.py for tasks to queue
[2024-04-27T14:05:50.674+0000] {logging_mixin.py:151} INFO - [2024-04-27T14:05:50.674+0000] {dagbag.py:539} INFO - Filling up the DagBag from /home/airflow/.local/lib/python3.8/site-packages/airflow/example_dags/example_dynamic_task_mapping_with_no_taskflow_operators.py
[2024-04-27T14:05:50.684+0000] {processor.py:839} INFO - DAG(s) dict_keys(['example_dynamic_task_mapping_with_no_taskflow_operators']) retrieved from /home/airflow/.local/lib/python3.8/site-packages/airflow/example_dags/example_dynamic_task_mapping_with_no_taskflow_operators.py
[2024-04-27T14:05:50.714+0000] {logging_mixin.py:151} INFO - [2024-04-27T14:05:50.713+0000] {dag.py:2907} INFO - Sync 1 DAGs
[2024-04-27T14:05:50.748+0000] {logging_mixin.py:151} INFO - [2024-04-27T14:05:50.747+0000] {dag.py:3677} INFO - Setting next_dagrun for example_dynamic_task_mapping_with_no_taskflow_operators to 2024-04-26T14:05:50.747345+00:00, run_after=2024-04-27T14:05:50.747345+00:00
[2024-04-27T14:05:50.770+0000] {processor.py:179} INFO - Processing /home/airflow/.local/lib/python3.8/site-packages/airflow/example_dags/example_dynamic_task_mapping_with_no_taskflow_operators.py took 0.105 seconds
[2024-04-27T14:06:21.197+0000] {processor.py:157} INFO - Started process (PID=453) to work on /home/airflow/.local/lib/python3.8/site-packages/airflow/example_dags/example_dynamic_task_mapping_with_no_taskflow_operators.py
[2024-04-27T14:06:21.198+0000] {processor.py:829} INFO - Processing file /home/airflow/.local/lib/python3.8/site-packages/airflow/example_dags/example_dynamic_task_mapping_with_no_taskflow_operators.py for tasks to queue
[2024-04-27T14:06:21.201+0000] {logging_mixin.py:151} INFO - [2024-04-27T14:06:21.201+0000] {dagbag.py:539} INFO - Filling up the DagBag from /home/airflow/.local/lib/python3.8/site-packages/airflow/example_dags/example_dynamic_task_mapping_with_no_taskflow_operators.py
[2024-04-27T14:06:21.210+0000] {processor.py:839} INFO - DAG(s) dict_keys(['example_dynamic_task_mapping_with_no_taskflow_operators']) retrieved from /home/airflow/.local/lib/python3.8/site-packages/airflow/example_dags/example_dynamic_task_mapping_with_no_taskflow_operators.py
[2024-04-27T14:06:21.233+0000] {logging_mixin.py:151} INFO - [2024-04-27T14:06:21.233+0000] {dag.py:2907} INFO - Sync 1 DAGs
[2024-04-27T14:06:21.261+0000] {logging_mixin.py:151} INFO - [2024-04-27T14:06:21.261+0000] {dag.py:3677} INFO - Setting next_dagrun for example_dynamic_task_mapping_with_no_taskflow_operators to 2024-04-26T14:06:21.261027+00:00, run_after=2024-04-27T14:06:21.261027+00:00
[2024-04-27T14:06:21.287+0000] {processor.py:179} INFO - Processing /home/airflow/.local/lib/python3.8/site-packages/airflow/example_dags/example_dynamic_task_mapping_with_no_taskflow_operators.py took 0.094 seconds
[2024-04-27T14:06:51.698+0000] {processor.py:157} INFO - Started process (PID=525) to work on /home/airflow/.local/lib/python3.8/site-packages/airflow/example_dags/example_dynamic_task_mapping_with_no_taskflow_operators.py
[2024-04-27T14:06:51.699+0000] {processor.py:829} INFO - Processing file /home/airflow/.local/lib/python3.8/site-packages/airflow/example_dags/example_dynamic_task_mapping_with_no_taskflow_operators.py for tasks to queue
[2024-04-27T14:06:51.702+0000] {logging_mixin.py:151} INFO - [2024-04-27T14:06:51.702+0000] {dagbag.py:539} INFO - Filling up the DagBag from /home/airflow/.local/lib/python3.8/site-packages/airflow/example_dags/example_dynamic_task_mapping_with_no_taskflow_operators.py
[2024-04-27T14:06:51.709+0000] {processor.py:839} INFO - DAG(s) dict_keys(['example_dynamic_task_mapping_with_no_taskflow_operators']) retrieved from /home/airflow/.local/lib/python3.8/site-packages/airflow/example_dags/example_dynamic_task_mapping_with_no_taskflow_operators.py
[2024-04-27T14:06:51.733+0000] {logging_mixin.py:151} INFO - [2024-04-27T14:06:51.733+0000] {dag.py:2907} INFO - Sync 1 DAGs
[2024-04-27T14:06:51.759+0000] {logging_mixin.py:151} INFO - [2024-04-27T14:06:51.759+0000] {dag.py:3677} INFO - Setting next_dagrun for example_dynamic_task_mapping_with_no_taskflow_operators to 2024-04-26T14:06:51.758940+00:00, run_after=2024-04-27T14:06:51.758940+00:00
[2024-04-27T14:06:51.778+0000] {processor.py:179} INFO - Processing /home/airflow/.local/lib/python3.8/site-packages/airflow/example_dags/example_dynamic_task_mapping_with_no_taskflow_operators.py took 0.084 seconds
[2024-04-27T14:07:22.603+0000] {processor.py:157} INFO - Started process (PID=590) to work on /home/airflow/.local/lib/python3.8/site-packages/airflow/example_dags/example_dynamic_task_mapping_with_no_taskflow_operators.py
[2024-04-27T14:07:22.604+0000] {processor.py:829} INFO - Processing file /home/airflow/.local/lib/python3.8/site-packages/airflow/example_dags/example_dynamic_task_mapping_with_no_taskflow_operators.py for tasks to queue
[2024-04-27T14:07:22.607+0000] {logging_mixin.py:151} INFO - [2024-04-27T14:07:22.607+0000] {dagbag.py:539} INFO - Filling up the DagBag from /home/airflow/.local/lib/python3.8/site-packages/airflow/example_dags/example_dynamic_task_mapping_with_no_taskflow_operators.py
[2024-04-27T14:07:22.615+0000] {processor.py:839} INFO - DAG(s) dict_keys(['example_dynamic_task_mapping_with_no_taskflow_operators']) retrieved from /home/airflow/.local/lib/python3.8/site-packages/airflow/example_dags/example_dynamic_task_mapping_with_no_taskflow_operators.py
[2024-04-27T14:07:22.641+0000] {logging_mixin.py:151} INFO - [2024-04-27T14:07:22.641+0000] {dag.py:2907} INFO - Sync 1 DAGs
[2024-04-27T14:07:22.668+0000] {logging_mixin.py:151} INFO - [2024-04-27T14:07:22.668+0000] {dag.py:3677} INFO - Setting next_dagrun for example_dynamic_task_mapping_with_no_taskflow_operators to 2024-04-26T14:07:22.667877+00:00, run_after=2024-04-27T14:07:22.667877+00:00
[2024-04-27T14:07:22.693+0000] {processor.py:179} INFO - Processing /home/airflow/.local/lib/python3.8/site-packages/airflow/example_dags/example_dynamic_task_mapping_with_no_taskflow_operators.py took 0.094 seconds
[2024-04-27T14:11:46.174+0000] {processor.py:157} INFO - Started process (PID=64) to work on /home/airflow/.local/lib/python3.8/site-packages/airflow/example_dags/example_dynamic_task_mapping_with_no_taskflow_operators.py
[2024-04-27T14:11:46.179+0000] {processor.py:829} INFO - Processing file /home/airflow/.local/lib/python3.8/site-packages/airflow/example_dags/example_dynamic_task_mapping_with_no_taskflow_operators.py for tasks to queue
[2024-04-27T14:11:46.183+0000] {logging_mixin.py:151} INFO - [2024-04-27T14:11:46.183+0000] {dagbag.py:539} INFO - Filling up the DagBag from /home/airflow/.local/lib/python3.8/site-packages/airflow/example_dags/example_dynamic_task_mapping_with_no_taskflow_operators.py
[2024-04-27T14:11:46.220+0000] {processor.py:839} INFO - DAG(s) dict_keys(['example_dynamic_task_mapping_with_no_taskflow_operators']) retrieved from /home/airflow/.local/lib/python3.8/site-packages/airflow/example_dags/example_dynamic_task_mapping_with_no_taskflow_operators.py
[2024-04-27T14:11:46.320+0000] {logging_mixin.py:151} INFO - [2024-04-27T14:11:46.319+0000] {dag.py:2907} INFO - Sync 1 DAGs
[2024-04-27T14:11:46.816+0000] {logging_mixin.py:151} INFO - [2024-04-27T14:11:46.816+0000] {dag.py:3677} INFO - Setting next_dagrun for example_dynamic_task_mapping_with_no_taskflow_operators to 2024-04-26T14:11:46.815954+00:00, run_after=2024-04-27T14:11:46.815954+00:00
[2024-04-27T14:11:46.868+0000] {processor.py:179} INFO - Processing /home/airflow/.local/lib/python3.8/site-packages/airflow/example_dags/example_dynamic_task_mapping_with_no_taskflow_operators.py took 0.701 seconds
[2024-04-27T14:12:17.309+0000] {processor.py:157} INFO - Started process (PID=127) to work on /home/airflow/.local/lib/python3.8/site-packages/airflow/example_dags/example_dynamic_task_mapping_with_no_taskflow_operators.py
[2024-04-27T14:12:17.310+0000] {processor.py:829} INFO - Processing file /home/airflow/.local/lib/python3.8/site-packages/airflow/example_dags/example_dynamic_task_mapping_with_no_taskflow_operators.py for tasks to queue
[2024-04-27T14:12:17.313+0000] {logging_mixin.py:151} INFO - [2024-04-27T14:12:17.313+0000] {dagbag.py:539} INFO - Filling up the DagBag from /home/airflow/.local/lib/python3.8/site-packages/airflow/example_dags/example_dynamic_task_mapping_with_no_taskflow_operators.py
[2024-04-27T14:12:17.322+0000] {processor.py:839} INFO - DAG(s) dict_keys(['example_dynamic_task_mapping_with_no_taskflow_operators']) retrieved from /home/airflow/.local/lib/python3.8/site-packages/airflow/example_dags/example_dynamic_task_mapping_with_no_taskflow_operators.py
[2024-04-27T14:12:17.354+0000] {logging_mixin.py:151} INFO - [2024-04-27T14:12:17.353+0000] {dag.py:2907} INFO - Sync 1 DAGs
[2024-04-27T14:12:17.389+0000] {logging_mixin.py:151} INFO - [2024-04-27T14:12:17.388+0000] {dag.py:3677} INFO - Setting next_dagrun for example_dynamic_task_mapping_with_no_taskflow_operators to 2024-04-26T14:12:17.388604+00:00, run_after=2024-04-27T14:12:17.388604+00:00
[2024-04-27T14:12:17.413+0000] {processor.py:179} INFO - Processing /home/airflow/.local/lib/python3.8/site-packages/airflow/example_dags/example_dynamic_task_mapping_with_no_taskflow_operators.py took 0.108 seconds
[2024-04-27T14:12:47.960+0000] {processor.py:157} INFO - Started process (PID=190) to work on /home/airflow/.local/lib/python3.8/site-packages/airflow/example_dags/example_dynamic_task_mapping_with_no_taskflow_operators.py
[2024-04-27T14:12:47.961+0000] {processor.py:829} INFO - Processing file /home/airflow/.local/lib/python3.8/site-packages/airflow/example_dags/example_dynamic_task_mapping_with_no_taskflow_operators.py for tasks to queue
[2024-04-27T14:12:47.965+0000] {logging_mixin.py:151} INFO - [2024-04-27T14:12:47.964+0000] {dagbag.py:539} INFO - Filling up the DagBag from /home/airflow/.local/lib/python3.8/site-packages/airflow/example_dags/example_dynamic_task_mapping_with_no_taskflow_operators.py
[2024-04-27T14:12:47.973+0000] {processor.py:839} INFO - DAG(s) dict_keys(['example_dynamic_task_mapping_with_no_taskflow_operators']) retrieved from /home/airflow/.local/lib/python3.8/site-packages/airflow/example_dags/example_dynamic_task_mapping_with_no_taskflow_operators.py
[2024-04-27T14:12:48.027+0000] {logging_mixin.py:151} INFO - [2024-04-27T14:12:48.027+0000] {dag.py:2907} INFO - Sync 1 DAGs
[2024-04-27T14:12:48.091+0000] {logging_mixin.py:151} INFO - [2024-04-27T14:12:48.091+0000] {dag.py:3677} INFO - Setting next_dagrun for example_dynamic_task_mapping_with_no_taskflow_operators to 2024-04-26T14:12:48.090976+00:00, run_after=2024-04-27T14:12:48.090976+00:00
[2024-04-27T14:12:48.152+0000] {processor.py:179} INFO - Processing /home/airflow/.local/lib/python3.8/site-packages/airflow/example_dags/example_dynamic_task_mapping_with_no_taskflow_operators.py took 0.200 seconds
[2024-04-27T14:13:18.179+0000] {processor.py:157} INFO - Started process (PID=252) to work on /home/airflow/.local/lib/python3.8/site-packages/airflow/example_dags/example_dynamic_task_mapping_with_no_taskflow_operators.py
[2024-04-27T14:13:18.180+0000] {processor.py:829} INFO - Processing file /home/airflow/.local/lib/python3.8/site-packages/airflow/example_dags/example_dynamic_task_mapping_with_no_taskflow_operators.py for tasks to queue
[2024-04-27T14:13:18.182+0000] {logging_mixin.py:151} INFO - [2024-04-27T14:13:18.182+0000] {dagbag.py:539} INFO - Filling up the DagBag from /home/airflow/.local/lib/python3.8/site-packages/airflow/example_dags/example_dynamic_task_mapping_with_no_taskflow_operators.py
[2024-04-27T14:13:18.189+0000] {processor.py:839} INFO - DAG(s) dict_keys(['example_dynamic_task_mapping_with_no_taskflow_operators']) retrieved from /home/airflow/.local/lib/python3.8/site-packages/airflow/example_dags/example_dynamic_task_mapping_with_no_taskflow_operators.py
[2024-04-27T14:13:18.212+0000] {logging_mixin.py:151} INFO - [2024-04-27T14:13:18.212+0000] {dag.py:2907} INFO - Sync 1 DAGs
[2024-04-27T14:13:18.237+0000] {logging_mixin.py:151} INFO - [2024-04-27T14:13:18.237+0000] {dag.py:3677} INFO - Setting next_dagrun for example_dynamic_task_mapping_with_no_taskflow_operators to 2024-04-26T14:13:18.237382+00:00, run_after=2024-04-27T14:13:18.237382+00:00
[2024-04-27T14:13:18.259+0000] {processor.py:179} INFO - Processing /home/airflow/.local/lib/python3.8/site-packages/airflow/example_dags/example_dynamic_task_mapping_with_no_taskflow_operators.py took 0.084 seconds
[2024-04-27T14:13:48.455+0000] {processor.py:157} INFO - Started process (PID=322) to work on /home/airflow/.local/lib/python3.8/site-packages/airflow/example_dags/example_dynamic_task_mapping_with_no_taskflow_operators.py
[2024-04-27T14:13:48.456+0000] {processor.py:829} INFO - Processing file /home/airflow/.local/lib/python3.8/site-packages/airflow/example_dags/example_dynamic_task_mapping_with_no_taskflow_operators.py for tasks to queue
[2024-04-27T14:13:48.460+0000] {logging_mixin.py:151} INFO - [2024-04-27T14:13:48.459+0000] {dagbag.py:539} INFO - Filling up the DagBag from /home/airflow/.local/lib/python3.8/site-packages/airflow/example_dags/example_dynamic_task_mapping_with_no_taskflow_operators.py
[2024-04-27T14:13:48.469+0000] {processor.py:839} INFO - DAG(s) dict_keys(['example_dynamic_task_mapping_with_no_taskflow_operators']) retrieved from /home/airflow/.local/lib/python3.8/site-packages/airflow/example_dags/example_dynamic_task_mapping_with_no_taskflow_operators.py
[2024-04-27T14:13:48.499+0000] {logging_mixin.py:151} INFO - [2024-04-27T14:13:48.499+0000] {dag.py:2907} INFO - Sync 1 DAGs
[2024-04-27T14:13:48.539+0000] {logging_mixin.py:151} INFO - [2024-04-27T14:13:48.538+0000] {dag.py:3677} INFO - Setting next_dagrun for example_dynamic_task_mapping_with_no_taskflow_operators to 2024-04-26T14:13:48.538419+00:00, run_after=2024-04-27T14:13:48.538419+00:00
[2024-04-27T14:13:48.569+0000] {processor.py:179} INFO - Processing /home/airflow/.local/lib/python3.8/site-packages/airflow/example_dags/example_dynamic_task_mapping_with_no_taskflow_operators.py took 0.119 seconds
[2024-04-27T14:14:18.734+0000] {processor.py:157} INFO - Started process (PID=386) to work on /home/airflow/.local/lib/python3.8/site-packages/airflow/example_dags/example_dynamic_task_mapping_with_no_taskflow_operators.py
[2024-04-27T14:14:18.735+0000] {processor.py:829} INFO - Processing file /home/airflow/.local/lib/python3.8/site-packages/airflow/example_dags/example_dynamic_task_mapping_with_no_taskflow_operators.py for tasks to queue
[2024-04-27T14:14:18.738+0000] {logging_mixin.py:151} INFO - [2024-04-27T14:14:18.738+0000] {dagbag.py:539} INFO - Filling up the DagBag from /home/airflow/.local/lib/python3.8/site-packages/airflow/example_dags/example_dynamic_task_mapping_with_no_taskflow_operators.py
[2024-04-27T14:14:18.747+0000] {processor.py:839} INFO - DAG(s) dict_keys(['example_dynamic_task_mapping_with_no_taskflow_operators']) retrieved from /home/airflow/.local/lib/python3.8/site-packages/airflow/example_dags/example_dynamic_task_mapping_with_no_taskflow_operators.py
[2024-04-27T14:14:18.770+0000] {logging_mixin.py:151} INFO - [2024-04-27T14:14:18.770+0000] {dag.py:2907} INFO - Sync 1 DAGs
[2024-04-27T14:14:18.798+0000] {logging_mixin.py:151} INFO - [2024-04-27T14:14:18.798+0000] {dag.py:3677} INFO - Setting next_dagrun for example_dynamic_task_mapping_with_no_taskflow_operators to 2024-04-26T14:14:18.798004+00:00, run_after=2024-04-27T14:14:18.798004+00:00
[2024-04-27T14:14:18.821+0000] {processor.py:179} INFO - Processing /home/airflow/.local/lib/python3.8/site-packages/airflow/example_dags/example_dynamic_task_mapping_with_no_taskflow_operators.py took 0.092 seconds
[2024-04-27T14:14:49.560+0000] {processor.py:157} INFO - Started process (PID=450) to work on /home/airflow/.local/lib/python3.8/site-packages/airflow/example_dags/example_dynamic_task_mapping_with_no_taskflow_operators.py
[2024-04-27T14:14:49.561+0000] {processor.py:829} INFO - Processing file /home/airflow/.local/lib/python3.8/site-packages/airflow/example_dags/example_dynamic_task_mapping_with_no_taskflow_operators.py for tasks to queue
[2024-04-27T14:14:49.566+0000] {logging_mixin.py:151} INFO - [2024-04-27T14:14:49.565+0000] {dagbag.py:539} INFO - Filling up the DagBag from /home/airflow/.local/lib/python3.8/site-packages/airflow/example_dags/example_dynamic_task_mapping_with_no_taskflow_operators.py
[2024-04-27T14:14:49.573+0000] {processor.py:839} INFO - DAG(s) dict_keys(['example_dynamic_task_mapping_with_no_taskflow_operators']) retrieved from /home/airflow/.local/lib/python3.8/site-packages/airflow/example_dags/example_dynamic_task_mapping_with_no_taskflow_operators.py
[2024-04-27T14:14:49.599+0000] {logging_mixin.py:151} INFO - [2024-04-27T14:14:49.599+0000] {dag.py:2907} INFO - Sync 1 DAGs
[2024-04-27T14:14:49.630+0000] {logging_mixin.py:151} INFO - [2024-04-27T14:14:49.630+0000] {dag.py:3677} INFO - Setting next_dagrun for example_dynamic_task_mapping_with_no_taskflow_operators to 2024-04-26T14:14:49.629562+00:00, run_after=2024-04-27T14:14:49.629562+00:00
[2024-04-27T14:14:49.654+0000] {processor.py:179} INFO - Processing /home/airflow/.local/lib/python3.8/site-packages/airflow/example_dags/example_dynamic_task_mapping_with_no_taskflow_operators.py took 0.099 seconds
[2024-04-27T14:15:20.357+0000] {processor.py:157} INFO - Started process (PID=514) to work on /home/airflow/.local/lib/python3.8/site-packages/airflow/example_dags/example_dynamic_task_mapping_with_no_taskflow_operators.py
[2024-04-27T14:15:20.358+0000] {processor.py:829} INFO - Processing file /home/airflow/.local/lib/python3.8/site-packages/airflow/example_dags/example_dynamic_task_mapping_with_no_taskflow_operators.py for tasks to queue
[2024-04-27T14:15:20.363+0000] {logging_mixin.py:151} INFO - [2024-04-27T14:15:20.362+0000] {dagbag.py:539} INFO - Filling up the DagBag from /home/airflow/.local/lib/python3.8/site-packages/airflow/example_dags/example_dynamic_task_mapping_with_no_taskflow_operators.py
[2024-04-27T14:15:20.371+0000] {processor.py:839} INFO - DAG(s) dict_keys(['example_dynamic_task_mapping_with_no_taskflow_operators']) retrieved from /home/airflow/.local/lib/python3.8/site-packages/airflow/example_dags/example_dynamic_task_mapping_with_no_taskflow_operators.py
[2024-04-27T14:15:20.399+0000] {logging_mixin.py:151} INFO - [2024-04-27T14:15:20.398+0000] {dag.py:2907} INFO - Sync 1 DAGs
[2024-04-27T14:15:20.427+0000] {logging_mixin.py:151} INFO - [2024-04-27T14:15:20.426+0000] {dag.py:3677} INFO - Setting next_dagrun for example_dynamic_task_mapping_with_no_taskflow_operators to 2024-04-26T14:15:20.426557+00:00, run_after=2024-04-27T14:15:20.426557+00:00
[2024-04-27T14:15:20.450+0000] {processor.py:179} INFO - Processing /home/airflow/.local/lib/python3.8/site-packages/airflow/example_dags/example_dynamic_task_mapping_with_no_taskflow_operators.py took 0.097 seconds
[2024-04-27T14:15:51.148+0000] {processor.py:157} INFO - Started process (PID=588) to work on /home/airflow/.local/lib/python3.8/site-packages/airflow/example_dags/example_dynamic_task_mapping_with_no_taskflow_operators.py
[2024-04-27T14:15:51.149+0000] {processor.py:829} INFO - Processing file /home/airflow/.local/lib/python3.8/site-packages/airflow/example_dags/example_dynamic_task_mapping_with_no_taskflow_operators.py for tasks to queue
[2024-04-27T14:15:51.152+0000] {logging_mixin.py:151} INFO - [2024-04-27T14:15:51.152+0000] {dagbag.py:539} INFO - Filling up the DagBag from /home/airflow/.local/lib/python3.8/site-packages/airflow/example_dags/example_dynamic_task_mapping_with_no_taskflow_operators.py
[2024-04-27T14:15:51.162+0000] {processor.py:839} INFO - DAG(s) dict_keys(['example_dynamic_task_mapping_with_no_taskflow_operators']) retrieved from /home/airflow/.local/lib/python3.8/site-packages/airflow/example_dags/example_dynamic_task_mapping_with_no_taskflow_operators.py
[2024-04-27T14:15:51.185+0000] {logging_mixin.py:151} INFO - [2024-04-27T14:15:51.184+0000] {dag.py:2907} INFO - Sync 1 DAGs
[2024-04-27T14:15:51.211+0000] {logging_mixin.py:151} INFO - [2024-04-27T14:15:51.210+0000] {dag.py:3677} INFO - Setting next_dagrun for example_dynamic_task_mapping_with_no_taskflow_operators to 2024-04-26T14:15:51.210592+00:00, run_after=2024-04-27T14:15:51.210592+00:00
[2024-04-27T14:15:51.252+0000] {processor.py:179} INFO - Processing /home/airflow/.local/lib/python3.8/site-packages/airflow/example_dags/example_dynamic_task_mapping_with_no_taskflow_operators.py took 0.109 seconds
[2024-04-27T14:16:21.658+0000] {processor.py:157} INFO - Started process (PID=651) to work on /home/airflow/.local/lib/python3.8/site-packages/airflow/example_dags/example_dynamic_task_mapping_with_no_taskflow_operators.py
[2024-04-27T14:16:21.659+0000] {processor.py:829} INFO - Processing file /home/airflow/.local/lib/python3.8/site-packages/airflow/example_dags/example_dynamic_task_mapping_with_no_taskflow_operators.py for tasks to queue
[2024-04-27T14:16:21.662+0000] {logging_mixin.py:151} INFO - [2024-04-27T14:16:21.662+0000] {dagbag.py:539} INFO - Filling up the DagBag from /home/airflow/.local/lib/python3.8/site-packages/airflow/example_dags/example_dynamic_task_mapping_with_no_taskflow_operators.py
[2024-04-27T14:16:21.670+0000] {processor.py:839} INFO - DAG(s) dict_keys(['example_dynamic_task_mapping_with_no_taskflow_operators']) retrieved from /home/airflow/.local/lib/python3.8/site-packages/airflow/example_dags/example_dynamic_task_mapping_with_no_taskflow_operators.py
[2024-04-27T14:16:21.696+0000] {logging_mixin.py:151} INFO - [2024-04-27T14:16:21.695+0000] {dag.py:2907} INFO - Sync 1 DAGs
[2024-04-27T14:16:21.726+0000] {logging_mixin.py:151} INFO - [2024-04-27T14:16:21.726+0000] {dag.py:3677} INFO - Setting next_dagrun for example_dynamic_task_mapping_with_no_taskflow_operators to 2024-04-26T14:16:21.725756+00:00, run_after=2024-04-27T14:16:21.725756+00:00
[2024-04-27T14:16:21.752+0000] {processor.py:179} INFO - Processing /home/airflow/.local/lib/python3.8/site-packages/airflow/example_dags/example_dynamic_task_mapping_with_no_taskflow_operators.py took 0.098 seconds
[2024-04-27T14:16:52.784+0000] {processor.py:157} INFO - Started process (PID=716) to work on /home/airflow/.local/lib/python3.8/site-packages/airflow/example_dags/example_dynamic_task_mapping_with_no_taskflow_operators.py
[2024-04-27T14:16:52.785+0000] {processor.py:829} INFO - Processing file /home/airflow/.local/lib/python3.8/site-packages/airflow/example_dags/example_dynamic_task_mapping_with_no_taskflow_operators.py for tasks to queue
[2024-04-27T14:16:52.790+0000] {logging_mixin.py:151} INFO - [2024-04-27T14:16:52.789+0000] {dagbag.py:539} INFO - Filling up the DagBag from /home/airflow/.local/lib/python3.8/site-packages/airflow/example_dags/example_dynamic_task_mapping_with_no_taskflow_operators.py
[2024-04-27T14:16:52.800+0000] {processor.py:839} INFO - DAG(s) dict_keys(['example_dynamic_task_mapping_with_no_taskflow_operators']) retrieved from /home/airflow/.local/lib/python3.8/site-packages/airflow/example_dags/example_dynamic_task_mapping_with_no_taskflow_operators.py
[2024-04-27T14:16:52.831+0000] {logging_mixin.py:151} INFO - [2024-04-27T14:16:52.830+0000] {dag.py:2907} INFO - Sync 1 DAGs
[2024-04-27T14:16:52.864+0000] {logging_mixin.py:151} INFO - [2024-04-27T14:16:52.864+0000] {dag.py:3677} INFO - Setting next_dagrun for example_dynamic_task_mapping_with_no_taskflow_operators to 2024-04-26T14:16:52.863778+00:00, run_after=2024-04-27T14:16:52.863778+00:00
[2024-04-27T14:16:52.891+0000] {processor.py:179} INFO - Processing /home/airflow/.local/lib/python3.8/site-packages/airflow/example_dags/example_dynamic_task_mapping_with_no_taskflow_operators.py took 0.115 seconds
[2024-04-27T14:17:23.927+0000] {processor.py:157} INFO - Started process (PID=787) to work on /home/airflow/.local/lib/python3.8/site-packages/airflow/example_dags/example_dynamic_task_mapping_with_no_taskflow_operators.py
[2024-04-27T14:17:23.927+0000] {processor.py:829} INFO - Processing file /home/airflow/.local/lib/python3.8/site-packages/airflow/example_dags/example_dynamic_task_mapping_with_no_taskflow_operators.py for tasks to queue
[2024-04-27T14:17:23.931+0000] {logging_mixin.py:151} INFO - [2024-04-27T14:17:23.931+0000] {dagbag.py:539} INFO - Filling up the DagBag from /home/airflow/.local/lib/python3.8/site-packages/airflow/example_dags/example_dynamic_task_mapping_with_no_taskflow_operators.py
[2024-04-27T14:17:23.938+0000] {processor.py:839} INFO - DAG(s) dict_keys(['example_dynamic_task_mapping_with_no_taskflow_operators']) retrieved from /home/airflow/.local/lib/python3.8/site-packages/airflow/example_dags/example_dynamic_task_mapping_with_no_taskflow_operators.py
[2024-04-27T14:17:23.969+0000] {logging_mixin.py:151} INFO - [2024-04-27T14:17:23.969+0000] {dag.py:2907} INFO - Sync 1 DAGs
[2024-04-27T14:17:24.004+0000] {logging_mixin.py:151} INFO - [2024-04-27T14:17:24.004+0000] {dag.py:3677} INFO - Setting next_dagrun for example_dynamic_task_mapping_with_no_taskflow_operators to 2024-04-26T14:17:24.004302+00:00, run_after=2024-04-27T14:17:24.004302+00:00
[2024-04-27T14:17:24.026+0000] {processor.py:179} INFO - Processing /home/airflow/.local/lib/python3.8/site-packages/airflow/example_dags/example_dynamic_task_mapping_with_no_taskflow_operators.py took 0.103 seconds
[2024-04-27T14:17:55.062+0000] {processor.py:157} INFO - Started process (PID=852) to work on /home/airflow/.local/lib/python3.8/site-packages/airflow/example_dags/example_dynamic_task_mapping_with_no_taskflow_operators.py
[2024-04-27T14:17:55.063+0000] {processor.py:829} INFO - Processing file /home/airflow/.local/lib/python3.8/site-packages/airflow/example_dags/example_dynamic_task_mapping_with_no_taskflow_operators.py for tasks to queue
[2024-04-27T14:17:55.066+0000] {logging_mixin.py:151} INFO - [2024-04-27T14:17:55.066+0000] {dagbag.py:539} INFO - Filling up the DagBag from /home/airflow/.local/lib/python3.8/site-packages/airflow/example_dags/example_dynamic_task_mapping_with_no_taskflow_operators.py
[2024-04-27T14:17:55.075+0000] {processor.py:839} INFO - DAG(s) dict_keys(['example_dynamic_task_mapping_with_no_taskflow_operators']) retrieved from /home/airflow/.local/lib/python3.8/site-packages/airflow/example_dags/example_dynamic_task_mapping_with_no_taskflow_operators.py
[2024-04-27T14:17:55.098+0000] {logging_mixin.py:151} INFO - [2024-04-27T14:17:55.098+0000] {dag.py:2907} INFO - Sync 1 DAGs
[2024-04-27T14:17:55.127+0000] {logging_mixin.py:151} INFO - [2024-04-27T14:17:55.126+0000] {dag.py:3677} INFO - Setting next_dagrun for example_dynamic_task_mapping_with_no_taskflow_operators to 2024-04-26T14:17:55.126630+00:00, run_after=2024-04-27T14:17:55.126630+00:00
[2024-04-27T14:17:55.148+0000] {processor.py:179} INFO - Processing /home/airflow/.local/lib/python3.8/site-packages/airflow/example_dags/example_dynamic_task_mapping_with_no_taskflow_operators.py took 0.090 seconds
[2024-04-27T14:18:25.719+0000] {processor.py:157} INFO - Started process (PID=916) to work on /home/airflow/.local/lib/python3.8/site-packages/airflow/example_dags/example_dynamic_task_mapping_with_no_taskflow_operators.py
[2024-04-27T14:18:25.721+0000] {processor.py:829} INFO - Processing file /home/airflow/.local/lib/python3.8/site-packages/airflow/example_dags/example_dynamic_task_mapping_with_no_taskflow_operators.py for tasks to queue
[2024-04-27T14:18:25.724+0000] {logging_mixin.py:151} INFO - [2024-04-27T14:18:25.724+0000] {dagbag.py:539} INFO - Filling up the DagBag from /home/airflow/.local/lib/python3.8/site-packages/airflow/example_dags/example_dynamic_task_mapping_with_no_taskflow_operators.py
[2024-04-27T14:18:25.757+0000] {processor.py:839} INFO - DAG(s) dict_keys(['example_dynamic_task_mapping_with_no_taskflow_operators']) retrieved from /home/airflow/.local/lib/python3.8/site-packages/airflow/example_dags/example_dynamic_task_mapping_with_no_taskflow_operators.py
[2024-04-27T14:18:25.785+0000] {logging_mixin.py:151} INFO - [2024-04-27T14:18:25.785+0000] {dag.py:2907} INFO - Sync 1 DAGs
[2024-04-27T14:18:25.822+0000] {logging_mixin.py:151} INFO - [2024-04-27T14:18:25.821+0000] {dag.py:3677} INFO - Setting next_dagrun for example_dynamic_task_mapping_with_no_taskflow_operators to 2024-04-26T14:18:25.821443+00:00, run_after=2024-04-27T14:18:25.821443+00:00
[2024-04-27T14:18:25.850+0000] {processor.py:179} INFO - Processing /home/airflow/.local/lib/python3.8/site-packages/airflow/example_dags/example_dynamic_task_mapping_with_no_taskflow_operators.py took 0.136 seconds
[2024-04-27T14:18:56.769+0000] {processor.py:157} INFO - Started process (PID=978) to work on /home/airflow/.local/lib/python3.8/site-packages/airflow/example_dags/example_dynamic_task_mapping_with_no_taskflow_operators.py
[2024-04-27T14:18:56.770+0000] {processor.py:829} INFO - Processing file /home/airflow/.local/lib/python3.8/site-packages/airflow/example_dags/example_dynamic_task_mapping_with_no_taskflow_operators.py for tasks to queue
[2024-04-27T14:18:56.774+0000] {logging_mixin.py:151} INFO - [2024-04-27T14:18:56.773+0000] {dagbag.py:539} INFO - Filling up the DagBag from /home/airflow/.local/lib/python3.8/site-packages/airflow/example_dags/example_dynamic_task_mapping_with_no_taskflow_operators.py
[2024-04-27T14:18:56.783+0000] {processor.py:839} INFO - DAG(s) dict_keys(['example_dynamic_task_mapping_with_no_taskflow_operators']) retrieved from /home/airflow/.local/lib/python3.8/site-packages/airflow/example_dags/example_dynamic_task_mapping_with_no_taskflow_operators.py
[2024-04-27T14:18:56.820+0000] {logging_mixin.py:151} INFO - [2024-04-27T14:18:56.820+0000] {dag.py:2907} INFO - Sync 1 DAGs
[2024-04-27T14:18:56.855+0000] {logging_mixin.py:151} INFO - [2024-04-27T14:18:56.855+0000] {dag.py:3677} INFO - Setting next_dagrun for example_dynamic_task_mapping_with_no_taskflow_operators to 2024-04-26T14:18:56.854879+00:00, run_after=2024-04-27T14:18:56.854879+00:00
[2024-04-27T14:18:56.876+0000] {processor.py:179} INFO - Processing /home/airflow/.local/lib/python3.8/site-packages/airflow/example_dags/example_dynamic_task_mapping_with_no_taskflow_operators.py took 0.112 seconds
[2024-04-27T14:19:27.946+0000] {processor.py:157} INFO - Started process (PID=1049) to work on /home/airflow/.local/lib/python3.8/site-packages/airflow/example_dags/example_dynamic_task_mapping_with_no_taskflow_operators.py
[2024-04-27T14:19:27.948+0000] {processor.py:829} INFO - Processing file /home/airflow/.local/lib/python3.8/site-packages/airflow/example_dags/example_dynamic_task_mapping_with_no_taskflow_operators.py for tasks to queue
[2024-04-27T14:19:27.951+0000] {logging_mixin.py:151} INFO - [2024-04-27T14:19:27.951+0000] {dagbag.py:539} INFO - Filling up the DagBag from /home/airflow/.local/lib/python3.8/site-packages/airflow/example_dags/example_dynamic_task_mapping_with_no_taskflow_operators.py
[2024-04-27T14:19:27.960+0000] {processor.py:839} INFO - DAG(s) dict_keys(['example_dynamic_task_mapping_with_no_taskflow_operators']) retrieved from /home/airflow/.local/lib/python3.8/site-packages/airflow/example_dags/example_dynamic_task_mapping_with_no_taskflow_operators.py
[2024-04-27T14:19:27.992+0000] {logging_mixin.py:151} INFO - [2024-04-27T14:19:27.992+0000] {dag.py:2907} INFO - Sync 1 DAGs
[2024-04-27T14:19:28.028+0000] {logging_mixin.py:151} INFO - [2024-04-27T14:19:28.028+0000] {dag.py:3677} INFO - Setting next_dagrun for example_dynamic_task_mapping_with_no_taskflow_operators to 2024-04-26T14:19:28.027908+00:00, run_after=2024-04-27T14:19:28.027908+00:00
[2024-04-27T14:19:28.056+0000] {processor.py:179} INFO - Processing /home/airflow/.local/lib/python3.8/site-packages/airflow/example_dags/example_dynamic_task_mapping_with_no_taskflow_operators.py took 0.114 seconds
[2024-04-27T14:19:58.889+0000] {processor.py:157} INFO - Started process (PID=1112) to work on /home/airflow/.local/lib/python3.8/site-packages/airflow/example_dags/example_dynamic_task_mapping_with_no_taskflow_operators.py
[2024-04-27T14:19:58.890+0000] {processor.py:829} INFO - Processing file /home/airflow/.local/lib/python3.8/site-packages/airflow/example_dags/example_dynamic_task_mapping_with_no_taskflow_operators.py for tasks to queue
[2024-04-27T14:19:58.894+0000] {logging_mixin.py:151} INFO - [2024-04-27T14:19:58.892+0000] {dagbag.py:539} INFO - Filling up the DagBag from /home/airflow/.local/lib/python3.8/site-packages/airflow/example_dags/example_dynamic_task_mapping_with_no_taskflow_operators.py
[2024-04-27T14:19:58.902+0000] {processor.py:839} INFO - DAG(s) dict_keys(['example_dynamic_task_mapping_with_no_taskflow_operators']) retrieved from /home/airflow/.local/lib/python3.8/site-packages/airflow/example_dags/example_dynamic_task_mapping_with_no_taskflow_operators.py
[2024-04-27T14:19:58.929+0000] {logging_mixin.py:151} INFO - [2024-04-27T14:19:58.928+0000] {dag.py:2907} INFO - Sync 1 DAGs
[2024-04-27T14:19:58.956+0000] {logging_mixin.py:151} INFO - [2024-04-27T14:19:58.956+0000] {dag.py:3677} INFO - Setting next_dagrun for example_dynamic_task_mapping_with_no_taskflow_operators to 2024-04-26T14:19:58.956282+00:00, run_after=2024-04-27T14:19:58.956282+00:00
[2024-04-27T14:19:58.978+0000] {processor.py:179} INFO - Processing /home/airflow/.local/lib/python3.8/site-packages/airflow/example_dags/example_dynamic_task_mapping_with_no_taskflow_operators.py took 0.095 seconds
[2024-04-27T14:20:29.316+0000] {processor.py:157} INFO - Started process (PID=1176) to work on /home/airflow/.local/lib/python3.8/site-packages/airflow/example_dags/example_dynamic_task_mapping_with_no_taskflow_operators.py
[2024-04-27T14:20:29.317+0000] {processor.py:829} INFO - Processing file /home/airflow/.local/lib/python3.8/site-packages/airflow/example_dags/example_dynamic_task_mapping_with_no_taskflow_operators.py for tasks to queue
[2024-04-27T14:20:29.319+0000] {logging_mixin.py:151} INFO - [2024-04-27T14:20:29.319+0000] {dagbag.py:539} INFO - Filling up the DagBag from /home/airflow/.local/lib/python3.8/site-packages/airflow/example_dags/example_dynamic_task_mapping_with_no_taskflow_operators.py
[2024-04-27T14:20:29.326+0000] {processor.py:839} INFO - DAG(s) dict_keys(['example_dynamic_task_mapping_with_no_taskflow_operators']) retrieved from /home/airflow/.local/lib/python3.8/site-packages/airflow/example_dags/example_dynamic_task_mapping_with_no_taskflow_operators.py
[2024-04-27T14:20:29.351+0000] {logging_mixin.py:151} INFO - [2024-04-27T14:20:29.351+0000] {dag.py:2907} INFO - Sync 1 DAGs
[2024-04-27T14:20:29.382+0000] {logging_mixin.py:151} INFO - [2024-04-27T14:20:29.382+0000] {dag.py:3677} INFO - Setting next_dagrun for example_dynamic_task_mapping_with_no_taskflow_operators to 2024-04-26T14:20:29.382390+00:00, run_after=2024-04-27T14:20:29.382390+00:00
[2024-04-27T14:20:29.405+0000] {processor.py:179} INFO - Processing /home/airflow/.local/lib/python3.8/site-packages/airflow/example_dags/example_dynamic_task_mapping_with_no_taskflow_operators.py took 0.093 seconds
[2024-04-27T14:21:00.503+0000] {processor.py:157} INFO - Started process (PID=1248) to work on /home/airflow/.local/lib/python3.8/site-packages/airflow/example_dags/example_dynamic_task_mapping_with_no_taskflow_operators.py
[2024-04-27T14:21:00.504+0000] {processor.py:829} INFO - Processing file /home/airflow/.local/lib/python3.8/site-packages/airflow/example_dags/example_dynamic_task_mapping_with_no_taskflow_operators.py for tasks to queue
[2024-04-27T14:21:00.507+0000] {logging_mixin.py:151} INFO - [2024-04-27T14:21:00.507+0000] {dagbag.py:539} INFO - Filling up the DagBag from /home/airflow/.local/lib/python3.8/site-packages/airflow/example_dags/example_dynamic_task_mapping_with_no_taskflow_operators.py
[2024-04-27T14:21:00.517+0000] {processor.py:839} INFO - DAG(s) dict_keys(['example_dynamic_task_mapping_with_no_taskflow_operators']) retrieved from /home/airflow/.local/lib/python3.8/site-packages/airflow/example_dags/example_dynamic_task_mapping_with_no_taskflow_operators.py
[2024-04-27T14:21:00.550+0000] {logging_mixin.py:151} INFO - [2024-04-27T14:21:00.546+0000] {dag.py:2907} INFO - Sync 1 DAGs
[2024-04-27T14:21:00.657+0000] {logging_mixin.py:151} INFO - [2024-04-27T14:21:00.657+0000] {dag.py:3677} INFO - Setting next_dagrun for example_dynamic_task_mapping_with_no_taskflow_operators to 2024-04-26T14:21:00.656787+00:00, run_after=2024-04-27T14:21:00.656787+00:00
[2024-04-27T14:21:00.722+0000] {processor.py:179} INFO - Processing /home/airflow/.local/lib/python3.8/site-packages/airflow/example_dags/example_dynamic_task_mapping_with_no_taskflow_operators.py took 0.224 seconds
[2024-04-27T14:21:31.761+0000] {processor.py:157} INFO - Started process (PID=1312) to work on /home/airflow/.local/lib/python3.8/site-packages/airflow/example_dags/example_dynamic_task_mapping_with_no_taskflow_operators.py
[2024-04-27T14:21:31.761+0000] {processor.py:829} INFO - Processing file /home/airflow/.local/lib/python3.8/site-packages/airflow/example_dags/example_dynamic_task_mapping_with_no_taskflow_operators.py for tasks to queue
[2024-04-27T14:21:31.764+0000] {logging_mixin.py:151} INFO - [2024-04-27T14:21:31.763+0000] {dagbag.py:539} INFO - Filling up the DagBag from /home/airflow/.local/lib/python3.8/site-packages/airflow/example_dags/example_dynamic_task_mapping_with_no_taskflow_operators.py
[2024-04-27T14:21:31.771+0000] {processor.py:839} INFO - DAG(s) dict_keys(['example_dynamic_task_mapping_with_no_taskflow_operators']) retrieved from /home/airflow/.local/lib/python3.8/site-packages/airflow/example_dags/example_dynamic_task_mapping_with_no_taskflow_operators.py
[2024-04-27T14:21:31.795+0000] {logging_mixin.py:151} INFO - [2024-04-27T14:21:31.794+0000] {dag.py:2907} INFO - Sync 1 DAGs
[2024-04-27T14:21:31.822+0000] {logging_mixin.py:151} INFO - [2024-04-27T14:21:31.822+0000] {dag.py:3677} INFO - Setting next_dagrun for example_dynamic_task_mapping_with_no_taskflow_operators to 2024-04-26T14:21:31.821849+00:00, run_after=2024-04-27T14:21:31.821849+00:00
[2024-04-27T14:21:31.844+0000] {processor.py:179} INFO - Processing /home/airflow/.local/lib/python3.8/site-packages/airflow/example_dags/example_dynamic_task_mapping_with_no_taskflow_operators.py took 0.087 seconds
[2024-04-27T14:22:03.099+0000] {processor.py:157} INFO - Started process (PID=1385) to work on /home/airflow/.local/lib/python3.8/site-packages/airflow/example_dags/example_dynamic_task_mapping_with_no_taskflow_operators.py
[2024-04-27T14:22:03.100+0000] {processor.py:829} INFO - Processing file /home/airflow/.local/lib/python3.8/site-packages/airflow/example_dags/example_dynamic_task_mapping_with_no_taskflow_operators.py for tasks to queue
[2024-04-27T14:22:03.103+0000] {logging_mixin.py:151} INFO - [2024-04-27T14:22:03.103+0000] {dagbag.py:539} INFO - Filling up the DagBag from /home/airflow/.local/lib/python3.8/site-packages/airflow/example_dags/example_dynamic_task_mapping_with_no_taskflow_operators.py
[2024-04-27T14:22:03.113+0000] {processor.py:839} INFO - DAG(s) dict_keys(['example_dynamic_task_mapping_with_no_taskflow_operators']) retrieved from /home/airflow/.local/lib/python3.8/site-packages/airflow/example_dags/example_dynamic_task_mapping_with_no_taskflow_operators.py
[2024-04-27T14:22:03.144+0000] {logging_mixin.py:151} INFO - [2024-04-27T14:22:03.144+0000] {dag.py:2907} INFO - Sync 1 DAGs
[2024-04-27T14:22:03.183+0000] {logging_mixin.py:151} INFO - [2024-04-27T14:22:03.183+0000] {dag.py:3677} INFO - Setting next_dagrun for example_dynamic_task_mapping_with_no_taskflow_operators to 2024-04-26T14:22:03.183265+00:00, run_after=2024-04-27T14:22:03.183265+00:00
[2024-04-27T14:22:03.216+0000] {processor.py:179} INFO - Processing /home/airflow/.local/lib/python3.8/site-packages/airflow/example_dags/example_dynamic_task_mapping_with_no_taskflow_operators.py took 0.123 seconds
[2024-04-27T14:22:34.464+0000] {processor.py:157} INFO - Started process (PID=1450) to work on /home/airflow/.local/lib/python3.8/site-packages/airflow/example_dags/example_dynamic_task_mapping_with_no_taskflow_operators.py
[2024-04-27T14:22:34.465+0000] {processor.py:829} INFO - Processing file /home/airflow/.local/lib/python3.8/site-packages/airflow/example_dags/example_dynamic_task_mapping_with_no_taskflow_operators.py for tasks to queue
[2024-04-27T14:22:34.468+0000] {logging_mixin.py:151} INFO - [2024-04-27T14:22:34.468+0000] {dagbag.py:539} INFO - Filling up the DagBag from /home/airflow/.local/lib/python3.8/site-packages/airflow/example_dags/example_dynamic_task_mapping_with_no_taskflow_operators.py
[2024-04-27T14:22:34.476+0000] {processor.py:839} INFO - DAG(s) dict_keys(['example_dynamic_task_mapping_with_no_taskflow_operators']) retrieved from /home/airflow/.local/lib/python3.8/site-packages/airflow/example_dags/example_dynamic_task_mapping_with_no_taskflow_operators.py
[2024-04-27T14:22:34.502+0000] {logging_mixin.py:151} INFO - [2024-04-27T14:22:34.502+0000] {dag.py:2907} INFO - Sync 1 DAGs
[2024-04-27T14:22:34.534+0000] {logging_mixin.py:151} INFO - [2024-04-27T14:22:34.534+0000] {dag.py:3677} INFO - Setting next_dagrun for example_dynamic_task_mapping_with_no_taskflow_operators to 2024-04-26T14:22:34.534288+00:00, run_after=2024-04-27T14:22:34.534288+00:00
[2024-04-27T14:22:34.559+0000] {processor.py:179} INFO - Processing /home/airflow/.local/lib/python3.8/site-packages/airflow/example_dags/example_dynamic_task_mapping_with_no_taskflow_operators.py took 0.099 seconds
[2024-04-27T14:23:05.896+0000] {processor.py:157} INFO - Started process (PID=1521) to work on /home/airflow/.local/lib/python3.8/site-packages/airflow/example_dags/example_dynamic_task_mapping_with_no_taskflow_operators.py
[2024-04-27T14:23:05.897+0000] {processor.py:829} INFO - Processing file /home/airflow/.local/lib/python3.8/site-packages/airflow/example_dags/example_dynamic_task_mapping_with_no_taskflow_operators.py for tasks to queue
[2024-04-27T14:23:05.900+0000] {logging_mixin.py:151} INFO - [2024-04-27T14:23:05.900+0000] {dagbag.py:539} INFO - Filling up the DagBag from /home/airflow/.local/lib/python3.8/site-packages/airflow/example_dags/example_dynamic_task_mapping_with_no_taskflow_operators.py
[2024-04-27T14:23:05.910+0000] {processor.py:839} INFO - DAG(s) dict_keys(['example_dynamic_task_mapping_with_no_taskflow_operators']) retrieved from /home/airflow/.local/lib/python3.8/site-packages/airflow/example_dags/example_dynamic_task_mapping_with_no_taskflow_operators.py
[2024-04-27T14:23:05.942+0000] {logging_mixin.py:151} INFO - [2024-04-27T14:23:05.942+0000] {dag.py:2907} INFO - Sync 1 DAGs
[2024-04-27T14:23:05.983+0000] {logging_mixin.py:151} INFO - [2024-04-27T14:23:05.983+0000] {dag.py:3677} INFO - Setting next_dagrun for example_dynamic_task_mapping_with_no_taskflow_operators to 2024-04-26T14:23:05.983188+00:00, run_after=2024-04-27T14:23:05.983188+00:00
[2024-04-27T14:23:06.015+0000] {processor.py:179} INFO - Processing /home/airflow/.local/lib/python3.8/site-packages/airflow/example_dags/example_dynamic_task_mapping_with_no_taskflow_operators.py took 0.125 seconds
[2024-04-27T14:23:37.089+0000] {processor.py:157} INFO - Started process (PID=1585) to work on /home/airflow/.local/lib/python3.8/site-packages/airflow/example_dags/example_dynamic_task_mapping_with_no_taskflow_operators.py
[2024-04-27T14:23:37.090+0000] {processor.py:829} INFO - Processing file /home/airflow/.local/lib/python3.8/site-packages/airflow/example_dags/example_dynamic_task_mapping_with_no_taskflow_operators.py for tasks to queue
[2024-04-27T14:23:37.093+0000] {logging_mixin.py:151} INFO - [2024-04-27T14:23:37.092+0000] {dagbag.py:539} INFO - Filling up the DagBag from /home/airflow/.local/lib/python3.8/site-packages/airflow/example_dags/example_dynamic_task_mapping_with_no_taskflow_operators.py
[2024-04-27T14:23:37.103+0000] {processor.py:839} INFO - DAG(s) dict_keys(['example_dynamic_task_mapping_with_no_taskflow_operators']) retrieved from /home/airflow/.local/lib/python3.8/site-packages/airflow/example_dags/example_dynamic_task_mapping_with_no_taskflow_operators.py
[2024-04-27T14:23:37.134+0000] {logging_mixin.py:151} INFO - [2024-04-27T14:23:37.134+0000] {dag.py:2907} INFO - Sync 1 DAGs
[2024-04-27T14:23:37.171+0000] {logging_mixin.py:151} INFO - [2024-04-27T14:23:37.171+0000] {dag.py:3677} INFO - Setting next_dagrun for example_dynamic_task_mapping_with_no_taskflow_operators to 2024-04-26T14:23:37.171245+00:00, run_after=2024-04-27T14:23:37.171245+00:00
[2024-04-27T14:23:37.201+0000] {processor.py:179} INFO - Processing /home/airflow/.local/lib/python3.8/site-packages/airflow/example_dags/example_dynamic_task_mapping_with_no_taskflow_operators.py took 0.118 seconds
[2024-04-27T14:24:07.926+0000] {processor.py:157} INFO - Started process (PID=1650) to work on /home/airflow/.local/lib/python3.8/site-packages/airflow/example_dags/example_dynamic_task_mapping_with_no_taskflow_operators.py
[2024-04-27T14:24:07.927+0000] {processor.py:829} INFO - Processing file /home/airflow/.local/lib/python3.8/site-packages/airflow/example_dags/example_dynamic_task_mapping_with_no_taskflow_operators.py for tasks to queue
[2024-04-27T14:24:07.929+0000] {logging_mixin.py:151} INFO - [2024-04-27T14:24:07.929+0000] {dagbag.py:539} INFO - Filling up the DagBag from /home/airflow/.local/lib/python3.8/site-packages/airflow/example_dags/example_dynamic_task_mapping_with_no_taskflow_operators.py
[2024-04-27T14:24:07.938+0000] {processor.py:839} INFO - DAG(s) dict_keys(['example_dynamic_task_mapping_with_no_taskflow_operators']) retrieved from /home/airflow/.local/lib/python3.8/site-packages/airflow/example_dags/example_dynamic_task_mapping_with_no_taskflow_operators.py
[2024-04-27T14:24:07.967+0000] {logging_mixin.py:151} INFO - [2024-04-27T14:24:07.967+0000] {dag.py:2907} INFO - Sync 1 DAGs
[2024-04-27T14:24:08.009+0000] {logging_mixin.py:151} INFO - [2024-04-27T14:24:08.008+0000] {dag.py:3677} INFO - Setting next_dagrun for example_dynamic_task_mapping_with_no_taskflow_operators to 2024-04-26T14:24:08.008560+00:00, run_after=2024-04-27T14:24:08.008560+00:00
[2024-04-27T14:24:08.040+0000] {processor.py:179} INFO - Processing /home/airflow/.local/lib/python3.8/site-packages/airflow/example_dags/example_dynamic_task_mapping_with_no_taskflow_operators.py took 0.118 seconds
[2024-04-27T14:24:39.435+0000] {processor.py:157} INFO - Started process (PID=1722) to work on /home/airflow/.local/lib/python3.8/site-packages/airflow/example_dags/example_dynamic_task_mapping_with_no_taskflow_operators.py
[2024-04-27T14:24:39.437+0000] {processor.py:829} INFO - Processing file /home/airflow/.local/lib/python3.8/site-packages/airflow/example_dags/example_dynamic_task_mapping_with_no_taskflow_operators.py for tasks to queue
[2024-04-27T14:24:39.440+0000] {logging_mixin.py:151} INFO - [2024-04-27T14:24:39.439+0000] {dagbag.py:539} INFO - Filling up the DagBag from /home/airflow/.local/lib/python3.8/site-packages/airflow/example_dags/example_dynamic_task_mapping_with_no_taskflow_operators.py
[2024-04-27T14:24:39.451+0000] {processor.py:839} INFO - DAG(s) dict_keys(['example_dynamic_task_mapping_with_no_taskflow_operators']) retrieved from /home/airflow/.local/lib/python3.8/site-packages/airflow/example_dags/example_dynamic_task_mapping_with_no_taskflow_operators.py
[2024-04-27T14:24:39.490+0000] {logging_mixin.py:151} INFO - [2024-04-27T14:24:39.490+0000] {dag.py:2907} INFO - Sync 1 DAGs
[2024-04-27T14:24:39.552+0000] {logging_mixin.py:151} INFO - [2024-04-27T14:24:39.552+0000] {dag.py:3677} INFO - Setting next_dagrun for example_dynamic_task_mapping_with_no_taskflow_operators to 2024-04-26T14:24:39.552016+00:00, run_after=2024-04-27T14:24:39.552016+00:00
[2024-04-27T14:24:39.597+0000] {processor.py:179} INFO - Processing /home/airflow/.local/lib/python3.8/site-packages/airflow/example_dags/example_dynamic_task_mapping_with_no_taskflow_operators.py took 0.167 seconds
[2024-04-27T14:25:10.397+0000] {processor.py:157} INFO - Started process (PID=1787) to work on /home/airflow/.local/lib/python3.8/site-packages/airflow/example_dags/example_dynamic_task_mapping_with_no_taskflow_operators.py
[2024-04-27T14:25:10.398+0000] {processor.py:829} INFO - Processing file /home/airflow/.local/lib/python3.8/site-packages/airflow/example_dags/example_dynamic_task_mapping_with_no_taskflow_operators.py for tasks to queue
[2024-04-27T14:25:10.402+0000] {logging_mixin.py:151} INFO - [2024-04-27T14:25:10.401+0000] {dagbag.py:539} INFO - Filling up the DagBag from /home/airflow/.local/lib/python3.8/site-packages/airflow/example_dags/example_dynamic_task_mapping_with_no_taskflow_operators.py
[2024-04-27T14:25:10.412+0000] {processor.py:839} INFO - DAG(s) dict_keys(['example_dynamic_task_mapping_with_no_taskflow_operators']) retrieved from /home/airflow/.local/lib/python3.8/site-packages/airflow/example_dags/example_dynamic_task_mapping_with_no_taskflow_operators.py
[2024-04-27T14:25:10.443+0000] {logging_mixin.py:151} INFO - [2024-04-27T14:25:10.443+0000] {dag.py:2907} INFO - Sync 1 DAGs
[2024-04-27T14:25:10.481+0000] {logging_mixin.py:151} INFO - [2024-04-27T14:25:10.481+0000] {dag.py:3677} INFO - Setting next_dagrun for example_dynamic_task_mapping_with_no_taskflow_operators to 2024-04-26T14:25:10.481267+00:00, run_after=2024-04-27T14:25:10.481267+00:00
[2024-04-27T14:25:10.507+0000] {processor.py:179} INFO - Processing /home/airflow/.local/lib/python3.8/site-packages/airflow/example_dags/example_dynamic_task_mapping_with_no_taskflow_operators.py took 0.115 seconds
[2024-04-27T14:25:41.539+0000] {processor.py:157} INFO - Started process (PID=1860) to work on /home/airflow/.local/lib/python3.8/site-packages/airflow/example_dags/example_dynamic_task_mapping_with_no_taskflow_operators.py
[2024-04-27T14:25:41.540+0000] {processor.py:829} INFO - Processing file /home/airflow/.local/lib/python3.8/site-packages/airflow/example_dags/example_dynamic_task_mapping_with_no_taskflow_operators.py for tasks to queue
[2024-04-27T14:25:41.543+0000] {logging_mixin.py:151} INFO - [2024-04-27T14:25:41.542+0000] {dagbag.py:539} INFO - Filling up the DagBag from /home/airflow/.local/lib/python3.8/site-packages/airflow/example_dags/example_dynamic_task_mapping_with_no_taskflow_operators.py
[2024-04-27T14:25:41.550+0000] {processor.py:839} INFO - DAG(s) dict_keys(['example_dynamic_task_mapping_with_no_taskflow_operators']) retrieved from /home/airflow/.local/lib/python3.8/site-packages/airflow/example_dags/example_dynamic_task_mapping_with_no_taskflow_operators.py
[2024-04-27T14:25:41.573+0000] {logging_mixin.py:151} INFO - [2024-04-27T14:25:41.573+0000] {dag.py:2907} INFO - Sync 1 DAGs
[2024-04-27T14:25:41.606+0000] {logging_mixin.py:151} INFO - [2024-04-27T14:25:41.605+0000] {dag.py:3677} INFO - Setting next_dagrun for example_dynamic_task_mapping_with_no_taskflow_operators to 2024-04-26T14:25:41.605629+00:00, run_after=2024-04-27T14:25:41.605629+00:00
[2024-04-27T14:25:41.636+0000] {processor.py:179} INFO - Processing /home/airflow/.local/lib/python3.8/site-packages/airflow/example_dags/example_dynamic_task_mapping_with_no_taskflow_operators.py took 0.101 seconds
