[2024-04-27T13:44:19.537+0000] {processor.py:153} INFO - Started process (PID=67) to work on /home/airflow/.local/lib/python3.7/site-packages/airflow/example_dags/example_dag_decorator.py
[2024-04-27T13:44:19.538+0000] {processor.py:743} INFO - Processing file /home/airflow/.local/lib/python3.7/site-packages/airflow/example_dags/example_dag_decorator.py for tasks to queue
[2024-04-27T13:44:19.539+0000] {logging_mixin.py:137} INFO - [2024-04-27T13:44:19.539+0000] {dagbag.py:538} INFO - Filling up the DagBag from /home/airflow/.local/lib/python3.7/site-packages/airflow/example_dags/example_dag_decorator.py
[2024-04-27T13:44:19.574+0000] {logging_mixin.py:137} INFO - [2024-04-27T13:44:19.574+0000] {taskmixin.py:205} WARNING - Dependency <Task(_PythonDecoratedOperator): prepare_email>, send_email already registered for DAG: example_dag_decorator
[2024-04-27T13:44:19.574+0000] {logging_mixin.py:137} INFO - [2024-04-27T13:44:19.574+0000] {taskmixin.py:205} WARNING - Dependency <Task(EmailOperator): send_email>, prepare_email already registered for DAG: example_dag_decorator
[2024-04-27T13:44:19.620+0000] {processor.py:753} INFO - DAG(s) dict_keys(['example_dag_decorator']) retrieved from /home/airflow/.local/lib/python3.7/site-packages/airflow/example_dags/example_dag_decorator.py
[2024-04-27T13:44:19.813+0000] {logging_mixin.py:137} INFO - [2024-04-27T13:44:19.813+0000] {dag.py:2690} INFO - Sync 1 DAGs
[2024-04-27T13:44:19.925+0000] {logging_mixin.py:137} INFO - [2024-04-27T13:44:19.925+0000] {dag.py:3441} INFO - Setting next_dagrun for example_dag_decorator to None, run_after=None
[2024-04-27T13:44:19.998+0000] {processor.py:175} INFO - Processing /home/airflow/.local/lib/python3.7/site-packages/airflow/example_dags/example_dag_decorator.py took 0.470 seconds
[2024-04-27T13:44:50.764+0000] {processor.py:153} INFO - Started process (PID=130) to work on /home/airflow/.local/lib/python3.7/site-packages/airflow/example_dags/example_dag_decorator.py
[2024-04-27T13:44:50.765+0000] {processor.py:743} INFO - Processing file /home/airflow/.local/lib/python3.7/site-packages/airflow/example_dags/example_dag_decorator.py for tasks to queue
[2024-04-27T13:44:50.766+0000] {logging_mixin.py:137} INFO - [2024-04-27T13:44:50.766+0000] {dagbag.py:538} INFO - Filling up the DagBag from /home/airflow/.local/lib/python3.7/site-packages/airflow/example_dags/example_dag_decorator.py
[2024-04-27T13:44:50.828+0000] {logging_mixin.py:137} INFO - [2024-04-27T13:44:50.828+0000] {taskmixin.py:205} WARNING - Dependency <Task(_PythonDecoratedOperator): prepare_email>, send_email already registered for DAG: example_dag_decorator
[2024-04-27T13:44:50.829+0000] {logging_mixin.py:137} INFO - [2024-04-27T13:44:50.828+0000] {taskmixin.py:205} WARNING - Dependency <Task(EmailOperator): send_email>, prepare_email already registered for DAG: example_dag_decorator
[2024-04-27T13:44:50.852+0000] {processor.py:753} INFO - DAG(s) dict_keys(['example_dag_decorator']) retrieved from /home/airflow/.local/lib/python3.7/site-packages/airflow/example_dags/example_dag_decorator.py
[2024-04-27T13:44:51.065+0000] {logging_mixin.py:137} INFO - [2024-04-27T13:44:51.064+0000] {dag.py:2690} INFO - Sync 1 DAGs
[2024-04-27T13:44:51.111+0000] {logging_mixin.py:137} INFO - [2024-04-27T13:44:51.111+0000] {dag.py:3441} INFO - Setting next_dagrun for example_dag_decorator to None, run_after=None
[2024-04-27T13:44:51.146+0000] {processor.py:175} INFO - Processing /home/airflow/.local/lib/python3.7/site-packages/airflow/example_dags/example_dag_decorator.py took 0.386 seconds
[2024-04-27T13:45:21.750+0000] {processor.py:153} INFO - Started process (PID=202) to work on /home/airflow/.local/lib/python3.7/site-packages/airflow/example_dags/example_dag_decorator.py
[2024-04-27T13:45:21.752+0000] {processor.py:743} INFO - Processing file /home/airflow/.local/lib/python3.7/site-packages/airflow/example_dags/example_dag_decorator.py for tasks to queue
[2024-04-27T13:45:21.753+0000] {logging_mixin.py:137} INFO - [2024-04-27T13:45:21.753+0000] {dagbag.py:538} INFO - Filling up the DagBag from /home/airflow/.local/lib/python3.7/site-packages/airflow/example_dags/example_dag_decorator.py
[2024-04-27T13:45:21.794+0000] {logging_mixin.py:137} INFO - [2024-04-27T13:45:21.794+0000] {taskmixin.py:205} WARNING - Dependency <Task(_PythonDecoratedOperator): prepare_email>, send_email already registered for DAG: example_dag_decorator
[2024-04-27T13:45:21.795+0000] {logging_mixin.py:137} INFO - [2024-04-27T13:45:21.794+0000] {taskmixin.py:205} WARNING - Dependency <Task(EmailOperator): send_email>, prepare_email already registered for DAG: example_dag_decorator
[2024-04-27T13:45:21.818+0000] {processor.py:753} INFO - DAG(s) dict_keys(['example_dag_decorator']) retrieved from /home/airflow/.local/lib/python3.7/site-packages/airflow/example_dags/example_dag_decorator.py
[2024-04-27T13:45:22.077+0000] {logging_mixin.py:137} INFO - [2024-04-27T13:45:22.076+0000] {dag.py:2690} INFO - Sync 1 DAGs
[2024-04-27T13:45:22.141+0000] {logging_mixin.py:137} INFO - [2024-04-27T13:45:22.141+0000] {dag.py:3441} INFO - Setting next_dagrun for example_dag_decorator to None, run_after=None
[2024-04-27T13:45:22.179+0000] {processor.py:175} INFO - Processing /home/airflow/.local/lib/python3.7/site-packages/airflow/example_dags/example_dag_decorator.py took 0.435 seconds
[2024-04-27T13:45:52.377+0000] {processor.py:153} INFO - Started process (PID=269) to work on /home/airflow/.local/lib/python3.7/site-packages/airflow/example_dags/example_dag_decorator.py
[2024-04-27T13:45:52.380+0000] {processor.py:743} INFO - Processing file /home/airflow/.local/lib/python3.7/site-packages/airflow/example_dags/example_dag_decorator.py for tasks to queue
[2024-04-27T13:45:52.382+0000] {logging_mixin.py:137} INFO - [2024-04-27T13:45:52.382+0000] {dagbag.py:538} INFO - Filling up the DagBag from /home/airflow/.local/lib/python3.7/site-packages/airflow/example_dags/example_dag_decorator.py
[2024-04-27T13:45:52.420+0000] {logging_mixin.py:137} INFO - [2024-04-27T13:45:52.420+0000] {taskmixin.py:205} WARNING - Dependency <Task(_PythonDecoratedOperator): prepare_email>, send_email already registered for DAG: example_dag_decorator
[2024-04-27T13:45:52.420+0000] {logging_mixin.py:137} INFO - [2024-04-27T13:45:52.420+0000] {taskmixin.py:205} WARNING - Dependency <Task(EmailOperator): send_email>, prepare_email already registered for DAG: example_dag_decorator
[2024-04-27T13:45:52.438+0000] {processor.py:753} INFO - DAG(s) dict_keys(['example_dag_decorator']) retrieved from /home/airflow/.local/lib/python3.7/site-packages/airflow/example_dags/example_dag_decorator.py
[2024-04-27T13:45:52.548+0000] {logging_mixin.py:137} INFO - [2024-04-27T13:45:52.548+0000] {dag.py:2690} INFO - Sync 1 DAGs
[2024-04-27T13:45:52.591+0000] {logging_mixin.py:137} INFO - [2024-04-27T13:45:52.591+0000] {dag.py:3441} INFO - Setting next_dagrun for example_dag_decorator to None, run_after=None
[2024-04-27T13:45:52.625+0000] {processor.py:175} INFO - Processing /home/airflow/.local/lib/python3.7/site-packages/airflow/example_dags/example_dag_decorator.py took 0.256 seconds
[2024-04-27T13:46:22.811+0000] {processor.py:153} INFO - Started process (PID=334) to work on /home/airflow/.local/lib/python3.7/site-packages/airflow/example_dags/example_dag_decorator.py
[2024-04-27T13:46:22.812+0000] {processor.py:743} INFO - Processing file /home/airflow/.local/lib/python3.7/site-packages/airflow/example_dags/example_dag_decorator.py for tasks to queue
[2024-04-27T13:46:22.813+0000] {logging_mixin.py:137} INFO - [2024-04-27T13:46:22.813+0000] {dagbag.py:538} INFO - Filling up the DagBag from /home/airflow/.local/lib/python3.7/site-packages/airflow/example_dags/example_dag_decorator.py
[2024-04-27T13:46:22.851+0000] {logging_mixin.py:137} INFO - [2024-04-27T13:46:22.851+0000] {taskmixin.py:205} WARNING - Dependency <Task(_PythonDecoratedOperator): prepare_email>, send_email already registered for DAG: example_dag_decorator
[2024-04-27T13:46:22.851+0000] {logging_mixin.py:137} INFO - [2024-04-27T13:46:22.851+0000] {taskmixin.py:205} WARNING - Dependency <Task(EmailOperator): send_email>, prepare_email already registered for DAG: example_dag_decorator
[2024-04-27T13:46:22.876+0000] {processor.py:753} INFO - DAG(s) dict_keys(['example_dag_decorator']) retrieved from /home/airflow/.local/lib/python3.7/site-packages/airflow/example_dags/example_dag_decorator.py
[2024-04-27T13:46:23.008+0000] {logging_mixin.py:137} INFO - [2024-04-27T13:46:23.007+0000] {dag.py:2690} INFO - Sync 1 DAGs
[2024-04-27T13:46:23.057+0000] {logging_mixin.py:137} INFO - [2024-04-27T13:46:23.057+0000] {dag.py:3441} INFO - Setting next_dagrun for example_dag_decorator to None, run_after=None
[2024-04-27T13:46:23.085+0000] {processor.py:175} INFO - Processing /home/airflow/.local/lib/python3.7/site-packages/airflow/example_dags/example_dag_decorator.py took 0.281 seconds
[2024-04-27T13:46:53.130+0000] {processor.py:153} INFO - Started process (PID=397) to work on /home/airflow/.local/lib/python3.7/site-packages/airflow/example_dags/example_dag_decorator.py
[2024-04-27T13:46:53.132+0000] {processor.py:743} INFO - Processing file /home/airflow/.local/lib/python3.7/site-packages/airflow/example_dags/example_dag_decorator.py for tasks to queue
[2024-04-27T13:46:53.133+0000] {logging_mixin.py:137} INFO - [2024-04-27T13:46:53.133+0000] {dagbag.py:538} INFO - Filling up the DagBag from /home/airflow/.local/lib/python3.7/site-packages/airflow/example_dags/example_dag_decorator.py
[2024-04-27T13:46:53.161+0000] {logging_mixin.py:137} INFO - [2024-04-27T13:46:53.160+0000] {taskmixin.py:205} WARNING - Dependency <Task(_PythonDecoratedOperator): prepare_email>, send_email already registered for DAG: example_dag_decorator
[2024-04-27T13:46:53.161+0000] {logging_mixin.py:137} INFO - [2024-04-27T13:46:53.161+0000] {taskmixin.py:205} WARNING - Dependency <Task(EmailOperator): send_email>, prepare_email already registered for DAG: example_dag_decorator
[2024-04-27T13:46:53.185+0000] {processor.py:753} INFO - DAG(s) dict_keys(['example_dag_decorator']) retrieved from /home/airflow/.local/lib/python3.7/site-packages/airflow/example_dags/example_dag_decorator.py
[2024-04-27T13:46:53.313+0000] {logging_mixin.py:137} INFO - [2024-04-27T13:46:53.313+0000] {dag.py:2690} INFO - Sync 1 DAGs
[2024-04-27T13:46:53.361+0000] {logging_mixin.py:137} INFO - [2024-04-27T13:46:53.361+0000] {dag.py:3441} INFO - Setting next_dagrun for example_dag_decorator to None, run_after=None
[2024-04-27T13:46:53.391+0000] {processor.py:175} INFO - Processing /home/airflow/.local/lib/python3.7/site-packages/airflow/example_dags/example_dag_decorator.py took 0.266 seconds
[2024-04-27T13:47:23.668+0000] {processor.py:153} INFO - Started process (PID=461) to work on /home/airflow/.local/lib/python3.7/site-packages/airflow/example_dags/example_dag_decorator.py
[2024-04-27T13:47:23.669+0000] {processor.py:743} INFO - Processing file /home/airflow/.local/lib/python3.7/site-packages/airflow/example_dags/example_dag_decorator.py for tasks to queue
[2024-04-27T13:47:23.670+0000] {logging_mixin.py:137} INFO - [2024-04-27T13:47:23.670+0000] {dagbag.py:538} INFO - Filling up the DagBag from /home/airflow/.local/lib/python3.7/site-packages/airflow/example_dags/example_dag_decorator.py
[2024-04-27T13:47:23.702+0000] {logging_mixin.py:137} INFO - [2024-04-27T13:47:23.702+0000] {taskmixin.py:205} WARNING - Dependency <Task(_PythonDecoratedOperator): prepare_email>, send_email already registered for DAG: example_dag_decorator
[2024-04-27T13:47:23.703+0000] {logging_mixin.py:137} INFO - [2024-04-27T13:47:23.703+0000] {taskmixin.py:205} WARNING - Dependency <Task(EmailOperator): send_email>, prepare_email already registered for DAG: example_dag_decorator
[2024-04-27T13:47:23.725+0000] {processor.py:753} INFO - DAG(s) dict_keys(['example_dag_decorator']) retrieved from /home/airflow/.local/lib/python3.7/site-packages/airflow/example_dags/example_dag_decorator.py
[2024-04-27T13:47:23.862+0000] {logging_mixin.py:137} INFO - [2024-04-27T13:47:23.862+0000] {dag.py:2690} INFO - Sync 1 DAGs
[2024-04-27T13:47:23.911+0000] {logging_mixin.py:137} INFO - [2024-04-27T13:47:23.911+0000] {dag.py:3441} INFO - Setting next_dagrun for example_dag_decorator to None, run_after=None
[2024-04-27T13:47:23.946+0000] {processor.py:175} INFO - Processing /home/airflow/.local/lib/python3.7/site-packages/airflow/example_dags/example_dag_decorator.py took 0.285 seconds
[2024-04-27T13:47:54.304+0000] {processor.py:153} INFO - Started process (PID=534) to work on /home/airflow/.local/lib/python3.7/site-packages/airflow/example_dags/example_dag_decorator.py
[2024-04-27T13:47:54.305+0000] {processor.py:743} INFO - Processing file /home/airflow/.local/lib/python3.7/site-packages/airflow/example_dags/example_dag_decorator.py for tasks to queue
[2024-04-27T13:47:54.306+0000] {logging_mixin.py:137} INFO - [2024-04-27T13:47:54.306+0000] {dagbag.py:538} INFO - Filling up the DagBag from /home/airflow/.local/lib/python3.7/site-packages/airflow/example_dags/example_dag_decorator.py
[2024-04-27T13:47:54.337+0000] {logging_mixin.py:137} INFO - [2024-04-27T13:47:54.337+0000] {taskmixin.py:205} WARNING - Dependency <Task(_PythonDecoratedOperator): prepare_email>, send_email already registered for DAG: example_dag_decorator
[2024-04-27T13:47:54.337+0000] {logging_mixin.py:137} INFO - [2024-04-27T13:47:54.337+0000] {taskmixin.py:205} WARNING - Dependency <Task(EmailOperator): send_email>, prepare_email already registered for DAG: example_dag_decorator
[2024-04-27T13:47:54.360+0000] {processor.py:753} INFO - DAG(s) dict_keys(['example_dag_decorator']) retrieved from /home/airflow/.local/lib/python3.7/site-packages/airflow/example_dags/example_dag_decorator.py
[2024-04-27T13:47:54.597+0000] {logging_mixin.py:137} INFO - [2024-04-27T13:47:54.596+0000] {dag.py:2690} INFO - Sync 1 DAGs
[2024-04-27T13:47:54.652+0000] {logging_mixin.py:137} INFO - [2024-04-27T13:47:54.652+0000] {dag.py:3441} INFO - Setting next_dagrun for example_dag_decorator to None, run_after=None
[2024-04-27T13:47:54.689+0000] {processor.py:175} INFO - Processing /home/airflow/.local/lib/python3.7/site-packages/airflow/example_dags/example_dag_decorator.py took 0.397 seconds
[2024-04-27T13:48:24.919+0000] {processor.py:153} INFO - Started process (PID=602) to work on /home/airflow/.local/lib/python3.7/site-packages/airflow/example_dags/example_dag_decorator.py
[2024-04-27T13:48:24.920+0000] {processor.py:743} INFO - Processing file /home/airflow/.local/lib/python3.7/site-packages/airflow/example_dags/example_dag_decorator.py for tasks to queue
[2024-04-27T13:48:24.921+0000] {logging_mixin.py:137} INFO - [2024-04-27T13:48:24.921+0000] {dagbag.py:538} INFO - Filling up the DagBag from /home/airflow/.local/lib/python3.7/site-packages/airflow/example_dags/example_dag_decorator.py
[2024-04-27T13:48:24.953+0000] {logging_mixin.py:137} INFO - [2024-04-27T13:48:24.952+0000] {taskmixin.py:205} WARNING - Dependency <Task(_PythonDecoratedOperator): prepare_email>, send_email already registered for DAG: example_dag_decorator
[2024-04-27T13:48:24.953+0000] {logging_mixin.py:137} INFO - [2024-04-27T13:48:24.953+0000] {taskmixin.py:205} WARNING - Dependency <Task(EmailOperator): send_email>, prepare_email already registered for DAG: example_dag_decorator
[2024-04-27T13:48:24.982+0000] {processor.py:753} INFO - DAG(s) dict_keys(['example_dag_decorator']) retrieved from /home/airflow/.local/lib/python3.7/site-packages/airflow/example_dags/example_dag_decorator.py
[2024-04-27T13:48:25.166+0000] {logging_mixin.py:137} INFO - [2024-04-27T13:48:25.166+0000] {dag.py:2690} INFO - Sync 1 DAGs
[2024-04-27T13:48:25.227+0000] {logging_mixin.py:137} INFO - [2024-04-27T13:48:25.226+0000] {dag.py:3441} INFO - Setting next_dagrun for example_dag_decorator to None, run_after=None
[2024-04-27T13:48:25.282+0000] {processor.py:175} INFO - Processing /home/airflow/.local/lib/python3.7/site-packages/airflow/example_dags/example_dag_decorator.py took 0.367 seconds
[2024-04-27T13:48:55.464+0000] {processor.py:153} INFO - Started process (PID=666) to work on /home/airflow/.local/lib/python3.7/site-packages/airflow/example_dags/example_dag_decorator.py
[2024-04-27T13:48:55.465+0000] {processor.py:743} INFO - Processing file /home/airflow/.local/lib/python3.7/site-packages/airflow/example_dags/example_dag_decorator.py for tasks to queue
[2024-04-27T13:48:55.465+0000] {logging_mixin.py:137} INFO - [2024-04-27T13:48:55.465+0000] {dagbag.py:538} INFO - Filling up the DagBag from /home/airflow/.local/lib/python3.7/site-packages/airflow/example_dags/example_dag_decorator.py
[2024-04-27T13:48:55.488+0000] {logging_mixin.py:137} INFO - [2024-04-27T13:48:55.488+0000] {taskmixin.py:205} WARNING - Dependency <Task(_PythonDecoratedOperator): prepare_email>, send_email already registered for DAG: example_dag_decorator
[2024-04-27T13:48:55.488+0000] {logging_mixin.py:137} INFO - [2024-04-27T13:48:55.488+0000] {taskmixin.py:205} WARNING - Dependency <Task(EmailOperator): send_email>, prepare_email already registered for DAG: example_dag_decorator
[2024-04-27T13:48:55.504+0000] {processor.py:753} INFO - DAG(s) dict_keys(['example_dag_decorator']) retrieved from /home/airflow/.local/lib/python3.7/site-packages/airflow/example_dags/example_dag_decorator.py
[2024-04-27T13:48:55.600+0000] {logging_mixin.py:137} INFO - [2024-04-27T13:48:55.600+0000] {dag.py:2690} INFO - Sync 1 DAGs
[2024-04-27T13:48:55.633+0000] {logging_mixin.py:137} INFO - [2024-04-27T13:48:55.633+0000] {dag.py:3441} INFO - Setting next_dagrun for example_dag_decorator to None, run_after=None
[2024-04-27T13:48:55.661+0000] {processor.py:175} INFO - Processing /home/airflow/.local/lib/python3.7/site-packages/airflow/example_dags/example_dag_decorator.py took 0.201 seconds
[2024-04-27T13:49:26.156+0000] {processor.py:153} INFO - Started process (PID=730) to work on /home/airflow/.local/lib/python3.7/site-packages/airflow/example_dags/example_dag_decorator.py
[2024-04-27T13:49:26.157+0000] {processor.py:743} INFO - Processing file /home/airflow/.local/lib/python3.7/site-packages/airflow/example_dags/example_dag_decorator.py for tasks to queue
[2024-04-27T13:49:26.158+0000] {logging_mixin.py:137} INFO - [2024-04-27T13:49:26.158+0000] {dagbag.py:538} INFO - Filling up the DagBag from /home/airflow/.local/lib/python3.7/site-packages/airflow/example_dags/example_dag_decorator.py
[2024-04-27T13:49:26.183+0000] {logging_mixin.py:137} INFO - [2024-04-27T13:49:26.182+0000] {taskmixin.py:205} WARNING - Dependency <Task(_PythonDecoratedOperator): prepare_email>, send_email already registered for DAG: example_dag_decorator
[2024-04-27T13:49:26.184+0000] {logging_mixin.py:137} INFO - [2024-04-27T13:49:26.184+0000] {taskmixin.py:205} WARNING - Dependency <Task(EmailOperator): send_email>, prepare_email already registered for DAG: example_dag_decorator
[2024-04-27T13:49:26.207+0000] {processor.py:753} INFO - DAG(s) dict_keys(['example_dag_decorator']) retrieved from /home/airflow/.local/lib/python3.7/site-packages/airflow/example_dags/example_dag_decorator.py
[2024-04-27T13:49:26.370+0000] {logging_mixin.py:137} INFO - [2024-04-27T13:49:26.370+0000] {dag.py:2690} INFO - Sync 1 DAGs
[2024-04-27T13:49:26.419+0000] {logging_mixin.py:137} INFO - [2024-04-27T13:49:26.419+0000] {dag.py:3441} INFO - Setting next_dagrun for example_dag_decorator to None, run_after=None
[2024-04-27T13:49:26.456+0000] {processor.py:175} INFO - Processing /home/airflow/.local/lib/python3.7/site-packages/airflow/example_dags/example_dag_decorator.py took 0.305 seconds
[2024-04-27T13:49:56.627+0000] {processor.py:153} INFO - Started process (PID=793) to work on /home/airflow/.local/lib/python3.7/site-packages/airflow/example_dags/example_dag_decorator.py
[2024-04-27T13:49:56.628+0000] {processor.py:743} INFO - Processing file /home/airflow/.local/lib/python3.7/site-packages/airflow/example_dags/example_dag_decorator.py for tasks to queue
[2024-04-27T13:49:56.629+0000] {logging_mixin.py:137} INFO - [2024-04-27T13:49:56.629+0000] {dagbag.py:538} INFO - Filling up the DagBag from /home/airflow/.local/lib/python3.7/site-packages/airflow/example_dags/example_dag_decorator.py
[2024-04-27T13:49:56.652+0000] {logging_mixin.py:137} INFO - [2024-04-27T13:49:56.652+0000] {taskmixin.py:205} WARNING - Dependency <Task(_PythonDecoratedOperator): prepare_email>, send_email already registered for DAG: example_dag_decorator
[2024-04-27T13:49:56.653+0000] {logging_mixin.py:137} INFO - [2024-04-27T13:49:56.652+0000] {taskmixin.py:205} WARNING - Dependency <Task(EmailOperator): send_email>, prepare_email already registered for DAG: example_dag_decorator
[2024-04-27T13:49:56.671+0000] {processor.py:753} INFO - DAG(s) dict_keys(['example_dag_decorator']) retrieved from /home/airflow/.local/lib/python3.7/site-packages/airflow/example_dags/example_dag_decorator.py
[2024-04-27T13:49:56.846+0000] {logging_mixin.py:137} INFO - [2024-04-27T13:49:56.846+0000] {dag.py:2690} INFO - Sync 1 DAGs
[2024-04-27T13:49:56.899+0000] {logging_mixin.py:137} INFO - [2024-04-27T13:49:56.899+0000] {dag.py:3441} INFO - Setting next_dagrun for example_dag_decorator to None, run_after=None
[2024-04-27T13:49:56.944+0000] {processor.py:175} INFO - Processing /home/airflow/.local/lib/python3.7/site-packages/airflow/example_dags/example_dag_decorator.py took 0.321 seconds
[2024-04-27T13:50:27.258+0000] {processor.py:153} INFO - Started process (PID=867) to work on /home/airflow/.local/lib/python3.7/site-packages/airflow/example_dags/example_dag_decorator.py
[2024-04-27T13:50:27.259+0000] {processor.py:743} INFO - Processing file /home/airflow/.local/lib/python3.7/site-packages/airflow/example_dags/example_dag_decorator.py for tasks to queue
[2024-04-27T13:50:27.260+0000] {logging_mixin.py:137} INFO - [2024-04-27T13:50:27.260+0000] {dagbag.py:538} INFO - Filling up the DagBag from /home/airflow/.local/lib/python3.7/site-packages/airflow/example_dags/example_dag_decorator.py
[2024-04-27T13:50:27.292+0000] {logging_mixin.py:137} INFO - [2024-04-27T13:50:27.291+0000] {taskmixin.py:205} WARNING - Dependency <Task(_PythonDecoratedOperator): prepare_email>, send_email already registered for DAG: example_dag_decorator
[2024-04-27T13:50:27.292+0000] {logging_mixin.py:137} INFO - [2024-04-27T13:50:27.292+0000] {taskmixin.py:205} WARNING - Dependency <Task(EmailOperator): send_email>, prepare_email already registered for DAG: example_dag_decorator
[2024-04-27T13:50:27.316+0000] {processor.py:753} INFO - DAG(s) dict_keys(['example_dag_decorator']) retrieved from /home/airflow/.local/lib/python3.7/site-packages/airflow/example_dags/example_dag_decorator.py
[2024-04-27T13:50:27.460+0000] {logging_mixin.py:137} INFO - [2024-04-27T13:50:27.460+0000] {dag.py:2690} INFO - Sync 1 DAGs
[2024-04-27T13:50:27.505+0000] {logging_mixin.py:137} INFO - [2024-04-27T13:50:27.505+0000] {dag.py:3441} INFO - Setting next_dagrun for example_dag_decorator to None, run_after=None
[2024-04-27T13:50:27.540+0000] {processor.py:175} INFO - Processing /home/airflow/.local/lib/python3.7/site-packages/airflow/example_dags/example_dag_decorator.py took 0.287 seconds
[2024-04-27T13:50:58.136+0000] {processor.py:153} INFO - Started process (PID=930) to work on /home/airflow/.local/lib/python3.7/site-packages/airflow/example_dags/example_dag_decorator.py
[2024-04-27T13:50:58.137+0000] {processor.py:743} INFO - Processing file /home/airflow/.local/lib/python3.7/site-packages/airflow/example_dags/example_dag_decorator.py for tasks to queue
[2024-04-27T13:50:58.138+0000] {logging_mixin.py:137} INFO - [2024-04-27T13:50:58.138+0000] {dagbag.py:538} INFO - Filling up the DagBag from /home/airflow/.local/lib/python3.7/site-packages/airflow/example_dags/example_dag_decorator.py
[2024-04-27T13:50:58.168+0000] {logging_mixin.py:137} INFO - [2024-04-27T13:50:58.168+0000] {taskmixin.py:205} WARNING - Dependency <Task(_PythonDecoratedOperator): prepare_email>, send_email already registered for DAG: example_dag_decorator
[2024-04-27T13:50:58.168+0000] {logging_mixin.py:137} INFO - [2024-04-27T13:50:58.168+0000] {taskmixin.py:205} WARNING - Dependency <Task(EmailOperator): send_email>, prepare_email already registered for DAG: example_dag_decorator
[2024-04-27T13:50:58.188+0000] {processor.py:753} INFO - DAG(s) dict_keys(['example_dag_decorator']) retrieved from /home/airflow/.local/lib/python3.7/site-packages/airflow/example_dags/example_dag_decorator.py
[2024-04-27T13:50:58.310+0000] {logging_mixin.py:137} INFO - [2024-04-27T13:50:58.309+0000] {dag.py:2690} INFO - Sync 1 DAGs
[2024-04-27T13:50:58.357+0000] {logging_mixin.py:137} INFO - [2024-04-27T13:50:58.357+0000] {dag.py:3441} INFO - Setting next_dagrun for example_dag_decorator to None, run_after=None
[2024-04-27T13:50:58.388+0000] {processor.py:175} INFO - Processing /home/airflow/.local/lib/python3.7/site-packages/airflow/example_dags/example_dag_decorator.py took 0.257 seconds
[2024-04-27T13:51:29.049+0000] {processor.py:153} INFO - Started process (PID=994) to work on /home/airflow/.local/lib/python3.7/site-packages/airflow/example_dags/example_dag_decorator.py
[2024-04-27T13:51:29.051+0000] {processor.py:743} INFO - Processing file /home/airflow/.local/lib/python3.7/site-packages/airflow/example_dags/example_dag_decorator.py for tasks to queue
[2024-04-27T13:51:29.052+0000] {logging_mixin.py:137} INFO - [2024-04-27T13:51:29.051+0000] {dagbag.py:538} INFO - Filling up the DagBag from /home/airflow/.local/lib/python3.7/site-packages/airflow/example_dags/example_dag_decorator.py
[2024-04-27T13:51:29.086+0000] {logging_mixin.py:137} INFO - [2024-04-27T13:51:29.086+0000] {taskmixin.py:205} WARNING - Dependency <Task(_PythonDecoratedOperator): prepare_email>, send_email already registered for DAG: example_dag_decorator
[2024-04-27T13:51:29.086+0000] {logging_mixin.py:137} INFO - [2024-04-27T13:51:29.086+0000] {taskmixin.py:205} WARNING - Dependency <Task(EmailOperator): send_email>, prepare_email already registered for DAG: example_dag_decorator
[2024-04-27T13:51:29.108+0000] {processor.py:753} INFO - DAG(s) dict_keys(['example_dag_decorator']) retrieved from /home/airflow/.local/lib/python3.7/site-packages/airflow/example_dags/example_dag_decorator.py
[2024-04-27T13:51:29.256+0000] {logging_mixin.py:137} INFO - [2024-04-27T13:51:29.256+0000] {dag.py:2690} INFO - Sync 1 DAGs
[2024-04-27T13:51:29.306+0000] {logging_mixin.py:137} INFO - [2024-04-27T13:51:29.306+0000] {dag.py:3441} INFO - Setting next_dagrun for example_dag_decorator to None, run_after=None
[2024-04-27T13:51:29.353+0000] {processor.py:175} INFO - Processing /home/airflow/.local/lib/python3.7/site-packages/airflow/example_dags/example_dag_decorator.py took 0.308 seconds
[2024-04-27T13:51:59.499+0000] {processor.py:153} INFO - Started process (PID=1057) to work on /home/airflow/.local/lib/python3.7/site-packages/airflow/example_dags/example_dag_decorator.py
[2024-04-27T13:51:59.500+0000] {processor.py:743} INFO - Processing file /home/airflow/.local/lib/python3.7/site-packages/airflow/example_dags/example_dag_decorator.py for tasks to queue
[2024-04-27T13:51:59.501+0000] {logging_mixin.py:137} INFO - [2024-04-27T13:51:59.501+0000] {dagbag.py:538} INFO - Filling up the DagBag from /home/airflow/.local/lib/python3.7/site-packages/airflow/example_dags/example_dag_decorator.py
[2024-04-27T13:51:59.532+0000] {logging_mixin.py:137} INFO - [2024-04-27T13:51:59.532+0000] {taskmixin.py:205} WARNING - Dependency <Task(_PythonDecoratedOperator): prepare_email>, send_email already registered for DAG: example_dag_decorator
[2024-04-27T13:51:59.533+0000] {logging_mixin.py:137} INFO - [2024-04-27T13:51:59.533+0000] {taskmixin.py:205} WARNING - Dependency <Task(EmailOperator): send_email>, prepare_email already registered for DAG: example_dag_decorator
[2024-04-27T13:51:59.555+0000] {processor.py:753} INFO - DAG(s) dict_keys(['example_dag_decorator']) retrieved from /home/airflow/.local/lib/python3.7/site-packages/airflow/example_dags/example_dag_decorator.py
[2024-04-27T13:51:59.733+0000] {logging_mixin.py:137} INFO - [2024-04-27T13:51:59.733+0000] {dag.py:2690} INFO - Sync 1 DAGs
[2024-04-27T13:51:59.783+0000] {logging_mixin.py:137} INFO - [2024-04-27T13:51:59.783+0000] {dag.py:3441} INFO - Setting next_dagrun for example_dag_decorator to None, run_after=None
[2024-04-27T13:51:59.820+0000] {processor.py:175} INFO - Processing /home/airflow/.local/lib/python3.7/site-packages/airflow/example_dags/example_dag_decorator.py took 0.325 seconds
[2024-04-27T13:52:30.238+0000] {processor.py:153} INFO - Started process (PID=1133) to work on /home/airflow/.local/lib/python3.7/site-packages/airflow/example_dags/example_dag_decorator.py
[2024-04-27T13:52:30.240+0000] {processor.py:743} INFO - Processing file /home/airflow/.local/lib/python3.7/site-packages/airflow/example_dags/example_dag_decorator.py for tasks to queue
[2024-04-27T13:52:30.241+0000] {logging_mixin.py:137} INFO - [2024-04-27T13:52:30.240+0000] {dagbag.py:538} INFO - Filling up the DagBag from /home/airflow/.local/lib/python3.7/site-packages/airflow/example_dags/example_dag_decorator.py
[2024-04-27T13:52:30.266+0000] {logging_mixin.py:137} INFO - [2024-04-27T13:52:30.266+0000] {taskmixin.py:205} WARNING - Dependency <Task(_PythonDecoratedOperator): prepare_email>, send_email already registered for DAG: example_dag_decorator
[2024-04-27T13:52:30.267+0000] {logging_mixin.py:137} INFO - [2024-04-27T13:52:30.267+0000] {taskmixin.py:205} WARNING - Dependency <Task(EmailOperator): send_email>, prepare_email already registered for DAG: example_dag_decorator
[2024-04-27T13:52:30.282+0000] {processor.py:753} INFO - DAG(s) dict_keys(['example_dag_decorator']) retrieved from /home/airflow/.local/lib/python3.7/site-packages/airflow/example_dags/example_dag_decorator.py
[2024-04-27T13:52:30.417+0000] {logging_mixin.py:137} INFO - [2024-04-27T13:52:30.417+0000] {dag.py:2690} INFO - Sync 1 DAGs
[2024-04-27T13:52:30.467+0000] {logging_mixin.py:137} INFO - [2024-04-27T13:52:30.467+0000] {dag.py:3441} INFO - Setting next_dagrun for example_dag_decorator to None, run_after=None
[2024-04-27T13:52:30.512+0000] {processor.py:175} INFO - Processing /home/airflow/.local/lib/python3.7/site-packages/airflow/example_dags/example_dag_decorator.py took 0.283 seconds
[2024-04-27T13:53:00.928+0000] {processor.py:153} INFO - Started process (PID=1195) to work on /home/airflow/.local/lib/python3.7/site-packages/airflow/example_dags/example_dag_decorator.py
[2024-04-27T13:53:00.929+0000] {processor.py:743} INFO - Processing file /home/airflow/.local/lib/python3.7/site-packages/airflow/example_dags/example_dag_decorator.py for tasks to queue
[2024-04-27T13:53:00.929+0000] {logging_mixin.py:137} INFO - [2024-04-27T13:53:00.929+0000] {dagbag.py:538} INFO - Filling up the DagBag from /home/airflow/.local/lib/python3.7/site-packages/airflow/example_dags/example_dag_decorator.py
[2024-04-27T13:53:00.952+0000] {logging_mixin.py:137} INFO - [2024-04-27T13:53:00.952+0000] {taskmixin.py:205} WARNING - Dependency <Task(_PythonDecoratedOperator): prepare_email>, send_email already registered for DAG: example_dag_decorator
[2024-04-27T13:53:00.952+0000] {logging_mixin.py:137} INFO - [2024-04-27T13:53:00.952+0000] {taskmixin.py:205} WARNING - Dependency <Task(EmailOperator): send_email>, prepare_email already registered for DAG: example_dag_decorator
[2024-04-27T13:53:00.968+0000] {processor.py:753} INFO - DAG(s) dict_keys(['example_dag_decorator']) retrieved from /home/airflow/.local/lib/python3.7/site-packages/airflow/example_dags/example_dag_decorator.py
[2024-04-27T13:53:01.065+0000] {logging_mixin.py:137} INFO - [2024-04-27T13:53:01.065+0000] {dag.py:2690} INFO - Sync 1 DAGs
[2024-04-27T13:53:01.099+0000] {logging_mixin.py:137} INFO - [2024-04-27T13:53:01.098+0000] {dag.py:3441} INFO - Setting next_dagrun for example_dag_decorator to None, run_after=None
[2024-04-27T13:53:01.129+0000] {processor.py:175} INFO - Processing /home/airflow/.local/lib/python3.7/site-packages/airflow/example_dags/example_dag_decorator.py took 0.207 seconds
[2024-04-27T13:53:32.110+0000] {processor.py:153} INFO - Started process (PID=1258) to work on /home/airflow/.local/lib/python3.7/site-packages/airflow/example_dags/example_dag_decorator.py
[2024-04-27T13:53:32.111+0000] {processor.py:743} INFO - Processing file /home/airflow/.local/lib/python3.7/site-packages/airflow/example_dags/example_dag_decorator.py for tasks to queue
[2024-04-27T13:53:32.111+0000] {logging_mixin.py:137} INFO - [2024-04-27T13:53:32.111+0000] {dagbag.py:538} INFO - Filling up the DagBag from /home/airflow/.local/lib/python3.7/site-packages/airflow/example_dags/example_dag_decorator.py
[2024-04-27T13:53:32.133+0000] {logging_mixin.py:137} INFO - [2024-04-27T13:53:32.133+0000] {taskmixin.py:205} WARNING - Dependency <Task(_PythonDecoratedOperator): prepare_email>, send_email already registered for DAG: example_dag_decorator
[2024-04-27T13:53:32.133+0000] {logging_mixin.py:137} INFO - [2024-04-27T13:53:32.133+0000] {taskmixin.py:205} WARNING - Dependency <Task(EmailOperator): send_email>, prepare_email already registered for DAG: example_dag_decorator
[2024-04-27T13:53:32.151+0000] {processor.py:753} INFO - DAG(s) dict_keys(['example_dag_decorator']) retrieved from /home/airflow/.local/lib/python3.7/site-packages/airflow/example_dags/example_dag_decorator.py
[2024-04-27T13:53:32.243+0000] {logging_mixin.py:137} INFO - [2024-04-27T13:53:32.243+0000] {dag.py:2690} INFO - Sync 1 DAGs
[2024-04-27T13:53:32.275+0000] {logging_mixin.py:137} INFO - [2024-04-27T13:53:32.275+0000] {dag.py:3441} INFO - Setting next_dagrun for example_dag_decorator to None, run_after=None
[2024-04-27T13:53:32.303+0000] {processor.py:175} INFO - Processing /home/airflow/.local/lib/python3.7/site-packages/airflow/example_dags/example_dag_decorator.py took 0.197 seconds
[2024-04-27T13:54:02.760+0000] {processor.py:153} INFO - Started process (PID=1334) to work on /home/airflow/.local/lib/python3.7/site-packages/airflow/example_dags/example_dag_decorator.py
[2024-04-27T13:54:02.761+0000] {processor.py:743} INFO - Processing file /home/airflow/.local/lib/python3.7/site-packages/airflow/example_dags/example_dag_decorator.py for tasks to queue
[2024-04-27T13:54:02.763+0000] {logging_mixin.py:137} INFO - [2024-04-27T13:54:02.762+0000] {dagbag.py:538} INFO - Filling up the DagBag from /home/airflow/.local/lib/python3.7/site-packages/airflow/example_dags/example_dag_decorator.py
[2024-04-27T13:54:02.799+0000] {logging_mixin.py:137} INFO - [2024-04-27T13:54:02.799+0000] {taskmixin.py:205} WARNING - Dependency <Task(_PythonDecoratedOperator): prepare_email>, send_email already registered for DAG: example_dag_decorator
[2024-04-27T13:54:02.800+0000] {logging_mixin.py:137} INFO - [2024-04-27T13:54:02.800+0000] {taskmixin.py:205} WARNING - Dependency <Task(EmailOperator): send_email>, prepare_email already registered for DAG: example_dag_decorator
[2024-04-27T13:54:02.851+0000] {processor.py:753} INFO - DAG(s) dict_keys(['example_dag_decorator']) retrieved from /home/airflow/.local/lib/python3.7/site-packages/airflow/example_dags/example_dag_decorator.py
[2024-04-27T13:54:03.013+0000] {logging_mixin.py:137} INFO - [2024-04-27T13:54:03.012+0000] {dag.py:2690} INFO - Sync 1 DAGs
[2024-04-27T13:54:03.119+0000] {logging_mixin.py:137} INFO - [2024-04-27T13:54:03.119+0000] {dag.py:3441} INFO - Setting next_dagrun for example_dag_decorator to None, run_after=None
[2024-04-27T13:54:03.200+0000] {processor.py:175} INFO - Processing /home/airflow/.local/lib/python3.7/site-packages/airflow/example_dags/example_dag_decorator.py took 0.446 seconds
[2024-04-27T14:03:20.304+0000] {processor.py:157} INFO - Started process (PID=72) to work on /home/airflow/.local/lib/python3.8/site-packages/airflow/example_dags/example_dag_decorator.py
[2024-04-27T14:03:20.305+0000] {processor.py:829} INFO - Processing file /home/airflow/.local/lib/python3.8/site-packages/airflow/example_dags/example_dag_decorator.py for tasks to queue
[2024-04-27T14:03:20.307+0000] {logging_mixin.py:151} INFO - [2024-04-27T14:03:20.307+0000] {dagbag.py:539} INFO - Filling up the DagBag from /home/airflow/.local/lib/python3.8/site-packages/airflow/example_dags/example_dag_decorator.py
[2024-04-27T14:03:20.716+0000] {processor.py:839} INFO - DAG(s) dict_keys(['example_dag_decorator']) retrieved from /home/airflow/.local/lib/python3.8/site-packages/airflow/example_dags/example_dag_decorator.py
[2024-04-27T14:03:20.995+0000] {logging_mixin.py:151} INFO - [2024-04-27T14:03:20.995+0000] {manager.py:501} INFO - Created Permission View: can read on DAG:example_dag_decorator
[2024-04-27T14:03:21.013+0000] {logging_mixin.py:151} INFO - [2024-04-27T14:03:21.013+0000] {manager.py:501} INFO - Created Permission View: can edit on DAG:example_dag_decorator
[2024-04-27T14:03:21.027+0000] {logging_mixin.py:151} INFO - [2024-04-27T14:03:21.027+0000] {manager.py:501} INFO - Created Permission View: can delete on DAG:example_dag_decorator
[2024-04-27T14:03:21.052+0000] {logging_mixin.py:151} INFO - [2024-04-27T14:03:21.051+0000] {dag.py:2907} INFO - Sync 1 DAGs
[2024-04-27T14:03:21.067+0000] {logging_mixin.py:151} INFO - [2024-04-27T14:03:21.067+0000] {dag.py:2929} INFO - Creating ORM DAG for example_dag_decorator
[2024-04-27T14:03:21.068+0000] {logging_mixin.py:151} INFO - [2024-04-27T14:03:21.068+0000] {dag.py:3677} INFO - Setting next_dagrun for example_dag_decorator to None, run_after=None
[2024-04-27T14:03:21.090+0000] {processor.py:179} INFO - Processing /home/airflow/.local/lib/python3.8/site-packages/airflow/example_dags/example_dag_decorator.py took 0.790 seconds
[2024-04-27T14:03:51.973+0000] {processor.py:157} INFO - Started process (PID=135) to work on /home/airflow/.local/lib/python3.8/site-packages/airflow/example_dags/example_dag_decorator.py
[2024-04-27T14:03:51.974+0000] {processor.py:829} INFO - Processing file /home/airflow/.local/lib/python3.8/site-packages/airflow/example_dags/example_dag_decorator.py for tasks to queue
[2024-04-27T14:03:51.976+0000] {logging_mixin.py:151} INFO - [2024-04-27T14:03:51.976+0000] {dagbag.py:539} INFO - Filling up the DagBag from /home/airflow/.local/lib/python3.8/site-packages/airflow/example_dags/example_dag_decorator.py
[2024-04-27T14:03:52.120+0000] {processor.py:839} INFO - DAG(s) dict_keys(['example_dag_decorator']) retrieved from /home/airflow/.local/lib/python3.8/site-packages/airflow/example_dags/example_dag_decorator.py
[2024-04-27T14:03:52.352+0000] {logging_mixin.py:151} INFO - [2024-04-27T14:03:52.352+0000] {dag.py:2907} INFO - Sync 1 DAGs
[2024-04-27T14:03:52.374+0000] {logging_mixin.py:151} INFO - [2024-04-27T14:03:52.374+0000] {dag.py:3677} INFO - Setting next_dagrun for example_dag_decorator to None, run_after=None
[2024-04-27T14:03:52.403+0000] {processor.py:179} INFO - Processing /home/airflow/.local/lib/python3.8/site-packages/airflow/example_dags/example_dag_decorator.py took 0.436 seconds
[2024-04-27T14:04:22.486+0000] {processor.py:157} INFO - Started process (PID=207) to work on /home/airflow/.local/lib/python3.8/site-packages/airflow/example_dags/example_dag_decorator.py
[2024-04-27T14:04:22.488+0000] {processor.py:829} INFO - Processing file /home/airflow/.local/lib/python3.8/site-packages/airflow/example_dags/example_dag_decorator.py for tasks to queue
[2024-04-27T14:04:22.491+0000] {logging_mixin.py:151} INFO - [2024-04-27T14:04:22.490+0000] {dagbag.py:539} INFO - Filling up the DagBag from /home/airflow/.local/lib/python3.8/site-packages/airflow/example_dags/example_dag_decorator.py
[2024-04-27T14:04:22.674+0000] {processor.py:839} INFO - DAG(s) dict_keys(['example_dag_decorator']) retrieved from /home/airflow/.local/lib/python3.8/site-packages/airflow/example_dags/example_dag_decorator.py
[2024-04-27T14:04:22.925+0000] {logging_mixin.py:151} INFO - [2024-04-27T14:04:22.925+0000] {dag.py:2907} INFO - Sync 1 DAGs
[2024-04-27T14:04:22.949+0000] {logging_mixin.py:151} INFO - [2024-04-27T14:04:22.948+0000] {dag.py:3677} INFO - Setting next_dagrun for example_dag_decorator to None, run_after=None
[2024-04-27T14:04:22.992+0000] {processor.py:179} INFO - Processing /home/airflow/.local/lib/python3.8/site-packages/airflow/example_dags/example_dag_decorator.py took 0.511 seconds
[2024-04-27T14:04:53.080+0000] {processor.py:157} INFO - Started process (PID=273) to work on /home/airflow/.local/lib/python3.8/site-packages/airflow/example_dags/example_dag_decorator.py
[2024-04-27T14:04:53.081+0000] {processor.py:829} INFO - Processing file /home/airflow/.local/lib/python3.8/site-packages/airflow/example_dags/example_dag_decorator.py for tasks to queue
[2024-04-27T14:04:53.085+0000] {logging_mixin.py:151} INFO - [2024-04-27T14:04:53.084+0000] {dagbag.py:539} INFO - Filling up the DagBag from /home/airflow/.local/lib/python3.8/site-packages/airflow/example_dags/example_dag_decorator.py
[2024-04-27T14:04:53.204+0000] {processor.py:839} INFO - DAG(s) dict_keys(['example_dag_decorator']) retrieved from /home/airflow/.local/lib/python3.8/site-packages/airflow/example_dags/example_dag_decorator.py
[2024-04-27T14:04:53.359+0000] {logging_mixin.py:151} INFO - [2024-04-27T14:04:53.359+0000] {dag.py:2907} INFO - Sync 1 DAGs
[2024-04-27T14:04:53.372+0000] {logging_mixin.py:151} INFO - [2024-04-27T14:04:53.372+0000] {dag.py:3677} INFO - Setting next_dagrun for example_dag_decorator to None, run_after=None
[2024-04-27T14:04:53.395+0000] {processor.py:179} INFO - Processing /home/airflow/.local/lib/python3.8/site-packages/airflow/example_dags/example_dag_decorator.py took 0.319 seconds
[2024-04-27T14:05:23.534+0000] {processor.py:157} INFO - Started process (PID=338) to work on /home/airflow/.local/lib/python3.8/site-packages/airflow/example_dags/example_dag_decorator.py
[2024-04-27T14:05:23.537+0000] {processor.py:829} INFO - Processing file /home/airflow/.local/lib/python3.8/site-packages/airflow/example_dags/example_dag_decorator.py for tasks to queue
[2024-04-27T14:05:23.549+0000] {logging_mixin.py:151} INFO - [2024-04-27T14:05:23.548+0000] {dagbag.py:539} INFO - Filling up the DagBag from /home/airflow/.local/lib/python3.8/site-packages/airflow/example_dags/example_dag_decorator.py
[2024-04-27T14:05:23.736+0000] {processor.py:839} INFO - DAG(s) dict_keys(['example_dag_decorator']) retrieved from /home/airflow/.local/lib/python3.8/site-packages/airflow/example_dags/example_dag_decorator.py
[2024-04-27T14:05:23.816+0000] {logging_mixin.py:151} INFO - [2024-04-27T14:05:23.816+0000] {dag.py:2907} INFO - Sync 1 DAGs
[2024-04-27T14:05:23.845+0000] {logging_mixin.py:151} INFO - [2024-04-27T14:05:23.845+0000] {dag.py:3677} INFO - Setting next_dagrun for example_dag_decorator to None, run_after=None
[2024-04-27T14:05:23.876+0000] {processor.py:179} INFO - Processing /home/airflow/.local/lib/python3.8/site-packages/airflow/example_dags/example_dag_decorator.py took 0.358 seconds
[2024-04-27T14:05:54.666+0000] {processor.py:157} INFO - Started process (PID=402) to work on /home/airflow/.local/lib/python3.8/site-packages/airflow/example_dags/example_dag_decorator.py
[2024-04-27T14:05:54.667+0000] {processor.py:829} INFO - Processing file /home/airflow/.local/lib/python3.8/site-packages/airflow/example_dags/example_dag_decorator.py for tasks to queue
[2024-04-27T14:05:54.669+0000] {logging_mixin.py:151} INFO - [2024-04-27T14:05:54.669+0000] {dagbag.py:539} INFO - Filling up the DagBag from /home/airflow/.local/lib/python3.8/site-packages/airflow/example_dags/example_dag_decorator.py
[2024-04-27T14:05:54.773+0000] {processor.py:839} INFO - DAG(s) dict_keys(['example_dag_decorator']) retrieved from /home/airflow/.local/lib/python3.8/site-packages/airflow/example_dags/example_dag_decorator.py
[2024-04-27T14:05:54.920+0000] {logging_mixin.py:151} INFO - [2024-04-27T14:05:54.920+0000] {dag.py:2907} INFO - Sync 1 DAGs
[2024-04-27T14:05:54.939+0000] {logging_mixin.py:151} INFO - [2024-04-27T14:05:54.939+0000] {dag.py:3677} INFO - Setting next_dagrun for example_dag_decorator to None, run_after=None
[2024-04-27T14:05:54.962+0000] {processor.py:179} INFO - Processing /home/airflow/.local/lib/python3.8/site-packages/airflow/example_dags/example_dag_decorator.py took 0.300 seconds
[2024-04-27T14:06:25.412+0000] {processor.py:157} INFO - Started process (PID=472) to work on /home/airflow/.local/lib/python3.8/site-packages/airflow/example_dags/example_dag_decorator.py
[2024-04-27T14:06:25.414+0000] {processor.py:829} INFO - Processing file /home/airflow/.local/lib/python3.8/site-packages/airflow/example_dags/example_dag_decorator.py for tasks to queue
[2024-04-27T14:06:25.418+0000] {logging_mixin.py:151} INFO - [2024-04-27T14:06:25.417+0000] {dagbag.py:539} INFO - Filling up the DagBag from /home/airflow/.local/lib/python3.8/site-packages/airflow/example_dags/example_dag_decorator.py
[2024-04-27T14:06:25.536+0000] {processor.py:839} INFO - DAG(s) dict_keys(['example_dag_decorator']) retrieved from /home/airflow/.local/lib/python3.8/site-packages/airflow/example_dags/example_dag_decorator.py
[2024-04-27T14:06:25.704+0000] {logging_mixin.py:151} INFO - [2024-04-27T14:06:25.703+0000] {dag.py:2907} INFO - Sync 1 DAGs
[2024-04-27T14:06:25.718+0000] {logging_mixin.py:151} INFO - [2024-04-27T14:06:25.718+0000] {dag.py:3677} INFO - Setting next_dagrun for example_dag_decorator to None, run_after=None
[2024-04-27T14:06:25.744+0000] {processor.py:179} INFO - Processing /home/airflow/.local/lib/python3.8/site-packages/airflow/example_dags/example_dag_decorator.py took 0.342 seconds
[2024-04-27T14:06:55.887+0000] {processor.py:157} INFO - Started process (PID=539) to work on /home/airflow/.local/lib/python3.8/site-packages/airflow/example_dags/example_dag_decorator.py
[2024-04-27T14:06:55.888+0000] {processor.py:829} INFO - Processing file /home/airflow/.local/lib/python3.8/site-packages/airflow/example_dags/example_dag_decorator.py for tasks to queue
[2024-04-27T14:06:55.891+0000] {logging_mixin.py:151} INFO - [2024-04-27T14:06:55.890+0000] {dagbag.py:539} INFO - Filling up the DagBag from /home/airflow/.local/lib/python3.8/site-packages/airflow/example_dags/example_dag_decorator.py
[2024-04-27T14:06:56.018+0000] {processor.py:839} INFO - DAG(s) dict_keys(['example_dag_decorator']) retrieved from /home/airflow/.local/lib/python3.8/site-packages/airflow/example_dags/example_dag_decorator.py
[2024-04-27T14:06:56.188+0000] {logging_mixin.py:151} INFO - [2024-04-27T14:06:56.188+0000] {dag.py:2907} INFO - Sync 1 DAGs
[2024-04-27T14:06:56.201+0000] {logging_mixin.py:151} INFO - [2024-04-27T14:06:56.201+0000] {dag.py:3677} INFO - Setting next_dagrun for example_dag_decorator to None, run_after=None
[2024-04-27T14:06:56.223+0000] {processor.py:179} INFO - Processing /home/airflow/.local/lib/python3.8/site-packages/airflow/example_dags/example_dag_decorator.py took 0.340 seconds
[2024-04-27T14:07:26.570+0000] {processor.py:157} INFO - Started process (PID=602) to work on /home/airflow/.local/lib/python3.8/site-packages/airflow/example_dags/example_dag_decorator.py
[2024-04-27T14:07:26.572+0000] {processor.py:829} INFO - Processing file /home/airflow/.local/lib/python3.8/site-packages/airflow/example_dags/example_dag_decorator.py for tasks to queue
[2024-04-27T14:07:26.576+0000] {logging_mixin.py:151} INFO - [2024-04-27T14:07:26.575+0000] {dagbag.py:539} INFO - Filling up the DagBag from /home/airflow/.local/lib/python3.8/site-packages/airflow/example_dags/example_dag_decorator.py
[2024-04-27T14:07:26.684+0000] {processor.py:839} INFO - DAG(s) dict_keys(['example_dag_decorator']) retrieved from /home/airflow/.local/lib/python3.8/site-packages/airflow/example_dags/example_dag_decorator.py
[2024-04-27T14:07:26.853+0000] {logging_mixin.py:151} INFO - [2024-04-27T14:07:26.853+0000] {dag.py:2907} INFO - Sync 1 DAGs
[2024-04-27T14:07:26.874+0000] {logging_mixin.py:151} INFO - [2024-04-27T14:07:26.873+0000] {dag.py:3677} INFO - Setting next_dagrun for example_dag_decorator to None, run_after=None
[2024-04-27T14:07:26.901+0000] {processor.py:179} INFO - Processing /home/airflow/.local/lib/python3.8/site-packages/airflow/example_dags/example_dag_decorator.py took 0.338 seconds
[2024-04-27T14:11:48.652+0000] {processor.py:157} INFO - Started process (PID=71) to work on /home/airflow/.local/lib/python3.8/site-packages/airflow/example_dags/example_dag_decorator.py
[2024-04-27T14:11:48.658+0000] {processor.py:829} INFO - Processing file /home/airflow/.local/lib/python3.8/site-packages/airflow/example_dags/example_dag_decorator.py for tasks to queue
[2024-04-27T14:11:48.661+0000] {logging_mixin.py:151} INFO - [2024-04-27T14:11:48.660+0000] {dagbag.py:539} INFO - Filling up the DagBag from /home/airflow/.local/lib/python3.8/site-packages/airflow/example_dags/example_dag_decorator.py
[2024-04-27T14:11:49.178+0000] {processor.py:839} INFO - DAG(s) dict_keys(['example_dag_decorator']) retrieved from /home/airflow/.local/lib/python3.8/site-packages/airflow/example_dags/example_dag_decorator.py
[2024-04-27T14:11:49.572+0000] {logging_mixin.py:151} INFO - [2024-04-27T14:11:49.572+0000] {dag.py:2907} INFO - Sync 1 DAGs
[2024-04-27T14:11:49.592+0000] {logging_mixin.py:151} INFO - [2024-04-27T14:11:49.592+0000] {dag.py:3677} INFO - Setting next_dagrun for example_dag_decorator to None, run_after=None
[2024-04-27T14:11:49.624+0000] {processor.py:179} INFO - Processing /home/airflow/.local/lib/python3.8/site-packages/airflow/example_dags/example_dag_decorator.py took 0.991 seconds
[2024-04-27T14:12:20.039+0000] {processor.py:157} INFO - Started process (PID=134) to work on /home/airflow/.local/lib/python3.8/site-packages/airflow/example_dags/example_dag_decorator.py
[2024-04-27T14:12:20.040+0000] {processor.py:829} INFO - Processing file /home/airflow/.local/lib/python3.8/site-packages/airflow/example_dags/example_dag_decorator.py for tasks to queue
[2024-04-27T14:12:20.042+0000] {logging_mixin.py:151} INFO - [2024-04-27T14:12:20.042+0000] {dagbag.py:539} INFO - Filling up the DagBag from /home/airflow/.local/lib/python3.8/site-packages/airflow/example_dags/example_dag_decorator.py
[2024-04-27T14:12:20.207+0000] {processor.py:839} INFO - DAG(s) dict_keys(['example_dag_decorator']) retrieved from /home/airflow/.local/lib/python3.8/site-packages/airflow/example_dags/example_dag_decorator.py
[2024-04-27T14:12:20.414+0000] {logging_mixin.py:151} INFO - [2024-04-27T14:12:20.414+0000] {dag.py:2907} INFO - Sync 1 DAGs
[2024-04-27T14:12:20.431+0000] {logging_mixin.py:151} INFO - [2024-04-27T14:12:20.430+0000] {dag.py:3677} INFO - Setting next_dagrun for example_dag_decorator to None, run_after=None
[2024-04-27T14:12:20.461+0000] {processor.py:179} INFO - Processing /home/airflow/.local/lib/python3.8/site-packages/airflow/example_dags/example_dag_decorator.py took 0.428 seconds
[2024-04-27T14:12:50.828+0000] {processor.py:157} INFO - Started process (PID=197) to work on /home/airflow/.local/lib/python3.8/site-packages/airflow/example_dags/example_dag_decorator.py
[2024-04-27T14:12:50.830+0000] {processor.py:829} INFO - Processing file /home/airflow/.local/lib/python3.8/site-packages/airflow/example_dags/example_dag_decorator.py for tasks to queue
[2024-04-27T14:12:50.833+0000] {logging_mixin.py:151} INFO - [2024-04-27T14:12:50.833+0000] {dagbag.py:539} INFO - Filling up the DagBag from /home/airflow/.local/lib/python3.8/site-packages/airflow/example_dags/example_dag_decorator.py
[2024-04-27T14:12:51.051+0000] {processor.py:839} INFO - DAG(s) dict_keys(['example_dag_decorator']) retrieved from /home/airflow/.local/lib/python3.8/site-packages/airflow/example_dags/example_dag_decorator.py
[2024-04-27T14:12:51.442+0000] {logging_mixin.py:151} INFO - [2024-04-27T14:12:51.441+0000] {dag.py:2907} INFO - Sync 1 DAGs
[2024-04-27T14:12:51.486+0000] {logging_mixin.py:151} INFO - [2024-04-27T14:12:51.485+0000] {dag.py:3677} INFO - Setting next_dagrun for example_dag_decorator to None, run_after=None
[2024-04-27T14:12:51.521+0000] {processor.py:179} INFO - Processing /home/airflow/.local/lib/python3.8/site-packages/airflow/example_dags/example_dag_decorator.py took 0.707 seconds
[2024-04-27T14:13:21.716+0000] {processor.py:157} INFO - Started process (PID=266) to work on /home/airflow/.local/lib/python3.8/site-packages/airflow/example_dags/example_dag_decorator.py
[2024-04-27T14:13:21.717+0000] {processor.py:829} INFO - Processing file /home/airflow/.local/lib/python3.8/site-packages/airflow/example_dags/example_dag_decorator.py for tasks to queue
[2024-04-27T14:13:21.720+0000] {logging_mixin.py:151} INFO - [2024-04-27T14:13:21.720+0000] {dagbag.py:539} INFO - Filling up the DagBag from /home/airflow/.local/lib/python3.8/site-packages/airflow/example_dags/example_dag_decorator.py
[2024-04-27T14:13:21.907+0000] {processor.py:839} INFO - DAG(s) dict_keys(['example_dag_decorator']) retrieved from /home/airflow/.local/lib/python3.8/site-packages/airflow/example_dags/example_dag_decorator.py
[2024-04-27T14:13:22.147+0000] {logging_mixin.py:151} INFO - [2024-04-27T14:13:22.147+0000] {dag.py:2907} INFO - Sync 1 DAGs
[2024-04-27T14:13:22.167+0000] {logging_mixin.py:151} INFO - [2024-04-27T14:13:22.167+0000] {dag.py:3677} INFO - Setting next_dagrun for example_dag_decorator to None, run_after=None
[2024-04-27T14:13:22.205+0000] {processor.py:179} INFO - Processing /home/airflow/.local/lib/python3.8/site-packages/airflow/example_dags/example_dag_decorator.py took 0.495 seconds
[2024-04-27T14:13:52.955+0000] {processor.py:157} INFO - Started process (PID=329) to work on /home/airflow/.local/lib/python3.8/site-packages/airflow/example_dags/example_dag_decorator.py
[2024-04-27T14:13:52.957+0000] {processor.py:829} INFO - Processing file /home/airflow/.local/lib/python3.8/site-packages/airflow/example_dags/example_dag_decorator.py for tasks to queue
[2024-04-27T14:13:52.960+0000] {logging_mixin.py:151} INFO - [2024-04-27T14:13:52.959+0000] {dagbag.py:539} INFO - Filling up the DagBag from /home/airflow/.local/lib/python3.8/site-packages/airflow/example_dags/example_dag_decorator.py
[2024-04-27T14:13:53.090+0000] {processor.py:839} INFO - DAG(s) dict_keys(['example_dag_decorator']) retrieved from /home/airflow/.local/lib/python3.8/site-packages/airflow/example_dags/example_dag_decorator.py
[2024-04-27T14:13:53.283+0000] {logging_mixin.py:151} INFO - [2024-04-27T14:13:53.282+0000] {dag.py:2907} INFO - Sync 1 DAGs
[2024-04-27T14:13:53.303+0000] {logging_mixin.py:151} INFO - [2024-04-27T14:13:53.302+0000] {dag.py:3677} INFO - Setting next_dagrun for example_dag_decorator to None, run_after=None
[2024-04-27T14:13:53.334+0000] {processor.py:179} INFO - Processing /home/airflow/.local/lib/python3.8/site-packages/airflow/example_dags/example_dag_decorator.py took 0.384 seconds
[2024-04-27T14:14:23.479+0000] {processor.py:157} INFO - Started process (PID=393) to work on /home/airflow/.local/lib/python3.8/site-packages/airflow/example_dags/example_dag_decorator.py
[2024-04-27T14:14:23.480+0000] {processor.py:829} INFO - Processing file /home/airflow/.local/lib/python3.8/site-packages/airflow/example_dags/example_dag_decorator.py for tasks to queue
[2024-04-27T14:14:23.483+0000] {logging_mixin.py:151} INFO - [2024-04-27T14:14:23.482+0000] {dagbag.py:539} INFO - Filling up the DagBag from /home/airflow/.local/lib/python3.8/site-packages/airflow/example_dags/example_dag_decorator.py
[2024-04-27T14:14:23.627+0000] {processor.py:839} INFO - DAG(s) dict_keys(['example_dag_decorator']) retrieved from /home/airflow/.local/lib/python3.8/site-packages/airflow/example_dags/example_dag_decorator.py
[2024-04-27T14:14:23.850+0000] {logging_mixin.py:151} INFO - [2024-04-27T14:14:23.849+0000] {dag.py:2907} INFO - Sync 1 DAGs
[2024-04-27T14:14:23.869+0000] {logging_mixin.py:151} INFO - [2024-04-27T14:14:23.869+0000] {dag.py:3677} INFO - Setting next_dagrun for example_dag_decorator to None, run_after=None
[2024-04-27T14:14:23.905+0000] {processor.py:179} INFO - Processing /home/airflow/.local/lib/python3.8/site-packages/airflow/example_dags/example_dag_decorator.py took 0.432 seconds
[2024-04-27T14:14:54.253+0000] {processor.py:157} INFO - Started process (PID=465) to work on /home/airflow/.local/lib/python3.8/site-packages/airflow/example_dags/example_dag_decorator.py
[2024-04-27T14:14:54.267+0000] {processor.py:829} INFO - Processing file /home/airflow/.local/lib/python3.8/site-packages/airflow/example_dags/example_dag_decorator.py for tasks to queue
[2024-04-27T14:14:54.275+0000] {logging_mixin.py:151} INFO - [2024-04-27T14:14:54.274+0000] {dagbag.py:539} INFO - Filling up the DagBag from /home/airflow/.local/lib/python3.8/site-packages/airflow/example_dags/example_dag_decorator.py
[2024-04-27T14:14:54.629+0000] {processor.py:839} INFO - DAG(s) dict_keys(['example_dag_decorator']) retrieved from /home/airflow/.local/lib/python3.8/site-packages/airflow/example_dags/example_dag_decorator.py
[2024-04-27T14:14:54.962+0000] {logging_mixin.py:151} INFO - [2024-04-27T14:14:54.962+0000] {dag.py:2907} INFO - Sync 1 DAGs
[2024-04-27T14:14:54.987+0000] {logging_mixin.py:151} INFO - [2024-04-27T14:14:54.986+0000] {dag.py:3677} INFO - Setting next_dagrun for example_dag_decorator to None, run_after=None
[2024-04-27T14:14:55.023+0000] {processor.py:179} INFO - Processing /home/airflow/.local/lib/python3.8/site-packages/airflow/example_dags/example_dag_decorator.py took 0.774 seconds
[2024-04-27T14:15:25.219+0000] {processor.py:157} INFO - Started process (PID=530) to work on /home/airflow/.local/lib/python3.8/site-packages/airflow/example_dags/example_dag_decorator.py
[2024-04-27T14:15:25.220+0000] {processor.py:829} INFO - Processing file /home/airflow/.local/lib/python3.8/site-packages/airflow/example_dags/example_dag_decorator.py for tasks to queue
[2024-04-27T14:15:25.223+0000] {logging_mixin.py:151} INFO - [2024-04-27T14:15:25.223+0000] {dagbag.py:539} INFO - Filling up the DagBag from /home/airflow/.local/lib/python3.8/site-packages/airflow/example_dags/example_dag_decorator.py
[2024-04-27T14:15:25.341+0000] {processor.py:839} INFO - DAG(s) dict_keys(['example_dag_decorator']) retrieved from /home/airflow/.local/lib/python3.8/site-packages/airflow/example_dags/example_dag_decorator.py
[2024-04-27T14:15:25.564+0000] {logging_mixin.py:151} INFO - [2024-04-27T14:15:25.564+0000] {dag.py:2907} INFO - Sync 1 DAGs
[2024-04-27T14:15:25.582+0000] {logging_mixin.py:151} INFO - [2024-04-27T14:15:25.582+0000] {dag.py:3677} INFO - Setting next_dagrun for example_dag_decorator to None, run_after=None
[2024-04-27T14:15:25.609+0000] {processor.py:179} INFO - Processing /home/airflow/.local/lib/python3.8/site-packages/airflow/example_dags/example_dag_decorator.py took 0.395 seconds
[2024-04-27T14:15:55.700+0000] {processor.py:157} INFO - Started process (PID=597) to work on /home/airflow/.local/lib/python3.8/site-packages/airflow/example_dags/example_dag_decorator.py
[2024-04-27T14:15:55.701+0000] {processor.py:829} INFO - Processing file /home/airflow/.local/lib/python3.8/site-packages/airflow/example_dags/example_dag_decorator.py for tasks to queue
[2024-04-27T14:15:55.705+0000] {logging_mixin.py:151} INFO - [2024-04-27T14:15:55.704+0000] {dagbag.py:539} INFO - Filling up the DagBag from /home/airflow/.local/lib/python3.8/site-packages/airflow/example_dags/example_dag_decorator.py
[2024-04-27T14:15:55.848+0000] {processor.py:839} INFO - DAG(s) dict_keys(['example_dag_decorator']) retrieved from /home/airflow/.local/lib/python3.8/site-packages/airflow/example_dags/example_dag_decorator.py
[2024-04-27T14:15:56.038+0000] {logging_mixin.py:151} INFO - [2024-04-27T14:15:56.037+0000] {dag.py:2907} INFO - Sync 1 DAGs
[2024-04-27T14:15:56.056+0000] {logging_mixin.py:151} INFO - [2024-04-27T14:15:56.055+0000] {dag.py:3677} INFO - Setting next_dagrun for example_dag_decorator to None, run_after=None
[2024-04-27T14:15:56.084+0000] {processor.py:179} INFO - Processing /home/airflow/.local/lib/python3.8/site-packages/airflow/example_dags/example_dag_decorator.py took 0.389 seconds
[2024-04-27T14:16:26.241+0000] {processor.py:157} INFO - Started process (PID=658) to work on /home/airflow/.local/lib/python3.8/site-packages/airflow/example_dags/example_dag_decorator.py
[2024-04-27T14:16:26.242+0000] {processor.py:829} INFO - Processing file /home/airflow/.local/lib/python3.8/site-packages/airflow/example_dags/example_dag_decorator.py for tasks to queue
[2024-04-27T14:16:26.245+0000] {logging_mixin.py:151} INFO - [2024-04-27T14:16:26.244+0000] {dagbag.py:539} INFO - Filling up the DagBag from /home/airflow/.local/lib/python3.8/site-packages/airflow/example_dags/example_dag_decorator.py
[2024-04-27T14:16:26.401+0000] {processor.py:839} INFO - DAG(s) dict_keys(['example_dag_decorator']) retrieved from /home/airflow/.local/lib/python3.8/site-packages/airflow/example_dags/example_dag_decorator.py
[2024-04-27T14:16:26.635+0000] {logging_mixin.py:151} INFO - [2024-04-27T14:16:26.635+0000] {dag.py:2907} INFO - Sync 1 DAGs
[2024-04-27T14:16:26.655+0000] {logging_mixin.py:151} INFO - [2024-04-27T14:16:26.655+0000] {dag.py:3677} INFO - Setting next_dagrun for example_dag_decorator to None, run_after=None
[2024-04-27T14:16:26.685+0000] {processor.py:179} INFO - Processing /home/airflow/.local/lib/python3.8/site-packages/airflow/example_dags/example_dag_decorator.py took 0.450 seconds
[2024-04-27T14:16:57.091+0000] {processor.py:157} INFO - Started process (PID=733) to work on /home/airflow/.local/lib/python3.8/site-packages/airflow/example_dags/example_dag_decorator.py
[2024-04-27T14:16:57.093+0000] {processor.py:829} INFO - Processing file /home/airflow/.local/lib/python3.8/site-packages/airflow/example_dags/example_dag_decorator.py for tasks to queue
[2024-04-27T14:16:57.096+0000] {logging_mixin.py:151} INFO - [2024-04-27T14:16:57.096+0000] {dagbag.py:539} INFO - Filling up the DagBag from /home/airflow/.local/lib/python3.8/site-packages/airflow/example_dags/example_dag_decorator.py
[2024-04-27T14:16:57.291+0000] {processor.py:839} INFO - DAG(s) dict_keys(['example_dag_decorator']) retrieved from /home/airflow/.local/lib/python3.8/site-packages/airflow/example_dags/example_dag_decorator.py
[2024-04-27T14:16:57.747+0000] {logging_mixin.py:151} INFO - [2024-04-27T14:16:57.746+0000] {dag.py:2907} INFO - Sync 1 DAGs
[2024-04-27T14:16:57.801+0000] {logging_mixin.py:151} INFO - [2024-04-27T14:16:57.798+0000] {dag.py:3677} INFO - Setting next_dagrun for example_dag_decorator to None, run_after=None
[2024-04-27T14:16:57.917+0000] {processor.py:179} INFO - Processing /home/airflow/.local/lib/python3.8/site-packages/airflow/example_dags/example_dag_decorator.py took 0.841 seconds
[2024-04-27T14:17:28.102+0000] {processor.py:157} INFO - Started process (PID=799) to work on /home/airflow/.local/lib/python3.8/site-packages/airflow/example_dags/example_dag_decorator.py
[2024-04-27T14:17:28.104+0000] {processor.py:829} INFO - Processing file /home/airflow/.local/lib/python3.8/site-packages/airflow/example_dags/example_dag_decorator.py for tasks to queue
[2024-04-27T14:17:28.108+0000] {logging_mixin.py:151} INFO - [2024-04-27T14:17:28.107+0000] {dagbag.py:539} INFO - Filling up the DagBag from /home/airflow/.local/lib/python3.8/site-packages/airflow/example_dags/example_dag_decorator.py
[2024-04-27T14:17:28.272+0000] {processor.py:839} INFO - DAG(s) dict_keys(['example_dag_decorator']) retrieved from /home/airflow/.local/lib/python3.8/site-packages/airflow/example_dags/example_dag_decorator.py
[2024-04-27T14:17:28.500+0000] {logging_mixin.py:151} INFO - [2024-04-27T14:17:28.500+0000] {dag.py:2907} INFO - Sync 1 DAGs
[2024-04-27T14:17:28.519+0000] {logging_mixin.py:151} INFO - [2024-04-27T14:17:28.519+0000] {dag.py:3677} INFO - Setting next_dagrun for example_dag_decorator to None, run_after=None
[2024-04-27T14:17:28.545+0000] {processor.py:179} INFO - Processing /home/airflow/.local/lib/python3.8/site-packages/airflow/example_dags/example_dag_decorator.py took 0.448 seconds
[2024-04-27T14:17:58.708+0000] {processor.py:157} INFO - Started process (PID=859) to work on /home/airflow/.local/lib/python3.8/site-packages/airflow/example_dags/example_dag_decorator.py
[2024-04-27T14:17:58.710+0000] {processor.py:829} INFO - Processing file /home/airflow/.local/lib/python3.8/site-packages/airflow/example_dags/example_dag_decorator.py for tasks to queue
[2024-04-27T14:17:58.714+0000] {logging_mixin.py:151} INFO - [2024-04-27T14:17:58.713+0000] {dagbag.py:539} INFO - Filling up the DagBag from /home/airflow/.local/lib/python3.8/site-packages/airflow/example_dags/example_dag_decorator.py
[2024-04-27T14:17:58.849+0000] {processor.py:839} INFO - DAG(s) dict_keys(['example_dag_decorator']) retrieved from /home/airflow/.local/lib/python3.8/site-packages/airflow/example_dags/example_dag_decorator.py
[2024-04-27T14:17:59.067+0000] {logging_mixin.py:151} INFO - [2024-04-27T14:17:59.067+0000] {dag.py:2907} INFO - Sync 1 DAGs
[2024-04-27T14:17:59.087+0000] {logging_mixin.py:151} INFO - [2024-04-27T14:17:59.087+0000] {dag.py:3677} INFO - Setting next_dagrun for example_dag_decorator to None, run_after=None
[2024-04-27T14:17:59.117+0000] {processor.py:179} INFO - Processing /home/airflow/.local/lib/python3.8/site-packages/airflow/example_dags/example_dag_decorator.py took 0.413 seconds
[2024-04-27T14:18:29.470+0000] {processor.py:157} INFO - Started process (PID=923) to work on /home/airflow/.local/lib/python3.8/site-packages/airflow/example_dags/example_dag_decorator.py
[2024-04-27T14:18:29.471+0000] {processor.py:829} INFO - Processing file /home/airflow/.local/lib/python3.8/site-packages/airflow/example_dags/example_dag_decorator.py for tasks to queue
[2024-04-27T14:18:29.475+0000] {logging_mixin.py:151} INFO - [2024-04-27T14:18:29.474+0000] {dagbag.py:539} INFO - Filling up the DagBag from /home/airflow/.local/lib/python3.8/site-packages/airflow/example_dags/example_dag_decorator.py
[2024-04-27T14:18:29.624+0000] {processor.py:839} INFO - DAG(s) dict_keys(['example_dag_decorator']) retrieved from /home/airflow/.local/lib/python3.8/site-packages/airflow/example_dags/example_dag_decorator.py
[2024-04-27T14:18:29.845+0000] {logging_mixin.py:151} INFO - [2024-04-27T14:18:29.845+0000] {dag.py:2907} INFO - Sync 1 DAGs
[2024-04-27T14:18:29.864+0000] {logging_mixin.py:151} INFO - [2024-04-27T14:18:29.863+0000] {dag.py:3677} INFO - Setting next_dagrun for example_dag_decorator to None, run_after=None
[2024-04-27T14:18:29.891+0000] {processor.py:179} INFO - Processing /home/airflow/.local/lib/python3.8/site-packages/airflow/example_dags/example_dag_decorator.py took 0.424 seconds
[2024-04-27T14:19:00.492+0000] {processor.py:157} INFO - Started process (PID=993) to work on /home/airflow/.local/lib/python3.8/site-packages/airflow/example_dags/example_dag_decorator.py
[2024-04-27T14:19:00.503+0000] {processor.py:829} INFO - Processing file /home/airflow/.local/lib/python3.8/site-packages/airflow/example_dags/example_dag_decorator.py for tasks to queue
[2024-04-27T14:19:00.506+0000] {logging_mixin.py:151} INFO - [2024-04-27T14:19:00.506+0000] {dagbag.py:539} INFO - Filling up the DagBag from /home/airflow/.local/lib/python3.8/site-packages/airflow/example_dags/example_dag_decorator.py
[2024-04-27T14:19:00.731+0000] {processor.py:839} INFO - DAG(s) dict_keys(['example_dag_decorator']) retrieved from /home/airflow/.local/lib/python3.8/site-packages/airflow/example_dags/example_dag_decorator.py
[2024-04-27T14:19:00.996+0000] {logging_mixin.py:151} INFO - [2024-04-27T14:19:00.996+0000] {dag.py:2907} INFO - Sync 1 DAGs
[2024-04-27T14:19:01.029+0000] {logging_mixin.py:151} INFO - [2024-04-27T14:19:01.029+0000] {dag.py:3677} INFO - Setting next_dagrun for example_dag_decorator to None, run_after=None
[2024-04-27T14:19:01.096+0000] {processor.py:179} INFO - Processing /home/airflow/.local/lib/python3.8/site-packages/airflow/example_dags/example_dag_decorator.py took 0.609 seconds
[2024-04-27T14:19:31.164+0000] {processor.py:157} INFO - Started process (PID=1057) to work on /home/airflow/.local/lib/python3.8/site-packages/airflow/example_dags/example_dag_decorator.py
[2024-04-27T14:19:31.165+0000] {processor.py:829} INFO - Processing file /home/airflow/.local/lib/python3.8/site-packages/airflow/example_dags/example_dag_decorator.py for tasks to queue
[2024-04-27T14:19:31.170+0000] {logging_mixin.py:151} INFO - [2024-04-27T14:19:31.170+0000] {dagbag.py:539} INFO - Filling up the DagBag from /home/airflow/.local/lib/python3.8/site-packages/airflow/example_dags/example_dag_decorator.py
[2024-04-27T14:19:31.323+0000] {processor.py:839} INFO - DAG(s) dict_keys(['example_dag_decorator']) retrieved from /home/airflow/.local/lib/python3.8/site-packages/airflow/example_dags/example_dag_decorator.py
[2024-04-27T14:19:31.520+0000] {logging_mixin.py:151} INFO - [2024-04-27T14:19:31.520+0000] {dag.py:2907} INFO - Sync 1 DAGs
[2024-04-27T14:19:31.544+0000] {logging_mixin.py:151} INFO - [2024-04-27T14:19:31.543+0000] {dag.py:3677} INFO - Setting next_dagrun for example_dag_decorator to None, run_after=None
[2024-04-27T14:19:31.572+0000] {processor.py:179} INFO - Processing /home/airflow/.local/lib/python3.8/site-packages/airflow/example_dags/example_dag_decorator.py took 0.414 seconds
[2024-04-27T14:20:01.636+0000] {processor.py:157} INFO - Started process (PID=1119) to work on /home/airflow/.local/lib/python3.8/site-packages/airflow/example_dags/example_dag_decorator.py
[2024-04-27T14:20:01.637+0000] {processor.py:829} INFO - Processing file /home/airflow/.local/lib/python3.8/site-packages/airflow/example_dags/example_dag_decorator.py for tasks to queue
[2024-04-27T14:20:01.640+0000] {logging_mixin.py:151} INFO - [2024-04-27T14:20:01.640+0000] {dagbag.py:539} INFO - Filling up the DagBag from /home/airflow/.local/lib/python3.8/site-packages/airflow/example_dags/example_dag_decorator.py
[2024-04-27T14:20:01.753+0000] {processor.py:839} INFO - DAG(s) dict_keys(['example_dag_decorator']) retrieved from /home/airflow/.local/lib/python3.8/site-packages/airflow/example_dags/example_dag_decorator.py
[2024-04-27T14:20:01.919+0000] {logging_mixin.py:151} INFO - [2024-04-27T14:20:01.919+0000] {dag.py:2907} INFO - Sync 1 DAGs
[2024-04-27T14:20:01.934+0000] {logging_mixin.py:151} INFO - [2024-04-27T14:20:01.934+0000] {dag.py:3677} INFO - Setting next_dagrun for example_dag_decorator to None, run_after=None
[2024-04-27T14:20:01.962+0000] {processor.py:179} INFO - Processing /home/airflow/.local/lib/python3.8/site-packages/airflow/example_dags/example_dag_decorator.py took 0.330 seconds
[2024-04-27T14:20:32.064+0000] {processor.py:157} INFO - Started process (PID=1194) to work on /home/airflow/.local/lib/python3.8/site-packages/airflow/example_dags/example_dag_decorator.py
[2024-04-27T14:20:32.065+0000] {processor.py:829} INFO - Processing file /home/airflow/.local/lib/python3.8/site-packages/airflow/example_dags/example_dag_decorator.py for tasks to queue
[2024-04-27T14:20:32.068+0000] {logging_mixin.py:151} INFO - [2024-04-27T14:20:32.067+0000] {dagbag.py:539} INFO - Filling up the DagBag from /home/airflow/.local/lib/python3.8/site-packages/airflow/example_dags/example_dag_decorator.py
[2024-04-27T14:20:32.239+0000] {processor.py:839} INFO - DAG(s) dict_keys(['example_dag_decorator']) retrieved from /home/airflow/.local/lib/python3.8/site-packages/airflow/example_dags/example_dag_decorator.py
[2024-04-27T14:20:32.464+0000] {logging_mixin.py:151} INFO - [2024-04-27T14:20:32.463+0000] {dag.py:2907} INFO - Sync 1 DAGs
[2024-04-27T14:20:32.484+0000] {logging_mixin.py:151} INFO - [2024-04-27T14:20:32.484+0000] {dag.py:3677} INFO - Setting next_dagrun for example_dag_decorator to None, run_after=None
[2024-04-27T14:20:32.516+0000] {processor.py:179} INFO - Processing /home/airflow/.local/lib/python3.8/site-packages/airflow/example_dags/example_dag_decorator.py took 0.458 seconds
[2024-04-27T14:21:02.573+0000] {processor.py:157} INFO - Started process (PID=1258) to work on /home/airflow/.local/lib/python3.8/site-packages/airflow/example_dags/example_dag_decorator.py
[2024-04-27T14:21:02.574+0000] {processor.py:829} INFO - Processing file /home/airflow/.local/lib/python3.8/site-packages/airflow/example_dags/example_dag_decorator.py for tasks to queue
[2024-04-27T14:21:02.577+0000] {logging_mixin.py:151} INFO - [2024-04-27T14:21:02.576+0000] {dagbag.py:539} INFO - Filling up the DagBag from /home/airflow/.local/lib/python3.8/site-packages/airflow/example_dags/example_dag_decorator.py
[2024-04-27T14:21:02.729+0000] {processor.py:839} INFO - DAG(s) dict_keys(['example_dag_decorator']) retrieved from /home/airflow/.local/lib/python3.8/site-packages/airflow/example_dags/example_dag_decorator.py
[2024-04-27T14:21:02.933+0000] {logging_mixin.py:151} INFO - [2024-04-27T14:21:02.933+0000] {dag.py:2907} INFO - Sync 1 DAGs
[2024-04-27T14:21:02.947+0000] {logging_mixin.py:151} INFO - [2024-04-27T14:21:02.947+0000] {dag.py:3677} INFO - Setting next_dagrun for example_dag_decorator to None, run_after=None
[2024-04-27T14:21:02.972+0000] {processor.py:179} INFO - Processing /home/airflow/.local/lib/python3.8/site-packages/airflow/example_dags/example_dag_decorator.py took 0.404 seconds
[2024-04-27T14:21:33.269+0000] {processor.py:157} INFO - Started process (PID=1319) to work on /home/airflow/.local/lib/python3.8/site-packages/airflow/example_dags/example_dag_decorator.py
[2024-04-27T14:21:33.270+0000] {processor.py:829} INFO - Processing file /home/airflow/.local/lib/python3.8/site-packages/airflow/example_dags/example_dag_decorator.py for tasks to queue
[2024-04-27T14:21:33.274+0000] {logging_mixin.py:151} INFO - [2024-04-27T14:21:33.273+0000] {dagbag.py:539} INFO - Filling up the DagBag from /home/airflow/.local/lib/python3.8/site-packages/airflow/example_dags/example_dag_decorator.py
[2024-04-27T14:21:33.406+0000] {processor.py:839} INFO - DAG(s) dict_keys(['example_dag_decorator']) retrieved from /home/airflow/.local/lib/python3.8/site-packages/airflow/example_dags/example_dag_decorator.py
[2024-04-27T14:21:33.594+0000] {logging_mixin.py:151} INFO - [2024-04-27T14:21:33.594+0000] {dag.py:2907} INFO - Sync 1 DAGs
[2024-04-27T14:21:33.611+0000] {logging_mixin.py:151} INFO - [2024-04-27T14:21:33.611+0000] {dag.py:3677} INFO - Setting next_dagrun for example_dag_decorator to None, run_after=None
[2024-04-27T14:21:33.640+0000] {processor.py:179} INFO - Processing /home/airflow/.local/lib/python3.8/site-packages/airflow/example_dags/example_dag_decorator.py took 0.374 seconds
[2024-04-27T14:22:03.788+0000] {processor.py:157} INFO - Started process (PID=1392) to work on /home/airflow/.local/lib/python3.8/site-packages/airflow/example_dags/example_dag_decorator.py
[2024-04-27T14:22:03.789+0000] {processor.py:829} INFO - Processing file /home/airflow/.local/lib/python3.8/site-packages/airflow/example_dags/example_dag_decorator.py for tasks to queue
[2024-04-27T14:22:03.791+0000] {logging_mixin.py:151} INFO - [2024-04-27T14:22:03.791+0000] {dagbag.py:539} INFO - Filling up the DagBag from /home/airflow/.local/lib/python3.8/site-packages/airflow/example_dags/example_dag_decorator.py
[2024-04-27T14:22:03.916+0000] {processor.py:839} INFO - DAG(s) dict_keys(['example_dag_decorator']) retrieved from /home/airflow/.local/lib/python3.8/site-packages/airflow/example_dags/example_dag_decorator.py
[2024-04-27T14:22:04.155+0000] {logging_mixin.py:151} INFO - [2024-04-27T14:22:04.154+0000] {dag.py:2907} INFO - Sync 1 DAGs
[2024-04-27T14:22:04.175+0000] {logging_mixin.py:151} INFO - [2024-04-27T14:22:04.175+0000] {dag.py:3677} INFO - Setting next_dagrun for example_dag_decorator to None, run_after=None
[2024-04-27T14:22:04.206+0000] {processor.py:179} INFO - Processing /home/airflow/.local/lib/python3.8/site-packages/airflow/example_dags/example_dag_decorator.py took 0.422 seconds
[2024-04-27T14:22:35.183+0000] {processor.py:157} INFO - Started process (PID=1457) to work on /home/airflow/.local/lib/python3.8/site-packages/airflow/example_dags/example_dag_decorator.py
[2024-04-27T14:22:35.184+0000] {processor.py:829} INFO - Processing file /home/airflow/.local/lib/python3.8/site-packages/airflow/example_dags/example_dag_decorator.py for tasks to queue
[2024-04-27T14:22:35.186+0000] {logging_mixin.py:151} INFO - [2024-04-27T14:22:35.186+0000] {dagbag.py:539} INFO - Filling up the DagBag from /home/airflow/.local/lib/python3.8/site-packages/airflow/example_dags/example_dag_decorator.py
[2024-04-27T14:22:35.305+0000] {processor.py:839} INFO - DAG(s) dict_keys(['example_dag_decorator']) retrieved from /home/airflow/.local/lib/python3.8/site-packages/airflow/example_dags/example_dag_decorator.py
[2024-04-27T14:22:35.486+0000] {logging_mixin.py:151} INFO - [2024-04-27T14:22:35.486+0000] {dag.py:2907} INFO - Sync 1 DAGs
[2024-04-27T14:22:35.505+0000] {logging_mixin.py:151} INFO - [2024-04-27T14:22:35.505+0000] {dag.py:3677} INFO - Setting next_dagrun for example_dag_decorator to None, run_after=None
[2024-04-27T14:22:35.530+0000] {processor.py:179} INFO - Processing /home/airflow/.local/lib/python3.8/site-packages/airflow/example_dags/example_dag_decorator.py took 0.351 seconds
[2024-04-27T14:23:06.617+0000] {processor.py:157} INFO - Started process (PID=1528) to work on /home/airflow/.local/lib/python3.8/site-packages/airflow/example_dags/example_dag_decorator.py
[2024-04-27T14:23:06.618+0000] {processor.py:829} INFO - Processing file /home/airflow/.local/lib/python3.8/site-packages/airflow/example_dags/example_dag_decorator.py for tasks to queue
[2024-04-27T14:23:06.621+0000] {logging_mixin.py:151} INFO - [2024-04-27T14:23:06.620+0000] {dagbag.py:539} INFO - Filling up the DagBag from /home/airflow/.local/lib/python3.8/site-packages/airflow/example_dags/example_dag_decorator.py
[2024-04-27T14:23:06.770+0000] {processor.py:839} INFO - DAG(s) dict_keys(['example_dag_decorator']) retrieved from /home/airflow/.local/lib/python3.8/site-packages/airflow/example_dags/example_dag_decorator.py
[2024-04-27T14:23:06.980+0000] {logging_mixin.py:151} INFO - [2024-04-27T14:23:06.980+0000] {dag.py:2907} INFO - Sync 1 DAGs
[2024-04-27T14:23:06.999+0000] {logging_mixin.py:151} INFO - [2024-04-27T14:23:06.999+0000] {dag.py:3677} INFO - Setting next_dagrun for example_dag_decorator to None, run_after=None
[2024-04-27T14:23:07.026+0000] {processor.py:179} INFO - Processing /home/airflow/.local/lib/python3.8/site-packages/airflow/example_dags/example_dag_decorator.py took 0.414 seconds
[2024-04-27T14:23:37.810+0000] {processor.py:157} INFO - Started process (PID=1592) to work on /home/airflow/.local/lib/python3.8/site-packages/airflow/example_dags/example_dag_decorator.py
[2024-04-27T14:23:37.812+0000] {processor.py:829} INFO - Processing file /home/airflow/.local/lib/python3.8/site-packages/airflow/example_dags/example_dag_decorator.py for tasks to queue
[2024-04-27T14:23:37.815+0000] {logging_mixin.py:151} INFO - [2024-04-27T14:23:37.815+0000] {dagbag.py:539} INFO - Filling up the DagBag from /home/airflow/.local/lib/python3.8/site-packages/airflow/example_dags/example_dag_decorator.py
[2024-04-27T14:23:37.969+0000] {processor.py:839} INFO - DAG(s) dict_keys(['example_dag_decorator']) retrieved from /home/airflow/.local/lib/python3.8/site-packages/airflow/example_dags/example_dag_decorator.py
[2024-04-27T14:23:38.004+0000] {logging_mixin.py:151} INFO - [2024-04-27T14:23:38.004+0000] {dag.py:2907} INFO - Sync 1 DAGs
[2024-04-27T14:23:38.026+0000] {logging_mixin.py:151} INFO - [2024-04-27T14:23:38.026+0000] {dag.py:3677} INFO - Setting next_dagrun for example_dag_decorator to None, run_after=None
[2024-04-27T14:23:38.060+0000] {processor.py:179} INFO - Processing /home/airflow/.local/lib/python3.8/site-packages/airflow/example_dags/example_dag_decorator.py took 0.255 seconds
[2024-04-27T14:24:08.616+0000] {processor.py:157} INFO - Started process (PID=1664) to work on /home/airflow/.local/lib/python3.8/site-packages/airflow/example_dags/example_dag_decorator.py
[2024-04-27T14:24:08.617+0000] {processor.py:829} INFO - Processing file /home/airflow/.local/lib/python3.8/site-packages/airflow/example_dags/example_dag_decorator.py for tasks to queue
[2024-04-27T14:24:08.620+0000] {logging_mixin.py:151} INFO - [2024-04-27T14:24:08.619+0000] {dagbag.py:539} INFO - Filling up the DagBag from /home/airflow/.local/lib/python3.8/site-packages/airflow/example_dags/example_dag_decorator.py
[2024-04-27T14:24:08.778+0000] {processor.py:839} INFO - DAG(s) dict_keys(['example_dag_decorator']) retrieved from /home/airflow/.local/lib/python3.8/site-packages/airflow/example_dags/example_dag_decorator.py
[2024-04-27T14:24:08.933+0000] {logging_mixin.py:151} INFO - [2024-04-27T14:24:08.932+0000] {dag.py:2907} INFO - Sync 1 DAGs
[2024-04-27T14:24:08.946+0000] {logging_mixin.py:151} INFO - [2024-04-27T14:24:08.945+0000] {dag.py:3677} INFO - Setting next_dagrun for example_dag_decorator to None, run_after=None
[2024-04-27T14:24:08.968+0000] {processor.py:179} INFO - Processing /home/airflow/.local/lib/python3.8/site-packages/airflow/example_dags/example_dag_decorator.py took 0.357 seconds
[2024-04-27T14:24:40.289+0000] {processor.py:157} INFO - Started process (PID=1729) to work on /home/airflow/.local/lib/python3.8/site-packages/airflow/example_dags/example_dag_decorator.py
[2024-04-27T14:24:40.289+0000] {processor.py:829} INFO - Processing file /home/airflow/.local/lib/python3.8/site-packages/airflow/example_dags/example_dag_decorator.py for tasks to queue
[2024-04-27T14:24:40.292+0000] {logging_mixin.py:151} INFO - [2024-04-27T14:24:40.292+0000] {dagbag.py:539} INFO - Filling up the DagBag from /home/airflow/.local/lib/python3.8/site-packages/airflow/example_dags/example_dag_decorator.py
[2024-04-27T14:24:40.420+0000] {processor.py:839} INFO - DAG(s) dict_keys(['example_dag_decorator']) retrieved from /home/airflow/.local/lib/python3.8/site-packages/airflow/example_dags/example_dag_decorator.py
[2024-04-27T14:24:40.645+0000] {logging_mixin.py:151} INFO - [2024-04-27T14:24:40.644+0000] {dag.py:2907} INFO - Sync 1 DAGs
[2024-04-27T14:24:40.679+0000] {logging_mixin.py:151} INFO - [2024-04-27T14:24:40.679+0000] {dag.py:3677} INFO - Setting next_dagrun for example_dag_decorator to None, run_after=None
[2024-04-27T14:24:40.719+0000] {processor.py:179} INFO - Processing /home/airflow/.local/lib/python3.8/site-packages/airflow/example_dags/example_dag_decorator.py took 0.437 seconds
[2024-04-27T14:25:10.973+0000] {processor.py:157} INFO - Started process (PID=1794) to work on /home/airflow/.local/lib/python3.8/site-packages/airflow/example_dags/example_dag_decorator.py
[2024-04-27T14:25:10.974+0000] {processor.py:829} INFO - Processing file /home/airflow/.local/lib/python3.8/site-packages/airflow/example_dags/example_dag_decorator.py for tasks to queue
[2024-04-27T14:25:10.976+0000] {logging_mixin.py:151} INFO - [2024-04-27T14:25:10.976+0000] {dagbag.py:539} INFO - Filling up the DagBag from /home/airflow/.local/lib/python3.8/site-packages/airflow/example_dags/example_dag_decorator.py
[2024-04-27T14:25:11.127+0000] {processor.py:839} INFO - DAG(s) dict_keys(['example_dag_decorator']) retrieved from /home/airflow/.local/lib/python3.8/site-packages/airflow/example_dags/example_dag_decorator.py
[2024-04-27T14:25:11.294+0000] {logging_mixin.py:151} INFO - [2024-04-27T14:25:11.294+0000] {dag.py:2907} INFO - Sync 1 DAGs
[2024-04-27T14:25:11.318+0000] {logging_mixin.py:151} INFO - [2024-04-27T14:25:11.318+0000] {dag.py:3677} INFO - Setting next_dagrun for example_dag_decorator to None, run_after=None
[2024-04-27T14:25:11.374+0000] {processor.py:179} INFO - Processing /home/airflow/.local/lib/python3.8/site-packages/airflow/example_dags/example_dag_decorator.py took 0.405 seconds
[2024-04-27T14:25:42.200+0000] {processor.py:157} INFO - Started process (PID=1867) to work on /home/airflow/.local/lib/python3.8/site-packages/airflow/example_dags/example_dag_decorator.py
[2024-04-27T14:25:42.201+0000] {processor.py:829} INFO - Processing file /home/airflow/.local/lib/python3.8/site-packages/airflow/example_dags/example_dag_decorator.py for tasks to queue
[2024-04-27T14:25:42.203+0000] {logging_mixin.py:151} INFO - [2024-04-27T14:25:42.203+0000] {dagbag.py:539} INFO - Filling up the DagBag from /home/airflow/.local/lib/python3.8/site-packages/airflow/example_dags/example_dag_decorator.py
[2024-04-27T14:25:42.346+0000] {processor.py:839} INFO - DAG(s) dict_keys(['example_dag_decorator']) retrieved from /home/airflow/.local/lib/python3.8/site-packages/airflow/example_dags/example_dag_decorator.py
[2024-04-27T14:25:42.522+0000] {logging_mixin.py:151} INFO - [2024-04-27T14:25:42.521+0000] {dag.py:2907} INFO - Sync 1 DAGs
[2024-04-27T14:25:42.535+0000] {logging_mixin.py:151} INFO - [2024-04-27T14:25:42.535+0000] {dag.py:3677} INFO - Setting next_dagrun for example_dag_decorator to None, run_after=None
[2024-04-27T14:25:42.558+0000] {processor.py:179} INFO - Processing /home/airflow/.local/lib/python3.8/site-packages/airflow/example_dags/example_dag_decorator.py took 0.363 seconds
