[2024-04-27T13:44:16.475+0000] {processor.py:153} INFO - Started process (PID=50) to work on /home/airflow/.local/lib/python3.7/site-packages/airflow/example_dags/example_trigger_target_dag.py
[2024-04-27T13:44:16.476+0000] {processor.py:743} INFO - Processing file /home/airflow/.local/lib/python3.7/site-packages/airflow/example_dags/example_trigger_target_dag.py for tasks to queue
[2024-04-27T13:44:16.477+0000] {logging_mixin.py:137} INFO - [2024-04-27T13:44:16.477+0000] {dagbag.py:538} INFO - Filling up the DagBag from /home/airflow/.local/lib/python3.7/site-packages/airflow/example_dags/example_trigger_target_dag.py
[2024-04-27T13:44:16.520+0000] {processor.py:753} INFO - DAG(s) dict_keys(['example_trigger_target_dag']) retrieved from /home/airflow/.local/lib/python3.7/site-packages/airflow/example_dags/example_trigger_target_dag.py
[2024-04-27T13:44:16.570+0000] {logging_mixin.py:137} INFO - [2024-04-27T13:44:16.569+0000] {dag.py:2690} INFO - Sync 1 DAGs
[2024-04-27T13:44:16.639+0000] {logging_mixin.py:137} INFO - [2024-04-27T13:44:16.639+0000] {dag.py:3441} INFO - Setting next_dagrun for example_trigger_target_dag to None, run_after=None
[2024-04-27T13:44:16.672+0000] {processor.py:175} INFO - Processing /home/airflow/.local/lib/python3.7/site-packages/airflow/example_dags/example_trigger_target_dag.py took 0.202 seconds
[2024-04-27T13:44:47.005+0000] {processor.py:153} INFO - Started process (PID=113) to work on /home/airflow/.local/lib/python3.7/site-packages/airflow/example_dags/example_trigger_target_dag.py
[2024-04-27T13:44:47.007+0000] {processor.py:743} INFO - Processing file /home/airflow/.local/lib/python3.7/site-packages/airflow/example_dags/example_trigger_target_dag.py for tasks to queue
[2024-04-27T13:44:47.008+0000] {logging_mixin.py:137} INFO - [2024-04-27T13:44:47.008+0000] {dagbag.py:538} INFO - Filling up the DagBag from /home/airflow/.local/lib/python3.7/site-packages/airflow/example_dags/example_trigger_target_dag.py
[2024-04-27T13:44:47.064+0000] {processor.py:753} INFO - DAG(s) dict_keys(['example_trigger_target_dag']) retrieved from /home/airflow/.local/lib/python3.7/site-packages/airflow/example_dags/example_trigger_target_dag.py
[2024-04-27T13:44:47.111+0000] {logging_mixin.py:137} INFO - [2024-04-27T13:44:47.110+0000] {dag.py:2690} INFO - Sync 1 DAGs
[2024-04-27T13:44:47.159+0000] {logging_mixin.py:137} INFO - [2024-04-27T13:44:47.158+0000] {dag.py:3441} INFO - Setting next_dagrun for example_trigger_target_dag to None, run_after=None
[2024-04-27T13:44:47.196+0000] {processor.py:175} INFO - Processing /home/airflow/.local/lib/python3.7/site-packages/airflow/example_dags/example_trigger_target_dag.py took 0.196 seconds
[2024-04-27T13:45:17.681+0000] {processor.py:153} INFO - Started process (PID=177) to work on /home/airflow/.local/lib/python3.7/site-packages/airflow/example_dags/example_trigger_target_dag.py
[2024-04-27T13:45:17.683+0000] {processor.py:743} INFO - Processing file /home/airflow/.local/lib/python3.7/site-packages/airflow/example_dags/example_trigger_target_dag.py for tasks to queue
[2024-04-27T13:45:17.684+0000] {logging_mixin.py:137} INFO - [2024-04-27T13:45:17.684+0000] {dagbag.py:538} INFO - Filling up the DagBag from /home/airflow/.local/lib/python3.7/site-packages/airflow/example_dags/example_trigger_target_dag.py
[2024-04-27T13:45:17.729+0000] {processor.py:753} INFO - DAG(s) dict_keys(['example_trigger_target_dag']) retrieved from /home/airflow/.local/lib/python3.7/site-packages/airflow/example_dags/example_trigger_target_dag.py
[2024-04-27T13:45:17.773+0000] {logging_mixin.py:137} INFO - [2024-04-27T13:45:17.773+0000] {dag.py:2690} INFO - Sync 1 DAGs
[2024-04-27T13:45:17.836+0000] {logging_mixin.py:137} INFO - [2024-04-27T13:45:17.836+0000] {dag.py:3441} INFO - Setting next_dagrun for example_trigger_target_dag to None, run_after=None
[2024-04-27T13:45:17.869+0000] {processor.py:175} INFO - Processing /home/airflow/.local/lib/python3.7/site-packages/airflow/example_dags/example_trigger_target_dag.py took 0.195 seconds
[2024-04-27T13:45:48.292+0000] {processor.py:153} INFO - Started process (PID=247) to work on /home/airflow/.local/lib/python3.7/site-packages/airflow/example_dags/example_trigger_target_dag.py
[2024-04-27T13:45:48.293+0000] {processor.py:743} INFO - Processing file /home/airflow/.local/lib/python3.7/site-packages/airflow/example_dags/example_trigger_target_dag.py for tasks to queue
[2024-04-27T13:45:48.294+0000] {logging_mixin.py:137} INFO - [2024-04-27T13:45:48.293+0000] {dagbag.py:538} INFO - Filling up the DagBag from /home/airflow/.local/lib/python3.7/site-packages/airflow/example_dags/example_trigger_target_dag.py
[2024-04-27T13:45:48.333+0000] {processor.py:753} INFO - DAG(s) dict_keys(['example_trigger_target_dag']) retrieved from /home/airflow/.local/lib/python3.7/site-packages/airflow/example_dags/example_trigger_target_dag.py
[2024-04-27T13:45:48.379+0000] {logging_mixin.py:137} INFO - [2024-04-27T13:45:48.378+0000] {dag.py:2690} INFO - Sync 1 DAGs
[2024-04-27T13:45:48.446+0000] {logging_mixin.py:137} INFO - [2024-04-27T13:45:48.446+0000] {dag.py:3441} INFO - Setting next_dagrun for example_trigger_target_dag to None, run_after=None
[2024-04-27T13:45:48.490+0000] {processor.py:175} INFO - Processing /home/airflow/.local/lib/python3.7/site-packages/airflow/example_dags/example_trigger_target_dag.py took 0.204 seconds
[2024-04-27T13:46:18.677+0000] {processor.py:153} INFO - Started process (PID=316) to work on /home/airflow/.local/lib/python3.7/site-packages/airflow/example_dags/example_trigger_target_dag.py
[2024-04-27T13:46:18.678+0000] {processor.py:743} INFO - Processing file /home/airflow/.local/lib/python3.7/site-packages/airflow/example_dags/example_trigger_target_dag.py for tasks to queue
[2024-04-27T13:46:18.679+0000] {logging_mixin.py:137} INFO - [2024-04-27T13:46:18.679+0000] {dagbag.py:538} INFO - Filling up the DagBag from /home/airflow/.local/lib/python3.7/site-packages/airflow/example_dags/example_trigger_target_dag.py
[2024-04-27T13:46:18.707+0000] {processor.py:753} INFO - DAG(s) dict_keys(['example_trigger_target_dag']) retrieved from /home/airflow/.local/lib/python3.7/site-packages/airflow/example_dags/example_trigger_target_dag.py
[2024-04-27T13:46:18.740+0000] {logging_mixin.py:137} INFO - [2024-04-27T13:46:18.740+0000] {dag.py:2690} INFO - Sync 1 DAGs
[2024-04-27T13:46:18.776+0000] {logging_mixin.py:137} INFO - [2024-04-27T13:46:18.776+0000] {dag.py:3441} INFO - Setting next_dagrun for example_trigger_target_dag to None, run_after=None
[2024-04-27T13:46:18.803+0000] {processor.py:175} INFO - Processing /home/airflow/.local/lib/python3.7/site-packages/airflow/example_dags/example_trigger_target_dag.py took 0.130 seconds
[2024-04-27T13:46:48.861+0000] {processor.py:153} INFO - Started process (PID=379) to work on /home/airflow/.local/lib/python3.7/site-packages/airflow/example_dags/example_trigger_target_dag.py
[2024-04-27T13:46:48.862+0000] {processor.py:743} INFO - Processing file /home/airflow/.local/lib/python3.7/site-packages/airflow/example_dags/example_trigger_target_dag.py for tasks to queue
[2024-04-27T13:46:48.864+0000] {logging_mixin.py:137} INFO - [2024-04-27T13:46:48.863+0000] {dagbag.py:538} INFO - Filling up the DagBag from /home/airflow/.local/lib/python3.7/site-packages/airflow/example_dags/example_trigger_target_dag.py
[2024-04-27T13:46:48.911+0000] {processor.py:753} INFO - DAG(s) dict_keys(['example_trigger_target_dag']) retrieved from /home/airflow/.local/lib/python3.7/site-packages/airflow/example_dags/example_trigger_target_dag.py
[2024-04-27T13:46:48.945+0000] {logging_mixin.py:137} INFO - [2024-04-27T13:46:48.944+0000] {dag.py:2690} INFO - Sync 1 DAGs
[2024-04-27T13:46:48.979+0000] {logging_mixin.py:137} INFO - [2024-04-27T13:46:48.979+0000] {dag.py:3441} INFO - Setting next_dagrun for example_trigger_target_dag to None, run_after=None
[2024-04-27T13:46:49.008+0000] {processor.py:175} INFO - Processing /home/airflow/.local/lib/python3.7/site-packages/airflow/example_dags/example_trigger_target_dag.py took 0.152 seconds
[2024-04-27T13:47:19.756+0000] {processor.py:153} INFO - Started process (PID=444) to work on /home/airflow/.local/lib/python3.7/site-packages/airflow/example_dags/example_trigger_target_dag.py
[2024-04-27T13:47:19.757+0000] {processor.py:743} INFO - Processing file /home/airflow/.local/lib/python3.7/site-packages/airflow/example_dags/example_trigger_target_dag.py for tasks to queue
[2024-04-27T13:47:19.757+0000] {logging_mixin.py:137} INFO - [2024-04-27T13:47:19.757+0000] {dagbag.py:538} INFO - Filling up the DagBag from /home/airflow/.local/lib/python3.7/site-packages/airflow/example_dags/example_trigger_target_dag.py
[2024-04-27T13:47:19.795+0000] {processor.py:753} INFO - DAG(s) dict_keys(['example_trigger_target_dag']) retrieved from /home/airflow/.local/lib/python3.7/site-packages/airflow/example_dags/example_trigger_target_dag.py
[2024-04-27T13:47:19.835+0000] {logging_mixin.py:137} INFO - [2024-04-27T13:47:19.835+0000] {dag.py:2690} INFO - Sync 1 DAGs
[2024-04-27T13:47:19.877+0000] {logging_mixin.py:137} INFO - [2024-04-27T13:47:19.876+0000] {dag.py:3441} INFO - Setting next_dagrun for example_trigger_target_dag to None, run_after=None
[2024-04-27T13:47:19.904+0000] {processor.py:175} INFO - Processing /home/airflow/.local/lib/python3.7/site-packages/airflow/example_dags/example_trigger_target_dag.py took 0.159 seconds
[2024-04-27T13:47:50.274+0000] {processor.py:153} INFO - Started process (PID=508) to work on /home/airflow/.local/lib/python3.7/site-packages/airflow/example_dags/example_trigger_target_dag.py
[2024-04-27T13:47:50.275+0000] {processor.py:743} INFO - Processing file /home/airflow/.local/lib/python3.7/site-packages/airflow/example_dags/example_trigger_target_dag.py for tasks to queue
[2024-04-27T13:47:50.275+0000] {logging_mixin.py:137} INFO - [2024-04-27T13:47:50.275+0000] {dagbag.py:538} INFO - Filling up the DagBag from /home/airflow/.local/lib/python3.7/site-packages/airflow/example_dags/example_trigger_target_dag.py
[2024-04-27T13:47:50.313+0000] {processor.py:753} INFO - DAG(s) dict_keys(['example_trigger_target_dag']) retrieved from /home/airflow/.local/lib/python3.7/site-packages/airflow/example_dags/example_trigger_target_dag.py
[2024-04-27T13:47:50.371+0000] {logging_mixin.py:137} INFO - [2024-04-27T13:47:50.370+0000] {dag.py:2690} INFO - Sync 1 DAGs
[2024-04-27T13:47:50.423+0000] {logging_mixin.py:137} INFO - [2024-04-27T13:47:50.423+0000] {dag.py:3441} INFO - Setting next_dagrun for example_trigger_target_dag to None, run_after=None
[2024-04-27T13:47:50.454+0000] {processor.py:175} INFO - Processing /home/airflow/.local/lib/python3.7/site-packages/airflow/example_dags/example_trigger_target_dag.py took 0.184 seconds
[2024-04-27T13:48:21.209+0000] {processor.py:153} INFO - Started process (PID=581) to work on /home/airflow/.local/lib/python3.7/site-packages/airflow/example_dags/example_trigger_target_dag.py
[2024-04-27T13:48:21.214+0000] {processor.py:743} INFO - Processing file /home/airflow/.local/lib/python3.7/site-packages/airflow/example_dags/example_trigger_target_dag.py for tasks to queue
[2024-04-27T13:48:21.215+0000] {logging_mixin.py:137} INFO - [2024-04-27T13:48:21.215+0000] {dagbag.py:538} INFO - Filling up the DagBag from /home/airflow/.local/lib/python3.7/site-packages/airflow/example_dags/example_trigger_target_dag.py
[2024-04-27T13:48:21.265+0000] {processor.py:753} INFO - DAG(s) dict_keys(['example_trigger_target_dag']) retrieved from /home/airflow/.local/lib/python3.7/site-packages/airflow/example_dags/example_trigger_target_dag.py
[2024-04-27T13:48:21.311+0000] {logging_mixin.py:137} INFO - [2024-04-27T13:48:21.311+0000] {dag.py:2690} INFO - Sync 1 DAGs
[2024-04-27T13:48:21.364+0000] {logging_mixin.py:137} INFO - [2024-04-27T13:48:21.363+0000] {dag.py:3441} INFO - Setting next_dagrun for example_trigger_target_dag to None, run_after=None
[2024-04-27T13:48:21.401+0000] {processor.py:175} INFO - Processing /home/airflow/.local/lib/python3.7/site-packages/airflow/example_dags/example_trigger_target_dag.py took 0.197 seconds
[2024-04-27T13:48:51.512+0000] {processor.py:153} INFO - Started process (PID=648) to work on /home/airflow/.local/lib/python3.7/site-packages/airflow/example_dags/example_trigger_target_dag.py
[2024-04-27T13:48:51.514+0000] {processor.py:743} INFO - Processing file /home/airflow/.local/lib/python3.7/site-packages/airflow/example_dags/example_trigger_target_dag.py for tasks to queue
[2024-04-27T13:48:51.515+0000] {logging_mixin.py:137} INFO - [2024-04-27T13:48:51.514+0000] {dagbag.py:538} INFO - Filling up the DagBag from /home/airflow/.local/lib/python3.7/site-packages/airflow/example_dags/example_trigger_target_dag.py
[2024-04-27T13:48:51.555+0000] {processor.py:753} INFO - DAG(s) dict_keys(['example_trigger_target_dag']) retrieved from /home/airflow/.local/lib/python3.7/site-packages/airflow/example_dags/example_trigger_target_dag.py
[2024-04-27T13:48:51.599+0000] {logging_mixin.py:137} INFO - [2024-04-27T13:48:51.599+0000] {dag.py:2690} INFO - Sync 1 DAGs
[2024-04-27T13:48:51.650+0000] {logging_mixin.py:137} INFO - [2024-04-27T13:48:51.650+0000] {dag.py:3441} INFO - Setting next_dagrun for example_trigger_target_dag to None, run_after=None
[2024-04-27T13:48:51.686+0000] {processor.py:175} INFO - Processing /home/airflow/.local/lib/python3.7/site-packages/airflow/example_dags/example_trigger_target_dag.py took 0.179 seconds
[2024-04-27T13:49:22.465+0000] {processor.py:153} INFO - Started process (PID=712) to work on /home/airflow/.local/lib/python3.7/site-packages/airflow/example_dags/example_trigger_target_dag.py
[2024-04-27T13:49:22.466+0000] {processor.py:743} INFO - Processing file /home/airflow/.local/lib/python3.7/site-packages/airflow/example_dags/example_trigger_target_dag.py for tasks to queue
[2024-04-27T13:49:22.467+0000] {logging_mixin.py:137} INFO - [2024-04-27T13:49:22.467+0000] {dagbag.py:538} INFO - Filling up the DagBag from /home/airflow/.local/lib/python3.7/site-packages/airflow/example_dags/example_trigger_target_dag.py
[2024-04-27T13:49:22.502+0000] {processor.py:753} INFO - DAG(s) dict_keys(['example_trigger_target_dag']) retrieved from /home/airflow/.local/lib/python3.7/site-packages/airflow/example_dags/example_trigger_target_dag.py
[2024-04-27T13:49:22.540+0000] {logging_mixin.py:137} INFO - [2024-04-27T13:49:22.540+0000] {dag.py:2690} INFO - Sync 1 DAGs
[2024-04-27T13:49:22.579+0000] {logging_mixin.py:137} INFO - [2024-04-27T13:49:22.579+0000] {dag.py:3441} INFO - Setting next_dagrun for example_trigger_target_dag to None, run_after=None
[2024-04-27T13:49:22.604+0000] {processor.py:175} INFO - Processing /home/airflow/.local/lib/python3.7/site-packages/airflow/example_dags/example_trigger_target_dag.py took 0.143 seconds
[2024-04-27T13:49:52.807+0000] {processor.py:153} INFO - Started process (PID=776) to work on /home/airflow/.local/lib/python3.7/site-packages/airflow/example_dags/example_trigger_target_dag.py
[2024-04-27T13:49:52.808+0000] {processor.py:743} INFO - Processing file /home/airflow/.local/lib/python3.7/site-packages/airflow/example_dags/example_trigger_target_dag.py for tasks to queue
[2024-04-27T13:49:52.809+0000] {logging_mixin.py:137} INFO - [2024-04-27T13:49:52.809+0000] {dagbag.py:538} INFO - Filling up the DagBag from /home/airflow/.local/lib/python3.7/site-packages/airflow/example_dags/example_trigger_target_dag.py
[2024-04-27T13:49:52.852+0000] {processor.py:753} INFO - DAG(s) dict_keys(['example_trigger_target_dag']) retrieved from /home/airflow/.local/lib/python3.7/site-packages/airflow/example_dags/example_trigger_target_dag.py
[2024-04-27T13:49:52.900+0000] {logging_mixin.py:137} INFO - [2024-04-27T13:49:52.900+0000] {dag.py:2690} INFO - Sync 1 DAGs
[2024-04-27T13:49:52.942+0000] {logging_mixin.py:137} INFO - [2024-04-27T13:49:52.942+0000] {dag.py:3441} INFO - Setting next_dagrun for example_trigger_target_dag to None, run_after=None
[2024-04-27T13:49:52.978+0000] {processor.py:175} INFO - Processing /home/airflow/.local/lib/python3.7/site-packages/airflow/example_dags/example_trigger_target_dag.py took 0.176 seconds
[2024-04-27T13:50:23.470+0000] {processor.py:153} INFO - Started process (PID=838) to work on /home/airflow/.local/lib/python3.7/site-packages/airflow/example_dags/example_trigger_target_dag.py
[2024-04-27T13:50:23.471+0000] {processor.py:743} INFO - Processing file /home/airflow/.local/lib/python3.7/site-packages/airflow/example_dags/example_trigger_target_dag.py for tasks to queue
[2024-04-27T13:50:23.472+0000] {logging_mixin.py:137} INFO - [2024-04-27T13:50:23.472+0000] {dagbag.py:538} INFO - Filling up the DagBag from /home/airflow/.local/lib/python3.7/site-packages/airflow/example_dags/example_trigger_target_dag.py
[2024-04-27T13:50:23.503+0000] {processor.py:753} INFO - DAG(s) dict_keys(['example_trigger_target_dag']) retrieved from /home/airflow/.local/lib/python3.7/site-packages/airflow/example_dags/example_trigger_target_dag.py
[2024-04-27T13:50:23.548+0000] {logging_mixin.py:137} INFO - [2024-04-27T13:50:23.547+0000] {dag.py:2690} INFO - Sync 1 DAGs
[2024-04-27T13:50:23.582+0000] {logging_mixin.py:137} INFO - [2024-04-27T13:50:23.582+0000] {dag.py:3441} INFO - Setting next_dagrun for example_trigger_target_dag to None, run_after=None
[2024-04-27T13:50:23.611+0000] {processor.py:175} INFO - Processing /home/airflow/.local/lib/python3.7/site-packages/airflow/example_dags/example_trigger_target_dag.py took 0.144 seconds
[2024-04-27T13:50:54.414+0000] {processor.py:153} INFO - Started process (PID=913) to work on /home/airflow/.local/lib/python3.7/site-packages/airflow/example_dags/example_trigger_target_dag.py
[2024-04-27T13:50:54.415+0000] {processor.py:743} INFO - Processing file /home/airflow/.local/lib/python3.7/site-packages/airflow/example_dags/example_trigger_target_dag.py for tasks to queue
[2024-04-27T13:50:54.417+0000] {logging_mixin.py:137} INFO - [2024-04-27T13:50:54.416+0000] {dagbag.py:538} INFO - Filling up the DagBag from /home/airflow/.local/lib/python3.7/site-packages/airflow/example_dags/example_trigger_target_dag.py
[2024-04-27T13:50:54.460+0000] {processor.py:753} INFO - DAG(s) dict_keys(['example_trigger_target_dag']) retrieved from /home/airflow/.local/lib/python3.7/site-packages/airflow/example_dags/example_trigger_target_dag.py
[2024-04-27T13:50:54.513+0000] {logging_mixin.py:137} INFO - [2024-04-27T13:50:54.513+0000] {dag.py:2690} INFO - Sync 1 DAGs
[2024-04-27T13:50:54.570+0000] {logging_mixin.py:137} INFO - [2024-04-27T13:50:54.569+0000] {dag.py:3441} INFO - Setting next_dagrun for example_trigger_target_dag to None, run_after=None
[2024-04-27T13:50:54.610+0000] {processor.py:175} INFO - Processing /home/airflow/.local/lib/python3.7/site-packages/airflow/example_dags/example_trigger_target_dag.py took 0.206 seconds
[2024-04-27T13:51:25.342+0000] {processor.py:153} INFO - Started process (PID=976) to work on /home/airflow/.local/lib/python3.7/site-packages/airflow/example_dags/example_trigger_target_dag.py
[2024-04-27T13:51:25.343+0000] {processor.py:743} INFO - Processing file /home/airflow/.local/lib/python3.7/site-packages/airflow/example_dags/example_trigger_target_dag.py for tasks to queue
[2024-04-27T13:51:25.344+0000] {logging_mixin.py:137} INFO - [2024-04-27T13:51:25.343+0000] {dagbag.py:538} INFO - Filling up the DagBag from /home/airflow/.local/lib/python3.7/site-packages/airflow/example_dags/example_trigger_target_dag.py
[2024-04-27T13:51:25.377+0000] {processor.py:753} INFO - DAG(s) dict_keys(['example_trigger_target_dag']) retrieved from /home/airflow/.local/lib/python3.7/site-packages/airflow/example_dags/example_trigger_target_dag.py
[2024-04-27T13:51:25.412+0000] {logging_mixin.py:137} INFO - [2024-04-27T13:51:25.412+0000] {dag.py:2690} INFO - Sync 1 DAGs
[2024-04-27T13:51:25.445+0000] {logging_mixin.py:137} INFO - [2024-04-27T13:51:25.445+0000] {dag.py:3441} INFO - Setting next_dagrun for example_trigger_target_dag to None, run_after=None
[2024-04-27T13:51:25.469+0000] {processor.py:175} INFO - Processing /home/airflow/.local/lib/python3.7/site-packages/airflow/example_dags/example_trigger_target_dag.py took 0.131 seconds
[2024-04-27T13:51:56.202+0000] {processor.py:153} INFO - Started process (PID=1038) to work on /home/airflow/.local/lib/python3.7/site-packages/airflow/example_dags/example_trigger_target_dag.py
[2024-04-27T13:51:56.203+0000] {processor.py:743} INFO - Processing file /home/airflow/.local/lib/python3.7/site-packages/airflow/example_dags/example_trigger_target_dag.py for tasks to queue
[2024-04-27T13:51:56.204+0000] {logging_mixin.py:137} INFO - [2024-04-27T13:51:56.204+0000] {dagbag.py:538} INFO - Filling up the DagBag from /home/airflow/.local/lib/python3.7/site-packages/airflow/example_dags/example_trigger_target_dag.py
[2024-04-27T13:51:56.254+0000] {processor.py:753} INFO - DAG(s) dict_keys(['example_trigger_target_dag']) retrieved from /home/airflow/.local/lib/python3.7/site-packages/airflow/example_dags/example_trigger_target_dag.py
[2024-04-27T13:51:56.308+0000] {logging_mixin.py:137} INFO - [2024-04-27T13:51:56.308+0000] {dag.py:2690} INFO - Sync 1 DAGs
[2024-04-27T13:51:56.464+0000] {logging_mixin.py:137} INFO - [2024-04-27T13:51:56.464+0000] {dag.py:3441} INFO - Setting next_dagrun for example_trigger_target_dag to None, run_after=None
[2024-04-27T13:51:56.530+0000] {processor.py:175} INFO - Processing /home/airflow/.local/lib/python3.7/site-packages/airflow/example_dags/example_trigger_target_dag.py took 0.334 seconds
[2024-04-27T13:52:27.468+0000] {processor.py:153} INFO - Started process (PID=1111) to work on /home/airflow/.local/lib/python3.7/site-packages/airflow/example_dags/example_trigger_target_dag.py
[2024-04-27T13:52:27.469+0000] {processor.py:743} INFO - Processing file /home/airflow/.local/lib/python3.7/site-packages/airflow/example_dags/example_trigger_target_dag.py for tasks to queue
[2024-04-27T13:52:27.470+0000] {logging_mixin.py:137} INFO - [2024-04-27T13:52:27.470+0000] {dagbag.py:538} INFO - Filling up the DagBag from /home/airflow/.local/lib/python3.7/site-packages/airflow/example_dags/example_trigger_target_dag.py
[2024-04-27T13:52:27.501+0000] {processor.py:753} INFO - DAG(s) dict_keys(['example_trigger_target_dag']) retrieved from /home/airflow/.local/lib/python3.7/site-packages/airflow/example_dags/example_trigger_target_dag.py
[2024-04-27T13:52:27.536+0000] {logging_mixin.py:137} INFO - [2024-04-27T13:52:27.536+0000] {dag.py:2690} INFO - Sync 1 DAGs
[2024-04-27T13:52:27.570+0000] {logging_mixin.py:137} INFO - [2024-04-27T13:52:27.570+0000] {dag.py:3441} INFO - Setting next_dagrun for example_trigger_target_dag to None, run_after=None
[2024-04-27T13:52:27.604+0000] {processor.py:175} INFO - Processing /home/airflow/.local/lib/python3.7/site-packages/airflow/example_dags/example_trigger_target_dag.py took 0.141 seconds
[2024-04-27T13:52:58.328+0000] {processor.py:153} INFO - Started process (PID=1178) to work on /home/airflow/.local/lib/python3.7/site-packages/airflow/example_dags/example_trigger_target_dag.py
[2024-04-27T13:52:58.329+0000] {processor.py:743} INFO - Processing file /home/airflow/.local/lib/python3.7/site-packages/airflow/example_dags/example_trigger_target_dag.py for tasks to queue
[2024-04-27T13:52:58.330+0000] {logging_mixin.py:137} INFO - [2024-04-27T13:52:58.329+0000] {dagbag.py:538} INFO - Filling up the DagBag from /home/airflow/.local/lib/python3.7/site-packages/airflow/example_dags/example_trigger_target_dag.py
[2024-04-27T13:52:58.364+0000] {processor.py:753} INFO - DAG(s) dict_keys(['example_trigger_target_dag']) retrieved from /home/airflow/.local/lib/python3.7/site-packages/airflow/example_dags/example_trigger_target_dag.py
[2024-04-27T13:52:58.409+0000] {logging_mixin.py:137} INFO - [2024-04-27T13:52:58.409+0000] {dag.py:2690} INFO - Sync 1 DAGs
[2024-04-27T13:52:58.461+0000] {logging_mixin.py:137} INFO - [2024-04-27T13:52:58.460+0000] {dag.py:3441} INFO - Setting next_dagrun for example_trigger_target_dag to None, run_after=None
[2024-04-27T13:52:58.491+0000] {processor.py:175} INFO - Processing /home/airflow/.local/lib/python3.7/site-packages/airflow/example_dags/example_trigger_target_dag.py took 0.169 seconds
[2024-04-27T13:53:29.120+0000] {processor.py:153} INFO - Started process (PID=1241) to work on /home/airflow/.local/lib/python3.7/site-packages/airflow/example_dags/example_trigger_target_dag.py
[2024-04-27T13:53:29.122+0000] {processor.py:743} INFO - Processing file /home/airflow/.local/lib/python3.7/site-packages/airflow/example_dags/example_trigger_target_dag.py for tasks to queue
[2024-04-27T13:53:29.123+0000] {logging_mixin.py:137} INFO - [2024-04-27T13:53:29.123+0000] {dagbag.py:538} INFO - Filling up the DagBag from /home/airflow/.local/lib/python3.7/site-packages/airflow/example_dags/example_trigger_target_dag.py
[2024-04-27T13:53:29.152+0000] {processor.py:753} INFO - DAG(s) dict_keys(['example_trigger_target_dag']) retrieved from /home/airflow/.local/lib/python3.7/site-packages/airflow/example_dags/example_trigger_target_dag.py
[2024-04-27T13:53:29.186+0000] {logging_mixin.py:137} INFO - [2024-04-27T13:53:29.186+0000] {dag.py:2690} INFO - Sync 1 DAGs
[2024-04-27T13:53:29.226+0000] {logging_mixin.py:137} INFO - [2024-04-27T13:53:29.226+0000] {dag.py:3441} INFO - Setting next_dagrun for example_trigger_target_dag to None, run_after=None
[2024-04-27T13:53:29.286+0000] {processor.py:175} INFO - Processing /home/airflow/.local/lib/python3.7/site-packages/airflow/example_dags/example_trigger_target_dag.py took 0.173 seconds
[2024-04-27T13:53:59.584+0000] {processor.py:153} INFO - Started process (PID=1305) to work on /home/airflow/.local/lib/python3.7/site-packages/airflow/example_dags/example_trigger_target_dag.py
[2024-04-27T13:53:59.585+0000] {processor.py:743} INFO - Processing file /home/airflow/.local/lib/python3.7/site-packages/airflow/example_dags/example_trigger_target_dag.py for tasks to queue
[2024-04-27T13:53:59.586+0000] {logging_mixin.py:137} INFO - [2024-04-27T13:53:59.586+0000] {dagbag.py:538} INFO - Filling up the DagBag from /home/airflow/.local/lib/python3.7/site-packages/airflow/example_dags/example_trigger_target_dag.py
[2024-04-27T13:53:59.617+0000] {processor.py:753} INFO - DAG(s) dict_keys(['example_trigger_target_dag']) retrieved from /home/airflow/.local/lib/python3.7/site-packages/airflow/example_dags/example_trigger_target_dag.py
[2024-04-27T13:53:59.660+0000] {logging_mixin.py:137} INFO - [2024-04-27T13:53:59.660+0000] {dag.py:2690} INFO - Sync 1 DAGs
[2024-04-27T13:53:59.711+0000] {logging_mixin.py:137} INFO - [2024-04-27T13:53:59.710+0000] {dag.py:3441} INFO - Setting next_dagrun for example_trigger_target_dag to None, run_after=None
[2024-04-27T13:53:59.748+0000] {processor.py:175} INFO - Processing /home/airflow/.local/lib/python3.7/site-packages/airflow/example_dags/example_trigger_target_dag.py took 0.169 seconds
[2024-04-27T14:03:11.004+0000] {processor.py:157} INFO - Started process (PID=50) to work on /home/airflow/.local/lib/python3.8/site-packages/airflow/example_dags/example_trigger_target_dag.py
[2024-04-27T14:03:11.011+0000] {processor.py:829} INFO - Processing file /home/airflow/.local/lib/python3.8/site-packages/airflow/example_dags/example_trigger_target_dag.py for tasks to queue
[2024-04-27T14:03:11.015+0000] {logging_mixin.py:151} INFO - [2024-04-27T14:03:11.015+0000] {dagbag.py:539} INFO - Filling up the DagBag from /home/airflow/.local/lib/python3.8/site-packages/airflow/example_dags/example_trigger_target_dag.py
[2024-04-27T14:03:11.055+0000] {processor.py:839} INFO - DAG(s) dict_keys(['example_trigger_target_dag']) retrieved from /home/airflow/.local/lib/python3.8/site-packages/airflow/example_dags/example_trigger_target_dag.py
[2024-04-27T14:03:12.087+0000] {logging_mixin.py:151} INFO - [2024-04-27T14:03:12.087+0000] {manager.py:501} INFO - Created Permission View: can read on DAG:example_trigger_target_dag
[2024-04-27T14:03:12.126+0000] {logging_mixin.py:151} INFO - [2024-04-27T14:03:12.125+0000] {manager.py:501} INFO - Created Permission View: can edit on DAG:example_trigger_target_dag
[2024-04-27T14:03:12.151+0000] {logging_mixin.py:151} INFO - [2024-04-27T14:03:12.151+0000] {manager.py:501} INFO - Created Permission View: can delete on DAG:example_trigger_target_dag
[2024-04-27T14:03:12.211+0000] {logging_mixin.py:151} INFO - [2024-04-27T14:03:12.210+0000] {dag.py:2907} INFO - Sync 1 DAGs
[2024-04-27T14:03:12.254+0000] {logging_mixin.py:151} INFO - [2024-04-27T14:03:12.253+0000] {dag.py:2929} INFO - Creating ORM DAG for example_trigger_target_dag
[2024-04-27T14:03:12.254+0000] {logging_mixin.py:151} INFO - [2024-04-27T14:03:12.254+0000] {dag.py:3677} INFO - Setting next_dagrun for example_trigger_target_dag to None, run_after=None
[2024-04-27T14:03:12.320+0000] {processor.py:179} INFO - Processing /home/airflow/.local/lib/python3.8/site-packages/airflow/example_dags/example_trigger_target_dag.py took 1.336 seconds
[2024-04-27T14:03:42.858+0000] {processor.py:157} INFO - Started process (PID=113) to work on /home/airflow/.local/lib/python3.8/site-packages/airflow/example_dags/example_trigger_target_dag.py
[2024-04-27T14:03:42.871+0000] {processor.py:829} INFO - Processing file /home/airflow/.local/lib/python3.8/site-packages/airflow/example_dags/example_trigger_target_dag.py for tasks to queue
[2024-04-27T14:03:42.874+0000] {logging_mixin.py:151} INFO - [2024-04-27T14:03:42.874+0000] {dagbag.py:539} INFO - Filling up the DagBag from /home/airflow/.local/lib/python3.8/site-packages/airflow/example_dags/example_trigger_target_dag.py
[2024-04-27T14:03:42.899+0000] {processor.py:839} INFO - DAG(s) dict_keys(['example_trigger_target_dag']) retrieved from /home/airflow/.local/lib/python3.8/site-packages/airflow/example_dags/example_trigger_target_dag.py
[2024-04-27T14:03:42.956+0000] {logging_mixin.py:151} INFO - [2024-04-27T14:03:42.956+0000] {dag.py:2907} INFO - Sync 1 DAGs
[2024-04-27T14:03:42.997+0000] {logging_mixin.py:151} INFO - [2024-04-27T14:03:42.996+0000] {dag.py:3677} INFO - Setting next_dagrun for example_trigger_target_dag to None, run_after=None
[2024-04-27T14:03:43.040+0000] {processor.py:179} INFO - Processing /home/airflow/.local/lib/python3.8/site-packages/airflow/example_dags/example_trigger_target_dag.py took 0.200 seconds
[2024-04-27T14:04:13.104+0000] {processor.py:157} INFO - Started process (PID=176) to work on /home/airflow/.local/lib/python3.8/site-packages/airflow/example_dags/example_trigger_target_dag.py
[2024-04-27T14:04:13.105+0000] {processor.py:829} INFO - Processing file /home/airflow/.local/lib/python3.8/site-packages/airflow/example_dags/example_trigger_target_dag.py for tasks to queue
[2024-04-27T14:04:13.108+0000] {logging_mixin.py:151} INFO - [2024-04-27T14:04:13.107+0000] {dagbag.py:539} INFO - Filling up the DagBag from /home/airflow/.local/lib/python3.8/site-packages/airflow/example_dags/example_trigger_target_dag.py
[2024-04-27T14:04:13.115+0000] {processor.py:839} INFO - DAG(s) dict_keys(['example_trigger_target_dag']) retrieved from /home/airflow/.local/lib/python3.8/site-packages/airflow/example_dags/example_trigger_target_dag.py
[2024-04-27T14:04:13.140+0000] {logging_mixin.py:151} INFO - [2024-04-27T14:04:13.139+0000] {dag.py:2907} INFO - Sync 1 DAGs
[2024-04-27T14:04:13.156+0000] {logging_mixin.py:151} INFO - [2024-04-27T14:04:13.156+0000] {dag.py:3677} INFO - Setting next_dagrun for example_trigger_target_dag to None, run_after=None
[2024-04-27T14:04:13.179+0000] {processor.py:179} INFO - Processing /home/airflow/.local/lib/python3.8/site-packages/airflow/example_dags/example_trigger_target_dag.py took 0.079 seconds
[2024-04-27T14:04:43.314+0000] {processor.py:157} INFO - Started process (PID=238) to work on /home/airflow/.local/lib/python3.8/site-packages/airflow/example_dags/example_trigger_target_dag.py
[2024-04-27T14:04:43.316+0000] {processor.py:829} INFO - Processing file /home/airflow/.local/lib/python3.8/site-packages/airflow/example_dags/example_trigger_target_dag.py for tasks to queue
[2024-04-27T14:04:43.319+0000] {logging_mixin.py:151} INFO - [2024-04-27T14:04:43.318+0000] {dagbag.py:539} INFO - Filling up the DagBag from /home/airflow/.local/lib/python3.8/site-packages/airflow/example_dags/example_trigger_target_dag.py
[2024-04-27T14:04:43.328+0000] {processor.py:839} INFO - DAG(s) dict_keys(['example_trigger_target_dag']) retrieved from /home/airflow/.local/lib/python3.8/site-packages/airflow/example_dags/example_trigger_target_dag.py
[2024-04-27T14:04:43.353+0000] {logging_mixin.py:151} INFO - [2024-04-27T14:04:43.352+0000] {dag.py:2907} INFO - Sync 1 DAGs
[2024-04-27T14:04:43.369+0000] {logging_mixin.py:151} INFO - [2024-04-27T14:04:43.368+0000] {dag.py:3677} INFO - Setting next_dagrun for example_trigger_target_dag to None, run_after=None
[2024-04-27T14:04:43.401+0000] {processor.py:179} INFO - Processing /home/airflow/.local/lib/python3.8/site-packages/airflow/example_dags/example_trigger_target_dag.py took 0.092 seconds
[2024-04-27T14:05:13.641+0000] {processor.py:157} INFO - Started process (PID=301) to work on /home/airflow/.local/lib/python3.8/site-packages/airflow/example_dags/example_trigger_target_dag.py
[2024-04-27T14:05:13.643+0000] {processor.py:829} INFO - Processing file /home/airflow/.local/lib/python3.8/site-packages/airflow/example_dags/example_trigger_target_dag.py for tasks to queue
[2024-04-27T14:05:13.649+0000] {logging_mixin.py:151} INFO - [2024-04-27T14:05:13.649+0000] {dagbag.py:539} INFO - Filling up the DagBag from /home/airflow/.local/lib/python3.8/site-packages/airflow/example_dags/example_trigger_target_dag.py
[2024-04-27T14:05:13.659+0000] {processor.py:839} INFO - DAG(s) dict_keys(['example_trigger_target_dag']) retrieved from /home/airflow/.local/lib/python3.8/site-packages/airflow/example_dags/example_trigger_target_dag.py
[2024-04-27T14:05:13.693+0000] {logging_mixin.py:151} INFO - [2024-04-27T14:05:13.692+0000] {dag.py:2907} INFO - Sync 1 DAGs
[2024-04-27T14:05:13.715+0000] {logging_mixin.py:151} INFO - [2024-04-27T14:05:13.715+0000] {dag.py:3677} INFO - Setting next_dagrun for example_trigger_target_dag to None, run_after=None
[2024-04-27T14:05:13.747+0000] {processor.py:179} INFO - Processing /home/airflow/.local/lib/python3.8/site-packages/airflow/example_dags/example_trigger_target_dag.py took 0.119 seconds
[2024-04-27T14:05:44.011+0000] {processor.py:157} INFO - Started process (PID=374) to work on /home/airflow/.local/lib/python3.8/site-packages/airflow/example_dags/example_trigger_target_dag.py
[2024-04-27T14:05:44.012+0000] {processor.py:829} INFO - Processing file /home/airflow/.local/lib/python3.8/site-packages/airflow/example_dags/example_trigger_target_dag.py for tasks to queue
[2024-04-27T14:05:44.016+0000] {logging_mixin.py:151} INFO - [2024-04-27T14:05:44.015+0000] {dagbag.py:539} INFO - Filling up the DagBag from /home/airflow/.local/lib/python3.8/site-packages/airflow/example_dags/example_trigger_target_dag.py
[2024-04-27T14:05:44.025+0000] {processor.py:839} INFO - DAG(s) dict_keys(['example_trigger_target_dag']) retrieved from /home/airflow/.local/lib/python3.8/site-packages/airflow/example_dags/example_trigger_target_dag.py
[2024-04-27T14:05:44.076+0000] {logging_mixin.py:151} INFO - [2024-04-27T14:05:44.076+0000] {dag.py:2907} INFO - Sync 1 DAGs
[2024-04-27T14:05:44.099+0000] {logging_mixin.py:151} INFO - [2024-04-27T14:05:44.099+0000] {dag.py:3677} INFO - Setting next_dagrun for example_trigger_target_dag to None, run_after=None
[2024-04-27T14:05:44.130+0000] {processor.py:179} INFO - Processing /home/airflow/.local/lib/python3.8/site-packages/airflow/example_dags/example_trigger_target_dag.py took 0.125 seconds
[2024-04-27T14:06:14.344+0000] {processor.py:157} INFO - Started process (PID=437) to work on /home/airflow/.local/lib/python3.8/site-packages/airflow/example_dags/example_trigger_target_dag.py
[2024-04-27T14:06:14.345+0000] {processor.py:829} INFO - Processing file /home/airflow/.local/lib/python3.8/site-packages/airflow/example_dags/example_trigger_target_dag.py for tasks to queue
[2024-04-27T14:06:14.348+0000] {logging_mixin.py:151} INFO - [2024-04-27T14:06:14.347+0000] {dagbag.py:539} INFO - Filling up the DagBag from /home/airflow/.local/lib/python3.8/site-packages/airflow/example_dags/example_trigger_target_dag.py
[2024-04-27T14:06:14.355+0000] {processor.py:839} INFO - DAG(s) dict_keys(['example_trigger_target_dag']) retrieved from /home/airflow/.local/lib/python3.8/site-packages/airflow/example_dags/example_trigger_target_dag.py
[2024-04-27T14:06:14.382+0000] {logging_mixin.py:151} INFO - [2024-04-27T14:06:14.381+0000] {dag.py:2907} INFO - Sync 1 DAGs
[2024-04-27T14:06:14.397+0000] {logging_mixin.py:151} INFO - [2024-04-27T14:06:14.397+0000] {dag.py:3677} INFO - Setting next_dagrun for example_trigger_target_dag to None, run_after=None
[2024-04-27T14:06:14.424+0000] {processor.py:179} INFO - Processing /home/airflow/.local/lib/python3.8/site-packages/airflow/example_dags/example_trigger_target_dag.py took 0.084 seconds
[2024-04-27T14:06:44.748+0000] {processor.py:157} INFO - Started process (PID=501) to work on /home/airflow/.local/lib/python3.8/site-packages/airflow/example_dags/example_trigger_target_dag.py
[2024-04-27T14:06:44.749+0000] {processor.py:829} INFO - Processing file /home/airflow/.local/lib/python3.8/site-packages/airflow/example_dags/example_trigger_target_dag.py for tasks to queue
[2024-04-27T14:06:44.751+0000] {logging_mixin.py:151} INFO - [2024-04-27T14:06:44.751+0000] {dagbag.py:539} INFO - Filling up the DagBag from /home/airflow/.local/lib/python3.8/site-packages/airflow/example_dags/example_trigger_target_dag.py
[2024-04-27T14:06:44.760+0000] {processor.py:839} INFO - DAG(s) dict_keys(['example_trigger_target_dag']) retrieved from /home/airflow/.local/lib/python3.8/site-packages/airflow/example_dags/example_trigger_target_dag.py
[2024-04-27T14:06:44.787+0000] {logging_mixin.py:151} INFO - [2024-04-27T14:06:44.786+0000] {dag.py:2907} INFO - Sync 1 DAGs
[2024-04-27T14:06:44.804+0000] {logging_mixin.py:151} INFO - [2024-04-27T14:06:44.803+0000] {dag.py:3677} INFO - Setting next_dagrun for example_trigger_target_dag to None, run_after=None
[2024-04-27T14:06:44.827+0000] {processor.py:179} INFO - Processing /home/airflow/.local/lib/python3.8/site-packages/airflow/example_dags/example_trigger_target_dag.py took 0.083 seconds
[2024-04-27T14:07:15.033+0000] {processor.py:157} INFO - Started process (PID=573) to work on /home/airflow/.local/lib/python3.8/site-packages/airflow/example_dags/example_trigger_target_dag.py
[2024-04-27T14:07:15.035+0000] {processor.py:829} INFO - Processing file /home/airflow/.local/lib/python3.8/site-packages/airflow/example_dags/example_trigger_target_dag.py for tasks to queue
[2024-04-27T14:07:15.038+0000] {logging_mixin.py:151} INFO - [2024-04-27T14:07:15.037+0000] {dagbag.py:539} INFO - Filling up the DagBag from /home/airflow/.local/lib/python3.8/site-packages/airflow/example_dags/example_trigger_target_dag.py
[2024-04-27T14:07:15.046+0000] {processor.py:839} INFO - DAG(s) dict_keys(['example_trigger_target_dag']) retrieved from /home/airflow/.local/lib/python3.8/site-packages/airflow/example_dags/example_trigger_target_dag.py
[2024-04-27T14:07:15.085+0000] {logging_mixin.py:151} INFO - [2024-04-27T14:07:15.085+0000] {dag.py:2907} INFO - Sync 1 DAGs
[2024-04-27T14:07:15.108+0000] {logging_mixin.py:151} INFO - [2024-04-27T14:07:15.108+0000] {dag.py:3677} INFO - Setting next_dagrun for example_trigger_target_dag to None, run_after=None
[2024-04-27T14:07:15.136+0000] {processor.py:179} INFO - Processing /home/airflow/.local/lib/python3.8/site-packages/airflow/example_dags/example_trigger_target_dag.py took 0.108 seconds
[2024-04-27T14:07:45.453+0000] {processor.py:157} INFO - Started process (PID=638) to work on /home/airflow/.local/lib/python3.8/site-packages/airflow/example_dags/example_trigger_target_dag.py
[2024-04-27T14:07:45.454+0000] {processor.py:829} INFO - Processing file /home/airflow/.local/lib/python3.8/site-packages/airflow/example_dags/example_trigger_target_dag.py for tasks to queue
[2024-04-27T14:07:45.457+0000] {logging_mixin.py:151} INFO - [2024-04-27T14:07:45.456+0000] {dagbag.py:539} INFO - Filling up the DagBag from /home/airflow/.local/lib/python3.8/site-packages/airflow/example_dags/example_trigger_target_dag.py
[2024-04-27T14:07:45.465+0000] {processor.py:839} INFO - DAG(s) dict_keys(['example_trigger_target_dag']) retrieved from /home/airflow/.local/lib/python3.8/site-packages/airflow/example_dags/example_trigger_target_dag.py
[2024-04-27T14:07:45.501+0000] {logging_mixin.py:151} INFO - [2024-04-27T14:07:45.501+0000] {dag.py:2907} INFO - Sync 1 DAGs
[2024-04-27T14:07:45.525+0000] {logging_mixin.py:151} INFO - [2024-04-27T14:07:45.525+0000] {dag.py:3677} INFO - Setting next_dagrun for example_trigger_target_dag to None, run_after=None
[2024-04-27T14:07:45.558+0000] {processor.py:179} INFO - Processing /home/airflow/.local/lib/python3.8/site-packages/airflow/example_dags/example_trigger_target_dag.py took 0.111 seconds
[2024-04-27T14:11:39.292+0000] {processor.py:157} INFO - Started process (PID=42) to work on /home/airflow/.local/lib/python3.8/site-packages/airflow/example_dags/example_trigger_target_dag.py
[2024-04-27T14:11:39.307+0000] {processor.py:829} INFO - Processing file /home/airflow/.local/lib/python3.8/site-packages/airflow/example_dags/example_trigger_target_dag.py for tasks to queue
[2024-04-27T14:11:39.310+0000] {logging_mixin.py:151} INFO - [2024-04-27T14:11:39.310+0000] {dagbag.py:539} INFO - Filling up the DagBag from /home/airflow/.local/lib/python3.8/site-packages/airflow/example_dags/example_trigger_target_dag.py
[2024-04-27T14:11:39.337+0000] {processor.py:839} INFO - DAG(s) dict_keys(['example_trigger_target_dag']) retrieved from /home/airflow/.local/lib/python3.8/site-packages/airflow/example_dags/example_trigger_target_dag.py
[2024-04-27T14:11:39.368+0000] {logging_mixin.py:151} INFO - [2024-04-27T14:11:39.368+0000] {dag.py:2907} INFO - Sync 1 DAGs
[2024-04-27T14:11:39.392+0000] {logging_mixin.py:151} INFO - [2024-04-27T14:11:39.391+0000] {dag.py:3677} INFO - Setting next_dagrun for example_trigger_target_dag to None, run_after=None
[2024-04-27T14:11:39.560+0000] {processor.py:179} INFO - Processing /home/airflow/.local/lib/python3.8/site-packages/airflow/example_dags/example_trigger_target_dag.py took 0.273 seconds
[2024-04-27T14:12:09.867+0000] {processor.py:157} INFO - Started process (PID=103) to work on /home/airflow/.local/lib/python3.8/site-packages/airflow/example_dags/example_trigger_target_dag.py
[2024-04-27T14:12:09.868+0000] {processor.py:829} INFO - Processing file /home/airflow/.local/lib/python3.8/site-packages/airflow/example_dags/example_trigger_target_dag.py for tasks to queue
[2024-04-27T14:12:09.870+0000] {logging_mixin.py:151} INFO - [2024-04-27T14:12:09.870+0000] {dagbag.py:539} INFO - Filling up the DagBag from /home/airflow/.local/lib/python3.8/site-packages/airflow/example_dags/example_trigger_target_dag.py
[2024-04-27T14:12:09.877+0000] {processor.py:839} INFO - DAG(s) dict_keys(['example_trigger_target_dag']) retrieved from /home/airflow/.local/lib/python3.8/site-packages/airflow/example_dags/example_trigger_target_dag.py
[2024-04-27T14:12:09.902+0000] {logging_mixin.py:151} INFO - [2024-04-27T14:12:09.902+0000] {dag.py:2907} INFO - Sync 1 DAGs
[2024-04-27T14:12:09.918+0000] {logging_mixin.py:151} INFO - [2024-04-27T14:12:09.918+0000] {dag.py:3677} INFO - Setting next_dagrun for example_trigger_target_dag to None, run_after=None
[2024-04-27T14:12:09.940+0000] {processor.py:179} INFO - Processing /home/airflow/.local/lib/python3.8/site-packages/airflow/example_dags/example_trigger_target_dag.py took 0.077 seconds
[2024-04-27T14:12:40.031+0000] {processor.py:157} INFO - Started process (PID=173) to work on /home/airflow/.local/lib/python3.8/site-packages/airflow/example_dags/example_trigger_target_dag.py
[2024-04-27T14:12:40.032+0000] {processor.py:829} INFO - Processing file /home/airflow/.local/lib/python3.8/site-packages/airflow/example_dags/example_trigger_target_dag.py for tasks to queue
[2024-04-27T14:12:40.040+0000] {logging_mixin.py:151} INFO - [2024-04-27T14:12:40.039+0000] {dagbag.py:539} INFO - Filling up the DagBag from /home/airflow/.local/lib/python3.8/site-packages/airflow/example_dags/example_trigger_target_dag.py
[2024-04-27T14:12:40.051+0000] {processor.py:839} INFO - DAG(s) dict_keys(['example_trigger_target_dag']) retrieved from /home/airflow/.local/lib/python3.8/site-packages/airflow/example_dags/example_trigger_target_dag.py
[2024-04-27T14:12:40.084+0000] {logging_mixin.py:151} INFO - [2024-04-27T14:12:40.083+0000] {dag.py:2907} INFO - Sync 1 DAGs
[2024-04-27T14:12:40.105+0000] {logging_mixin.py:151} INFO - [2024-04-27T14:12:40.104+0000] {dag.py:3677} INFO - Setting next_dagrun for example_trigger_target_dag to None, run_after=None
[2024-04-27T14:12:40.135+0000] {processor.py:179} INFO - Processing /home/airflow/.local/lib/python3.8/site-packages/airflow/example_dags/example_trigger_target_dag.py took 0.109 seconds
[2024-04-27T14:13:10.536+0000] {processor.py:157} INFO - Started process (PID=236) to work on /home/airflow/.local/lib/python3.8/site-packages/airflow/example_dags/example_trigger_target_dag.py
[2024-04-27T14:13:10.537+0000] {processor.py:829} INFO - Processing file /home/airflow/.local/lib/python3.8/site-packages/airflow/example_dags/example_trigger_target_dag.py for tasks to queue
[2024-04-27T14:13:10.539+0000] {logging_mixin.py:151} INFO - [2024-04-27T14:13:10.539+0000] {dagbag.py:539} INFO - Filling up the DagBag from /home/airflow/.local/lib/python3.8/site-packages/airflow/example_dags/example_trigger_target_dag.py
[2024-04-27T14:13:10.546+0000] {processor.py:839} INFO - DAG(s) dict_keys(['example_trigger_target_dag']) retrieved from /home/airflow/.local/lib/python3.8/site-packages/airflow/example_dags/example_trigger_target_dag.py
[2024-04-27T14:13:10.569+0000] {logging_mixin.py:151} INFO - [2024-04-27T14:13:10.569+0000] {dag.py:2907} INFO - Sync 1 DAGs
[2024-04-27T14:13:10.584+0000] {logging_mixin.py:151} INFO - [2024-04-27T14:13:10.584+0000] {dag.py:3677} INFO - Setting next_dagrun for example_trigger_target_dag to None, run_after=None
[2024-04-27T14:13:10.608+0000] {processor.py:179} INFO - Processing /home/airflow/.local/lib/python3.8/site-packages/airflow/example_dags/example_trigger_target_dag.py took 0.075 seconds
[2024-04-27T14:13:40.845+0000] {processor.py:157} INFO - Started process (PID=298) to work on /home/airflow/.local/lib/python3.8/site-packages/airflow/example_dags/example_trigger_target_dag.py
[2024-04-27T14:13:40.846+0000] {processor.py:829} INFO - Processing file /home/airflow/.local/lib/python3.8/site-packages/airflow/example_dags/example_trigger_target_dag.py for tasks to queue
[2024-04-27T14:13:40.848+0000] {logging_mixin.py:151} INFO - [2024-04-27T14:13:40.848+0000] {dagbag.py:539} INFO - Filling up the DagBag from /home/airflow/.local/lib/python3.8/site-packages/airflow/example_dags/example_trigger_target_dag.py
[2024-04-27T14:13:40.855+0000] {processor.py:839} INFO - DAG(s) dict_keys(['example_trigger_target_dag']) retrieved from /home/airflow/.local/lib/python3.8/site-packages/airflow/example_dags/example_trigger_target_dag.py
[2024-04-27T14:13:40.880+0000] {logging_mixin.py:151} INFO - [2024-04-27T14:13:40.880+0000] {dag.py:2907} INFO - Sync 1 DAGs
[2024-04-27T14:13:40.898+0000] {logging_mixin.py:151} INFO - [2024-04-27T14:13:40.898+0000] {dag.py:3677} INFO - Setting next_dagrun for example_trigger_target_dag to None, run_after=None
[2024-04-27T14:13:40.920+0000] {processor.py:179} INFO - Processing /home/airflow/.local/lib/python3.8/site-packages/airflow/example_dags/example_trigger_target_dag.py took 0.079 seconds
[2024-04-27T14:14:11.185+0000] {processor.py:157} INFO - Started process (PID=362) to work on /home/airflow/.local/lib/python3.8/site-packages/airflow/example_dags/example_trigger_target_dag.py
[2024-04-27T14:14:11.186+0000] {processor.py:829} INFO - Processing file /home/airflow/.local/lib/python3.8/site-packages/airflow/example_dags/example_trigger_target_dag.py for tasks to queue
[2024-04-27T14:14:11.189+0000] {logging_mixin.py:151} INFO - [2024-04-27T14:14:11.188+0000] {dagbag.py:539} INFO - Filling up the DagBag from /home/airflow/.local/lib/python3.8/site-packages/airflow/example_dags/example_trigger_target_dag.py
[2024-04-27T14:14:11.199+0000] {processor.py:839} INFO - DAG(s) dict_keys(['example_trigger_target_dag']) retrieved from /home/airflow/.local/lib/python3.8/site-packages/airflow/example_dags/example_trigger_target_dag.py
[2024-04-27T14:14:11.225+0000] {logging_mixin.py:151} INFO - [2024-04-27T14:14:11.225+0000] {dag.py:2907} INFO - Sync 1 DAGs
[2024-04-27T14:14:11.241+0000] {logging_mixin.py:151} INFO - [2024-04-27T14:14:11.241+0000] {dag.py:3677} INFO - Setting next_dagrun for example_trigger_target_dag to None, run_after=None
[2024-04-27T14:14:11.266+0000] {processor.py:179} INFO - Processing /home/airflow/.local/lib/python3.8/site-packages/airflow/example_dags/example_trigger_target_dag.py took 0.085 seconds
[2024-04-27T14:14:41.541+0000] {processor.py:157} INFO - Started process (PID=434) to work on /home/airflow/.local/lib/python3.8/site-packages/airflow/example_dags/example_trigger_target_dag.py
[2024-04-27T14:14:41.550+0000] {processor.py:829} INFO - Processing file /home/airflow/.local/lib/python3.8/site-packages/airflow/example_dags/example_trigger_target_dag.py for tasks to queue
[2024-04-27T14:14:41.553+0000] {logging_mixin.py:151} INFO - [2024-04-27T14:14:41.553+0000] {dagbag.py:539} INFO - Filling up the DagBag from /home/airflow/.local/lib/python3.8/site-packages/airflow/example_dags/example_trigger_target_dag.py
[2024-04-27T14:14:41.586+0000] {processor.py:839} INFO - DAG(s) dict_keys(['example_trigger_target_dag']) retrieved from /home/airflow/.local/lib/python3.8/site-packages/airflow/example_dags/example_trigger_target_dag.py
[2024-04-27T14:14:41.703+0000] {logging_mixin.py:151} INFO - [2024-04-27T14:14:41.703+0000] {dag.py:2907} INFO - Sync 1 DAGs
[2024-04-27T14:14:41.749+0000] {logging_mixin.py:151} INFO - [2024-04-27T14:14:41.749+0000] {dag.py:3677} INFO - Setting next_dagrun for example_trigger_target_dag to None, run_after=None
[2024-04-27T14:14:41.803+0000] {processor.py:179} INFO - Processing /home/airflow/.local/lib/python3.8/site-packages/airflow/example_dags/example_trigger_target_dag.py took 0.279 seconds
[2024-04-27T14:15:11.872+0000] {processor.py:157} INFO - Started process (PID=498) to work on /home/airflow/.local/lib/python3.8/site-packages/airflow/example_dags/example_trigger_target_dag.py
[2024-04-27T14:15:11.873+0000] {processor.py:829} INFO - Processing file /home/airflow/.local/lib/python3.8/site-packages/airflow/example_dags/example_trigger_target_dag.py for tasks to queue
[2024-04-27T14:15:11.875+0000] {logging_mixin.py:151} INFO - [2024-04-27T14:15:11.875+0000] {dagbag.py:539} INFO - Filling up the DagBag from /home/airflow/.local/lib/python3.8/site-packages/airflow/example_dags/example_trigger_target_dag.py
[2024-04-27T14:15:11.881+0000] {processor.py:839} INFO - DAG(s) dict_keys(['example_trigger_target_dag']) retrieved from /home/airflow/.local/lib/python3.8/site-packages/airflow/example_dags/example_trigger_target_dag.py
[2024-04-27T14:15:11.904+0000] {logging_mixin.py:151} INFO - [2024-04-27T14:15:11.904+0000] {dag.py:2907} INFO - Sync 1 DAGs
[2024-04-27T14:15:11.919+0000] {logging_mixin.py:151} INFO - [2024-04-27T14:15:11.919+0000] {dag.py:3677} INFO - Setting next_dagrun for example_trigger_target_dag to None, run_after=None
[2024-04-27T14:15:11.941+0000] {processor.py:179} INFO - Processing /home/airflow/.local/lib/python3.8/site-packages/airflow/example_dags/example_trigger_target_dag.py took 0.073 seconds
[2024-04-27T14:15:42.452+0000] {processor.py:157} INFO - Started process (PID=564) to work on /home/airflow/.local/lib/python3.8/site-packages/airflow/example_dags/example_trigger_target_dag.py
[2024-04-27T14:15:42.453+0000] {processor.py:829} INFO - Processing file /home/airflow/.local/lib/python3.8/site-packages/airflow/example_dags/example_trigger_target_dag.py for tasks to queue
[2024-04-27T14:15:42.455+0000] {logging_mixin.py:151} INFO - [2024-04-27T14:15:42.455+0000] {dagbag.py:539} INFO - Filling up the DagBag from /home/airflow/.local/lib/python3.8/site-packages/airflow/example_dags/example_trigger_target_dag.py
[2024-04-27T14:15:42.462+0000] {processor.py:839} INFO - DAG(s) dict_keys(['example_trigger_target_dag']) retrieved from /home/airflow/.local/lib/python3.8/site-packages/airflow/example_dags/example_trigger_target_dag.py
[2024-04-27T14:15:42.487+0000] {logging_mixin.py:151} INFO - [2024-04-27T14:15:42.487+0000] {dag.py:2907} INFO - Sync 1 DAGs
[2024-04-27T14:15:42.502+0000] {logging_mixin.py:151} INFO - [2024-04-27T14:15:42.502+0000] {dag.py:3677} INFO - Setting next_dagrun for example_trigger_target_dag to None, run_after=None
[2024-04-27T14:15:42.524+0000] {processor.py:179} INFO - Processing /home/airflow/.local/lib/python3.8/site-packages/airflow/example_dags/example_trigger_target_dag.py took 0.076 seconds
[2024-04-27T14:16:12.856+0000] {processor.py:157} INFO - Started process (PID=627) to work on /home/airflow/.local/lib/python3.8/site-packages/airflow/example_dags/example_trigger_target_dag.py
[2024-04-27T14:16:12.858+0000] {processor.py:829} INFO - Processing file /home/airflow/.local/lib/python3.8/site-packages/airflow/example_dags/example_trigger_target_dag.py for tasks to queue
[2024-04-27T14:16:12.861+0000] {logging_mixin.py:151} INFO - [2024-04-27T14:16:12.860+0000] {dagbag.py:539} INFO - Filling up the DagBag from /home/airflow/.local/lib/python3.8/site-packages/airflow/example_dags/example_trigger_target_dag.py
[2024-04-27T14:16:12.871+0000] {processor.py:839} INFO - DAG(s) dict_keys(['example_trigger_target_dag']) retrieved from /home/airflow/.local/lib/python3.8/site-packages/airflow/example_dags/example_trigger_target_dag.py
[2024-04-27T14:16:12.905+0000] {logging_mixin.py:151} INFO - [2024-04-27T14:16:12.904+0000] {dag.py:2907} INFO - Sync 1 DAGs
[2024-04-27T14:16:12.928+0000] {logging_mixin.py:151} INFO - [2024-04-27T14:16:12.928+0000] {dag.py:3677} INFO - Setting next_dagrun for example_trigger_target_dag to None, run_after=None
[2024-04-27T14:16:12.958+0000] {processor.py:179} INFO - Processing /home/airflow/.local/lib/python3.8/site-packages/airflow/example_dags/example_trigger_target_dag.py took 0.107 seconds
[2024-04-27T14:16:43.755+0000] {processor.py:157} INFO - Started process (PID=700) to work on /home/airflow/.local/lib/python3.8/site-packages/airflow/example_dags/example_trigger_target_dag.py
[2024-04-27T14:16:43.757+0000] {processor.py:829} INFO - Processing file /home/airflow/.local/lib/python3.8/site-packages/airflow/example_dags/example_trigger_target_dag.py for tasks to queue
[2024-04-27T14:16:43.763+0000] {logging_mixin.py:151} INFO - [2024-04-27T14:16:43.762+0000] {dagbag.py:539} INFO - Filling up the DagBag from /home/airflow/.local/lib/python3.8/site-packages/airflow/example_dags/example_trigger_target_dag.py
[2024-04-27T14:16:43.775+0000] {processor.py:839} INFO - DAG(s) dict_keys(['example_trigger_target_dag']) retrieved from /home/airflow/.local/lib/python3.8/site-packages/airflow/example_dags/example_trigger_target_dag.py
[2024-04-27T14:16:43.808+0000] {logging_mixin.py:151} INFO - [2024-04-27T14:16:43.808+0000] {dag.py:2907} INFO - Sync 1 DAGs
[2024-04-27T14:16:43.830+0000] {logging_mixin.py:151} INFO - [2024-04-27T14:16:43.830+0000] {dag.py:3677} INFO - Setting next_dagrun for example_trigger_target_dag to None, run_after=None
[2024-04-27T14:16:43.859+0000] {processor.py:179} INFO - Processing /home/airflow/.local/lib/python3.8/site-packages/airflow/example_dags/example_trigger_target_dag.py took 0.113 seconds
[2024-04-27T14:17:13.923+0000] {processor.py:157} INFO - Started process (PID=764) to work on /home/airflow/.local/lib/python3.8/site-packages/airflow/example_dags/example_trigger_target_dag.py
[2024-04-27T14:17:13.924+0000] {processor.py:829} INFO - Processing file /home/airflow/.local/lib/python3.8/site-packages/airflow/example_dags/example_trigger_target_dag.py for tasks to queue
[2024-04-27T14:17:13.926+0000] {logging_mixin.py:151} INFO - [2024-04-27T14:17:13.926+0000] {dagbag.py:539} INFO - Filling up the DagBag from /home/airflow/.local/lib/python3.8/site-packages/airflow/example_dags/example_trigger_target_dag.py
[2024-04-27T14:17:13.933+0000] {processor.py:839} INFO - DAG(s) dict_keys(['example_trigger_target_dag']) retrieved from /home/airflow/.local/lib/python3.8/site-packages/airflow/example_dags/example_trigger_target_dag.py
[2024-04-27T14:17:13.966+0000] {logging_mixin.py:151} INFO - [2024-04-27T14:17:13.966+0000] {dag.py:2907} INFO - Sync 1 DAGs
[2024-04-27T14:17:13.982+0000] {logging_mixin.py:151} INFO - [2024-04-27T14:17:13.982+0000] {dag.py:3677} INFO - Setting next_dagrun for example_trigger_target_dag to None, run_after=None
[2024-04-27T14:17:14.009+0000] {processor.py:179} INFO - Processing /home/airflow/.local/lib/python3.8/site-packages/airflow/example_dags/example_trigger_target_dag.py took 0.091 seconds
[2024-04-27T14:17:44.299+0000] {processor.py:157} INFO - Started process (PID=828) to work on /home/airflow/.local/lib/python3.8/site-packages/airflow/example_dags/example_trigger_target_dag.py
[2024-04-27T14:17:44.300+0000] {processor.py:829} INFO - Processing file /home/airflow/.local/lib/python3.8/site-packages/airflow/example_dags/example_trigger_target_dag.py for tasks to queue
[2024-04-27T14:17:44.303+0000] {logging_mixin.py:151} INFO - [2024-04-27T14:17:44.303+0000] {dagbag.py:539} INFO - Filling up the DagBag from /home/airflow/.local/lib/python3.8/site-packages/airflow/example_dags/example_trigger_target_dag.py
[2024-04-27T14:17:44.312+0000] {processor.py:839} INFO - DAG(s) dict_keys(['example_trigger_target_dag']) retrieved from /home/airflow/.local/lib/python3.8/site-packages/airflow/example_dags/example_trigger_target_dag.py
[2024-04-27T14:17:44.338+0000] {logging_mixin.py:151} INFO - [2024-04-27T14:17:44.338+0000] {dag.py:2907} INFO - Sync 1 DAGs
[2024-04-27T14:17:44.356+0000] {logging_mixin.py:151} INFO - [2024-04-27T14:17:44.356+0000] {dag.py:3677} INFO - Setting next_dagrun for example_trigger_target_dag to None, run_after=None
[2024-04-27T14:17:44.386+0000] {processor.py:179} INFO - Processing /home/airflow/.local/lib/python3.8/site-packages/airflow/example_dags/example_trigger_target_dag.py took 0.093 seconds
[2024-04-27T14:18:14.685+0000] {processor.py:157} INFO - Started process (PID=892) to work on /home/airflow/.local/lib/python3.8/site-packages/airflow/example_dags/example_trigger_target_dag.py
[2024-04-27T14:18:14.687+0000] {processor.py:829} INFO - Processing file /home/airflow/.local/lib/python3.8/site-packages/airflow/example_dags/example_trigger_target_dag.py for tasks to queue
[2024-04-27T14:18:14.691+0000] {logging_mixin.py:151} INFO - [2024-04-27T14:18:14.690+0000] {dagbag.py:539} INFO - Filling up the DagBag from /home/airflow/.local/lib/python3.8/site-packages/airflow/example_dags/example_trigger_target_dag.py
[2024-04-27T14:18:14.699+0000] {processor.py:839} INFO - DAG(s) dict_keys(['example_trigger_target_dag']) retrieved from /home/airflow/.local/lib/python3.8/site-packages/airflow/example_dags/example_trigger_target_dag.py
[2024-04-27T14:18:14.729+0000] {logging_mixin.py:151} INFO - [2024-04-27T14:18:14.729+0000] {dag.py:2907} INFO - Sync 1 DAGs
[2024-04-27T14:18:14.753+0000] {logging_mixin.py:151} INFO - [2024-04-27T14:18:14.753+0000] {dag.py:3677} INFO - Setting next_dagrun for example_trigger_target_dag to None, run_after=None
[2024-04-27T14:18:14.783+0000] {processor.py:179} INFO - Processing /home/airflow/.local/lib/python3.8/site-packages/airflow/example_dags/example_trigger_target_dag.py took 0.106 seconds
[2024-04-27T14:18:44.844+0000] {processor.py:157} INFO - Started process (PID=962) to work on /home/airflow/.local/lib/python3.8/site-packages/airflow/example_dags/example_trigger_target_dag.py
[2024-04-27T14:18:44.845+0000] {processor.py:829} INFO - Processing file /home/airflow/.local/lib/python3.8/site-packages/airflow/example_dags/example_trigger_target_dag.py for tasks to queue
[2024-04-27T14:18:44.849+0000] {logging_mixin.py:151} INFO - [2024-04-27T14:18:44.849+0000] {dagbag.py:539} INFO - Filling up the DagBag from /home/airflow/.local/lib/python3.8/site-packages/airflow/example_dags/example_trigger_target_dag.py
[2024-04-27T14:18:44.857+0000] {processor.py:839} INFO - DAG(s) dict_keys(['example_trigger_target_dag']) retrieved from /home/airflow/.local/lib/python3.8/site-packages/airflow/example_dags/example_trigger_target_dag.py
[2024-04-27T14:18:44.888+0000] {logging_mixin.py:151} INFO - [2024-04-27T14:18:44.888+0000] {dag.py:2907} INFO - Sync 1 DAGs
[2024-04-27T14:18:44.916+0000] {logging_mixin.py:151} INFO - [2024-04-27T14:18:44.916+0000] {dag.py:3677} INFO - Setting next_dagrun for example_trigger_target_dag to None, run_after=None
[2024-04-27T14:18:44.976+0000] {processor.py:179} INFO - Processing /home/airflow/.local/lib/python3.8/site-packages/airflow/example_dags/example_trigger_target_dag.py took 0.137 seconds
[2024-04-27T14:19:15.881+0000] {processor.py:157} INFO - Started process (PID=1026) to work on /home/airflow/.local/lib/python3.8/site-packages/airflow/example_dags/example_trigger_target_dag.py
[2024-04-27T14:19:15.882+0000] {processor.py:829} INFO - Processing file /home/airflow/.local/lib/python3.8/site-packages/airflow/example_dags/example_trigger_target_dag.py for tasks to queue
[2024-04-27T14:19:15.885+0000] {logging_mixin.py:151} INFO - [2024-04-27T14:19:15.885+0000] {dagbag.py:539} INFO - Filling up the DagBag from /home/airflow/.local/lib/python3.8/site-packages/airflow/example_dags/example_trigger_target_dag.py
[2024-04-27T14:19:15.891+0000] {processor.py:839} INFO - DAG(s) dict_keys(['example_trigger_target_dag']) retrieved from /home/airflow/.local/lib/python3.8/site-packages/airflow/example_dags/example_trigger_target_dag.py
[2024-04-27T14:19:15.921+0000] {logging_mixin.py:151} INFO - [2024-04-27T14:19:15.921+0000] {dag.py:2907} INFO - Sync 1 DAGs
[2024-04-27T14:19:15.943+0000] {logging_mixin.py:151} INFO - [2024-04-27T14:19:15.942+0000] {dag.py:3677} INFO - Setting next_dagrun for example_trigger_target_dag to None, run_after=None
[2024-04-27T14:19:15.976+0000] {processor.py:179} INFO - Processing /home/airflow/.local/lib/python3.8/site-packages/airflow/example_dags/example_trigger_target_dag.py took 0.100 seconds
[2024-04-27T14:19:46.192+0000] {processor.py:157} INFO - Started process (PID=1088) to work on /home/airflow/.local/lib/python3.8/site-packages/airflow/example_dags/example_trigger_target_dag.py
[2024-04-27T14:19:46.193+0000] {processor.py:829} INFO - Processing file /home/airflow/.local/lib/python3.8/site-packages/airflow/example_dags/example_trigger_target_dag.py for tasks to queue
[2024-04-27T14:19:46.197+0000] {logging_mixin.py:151} INFO - [2024-04-27T14:19:46.196+0000] {dagbag.py:539} INFO - Filling up the DagBag from /home/airflow/.local/lib/python3.8/site-packages/airflow/example_dags/example_trigger_target_dag.py
[2024-04-27T14:19:46.203+0000] {processor.py:839} INFO - DAG(s) dict_keys(['example_trigger_target_dag']) retrieved from /home/airflow/.local/lib/python3.8/site-packages/airflow/example_dags/example_trigger_target_dag.py
[2024-04-27T14:19:46.230+0000] {logging_mixin.py:151} INFO - [2024-04-27T14:19:46.230+0000] {dag.py:2907} INFO - Sync 1 DAGs
[2024-04-27T14:19:46.248+0000] {logging_mixin.py:151} INFO - [2024-04-27T14:19:46.247+0000] {dag.py:3677} INFO - Setting next_dagrun for example_trigger_target_dag to None, run_after=None
[2024-04-27T14:19:46.272+0000] {processor.py:179} INFO - Processing /home/airflow/.local/lib/python3.8/site-packages/airflow/example_dags/example_trigger_target_dag.py took 0.084 seconds
[2024-04-27T14:20:16.521+0000] {processor.py:157} INFO - Started process (PID=1152) to work on /home/airflow/.local/lib/python3.8/site-packages/airflow/example_dags/example_trigger_target_dag.py
[2024-04-27T14:20:16.522+0000] {processor.py:829} INFO - Processing file /home/airflow/.local/lib/python3.8/site-packages/airflow/example_dags/example_trigger_target_dag.py for tasks to queue
[2024-04-27T14:20:16.526+0000] {logging_mixin.py:151} INFO - [2024-04-27T14:20:16.525+0000] {dagbag.py:539} INFO - Filling up the DagBag from /home/airflow/.local/lib/python3.8/site-packages/airflow/example_dags/example_trigger_target_dag.py
[2024-04-27T14:20:16.534+0000] {processor.py:839} INFO - DAG(s) dict_keys(['example_trigger_target_dag']) retrieved from /home/airflow/.local/lib/python3.8/site-packages/airflow/example_dags/example_trigger_target_dag.py
[2024-04-27T14:20:16.564+0000] {logging_mixin.py:151} INFO - [2024-04-27T14:20:16.563+0000] {dag.py:2907} INFO - Sync 1 DAGs
[2024-04-27T14:20:16.585+0000] {logging_mixin.py:151} INFO - [2024-04-27T14:20:16.584+0000] {dag.py:3677} INFO - Setting next_dagrun for example_trigger_target_dag to None, run_after=None
[2024-04-27T14:20:16.610+0000] {processor.py:179} INFO - Processing /home/airflow/.local/lib/python3.8/site-packages/airflow/example_dags/example_trigger_target_dag.py took 0.093 seconds
[2024-04-27T14:20:47.641+0000] {processor.py:157} INFO - Started process (PID=1225) to work on /home/airflow/.local/lib/python3.8/site-packages/airflow/example_dags/example_trigger_target_dag.py
[2024-04-27T14:20:47.645+0000] {processor.py:829} INFO - Processing file /home/airflow/.local/lib/python3.8/site-packages/airflow/example_dags/example_trigger_target_dag.py for tasks to queue
[2024-04-27T14:20:47.653+0000] {logging_mixin.py:151} INFO - [2024-04-27T14:20:47.651+0000] {dagbag.py:539} INFO - Filling up the DagBag from /home/airflow/.local/lib/python3.8/site-packages/airflow/example_dags/example_trigger_target_dag.py
[2024-04-27T14:20:47.667+0000] {processor.py:839} INFO - DAG(s) dict_keys(['example_trigger_target_dag']) retrieved from /home/airflow/.local/lib/python3.8/site-packages/airflow/example_dags/example_trigger_target_dag.py
[2024-04-27T14:20:47.710+0000] {logging_mixin.py:151} INFO - [2024-04-27T14:20:47.710+0000] {dag.py:2907} INFO - Sync 1 DAGs
[2024-04-27T14:20:47.736+0000] {logging_mixin.py:151} INFO - [2024-04-27T14:20:47.736+0000] {dag.py:3677} INFO - Setting next_dagrun for example_trigger_target_dag to None, run_after=None
[2024-04-27T14:20:47.786+0000] {processor.py:179} INFO - Processing /home/airflow/.local/lib/python3.8/site-packages/airflow/example_dags/example_trigger_target_dag.py took 0.152 seconds
[2024-04-27T14:21:18.183+0000] {processor.py:157} INFO - Started process (PID=1288) to work on /home/airflow/.local/lib/python3.8/site-packages/airflow/example_dags/example_trigger_target_dag.py
[2024-04-27T14:21:18.184+0000] {processor.py:829} INFO - Processing file /home/airflow/.local/lib/python3.8/site-packages/airflow/example_dags/example_trigger_target_dag.py for tasks to queue
[2024-04-27T14:21:18.188+0000] {logging_mixin.py:151} INFO - [2024-04-27T14:21:18.187+0000] {dagbag.py:539} INFO - Filling up the DagBag from /home/airflow/.local/lib/python3.8/site-packages/airflow/example_dags/example_trigger_target_dag.py
[2024-04-27T14:21:18.196+0000] {processor.py:839} INFO - DAG(s) dict_keys(['example_trigger_target_dag']) retrieved from /home/airflow/.local/lib/python3.8/site-packages/airflow/example_dags/example_trigger_target_dag.py
[2024-04-27T14:21:18.225+0000] {logging_mixin.py:151} INFO - [2024-04-27T14:21:18.225+0000] {dag.py:2907} INFO - Sync 1 DAGs
[2024-04-27T14:21:18.244+0000] {logging_mixin.py:151} INFO - [2024-04-27T14:21:18.244+0000] {dag.py:3677} INFO - Setting next_dagrun for example_trigger_target_dag to None, run_after=None
[2024-04-27T14:21:18.268+0000] {processor.py:179} INFO - Processing /home/airflow/.local/lib/python3.8/site-packages/airflow/example_dags/example_trigger_target_dag.py took 0.088 seconds
[2024-04-27T14:21:48.355+0000] {processor.py:157} INFO - Started process (PID=1360) to work on /home/airflow/.local/lib/python3.8/site-packages/airflow/example_dags/example_trigger_target_dag.py
[2024-04-27T14:21:48.356+0000] {processor.py:829} INFO - Processing file /home/airflow/.local/lib/python3.8/site-packages/airflow/example_dags/example_trigger_target_dag.py for tasks to queue
[2024-04-27T14:21:48.360+0000] {logging_mixin.py:151} INFO - [2024-04-27T14:21:48.359+0000] {dagbag.py:539} INFO - Filling up the DagBag from /home/airflow/.local/lib/python3.8/site-packages/airflow/example_dags/example_trigger_target_dag.py
[2024-04-27T14:21:48.368+0000] {processor.py:839} INFO - DAG(s) dict_keys(['example_trigger_target_dag']) retrieved from /home/airflow/.local/lib/python3.8/site-packages/airflow/example_dags/example_trigger_target_dag.py
[2024-04-27T14:21:48.397+0000] {logging_mixin.py:151} INFO - [2024-04-27T14:21:48.397+0000] {dag.py:2907} INFO - Sync 1 DAGs
[2024-04-27T14:21:48.420+0000] {logging_mixin.py:151} INFO - [2024-04-27T14:21:48.420+0000] {dag.py:3677} INFO - Setting next_dagrun for example_trigger_target_dag to None, run_after=None
[2024-04-27T14:21:48.449+0000] {processor.py:179} INFO - Processing /home/airflow/.local/lib/python3.8/site-packages/airflow/example_dags/example_trigger_target_dag.py took 0.098 seconds
[2024-04-27T14:22:18.838+0000] {processor.py:157} INFO - Started process (PID=1426) to work on /home/airflow/.local/lib/python3.8/site-packages/airflow/example_dags/example_trigger_target_dag.py
[2024-04-27T14:22:18.839+0000] {processor.py:829} INFO - Processing file /home/airflow/.local/lib/python3.8/site-packages/airflow/example_dags/example_trigger_target_dag.py for tasks to queue
[2024-04-27T14:22:18.842+0000] {logging_mixin.py:151} INFO - [2024-04-27T14:22:18.841+0000] {dagbag.py:539} INFO - Filling up the DagBag from /home/airflow/.local/lib/python3.8/site-packages/airflow/example_dags/example_trigger_target_dag.py
[2024-04-27T14:22:18.851+0000] {processor.py:839} INFO - DAG(s) dict_keys(['example_trigger_target_dag']) retrieved from /home/airflow/.local/lib/python3.8/site-packages/airflow/example_dags/example_trigger_target_dag.py
[2024-04-27T14:22:18.883+0000] {logging_mixin.py:151} INFO - [2024-04-27T14:22:18.882+0000] {dag.py:2907} INFO - Sync 1 DAGs
[2024-04-27T14:22:18.906+0000] {logging_mixin.py:151} INFO - [2024-04-27T14:22:18.906+0000] {dag.py:3677} INFO - Setting next_dagrun for example_trigger_target_dag to None, run_after=None
[2024-04-27T14:22:18.936+0000] {processor.py:179} INFO - Processing /home/airflow/.local/lib/python3.8/site-packages/airflow/example_dags/example_trigger_target_dag.py took 0.103 seconds
[2024-04-27T14:22:49.227+0000] {processor.py:157} INFO - Started process (PID=1489) to work on /home/airflow/.local/lib/python3.8/site-packages/airflow/example_dags/example_trigger_target_dag.py
[2024-04-27T14:22:49.228+0000] {processor.py:829} INFO - Processing file /home/airflow/.local/lib/python3.8/site-packages/airflow/example_dags/example_trigger_target_dag.py for tasks to queue
[2024-04-27T14:22:49.230+0000] {logging_mixin.py:151} INFO - [2024-04-27T14:22:49.230+0000] {dagbag.py:539} INFO - Filling up the DagBag from /home/airflow/.local/lib/python3.8/site-packages/airflow/example_dags/example_trigger_target_dag.py
[2024-04-27T14:22:49.237+0000] {processor.py:839} INFO - DAG(s) dict_keys(['example_trigger_target_dag']) retrieved from /home/airflow/.local/lib/python3.8/site-packages/airflow/example_dags/example_trigger_target_dag.py
[2024-04-27T14:22:49.262+0000] {logging_mixin.py:151} INFO - [2024-04-27T14:22:49.262+0000] {dag.py:2907} INFO - Sync 1 DAGs
[2024-04-27T14:22:49.280+0000] {logging_mixin.py:151} INFO - [2024-04-27T14:22:49.279+0000] {dag.py:3677} INFO - Setting next_dagrun for example_trigger_target_dag to None, run_after=None
[2024-04-27T14:22:49.303+0000] {processor.py:179} INFO - Processing /home/airflow/.local/lib/python3.8/site-packages/airflow/example_dags/example_trigger_target_dag.py took 0.080 seconds
[2024-04-27T14:23:19.476+0000] {processor.py:157} INFO - Started process (PID=1560) to work on /home/airflow/.local/lib/python3.8/site-packages/airflow/example_dags/example_trigger_target_dag.py
[2024-04-27T14:23:19.477+0000] {processor.py:829} INFO - Processing file /home/airflow/.local/lib/python3.8/site-packages/airflow/example_dags/example_trigger_target_dag.py for tasks to queue
[2024-04-27T14:23:19.480+0000] {logging_mixin.py:151} INFO - [2024-04-27T14:23:19.479+0000] {dagbag.py:539} INFO - Filling up the DagBag from /home/airflow/.local/lib/python3.8/site-packages/airflow/example_dags/example_trigger_target_dag.py
[2024-04-27T14:23:19.489+0000] {processor.py:839} INFO - DAG(s) dict_keys(['example_trigger_target_dag']) retrieved from /home/airflow/.local/lib/python3.8/site-packages/airflow/example_dags/example_trigger_target_dag.py
[2024-04-27T14:23:19.520+0000] {logging_mixin.py:151} INFO - [2024-04-27T14:23:19.520+0000] {dag.py:2907} INFO - Sync 1 DAGs
[2024-04-27T14:23:19.542+0000] {logging_mixin.py:151} INFO - [2024-04-27T14:23:19.542+0000] {dag.py:3677} INFO - Setting next_dagrun for example_trigger_target_dag to None, run_after=None
[2024-04-27T14:23:19.573+0000] {processor.py:179} INFO - Processing /home/airflow/.local/lib/python3.8/site-packages/airflow/example_dags/example_trigger_target_dag.py took 0.102 seconds
[2024-04-27T14:23:50.078+0000] {processor.py:157} INFO - Started process (PID=1626) to work on /home/airflow/.local/lib/python3.8/site-packages/airflow/example_dags/example_trigger_target_dag.py
[2024-04-27T14:23:50.086+0000] {processor.py:829} INFO - Processing file /home/airflow/.local/lib/python3.8/site-packages/airflow/example_dags/example_trigger_target_dag.py for tasks to queue
[2024-04-27T14:23:50.090+0000] {logging_mixin.py:151} INFO - [2024-04-27T14:23:50.090+0000] {dagbag.py:539} INFO - Filling up the DagBag from /home/airflow/.local/lib/python3.8/site-packages/airflow/example_dags/example_trigger_target_dag.py
[2024-04-27T14:23:50.121+0000] {processor.py:839} INFO - DAG(s) dict_keys(['example_trigger_target_dag']) retrieved from /home/airflow/.local/lib/python3.8/site-packages/airflow/example_dags/example_trigger_target_dag.py
[2024-04-27T14:23:50.206+0000] {logging_mixin.py:151} INFO - [2024-04-27T14:23:50.206+0000] {dag.py:2907} INFO - Sync 1 DAGs
[2024-04-27T14:23:50.268+0000] {logging_mixin.py:151} INFO - [2024-04-27T14:23:50.268+0000] {dag.py:3677} INFO - Setting next_dagrun for example_trigger_target_dag to None, run_after=None
[2024-04-27T14:23:50.317+0000] {processor.py:179} INFO - Processing /home/airflow/.local/lib/python3.8/site-packages/airflow/example_dags/example_trigger_target_dag.py took 0.260 seconds
[2024-04-27T14:24:20.605+0000] {processor.py:157} INFO - Started process (PID=1690) to work on /home/airflow/.local/lib/python3.8/site-packages/airflow/example_dags/example_trigger_target_dag.py
[2024-04-27T14:24:20.606+0000] {processor.py:829} INFO - Processing file /home/airflow/.local/lib/python3.8/site-packages/airflow/example_dags/example_trigger_target_dag.py for tasks to queue
[2024-04-27T14:24:20.609+0000] {logging_mixin.py:151} INFO - [2024-04-27T14:24:20.609+0000] {dagbag.py:539} INFO - Filling up the DagBag from /home/airflow/.local/lib/python3.8/site-packages/airflow/example_dags/example_trigger_target_dag.py
[2024-04-27T14:24:20.617+0000] {processor.py:839} INFO - DAG(s) dict_keys(['example_trigger_target_dag']) retrieved from /home/airflow/.local/lib/python3.8/site-packages/airflow/example_dags/example_trigger_target_dag.py
[2024-04-27T14:24:20.645+0000] {logging_mixin.py:151} INFO - [2024-04-27T14:24:20.644+0000] {dag.py:2907} INFO - Sync 1 DAGs
[2024-04-27T14:24:20.662+0000] {logging_mixin.py:151} INFO - [2024-04-27T14:24:20.662+0000] {dag.py:3677} INFO - Setting next_dagrun for example_trigger_target_dag to None, run_after=None
[2024-04-27T14:24:20.689+0000] {processor.py:179} INFO - Processing /home/airflow/.local/lib/python3.8/site-packages/airflow/example_dags/example_trigger_target_dag.py took 0.088 seconds
[2024-04-27T14:24:51.331+0000] {processor.py:157} INFO - Started process (PID=1762) to work on /home/airflow/.local/lib/python3.8/site-packages/airflow/example_dags/example_trigger_target_dag.py
[2024-04-27T14:24:51.333+0000] {processor.py:829} INFO - Processing file /home/airflow/.local/lib/python3.8/site-packages/airflow/example_dags/example_trigger_target_dag.py for tasks to queue
[2024-04-27T14:24:51.336+0000] {logging_mixin.py:151} INFO - [2024-04-27T14:24:51.336+0000] {dagbag.py:539} INFO - Filling up the DagBag from /home/airflow/.local/lib/python3.8/site-packages/airflow/example_dags/example_trigger_target_dag.py
[2024-04-27T14:24:51.346+0000] {processor.py:839} INFO - DAG(s) dict_keys(['example_trigger_target_dag']) retrieved from /home/airflow/.local/lib/python3.8/site-packages/airflow/example_dags/example_trigger_target_dag.py
[2024-04-27T14:24:51.382+0000] {logging_mixin.py:151} INFO - [2024-04-27T14:24:51.381+0000] {dag.py:2907} INFO - Sync 1 DAGs
[2024-04-27T14:24:51.405+0000] {logging_mixin.py:151} INFO - [2024-04-27T14:24:51.405+0000] {dag.py:3677} INFO - Setting next_dagrun for example_trigger_target_dag to None, run_after=None
[2024-04-27T14:24:51.438+0000] {processor.py:179} INFO - Processing /home/airflow/.local/lib/python3.8/site-packages/airflow/example_dags/example_trigger_target_dag.py took 0.112 seconds
[2024-04-27T14:25:21.836+0000] {processor.py:157} INFO - Started process (PID=1825) to work on /home/airflow/.local/lib/python3.8/site-packages/airflow/example_dags/example_trigger_target_dag.py
[2024-04-27T14:25:21.837+0000] {processor.py:829} INFO - Processing file /home/airflow/.local/lib/python3.8/site-packages/airflow/example_dags/example_trigger_target_dag.py for tasks to queue
[2024-04-27T14:25:21.840+0000] {logging_mixin.py:151} INFO - [2024-04-27T14:25:21.840+0000] {dagbag.py:539} INFO - Filling up the DagBag from /home/airflow/.local/lib/python3.8/site-packages/airflow/example_dags/example_trigger_target_dag.py
[2024-04-27T14:25:21.849+0000] {processor.py:839} INFO - DAG(s) dict_keys(['example_trigger_target_dag']) retrieved from /home/airflow/.local/lib/python3.8/site-packages/airflow/example_dags/example_trigger_target_dag.py
[2024-04-27T14:25:21.881+0000] {logging_mixin.py:151} INFO - [2024-04-27T14:25:21.881+0000] {dag.py:2907} INFO - Sync 1 DAGs
[2024-04-27T14:25:21.904+0000] {logging_mixin.py:151} INFO - [2024-04-27T14:25:21.903+0000] {dag.py:3677} INFO - Setting next_dagrun for example_trigger_target_dag to None, run_after=None
[2024-04-27T14:25:21.930+0000] {processor.py:179} INFO - Processing /home/airflow/.local/lib/python3.8/site-packages/airflow/example_dags/example_trigger_target_dag.py took 0.099 seconds
[2024-04-27T14:25:52.906+0000] {processor.py:157} INFO - Started process (PID=1899) to work on /home/airflow/.local/lib/python3.8/site-packages/airflow/example_dags/example_trigger_target_dag.py
[2024-04-27T14:25:52.907+0000] {processor.py:829} INFO - Processing file /home/airflow/.local/lib/python3.8/site-packages/airflow/example_dags/example_trigger_target_dag.py for tasks to queue
[2024-04-27T14:25:52.910+0000] {logging_mixin.py:151} INFO - [2024-04-27T14:25:52.910+0000] {dagbag.py:539} INFO - Filling up the DagBag from /home/airflow/.local/lib/python3.8/site-packages/airflow/example_dags/example_trigger_target_dag.py
[2024-04-27T14:25:52.922+0000] {processor.py:839} INFO - DAG(s) dict_keys(['example_trigger_target_dag']) retrieved from /home/airflow/.local/lib/python3.8/site-packages/airflow/example_dags/example_trigger_target_dag.py
[2024-04-27T14:25:52.959+0000] {logging_mixin.py:151} INFO - [2024-04-27T14:25:52.958+0000] {dag.py:2907} INFO - Sync 1 DAGs
[2024-04-27T14:25:52.975+0000] {logging_mixin.py:151} INFO - [2024-04-27T14:25:52.975+0000] {dag.py:3677} INFO - Setting next_dagrun for example_trigger_target_dag to None, run_after=None
[2024-04-27T14:25:52.998+0000] {processor.py:179} INFO - Processing /home/airflow/.local/lib/python3.8/site-packages/airflow/example_dags/example_trigger_target_dag.py took 0.096 seconds
