[2024-04-27T13:44:18.232+0000] {processor.py:153} INFO - Started process (PID=60) to work on /home/airflow/.local/lib/python3.7/site-packages/airflow/example_dags/example_latest_only.py
[2024-04-27T13:44:18.233+0000] {processor.py:743} INFO - Processing file /home/airflow/.local/lib/python3.7/site-packages/airflow/example_dags/example_latest_only.py for tasks to queue
[2024-04-27T13:44:18.234+0000] {logging_mixin.py:137} INFO - [2024-04-27T13:44:18.234+0000] {dagbag.py:538} INFO - Filling up the DagBag from /home/airflow/.local/lib/python3.7/site-packages/airflow/example_dags/example_latest_only.py
[2024-04-27T13:44:18.280+0000] {processor.py:753} INFO - DAG(s) dict_keys(['latest_only']) retrieved from /home/airflow/.local/lib/python3.7/site-packages/airflow/example_dags/example_latest_only.py
[2024-04-27T13:44:18.334+0000] {logging_mixin.py:137} INFO - [2024-04-27T13:44:18.334+0000] {dag.py:2690} INFO - Sync 1 DAGs
[2024-04-27T13:44:18.428+0000] {logging_mixin.py:137} INFO - [2024-04-27T13:44:18.428+0000] {dag.py:3441} INFO - Setting next_dagrun for latest_only to 2024-04-27T09:44:18.428249+00:00, run_after=2024-04-27T13:44:18.428249+00:00
[2024-04-27T13:44:18.498+0000] {processor.py:175} INFO - Processing /home/airflow/.local/lib/python3.7/site-packages/airflow/example_dags/example_latest_only.py took 0.272 seconds
[2024-04-27T13:44:49.103+0000] {processor.py:153} INFO - Started process (PID=123) to work on /home/airflow/.local/lib/python3.7/site-packages/airflow/example_dags/example_latest_only.py
[2024-04-27T13:44:49.104+0000] {processor.py:743} INFO - Processing file /home/airflow/.local/lib/python3.7/site-packages/airflow/example_dags/example_latest_only.py for tasks to queue
[2024-04-27T13:44:49.105+0000] {logging_mixin.py:137} INFO - [2024-04-27T13:44:49.104+0000] {dagbag.py:538} INFO - Filling up the DagBag from /home/airflow/.local/lib/python3.7/site-packages/airflow/example_dags/example_latest_only.py
[2024-04-27T13:44:49.126+0000] {processor.py:753} INFO - DAG(s) dict_keys(['latest_only']) retrieved from /home/airflow/.local/lib/python3.7/site-packages/airflow/example_dags/example_latest_only.py
[2024-04-27T13:44:49.169+0000] {logging_mixin.py:137} INFO - [2024-04-27T13:44:49.169+0000] {dag.py:2690} INFO - Sync 1 DAGs
[2024-04-27T13:44:49.208+0000] {logging_mixin.py:137} INFO - [2024-04-27T13:44:49.207+0000] {dag.py:3441} INFO - Setting next_dagrun for latest_only to 2024-04-27T09:44:49.207599+00:00, run_after=2024-04-27T13:44:49.207599+00:00
[2024-04-27T13:44:49.233+0000] {processor.py:175} INFO - Processing /home/airflow/.local/lib/python3.7/site-packages/airflow/example_dags/example_latest_only.py took 0.134 seconds
[2024-04-27T13:45:19.638+0000] {processor.py:153} INFO - Started process (PID=187) to work on /home/airflow/.local/lib/python3.7/site-packages/airflow/example_dags/example_latest_only.py
[2024-04-27T13:45:19.639+0000] {processor.py:743} INFO - Processing file /home/airflow/.local/lib/python3.7/site-packages/airflow/example_dags/example_latest_only.py for tasks to queue
[2024-04-27T13:45:19.640+0000] {logging_mixin.py:137} INFO - [2024-04-27T13:45:19.640+0000] {dagbag.py:538} INFO - Filling up the DagBag from /home/airflow/.local/lib/python3.7/site-packages/airflow/example_dags/example_latest_only.py
[2024-04-27T13:45:19.673+0000] {processor.py:753} INFO - DAG(s) dict_keys(['latest_only']) retrieved from /home/airflow/.local/lib/python3.7/site-packages/airflow/example_dags/example_latest_only.py
[2024-04-27T13:45:19.717+0000] {logging_mixin.py:137} INFO - [2024-04-27T13:45:19.716+0000] {dag.py:2690} INFO - Sync 1 DAGs
[2024-04-27T13:45:19.769+0000] {logging_mixin.py:137} INFO - [2024-04-27T13:45:19.769+0000] {dag.py:3441} INFO - Setting next_dagrun for latest_only to 2024-04-27T09:45:19.769244+00:00, run_after=2024-04-27T13:45:19.769244+00:00
[2024-04-27T13:45:19.806+0000] {processor.py:175} INFO - Processing /home/airflow/.local/lib/python3.7/site-packages/airflow/example_dags/example_latest_only.py took 0.173 seconds
[2024-04-27T13:45:50.609+0000] {processor.py:153} INFO - Started process (PID=262) to work on /home/airflow/.local/lib/python3.7/site-packages/airflow/example_dags/example_latest_only.py
[2024-04-27T13:45:50.611+0000] {processor.py:743} INFO - Processing file /home/airflow/.local/lib/python3.7/site-packages/airflow/example_dags/example_latest_only.py for tasks to queue
[2024-04-27T13:45:50.612+0000] {logging_mixin.py:137} INFO - [2024-04-27T13:45:50.612+0000] {dagbag.py:538} INFO - Filling up the DagBag from /home/airflow/.local/lib/python3.7/site-packages/airflow/example_dags/example_latest_only.py
[2024-04-27T13:45:50.638+0000] {processor.py:753} INFO - DAG(s) dict_keys(['latest_only']) retrieved from /home/airflow/.local/lib/python3.7/site-packages/airflow/example_dags/example_latest_only.py
[2024-04-27T13:45:50.689+0000] {logging_mixin.py:137} INFO - [2024-04-27T13:45:50.689+0000] {dag.py:2690} INFO - Sync 1 DAGs
[2024-04-27T13:45:50.753+0000] {logging_mixin.py:137} INFO - [2024-04-27T13:45:50.752+0000] {dag.py:3441} INFO - Setting next_dagrun for latest_only to 2024-04-27T09:45:50.752557+00:00, run_after=2024-04-27T13:45:50.752557+00:00
[2024-04-27T13:45:50.793+0000] {processor.py:175} INFO - Processing /home/airflow/.local/lib/python3.7/site-packages/airflow/example_dags/example_latest_only.py took 0.191 seconds
[2024-04-27T13:46:20.826+0000] {processor.py:153} INFO - Started process (PID=326) to work on /home/airflow/.local/lib/python3.7/site-packages/airflow/example_dags/example_latest_only.py
[2024-04-27T13:46:20.827+0000] {processor.py:743} INFO - Processing file /home/airflow/.local/lib/python3.7/site-packages/airflow/example_dags/example_latest_only.py for tasks to queue
[2024-04-27T13:46:20.828+0000] {logging_mixin.py:137} INFO - [2024-04-27T13:46:20.828+0000] {dagbag.py:538} INFO - Filling up the DagBag from /home/airflow/.local/lib/python3.7/site-packages/airflow/example_dags/example_latest_only.py
[2024-04-27T13:46:20.845+0000] {processor.py:753} INFO - DAG(s) dict_keys(['latest_only']) retrieved from /home/airflow/.local/lib/python3.7/site-packages/airflow/example_dags/example_latest_only.py
[2024-04-27T13:46:20.876+0000] {logging_mixin.py:137} INFO - [2024-04-27T13:46:20.876+0000] {dag.py:2690} INFO - Sync 1 DAGs
[2024-04-27T13:46:20.910+0000] {logging_mixin.py:137} INFO - [2024-04-27T13:46:20.910+0000] {dag.py:3441} INFO - Setting next_dagrun for latest_only to 2024-04-27T09:46:20.910418+00:00, run_after=2024-04-27T13:46:20.910418+00:00
[2024-04-27T13:46:20.937+0000] {processor.py:175} INFO - Processing /home/airflow/.local/lib/python3.7/site-packages/airflow/example_dags/example_latest_only.py took 0.114 seconds
[2024-04-27T13:46:51.171+0000] {processor.py:153} INFO - Started process (PID=389) to work on /home/airflow/.local/lib/python3.7/site-packages/airflow/example_dags/example_latest_only.py
[2024-04-27T13:46:51.172+0000] {processor.py:743} INFO - Processing file /home/airflow/.local/lib/python3.7/site-packages/airflow/example_dags/example_latest_only.py for tasks to queue
[2024-04-27T13:46:51.173+0000] {logging_mixin.py:137} INFO - [2024-04-27T13:46:51.173+0000] {dagbag.py:538} INFO - Filling up the DagBag from /home/airflow/.local/lib/python3.7/site-packages/airflow/example_dags/example_latest_only.py
[2024-04-27T13:46:51.199+0000] {processor.py:753} INFO - DAG(s) dict_keys(['latest_only']) retrieved from /home/airflow/.local/lib/python3.7/site-packages/airflow/example_dags/example_latest_only.py
[2024-04-27T13:46:51.245+0000] {logging_mixin.py:137} INFO - [2024-04-27T13:46:51.245+0000] {dag.py:2690} INFO - Sync 1 DAGs
[2024-04-27T13:46:51.283+0000] {logging_mixin.py:137} INFO - [2024-04-27T13:46:51.282+0000] {dag.py:3441} INFO - Setting next_dagrun for latest_only to 2024-04-27T09:46:51.282675+00:00, run_after=2024-04-27T13:46:51.282675+00:00
[2024-04-27T13:46:51.318+0000] {processor.py:175} INFO - Processing /home/airflow/.local/lib/python3.7/site-packages/airflow/example_dags/example_latest_only.py took 0.160 seconds
[2024-04-27T13:47:21.975+0000] {processor.py:153} INFO - Started process (PID=454) to work on /home/airflow/.local/lib/python3.7/site-packages/airflow/example_dags/example_latest_only.py
[2024-04-27T13:47:21.976+0000] {processor.py:743} INFO - Processing file /home/airflow/.local/lib/python3.7/site-packages/airflow/example_dags/example_latest_only.py for tasks to queue
[2024-04-27T13:47:21.977+0000] {logging_mixin.py:137} INFO - [2024-04-27T13:47:21.977+0000] {dagbag.py:538} INFO - Filling up the DagBag from /home/airflow/.local/lib/python3.7/site-packages/airflow/example_dags/example_latest_only.py
[2024-04-27T13:47:21.994+0000] {processor.py:753} INFO - DAG(s) dict_keys(['latest_only']) retrieved from /home/airflow/.local/lib/python3.7/site-packages/airflow/example_dags/example_latest_only.py
[2024-04-27T13:47:22.026+0000] {logging_mixin.py:137} INFO - [2024-04-27T13:47:22.026+0000] {dag.py:2690} INFO - Sync 1 DAGs
[2024-04-27T13:47:22.067+0000] {logging_mixin.py:137} INFO - [2024-04-27T13:47:22.067+0000] {dag.py:3441} INFO - Setting next_dagrun for latest_only to 2024-04-27T09:47:22.067067+00:00, run_after=2024-04-27T13:47:22.067067+00:00
[2024-04-27T13:47:22.095+0000] {processor.py:175} INFO - Processing /home/airflow/.local/lib/python3.7/site-packages/airflow/example_dags/example_latest_only.py took 0.124 seconds
[2024-04-27T13:47:52.473+0000] {processor.py:153} INFO - Started process (PID=525) to work on /home/airflow/.local/lib/python3.7/site-packages/airflow/example_dags/example_latest_only.py
[2024-04-27T13:47:52.474+0000] {processor.py:743} INFO - Processing file /home/airflow/.local/lib/python3.7/site-packages/airflow/example_dags/example_latest_only.py for tasks to queue
[2024-04-27T13:47:52.475+0000] {logging_mixin.py:137} INFO - [2024-04-27T13:47:52.475+0000] {dagbag.py:538} INFO - Filling up the DagBag from /home/airflow/.local/lib/python3.7/site-packages/airflow/example_dags/example_latest_only.py
[2024-04-27T13:47:52.499+0000] {processor.py:753} INFO - DAG(s) dict_keys(['latest_only']) retrieved from /home/airflow/.local/lib/python3.7/site-packages/airflow/example_dags/example_latest_only.py
[2024-04-27T13:47:52.541+0000] {logging_mixin.py:137} INFO - [2024-04-27T13:47:52.540+0000] {dag.py:2690} INFO - Sync 1 DAGs
[2024-04-27T13:47:52.593+0000] {logging_mixin.py:137} INFO - [2024-04-27T13:47:52.593+0000] {dag.py:3441} INFO - Setting next_dagrun for latest_only to 2024-04-27T09:47:52.593239+00:00, run_after=2024-04-27T13:47:52.593239+00:00
[2024-04-27T13:47:52.635+0000] {processor.py:175} INFO - Processing /home/airflow/.local/lib/python3.7/site-packages/airflow/example_dags/example_latest_only.py took 0.167 seconds
[2024-04-27T13:48:23.568+0000] {processor.py:153} INFO - Started process (PID=594) to work on /home/airflow/.local/lib/python3.7/site-packages/airflow/example_dags/example_latest_only.py
[2024-04-27T13:48:23.569+0000] {processor.py:743} INFO - Processing file /home/airflow/.local/lib/python3.7/site-packages/airflow/example_dags/example_latest_only.py for tasks to queue
[2024-04-27T13:48:23.570+0000] {logging_mixin.py:137} INFO - [2024-04-27T13:48:23.570+0000] {dagbag.py:538} INFO - Filling up the DagBag from /home/airflow/.local/lib/python3.7/site-packages/airflow/example_dags/example_latest_only.py
[2024-04-27T13:48:23.593+0000] {processor.py:753} INFO - DAG(s) dict_keys(['latest_only']) retrieved from /home/airflow/.local/lib/python3.7/site-packages/airflow/example_dags/example_latest_only.py
[2024-04-27T13:48:23.635+0000] {logging_mixin.py:137} INFO - [2024-04-27T13:48:23.634+0000] {dag.py:2690} INFO - Sync 1 DAGs
[2024-04-27T13:48:23.691+0000] {logging_mixin.py:137} INFO - [2024-04-27T13:48:23.691+0000] {dag.py:3441} INFO - Setting next_dagrun for latest_only to 2024-04-27T09:48:23.690973+00:00, run_after=2024-04-27T13:48:23.690973+00:00
[2024-04-27T13:48:23.725+0000] {processor.py:175} INFO - Processing /home/airflow/.local/lib/python3.7/site-packages/airflow/example_dags/example_latest_only.py took 0.162 seconds
[2024-04-27T13:48:53.870+0000] {processor.py:153} INFO - Started process (PID=658) to work on /home/airflow/.local/lib/python3.7/site-packages/airflow/example_dags/example_latest_only.py
[2024-04-27T13:48:53.871+0000] {processor.py:743} INFO - Processing file /home/airflow/.local/lib/python3.7/site-packages/airflow/example_dags/example_latest_only.py for tasks to queue
[2024-04-27T13:48:53.871+0000] {logging_mixin.py:137} INFO - [2024-04-27T13:48:53.871+0000] {dagbag.py:538} INFO - Filling up the DagBag from /home/airflow/.local/lib/python3.7/site-packages/airflow/example_dags/example_latest_only.py
[2024-04-27T13:48:53.888+0000] {processor.py:753} INFO - DAG(s) dict_keys(['latest_only']) retrieved from /home/airflow/.local/lib/python3.7/site-packages/airflow/example_dags/example_latest_only.py
[2024-04-27T13:48:53.926+0000] {logging_mixin.py:137} INFO - [2024-04-27T13:48:53.925+0000] {dag.py:2690} INFO - Sync 1 DAGs
[2024-04-27T13:48:53.963+0000] {logging_mixin.py:137} INFO - [2024-04-27T13:48:53.963+0000] {dag.py:3441} INFO - Setting next_dagrun for latest_only to 2024-04-27T09:48:53.962717+00:00, run_after=2024-04-27T13:48:53.962717+00:00
[2024-04-27T13:48:53.994+0000] {processor.py:175} INFO - Processing /home/airflow/.local/lib/python3.7/site-packages/airflow/example_dags/example_latest_only.py took 0.129 seconds
[2024-04-27T13:49:24.326+0000] {processor.py:153} INFO - Started process (PID=722) to work on /home/airflow/.local/lib/python3.7/site-packages/airflow/example_dags/example_latest_only.py
[2024-04-27T13:49:24.327+0000] {processor.py:743} INFO - Processing file /home/airflow/.local/lib/python3.7/site-packages/airflow/example_dags/example_latest_only.py for tasks to queue
[2024-04-27T13:49:24.328+0000] {logging_mixin.py:137} INFO - [2024-04-27T13:49:24.328+0000] {dagbag.py:538} INFO - Filling up the DagBag from /home/airflow/.local/lib/python3.7/site-packages/airflow/example_dags/example_latest_only.py
[2024-04-27T13:49:24.354+0000] {processor.py:753} INFO - DAG(s) dict_keys(['latest_only']) retrieved from /home/airflow/.local/lib/python3.7/site-packages/airflow/example_dags/example_latest_only.py
[2024-04-27T13:49:24.405+0000] {logging_mixin.py:137} INFO - [2024-04-27T13:49:24.405+0000] {dag.py:2690} INFO - Sync 1 DAGs
[2024-04-27T13:49:24.464+0000] {logging_mixin.py:137} INFO - [2024-04-27T13:49:24.464+0000] {dag.py:3441} INFO - Setting next_dagrun for latest_only to 2024-04-27T09:49:24.463860+00:00, run_after=2024-04-27T13:49:24.463860+00:00
[2024-04-27T13:49:24.517+0000] {processor.py:175} INFO - Processing /home/airflow/.local/lib/python3.7/site-packages/airflow/example_dags/example_latest_only.py took 0.197 seconds
[2024-04-27T13:49:54.889+0000] {processor.py:153} INFO - Started process (PID=786) to work on /home/airflow/.local/lib/python3.7/site-packages/airflow/example_dags/example_latest_only.py
[2024-04-27T13:49:54.891+0000] {processor.py:743} INFO - Processing file /home/airflow/.local/lib/python3.7/site-packages/airflow/example_dags/example_latest_only.py for tasks to queue
[2024-04-27T13:49:54.892+0000] {logging_mixin.py:137} INFO - [2024-04-27T13:49:54.892+0000] {dagbag.py:538} INFO - Filling up the DagBag from /home/airflow/.local/lib/python3.7/site-packages/airflow/example_dags/example_latest_only.py
[2024-04-27T13:49:54.923+0000] {processor.py:753} INFO - DAG(s) dict_keys(['latest_only']) retrieved from /home/airflow/.local/lib/python3.7/site-packages/airflow/example_dags/example_latest_only.py
[2024-04-27T13:49:54.965+0000] {logging_mixin.py:137} INFO - [2024-04-27T13:49:54.965+0000] {dag.py:2690} INFO - Sync 1 DAGs
[2024-04-27T13:49:55.024+0000] {logging_mixin.py:137} INFO - [2024-04-27T13:49:55.024+0000] {dag.py:3441} INFO - Setting next_dagrun for latest_only to 2024-04-27T09:49:55.023970+00:00, run_after=2024-04-27T13:49:55.023970+00:00
[2024-04-27T13:49:55.070+0000] {processor.py:175} INFO - Processing /home/airflow/.local/lib/python3.7/site-packages/airflow/example_dags/example_latest_only.py took 0.191 seconds
[2024-04-27T13:50:25.569+0000] {processor.py:153} INFO - Started process (PID=857) to work on /home/airflow/.local/lib/python3.7/site-packages/airflow/example_dags/example_latest_only.py
[2024-04-27T13:50:25.570+0000] {processor.py:743} INFO - Processing file /home/airflow/.local/lib/python3.7/site-packages/airflow/example_dags/example_latest_only.py for tasks to queue
[2024-04-27T13:50:25.571+0000] {logging_mixin.py:137} INFO - [2024-04-27T13:50:25.571+0000] {dagbag.py:538} INFO - Filling up the DagBag from /home/airflow/.local/lib/python3.7/site-packages/airflow/example_dags/example_latest_only.py
[2024-04-27T13:50:25.595+0000] {processor.py:753} INFO - DAG(s) dict_keys(['latest_only']) retrieved from /home/airflow/.local/lib/python3.7/site-packages/airflow/example_dags/example_latest_only.py
[2024-04-27T13:50:25.643+0000] {logging_mixin.py:137} INFO - [2024-04-27T13:50:25.643+0000] {dag.py:2690} INFO - Sync 1 DAGs
[2024-04-27T13:50:25.698+0000] {logging_mixin.py:137} INFO - [2024-04-27T13:50:25.698+0000] {dag.py:3441} INFO - Setting next_dagrun for latest_only to 2024-04-27T09:50:25.698087+00:00, run_after=2024-04-27T13:50:25.698087+00:00
[2024-04-27T13:50:25.735+0000] {processor.py:175} INFO - Processing /home/airflow/.local/lib/python3.7/site-packages/airflow/example_dags/example_latest_only.py took 0.172 seconds
[2024-04-27T13:50:56.328+0000] {processor.py:153} INFO - Started process (PID=923) to work on /home/airflow/.local/lib/python3.7/site-packages/airflow/example_dags/example_latest_only.py
[2024-04-27T13:50:56.329+0000] {processor.py:743} INFO - Processing file /home/airflow/.local/lib/python3.7/site-packages/airflow/example_dags/example_latest_only.py for tasks to queue
[2024-04-27T13:50:56.330+0000] {logging_mixin.py:137} INFO - [2024-04-27T13:50:56.330+0000] {dagbag.py:538} INFO - Filling up the DagBag from /home/airflow/.local/lib/python3.7/site-packages/airflow/example_dags/example_latest_only.py
[2024-04-27T13:50:56.353+0000] {processor.py:753} INFO - DAG(s) dict_keys(['latest_only']) retrieved from /home/airflow/.local/lib/python3.7/site-packages/airflow/example_dags/example_latest_only.py
[2024-04-27T13:50:56.393+0000] {logging_mixin.py:137} INFO - [2024-04-27T13:50:56.393+0000] {dag.py:2690} INFO - Sync 1 DAGs
[2024-04-27T13:50:56.437+0000] {logging_mixin.py:137} INFO - [2024-04-27T13:50:56.437+0000] {dag.py:3441} INFO - Setting next_dagrun for latest_only to 2024-04-27T09:50:56.437150+00:00, run_after=2024-04-27T13:50:56.437150+00:00
[2024-04-27T13:50:56.461+0000] {processor.py:175} INFO - Processing /home/airflow/.local/lib/python3.7/site-packages/airflow/example_dags/example_latest_only.py took 0.138 seconds
[2024-04-27T13:51:27.142+0000] {processor.py:153} INFO - Started process (PID=986) to work on /home/airflow/.local/lib/python3.7/site-packages/airflow/example_dags/example_latest_only.py
[2024-04-27T13:51:27.143+0000] {processor.py:743} INFO - Processing file /home/airflow/.local/lib/python3.7/site-packages/airflow/example_dags/example_latest_only.py for tasks to queue
[2024-04-27T13:51:27.144+0000] {logging_mixin.py:137} INFO - [2024-04-27T13:51:27.144+0000] {dagbag.py:538} INFO - Filling up the DagBag from /home/airflow/.local/lib/python3.7/site-packages/airflow/example_dags/example_latest_only.py
[2024-04-27T13:51:27.168+0000] {processor.py:753} INFO - DAG(s) dict_keys(['latest_only']) retrieved from /home/airflow/.local/lib/python3.7/site-packages/airflow/example_dags/example_latest_only.py
[2024-04-27T13:51:27.208+0000] {logging_mixin.py:137} INFO - [2024-04-27T13:51:27.208+0000] {dag.py:2690} INFO - Sync 1 DAGs
[2024-04-27T13:51:27.262+0000] {logging_mixin.py:137} INFO - [2024-04-27T13:51:27.262+0000] {dag.py:3441} INFO - Setting next_dagrun for latest_only to 2024-04-27T09:51:27.261718+00:00, run_after=2024-04-27T13:51:27.261718+00:00
[2024-04-27T13:51:27.295+0000] {processor.py:175} INFO - Processing /home/airflow/.local/lib/python3.7/site-packages/airflow/example_dags/example_latest_only.py took 0.158 seconds
[2024-04-27T13:51:57.552+0000] {processor.py:153} INFO - Started process (PID=1048) to work on /home/airflow/.local/lib/python3.7/site-packages/airflow/example_dags/example_latest_only.py
[2024-04-27T13:51:57.553+0000] {processor.py:743} INFO - Processing file /home/airflow/.local/lib/python3.7/site-packages/airflow/example_dags/example_latest_only.py for tasks to queue
[2024-04-27T13:51:57.554+0000] {logging_mixin.py:137} INFO - [2024-04-27T13:51:57.554+0000] {dagbag.py:538} INFO - Filling up the DagBag from /home/airflow/.local/lib/python3.7/site-packages/airflow/example_dags/example_latest_only.py
[2024-04-27T13:51:57.577+0000] {processor.py:753} INFO - DAG(s) dict_keys(['latest_only']) retrieved from /home/airflow/.local/lib/python3.7/site-packages/airflow/example_dags/example_latest_only.py
[2024-04-27T13:51:57.618+0000] {logging_mixin.py:137} INFO - [2024-04-27T13:51:57.618+0000] {dag.py:2690} INFO - Sync 1 DAGs
[2024-04-27T13:51:57.698+0000] {logging_mixin.py:137} INFO - [2024-04-27T13:51:57.698+0000] {dag.py:3441} INFO - Setting next_dagrun for latest_only to 2024-04-27T09:51:57.697847+00:00, run_after=2024-04-27T13:51:57.697847+00:00
[2024-04-27T13:51:57.741+0000] {processor.py:175} INFO - Processing /home/airflow/.local/lib/python3.7/site-packages/airflow/example_dags/example_latest_only.py took 0.195 seconds
[2024-04-27T13:52:28.372+0000] {processor.py:153} INFO - Started process (PID=1121) to work on /home/airflow/.local/lib/python3.7/site-packages/airflow/example_dags/example_latest_only.py
[2024-04-27T13:52:28.373+0000] {processor.py:743} INFO - Processing file /home/airflow/.local/lib/python3.7/site-packages/airflow/example_dags/example_latest_only.py for tasks to queue
[2024-04-27T13:52:28.374+0000] {logging_mixin.py:137} INFO - [2024-04-27T13:52:28.374+0000] {dagbag.py:538} INFO - Filling up the DagBag from /home/airflow/.local/lib/python3.7/site-packages/airflow/example_dags/example_latest_only.py
[2024-04-27T13:52:28.397+0000] {processor.py:753} INFO - DAG(s) dict_keys(['latest_only']) retrieved from /home/airflow/.local/lib/python3.7/site-packages/airflow/example_dags/example_latest_only.py
[2024-04-27T13:52:28.440+0000] {logging_mixin.py:137} INFO - [2024-04-27T13:52:28.440+0000] {dag.py:2690} INFO - Sync 1 DAGs
[2024-04-27T13:52:28.494+0000] {logging_mixin.py:137} INFO - [2024-04-27T13:52:28.494+0000] {dag.py:3441} INFO - Setting next_dagrun for latest_only to 2024-04-27T09:52:28.493794+00:00, run_after=2024-04-27T13:52:28.493794+00:00
[2024-04-27T13:52:28.528+0000] {processor.py:175} INFO - Processing /home/airflow/.local/lib/python3.7/site-packages/airflow/example_dags/example_latest_only.py took 0.161 seconds
[2024-04-27T13:52:59.288+0000] {processor.py:153} INFO - Started process (PID=1188) to work on /home/airflow/.local/lib/python3.7/site-packages/airflow/example_dags/example_latest_only.py
[2024-04-27T13:52:59.289+0000] {processor.py:743} INFO - Processing file /home/airflow/.local/lib/python3.7/site-packages/airflow/example_dags/example_latest_only.py for tasks to queue
[2024-04-27T13:52:59.290+0000] {logging_mixin.py:137} INFO - [2024-04-27T13:52:59.290+0000] {dagbag.py:538} INFO - Filling up the DagBag from /home/airflow/.local/lib/python3.7/site-packages/airflow/example_dags/example_latest_only.py
[2024-04-27T13:52:59.307+0000] {processor.py:753} INFO - DAG(s) dict_keys(['latest_only']) retrieved from /home/airflow/.local/lib/python3.7/site-packages/airflow/example_dags/example_latest_only.py
[2024-04-27T13:52:59.345+0000] {logging_mixin.py:137} INFO - [2024-04-27T13:52:59.345+0000] {dag.py:2690} INFO - Sync 1 DAGs
[2024-04-27T13:52:59.391+0000] {logging_mixin.py:137} INFO - [2024-04-27T13:52:59.391+0000] {dag.py:3441} INFO - Setting next_dagrun for latest_only to 2024-04-27T09:52:59.390916+00:00, run_after=2024-04-27T13:52:59.390916+00:00
[2024-04-27T13:52:59.424+0000] {processor.py:175} INFO - Processing /home/airflow/.local/lib/python3.7/site-packages/airflow/example_dags/example_latest_only.py took 0.140 seconds
[2024-04-27T13:53:30.237+0000] {processor.py:153} INFO - Started process (PID=1251) to work on /home/airflow/.local/lib/python3.7/site-packages/airflow/example_dags/example_latest_only.py
[2024-04-27T13:53:30.238+0000] {processor.py:743} INFO - Processing file /home/airflow/.local/lib/python3.7/site-packages/airflow/example_dags/example_latest_only.py for tasks to queue
[2024-04-27T13:53:30.239+0000] {logging_mixin.py:137} INFO - [2024-04-27T13:53:30.238+0000] {dagbag.py:538} INFO - Filling up the DagBag from /home/airflow/.local/lib/python3.7/site-packages/airflow/example_dags/example_latest_only.py
[2024-04-27T13:53:30.260+0000] {processor.py:753} INFO - DAG(s) dict_keys(['latest_only']) retrieved from /home/airflow/.local/lib/python3.7/site-packages/airflow/example_dags/example_latest_only.py
[2024-04-27T13:53:30.305+0000] {logging_mixin.py:137} INFO - [2024-04-27T13:53:30.305+0000] {dag.py:2690} INFO - Sync 1 DAGs
[2024-04-27T13:53:30.358+0000] {logging_mixin.py:137} INFO - [2024-04-27T13:53:30.358+0000] {dag.py:3441} INFO - Setting next_dagrun for latest_only to 2024-04-27T09:53:30.357962+00:00, run_after=2024-04-27T13:53:30.357962+00:00
[2024-04-27T13:53:30.464+0000] {processor.py:175} INFO - Processing /home/airflow/.local/lib/python3.7/site-packages/airflow/example_dags/example_latest_only.py took 0.233 seconds
[2024-04-27T13:54:00.708+0000] {processor.py:153} INFO - Started process (PID=1322) to work on /home/airflow/.local/lib/python3.7/site-packages/airflow/example_dags/example_latest_only.py
[2024-04-27T13:54:00.709+0000] {processor.py:743} INFO - Processing file /home/airflow/.local/lib/python3.7/site-packages/airflow/example_dags/example_latest_only.py for tasks to queue
[2024-04-27T13:54:00.710+0000] {logging_mixin.py:137} INFO - [2024-04-27T13:54:00.710+0000] {dagbag.py:538} INFO - Filling up the DagBag from /home/airflow/.local/lib/python3.7/site-packages/airflow/example_dags/example_latest_only.py
[2024-04-27T13:54:00.735+0000] {processor.py:753} INFO - DAG(s) dict_keys(['latest_only']) retrieved from /home/airflow/.local/lib/python3.7/site-packages/airflow/example_dags/example_latest_only.py
[2024-04-27T13:54:00.787+0000] {logging_mixin.py:137} INFO - [2024-04-27T13:54:00.787+0000] {dag.py:2690} INFO - Sync 1 DAGs
[2024-04-27T13:54:00.839+0000] {logging_mixin.py:137} INFO - [2024-04-27T13:54:00.839+0000] {dag.py:3441} INFO - Setting next_dagrun for latest_only to 2024-04-27T09:54:00.839116+00:00, run_after=2024-04-27T13:54:00.839116+00:00
[2024-04-27T13:54:00.882+0000] {processor.py:175} INFO - Processing /home/airflow/.local/lib/python3.7/site-packages/airflow/example_dags/example_latest_only.py took 0.179 seconds
[2024-04-27T14:03:17.290+0000] {processor.py:157} INFO - Started process (PID=61) to work on /home/airflow/.local/lib/python3.8/site-packages/airflow/example_dags/example_latest_only.py
[2024-04-27T14:03:17.291+0000] {processor.py:829} INFO - Processing file /home/airflow/.local/lib/python3.8/site-packages/airflow/example_dags/example_latest_only.py for tasks to queue
[2024-04-27T14:03:17.295+0000] {logging_mixin.py:151} INFO - [2024-04-27T14:03:17.294+0000] {dagbag.py:539} INFO - Filling up the DagBag from /home/airflow/.local/lib/python3.8/site-packages/airflow/example_dags/example_latest_only.py
[2024-04-27T14:03:17.307+0000] {processor.py:839} INFO - DAG(s) dict_keys(['latest_only']) retrieved from /home/airflow/.local/lib/python3.8/site-packages/airflow/example_dags/example_latest_only.py
[2024-04-27T14:03:17.655+0000] {logging_mixin.py:151} INFO - [2024-04-27T14:03:17.654+0000] {manager.py:501} INFO - Created Permission View: can read on DAG:latest_only
[2024-04-27T14:03:17.673+0000] {logging_mixin.py:151} INFO - [2024-04-27T14:03:17.673+0000] {manager.py:501} INFO - Created Permission View: can edit on DAG:latest_only
[2024-04-27T14:03:17.684+0000] {logging_mixin.py:151} INFO - [2024-04-27T14:03:17.684+0000] {manager.py:501} INFO - Created Permission View: can delete on DAG:latest_only
[2024-04-27T14:03:17.717+0000] {logging_mixin.py:151} INFO - [2024-04-27T14:03:17.716+0000] {dag.py:2907} INFO - Sync 1 DAGs
[2024-04-27T14:03:17.735+0000] {logging_mixin.py:151} INFO - [2024-04-27T14:03:17.735+0000] {dag.py:2929} INFO - Creating ORM DAG for latest_only
[2024-04-27T14:03:17.751+0000] {logging_mixin.py:151} INFO - [2024-04-27T14:03:17.751+0000] {dag.py:3677} INFO - Setting next_dagrun for latest_only to 2024-04-27T10:03:17.751097+00:00, run_after=2024-04-27T14:03:17.751097+00:00
[2024-04-27T14:03:17.781+0000] {processor.py:179} INFO - Processing /home/airflow/.local/lib/python3.8/site-packages/airflow/example_dags/example_latest_only.py took 0.496 seconds
[2024-04-27T14:03:48.529+0000] {processor.py:157} INFO - Started process (PID=124) to work on /home/airflow/.local/lib/python3.8/site-packages/airflow/example_dags/example_latest_only.py
[2024-04-27T14:03:48.530+0000] {processor.py:829} INFO - Processing file /home/airflow/.local/lib/python3.8/site-packages/airflow/example_dags/example_latest_only.py for tasks to queue
[2024-04-27T14:03:48.533+0000] {logging_mixin.py:151} INFO - [2024-04-27T14:03:48.533+0000] {dagbag.py:539} INFO - Filling up the DagBag from /home/airflow/.local/lib/python3.8/site-packages/airflow/example_dags/example_latest_only.py
[2024-04-27T14:03:48.543+0000] {processor.py:839} INFO - DAG(s) dict_keys(['latest_only']) retrieved from /home/airflow/.local/lib/python3.8/site-packages/airflow/example_dags/example_latest_only.py
[2024-04-27T14:03:48.588+0000] {logging_mixin.py:151} INFO - [2024-04-27T14:03:48.588+0000] {dag.py:2907} INFO - Sync 1 DAGs
[2024-04-27T14:03:48.664+0000] {logging_mixin.py:151} INFO - [2024-04-27T14:03:48.664+0000] {dag.py:3677} INFO - Setting next_dagrun for latest_only to 2024-04-27T10:03:48.664009+00:00, run_after=2024-04-27T14:03:48.664009+00:00
[2024-04-27T14:03:48.708+0000] {processor.py:179} INFO - Processing /home/airflow/.local/lib/python3.8/site-packages/airflow/example_dags/example_latest_only.py took 0.184 seconds
[2024-04-27T14:04:19.270+0000] {processor.py:157} INFO - Started process (PID=187) to work on /home/airflow/.local/lib/python3.8/site-packages/airflow/example_dags/example_latest_only.py
[2024-04-27T14:04:19.278+0000] {processor.py:829} INFO - Processing file /home/airflow/.local/lib/python3.8/site-packages/airflow/example_dags/example_latest_only.py for tasks to queue
[2024-04-27T14:04:19.283+0000] {logging_mixin.py:151} INFO - [2024-04-27T14:04:19.282+0000] {dagbag.py:539} INFO - Filling up the DagBag from /home/airflow/.local/lib/python3.8/site-packages/airflow/example_dags/example_latest_only.py
[2024-04-27T14:04:19.292+0000] {processor.py:839} INFO - DAG(s) dict_keys(['latest_only']) retrieved from /home/airflow/.local/lib/python3.8/site-packages/airflow/example_dags/example_latest_only.py
[2024-04-27T14:04:19.333+0000] {logging_mixin.py:151} INFO - [2024-04-27T14:04:19.333+0000] {dag.py:2907} INFO - Sync 1 DAGs
[2024-04-27T14:04:19.398+0000] {logging_mixin.py:151} INFO - [2024-04-27T14:04:19.397+0000] {dag.py:3677} INFO - Setting next_dagrun for latest_only to 2024-04-27T10:04:19.397205+00:00, run_after=2024-04-27T14:04:19.397205+00:00
[2024-04-27T14:04:19.443+0000] {processor.py:179} INFO - Processing /home/airflow/.local/lib/python3.8/site-packages/airflow/example_dags/example_latest_only.py took 0.189 seconds
[2024-04-27T14:04:49.703+0000] {processor.py:157} INFO - Started process (PID=258) to work on /home/airflow/.local/lib/python3.8/site-packages/airflow/example_dags/example_latest_only.py
[2024-04-27T14:04:49.705+0000] {processor.py:829} INFO - Processing file /home/airflow/.local/lib/python3.8/site-packages/airflow/example_dags/example_latest_only.py for tasks to queue
[2024-04-27T14:04:49.708+0000] {logging_mixin.py:151} INFO - [2024-04-27T14:04:49.707+0000] {dagbag.py:539} INFO - Filling up the DagBag from /home/airflow/.local/lib/python3.8/site-packages/airflow/example_dags/example_latest_only.py
[2024-04-27T14:04:49.715+0000] {processor.py:839} INFO - DAG(s) dict_keys(['latest_only']) retrieved from /home/airflow/.local/lib/python3.8/site-packages/airflow/example_dags/example_latest_only.py
[2024-04-27T14:04:49.753+0000] {logging_mixin.py:151} INFO - [2024-04-27T14:04:49.752+0000] {dag.py:2907} INFO - Sync 1 DAGs
[2024-04-27T14:04:49.794+0000] {logging_mixin.py:151} INFO - [2024-04-27T14:04:49.793+0000] {dag.py:3677} INFO - Setting next_dagrun for latest_only to 2024-04-27T10:04:49.793493+00:00, run_after=2024-04-27T14:04:49.793493+00:00
[2024-04-27T14:04:49.835+0000] {processor.py:179} INFO - Processing /home/airflow/.local/lib/python3.8/site-packages/airflow/example_dags/example_latest_only.py took 0.137 seconds
[2024-04-27T14:05:20.103+0000] {processor.py:157} INFO - Started process (PID=322) to work on /home/airflow/.local/lib/python3.8/site-packages/airflow/example_dags/example_latest_only.py
[2024-04-27T14:05:20.106+0000] {processor.py:829} INFO - Processing file /home/airflow/.local/lib/python3.8/site-packages/airflow/example_dags/example_latest_only.py for tasks to queue
[2024-04-27T14:05:20.110+0000] {logging_mixin.py:151} INFO - [2024-04-27T14:05:20.110+0000] {dagbag.py:539} INFO - Filling up the DagBag from /home/airflow/.local/lib/python3.8/site-packages/airflow/example_dags/example_latest_only.py
[2024-04-27T14:05:20.118+0000] {processor.py:839} INFO - DAG(s) dict_keys(['latest_only']) retrieved from /home/airflow/.local/lib/python3.8/site-packages/airflow/example_dags/example_latest_only.py
[2024-04-27T14:05:20.145+0000] {logging_mixin.py:151} INFO - [2024-04-27T14:05:20.145+0000] {dag.py:2907} INFO - Sync 1 DAGs
[2024-04-27T14:05:20.174+0000] {logging_mixin.py:151} INFO - [2024-04-27T14:05:20.174+0000] {dag.py:3677} INFO - Setting next_dagrun for latest_only to 2024-04-27T10:05:20.174011+00:00, run_after=2024-04-27T14:05:20.174011+00:00
[2024-04-27T14:05:20.198+0000] {processor.py:179} INFO - Processing /home/airflow/.local/lib/python3.8/site-packages/airflow/example_dags/example_latest_only.py took 0.105 seconds
[2024-04-27T14:05:50.346+0000] {processor.py:157} INFO - Started process (PID=386) to work on /home/airflow/.local/lib/python3.8/site-packages/airflow/example_dags/example_latest_only.py
[2024-04-27T14:05:50.348+0000] {processor.py:829} INFO - Processing file /home/airflow/.local/lib/python3.8/site-packages/airflow/example_dags/example_latest_only.py for tasks to queue
[2024-04-27T14:05:50.352+0000] {logging_mixin.py:151} INFO - [2024-04-27T14:05:50.352+0000] {dagbag.py:539} INFO - Filling up the DagBag from /home/airflow/.local/lib/python3.8/site-packages/airflow/example_dags/example_latest_only.py
[2024-04-27T14:05:50.361+0000] {processor.py:839} INFO - DAG(s) dict_keys(['latest_only']) retrieved from /home/airflow/.local/lib/python3.8/site-packages/airflow/example_dags/example_latest_only.py
[2024-04-27T14:05:50.392+0000] {logging_mixin.py:151} INFO - [2024-04-27T14:05:50.392+0000] {dag.py:2907} INFO - Sync 1 DAGs
[2024-04-27T14:05:50.476+0000] {logging_mixin.py:151} INFO - [2024-04-27T14:05:50.475+0000] {dag.py:3677} INFO - Setting next_dagrun for latest_only to 2024-04-27T10:05:50.475562+00:00, run_after=2024-04-27T14:05:50.475562+00:00
[2024-04-27T14:05:50.505+0000] {processor.py:179} INFO - Processing /home/airflow/.local/lib/python3.8/site-packages/airflow/example_dags/example_latest_only.py took 0.163 seconds
[2024-04-27T14:06:20.954+0000] {processor.py:157} INFO - Started process (PID=449) to work on /home/airflow/.local/lib/python3.8/site-packages/airflow/example_dags/example_latest_only.py
[2024-04-27T14:06:20.955+0000] {processor.py:829} INFO - Processing file /home/airflow/.local/lib/python3.8/site-packages/airflow/example_dags/example_latest_only.py for tasks to queue
[2024-04-27T14:06:20.957+0000] {logging_mixin.py:151} INFO - [2024-04-27T14:06:20.957+0000] {dagbag.py:539} INFO - Filling up the DagBag from /home/airflow/.local/lib/python3.8/site-packages/airflow/example_dags/example_latest_only.py
[2024-04-27T14:06:20.964+0000] {processor.py:839} INFO - DAG(s) dict_keys(['latest_only']) retrieved from /home/airflow/.local/lib/python3.8/site-packages/airflow/example_dags/example_latest_only.py
[2024-04-27T14:06:20.990+0000] {logging_mixin.py:151} INFO - [2024-04-27T14:06:20.990+0000] {dag.py:2907} INFO - Sync 1 DAGs
[2024-04-27T14:06:21.022+0000] {logging_mixin.py:151} INFO - [2024-04-27T14:06:21.022+0000] {dag.py:3677} INFO - Setting next_dagrun for latest_only to 2024-04-27T10:06:21.021807+00:00, run_after=2024-04-27T14:06:21.021807+00:00
[2024-04-27T14:06:21.048+0000] {processor.py:179} INFO - Processing /home/airflow/.local/lib/python3.8/site-packages/airflow/example_dags/example_latest_only.py took 0.098 seconds
[2024-04-27T14:06:51.109+0000] {processor.py:157} INFO - Started process (PID=521) to work on /home/airflow/.local/lib/python3.8/site-packages/airflow/example_dags/example_latest_only.py
[2024-04-27T14:06:51.110+0000] {processor.py:829} INFO - Processing file /home/airflow/.local/lib/python3.8/site-packages/airflow/example_dags/example_latest_only.py for tasks to queue
[2024-04-27T14:06:51.113+0000] {logging_mixin.py:151} INFO - [2024-04-27T14:06:51.112+0000] {dagbag.py:539} INFO - Filling up the DagBag from /home/airflow/.local/lib/python3.8/site-packages/airflow/example_dags/example_latest_only.py
[2024-04-27T14:06:51.121+0000] {processor.py:839} INFO - DAG(s) dict_keys(['latest_only']) retrieved from /home/airflow/.local/lib/python3.8/site-packages/airflow/example_dags/example_latest_only.py
[2024-04-27T14:06:51.150+0000] {logging_mixin.py:151} INFO - [2024-04-27T14:06:51.150+0000] {dag.py:2907} INFO - Sync 1 DAGs
[2024-04-27T14:06:51.178+0000] {logging_mixin.py:151} INFO - [2024-04-27T14:06:51.178+0000] {dag.py:3677} INFO - Setting next_dagrun for latest_only to 2024-04-27T10:06:51.177803+00:00, run_after=2024-04-27T14:06:51.177803+00:00
[2024-04-27T14:06:51.200+0000] {processor.py:179} INFO - Processing /home/airflow/.local/lib/python3.8/site-packages/airflow/example_dags/example_latest_only.py took 0.097 seconds
[2024-04-27T14:07:22.131+0000] {processor.py:157} INFO - Started process (PID=586) to work on /home/airflow/.local/lib/python3.8/site-packages/airflow/example_dags/example_latest_only.py
[2024-04-27T14:07:22.132+0000] {processor.py:829} INFO - Processing file /home/airflow/.local/lib/python3.8/site-packages/airflow/example_dags/example_latest_only.py for tasks to queue
[2024-04-27T14:07:22.135+0000] {logging_mixin.py:151} INFO - [2024-04-27T14:07:22.134+0000] {dagbag.py:539} INFO - Filling up the DagBag from /home/airflow/.local/lib/python3.8/site-packages/airflow/example_dags/example_latest_only.py
[2024-04-27T14:07:22.141+0000] {processor.py:839} INFO - DAG(s) dict_keys(['latest_only']) retrieved from /home/airflow/.local/lib/python3.8/site-packages/airflow/example_dags/example_latest_only.py
[2024-04-27T14:07:22.168+0000] {logging_mixin.py:151} INFO - [2024-04-27T14:07:22.168+0000] {dag.py:2907} INFO - Sync 1 DAGs
[2024-04-27T14:07:22.197+0000] {logging_mixin.py:151} INFO - [2024-04-27T14:07:22.197+0000] {dag.py:3677} INFO - Setting next_dagrun for latest_only to 2024-04-27T10:07:22.196808+00:00, run_after=2024-04-27T14:07:22.196808+00:00
[2024-04-27T14:07:22.221+0000] {processor.py:179} INFO - Processing /home/airflow/.local/lib/python3.8/site-packages/airflow/example_dags/example_latest_only.py took 0.095 seconds
[2024-04-27T14:11:44.720+0000] {processor.py:157} INFO - Started process (PID=60) to work on /home/airflow/.local/lib/python3.8/site-packages/airflow/example_dags/example_latest_only.py
[2024-04-27T14:11:44.724+0000] {processor.py:829} INFO - Processing file /home/airflow/.local/lib/python3.8/site-packages/airflow/example_dags/example_latest_only.py for tasks to queue
[2024-04-27T14:11:44.733+0000] {logging_mixin.py:151} INFO - [2024-04-27T14:11:44.733+0000] {dagbag.py:539} INFO - Filling up the DagBag from /home/airflow/.local/lib/python3.8/site-packages/airflow/example_dags/example_latest_only.py
[2024-04-27T14:11:44.785+0000] {processor.py:839} INFO - DAG(s) dict_keys(['latest_only']) retrieved from /home/airflow/.local/lib/python3.8/site-packages/airflow/example_dags/example_latest_only.py
[2024-04-27T14:11:44.883+0000] {logging_mixin.py:151} INFO - [2024-04-27T14:11:44.883+0000] {dag.py:2907} INFO - Sync 1 DAGs
[2024-04-27T14:11:45.383+0000] {logging_mixin.py:151} INFO - [2024-04-27T14:11:45.383+0000] {dag.py:3677} INFO - Setting next_dagrun for latest_only to 2024-04-27T10:11:45.383313+00:00, run_after=2024-04-27T14:11:45.383313+00:00
[2024-04-27T14:11:45.528+0000] {processor.py:179} INFO - Processing /home/airflow/.local/lib/python3.8/site-packages/airflow/example_dags/example_latest_only.py took 0.836 seconds
[2024-04-27T14:12:15.951+0000] {processor.py:157} INFO - Started process (PID=123) to work on /home/airflow/.local/lib/python3.8/site-packages/airflow/example_dags/example_latest_only.py
[2024-04-27T14:12:15.953+0000] {processor.py:829} INFO - Processing file /home/airflow/.local/lib/python3.8/site-packages/airflow/example_dags/example_latest_only.py for tasks to queue
[2024-04-27T14:12:15.956+0000] {logging_mixin.py:151} INFO - [2024-04-27T14:12:15.956+0000] {dagbag.py:539} INFO - Filling up the DagBag from /home/airflow/.local/lib/python3.8/site-packages/airflow/example_dags/example_latest_only.py
[2024-04-27T14:12:15.965+0000] {processor.py:839} INFO - DAG(s) dict_keys(['latest_only']) retrieved from /home/airflow/.local/lib/python3.8/site-packages/airflow/example_dags/example_latest_only.py
[2024-04-27T14:12:16.020+0000] {logging_mixin.py:151} INFO - [2024-04-27T14:12:16.020+0000] {dag.py:2907} INFO - Sync 1 DAGs
[2024-04-27T14:12:16.075+0000] {logging_mixin.py:151} INFO - [2024-04-27T14:12:16.074+0000] {dag.py:3677} INFO - Setting next_dagrun for latest_only to 2024-04-27T10:12:16.074203+00:00, run_after=2024-04-27T14:12:16.074203+00:00
[2024-04-27T14:12:16.118+0000] {processor.py:179} INFO - Processing /home/airflow/.local/lib/python3.8/site-packages/airflow/example_dags/example_latest_only.py took 0.173 seconds
[2024-04-27T14:12:46.605+0000] {processor.py:157} INFO - Started process (PID=186) to work on /home/airflow/.local/lib/python3.8/site-packages/airflow/example_dags/example_latest_only.py
[2024-04-27T14:12:46.607+0000] {processor.py:829} INFO - Processing file /home/airflow/.local/lib/python3.8/site-packages/airflow/example_dags/example_latest_only.py for tasks to queue
[2024-04-27T14:12:46.622+0000] {logging_mixin.py:151} INFO - [2024-04-27T14:12:46.613+0000] {dagbag.py:539} INFO - Filling up the DagBag from /home/airflow/.local/lib/python3.8/site-packages/airflow/example_dags/example_latest_only.py
[2024-04-27T14:12:46.634+0000] {processor.py:839} INFO - DAG(s) dict_keys(['latest_only']) retrieved from /home/airflow/.local/lib/python3.8/site-packages/airflow/example_dags/example_latest_only.py
[2024-04-27T14:12:46.674+0000] {logging_mixin.py:151} INFO - [2024-04-27T14:12:46.673+0000] {dag.py:2907} INFO - Sync 1 DAGs
[2024-04-27T14:12:46.717+0000] {logging_mixin.py:151} INFO - [2024-04-27T14:12:46.717+0000] {dag.py:3677} INFO - Setting next_dagrun for latest_only to 2024-04-27T10:12:46.717131+00:00, run_after=2024-04-27T14:12:46.717131+00:00
[2024-04-27T14:12:46.748+0000] {processor.py:179} INFO - Processing /home/airflow/.local/lib/python3.8/site-packages/airflow/example_dags/example_latest_only.py took 0.159 seconds
[2024-04-27T14:13:16.876+0000] {processor.py:157} INFO - Started process (PID=248) to work on /home/airflow/.local/lib/python3.8/site-packages/airflow/example_dags/example_latest_only.py
[2024-04-27T14:13:16.877+0000] {processor.py:829} INFO - Processing file /home/airflow/.local/lib/python3.8/site-packages/airflow/example_dags/example_latest_only.py for tasks to queue
[2024-04-27T14:13:16.882+0000] {logging_mixin.py:151} INFO - [2024-04-27T14:13:16.881+0000] {dagbag.py:539} INFO - Filling up the DagBag from /home/airflow/.local/lib/python3.8/site-packages/airflow/example_dags/example_latest_only.py
[2024-04-27T14:13:16.890+0000] {processor.py:839} INFO - DAG(s) dict_keys(['latest_only']) retrieved from /home/airflow/.local/lib/python3.8/site-packages/airflow/example_dags/example_latest_only.py
[2024-04-27T14:13:16.924+0000] {logging_mixin.py:151} INFO - [2024-04-27T14:13:16.924+0000] {dag.py:2907} INFO - Sync 1 DAGs
[2024-04-27T14:13:16.955+0000] {logging_mixin.py:151} INFO - [2024-04-27T14:13:16.954+0000] {dag.py:3677} INFO - Setting next_dagrun for latest_only to 2024-04-27T10:13:16.954687+00:00, run_after=2024-04-27T14:13:16.954687+00:00
[2024-04-27T14:13:16.983+0000] {processor.py:179} INFO - Processing /home/airflow/.local/lib/python3.8/site-packages/airflow/example_dags/example_latest_only.py took 0.111 seconds
[2024-04-27T14:13:47.184+0000] {processor.py:157} INFO - Started process (PID=317) to work on /home/airflow/.local/lib/python3.8/site-packages/airflow/example_dags/example_latest_only.py
[2024-04-27T14:13:47.185+0000] {processor.py:829} INFO - Processing file /home/airflow/.local/lib/python3.8/site-packages/airflow/example_dags/example_latest_only.py for tasks to queue
[2024-04-27T14:13:47.189+0000] {logging_mixin.py:151} INFO - [2024-04-27T14:13:47.188+0000] {dagbag.py:539} INFO - Filling up the DagBag from /home/airflow/.local/lib/python3.8/site-packages/airflow/example_dags/example_latest_only.py
[2024-04-27T14:13:47.198+0000] {processor.py:839} INFO - DAG(s) dict_keys(['latest_only']) retrieved from /home/airflow/.local/lib/python3.8/site-packages/airflow/example_dags/example_latest_only.py
[2024-04-27T14:13:47.234+0000] {logging_mixin.py:151} INFO - [2024-04-27T14:13:47.233+0000] {dag.py:2907} INFO - Sync 1 DAGs
[2024-04-27T14:13:47.276+0000] {logging_mixin.py:151} INFO - [2024-04-27T14:13:47.275+0000] {dag.py:3677} INFO - Setting next_dagrun for latest_only to 2024-04-27T10:13:47.275574+00:00, run_after=2024-04-27T14:13:47.275574+00:00
[2024-04-27T14:13:47.307+0000] {processor.py:179} INFO - Processing /home/airflow/.local/lib/python3.8/site-packages/airflow/example_dags/example_latest_only.py took 0.128 seconds
[2024-04-27T14:14:17.446+0000] {processor.py:157} INFO - Started process (PID=382) to work on /home/airflow/.local/lib/python3.8/site-packages/airflow/example_dags/example_latest_only.py
[2024-04-27T14:14:17.447+0000] {processor.py:829} INFO - Processing file /home/airflow/.local/lib/python3.8/site-packages/airflow/example_dags/example_latest_only.py for tasks to queue
[2024-04-27T14:14:17.451+0000] {logging_mixin.py:151} INFO - [2024-04-27T14:14:17.451+0000] {dagbag.py:539} INFO - Filling up the DagBag from /home/airflow/.local/lib/python3.8/site-packages/airflow/example_dags/example_latest_only.py
[2024-04-27T14:14:17.460+0000] {processor.py:839} INFO - DAG(s) dict_keys(['latest_only']) retrieved from /home/airflow/.local/lib/python3.8/site-packages/airflow/example_dags/example_latest_only.py
[2024-04-27T14:14:17.490+0000] {logging_mixin.py:151} INFO - [2024-04-27T14:14:17.490+0000] {dag.py:2907} INFO - Sync 1 DAGs
[2024-04-27T14:14:17.521+0000] {logging_mixin.py:151} INFO - [2024-04-27T14:14:17.520+0000] {dag.py:3677} INFO - Setting next_dagrun for latest_only to 2024-04-27T10:14:17.520502+00:00, run_after=2024-04-27T14:14:17.520502+00:00
[2024-04-27T14:14:17.546+0000] {processor.py:179} INFO - Processing /home/airflow/.local/lib/python3.8/site-packages/airflow/example_dags/example_latest_only.py took 0.108 seconds
[2024-04-27T14:14:48.237+0000] {processor.py:157} INFO - Started process (PID=446) to work on /home/airflow/.local/lib/python3.8/site-packages/airflow/example_dags/example_latest_only.py
[2024-04-27T14:14:48.238+0000] {processor.py:829} INFO - Processing file /home/airflow/.local/lib/python3.8/site-packages/airflow/example_dags/example_latest_only.py for tasks to queue
[2024-04-27T14:14:48.241+0000] {logging_mixin.py:151} INFO - [2024-04-27T14:14:48.241+0000] {dagbag.py:539} INFO - Filling up the DagBag from /home/airflow/.local/lib/python3.8/site-packages/airflow/example_dags/example_latest_only.py
[2024-04-27T14:14:48.249+0000] {processor.py:839} INFO - DAG(s) dict_keys(['latest_only']) retrieved from /home/airflow/.local/lib/python3.8/site-packages/airflow/example_dags/example_latest_only.py
[2024-04-27T14:14:48.282+0000] {logging_mixin.py:151} INFO - [2024-04-27T14:14:48.282+0000] {dag.py:2907} INFO - Sync 1 DAGs
[2024-04-27T14:14:48.324+0000] {logging_mixin.py:151} INFO - [2024-04-27T14:14:48.324+0000] {dag.py:3677} INFO - Setting next_dagrun for latest_only to 2024-04-27T10:14:48.324209+00:00, run_after=2024-04-27T14:14:48.324209+00:00
[2024-04-27T14:14:48.360+0000] {processor.py:179} INFO - Processing /home/airflow/.local/lib/python3.8/site-packages/airflow/example_dags/example_latest_only.py took 0.129 seconds
[2024-04-27T14:15:19.063+0000] {processor.py:157} INFO - Started process (PID=510) to work on /home/airflow/.local/lib/python3.8/site-packages/airflow/example_dags/example_latest_only.py
[2024-04-27T14:15:19.064+0000] {processor.py:829} INFO - Processing file /home/airflow/.local/lib/python3.8/site-packages/airflow/example_dags/example_latest_only.py for tasks to queue
[2024-04-27T14:15:19.067+0000] {logging_mixin.py:151} INFO - [2024-04-27T14:15:19.067+0000] {dagbag.py:539} INFO - Filling up the DagBag from /home/airflow/.local/lib/python3.8/site-packages/airflow/example_dags/example_latest_only.py
[2024-04-27T14:15:19.074+0000] {processor.py:839} INFO - DAG(s) dict_keys(['latest_only']) retrieved from /home/airflow/.local/lib/python3.8/site-packages/airflow/example_dags/example_latest_only.py
[2024-04-27T14:15:19.106+0000] {logging_mixin.py:151} INFO - [2024-04-27T14:15:19.106+0000] {dag.py:2907} INFO - Sync 1 DAGs
[2024-04-27T14:15:19.136+0000] {logging_mixin.py:151} INFO - [2024-04-27T14:15:19.136+0000] {dag.py:3677} INFO - Setting next_dagrun for latest_only to 2024-04-27T10:15:19.136331+00:00, run_after=2024-04-27T14:15:19.136331+00:00
[2024-04-27T14:15:19.161+0000] {processor.py:179} INFO - Processing /home/airflow/.local/lib/python3.8/site-packages/airflow/example_dags/example_latest_only.py took 0.102 seconds
[2024-04-27T14:15:49.791+0000] {processor.py:157} INFO - Started process (PID=584) to work on /home/airflow/.local/lib/python3.8/site-packages/airflow/example_dags/example_latest_only.py
[2024-04-27T14:15:49.792+0000] {processor.py:829} INFO - Processing file /home/airflow/.local/lib/python3.8/site-packages/airflow/example_dags/example_latest_only.py for tasks to queue
[2024-04-27T14:15:49.795+0000] {logging_mixin.py:151} INFO - [2024-04-27T14:15:49.795+0000] {dagbag.py:539} INFO - Filling up the DagBag from /home/airflow/.local/lib/python3.8/site-packages/airflow/example_dags/example_latest_only.py
[2024-04-27T14:15:49.804+0000] {processor.py:839} INFO - DAG(s) dict_keys(['latest_only']) retrieved from /home/airflow/.local/lib/python3.8/site-packages/airflow/example_dags/example_latest_only.py
[2024-04-27T14:15:49.832+0000] {logging_mixin.py:151} INFO - [2024-04-27T14:15:49.832+0000] {dag.py:2907} INFO - Sync 1 DAGs
[2024-04-27T14:15:49.889+0000] {logging_mixin.py:151} INFO - [2024-04-27T14:15:49.888+0000] {dag.py:3677} INFO - Setting next_dagrun for latest_only to 2024-04-27T10:15:49.888473+00:00, run_after=2024-04-27T14:15:49.888473+00:00
[2024-04-27T14:15:49.927+0000] {processor.py:179} INFO - Processing /home/airflow/.local/lib/python3.8/site-packages/airflow/example_dags/example_latest_only.py took 0.142 seconds
[2024-04-27T14:16:21.282+0000] {processor.py:157} INFO - Started process (PID=647) to work on /home/airflow/.local/lib/python3.8/site-packages/airflow/example_dags/example_latest_only.py
[2024-04-27T14:16:21.283+0000] {processor.py:829} INFO - Processing file /home/airflow/.local/lib/python3.8/site-packages/airflow/example_dags/example_latest_only.py for tasks to queue
[2024-04-27T14:16:21.285+0000] {logging_mixin.py:151} INFO - [2024-04-27T14:16:21.285+0000] {dagbag.py:539} INFO - Filling up the DagBag from /home/airflow/.local/lib/python3.8/site-packages/airflow/example_dags/example_latest_only.py
[2024-04-27T14:16:21.292+0000] {processor.py:839} INFO - DAG(s) dict_keys(['latest_only']) retrieved from /home/airflow/.local/lib/python3.8/site-packages/airflow/example_dags/example_latest_only.py
[2024-04-27T14:16:21.322+0000] {logging_mixin.py:151} INFO - [2024-04-27T14:16:21.322+0000] {dag.py:2907} INFO - Sync 1 DAGs
[2024-04-27T14:16:21.355+0000] {logging_mixin.py:151} INFO - [2024-04-27T14:16:21.355+0000] {dag.py:3677} INFO - Setting next_dagrun for latest_only to 2024-04-27T10:16:21.354977+00:00, run_after=2024-04-27T14:16:21.354977+00:00
[2024-04-27T14:16:21.382+0000] {processor.py:179} INFO - Processing /home/airflow/.local/lib/python3.8/site-packages/airflow/example_dags/example_latest_only.py took 0.105 seconds
[2024-04-27T14:16:52.407+0000] {processor.py:157} INFO - Started process (PID=712) to work on /home/airflow/.local/lib/python3.8/site-packages/airflow/example_dags/example_latest_only.py
[2024-04-27T14:16:52.409+0000] {processor.py:829} INFO - Processing file /home/airflow/.local/lib/python3.8/site-packages/airflow/example_dags/example_latest_only.py for tasks to queue
[2024-04-27T14:16:52.412+0000] {logging_mixin.py:151} INFO - [2024-04-27T14:16:52.412+0000] {dagbag.py:539} INFO - Filling up the DagBag from /home/airflow/.local/lib/python3.8/site-packages/airflow/example_dags/example_latest_only.py
[2024-04-27T14:16:52.422+0000] {processor.py:839} INFO - DAG(s) dict_keys(['latest_only']) retrieved from /home/airflow/.local/lib/python3.8/site-packages/airflow/example_dags/example_latest_only.py
[2024-04-27T14:16:52.460+0000] {logging_mixin.py:151} INFO - [2024-04-27T14:16:52.460+0000] {dag.py:2907} INFO - Sync 1 DAGs
[2024-04-27T14:16:52.511+0000] {logging_mixin.py:151} INFO - [2024-04-27T14:16:52.511+0000] {dag.py:3677} INFO - Setting next_dagrun for latest_only to 2024-04-27T10:16:52.510960+00:00, run_after=2024-04-27T14:16:52.510960+00:00
[2024-04-27T14:16:52.551+0000] {processor.py:179} INFO - Processing /home/airflow/.local/lib/python3.8/site-packages/airflow/example_dags/example_latest_only.py took 0.149 seconds
[2024-04-27T14:17:23.654+0000] {processor.py:157} INFO - Started process (PID=783) to work on /home/airflow/.local/lib/python3.8/site-packages/airflow/example_dags/example_latest_only.py
[2024-04-27T14:17:23.655+0000] {processor.py:829} INFO - Processing file /home/airflow/.local/lib/python3.8/site-packages/airflow/example_dags/example_latest_only.py for tasks to queue
[2024-04-27T14:17:23.657+0000] {logging_mixin.py:151} INFO - [2024-04-27T14:17:23.657+0000] {dagbag.py:539} INFO - Filling up the DagBag from /home/airflow/.local/lib/python3.8/site-packages/airflow/example_dags/example_latest_only.py
[2024-04-27T14:17:23.664+0000] {processor.py:839} INFO - DAG(s) dict_keys(['latest_only']) retrieved from /home/airflow/.local/lib/python3.8/site-packages/airflow/example_dags/example_latest_only.py
[2024-04-27T14:17:23.689+0000] {logging_mixin.py:151} INFO - [2024-04-27T14:17:23.689+0000] {dag.py:2907} INFO - Sync 1 DAGs
[2024-04-27T14:17:23.721+0000] {logging_mixin.py:151} INFO - [2024-04-27T14:17:23.721+0000] {dag.py:3677} INFO - Setting next_dagrun for latest_only to 2024-04-27T10:17:23.721223+00:00, run_after=2024-04-27T14:17:23.721223+00:00
[2024-04-27T14:17:23.749+0000] {processor.py:179} INFO - Processing /home/airflow/.local/lib/python3.8/site-packages/airflow/example_dags/example_latest_only.py took 0.099 seconds
[2024-04-27T14:17:54.819+0000] {processor.py:157} INFO - Started process (PID=848) to work on /home/airflow/.local/lib/python3.8/site-packages/airflow/example_dags/example_latest_only.py
[2024-04-27T14:17:54.820+0000] {processor.py:829} INFO - Processing file /home/airflow/.local/lib/python3.8/site-packages/airflow/example_dags/example_latest_only.py for tasks to queue
[2024-04-27T14:17:54.823+0000] {logging_mixin.py:151} INFO - [2024-04-27T14:17:54.822+0000] {dagbag.py:539} INFO - Filling up the DagBag from /home/airflow/.local/lib/python3.8/site-packages/airflow/example_dags/example_latest_only.py
[2024-04-27T14:17:54.829+0000] {processor.py:839} INFO - DAG(s) dict_keys(['latest_only']) retrieved from /home/airflow/.local/lib/python3.8/site-packages/airflow/example_dags/example_latest_only.py
[2024-04-27T14:17:54.852+0000] {logging_mixin.py:151} INFO - [2024-04-27T14:17:54.852+0000] {dag.py:2907} INFO - Sync 1 DAGs
[2024-04-27T14:17:54.881+0000] {logging_mixin.py:151} INFO - [2024-04-27T14:17:54.880+0000] {dag.py:3677} INFO - Setting next_dagrun for latest_only to 2024-04-27T10:17:54.880618+00:00, run_after=2024-04-27T14:17:54.880618+00:00
[2024-04-27T14:17:54.905+0000] {processor.py:179} INFO - Processing /home/airflow/.local/lib/python3.8/site-packages/airflow/example_dags/example_latest_only.py took 0.090 seconds
[2024-04-27T14:18:25.394+0000] {processor.py:157} INFO - Started process (PID=912) to work on /home/airflow/.local/lib/python3.8/site-packages/airflow/example_dags/example_latest_only.py
[2024-04-27T14:18:25.395+0000] {processor.py:829} INFO - Processing file /home/airflow/.local/lib/python3.8/site-packages/airflow/example_dags/example_latest_only.py for tasks to queue
[2024-04-27T14:18:25.397+0000] {logging_mixin.py:151} INFO - [2024-04-27T14:18:25.397+0000] {dagbag.py:539} INFO - Filling up the DagBag from /home/airflow/.local/lib/python3.8/site-packages/airflow/example_dags/example_latest_only.py
[2024-04-27T14:18:25.405+0000] {processor.py:839} INFO - DAG(s) dict_keys(['latest_only']) retrieved from /home/airflow/.local/lib/python3.8/site-packages/airflow/example_dags/example_latest_only.py
[2024-04-27T14:18:25.433+0000] {logging_mixin.py:151} INFO - [2024-04-27T14:18:25.432+0000] {dag.py:2907} INFO - Sync 1 DAGs
[2024-04-27T14:18:25.465+0000] {logging_mixin.py:151} INFO - [2024-04-27T14:18:25.465+0000] {dag.py:3677} INFO - Setting next_dagrun for latest_only to 2024-04-27T10:18:25.465465+00:00, run_after=2024-04-27T14:18:25.465465+00:00
[2024-04-27T14:18:25.487+0000] {processor.py:179} INFO - Processing /home/airflow/.local/lib/python3.8/site-packages/airflow/example_dags/example_latest_only.py took 0.098 seconds
[2024-04-27T14:18:56.479+0000] {processor.py:157} INFO - Started process (PID=974) to work on /home/airflow/.local/lib/python3.8/site-packages/airflow/example_dags/example_latest_only.py
[2024-04-27T14:18:56.480+0000] {processor.py:829} INFO - Processing file /home/airflow/.local/lib/python3.8/site-packages/airflow/example_dags/example_latest_only.py for tasks to queue
[2024-04-27T14:18:56.482+0000] {logging_mixin.py:151} INFO - [2024-04-27T14:18:56.482+0000] {dagbag.py:539} INFO - Filling up the DagBag from /home/airflow/.local/lib/python3.8/site-packages/airflow/example_dags/example_latest_only.py
[2024-04-27T14:18:56.489+0000] {processor.py:839} INFO - DAG(s) dict_keys(['latest_only']) retrieved from /home/airflow/.local/lib/python3.8/site-packages/airflow/example_dags/example_latest_only.py
[2024-04-27T14:18:56.520+0000] {logging_mixin.py:151} INFO - [2024-04-27T14:18:56.520+0000] {dag.py:2907} INFO - Sync 1 DAGs
[2024-04-27T14:18:56.562+0000] {logging_mixin.py:151} INFO - [2024-04-27T14:18:56.561+0000] {dag.py:3677} INFO - Setting next_dagrun for latest_only to 2024-04-27T10:18:56.561414+00:00, run_after=2024-04-27T14:18:56.561414+00:00
[2024-04-27T14:18:56.592+0000] {processor.py:179} INFO - Processing /home/airflow/.local/lib/python3.8/site-packages/airflow/example_dags/example_latest_only.py took 0.117 seconds
[2024-04-27T14:19:27.458+0000] {processor.py:157} INFO - Started process (PID=1045) to work on /home/airflow/.local/lib/python3.8/site-packages/airflow/example_dags/example_latest_only.py
[2024-04-27T14:19:27.459+0000] {processor.py:829} INFO - Processing file /home/airflow/.local/lib/python3.8/site-packages/airflow/example_dags/example_latest_only.py for tasks to queue
[2024-04-27T14:19:27.462+0000] {logging_mixin.py:151} INFO - [2024-04-27T14:19:27.462+0000] {dagbag.py:539} INFO - Filling up the DagBag from /home/airflow/.local/lib/python3.8/site-packages/airflow/example_dags/example_latest_only.py
[2024-04-27T14:19:27.474+0000] {processor.py:839} INFO - DAG(s) dict_keys(['latest_only']) retrieved from /home/airflow/.local/lib/python3.8/site-packages/airflow/example_dags/example_latest_only.py
[2024-04-27T14:19:27.510+0000] {logging_mixin.py:151} INFO - [2024-04-27T14:19:27.510+0000] {dag.py:2907} INFO - Sync 1 DAGs
[2024-04-27T14:19:27.553+0000] {logging_mixin.py:151} INFO - [2024-04-27T14:19:27.553+0000] {dag.py:3677} INFO - Setting next_dagrun for latest_only to 2024-04-27T10:19:27.552687+00:00, run_after=2024-04-27T14:19:27.552687+00:00
[2024-04-27T14:19:27.589+0000] {processor.py:179} INFO - Processing /home/airflow/.local/lib/python3.8/site-packages/airflow/example_dags/example_latest_only.py took 0.140 seconds
[2024-04-27T14:19:58.370+0000] {processor.py:157} INFO - Started process (PID=1108) to work on /home/airflow/.local/lib/python3.8/site-packages/airflow/example_dags/example_latest_only.py
[2024-04-27T14:19:58.373+0000] {processor.py:829} INFO - Processing file /home/airflow/.local/lib/python3.8/site-packages/airflow/example_dags/example_latest_only.py for tasks to queue
[2024-04-27T14:19:58.377+0000] {logging_mixin.py:151} INFO - [2024-04-27T14:19:58.377+0000] {dagbag.py:539} INFO - Filling up the DagBag from /home/airflow/.local/lib/python3.8/site-packages/airflow/example_dags/example_latest_only.py
[2024-04-27T14:19:58.391+0000] {processor.py:839} INFO - DAG(s) dict_keys(['latest_only']) retrieved from /home/airflow/.local/lib/python3.8/site-packages/airflow/example_dags/example_latest_only.py
[2024-04-27T14:19:58.430+0000] {logging_mixin.py:151} INFO - [2024-04-27T14:19:58.429+0000] {dag.py:2907} INFO - Sync 1 DAGs
[2024-04-27T14:19:58.479+0000] {logging_mixin.py:151} INFO - [2024-04-27T14:19:58.479+0000] {dag.py:3677} INFO - Setting next_dagrun for latest_only to 2024-04-27T10:19:58.478787+00:00, run_after=2024-04-27T14:19:58.478787+00:00
[2024-04-27T14:19:58.516+0000] {processor.py:179} INFO - Processing /home/airflow/.local/lib/python3.8/site-packages/airflow/example_dags/example_latest_only.py took 0.154 seconds
[2024-04-27T14:20:28.843+0000] {processor.py:157} INFO - Started process (PID=1171) to work on /home/airflow/.local/lib/python3.8/site-packages/airflow/example_dags/example_latest_only.py
[2024-04-27T14:20:28.844+0000] {processor.py:829} INFO - Processing file /home/airflow/.local/lib/python3.8/site-packages/airflow/example_dags/example_latest_only.py for tasks to queue
[2024-04-27T14:20:28.847+0000] {logging_mixin.py:151} INFO - [2024-04-27T14:20:28.846+0000] {dagbag.py:539} INFO - Filling up the DagBag from /home/airflow/.local/lib/python3.8/site-packages/airflow/example_dags/example_latest_only.py
[2024-04-27T14:20:28.854+0000] {processor.py:839} INFO - DAG(s) dict_keys(['latest_only']) retrieved from /home/airflow/.local/lib/python3.8/site-packages/airflow/example_dags/example_latest_only.py
[2024-04-27T14:20:28.883+0000] {logging_mixin.py:151} INFO - [2024-04-27T14:20:28.883+0000] {dag.py:2907} INFO - Sync 1 DAGs
[2024-04-27T14:20:28.911+0000] {logging_mixin.py:151} INFO - [2024-04-27T14:20:28.911+0000] {dag.py:3677} INFO - Setting next_dagrun for latest_only to 2024-04-27T10:20:28.911156+00:00, run_after=2024-04-27T14:20:28.911156+00:00
[2024-04-27T14:20:28.936+0000] {processor.py:179} INFO - Processing /home/airflow/.local/lib/python3.8/site-packages/airflow/example_dags/example_latest_only.py took 0.097 seconds
[2024-04-27T14:21:00.188+0000] {processor.py:157} INFO - Started process (PID=1244) to work on /home/airflow/.local/lib/python3.8/site-packages/airflow/example_dags/example_latest_only.py
[2024-04-27T14:21:00.189+0000] {processor.py:829} INFO - Processing file /home/airflow/.local/lib/python3.8/site-packages/airflow/example_dags/example_latest_only.py for tasks to queue
[2024-04-27T14:21:00.192+0000] {logging_mixin.py:151} INFO - [2024-04-27T14:21:00.192+0000] {dagbag.py:539} INFO - Filling up the DagBag from /home/airflow/.local/lib/python3.8/site-packages/airflow/example_dags/example_latest_only.py
[2024-04-27T14:21:00.201+0000] {processor.py:839} INFO - DAG(s) dict_keys(['latest_only']) retrieved from /home/airflow/.local/lib/python3.8/site-packages/airflow/example_dags/example_latest_only.py
[2024-04-27T14:21:00.238+0000] {logging_mixin.py:151} INFO - [2024-04-27T14:21:00.237+0000] {dag.py:2907} INFO - Sync 1 DAGs
[2024-04-27T14:21:00.282+0000] {logging_mixin.py:151} INFO - [2024-04-27T14:21:00.282+0000] {dag.py:3677} INFO - Setting next_dagrun for latest_only to 2024-04-27T10:21:00.282078+00:00, run_after=2024-04-27T14:21:00.282078+00:00
[2024-04-27T14:21:00.313+0000] {processor.py:179} INFO - Processing /home/airflow/.local/lib/python3.8/site-packages/airflow/example_dags/example_latest_only.py took 0.130 seconds
[2024-04-27T14:21:31.531+0000] {processor.py:157} INFO - Started process (PID=1308) to work on /home/airflow/.local/lib/python3.8/site-packages/airflow/example_dags/example_latest_only.py
[2024-04-27T14:21:31.532+0000] {processor.py:829} INFO - Processing file /home/airflow/.local/lib/python3.8/site-packages/airflow/example_dags/example_latest_only.py for tasks to queue
[2024-04-27T14:21:31.534+0000] {logging_mixin.py:151} INFO - [2024-04-27T14:21:31.534+0000] {dagbag.py:539} INFO - Filling up the DagBag from /home/airflow/.local/lib/python3.8/site-packages/airflow/example_dags/example_latest_only.py
[2024-04-27T14:21:31.540+0000] {processor.py:839} INFO - DAG(s) dict_keys(['latest_only']) retrieved from /home/airflow/.local/lib/python3.8/site-packages/airflow/example_dags/example_latest_only.py
[2024-04-27T14:21:31.566+0000] {logging_mixin.py:151} INFO - [2024-04-27T14:21:31.566+0000] {dag.py:2907} INFO - Sync 1 DAGs
[2024-04-27T14:21:31.595+0000] {logging_mixin.py:151} INFO - [2024-04-27T14:21:31.595+0000] {dag.py:3677} INFO - Setting next_dagrun for latest_only to 2024-04-27T10:21:31.594949+00:00, run_after=2024-04-27T14:21:31.594949+00:00
[2024-04-27T14:21:31.618+0000] {processor.py:179} INFO - Processing /home/airflow/.local/lib/python3.8/site-packages/airflow/example_dags/example_latest_only.py took 0.092 seconds
[2024-04-27T14:22:02.808+0000] {processor.py:157} INFO - Started process (PID=1381) to work on /home/airflow/.local/lib/python3.8/site-packages/airflow/example_dags/example_latest_only.py
[2024-04-27T14:22:02.809+0000] {processor.py:829} INFO - Processing file /home/airflow/.local/lib/python3.8/site-packages/airflow/example_dags/example_latest_only.py for tasks to queue
[2024-04-27T14:22:02.813+0000] {logging_mixin.py:151} INFO - [2024-04-27T14:22:02.812+0000] {dagbag.py:539} INFO - Filling up the DagBag from /home/airflow/.local/lib/python3.8/site-packages/airflow/example_dags/example_latest_only.py
[2024-04-27T14:22:02.833+0000] {processor.py:839} INFO - DAG(s) dict_keys(['latest_only']) retrieved from /home/airflow/.local/lib/python3.8/site-packages/airflow/example_dags/example_latest_only.py
[2024-04-27T14:22:02.880+0000] {logging_mixin.py:151} INFO - [2024-04-27T14:22:02.879+0000] {dag.py:2907} INFO - Sync 1 DAGs
[2024-04-27T14:22:02.921+0000] {logging_mixin.py:151} INFO - [2024-04-27T14:22:02.920+0000] {dag.py:3677} INFO - Setting next_dagrun for latest_only to 2024-04-27T10:22:02.920478+00:00, run_after=2024-04-27T14:22:02.920478+00:00
[2024-04-27T14:22:02.949+0000] {processor.py:179} INFO - Processing /home/airflow/.local/lib/python3.8/site-packages/airflow/example_dags/example_latest_only.py took 0.147 seconds
[2024-04-27T14:22:34.225+0000] {processor.py:157} INFO - Started process (PID=1446) to work on /home/airflow/.local/lib/python3.8/site-packages/airflow/example_dags/example_latest_only.py
[2024-04-27T14:22:34.227+0000] {processor.py:829} INFO - Processing file /home/airflow/.local/lib/python3.8/site-packages/airflow/example_dags/example_latest_only.py for tasks to queue
[2024-04-27T14:22:34.230+0000] {logging_mixin.py:151} INFO - [2024-04-27T14:22:34.230+0000] {dagbag.py:539} INFO - Filling up the DagBag from /home/airflow/.local/lib/python3.8/site-packages/airflow/example_dags/example_latest_only.py
[2024-04-27T14:22:34.237+0000] {processor.py:839} INFO - DAG(s) dict_keys(['latest_only']) retrieved from /home/airflow/.local/lib/python3.8/site-packages/airflow/example_dags/example_latest_only.py
[2024-04-27T14:22:34.262+0000] {logging_mixin.py:151} INFO - [2024-04-27T14:22:34.262+0000] {dag.py:2907} INFO - Sync 1 DAGs
[2024-04-27T14:22:34.293+0000] {logging_mixin.py:151} INFO - [2024-04-27T14:22:34.292+0000] {dag.py:3677} INFO - Setting next_dagrun for latest_only to 2024-04-27T10:22:34.292537+00:00, run_after=2024-04-27T14:22:34.292537+00:00
[2024-04-27T14:22:34.316+0000] {processor.py:179} INFO - Processing /home/airflow/.local/lib/python3.8/site-packages/airflow/example_dags/example_latest_only.py took 0.095 seconds
[2024-04-27T14:23:05.551+0000] {processor.py:157} INFO - Started process (PID=1517) to work on /home/airflow/.local/lib/python3.8/site-packages/airflow/example_dags/example_latest_only.py
[2024-04-27T14:23:05.552+0000] {processor.py:829} INFO - Processing file /home/airflow/.local/lib/python3.8/site-packages/airflow/example_dags/example_latest_only.py for tasks to queue
[2024-04-27T14:23:05.559+0000] {logging_mixin.py:151} INFO - [2024-04-27T14:23:05.558+0000] {dagbag.py:539} INFO - Filling up the DagBag from /home/airflow/.local/lib/python3.8/site-packages/airflow/example_dags/example_latest_only.py
[2024-04-27T14:23:05.567+0000] {processor.py:839} INFO - DAG(s) dict_keys(['latest_only']) retrieved from /home/airflow/.local/lib/python3.8/site-packages/airflow/example_dags/example_latest_only.py
[2024-04-27T14:23:05.628+0000] {logging_mixin.py:151} INFO - [2024-04-27T14:23:05.627+0000] {dag.py:2907} INFO - Sync 1 DAGs
[2024-04-27T14:23:05.671+0000] {logging_mixin.py:151} INFO - [2024-04-27T14:23:05.670+0000] {dag.py:3677} INFO - Setting next_dagrun for latest_only to 2024-04-27T10:23:05.670312+00:00, run_after=2024-04-27T14:23:05.670312+00:00
[2024-04-27T14:23:05.706+0000] {processor.py:179} INFO - Processing /home/airflow/.local/lib/python3.8/site-packages/airflow/example_dags/example_latest_only.py took 0.160 seconds
[2024-04-27T14:23:36.784+0000] {processor.py:157} INFO - Started process (PID=1581) to work on /home/airflow/.local/lib/python3.8/site-packages/airflow/example_dags/example_latest_only.py
[2024-04-27T14:23:36.785+0000] {processor.py:829} INFO - Processing file /home/airflow/.local/lib/python3.8/site-packages/airflow/example_dags/example_latest_only.py for tasks to queue
[2024-04-27T14:23:36.788+0000] {logging_mixin.py:151} INFO - [2024-04-27T14:23:36.787+0000] {dagbag.py:539} INFO - Filling up the DagBag from /home/airflow/.local/lib/python3.8/site-packages/airflow/example_dags/example_latest_only.py
[2024-04-27T14:23:36.795+0000] {processor.py:839} INFO - DAG(s) dict_keys(['latest_only']) retrieved from /home/airflow/.local/lib/python3.8/site-packages/airflow/example_dags/example_latest_only.py
[2024-04-27T14:23:36.824+0000] {logging_mixin.py:151} INFO - [2024-04-27T14:23:36.824+0000] {dag.py:2907} INFO - Sync 1 DAGs
[2024-04-27T14:23:36.864+0000] {logging_mixin.py:151} INFO - [2024-04-27T14:23:36.863+0000] {dag.py:3677} INFO - Setting next_dagrun for latest_only to 2024-04-27T10:23:36.863294+00:00, run_after=2024-04-27T14:23:36.863294+00:00
[2024-04-27T14:23:36.895+0000] {processor.py:179} INFO - Processing /home/airflow/.local/lib/python3.8/site-packages/airflow/example_dags/example_latest_only.py took 0.117 seconds
[2024-04-27T14:24:07.675+0000] {processor.py:157} INFO - Started process (PID=1646) to work on /home/airflow/.local/lib/python3.8/site-packages/airflow/example_dags/example_latest_only.py
[2024-04-27T14:24:07.676+0000] {processor.py:829} INFO - Processing file /home/airflow/.local/lib/python3.8/site-packages/airflow/example_dags/example_latest_only.py for tasks to queue
[2024-04-27T14:24:07.678+0000] {logging_mixin.py:151} INFO - [2024-04-27T14:24:07.677+0000] {dagbag.py:539} INFO - Filling up the DagBag from /home/airflow/.local/lib/python3.8/site-packages/airflow/example_dags/example_latest_only.py
[2024-04-27T14:24:07.683+0000] {processor.py:839} INFO - DAG(s) dict_keys(['latest_only']) retrieved from /home/airflow/.local/lib/python3.8/site-packages/airflow/example_dags/example_latest_only.py
[2024-04-27T14:24:07.707+0000] {logging_mixin.py:151} INFO - [2024-04-27T14:24:07.707+0000] {dag.py:2907} INFO - Sync 1 DAGs
[2024-04-27T14:24:07.732+0000] {logging_mixin.py:151} INFO - [2024-04-27T14:24:07.732+0000] {dag.py:3677} INFO - Setting next_dagrun for latest_only to 2024-04-27T10:24:07.732389+00:00, run_after=2024-04-27T14:24:07.732389+00:00
[2024-04-27T14:24:07.755+0000] {processor.py:179} INFO - Processing /home/airflow/.local/lib/python3.8/site-packages/airflow/example_dags/example_latest_only.py took 0.084 seconds
[2024-04-27T14:24:39.036+0000] {processor.py:157} INFO - Started process (PID=1718) to work on /home/airflow/.local/lib/python3.8/site-packages/airflow/example_dags/example_latest_only.py
[2024-04-27T14:24:39.038+0000] {processor.py:829} INFO - Processing file /home/airflow/.local/lib/python3.8/site-packages/airflow/example_dags/example_latest_only.py for tasks to queue
[2024-04-27T14:24:39.041+0000] {logging_mixin.py:151} INFO - [2024-04-27T14:24:39.041+0000] {dagbag.py:539} INFO - Filling up the DagBag from /home/airflow/.local/lib/python3.8/site-packages/airflow/example_dags/example_latest_only.py
[2024-04-27T14:24:39.051+0000] {processor.py:839} INFO - DAG(s) dict_keys(['latest_only']) retrieved from /home/airflow/.local/lib/python3.8/site-packages/airflow/example_dags/example_latest_only.py
[2024-04-27T14:24:39.081+0000] {logging_mixin.py:151} INFO - [2024-04-27T14:24:39.081+0000] {dag.py:2907} INFO - Sync 1 DAGs
[2024-04-27T14:24:39.118+0000] {logging_mixin.py:151} INFO - [2024-04-27T14:24:39.118+0000] {dag.py:3677} INFO - Setting next_dagrun for latest_only to 2024-04-27T10:24:39.117934+00:00, run_after=2024-04-27T14:24:39.117934+00:00
[2024-04-27T14:24:39.163+0000] {processor.py:179} INFO - Processing /home/airflow/.local/lib/python3.8/site-packages/airflow/example_dags/example_latest_only.py took 0.131 seconds
[2024-04-27T14:25:10.056+0000] {processor.py:157} INFO - Started process (PID=1783) to work on /home/airflow/.local/lib/python3.8/site-packages/airflow/example_dags/example_latest_only.py
[2024-04-27T14:25:10.056+0000] {processor.py:829} INFO - Processing file /home/airflow/.local/lib/python3.8/site-packages/airflow/example_dags/example_latest_only.py for tasks to queue
[2024-04-27T14:25:10.059+0000] {logging_mixin.py:151} INFO - [2024-04-27T14:25:10.058+0000] {dagbag.py:539} INFO - Filling up the DagBag from /home/airflow/.local/lib/python3.8/site-packages/airflow/example_dags/example_latest_only.py
[2024-04-27T14:25:10.067+0000] {processor.py:839} INFO - DAG(s) dict_keys(['latest_only']) retrieved from /home/airflow/.local/lib/python3.8/site-packages/airflow/example_dags/example_latest_only.py
[2024-04-27T14:25:10.100+0000] {logging_mixin.py:151} INFO - [2024-04-27T14:25:10.099+0000] {dag.py:2907} INFO - Sync 1 DAGs
[2024-04-27T14:25:10.136+0000] {logging_mixin.py:151} INFO - [2024-04-27T14:25:10.136+0000] {dag.py:3677} INFO - Setting next_dagrun for latest_only to 2024-04-27T10:25:10.135860+00:00, run_after=2024-04-27T14:25:10.135860+00:00
[2024-04-27T14:25:10.163+0000] {processor.py:179} INFO - Processing /home/airflow/.local/lib/python3.8/site-packages/airflow/example_dags/example_latest_only.py took 0.112 seconds
[2024-04-27T14:25:41.291+0000] {processor.py:157} INFO - Started process (PID=1856) to work on /home/airflow/.local/lib/python3.8/site-packages/airflow/example_dags/example_latest_only.py
[2024-04-27T14:25:41.292+0000] {processor.py:829} INFO - Processing file /home/airflow/.local/lib/python3.8/site-packages/airflow/example_dags/example_latest_only.py for tasks to queue
[2024-04-27T14:25:41.294+0000] {logging_mixin.py:151} INFO - [2024-04-27T14:25:41.294+0000] {dagbag.py:539} INFO - Filling up the DagBag from /home/airflow/.local/lib/python3.8/site-packages/airflow/example_dags/example_latest_only.py
[2024-04-27T14:25:41.300+0000] {processor.py:839} INFO - DAG(s) dict_keys(['latest_only']) retrieved from /home/airflow/.local/lib/python3.8/site-packages/airflow/example_dags/example_latest_only.py
[2024-04-27T14:25:41.328+0000] {logging_mixin.py:151} INFO - [2024-04-27T14:25:41.328+0000] {dag.py:2907} INFO - Sync 1 DAGs
[2024-04-27T14:25:41.367+0000] {logging_mixin.py:151} INFO - [2024-04-27T14:25:41.366+0000] {dag.py:3677} INFO - Setting next_dagrun for latest_only to 2024-04-27T10:25:41.366601+00:00, run_after=2024-04-27T14:25:41.366601+00:00
[2024-04-27T14:25:41.392+0000] {processor.py:179} INFO - Processing /home/airflow/.local/lib/python3.8/site-packages/airflow/example_dags/example_latest_only.py took 0.105 seconds
