[2024-04-27T13:44:18.382+0000] {processor.py:153} INFO - Started process (PID=61) to work on /home/airflow/.local/lib/python3.7/site-packages/airflow/example_dags/example_xcom.py
[2024-04-27T13:44:18.383+0000] {processor.py:743} INFO - Processing file /home/airflow/.local/lib/python3.7/site-packages/airflow/example_dags/example_xcom.py for tasks to queue
[2024-04-27T13:44:18.385+0000] {logging_mixin.py:137} INFO - [2024-04-27T13:44:18.384+0000] {dagbag.py:538} INFO - Filling up the DagBag from /home/airflow/.local/lib/python3.7/site-packages/airflow/example_dags/example_xcom.py
[2024-04-27T13:44:18.449+0000] {processor.py:753} INFO - DAG(s) dict_keys(['example_xcom']) retrieved from /home/airflow/.local/lib/python3.7/site-packages/airflow/example_dags/example_xcom.py
[2024-04-27T13:44:18.497+0000] {logging_mixin.py:137} INFO - [2024-04-27T13:44:18.496+0000] {dag.py:2690} INFO - Sync 1 DAGs
[2024-04-27T13:44:18.547+0000] {logging_mixin.py:137} INFO - [2024-04-27T13:44:18.547+0000] {dag.py:3441} INFO - Setting next_dagrun for example_xcom to 2021-01-01T00:00:00+00:00, run_after=2021-01-01T00:00:00+00:00
[2024-04-27T13:44:18.602+0000] {processor.py:175} INFO - Processing /home/airflow/.local/lib/python3.7/site-packages/airflow/example_dags/example_xcom.py took 0.226 seconds
[2024-04-27T13:44:49.183+0000] {processor.py:153} INFO - Started process (PID=124) to work on /home/airflow/.local/lib/python3.7/site-packages/airflow/example_dags/example_xcom.py
[2024-04-27T13:44:49.184+0000] {processor.py:743} INFO - Processing file /home/airflow/.local/lib/python3.7/site-packages/airflow/example_dags/example_xcom.py for tasks to queue
[2024-04-27T13:44:49.185+0000] {logging_mixin.py:137} INFO - [2024-04-27T13:44:49.184+0000] {dagbag.py:538} INFO - Filling up the DagBag from /home/airflow/.local/lib/python3.7/site-packages/airflow/example_dags/example_xcom.py
[2024-04-27T13:44:49.221+0000] {processor.py:753} INFO - DAG(s) dict_keys(['example_xcom']) retrieved from /home/airflow/.local/lib/python3.7/site-packages/airflow/example_dags/example_xcom.py
[2024-04-27T13:44:49.254+0000] {logging_mixin.py:137} INFO - [2024-04-27T13:44:49.254+0000] {dag.py:2690} INFO - Sync 1 DAGs
[2024-04-27T13:44:49.293+0000] {logging_mixin.py:137} INFO - [2024-04-27T13:44:49.292+0000] {dag.py:3441} INFO - Setting next_dagrun for example_xcom to 2021-01-01T00:00:00+00:00, run_after=2021-01-01T00:00:00+00:00
[2024-04-27T13:44:49.331+0000] {processor.py:175} INFO - Processing /home/airflow/.local/lib/python3.7/site-packages/airflow/example_dags/example_xcom.py took 0.153 seconds
[2024-04-27T13:45:19.724+0000] {processor.py:153} INFO - Started process (PID=188) to work on /home/airflow/.local/lib/python3.7/site-packages/airflow/example_dags/example_xcom.py
[2024-04-27T13:45:19.726+0000] {processor.py:743} INFO - Processing file /home/airflow/.local/lib/python3.7/site-packages/airflow/example_dags/example_xcom.py for tasks to queue
[2024-04-27T13:45:19.727+0000] {logging_mixin.py:137} INFO - [2024-04-27T13:45:19.726+0000] {dagbag.py:538} INFO - Filling up the DagBag from /home/airflow/.local/lib/python3.7/site-packages/airflow/example_dags/example_xcom.py
[2024-04-27T13:45:19.771+0000] {processor.py:753} INFO - DAG(s) dict_keys(['example_xcom']) retrieved from /home/airflow/.local/lib/python3.7/site-packages/airflow/example_dags/example_xcom.py
[2024-04-27T13:45:19.824+0000] {logging_mixin.py:137} INFO - [2024-04-27T13:45:19.823+0000] {dag.py:2690} INFO - Sync 1 DAGs
[2024-04-27T13:45:19.908+0000] {logging_mixin.py:137} INFO - [2024-04-27T13:45:19.908+0000] {dag.py:3441} INFO - Setting next_dagrun for example_xcom to 2021-01-01T00:00:00+00:00, run_after=2021-01-01T00:00:00+00:00
[2024-04-27T13:45:20.025+0000] {processor.py:175} INFO - Processing /home/airflow/.local/lib/python3.7/site-packages/airflow/example_dags/example_xcom.py took 0.306 seconds
[2024-04-27T13:45:50.728+0000] {processor.py:153} INFO - Started process (PID=263) to work on /home/airflow/.local/lib/python3.7/site-packages/airflow/example_dags/example_xcom.py
[2024-04-27T13:45:50.729+0000] {processor.py:743} INFO - Processing file /home/airflow/.local/lib/python3.7/site-packages/airflow/example_dags/example_xcom.py for tasks to queue
[2024-04-27T13:45:50.730+0000] {logging_mixin.py:137} INFO - [2024-04-27T13:45:50.730+0000] {dagbag.py:538} INFO - Filling up the DagBag from /home/airflow/.local/lib/python3.7/site-packages/airflow/example_dags/example_xcom.py
[2024-04-27T13:45:50.775+0000] {processor.py:753} INFO - DAG(s) dict_keys(['example_xcom']) retrieved from /home/airflow/.local/lib/python3.7/site-packages/airflow/example_dags/example_xcom.py
[2024-04-27T13:45:50.827+0000] {logging_mixin.py:137} INFO - [2024-04-27T13:45:50.827+0000] {dag.py:2690} INFO - Sync 1 DAGs
[2024-04-27T13:45:50.883+0000] {logging_mixin.py:137} INFO - [2024-04-27T13:45:50.882+0000] {dag.py:3441} INFO - Setting next_dagrun for example_xcom to 2021-01-01T00:00:00+00:00, run_after=2021-01-01T00:00:00+00:00
[2024-04-27T13:45:50.917+0000] {processor.py:175} INFO - Processing /home/airflow/.local/lib/python3.7/site-packages/airflow/example_dags/example_xcom.py took 0.195 seconds
[2024-04-27T13:46:20.960+0000] {processor.py:153} INFO - Started process (PID=327) to work on /home/airflow/.local/lib/python3.7/site-packages/airflow/example_dags/example_xcom.py
[2024-04-27T13:46:20.961+0000] {processor.py:743} INFO - Processing file /home/airflow/.local/lib/python3.7/site-packages/airflow/example_dags/example_xcom.py for tasks to queue
[2024-04-27T13:46:20.962+0000] {logging_mixin.py:137} INFO - [2024-04-27T13:46:20.961+0000] {dagbag.py:538} INFO - Filling up the DagBag from /home/airflow/.local/lib/python3.7/site-packages/airflow/example_dags/example_xcom.py
[2024-04-27T13:46:20.990+0000] {processor.py:753} INFO - DAG(s) dict_keys(['example_xcom']) retrieved from /home/airflow/.local/lib/python3.7/site-packages/airflow/example_dags/example_xcom.py
[2024-04-27T13:46:21.022+0000] {logging_mixin.py:137} INFO - [2024-04-27T13:46:21.022+0000] {dag.py:2690} INFO - Sync 1 DAGs
[2024-04-27T13:46:21.053+0000] {logging_mixin.py:137} INFO - [2024-04-27T13:46:21.053+0000] {dag.py:3441} INFO - Setting next_dagrun for example_xcom to 2021-01-01T00:00:00+00:00, run_after=2021-01-01T00:00:00+00:00
[2024-04-27T13:46:21.078+0000] {processor.py:175} INFO - Processing /home/airflow/.local/lib/python3.7/site-packages/airflow/example_dags/example_xcom.py took 0.121 seconds
[2024-04-27T13:46:51.334+0000] {processor.py:153} INFO - Started process (PID=390) to work on /home/airflow/.local/lib/python3.7/site-packages/airflow/example_dags/example_xcom.py
[2024-04-27T13:46:51.335+0000] {processor.py:743} INFO - Processing file /home/airflow/.local/lib/python3.7/site-packages/airflow/example_dags/example_xcom.py for tasks to queue
[2024-04-27T13:46:51.336+0000] {logging_mixin.py:137} INFO - [2024-04-27T13:46:51.336+0000] {dagbag.py:538} INFO - Filling up the DagBag from /home/airflow/.local/lib/python3.7/site-packages/airflow/example_dags/example_xcom.py
[2024-04-27T13:46:51.392+0000] {processor.py:753} INFO - DAG(s) dict_keys(['example_xcom']) retrieved from /home/airflow/.local/lib/python3.7/site-packages/airflow/example_dags/example_xcom.py
[2024-04-27T13:46:51.457+0000] {logging_mixin.py:137} INFO - [2024-04-27T13:46:51.456+0000] {dag.py:2690} INFO - Sync 1 DAGs
[2024-04-27T13:46:51.509+0000] {logging_mixin.py:137} INFO - [2024-04-27T13:46:51.509+0000] {dag.py:3441} INFO - Setting next_dagrun for example_xcom to 2021-01-01T00:00:00+00:00, run_after=2021-01-01T00:00:00+00:00
[2024-04-27T13:46:51.540+0000] {processor.py:175} INFO - Processing /home/airflow/.local/lib/python3.7/site-packages/airflow/example_dags/example_xcom.py took 0.213 seconds
[2024-04-27T13:47:22.047+0000] {processor.py:153} INFO - Started process (PID=455) to work on /home/airflow/.local/lib/python3.7/site-packages/airflow/example_dags/example_xcom.py
[2024-04-27T13:47:22.048+0000] {processor.py:743} INFO - Processing file /home/airflow/.local/lib/python3.7/site-packages/airflow/example_dags/example_xcom.py for tasks to queue
[2024-04-27T13:47:22.049+0000] {logging_mixin.py:137} INFO - [2024-04-27T13:47:22.049+0000] {dagbag.py:538} INFO - Filling up the DagBag from /home/airflow/.local/lib/python3.7/site-packages/airflow/example_dags/example_xcom.py
[2024-04-27T13:47:22.081+0000] {processor.py:753} INFO - DAG(s) dict_keys(['example_xcom']) retrieved from /home/airflow/.local/lib/python3.7/site-packages/airflow/example_dags/example_xcom.py
[2024-04-27T13:47:22.122+0000] {logging_mixin.py:137} INFO - [2024-04-27T13:47:22.122+0000] {dag.py:2690} INFO - Sync 1 DAGs
[2024-04-27T13:47:22.177+0000] {logging_mixin.py:137} INFO - [2024-04-27T13:47:22.177+0000] {dag.py:3441} INFO - Setting next_dagrun for example_xcom to 2021-01-01T00:00:00+00:00, run_after=2021-01-01T00:00:00+00:00
[2024-04-27T13:47:22.210+0000] {processor.py:175} INFO - Processing /home/airflow/.local/lib/python3.7/site-packages/airflow/example_dags/example_xcom.py took 0.167 seconds
[2024-04-27T13:47:52.563+0000] {processor.py:153} INFO - Started process (PID=526) to work on /home/airflow/.local/lib/python3.7/site-packages/airflow/example_dags/example_xcom.py
[2024-04-27T13:47:52.564+0000] {processor.py:743} INFO - Processing file /home/airflow/.local/lib/python3.7/site-packages/airflow/example_dags/example_xcom.py for tasks to queue
[2024-04-27T13:47:52.565+0000] {logging_mixin.py:137} INFO - [2024-04-27T13:47:52.565+0000] {dagbag.py:538} INFO - Filling up the DagBag from /home/airflow/.local/lib/python3.7/site-packages/airflow/example_dags/example_xcom.py
[2024-04-27T13:47:52.610+0000] {processor.py:753} INFO - DAG(s) dict_keys(['example_xcom']) retrieved from /home/airflow/.local/lib/python3.7/site-packages/airflow/example_dags/example_xcom.py
[2024-04-27T13:47:52.658+0000] {logging_mixin.py:137} INFO - [2024-04-27T13:47:52.657+0000] {dag.py:2690} INFO - Sync 1 DAGs
[2024-04-27T13:47:52.719+0000] {logging_mixin.py:137} INFO - [2024-04-27T13:47:52.719+0000] {dag.py:3441} INFO - Setting next_dagrun for example_xcom to 2021-01-01T00:00:00+00:00, run_after=2021-01-01T00:00:00+00:00
[2024-04-27T13:47:52.759+0000] {processor.py:175} INFO - Processing /home/airflow/.local/lib/python3.7/site-packages/airflow/example_dags/example_xcom.py took 0.201 seconds
[2024-04-27T13:48:23.672+0000] {processor.py:153} INFO - Started process (PID=595) to work on /home/airflow/.local/lib/python3.7/site-packages/airflow/example_dags/example_xcom.py
[2024-04-27T13:48:23.673+0000] {processor.py:743} INFO - Processing file /home/airflow/.local/lib/python3.7/site-packages/airflow/example_dags/example_xcom.py for tasks to queue
[2024-04-27T13:48:23.674+0000] {logging_mixin.py:137} INFO - [2024-04-27T13:48:23.674+0000] {dagbag.py:538} INFO - Filling up the DagBag from /home/airflow/.local/lib/python3.7/site-packages/airflow/example_dags/example_xcom.py
[2024-04-27T13:48:23.719+0000] {processor.py:753} INFO - DAG(s) dict_keys(['example_xcom']) retrieved from /home/airflow/.local/lib/python3.7/site-packages/airflow/example_dags/example_xcom.py
[2024-04-27T13:48:23.773+0000] {logging_mixin.py:137} INFO - [2024-04-27T13:48:23.772+0000] {dag.py:2690} INFO - Sync 1 DAGs
[2024-04-27T13:48:23.825+0000] {logging_mixin.py:137} INFO - [2024-04-27T13:48:23.824+0000] {dag.py:3441} INFO - Setting next_dagrun for example_xcom to 2021-01-01T00:00:00+00:00, run_after=2021-01-01T00:00:00+00:00
[2024-04-27T13:48:23.857+0000] {processor.py:175} INFO - Processing /home/airflow/.local/lib/python3.7/site-packages/airflow/example_dags/example_xcom.py took 0.190 seconds
[2024-04-27T13:48:53.921+0000] {processor.py:153} INFO - Started process (PID=659) to work on /home/airflow/.local/lib/python3.7/site-packages/airflow/example_dags/example_xcom.py
[2024-04-27T13:48:53.922+0000] {processor.py:743} INFO - Processing file /home/airflow/.local/lib/python3.7/site-packages/airflow/example_dags/example_xcom.py for tasks to queue
[2024-04-27T13:48:53.923+0000] {logging_mixin.py:137} INFO - [2024-04-27T13:48:53.923+0000] {dagbag.py:538} INFO - Filling up the DagBag from /home/airflow/.local/lib/python3.7/site-packages/airflow/example_dags/example_xcom.py
[2024-04-27T13:48:53.954+0000] {processor.py:753} INFO - DAG(s) dict_keys(['example_xcom']) retrieved from /home/airflow/.local/lib/python3.7/site-packages/airflow/example_dags/example_xcom.py
[2024-04-27T13:48:53.992+0000] {logging_mixin.py:137} INFO - [2024-04-27T13:48:53.992+0000] {dag.py:2690} INFO - Sync 1 DAGs
[2024-04-27T13:48:54.029+0000] {logging_mixin.py:137} INFO - [2024-04-27T13:48:54.029+0000] {dag.py:3441} INFO - Setting next_dagrun for example_xcom to 2021-01-01T00:00:00+00:00, run_after=2021-01-01T00:00:00+00:00
[2024-04-27T13:48:54.060+0000] {processor.py:175} INFO - Processing /home/airflow/.local/lib/python3.7/site-packages/airflow/example_dags/example_xcom.py took 0.143 seconds
[2024-04-27T13:49:24.430+0000] {processor.py:153} INFO - Started process (PID=723) to work on /home/airflow/.local/lib/python3.7/site-packages/airflow/example_dags/example_xcom.py
[2024-04-27T13:49:24.431+0000] {processor.py:743} INFO - Processing file /home/airflow/.local/lib/python3.7/site-packages/airflow/example_dags/example_xcom.py for tasks to queue
[2024-04-27T13:49:24.433+0000] {logging_mixin.py:137} INFO - [2024-04-27T13:49:24.433+0000] {dagbag.py:538} INFO - Filling up the DagBag from /home/airflow/.local/lib/python3.7/site-packages/airflow/example_dags/example_xcom.py
[2024-04-27T13:49:24.506+0000] {processor.py:753} INFO - DAG(s) dict_keys(['example_xcom']) retrieved from /home/airflow/.local/lib/python3.7/site-packages/airflow/example_dags/example_xcom.py
[2024-04-27T13:49:24.557+0000] {logging_mixin.py:137} INFO - [2024-04-27T13:49:24.556+0000] {dag.py:2690} INFO - Sync 1 DAGs
[2024-04-27T13:49:24.601+0000] {logging_mixin.py:137} INFO - [2024-04-27T13:49:24.601+0000] {dag.py:3441} INFO - Setting next_dagrun for example_xcom to 2021-01-01T00:00:00+00:00, run_after=2021-01-01T00:00:00+00:00
[2024-04-27T13:49:24.638+0000] {processor.py:175} INFO - Processing /home/airflow/.local/lib/python3.7/site-packages/airflow/example_dags/example_xcom.py took 0.212 seconds
[2024-04-27T13:49:55.005+0000] {processor.py:153} INFO - Started process (PID=787) to work on /home/airflow/.local/lib/python3.7/site-packages/airflow/example_dags/example_xcom.py
[2024-04-27T13:49:55.006+0000] {processor.py:743} INFO - Processing file /home/airflow/.local/lib/python3.7/site-packages/airflow/example_dags/example_xcom.py for tasks to queue
[2024-04-27T13:49:55.008+0000] {logging_mixin.py:137} INFO - [2024-04-27T13:49:55.007+0000] {dagbag.py:538} INFO - Filling up the DagBag from /home/airflow/.local/lib/python3.7/site-packages/airflow/example_dags/example_xcom.py
[2024-04-27T13:49:55.048+0000] {processor.py:753} INFO - DAG(s) dict_keys(['example_xcom']) retrieved from /home/airflow/.local/lib/python3.7/site-packages/airflow/example_dags/example_xcom.py
[2024-04-27T13:49:55.142+0000] {logging_mixin.py:137} INFO - [2024-04-27T13:49:55.142+0000] {dag.py:2690} INFO - Sync 1 DAGs
[2024-04-27T13:49:55.204+0000] {logging_mixin.py:137} INFO - [2024-04-27T13:49:55.204+0000] {dag.py:3441} INFO - Setting next_dagrun for example_xcom to 2021-01-01T00:00:00+00:00, run_after=2021-01-01T00:00:00+00:00
[2024-04-27T13:49:55.228+0000] {processor.py:175} INFO - Processing /home/airflow/.local/lib/python3.7/site-packages/airflow/example_dags/example_xcom.py took 0.229 seconds
[2024-04-27T13:50:25.650+0000] {processor.py:153} INFO - Started process (PID=858) to work on /home/airflow/.local/lib/python3.7/site-packages/airflow/example_dags/example_xcom.py
[2024-04-27T13:50:25.651+0000] {processor.py:743} INFO - Processing file /home/airflow/.local/lib/python3.7/site-packages/airflow/example_dags/example_xcom.py for tasks to queue
[2024-04-27T13:50:25.653+0000] {logging_mixin.py:137} INFO - [2024-04-27T13:50:25.652+0000] {dagbag.py:538} INFO - Filling up the DagBag from /home/airflow/.local/lib/python3.7/site-packages/airflow/example_dags/example_xcom.py
[2024-04-27T13:50:25.698+0000] {processor.py:753} INFO - DAG(s) dict_keys(['example_xcom']) retrieved from /home/airflow/.local/lib/python3.7/site-packages/airflow/example_dags/example_xcom.py
[2024-04-27T13:50:25.746+0000] {logging_mixin.py:137} INFO - [2024-04-27T13:50:25.745+0000] {dag.py:2690} INFO - Sync 1 DAGs
[2024-04-27T13:50:25.803+0000] {logging_mixin.py:137} INFO - [2024-04-27T13:50:25.803+0000] {dag.py:3441} INFO - Setting next_dagrun for example_xcom to 2021-01-01T00:00:00+00:00, run_after=2021-01-01T00:00:00+00:00
[2024-04-27T13:50:25.843+0000] {processor.py:175} INFO - Processing /home/airflow/.local/lib/python3.7/site-packages/airflow/example_dags/example_xcom.py took 0.198 seconds
[2024-04-27T13:50:56.426+0000] {processor.py:153} INFO - Started process (PID=924) to work on /home/airflow/.local/lib/python3.7/site-packages/airflow/example_dags/example_xcom.py
[2024-04-27T13:50:56.427+0000] {processor.py:743} INFO - Processing file /home/airflow/.local/lib/python3.7/site-packages/airflow/example_dags/example_xcom.py for tasks to queue
[2024-04-27T13:50:56.428+0000] {logging_mixin.py:137} INFO - [2024-04-27T13:50:56.427+0000] {dagbag.py:538} INFO - Filling up the DagBag from /home/airflow/.local/lib/python3.7/site-packages/airflow/example_dags/example_xcom.py
[2024-04-27T13:50:56.459+0000] {processor.py:753} INFO - DAG(s) dict_keys(['example_xcom']) retrieved from /home/airflow/.local/lib/python3.7/site-packages/airflow/example_dags/example_xcom.py
[2024-04-27T13:50:56.494+0000] {logging_mixin.py:137} INFO - [2024-04-27T13:50:56.494+0000] {dag.py:2690} INFO - Sync 1 DAGs
[2024-04-27T13:50:56.546+0000] {logging_mixin.py:137} INFO - [2024-04-27T13:50:56.546+0000] {dag.py:3441} INFO - Setting next_dagrun for example_xcom to 2021-01-01T00:00:00+00:00, run_after=2021-01-01T00:00:00+00:00
[2024-04-27T13:50:56.579+0000] {processor.py:175} INFO - Processing /home/airflow/.local/lib/python3.7/site-packages/airflow/example_dags/example_xcom.py took 0.157 seconds
[2024-04-27T13:51:27.218+0000] {processor.py:153} INFO - Started process (PID=987) to work on /home/airflow/.local/lib/python3.7/site-packages/airflow/example_dags/example_xcom.py
[2024-04-27T13:51:27.219+0000] {processor.py:743} INFO - Processing file /home/airflow/.local/lib/python3.7/site-packages/airflow/example_dags/example_xcom.py for tasks to queue
[2024-04-27T13:51:27.219+0000] {logging_mixin.py:137} INFO - [2024-04-27T13:51:27.219+0000] {dagbag.py:538} INFO - Filling up the DagBag from /home/airflow/.local/lib/python3.7/site-packages/airflow/example_dags/example_xcom.py
[2024-04-27T13:51:27.251+0000] {processor.py:753} INFO - DAG(s) dict_keys(['example_xcom']) retrieved from /home/airflow/.local/lib/python3.7/site-packages/airflow/example_dags/example_xcom.py
[2024-04-27T13:51:27.286+0000] {logging_mixin.py:137} INFO - [2024-04-27T13:51:27.286+0000] {dag.py:2690} INFO - Sync 1 DAGs
[2024-04-27T13:51:27.328+0000] {logging_mixin.py:137} INFO - [2024-04-27T13:51:27.328+0000] {dag.py:3441} INFO - Setting next_dagrun for example_xcom to 2021-01-01T00:00:00+00:00, run_after=2021-01-01T00:00:00+00:00
[2024-04-27T13:51:27.352+0000] {processor.py:175} INFO - Processing /home/airflow/.local/lib/python3.7/site-packages/airflow/example_dags/example_xcom.py took 0.138 seconds
[2024-04-27T13:51:57.607+0000] {processor.py:153} INFO - Started process (PID=1049) to work on /home/airflow/.local/lib/python3.7/site-packages/airflow/example_dags/example_xcom.py
[2024-04-27T13:51:57.608+0000] {processor.py:743} INFO - Processing file /home/airflow/.local/lib/python3.7/site-packages/airflow/example_dags/example_xcom.py for tasks to queue
[2024-04-27T13:51:57.609+0000] {logging_mixin.py:137} INFO - [2024-04-27T13:51:57.609+0000] {dagbag.py:538} INFO - Filling up the DagBag from /home/airflow/.local/lib/python3.7/site-packages/airflow/example_dags/example_xcom.py
[2024-04-27T13:51:57.662+0000] {processor.py:753} INFO - DAG(s) dict_keys(['example_xcom']) retrieved from /home/airflow/.local/lib/python3.7/site-packages/airflow/example_dags/example_xcom.py
[2024-04-27T13:51:57.729+0000] {logging_mixin.py:137} INFO - [2024-04-27T13:51:57.728+0000] {dag.py:2690} INFO - Sync 1 DAGs
[2024-04-27T13:51:57.792+0000] {logging_mixin.py:137} INFO - [2024-04-27T13:51:57.792+0000] {dag.py:3441} INFO - Setting next_dagrun for example_xcom to 2021-01-01T00:00:00+00:00, run_after=2021-01-01T00:00:00+00:00
[2024-04-27T13:51:57.831+0000] {processor.py:175} INFO - Processing /home/airflow/.local/lib/python3.7/site-packages/airflow/example_dags/example_xcom.py took 0.229 seconds
[2024-04-27T13:52:28.439+0000] {processor.py:153} INFO - Started process (PID=1122) to work on /home/airflow/.local/lib/python3.7/site-packages/airflow/example_dags/example_xcom.py
[2024-04-27T13:52:28.440+0000] {processor.py:743} INFO - Processing file /home/airflow/.local/lib/python3.7/site-packages/airflow/example_dags/example_xcom.py for tasks to queue
[2024-04-27T13:52:28.441+0000] {logging_mixin.py:137} INFO - [2024-04-27T13:52:28.441+0000] {dagbag.py:538} INFO - Filling up the DagBag from /home/airflow/.local/lib/python3.7/site-packages/airflow/example_dags/example_xcom.py
[2024-04-27T13:52:28.482+0000] {processor.py:753} INFO - DAG(s) dict_keys(['example_xcom']) retrieved from /home/airflow/.local/lib/python3.7/site-packages/airflow/example_dags/example_xcom.py
[2024-04-27T13:52:28.516+0000] {logging_mixin.py:137} INFO - [2024-04-27T13:52:28.516+0000] {dag.py:2690} INFO - Sync 1 DAGs
[2024-04-27T13:52:28.565+0000] {logging_mixin.py:137} INFO - [2024-04-27T13:52:28.564+0000] {dag.py:3441} INFO - Setting next_dagrun for example_xcom to 2021-01-01T00:00:00+00:00, run_after=2021-01-01T00:00:00+00:00
[2024-04-27T13:52:28.590+0000] {processor.py:175} INFO - Processing /home/airflow/.local/lib/python3.7/site-packages/airflow/example_dags/example_xcom.py took 0.155 seconds
[2024-04-27T13:52:59.351+0000] {processor.py:153} INFO - Started process (PID=1189) to work on /home/airflow/.local/lib/python3.7/site-packages/airflow/example_dags/example_xcom.py
[2024-04-27T13:52:59.352+0000] {processor.py:743} INFO - Processing file /home/airflow/.local/lib/python3.7/site-packages/airflow/example_dags/example_xcom.py for tasks to queue
[2024-04-27T13:52:59.353+0000] {logging_mixin.py:137} INFO - [2024-04-27T13:52:59.353+0000] {dagbag.py:538} INFO - Filling up the DagBag from /home/airflow/.local/lib/python3.7/site-packages/airflow/example_dags/example_xcom.py
[2024-04-27T13:52:59.396+0000] {processor.py:753} INFO - DAG(s) dict_keys(['example_xcom']) retrieved from /home/airflow/.local/lib/python3.7/site-packages/airflow/example_dags/example_xcom.py
[2024-04-27T13:52:59.439+0000] {logging_mixin.py:137} INFO - [2024-04-27T13:52:59.439+0000] {dag.py:2690} INFO - Sync 1 DAGs
[2024-04-27T13:52:59.475+0000] {logging_mixin.py:137} INFO - [2024-04-27T13:52:59.475+0000] {dag.py:3441} INFO - Setting next_dagrun for example_xcom to 2021-01-01T00:00:00+00:00, run_after=2021-01-01T00:00:00+00:00
[2024-04-27T13:52:59.503+0000] {processor.py:175} INFO - Processing /home/airflow/.local/lib/python3.7/site-packages/airflow/example_dags/example_xcom.py took 0.157 seconds
[2024-04-27T13:53:30.356+0000] {processor.py:153} INFO - Started process (PID=1252) to work on /home/airflow/.local/lib/python3.7/site-packages/airflow/example_dags/example_xcom.py
[2024-04-27T13:53:30.357+0000] {processor.py:743} INFO - Processing file /home/airflow/.local/lib/python3.7/site-packages/airflow/example_dags/example_xcom.py for tasks to queue
[2024-04-27T13:53:30.358+0000] {logging_mixin.py:137} INFO - [2024-04-27T13:53:30.358+0000] {dagbag.py:538} INFO - Filling up the DagBag from /home/airflow/.local/lib/python3.7/site-packages/airflow/example_dags/example_xcom.py
[2024-04-27T13:53:30.415+0000] {processor.py:753} INFO - DAG(s) dict_keys(['example_xcom']) retrieved from /home/airflow/.local/lib/python3.7/site-packages/airflow/example_dags/example_xcom.py
[2024-04-27T13:53:30.466+0000] {logging_mixin.py:137} INFO - [2024-04-27T13:53:30.466+0000] {dag.py:2690} INFO - Sync 1 DAGs
[2024-04-27T13:53:30.517+0000] {logging_mixin.py:137} INFO - [2024-04-27T13:53:30.517+0000] {dag.py:3441} INFO - Setting next_dagrun for example_xcom to 2021-01-01T00:00:00+00:00, run_after=2021-01-01T00:00:00+00:00
[2024-04-27T13:53:30.551+0000] {processor.py:175} INFO - Processing /home/airflow/.local/lib/python3.7/site-packages/airflow/example_dags/example_xcom.py took 0.202 seconds
[2024-04-27T13:54:00.863+0000] {processor.py:153} INFO - Started process (PID=1325) to work on /home/airflow/.local/lib/python3.7/site-packages/airflow/example_dags/example_xcom.py
[2024-04-27T13:54:00.864+0000] {processor.py:743} INFO - Processing file /home/airflow/.local/lib/python3.7/site-packages/airflow/example_dags/example_xcom.py for tasks to queue
[2024-04-27T13:54:00.866+0000] {logging_mixin.py:137} INFO - [2024-04-27T13:54:00.865+0000] {dagbag.py:538} INFO - Filling up the DagBag from /home/airflow/.local/lib/python3.7/site-packages/airflow/example_dags/example_xcom.py
[2024-04-27T13:54:00.953+0000] {processor.py:753} INFO - DAG(s) dict_keys(['example_xcom']) retrieved from /home/airflow/.local/lib/python3.7/site-packages/airflow/example_dags/example_xcom.py
[2024-04-27T13:54:01.024+0000] {logging_mixin.py:137} INFO - [2024-04-27T13:54:01.024+0000] {dag.py:2690} INFO - Sync 1 DAGs
[2024-04-27T13:54:01.099+0000] {logging_mixin.py:137} INFO - [2024-04-27T13:54:01.099+0000] {dag.py:3441} INFO - Setting next_dagrun for example_xcom to 2021-01-01T00:00:00+00:00, run_after=2021-01-01T00:00:00+00:00
[2024-04-27T13:54:01.138+0000] {processor.py:175} INFO - Processing /home/airflow/.local/lib/python3.7/site-packages/airflow/example_dags/example_xcom.py took 0.282 seconds
[2024-04-27T14:03:17.817+0000] {processor.py:157} INFO - Started process (PID=63) to work on /home/airflow/.local/lib/python3.8/site-packages/airflow/example_dags/example_xcom.py
[2024-04-27T14:03:17.819+0000] {processor.py:829} INFO - Processing file /home/airflow/.local/lib/python3.8/site-packages/airflow/example_dags/example_xcom.py for tasks to queue
[2024-04-27T14:03:17.822+0000] {logging_mixin.py:151} INFO - [2024-04-27T14:03:17.821+0000] {dagbag.py:539} INFO - Filling up the DagBag from /home/airflow/.local/lib/python3.8/site-packages/airflow/example_dags/example_xcom.py
[2024-04-27T14:03:17.838+0000] {processor.py:839} INFO - DAG(s) dict_keys(['example_xcom']) retrieved from /home/airflow/.local/lib/python3.8/site-packages/airflow/example_dags/example_xcom.py
[2024-04-27T14:03:18.196+0000] {logging_mixin.py:151} INFO - [2024-04-27T14:03:18.195+0000] {manager.py:501} INFO - Created Permission View: can read on DAG:example_xcom
[2024-04-27T14:03:18.213+0000] {logging_mixin.py:151} INFO - [2024-04-27T14:03:18.213+0000] {manager.py:501} INFO - Created Permission View: can edit on DAG:example_xcom
[2024-04-27T14:03:18.223+0000] {logging_mixin.py:151} INFO - [2024-04-27T14:03:18.223+0000] {manager.py:501} INFO - Created Permission View: can delete on DAG:example_xcom
[2024-04-27T14:03:18.246+0000] {logging_mixin.py:151} INFO - [2024-04-27T14:03:18.246+0000] {dag.py:2907} INFO - Sync 1 DAGs
[2024-04-27T14:03:18.261+0000] {logging_mixin.py:151} INFO - [2024-04-27T14:03:18.260+0000] {dag.py:2929} INFO - Creating ORM DAG for example_xcom
[2024-04-27T14:03:18.273+0000] {logging_mixin.py:151} INFO - [2024-04-27T14:03:18.273+0000] {dag.py:3677} INFO - Setting next_dagrun for example_xcom to 2021-01-01T00:00:00+00:00, run_after=2021-01-01T00:00:00+00:00
[2024-04-27T14:03:18.299+0000] {processor.py:179} INFO - Processing /home/airflow/.local/lib/python3.8/site-packages/airflow/example_dags/example_xcom.py took 0.487 seconds
[2024-04-27T14:03:48.765+0000] {processor.py:157} INFO - Started process (PID=126) to work on /home/airflow/.local/lib/python3.8/site-packages/airflow/example_dags/example_xcom.py
[2024-04-27T14:03:48.767+0000] {processor.py:829} INFO - Processing file /home/airflow/.local/lib/python3.8/site-packages/airflow/example_dags/example_xcom.py for tasks to queue
[2024-04-27T14:03:48.770+0000] {logging_mixin.py:151} INFO - [2024-04-27T14:03:48.769+0000] {dagbag.py:539} INFO - Filling up the DagBag from /home/airflow/.local/lib/python3.8/site-packages/airflow/example_dags/example_xcom.py
[2024-04-27T14:03:48.791+0000] {processor.py:839} INFO - DAG(s) dict_keys(['example_xcom']) retrieved from /home/airflow/.local/lib/python3.8/site-packages/airflow/example_dags/example_xcom.py
[2024-04-27T14:03:48.840+0000] {logging_mixin.py:151} INFO - [2024-04-27T14:03:48.840+0000] {dag.py:2907} INFO - Sync 1 DAGs
[2024-04-27T14:03:48.898+0000] {logging_mixin.py:151} INFO - [2024-04-27T14:03:48.897+0000] {dag.py:3677} INFO - Setting next_dagrun for example_xcom to 2021-01-01T00:00:00+00:00, run_after=2021-01-01T00:00:00+00:00
[2024-04-27T14:03:48.967+0000] {processor.py:179} INFO - Processing /home/airflow/.local/lib/python3.8/site-packages/airflow/example_dags/example_xcom.py took 0.208 seconds
[2024-04-27T14:04:19.478+0000] {processor.py:157} INFO - Started process (PID=189) to work on /home/airflow/.local/lib/python3.8/site-packages/airflow/example_dags/example_xcom.py
[2024-04-27T14:04:19.480+0000] {processor.py:829} INFO - Processing file /home/airflow/.local/lib/python3.8/site-packages/airflow/example_dags/example_xcom.py for tasks to queue
[2024-04-27T14:04:19.484+0000] {logging_mixin.py:151} INFO - [2024-04-27T14:04:19.484+0000] {dagbag.py:539} INFO - Filling up the DagBag from /home/airflow/.local/lib/python3.8/site-packages/airflow/example_dags/example_xcom.py
[2024-04-27T14:04:19.500+0000] {processor.py:839} INFO - DAG(s) dict_keys(['example_xcom']) retrieved from /home/airflow/.local/lib/python3.8/site-packages/airflow/example_dags/example_xcom.py
[2024-04-27T14:04:19.544+0000] {logging_mixin.py:151} INFO - [2024-04-27T14:04:19.544+0000] {dag.py:2907} INFO - Sync 1 DAGs
[2024-04-27T14:04:19.590+0000] {logging_mixin.py:151} INFO - [2024-04-27T14:04:19.590+0000] {dag.py:3677} INFO - Setting next_dagrun for example_xcom to 2021-01-01T00:00:00+00:00, run_after=2021-01-01T00:00:00+00:00
[2024-04-27T14:04:19.639+0000] {processor.py:179} INFO - Processing /home/airflow/.local/lib/python3.8/site-packages/airflow/example_dags/example_xcom.py took 0.169 seconds
[2024-04-27T14:04:49.865+0000] {processor.py:157} INFO - Started process (PID=260) to work on /home/airflow/.local/lib/python3.8/site-packages/airflow/example_dags/example_xcom.py
[2024-04-27T14:04:49.866+0000] {processor.py:829} INFO - Processing file /home/airflow/.local/lib/python3.8/site-packages/airflow/example_dags/example_xcom.py for tasks to queue
[2024-04-27T14:04:49.869+0000] {logging_mixin.py:151} INFO - [2024-04-27T14:04:49.869+0000] {dagbag.py:539} INFO - Filling up the DagBag from /home/airflow/.local/lib/python3.8/site-packages/airflow/example_dags/example_xcom.py
[2024-04-27T14:04:49.882+0000] {processor.py:839} INFO - DAG(s) dict_keys(['example_xcom']) retrieved from /home/airflow/.local/lib/python3.8/site-packages/airflow/example_dags/example_xcom.py
[2024-04-27T14:04:49.917+0000] {logging_mixin.py:151} INFO - [2024-04-27T14:04:49.917+0000] {dag.py:2907} INFO - Sync 1 DAGs
[2024-04-27T14:04:49.955+0000] {logging_mixin.py:151} INFO - [2024-04-27T14:04:49.955+0000] {dag.py:3677} INFO - Setting next_dagrun for example_xcom to 2021-01-01T00:00:00+00:00, run_after=2021-01-01T00:00:00+00:00
[2024-04-27T14:04:49.983+0000] {processor.py:179} INFO - Processing /home/airflow/.local/lib/python3.8/site-packages/airflow/example_dags/example_xcom.py took 0.124 seconds
[2024-04-27T14:05:20.225+0000] {processor.py:157} INFO - Started process (PID=324) to work on /home/airflow/.local/lib/python3.8/site-packages/airflow/example_dags/example_xcom.py
[2024-04-27T14:05:20.226+0000] {processor.py:829} INFO - Processing file /home/airflow/.local/lib/python3.8/site-packages/airflow/example_dags/example_xcom.py for tasks to queue
[2024-04-27T14:05:20.229+0000] {logging_mixin.py:151} INFO - [2024-04-27T14:05:20.228+0000] {dagbag.py:539} INFO - Filling up the DagBag from /home/airflow/.local/lib/python3.8/site-packages/airflow/example_dags/example_xcom.py
[2024-04-27T14:05:20.239+0000] {processor.py:839} INFO - DAG(s) dict_keys(['example_xcom']) retrieved from /home/airflow/.local/lib/python3.8/site-packages/airflow/example_dags/example_xcom.py
[2024-04-27T14:05:20.267+0000] {logging_mixin.py:151} INFO - [2024-04-27T14:05:20.266+0000] {dag.py:2907} INFO - Sync 1 DAGs
[2024-04-27T14:05:20.294+0000] {logging_mixin.py:151} INFO - [2024-04-27T14:05:20.293+0000] {dag.py:3677} INFO - Setting next_dagrun for example_xcom to 2021-01-01T00:00:00+00:00, run_after=2021-01-01T00:00:00+00:00
[2024-04-27T14:05:20.315+0000] {processor.py:179} INFO - Processing /home/airflow/.local/lib/python3.8/site-packages/airflow/example_dags/example_xcom.py took 0.096 seconds
[2024-04-27T14:05:50.533+0000] {processor.py:157} INFO - Started process (PID=388) to work on /home/airflow/.local/lib/python3.8/site-packages/airflow/example_dags/example_xcom.py
[2024-04-27T14:05:50.534+0000] {processor.py:829} INFO - Processing file /home/airflow/.local/lib/python3.8/site-packages/airflow/example_dags/example_xcom.py for tasks to queue
[2024-04-27T14:05:50.536+0000] {logging_mixin.py:151} INFO - [2024-04-27T14:05:50.536+0000] {dagbag.py:539} INFO - Filling up the DagBag from /home/airflow/.local/lib/python3.8/site-packages/airflow/example_dags/example_xcom.py
[2024-04-27T14:05:50.546+0000] {processor.py:839} INFO - DAG(s) dict_keys(['example_xcom']) retrieved from /home/airflow/.local/lib/python3.8/site-packages/airflow/example_dags/example_xcom.py
[2024-04-27T14:05:50.582+0000] {logging_mixin.py:151} INFO - [2024-04-27T14:05:50.582+0000] {dag.py:2907} INFO - Sync 1 DAGs
[2024-04-27T14:05:50.610+0000] {logging_mixin.py:151} INFO - [2024-04-27T14:05:50.610+0000] {dag.py:3677} INFO - Setting next_dagrun for example_xcom to 2021-01-01T00:00:00+00:00, run_after=2021-01-01T00:00:00+00:00
[2024-04-27T14:05:50.633+0000] {processor.py:179} INFO - Processing /home/airflow/.local/lib/python3.8/site-packages/airflow/example_dags/example_xcom.py took 0.104 seconds
[2024-04-27T14:06:21.076+0000] {processor.py:157} INFO - Started process (PID=451) to work on /home/airflow/.local/lib/python3.8/site-packages/airflow/example_dags/example_xcom.py
[2024-04-27T14:06:21.077+0000] {processor.py:829} INFO - Processing file /home/airflow/.local/lib/python3.8/site-packages/airflow/example_dags/example_xcom.py for tasks to queue
[2024-04-27T14:06:21.081+0000] {logging_mixin.py:151} INFO - [2024-04-27T14:06:21.080+0000] {dagbag.py:539} INFO - Filling up the DagBag from /home/airflow/.local/lib/python3.8/site-packages/airflow/example_dags/example_xcom.py
[2024-04-27T14:06:21.091+0000] {processor.py:839} INFO - DAG(s) dict_keys(['example_xcom']) retrieved from /home/airflow/.local/lib/python3.8/site-packages/airflow/example_dags/example_xcom.py
[2024-04-27T14:06:21.119+0000] {logging_mixin.py:151} INFO - [2024-04-27T14:06:21.118+0000] {dag.py:2907} INFO - Sync 1 DAGs
[2024-04-27T14:06:21.146+0000] {logging_mixin.py:151} INFO - [2024-04-27T14:06:21.146+0000] {dag.py:3677} INFO - Setting next_dagrun for example_xcom to 2021-01-01T00:00:00+00:00, run_after=2021-01-01T00:00:00+00:00
[2024-04-27T14:06:21.170+0000] {processor.py:179} INFO - Processing /home/airflow/.local/lib/python3.8/site-packages/airflow/example_dags/example_xcom.py took 0.099 seconds
[2024-04-27T14:06:51.381+0000] {processor.py:157} INFO - Started process (PID=523) to work on /home/airflow/.local/lib/python3.8/site-packages/airflow/example_dags/example_xcom.py
[2024-04-27T14:06:51.383+0000] {processor.py:829} INFO - Processing file /home/airflow/.local/lib/python3.8/site-packages/airflow/example_dags/example_xcom.py for tasks to queue
[2024-04-27T14:06:51.387+0000] {logging_mixin.py:151} INFO - [2024-04-27T14:06:51.387+0000] {dagbag.py:539} INFO - Filling up the DagBag from /home/airflow/.local/lib/python3.8/site-packages/airflow/example_dags/example_xcom.py
[2024-04-27T14:06:51.401+0000] {processor.py:839} INFO - DAG(s) dict_keys(['example_xcom']) retrieved from /home/airflow/.local/lib/python3.8/site-packages/airflow/example_dags/example_xcom.py
[2024-04-27T14:06:51.440+0000] {logging_mixin.py:151} INFO - [2024-04-27T14:06:51.439+0000] {dag.py:2907} INFO - Sync 1 DAGs
[2024-04-27T14:06:51.478+0000] {logging_mixin.py:151} INFO - [2024-04-27T14:06:51.478+0000] {dag.py:3677} INFO - Setting next_dagrun for example_xcom to 2021-01-01T00:00:00+00:00, run_after=2021-01-01T00:00:00+00:00
[2024-04-27T14:06:51.508+0000] {processor.py:179} INFO - Processing /home/airflow/.local/lib/python3.8/site-packages/airflow/example_dags/example_xcom.py took 0.132 seconds
[2024-04-27T14:07:22.356+0000] {processor.py:157} INFO - Started process (PID=588) to work on /home/airflow/.local/lib/python3.8/site-packages/airflow/example_dags/example_xcom.py
[2024-04-27T14:07:22.357+0000] {processor.py:829} INFO - Processing file /home/airflow/.local/lib/python3.8/site-packages/airflow/example_dags/example_xcom.py for tasks to queue
[2024-04-27T14:07:22.360+0000] {logging_mixin.py:151} INFO - [2024-04-27T14:07:22.359+0000] {dagbag.py:539} INFO - Filling up the DagBag from /home/airflow/.local/lib/python3.8/site-packages/airflow/example_dags/example_xcom.py
[2024-04-27T14:07:22.368+0000] {processor.py:839} INFO - DAG(s) dict_keys(['example_xcom']) retrieved from /home/airflow/.local/lib/python3.8/site-packages/airflow/example_dags/example_xcom.py
[2024-04-27T14:07:22.395+0000] {logging_mixin.py:151} INFO - [2024-04-27T14:07:22.395+0000] {dag.py:2907} INFO - Sync 1 DAGs
[2024-04-27T14:07:22.423+0000] {logging_mixin.py:151} INFO - [2024-04-27T14:07:22.423+0000] {dag.py:3677} INFO - Setting next_dagrun for example_xcom to 2021-01-01T00:00:00+00:00, run_after=2021-01-01T00:00:00+00:00
[2024-04-27T14:07:22.445+0000] {processor.py:179} INFO - Processing /home/airflow/.local/lib/python3.8/site-packages/airflow/example_dags/example_xcom.py took 0.093 seconds
[2024-04-27T14:11:45.593+0000] {processor.py:157} INFO - Started process (PID=62) to work on /home/airflow/.local/lib/python3.8/site-packages/airflow/example_dags/example_xcom.py
[2024-04-27T14:11:45.599+0000] {processor.py:829} INFO - Processing file /home/airflow/.local/lib/python3.8/site-packages/airflow/example_dags/example_xcom.py for tasks to queue
[2024-04-27T14:11:45.602+0000] {logging_mixin.py:151} INFO - [2024-04-27T14:11:45.602+0000] {dagbag.py:539} INFO - Filling up the DagBag from /home/airflow/.local/lib/python3.8/site-packages/airflow/example_dags/example_xcom.py
[2024-04-27T14:11:45.642+0000] {processor.py:839} INFO - DAG(s) dict_keys(['example_xcom']) retrieved from /home/airflow/.local/lib/python3.8/site-packages/airflow/example_dags/example_xcom.py
[2024-04-27T14:11:45.696+0000] {logging_mixin.py:151} INFO - [2024-04-27T14:11:45.695+0000] {dag.py:2907} INFO - Sync 1 DAGs
[2024-04-27T14:11:45.976+0000] {logging_mixin.py:151} INFO - [2024-04-27T14:11:45.976+0000] {dag.py:3677} INFO - Setting next_dagrun for example_xcom to 2021-01-01T00:00:00+00:00, run_after=2021-01-01T00:00:00+00:00
[2024-04-27T14:11:46.063+0000] {processor.py:179} INFO - Processing /home/airflow/.local/lib/python3.8/site-packages/airflow/example_dags/example_xcom.py took 0.475 seconds
[2024-04-27T14:12:17.158+0000] {processor.py:157} INFO - Started process (PID=125) to work on /home/airflow/.local/lib/python3.8/site-packages/airflow/example_dags/example_xcom.py
[2024-04-27T14:12:17.160+0000] {processor.py:829} INFO - Processing file /home/airflow/.local/lib/python3.8/site-packages/airflow/example_dags/example_xcom.py for tasks to queue
[2024-04-27T14:12:17.164+0000] {logging_mixin.py:151} INFO - [2024-04-27T14:12:17.163+0000] {dagbag.py:539} INFO - Filling up the DagBag from /home/airflow/.local/lib/python3.8/site-packages/airflow/example_dags/example_xcom.py
[2024-04-27T14:12:17.179+0000] {processor.py:839} INFO - DAG(s) dict_keys(['example_xcom']) retrieved from /home/airflow/.local/lib/python3.8/site-packages/airflow/example_dags/example_xcom.py
[2024-04-27T14:12:17.225+0000] {logging_mixin.py:151} INFO - [2024-04-27T14:12:17.225+0000] {dag.py:2907} INFO - Sync 1 DAGs
[2024-04-27T14:12:17.275+0000] {logging_mixin.py:151} INFO - [2024-04-27T14:12:17.275+0000] {dag.py:3677} INFO - Setting next_dagrun for example_xcom to 2021-01-01T00:00:00+00:00, run_after=2021-01-01T00:00:00+00:00
[2024-04-27T14:12:17.306+0000] {processor.py:179} INFO - Processing /home/airflow/.local/lib/python3.8/site-packages/airflow/example_dags/example_xcom.py took 0.156 seconds
[2024-04-27T14:12:47.782+0000] {processor.py:157} INFO - Started process (PID=188) to work on /home/airflow/.local/lib/python3.8/site-packages/airflow/example_dags/example_xcom.py
[2024-04-27T14:12:47.783+0000] {processor.py:829} INFO - Processing file /home/airflow/.local/lib/python3.8/site-packages/airflow/example_dags/example_xcom.py for tasks to queue
[2024-04-27T14:12:47.787+0000] {logging_mixin.py:151} INFO - [2024-04-27T14:12:47.786+0000] {dagbag.py:539} INFO - Filling up the DagBag from /home/airflow/.local/lib/python3.8/site-packages/airflow/example_dags/example_xcom.py
[2024-04-27T14:12:47.804+0000] {processor.py:839} INFO - DAG(s) dict_keys(['example_xcom']) retrieved from /home/airflow/.local/lib/python3.8/site-packages/airflow/example_dags/example_xcom.py
[2024-04-27T14:12:47.848+0000] {logging_mixin.py:151} INFO - [2024-04-27T14:12:47.848+0000] {dag.py:2907} INFO - Sync 1 DAGs
[2024-04-27T14:12:47.891+0000] {logging_mixin.py:151} INFO - [2024-04-27T14:12:47.891+0000] {dag.py:3677} INFO - Setting next_dagrun for example_xcom to 2021-01-01T00:00:00+00:00, run_after=2021-01-01T00:00:00+00:00
[2024-04-27T14:12:47.922+0000] {processor.py:179} INFO - Processing /home/airflow/.local/lib/python3.8/site-packages/airflow/example_dags/example_xcom.py took 0.144 seconds
[2024-04-27T14:13:18.040+0000] {processor.py:157} INFO - Started process (PID=250) to work on /home/airflow/.local/lib/python3.8/site-packages/airflow/example_dags/example_xcom.py
[2024-04-27T14:13:18.041+0000] {processor.py:829} INFO - Processing file /home/airflow/.local/lib/python3.8/site-packages/airflow/example_dags/example_xcom.py for tasks to queue
[2024-04-27T14:13:18.044+0000] {logging_mixin.py:151} INFO - [2024-04-27T14:13:18.043+0000] {dagbag.py:539} INFO - Filling up the DagBag from /home/airflow/.local/lib/python3.8/site-packages/airflow/example_dags/example_xcom.py
[2024-04-27T14:13:18.058+0000] {processor.py:839} INFO - DAG(s) dict_keys(['example_xcom']) retrieved from /home/airflow/.local/lib/python3.8/site-packages/airflow/example_dags/example_xcom.py
[2024-04-27T14:13:18.089+0000] {logging_mixin.py:151} INFO - [2024-04-27T14:13:18.088+0000] {dag.py:2907} INFO - Sync 1 DAGs
[2024-04-27T14:13:18.117+0000] {logging_mixin.py:151} INFO - [2024-04-27T14:13:18.117+0000] {dag.py:3677} INFO - Setting next_dagrun for example_xcom to 2021-01-01T00:00:00+00:00, run_after=2021-01-01T00:00:00+00:00
[2024-04-27T14:13:18.141+0000] {processor.py:179} INFO - Processing /home/airflow/.local/lib/python3.8/site-packages/airflow/example_dags/example_xcom.py took 0.106 seconds
[2024-04-27T14:13:48.283+0000] {processor.py:157} INFO - Started process (PID=320) to work on /home/airflow/.local/lib/python3.8/site-packages/airflow/example_dags/example_xcom.py
[2024-04-27T14:13:48.285+0000] {processor.py:829} INFO - Processing file /home/airflow/.local/lib/python3.8/site-packages/airflow/example_dags/example_xcom.py for tasks to queue
[2024-04-27T14:13:48.288+0000] {logging_mixin.py:151} INFO - [2024-04-27T14:13:48.287+0000] {dagbag.py:539} INFO - Filling up the DagBag from /home/airflow/.local/lib/python3.8/site-packages/airflow/example_dags/example_xcom.py
[2024-04-27T14:13:48.299+0000] {processor.py:839} INFO - DAG(s) dict_keys(['example_xcom']) retrieved from /home/airflow/.local/lib/python3.8/site-packages/airflow/example_dags/example_xcom.py
[2024-04-27T14:13:48.345+0000] {logging_mixin.py:151} INFO - [2024-04-27T14:13:48.344+0000] {dag.py:2907} INFO - Sync 1 DAGs
[2024-04-27T14:13:48.385+0000] {logging_mixin.py:151} INFO - [2024-04-27T14:13:48.384+0000] {dag.py:3677} INFO - Setting next_dagrun for example_xcom to 2021-01-01T00:00:00+00:00, run_after=2021-01-01T00:00:00+00:00
[2024-04-27T14:13:48.419+0000] {processor.py:179} INFO - Processing /home/airflow/.local/lib/python3.8/site-packages/airflow/example_dags/example_xcom.py took 0.142 seconds
[2024-04-27T14:14:18.601+0000] {processor.py:157} INFO - Started process (PID=384) to work on /home/airflow/.local/lib/python3.8/site-packages/airflow/example_dags/example_xcom.py
[2024-04-27T14:14:18.603+0000] {processor.py:829} INFO - Processing file /home/airflow/.local/lib/python3.8/site-packages/airflow/example_dags/example_xcom.py for tasks to queue
[2024-04-27T14:14:18.606+0000] {logging_mixin.py:151} INFO - [2024-04-27T14:14:18.605+0000] {dagbag.py:539} INFO - Filling up the DagBag from /home/airflow/.local/lib/python3.8/site-packages/airflow/example_dags/example_xcom.py
[2024-04-27T14:14:18.616+0000] {processor.py:839} INFO - DAG(s) dict_keys(['example_xcom']) retrieved from /home/airflow/.local/lib/python3.8/site-packages/airflow/example_dags/example_xcom.py
[2024-04-27T14:14:18.648+0000] {logging_mixin.py:151} INFO - [2024-04-27T14:14:18.648+0000] {dag.py:2907} INFO - Sync 1 DAGs
[2024-04-27T14:14:18.685+0000] {logging_mixin.py:151} INFO - [2024-04-27T14:14:18.685+0000] {dag.py:3677} INFO - Setting next_dagrun for example_xcom to 2021-01-01T00:00:00+00:00, run_after=2021-01-01T00:00:00+00:00
[2024-04-27T14:14:18.710+0000] {processor.py:179} INFO - Processing /home/airflow/.local/lib/python3.8/site-packages/airflow/example_dags/example_xcom.py took 0.116 seconds
[2024-04-27T14:14:49.402+0000] {processor.py:157} INFO - Started process (PID=448) to work on /home/airflow/.local/lib/python3.8/site-packages/airflow/example_dags/example_xcom.py
[2024-04-27T14:14:49.404+0000] {processor.py:829} INFO - Processing file /home/airflow/.local/lib/python3.8/site-packages/airflow/example_dags/example_xcom.py for tasks to queue
[2024-04-27T14:14:49.408+0000] {logging_mixin.py:151} INFO - [2024-04-27T14:14:49.407+0000] {dagbag.py:539} INFO - Filling up the DagBag from /home/airflow/.local/lib/python3.8/site-packages/airflow/example_dags/example_xcom.py
[2024-04-27T14:14:49.420+0000] {processor.py:839} INFO - DAG(s) dict_keys(['example_xcom']) retrieved from /home/airflow/.local/lib/python3.8/site-packages/airflow/example_dags/example_xcom.py
[2024-04-27T14:14:49.457+0000] {logging_mixin.py:151} INFO - [2024-04-27T14:14:49.457+0000] {dag.py:2907} INFO - Sync 1 DAGs
[2024-04-27T14:14:49.499+0000] {logging_mixin.py:151} INFO - [2024-04-27T14:14:49.498+0000] {dag.py:3677} INFO - Setting next_dagrun for example_xcom to 2021-01-01T00:00:00+00:00, run_after=2021-01-01T00:00:00+00:00
[2024-04-27T14:14:49.531+0000] {processor.py:179} INFO - Processing /home/airflow/.local/lib/python3.8/site-packages/airflow/example_dags/example_xcom.py took 0.135 seconds
[2024-04-27T14:15:20.217+0000] {processor.py:157} INFO - Started process (PID=512) to work on /home/airflow/.local/lib/python3.8/site-packages/airflow/example_dags/example_xcom.py
[2024-04-27T14:15:20.218+0000] {processor.py:829} INFO - Processing file /home/airflow/.local/lib/python3.8/site-packages/airflow/example_dags/example_xcom.py for tasks to queue
[2024-04-27T14:15:20.224+0000] {logging_mixin.py:151} INFO - [2024-04-27T14:15:20.224+0000] {dagbag.py:539} INFO - Filling up the DagBag from /home/airflow/.local/lib/python3.8/site-packages/airflow/example_dags/example_xcom.py
[2024-04-27T14:15:20.238+0000] {processor.py:839} INFO - DAG(s) dict_keys(['example_xcom']) retrieved from /home/airflow/.local/lib/python3.8/site-packages/airflow/example_dags/example_xcom.py
[2024-04-27T14:15:20.275+0000] {logging_mixin.py:151} INFO - [2024-04-27T14:15:20.274+0000] {dag.py:2907} INFO - Sync 1 DAGs
[2024-04-27T14:15:20.306+0000] {logging_mixin.py:151} INFO - [2024-04-27T14:15:20.306+0000] {dag.py:3677} INFO - Setting next_dagrun for example_xcom to 2021-01-01T00:00:00+00:00, run_after=2021-01-01T00:00:00+00:00
[2024-04-27T14:15:20.333+0000] {processor.py:179} INFO - Processing /home/airflow/.local/lib/python3.8/site-packages/airflow/example_dags/example_xcom.py took 0.129 seconds
[2024-04-27T14:15:50.977+0000] {processor.py:157} INFO - Started process (PID=586) to work on /home/airflow/.local/lib/python3.8/site-packages/airflow/example_dags/example_xcom.py
[2024-04-27T14:15:50.979+0000] {processor.py:829} INFO - Processing file /home/airflow/.local/lib/python3.8/site-packages/airflow/example_dags/example_xcom.py for tasks to queue
[2024-04-27T14:15:50.986+0000] {logging_mixin.py:151} INFO - [2024-04-27T14:15:50.985+0000] {dagbag.py:539} INFO - Filling up the DagBag from /home/airflow/.local/lib/python3.8/site-packages/airflow/example_dags/example_xcom.py
[2024-04-27T14:15:51.004+0000] {processor.py:839} INFO - DAG(s) dict_keys(['example_xcom']) retrieved from /home/airflow/.local/lib/python3.8/site-packages/airflow/example_dags/example_xcom.py
[2024-04-27T14:15:51.063+0000] {logging_mixin.py:151} INFO - [2024-04-27T14:15:51.063+0000] {dag.py:2907} INFO - Sync 1 DAGs
[2024-04-27T14:15:51.102+0000] {logging_mixin.py:151} INFO - [2024-04-27T14:15:51.102+0000] {dag.py:3677} INFO - Setting next_dagrun for example_xcom to 2021-01-01T00:00:00+00:00, run_after=2021-01-01T00:00:00+00:00
[2024-04-27T14:15:51.124+0000] {processor.py:179} INFO - Processing /home/airflow/.local/lib/python3.8/site-packages/airflow/example_dags/example_xcom.py took 0.156 seconds
[2024-04-27T14:16:21.524+0000] {processor.py:157} INFO - Started process (PID=649) to work on /home/airflow/.local/lib/python3.8/site-packages/airflow/example_dags/example_xcom.py
[2024-04-27T14:16:21.525+0000] {processor.py:829} INFO - Processing file /home/airflow/.local/lib/python3.8/site-packages/airflow/example_dags/example_xcom.py for tasks to queue
[2024-04-27T14:16:21.528+0000] {logging_mixin.py:151} INFO - [2024-04-27T14:16:21.527+0000] {dagbag.py:539} INFO - Filling up the DagBag from /home/airflow/.local/lib/python3.8/site-packages/airflow/example_dags/example_xcom.py
[2024-04-27T14:16:21.539+0000] {processor.py:839} INFO - DAG(s) dict_keys(['example_xcom']) retrieved from /home/airflow/.local/lib/python3.8/site-packages/airflow/example_dags/example_xcom.py
[2024-04-27T14:16:21.573+0000] {logging_mixin.py:151} INFO - [2024-04-27T14:16:21.572+0000] {dag.py:2907} INFO - Sync 1 DAGs
[2024-04-27T14:16:21.609+0000] {logging_mixin.py:151} INFO - [2024-04-27T14:16:21.609+0000] {dag.py:3677} INFO - Setting next_dagrun for example_xcom to 2021-01-01T00:00:00+00:00, run_after=2021-01-01T00:00:00+00:00
[2024-04-27T14:16:21.632+0000] {processor.py:179} INFO - Processing /home/airflow/.local/lib/python3.8/site-packages/airflow/example_dags/example_xcom.py took 0.112 seconds
[2024-04-27T14:16:52.590+0000] {processor.py:157} INFO - Started process (PID=714) to work on /home/airflow/.local/lib/python3.8/site-packages/airflow/example_dags/example_xcom.py
[2024-04-27T14:16:52.592+0000] {processor.py:829} INFO - Processing file /home/airflow/.local/lib/python3.8/site-packages/airflow/example_dags/example_xcom.py for tasks to queue
[2024-04-27T14:16:52.595+0000] {logging_mixin.py:151} INFO - [2024-04-27T14:16:52.594+0000] {dagbag.py:539} INFO - Filling up the DagBag from /home/airflow/.local/lib/python3.8/site-packages/airflow/example_dags/example_xcom.py
[2024-04-27T14:16:52.610+0000] {processor.py:839} INFO - DAG(s) dict_keys(['example_xcom']) retrieved from /home/airflow/.local/lib/python3.8/site-packages/airflow/example_dags/example_xcom.py
[2024-04-27T14:16:52.651+0000] {logging_mixin.py:151} INFO - [2024-04-27T14:16:52.651+0000] {dag.py:2907} INFO - Sync 1 DAGs
[2024-04-27T14:16:52.695+0000] {logging_mixin.py:151} INFO - [2024-04-27T14:16:52.694+0000] {dag.py:3677} INFO - Setting next_dagrun for example_xcom to 2021-01-01T00:00:00+00:00, run_after=2021-01-01T00:00:00+00:00
[2024-04-27T14:16:52.734+0000] {processor.py:179} INFO - Processing /home/airflow/.local/lib/python3.8/site-packages/airflow/example_dags/example_xcom.py took 0.150 seconds
[2024-04-27T14:17:23.782+0000] {processor.py:157} INFO - Started process (PID=785) to work on /home/airflow/.local/lib/python3.8/site-packages/airflow/example_dags/example_xcom.py
[2024-04-27T14:17:23.783+0000] {processor.py:829} INFO - Processing file /home/airflow/.local/lib/python3.8/site-packages/airflow/example_dags/example_xcom.py for tasks to queue
[2024-04-27T14:17:23.787+0000] {logging_mixin.py:151} INFO - [2024-04-27T14:17:23.786+0000] {dagbag.py:539} INFO - Filling up the DagBag from /home/airflow/.local/lib/python3.8/site-packages/airflow/example_dags/example_xcom.py
[2024-04-27T14:17:23.798+0000] {processor.py:839} INFO - DAG(s) dict_keys(['example_xcom']) retrieved from /home/airflow/.local/lib/python3.8/site-packages/airflow/example_dags/example_xcom.py
[2024-04-27T14:17:23.834+0000] {logging_mixin.py:151} INFO - [2024-04-27T14:17:23.834+0000] {dag.py:2907} INFO - Sync 1 DAGs
[2024-04-27T14:17:23.873+0000] {logging_mixin.py:151} INFO - [2024-04-27T14:17:23.872+0000] {dag.py:3677} INFO - Setting next_dagrun for example_xcom to 2021-01-01T00:00:00+00:00, run_after=2021-01-01T00:00:00+00:00
[2024-04-27T14:17:23.900+0000] {processor.py:179} INFO - Processing /home/airflow/.local/lib/python3.8/site-packages/airflow/example_dags/example_xcom.py took 0.123 seconds
[2024-04-27T14:17:54.936+0000] {processor.py:157} INFO - Started process (PID=850) to work on /home/airflow/.local/lib/python3.8/site-packages/airflow/example_dags/example_xcom.py
[2024-04-27T14:17:54.937+0000] {processor.py:829} INFO - Processing file /home/airflow/.local/lib/python3.8/site-packages/airflow/example_dags/example_xcom.py for tasks to queue
[2024-04-27T14:17:54.940+0000] {logging_mixin.py:151} INFO - [2024-04-27T14:17:54.940+0000] {dagbag.py:539} INFO - Filling up the DagBag from /home/airflow/.local/lib/python3.8/site-packages/airflow/example_dags/example_xcom.py
[2024-04-27T14:17:54.953+0000] {processor.py:839} INFO - DAG(s) dict_keys(['example_xcom']) retrieved from /home/airflow/.local/lib/python3.8/site-packages/airflow/example_dags/example_xcom.py
[2024-04-27T14:17:54.982+0000] {logging_mixin.py:151} INFO - [2024-04-27T14:17:54.982+0000] {dag.py:2907} INFO - Sync 1 DAGs
[2024-04-27T14:17:55.009+0000] {logging_mixin.py:151} INFO - [2024-04-27T14:17:55.009+0000] {dag.py:3677} INFO - Setting next_dagrun for example_xcom to 2021-01-01T00:00:00+00:00, run_after=2021-01-01T00:00:00+00:00
[2024-04-27T14:17:55.034+0000] {processor.py:179} INFO - Processing /home/airflow/.local/lib/python3.8/site-packages/airflow/example_dags/example_xcom.py took 0.103 seconds
[2024-04-27T14:18:25.515+0000] {processor.py:157} INFO - Started process (PID=914) to work on /home/airflow/.local/lib/python3.8/site-packages/airflow/example_dags/example_xcom.py
[2024-04-27T14:18:25.516+0000] {processor.py:829} INFO - Processing file /home/airflow/.local/lib/python3.8/site-packages/airflow/example_dags/example_xcom.py for tasks to queue
[2024-04-27T14:18:25.518+0000] {logging_mixin.py:151} INFO - [2024-04-27T14:18:25.518+0000] {dagbag.py:539} INFO - Filling up the DagBag from /home/airflow/.local/lib/python3.8/site-packages/airflow/example_dags/example_xcom.py
[2024-04-27T14:18:25.528+0000] {processor.py:839} INFO - DAG(s) dict_keys(['example_xcom']) retrieved from /home/airflow/.local/lib/python3.8/site-packages/airflow/example_dags/example_xcom.py
[2024-04-27T14:18:25.560+0000] {logging_mixin.py:151} INFO - [2024-04-27T14:18:25.560+0000] {dag.py:2907} INFO - Sync 1 DAGs
[2024-04-27T14:18:25.596+0000] {logging_mixin.py:151} INFO - [2024-04-27T14:18:25.596+0000] {dag.py:3677} INFO - Setting next_dagrun for example_xcom to 2021-01-01T00:00:00+00:00, run_after=2021-01-01T00:00:00+00:00
[2024-04-27T14:18:25.684+0000] {processor.py:179} INFO - Processing /home/airflow/.local/lib/python3.8/site-packages/airflow/example_dags/example_xcom.py took 0.174 seconds
[2024-04-27T14:18:56.620+0000] {processor.py:157} INFO - Started process (PID=976) to work on /home/airflow/.local/lib/python3.8/site-packages/airflow/example_dags/example_xcom.py
[2024-04-27T14:18:56.621+0000] {processor.py:829} INFO - Processing file /home/airflow/.local/lib/python3.8/site-packages/airflow/example_dags/example_xcom.py for tasks to queue
[2024-04-27T14:18:56.623+0000] {logging_mixin.py:151} INFO - [2024-04-27T14:18:56.623+0000] {dagbag.py:539} INFO - Filling up the DagBag from /home/airflow/.local/lib/python3.8/site-packages/airflow/example_dags/example_xcom.py
[2024-04-27T14:18:56.633+0000] {processor.py:839} INFO - DAG(s) dict_keys(['example_xcom']) retrieved from /home/airflow/.local/lib/python3.8/site-packages/airflow/example_dags/example_xcom.py
[2024-04-27T14:18:56.667+0000] {logging_mixin.py:151} INFO - [2024-04-27T14:18:56.666+0000] {dag.py:2907} INFO - Sync 1 DAGs
[2024-04-27T14:18:56.705+0000] {logging_mixin.py:151} INFO - [2024-04-27T14:18:56.705+0000] {dag.py:3677} INFO - Setting next_dagrun for example_xcom to 2021-01-01T00:00:00+00:00, run_after=2021-01-01T00:00:00+00:00
[2024-04-27T14:18:56.736+0000] {processor.py:179} INFO - Processing /home/airflow/.local/lib/python3.8/site-packages/airflow/example_dags/example_xcom.py took 0.120 seconds
[2024-04-27T14:19:27.828+0000] {processor.py:157} INFO - Started process (PID=1047) to work on /home/airflow/.local/lib/python3.8/site-packages/airflow/example_dags/example_xcom.py
[2024-04-27T14:19:27.829+0000] {processor.py:829} INFO - Processing file /home/airflow/.local/lib/python3.8/site-packages/airflow/example_dags/example_xcom.py for tasks to queue
[2024-04-27T14:19:27.833+0000] {logging_mixin.py:151} INFO - [2024-04-27T14:19:27.832+0000] {dagbag.py:539} INFO - Filling up the DagBag from /home/airflow/.local/lib/python3.8/site-packages/airflow/example_dags/example_xcom.py
[2024-04-27T14:19:27.845+0000] {processor.py:839} INFO - DAG(s) dict_keys(['example_xcom']) retrieved from /home/airflow/.local/lib/python3.8/site-packages/airflow/example_dags/example_xcom.py
[2024-04-27T14:19:27.873+0000] {logging_mixin.py:151} INFO - [2024-04-27T14:19:27.873+0000] {dag.py:2907} INFO - Sync 1 DAGs
[2024-04-27T14:19:27.900+0000] {logging_mixin.py:151} INFO - [2024-04-27T14:19:27.899+0000] {dag.py:3677} INFO - Setting next_dagrun for example_xcom to 2021-01-01T00:00:00+00:00, run_after=2021-01-01T00:00:00+00:00
[2024-04-27T14:19:27.920+0000] {processor.py:179} INFO - Processing /home/airflow/.local/lib/python3.8/site-packages/airflow/example_dags/example_xcom.py took 0.097 seconds
[2024-04-27T14:19:58.706+0000] {processor.py:157} INFO - Started process (PID=1110) to work on /home/airflow/.local/lib/python3.8/site-packages/airflow/example_dags/example_xcom.py
[2024-04-27T14:19:58.707+0000] {processor.py:829} INFO - Processing file /home/airflow/.local/lib/python3.8/site-packages/airflow/example_dags/example_xcom.py for tasks to queue
[2024-04-27T14:19:58.710+0000] {logging_mixin.py:151} INFO - [2024-04-27T14:19:58.710+0000] {dagbag.py:539} INFO - Filling up the DagBag from /home/airflow/.local/lib/python3.8/site-packages/airflow/example_dags/example_xcom.py
[2024-04-27T14:19:58.722+0000] {processor.py:839} INFO - DAG(s) dict_keys(['example_xcom']) retrieved from /home/airflow/.local/lib/python3.8/site-packages/airflow/example_dags/example_xcom.py
[2024-04-27T14:19:58.756+0000] {logging_mixin.py:151} INFO - [2024-04-27T14:19:58.756+0000] {dag.py:2907} INFO - Sync 1 DAGs
[2024-04-27T14:19:58.793+0000] {logging_mixin.py:151} INFO - [2024-04-27T14:19:58.793+0000] {dag.py:3677} INFO - Setting next_dagrun for example_xcom to 2021-01-01T00:00:00+00:00, run_after=2021-01-01T00:00:00+00:00
[2024-04-27T14:19:58.822+0000] {processor.py:179} INFO - Processing /home/airflow/.local/lib/python3.8/site-packages/airflow/example_dags/example_xcom.py took 0.122 seconds
[2024-04-27T14:20:29.076+0000] {processor.py:157} INFO - Started process (PID=1174) to work on /home/airflow/.local/lib/python3.8/site-packages/airflow/example_dags/example_xcom.py
[2024-04-27T14:20:29.077+0000] {processor.py:829} INFO - Processing file /home/airflow/.local/lib/python3.8/site-packages/airflow/example_dags/example_xcom.py for tasks to queue
[2024-04-27T14:20:29.079+0000] {logging_mixin.py:151} INFO - [2024-04-27T14:20:29.079+0000] {dagbag.py:539} INFO - Filling up the DagBag from /home/airflow/.local/lib/python3.8/site-packages/airflow/example_dags/example_xcom.py
[2024-04-27T14:20:29.088+0000] {processor.py:839} INFO - DAG(s) dict_keys(['example_xcom']) retrieved from /home/airflow/.local/lib/python3.8/site-packages/airflow/example_dags/example_xcom.py
[2024-04-27T14:20:29.114+0000] {logging_mixin.py:151} INFO - [2024-04-27T14:20:29.114+0000] {dag.py:2907} INFO - Sync 1 DAGs
[2024-04-27T14:20:29.141+0000] {logging_mixin.py:151} INFO - [2024-04-27T14:20:29.141+0000] {dag.py:3677} INFO - Setting next_dagrun for example_xcom to 2021-01-01T00:00:00+00:00, run_after=2021-01-01T00:00:00+00:00
[2024-04-27T14:20:29.162+0000] {processor.py:179} INFO - Processing /home/airflow/.local/lib/python3.8/site-packages/airflow/example_dags/example_xcom.py took 0.090 seconds
[2024-04-27T14:21:00.348+0000] {processor.py:157} INFO - Started process (PID=1246) to work on /home/airflow/.local/lib/python3.8/site-packages/airflow/example_dags/example_xcom.py
[2024-04-27T14:21:00.349+0000] {processor.py:829} INFO - Processing file /home/airflow/.local/lib/python3.8/site-packages/airflow/example_dags/example_xcom.py for tasks to queue
[2024-04-27T14:21:00.352+0000] {logging_mixin.py:151} INFO - [2024-04-27T14:21:00.352+0000] {dagbag.py:539} INFO - Filling up the DagBag from /home/airflow/.local/lib/python3.8/site-packages/airflow/example_dags/example_xcom.py
[2024-04-27T14:21:00.365+0000] {processor.py:839} INFO - DAG(s) dict_keys(['example_xcom']) retrieved from /home/airflow/.local/lib/python3.8/site-packages/airflow/example_dags/example_xcom.py
[2024-04-27T14:21:00.400+0000] {logging_mixin.py:151} INFO - [2024-04-27T14:21:00.400+0000] {dag.py:2907} INFO - Sync 1 DAGs
[2024-04-27T14:21:00.442+0000] {logging_mixin.py:151} INFO - [2024-04-27T14:21:00.441+0000] {dag.py:3677} INFO - Setting next_dagrun for example_xcom to 2021-01-01T00:00:00+00:00, run_after=2021-01-01T00:00:00+00:00
[2024-04-27T14:21:00.471+0000] {processor.py:179} INFO - Processing /home/airflow/.local/lib/python3.8/site-packages/airflow/example_dags/example_xcom.py took 0.131 seconds
[2024-04-27T14:21:31.645+0000] {processor.py:157} INFO - Started process (PID=1310) to work on /home/airflow/.local/lib/python3.8/site-packages/airflow/example_dags/example_xcom.py
[2024-04-27T14:21:31.646+0000] {processor.py:829} INFO - Processing file /home/airflow/.local/lib/python3.8/site-packages/airflow/example_dags/example_xcom.py for tasks to queue
[2024-04-27T14:21:31.648+0000] {logging_mixin.py:151} INFO - [2024-04-27T14:21:31.648+0000] {dagbag.py:539} INFO - Filling up the DagBag from /home/airflow/.local/lib/python3.8/site-packages/airflow/example_dags/example_xcom.py
[2024-04-27T14:21:31.657+0000] {processor.py:839} INFO - DAG(s) dict_keys(['example_xcom']) retrieved from /home/airflow/.local/lib/python3.8/site-packages/airflow/example_dags/example_xcom.py
[2024-04-27T14:21:31.685+0000] {logging_mixin.py:151} INFO - [2024-04-27T14:21:31.685+0000] {dag.py:2907} INFO - Sync 1 DAGs
[2024-04-27T14:21:31.712+0000] {logging_mixin.py:151} INFO - [2024-04-27T14:21:31.712+0000] {dag.py:3677} INFO - Setting next_dagrun for example_xcom to 2021-01-01T00:00:00+00:00, run_after=2021-01-01T00:00:00+00:00
[2024-04-27T14:21:31.733+0000] {processor.py:179} INFO - Processing /home/airflow/.local/lib/python3.8/site-packages/airflow/example_dags/example_xcom.py took 0.091 seconds
[2024-04-27T14:22:02.977+0000] {processor.py:157} INFO - Started process (PID=1383) to work on /home/airflow/.local/lib/python3.8/site-packages/airflow/example_dags/example_xcom.py
[2024-04-27T14:22:02.978+0000] {processor.py:829} INFO - Processing file /home/airflow/.local/lib/python3.8/site-packages/airflow/example_dags/example_xcom.py for tasks to queue
[2024-04-27T14:22:02.980+0000] {logging_mixin.py:151} INFO - [2024-04-27T14:22:02.980+0000] {dagbag.py:539} INFO - Filling up the DagBag from /home/airflow/.local/lib/python3.8/site-packages/airflow/example_dags/example_xcom.py
[2024-04-27T14:22:02.989+0000] {processor.py:839} INFO - DAG(s) dict_keys(['example_xcom']) retrieved from /home/airflow/.local/lib/python3.8/site-packages/airflow/example_dags/example_xcom.py
[2024-04-27T14:22:03.014+0000] {logging_mixin.py:151} INFO - [2024-04-27T14:22:03.014+0000] {dag.py:2907} INFO - Sync 1 DAGs
[2024-04-27T14:22:03.041+0000] {logging_mixin.py:151} INFO - [2024-04-27T14:22:03.041+0000] {dag.py:3677} INFO - Setting next_dagrun for example_xcom to 2021-01-01T00:00:00+00:00, run_after=2021-01-01T00:00:00+00:00
[2024-04-27T14:22:03.064+0000] {processor.py:179} INFO - Processing /home/airflow/.local/lib/python3.8/site-packages/airflow/example_dags/example_xcom.py took 0.091 seconds
[2024-04-27T14:22:34.346+0000] {processor.py:157} INFO - Started process (PID=1448) to work on /home/airflow/.local/lib/python3.8/site-packages/airflow/example_dags/example_xcom.py
[2024-04-27T14:22:34.348+0000] {processor.py:829} INFO - Processing file /home/airflow/.local/lib/python3.8/site-packages/airflow/example_dags/example_xcom.py for tasks to queue
[2024-04-27T14:22:34.351+0000] {logging_mixin.py:151} INFO - [2024-04-27T14:22:34.350+0000] {dagbag.py:539} INFO - Filling up the DagBag from /home/airflow/.local/lib/python3.8/site-packages/airflow/example_dags/example_xcom.py
[2024-04-27T14:22:34.361+0000] {processor.py:839} INFO - DAG(s) dict_keys(['example_xcom']) retrieved from /home/airflow/.local/lib/python3.8/site-packages/airflow/example_dags/example_xcom.py
[2024-04-27T14:22:34.386+0000] {logging_mixin.py:151} INFO - [2024-04-27T14:22:34.386+0000] {dag.py:2907} INFO - Sync 1 DAGs
[2024-04-27T14:22:34.413+0000] {logging_mixin.py:151} INFO - [2024-04-27T14:22:34.413+0000] {dag.py:3677} INFO - Setting next_dagrun for example_xcom to 2021-01-01T00:00:00+00:00, run_after=2021-01-01T00:00:00+00:00
[2024-04-27T14:22:34.436+0000] {processor.py:179} INFO - Processing /home/airflow/.local/lib/python3.8/site-packages/airflow/example_dags/example_xcom.py took 0.094 seconds
[2024-04-27T14:23:05.748+0000] {processor.py:157} INFO - Started process (PID=1519) to work on /home/airflow/.local/lib/python3.8/site-packages/airflow/example_dags/example_xcom.py
[2024-04-27T14:23:05.749+0000] {processor.py:829} INFO - Processing file /home/airflow/.local/lib/python3.8/site-packages/airflow/example_dags/example_xcom.py for tasks to queue
[2024-04-27T14:23:05.752+0000] {logging_mixin.py:151} INFO - [2024-04-27T14:23:05.752+0000] {dagbag.py:539} INFO - Filling up the DagBag from /home/airflow/.local/lib/python3.8/site-packages/airflow/example_dags/example_xcom.py
[2024-04-27T14:23:05.764+0000] {processor.py:839} INFO - DAG(s) dict_keys(['example_xcom']) retrieved from /home/airflow/.local/lib/python3.8/site-packages/airflow/example_dags/example_xcom.py
[2024-04-27T14:23:05.796+0000] {logging_mixin.py:151} INFO - [2024-04-27T14:23:05.795+0000] {dag.py:2907} INFO - Sync 1 DAGs
[2024-04-27T14:23:05.834+0000] {logging_mixin.py:151} INFO - [2024-04-27T14:23:05.834+0000] {dag.py:3677} INFO - Setting next_dagrun for example_xcom to 2021-01-01T00:00:00+00:00, run_after=2021-01-01T00:00:00+00:00
[2024-04-27T14:23:05.864+0000] {processor.py:179} INFO - Processing /home/airflow/.local/lib/python3.8/site-packages/airflow/example_dags/example_xcom.py took 0.123 seconds
[2024-04-27T14:23:36.932+0000] {processor.py:157} INFO - Started process (PID=1583) to work on /home/airflow/.local/lib/python3.8/site-packages/airflow/example_dags/example_xcom.py
[2024-04-27T14:23:36.933+0000] {processor.py:829} INFO - Processing file /home/airflow/.local/lib/python3.8/site-packages/airflow/example_dags/example_xcom.py for tasks to queue
[2024-04-27T14:23:36.937+0000] {logging_mixin.py:151} INFO - [2024-04-27T14:23:36.936+0000] {dagbag.py:539} INFO - Filling up the DagBag from /home/airflow/.local/lib/python3.8/site-packages/airflow/example_dags/example_xcom.py
[2024-04-27T14:23:36.950+0000] {processor.py:839} INFO - DAG(s) dict_keys(['example_xcom']) retrieved from /home/airflow/.local/lib/python3.8/site-packages/airflow/example_dags/example_xcom.py
[2024-04-27T14:23:36.985+0000] {logging_mixin.py:151} INFO - [2024-04-27T14:23:36.985+0000] {dag.py:2907} INFO - Sync 1 DAGs
[2024-04-27T14:23:37.021+0000] {logging_mixin.py:151} INFO - [2024-04-27T14:23:37.021+0000] {dag.py:3677} INFO - Setting next_dagrun for example_xcom to 2021-01-01T00:00:00+00:00, run_after=2021-01-01T00:00:00+00:00
[2024-04-27T14:23:37.054+0000] {processor.py:179} INFO - Processing /home/airflow/.local/lib/python3.8/site-packages/airflow/example_dags/example_xcom.py took 0.127 seconds
[2024-04-27T14:24:07.786+0000] {processor.py:157} INFO - Started process (PID=1648) to work on /home/airflow/.local/lib/python3.8/site-packages/airflow/example_dags/example_xcom.py
[2024-04-27T14:24:07.787+0000] {processor.py:829} INFO - Processing file /home/airflow/.local/lib/python3.8/site-packages/airflow/example_dags/example_xcom.py for tasks to queue
[2024-04-27T14:24:07.789+0000] {logging_mixin.py:151} INFO - [2024-04-27T14:24:07.789+0000] {dagbag.py:539} INFO - Filling up the DagBag from /home/airflow/.local/lib/python3.8/site-packages/airflow/example_dags/example_xcom.py
[2024-04-27T14:24:07.801+0000] {processor.py:839} INFO - DAG(s) dict_keys(['example_xcom']) retrieved from /home/airflow/.local/lib/python3.8/site-packages/airflow/example_dags/example_xcom.py
[2024-04-27T14:24:07.833+0000] {logging_mixin.py:151} INFO - [2024-04-27T14:24:07.833+0000] {dag.py:2907} INFO - Sync 1 DAGs
[2024-04-27T14:24:07.868+0000] {logging_mixin.py:151} INFO - [2024-04-27T14:24:07.867+0000] {dag.py:3677} INFO - Setting next_dagrun for example_xcom to 2021-01-01T00:00:00+00:00, run_after=2021-01-01T00:00:00+00:00
[2024-04-27T14:24:07.896+0000] {processor.py:179} INFO - Processing /home/airflow/.local/lib/python3.8/site-packages/airflow/example_dags/example_xcom.py took 0.114 seconds
[2024-04-27T14:24:39.215+0000] {processor.py:157} INFO - Started process (PID=1720) to work on /home/airflow/.local/lib/python3.8/site-packages/airflow/example_dags/example_xcom.py
[2024-04-27T14:24:39.216+0000] {processor.py:829} INFO - Processing file /home/airflow/.local/lib/python3.8/site-packages/airflow/example_dags/example_xcom.py for tasks to queue
[2024-04-27T14:24:39.219+0000] {logging_mixin.py:151} INFO - [2024-04-27T14:24:39.219+0000] {dagbag.py:539} INFO - Filling up the DagBag from /home/airflow/.local/lib/python3.8/site-packages/airflow/example_dags/example_xcom.py
[2024-04-27T14:24:39.240+0000] {processor.py:839} INFO - DAG(s) dict_keys(['example_xcom']) retrieved from /home/airflow/.local/lib/python3.8/site-packages/airflow/example_dags/example_xcom.py
[2024-04-27T14:24:39.286+0000] {logging_mixin.py:151} INFO - [2024-04-27T14:24:39.286+0000] {dag.py:2907} INFO - Sync 1 DAGs
[2024-04-27T14:24:39.357+0000] {logging_mixin.py:151} INFO - [2024-04-27T14:24:39.357+0000] {dag.py:3677} INFO - Setting next_dagrun for example_xcom to 2021-01-01T00:00:00+00:00, run_after=2021-01-01T00:00:00+00:00
[2024-04-27T14:24:39.391+0000] {processor.py:179} INFO - Processing /home/airflow/.local/lib/python3.8/site-packages/airflow/example_dags/example_xcom.py took 0.182 seconds
[2024-04-27T14:25:10.221+0000] {processor.py:157} INFO - Started process (PID=1785) to work on /home/airflow/.local/lib/python3.8/site-packages/airflow/example_dags/example_xcom.py
[2024-04-27T14:25:10.222+0000] {processor.py:829} INFO - Processing file /home/airflow/.local/lib/python3.8/site-packages/airflow/example_dags/example_xcom.py for tasks to queue
[2024-04-27T14:25:10.225+0000] {logging_mixin.py:151} INFO - [2024-04-27T14:25:10.225+0000] {dagbag.py:539} INFO - Filling up the DagBag from /home/airflow/.local/lib/python3.8/site-packages/airflow/example_dags/example_xcom.py
[2024-04-27T14:25:10.240+0000] {processor.py:839} INFO - DAG(s) dict_keys(['example_xcom']) retrieved from /home/airflow/.local/lib/python3.8/site-packages/airflow/example_dags/example_xcom.py
[2024-04-27T14:25:10.285+0000] {logging_mixin.py:151} INFO - [2024-04-27T14:25:10.284+0000] {dag.py:2907} INFO - Sync 1 DAGs
[2024-04-27T14:25:10.324+0000] {logging_mixin.py:151} INFO - [2024-04-27T14:25:10.324+0000] {dag.py:3677} INFO - Setting next_dagrun for example_xcom to 2021-01-01T00:00:00+00:00, run_after=2021-01-01T00:00:00+00:00
[2024-04-27T14:25:10.360+0000] {processor.py:179} INFO - Processing /home/airflow/.local/lib/python3.8/site-packages/airflow/example_dags/example_xcom.py took 0.149 seconds
[2024-04-27T14:25:41.420+0000] {processor.py:157} INFO - Started process (PID=1858) to work on /home/airflow/.local/lib/python3.8/site-packages/airflow/example_dags/example_xcom.py
[2024-04-27T14:25:41.421+0000] {processor.py:829} INFO - Processing file /home/airflow/.local/lib/python3.8/site-packages/airflow/example_dags/example_xcom.py for tasks to queue
[2024-04-27T14:25:41.423+0000] {logging_mixin.py:151} INFO - [2024-04-27T14:25:41.423+0000] {dagbag.py:539} INFO - Filling up the DagBag from /home/airflow/.local/lib/python3.8/site-packages/airflow/example_dags/example_xcom.py
[2024-04-27T14:25:41.432+0000] {processor.py:839} INFO - DAG(s) dict_keys(['example_xcom']) retrieved from /home/airflow/.local/lib/python3.8/site-packages/airflow/example_dags/example_xcom.py
[2024-04-27T14:25:41.460+0000] {logging_mixin.py:151} INFO - [2024-04-27T14:25:41.459+0000] {dag.py:2907} INFO - Sync 1 DAGs
[2024-04-27T14:25:41.489+0000] {logging_mixin.py:151} INFO - [2024-04-27T14:25:41.489+0000] {dag.py:3677} INFO - Setting next_dagrun for example_xcom to 2021-01-01T00:00:00+00:00, run_after=2021-01-01T00:00:00+00:00
[2024-04-27T14:25:41.512+0000] {processor.py:179} INFO - Processing /home/airflow/.local/lib/python3.8/site-packages/airflow/example_dags/example_xcom.py took 0.096 seconds
