[2024-04-27T14:03:18.798+0000] {processor.py:157} INFO - Started process (PID=66) to work on /home/airflow/.local/lib/python3.8/site-packages/airflow/example_dags/example_params_trigger_ui.py
[2024-04-27T14:03:18.799+0000] {processor.py:829} INFO - Processing file /home/airflow/.local/lib/python3.8/site-packages/airflow/example_dags/example_params_trigger_ui.py for tasks to queue
[2024-04-27T14:03:18.803+0000] {logging_mixin.py:151} INFO - [2024-04-27T14:03:18.802+0000] {dagbag.py:539} INFO - Filling up the DagBag from /home/airflow/.local/lib/python3.8/site-packages/airflow/example_dags/example_params_trigger_ui.py
[2024-04-27T14:03:18.851+0000] {processor.py:839} INFO - DAG(s) dict_keys(['example_params_trigger_ui']) retrieved from /home/airflow/.local/lib/python3.8/site-packages/airflow/example_dags/example_params_trigger_ui.py
[2024-04-27T14:03:19.154+0000] {logging_mixin.py:151} INFO - [2024-04-27T14:03:19.154+0000] {manager.py:501} INFO - Created Permission View: can read on DAG:example_params_trigger_ui
[2024-04-27T14:03:19.168+0000] {logging_mixin.py:151} INFO - [2024-04-27T14:03:19.168+0000] {manager.py:501} INFO - Created Permission View: can edit on DAG:example_params_trigger_ui
[2024-04-27T14:03:19.178+0000] {logging_mixin.py:151} INFO - [2024-04-27T14:03:19.178+0000] {manager.py:501} INFO - Created Permission View: can delete on DAG:example_params_trigger_ui
[2024-04-27T14:03:19.201+0000] {logging_mixin.py:151} INFO - [2024-04-27T14:03:19.201+0000] {dag.py:2907} INFO - Sync 1 DAGs
[2024-04-27T14:03:19.226+0000] {logging_mixin.py:151} INFO - [2024-04-27T14:03:19.226+0000] {dag.py:2929} INFO - Creating ORM DAG for example_params_trigger_ui
[2024-04-27T14:03:19.227+0000] {logging_mixin.py:151} INFO - [2024-04-27T14:03:19.227+0000] {dag.py:3677} INFO - Setting next_dagrun for example_params_trigger_ui to None, run_after=None
[2024-04-27T14:03:19.275+0000] {processor.py:179} INFO - Processing /home/airflow/.local/lib/python3.8/site-packages/airflow/example_dags/example_params_trigger_ui.py took 0.482 seconds
[2024-04-27T14:03:50.084+0000] {processor.py:157} INFO - Started process (PID=129) to work on /home/airflow/.local/lib/python3.8/site-packages/airflow/example_dags/example_params_trigger_ui.py
[2024-04-27T14:03:50.085+0000] {processor.py:829} INFO - Processing file /home/airflow/.local/lib/python3.8/site-packages/airflow/example_dags/example_params_trigger_ui.py for tasks to queue
[2024-04-27T14:03:50.091+0000] {logging_mixin.py:151} INFO - [2024-04-27T14:03:50.091+0000] {dagbag.py:539} INFO - Filling up the DagBag from /home/airflow/.local/lib/python3.8/site-packages/airflow/example_dags/example_params_trigger_ui.py
[2024-04-27T14:03:50.130+0000] {processor.py:839} INFO - DAG(s) dict_keys(['example_params_trigger_ui']) retrieved from /home/airflow/.local/lib/python3.8/site-packages/airflow/example_dags/example_params_trigger_ui.py
[2024-04-27T14:03:50.339+0000] {logging_mixin.py:151} INFO - [2024-04-27T14:03:50.338+0000] {dag.py:2907} INFO - Sync 1 DAGs
[2024-04-27T14:03:50.382+0000] {logging_mixin.py:151} INFO - [2024-04-27T14:03:50.382+0000] {dag.py:3677} INFO - Setting next_dagrun for example_params_trigger_ui to None, run_after=None
[2024-04-27T14:03:50.442+0000] {processor.py:179} INFO - Processing /home/airflow/.local/lib/python3.8/site-packages/airflow/example_dags/example_params_trigger_ui.py took 0.366 seconds
[2024-04-27T14:04:20.730+0000] {processor.py:157} INFO - Started process (PID=192) to work on /home/airflow/.local/lib/python3.8/site-packages/airflow/example_dags/example_params_trigger_ui.py
[2024-04-27T14:04:20.733+0000] {processor.py:829} INFO - Processing file /home/airflow/.local/lib/python3.8/site-packages/airflow/example_dags/example_params_trigger_ui.py for tasks to queue
[2024-04-27T14:04:20.737+0000] {logging_mixin.py:151} INFO - [2024-04-27T14:04:20.737+0000] {dagbag.py:539} INFO - Filling up the DagBag from /home/airflow/.local/lib/python3.8/site-packages/airflow/example_dags/example_params_trigger_ui.py
[2024-04-27T14:04:20.773+0000] {processor.py:839} INFO - DAG(s) dict_keys(['example_params_trigger_ui']) retrieved from /home/airflow/.local/lib/python3.8/site-packages/airflow/example_dags/example_params_trigger_ui.py
[2024-04-27T14:04:20.869+0000] {logging_mixin.py:151} INFO - [2024-04-27T14:04:20.868+0000] {dag.py:2907} INFO - Sync 1 DAGs
[2024-04-27T14:04:20.892+0000] {logging_mixin.py:151} INFO - [2024-04-27T14:04:20.892+0000] {dag.py:3677} INFO - Setting next_dagrun for example_params_trigger_ui to None, run_after=None
[2024-04-27T14:04:20.920+0000] {processor.py:179} INFO - Processing /home/airflow/.local/lib/python3.8/site-packages/airflow/example_dags/example_params_trigger_ui.py took 0.199 seconds
[2024-04-27T14:04:51.202+0000] {processor.py:157} INFO - Started process (PID=263) to work on /home/airflow/.local/lib/python3.8/site-packages/airflow/example_dags/example_params_trigger_ui.py
[2024-04-27T14:04:51.203+0000] {processor.py:829} INFO - Processing file /home/airflow/.local/lib/python3.8/site-packages/airflow/example_dags/example_params_trigger_ui.py for tasks to queue
[2024-04-27T14:04:51.207+0000] {logging_mixin.py:151} INFO - [2024-04-27T14:04:51.206+0000] {dagbag.py:539} INFO - Filling up the DagBag from /home/airflow/.local/lib/python3.8/site-packages/airflow/example_dags/example_params_trigger_ui.py
[2024-04-27T14:04:51.238+0000] {processor.py:839} INFO - DAG(s) dict_keys(['example_params_trigger_ui']) retrieved from /home/airflow/.local/lib/python3.8/site-packages/airflow/example_dags/example_params_trigger_ui.py
[2024-04-27T14:04:51.356+0000] {logging_mixin.py:151} INFO - [2024-04-27T14:04:51.355+0000] {dag.py:2907} INFO - Sync 1 DAGs
[2024-04-27T14:04:51.379+0000] {logging_mixin.py:151} INFO - [2024-04-27T14:04:51.378+0000] {dag.py:3677} INFO - Setting next_dagrun for example_params_trigger_ui to None, run_after=None
[2024-04-27T14:04:51.410+0000] {processor.py:179} INFO - Processing /home/airflow/.local/lib/python3.8/site-packages/airflow/example_dags/example_params_trigger_ui.py took 0.213 seconds
[2024-04-27T14:05:21.456+0000] {processor.py:157} INFO - Started process (PID=327) to work on /home/airflow/.local/lib/python3.8/site-packages/airflow/example_dags/example_params_trigger_ui.py
[2024-04-27T14:05:21.457+0000] {processor.py:829} INFO - Processing file /home/airflow/.local/lib/python3.8/site-packages/airflow/example_dags/example_params_trigger_ui.py for tasks to queue
[2024-04-27T14:05:21.460+0000] {logging_mixin.py:151} INFO - [2024-04-27T14:05:21.460+0000] {dagbag.py:539} INFO - Filling up the DagBag from /home/airflow/.local/lib/python3.8/site-packages/airflow/example_dags/example_params_trigger_ui.py
[2024-04-27T14:05:21.483+0000] {processor.py:839} INFO - DAG(s) dict_keys(['example_params_trigger_ui']) retrieved from /home/airflow/.local/lib/python3.8/site-packages/airflow/example_dags/example_params_trigger_ui.py
[2024-04-27T14:05:21.569+0000] {logging_mixin.py:151} INFO - [2024-04-27T14:05:21.568+0000] {dag.py:2907} INFO - Sync 1 DAGs
[2024-04-27T14:05:21.593+0000] {logging_mixin.py:151} INFO - [2024-04-27T14:05:21.593+0000] {dag.py:3677} INFO - Setting next_dagrun for example_params_trigger_ui to None, run_after=None
[2024-04-27T14:05:21.658+0000] {processor.py:179} INFO - Processing /home/airflow/.local/lib/python3.8/site-packages/airflow/example_dags/example_params_trigger_ui.py took 0.208 seconds
[2024-04-27T14:05:51.809+0000] {processor.py:157} INFO - Started process (PID=391) to work on /home/airflow/.local/lib/python3.8/site-packages/airflow/example_dags/example_params_trigger_ui.py
[2024-04-27T14:05:51.810+0000] {processor.py:829} INFO - Processing file /home/airflow/.local/lib/python3.8/site-packages/airflow/example_dags/example_params_trigger_ui.py for tasks to queue
[2024-04-27T14:05:51.813+0000] {logging_mixin.py:151} INFO - [2024-04-27T14:05:51.813+0000] {dagbag.py:539} INFO - Filling up the DagBag from /home/airflow/.local/lib/python3.8/site-packages/airflow/example_dags/example_params_trigger_ui.py
[2024-04-27T14:05:51.843+0000] {processor.py:839} INFO - DAG(s) dict_keys(['example_params_trigger_ui']) retrieved from /home/airflow/.local/lib/python3.8/site-packages/airflow/example_dags/example_params_trigger_ui.py
[2024-04-27T14:05:51.942+0000] {logging_mixin.py:151} INFO - [2024-04-27T14:05:51.942+0000] {dag.py:2907} INFO - Sync 1 DAGs
[2024-04-27T14:05:51.969+0000] {logging_mixin.py:151} INFO - [2024-04-27T14:05:51.968+0000] {dag.py:3677} INFO - Setting next_dagrun for example_params_trigger_ui to None, run_after=None
[2024-04-27T14:05:52.002+0000] {processor.py:179} INFO - Processing /home/airflow/.local/lib/python3.8/site-packages/airflow/example_dags/example_params_trigger_ui.py took 0.197 seconds
[2024-04-27T14:06:22.251+0000] {processor.py:157} INFO - Started process (PID=460) to work on /home/airflow/.local/lib/python3.8/site-packages/airflow/example_dags/example_params_trigger_ui.py
[2024-04-27T14:06:22.252+0000] {processor.py:829} INFO - Processing file /home/airflow/.local/lib/python3.8/site-packages/airflow/example_dags/example_params_trigger_ui.py for tasks to queue
[2024-04-27T14:06:22.255+0000] {logging_mixin.py:151} INFO - [2024-04-27T14:06:22.255+0000] {dagbag.py:539} INFO - Filling up the DagBag from /home/airflow/.local/lib/python3.8/site-packages/airflow/example_dags/example_params_trigger_ui.py
[2024-04-27T14:06:22.294+0000] {processor.py:839} INFO - DAG(s) dict_keys(['example_params_trigger_ui']) retrieved from /home/airflow/.local/lib/python3.8/site-packages/airflow/example_dags/example_params_trigger_ui.py
[2024-04-27T14:06:22.419+0000] {logging_mixin.py:151} INFO - [2024-04-27T14:06:22.419+0000] {dag.py:2907} INFO - Sync 1 DAGs
[2024-04-27T14:06:22.441+0000] {logging_mixin.py:151} INFO - [2024-04-27T14:06:22.441+0000] {dag.py:3677} INFO - Setting next_dagrun for example_params_trigger_ui to None, run_after=None
[2024-04-27T14:06:22.475+0000] {processor.py:179} INFO - Processing /home/airflow/.local/lib/python3.8/site-packages/airflow/example_dags/example_params_trigger_ui.py took 0.229 seconds
[2024-04-27T14:06:52.782+0000] {processor.py:157} INFO - Started process (PID=526) to work on /home/airflow/.local/lib/python3.8/site-packages/airflow/example_dags/example_params_trigger_ui.py
[2024-04-27T14:06:52.783+0000] {processor.py:829} INFO - Processing file /home/airflow/.local/lib/python3.8/site-packages/airflow/example_dags/example_params_trigger_ui.py for tasks to queue
[2024-04-27T14:06:52.786+0000] {logging_mixin.py:151} INFO - [2024-04-27T14:06:52.786+0000] {dagbag.py:539} INFO - Filling up the DagBag from /home/airflow/.local/lib/python3.8/site-packages/airflow/example_dags/example_params_trigger_ui.py
[2024-04-27T14:06:52.810+0000] {processor.py:839} INFO - DAG(s) dict_keys(['example_params_trigger_ui']) retrieved from /home/airflow/.local/lib/python3.8/site-packages/airflow/example_dags/example_params_trigger_ui.py
[2024-04-27T14:06:52.897+0000] {logging_mixin.py:151} INFO - [2024-04-27T14:06:52.896+0000] {dag.py:2907} INFO - Sync 1 DAGs
[2024-04-27T14:06:52.923+0000] {logging_mixin.py:151} INFO - [2024-04-27T14:06:52.923+0000] {dag.py:3677} INFO - Setting next_dagrun for example_params_trigger_ui to None, run_after=None
[2024-04-27T14:06:52.949+0000] {processor.py:179} INFO - Processing /home/airflow/.local/lib/python3.8/site-packages/airflow/example_dags/example_params_trigger_ui.py took 0.175 seconds
[2024-04-27T14:07:23.683+0000] {processor.py:157} INFO - Started process (PID=591) to work on /home/airflow/.local/lib/python3.8/site-packages/airflow/example_dags/example_params_trigger_ui.py
[2024-04-27T14:07:23.685+0000] {processor.py:829} INFO - Processing file /home/airflow/.local/lib/python3.8/site-packages/airflow/example_dags/example_params_trigger_ui.py for tasks to queue
[2024-04-27T14:07:23.688+0000] {logging_mixin.py:151} INFO - [2024-04-27T14:07:23.687+0000] {dagbag.py:539} INFO - Filling up the DagBag from /home/airflow/.local/lib/python3.8/site-packages/airflow/example_dags/example_params_trigger_ui.py
[2024-04-27T14:07:23.716+0000] {processor.py:839} INFO - DAG(s) dict_keys(['example_params_trigger_ui']) retrieved from /home/airflow/.local/lib/python3.8/site-packages/airflow/example_dags/example_params_trigger_ui.py
[2024-04-27T14:07:23.813+0000] {logging_mixin.py:151} INFO - [2024-04-27T14:07:23.813+0000] {dag.py:2907} INFO - Sync 1 DAGs
[2024-04-27T14:07:23.834+0000] {logging_mixin.py:151} INFO - [2024-04-27T14:07:23.833+0000] {dag.py:3677} INFO - Setting next_dagrun for example_params_trigger_ui to None, run_after=None
[2024-04-27T14:07:23.861+0000] {processor.py:179} INFO - Processing /home/airflow/.local/lib/python3.8/site-packages/airflow/example_dags/example_params_trigger_ui.py took 0.186 seconds
[2024-04-27T14:11:46.703+0000] {processor.py:157} INFO - Started process (PID=65) to work on /home/airflow/.local/lib/python3.8/site-packages/airflow/example_dags/example_params_trigger_ui.py
[2024-04-27T14:11:46.705+0000] {processor.py:829} INFO - Processing file /home/airflow/.local/lib/python3.8/site-packages/airflow/example_dags/example_params_trigger_ui.py for tasks to queue
[2024-04-27T14:11:46.708+0000] {logging_mixin.py:151} INFO - [2024-04-27T14:11:46.707+0000] {dagbag.py:539} INFO - Filling up the DagBag from /home/airflow/.local/lib/python3.8/site-packages/airflow/example_dags/example_params_trigger_ui.py
[2024-04-27T14:11:46.822+0000] {processor.py:839} INFO - DAG(s) dict_keys(['example_params_trigger_ui']) retrieved from /home/airflow/.local/lib/python3.8/site-packages/airflow/example_dags/example_params_trigger_ui.py
[2024-04-27T14:11:47.401+0000] {logging_mixin.py:151} INFO - [2024-04-27T14:11:47.400+0000] {dag.py:2907} INFO - Sync 1 DAGs
[2024-04-27T14:11:47.434+0000] {logging_mixin.py:151} INFO - [2024-04-27T14:11:47.434+0000] {dag.py:3677} INFO - Setting next_dagrun for example_params_trigger_ui to None, run_after=None
[2024-04-27T14:11:47.496+0000] {processor.py:179} INFO - Processing /home/airflow/.local/lib/python3.8/site-packages/airflow/example_dags/example_params_trigger_ui.py took 0.822 seconds
[2024-04-27T14:12:18.370+0000] {processor.py:157} INFO - Started process (PID=128) to work on /home/airflow/.local/lib/python3.8/site-packages/airflow/example_dags/example_params_trigger_ui.py
[2024-04-27T14:12:18.372+0000] {processor.py:829} INFO - Processing file /home/airflow/.local/lib/python3.8/site-packages/airflow/example_dags/example_params_trigger_ui.py for tasks to queue
[2024-04-27T14:12:18.394+0000] {logging_mixin.py:151} INFO - [2024-04-27T14:12:18.394+0000] {dagbag.py:539} INFO - Filling up the DagBag from /home/airflow/.local/lib/python3.8/site-packages/airflow/example_dags/example_params_trigger_ui.py
[2024-04-27T14:12:18.439+0000] {processor.py:839} INFO - DAG(s) dict_keys(['example_params_trigger_ui']) retrieved from /home/airflow/.local/lib/python3.8/site-packages/airflow/example_dags/example_params_trigger_ui.py
[2024-04-27T14:12:18.642+0000] {logging_mixin.py:151} INFO - [2024-04-27T14:12:18.641+0000] {dag.py:2907} INFO - Sync 1 DAGs
[2024-04-27T14:12:18.682+0000] {logging_mixin.py:151} INFO - [2024-04-27T14:12:18.681+0000] {dag.py:3677} INFO - Setting next_dagrun for example_params_trigger_ui to None, run_after=None
[2024-04-27T14:12:18.723+0000] {processor.py:179} INFO - Processing /home/airflow/.local/lib/python3.8/site-packages/airflow/example_dags/example_params_trigger_ui.py took 0.371 seconds
[2024-04-27T14:12:48.995+0000] {processor.py:157} INFO - Started process (PID=191) to work on /home/airflow/.local/lib/python3.8/site-packages/airflow/example_dags/example_params_trigger_ui.py
[2024-04-27T14:12:48.996+0000] {processor.py:829} INFO - Processing file /home/airflow/.local/lib/python3.8/site-packages/airflow/example_dags/example_params_trigger_ui.py for tasks to queue
[2024-04-27T14:12:49.000+0000] {logging_mixin.py:151} INFO - [2024-04-27T14:12:48.999+0000] {dagbag.py:539} INFO - Filling up the DagBag from /home/airflow/.local/lib/python3.8/site-packages/airflow/example_dags/example_params_trigger_ui.py
[2024-04-27T14:12:49.058+0000] {processor.py:839} INFO - DAG(s) dict_keys(['example_params_trigger_ui']) retrieved from /home/airflow/.local/lib/python3.8/site-packages/airflow/example_dags/example_params_trigger_ui.py
[2024-04-27T14:12:49.341+0000] {logging_mixin.py:151} INFO - [2024-04-27T14:12:49.341+0000] {dag.py:2907} INFO - Sync 1 DAGs
[2024-04-27T14:12:49.369+0000] {logging_mixin.py:151} INFO - [2024-04-27T14:12:49.369+0000] {dag.py:3677} INFO - Setting next_dagrun for example_params_trigger_ui to None, run_after=None
[2024-04-27T14:12:49.402+0000] {processor.py:179} INFO - Processing /home/airflow/.local/lib/python3.8/site-packages/airflow/example_dags/example_params_trigger_ui.py took 0.414 seconds
[2024-04-27T14:13:20.199+0000] {processor.py:157} INFO - Started process (PID=259) to work on /home/airflow/.local/lib/python3.8/site-packages/airflow/example_dags/example_params_trigger_ui.py
[2024-04-27T14:13:20.201+0000] {processor.py:829} INFO - Processing file /home/airflow/.local/lib/python3.8/site-packages/airflow/example_dags/example_params_trigger_ui.py for tasks to queue
[2024-04-27T14:13:20.204+0000] {logging_mixin.py:151} INFO - [2024-04-27T14:13:20.203+0000] {dagbag.py:539} INFO - Filling up the DagBag from /home/airflow/.local/lib/python3.8/site-packages/airflow/example_dags/example_params_trigger_ui.py
[2024-04-27T14:13:20.234+0000] {processor.py:839} INFO - DAG(s) dict_keys(['example_params_trigger_ui']) retrieved from /home/airflow/.local/lib/python3.8/site-packages/airflow/example_dags/example_params_trigger_ui.py
[2024-04-27T14:13:20.348+0000] {logging_mixin.py:151} INFO - [2024-04-27T14:13:20.348+0000] {dag.py:2907} INFO - Sync 1 DAGs
[2024-04-27T14:13:20.372+0000] {logging_mixin.py:151} INFO - [2024-04-27T14:13:20.371+0000] {dag.py:3677} INFO - Setting next_dagrun for example_params_trigger_ui to None, run_after=None
[2024-04-27T14:13:20.402+0000] {processor.py:179} INFO - Processing /home/airflow/.local/lib/python3.8/site-packages/airflow/example_dags/example_params_trigger_ui.py took 0.209 seconds
[2024-04-27T14:13:50.504+0000] {processor.py:157} INFO - Started process (PID=323) to work on /home/airflow/.local/lib/python3.8/site-packages/airflow/example_dags/example_params_trigger_ui.py
[2024-04-27T14:13:50.505+0000] {processor.py:829} INFO - Processing file /home/airflow/.local/lib/python3.8/site-packages/airflow/example_dags/example_params_trigger_ui.py for tasks to queue
[2024-04-27T14:13:50.509+0000] {logging_mixin.py:151} INFO - [2024-04-27T14:13:50.508+0000] {dagbag.py:539} INFO - Filling up the DagBag from /home/airflow/.local/lib/python3.8/site-packages/airflow/example_dags/example_params_trigger_ui.py
[2024-04-27T14:13:50.532+0000] {processor.py:839} INFO - DAG(s) dict_keys(['example_params_trigger_ui']) retrieved from /home/airflow/.local/lib/python3.8/site-packages/airflow/example_dags/example_params_trigger_ui.py
[2024-04-27T14:13:50.619+0000] {logging_mixin.py:151} INFO - [2024-04-27T14:13:50.619+0000] {dag.py:2907} INFO - Sync 1 DAGs
[2024-04-27T14:13:50.640+0000] {logging_mixin.py:151} INFO - [2024-04-27T14:13:50.640+0000] {dag.py:3677} INFO - Setting next_dagrun for example_params_trigger_ui to None, run_after=None
[2024-04-27T14:13:50.662+0000] {processor.py:179} INFO - Processing /home/airflow/.local/lib/python3.8/site-packages/airflow/example_dags/example_params_trigger_ui.py took 0.166 seconds
[2024-04-27T14:14:20.772+0000] {processor.py:157} INFO - Started process (PID=387) to work on /home/airflow/.local/lib/python3.8/site-packages/airflow/example_dags/example_params_trigger_ui.py
[2024-04-27T14:14:20.773+0000] {processor.py:829} INFO - Processing file /home/airflow/.local/lib/python3.8/site-packages/airflow/example_dags/example_params_trigger_ui.py for tasks to queue
[2024-04-27T14:14:20.776+0000] {logging_mixin.py:151} INFO - [2024-04-27T14:14:20.776+0000] {dagbag.py:539} INFO - Filling up the DagBag from /home/airflow/.local/lib/python3.8/site-packages/airflow/example_dags/example_params_trigger_ui.py
[2024-04-27T14:14:20.809+0000] {processor.py:839} INFO - DAG(s) dict_keys(['example_params_trigger_ui']) retrieved from /home/airflow/.local/lib/python3.8/site-packages/airflow/example_dags/example_params_trigger_ui.py
[2024-04-27T14:14:20.985+0000] {logging_mixin.py:151} INFO - [2024-04-27T14:14:20.984+0000] {dag.py:2907} INFO - Sync 1 DAGs
[2024-04-27T14:14:21.018+0000] {logging_mixin.py:151} INFO - [2024-04-27T14:14:21.018+0000] {dag.py:3677} INFO - Setting next_dagrun for example_params_trigger_ui to None, run_after=None
[2024-04-27T14:14:21.048+0000] {processor.py:179} INFO - Processing /home/airflow/.local/lib/python3.8/site-packages/airflow/example_dags/example_params_trigger_ui.py took 0.282 seconds
[2024-04-27T14:14:51.594+0000] {processor.py:157} INFO - Started process (PID=451) to work on /home/airflow/.local/lib/python3.8/site-packages/airflow/example_dags/example_params_trigger_ui.py
[2024-04-27T14:14:51.595+0000] {processor.py:829} INFO - Processing file /home/airflow/.local/lib/python3.8/site-packages/airflow/example_dags/example_params_trigger_ui.py for tasks to queue
[2024-04-27T14:14:51.599+0000] {logging_mixin.py:151} INFO - [2024-04-27T14:14:51.598+0000] {dagbag.py:539} INFO - Filling up the DagBag from /home/airflow/.local/lib/python3.8/site-packages/airflow/example_dags/example_params_trigger_ui.py
[2024-04-27T14:14:51.633+0000] {processor.py:839} INFO - DAG(s) dict_keys(['example_params_trigger_ui']) retrieved from /home/airflow/.local/lib/python3.8/site-packages/airflow/example_dags/example_params_trigger_ui.py
[2024-04-27T14:14:51.746+0000] {logging_mixin.py:151} INFO - [2024-04-27T14:14:51.746+0000] {dag.py:2907} INFO - Sync 1 DAGs
[2024-04-27T14:14:51.770+0000] {logging_mixin.py:151} INFO - [2024-04-27T14:14:51.770+0000] {dag.py:3677} INFO - Setting next_dagrun for example_params_trigger_ui to None, run_after=None
[2024-04-27T14:14:51.800+0000] {processor.py:179} INFO - Processing /home/airflow/.local/lib/python3.8/site-packages/airflow/example_dags/example_params_trigger_ui.py took 0.211 seconds
[2024-04-27T14:15:22.404+0000] {processor.py:157} INFO - Started process (PID=524) to work on /home/airflow/.local/lib/python3.8/site-packages/airflow/example_dags/example_params_trigger_ui.py
[2024-04-27T14:15:22.406+0000] {processor.py:829} INFO - Processing file /home/airflow/.local/lib/python3.8/site-packages/airflow/example_dags/example_params_trigger_ui.py for tasks to queue
[2024-04-27T14:15:22.409+0000] {logging_mixin.py:151} INFO - [2024-04-27T14:15:22.409+0000] {dagbag.py:539} INFO - Filling up the DagBag from /home/airflow/.local/lib/python3.8/site-packages/airflow/example_dags/example_params_trigger_ui.py
[2024-04-27T14:15:22.441+0000] {processor.py:839} INFO - DAG(s) dict_keys(['example_params_trigger_ui']) retrieved from /home/airflow/.local/lib/python3.8/site-packages/airflow/example_dags/example_params_trigger_ui.py
[2024-04-27T14:15:22.555+0000] {logging_mixin.py:151} INFO - [2024-04-27T14:15:22.555+0000] {dag.py:2907} INFO - Sync 1 DAGs
[2024-04-27T14:15:22.580+0000] {logging_mixin.py:151} INFO - [2024-04-27T14:15:22.580+0000] {dag.py:3677} INFO - Setting next_dagrun for example_params_trigger_ui to None, run_after=None
[2024-04-27T14:15:22.622+0000] {processor.py:179} INFO - Processing /home/airflow/.local/lib/python3.8/site-packages/airflow/example_dags/example_params_trigger_ui.py took 0.223 seconds
[2024-04-27T14:15:53.187+0000] {processor.py:157} INFO - Started process (PID=589) to work on /home/airflow/.local/lib/python3.8/site-packages/airflow/example_dags/example_params_trigger_ui.py
[2024-04-27T14:15:53.188+0000] {processor.py:829} INFO - Processing file /home/airflow/.local/lib/python3.8/site-packages/airflow/example_dags/example_params_trigger_ui.py for tasks to queue
[2024-04-27T14:15:53.190+0000] {logging_mixin.py:151} INFO - [2024-04-27T14:15:53.190+0000] {dagbag.py:539} INFO - Filling up the DagBag from /home/airflow/.local/lib/python3.8/site-packages/airflow/example_dags/example_params_trigger_ui.py
[2024-04-27T14:15:53.213+0000] {processor.py:839} INFO - DAG(s) dict_keys(['example_params_trigger_ui']) retrieved from /home/airflow/.local/lib/python3.8/site-packages/airflow/example_dags/example_params_trigger_ui.py
[2024-04-27T14:15:53.297+0000] {logging_mixin.py:151} INFO - [2024-04-27T14:15:53.297+0000] {dag.py:2907} INFO - Sync 1 DAGs
[2024-04-27T14:15:53.312+0000] {logging_mixin.py:151} INFO - [2024-04-27T14:15:53.312+0000] {dag.py:3677} INFO - Setting next_dagrun for example_params_trigger_ui to None, run_after=None
[2024-04-27T14:15:53.350+0000] {processor.py:179} INFO - Processing /home/airflow/.local/lib/python3.8/site-packages/airflow/example_dags/example_params_trigger_ui.py took 0.169 seconds
[2024-04-27T14:16:23.707+0000] {processor.py:157} INFO - Started process (PID=652) to work on /home/airflow/.local/lib/python3.8/site-packages/airflow/example_dags/example_params_trigger_ui.py
[2024-04-27T14:16:23.708+0000] {processor.py:829} INFO - Processing file /home/airflow/.local/lib/python3.8/site-packages/airflow/example_dags/example_params_trigger_ui.py for tasks to queue
[2024-04-27T14:16:23.712+0000] {logging_mixin.py:151} INFO - [2024-04-27T14:16:23.711+0000] {dagbag.py:539} INFO - Filling up the DagBag from /home/airflow/.local/lib/python3.8/site-packages/airflow/example_dags/example_params_trigger_ui.py
[2024-04-27T14:16:23.747+0000] {processor.py:839} INFO - DAG(s) dict_keys(['example_params_trigger_ui']) retrieved from /home/airflow/.local/lib/python3.8/site-packages/airflow/example_dags/example_params_trigger_ui.py
[2024-04-27T14:16:23.840+0000] {logging_mixin.py:151} INFO - [2024-04-27T14:16:23.840+0000] {dag.py:2907} INFO - Sync 1 DAGs
[2024-04-27T14:16:23.857+0000] {logging_mixin.py:151} INFO - [2024-04-27T14:16:23.856+0000] {dag.py:3677} INFO - Setting next_dagrun for example_params_trigger_ui to None, run_after=None
[2024-04-27T14:16:23.885+0000] {processor.py:179} INFO - Processing /home/airflow/.local/lib/python3.8/site-packages/airflow/example_dags/example_params_trigger_ui.py took 0.182 seconds
[2024-04-27T14:16:53.940+0000] {processor.py:157} INFO - Started process (PID=717) to work on /home/airflow/.local/lib/python3.8/site-packages/airflow/example_dags/example_params_trigger_ui.py
[2024-04-27T14:16:53.941+0000] {processor.py:829} INFO - Processing file /home/airflow/.local/lib/python3.8/site-packages/airflow/example_dags/example_params_trigger_ui.py for tasks to queue
[2024-04-27T14:16:53.944+0000] {logging_mixin.py:151} INFO - [2024-04-27T14:16:53.944+0000] {dagbag.py:539} INFO - Filling up the DagBag from /home/airflow/.local/lib/python3.8/site-packages/airflow/example_dags/example_params_trigger_ui.py
[2024-04-27T14:16:53.980+0000] {processor.py:839} INFO - DAG(s) dict_keys(['example_params_trigger_ui']) retrieved from /home/airflow/.local/lib/python3.8/site-packages/airflow/example_dags/example_params_trigger_ui.py
[2024-04-27T14:16:54.094+0000] {logging_mixin.py:151} INFO - [2024-04-27T14:16:54.093+0000] {dag.py:2907} INFO - Sync 1 DAGs
[2024-04-27T14:16:54.123+0000] {logging_mixin.py:151} INFO - [2024-04-27T14:16:54.122+0000] {dag.py:3677} INFO - Setting next_dagrun for example_params_trigger_ui to None, run_after=None
[2024-04-27T14:16:54.152+0000] {processor.py:179} INFO - Processing /home/airflow/.local/lib/python3.8/site-packages/airflow/example_dags/example_params_trigger_ui.py took 0.221 seconds
[2024-04-27T14:17:25.036+0000] {processor.py:157} INFO - Started process (PID=789) to work on /home/airflow/.local/lib/python3.8/site-packages/airflow/example_dags/example_params_trigger_ui.py
[2024-04-27T14:17:25.046+0000] {processor.py:829} INFO - Processing file /home/airflow/.local/lib/python3.8/site-packages/airflow/example_dags/example_params_trigger_ui.py for tasks to queue
[2024-04-27T14:17:25.049+0000] {logging_mixin.py:151} INFO - [2024-04-27T14:17:25.049+0000] {dagbag.py:539} INFO - Filling up the DagBag from /home/airflow/.local/lib/python3.8/site-packages/airflow/example_dags/example_params_trigger_ui.py
[2024-04-27T14:17:25.128+0000] {processor.py:839} INFO - DAG(s) dict_keys(['example_params_trigger_ui']) retrieved from /home/airflow/.local/lib/python3.8/site-packages/airflow/example_dags/example_params_trigger_ui.py
[2024-04-27T14:17:25.260+0000] {logging_mixin.py:151} INFO - [2024-04-27T14:17:25.260+0000] {dag.py:2907} INFO - Sync 1 DAGs
[2024-04-27T14:17:25.287+0000] {logging_mixin.py:151} INFO - [2024-04-27T14:17:25.287+0000] {dag.py:3677} INFO - Setting next_dagrun for example_params_trigger_ui to None, run_after=None
[2024-04-27T14:17:25.317+0000] {processor.py:179} INFO - Processing /home/airflow/.local/lib/python3.8/site-packages/airflow/example_dags/example_params_trigger_ui.py took 0.300 seconds
[2024-04-27T14:17:56.078+0000] {processor.py:157} INFO - Started process (PID=853) to work on /home/airflow/.local/lib/python3.8/site-packages/airflow/example_dags/example_params_trigger_ui.py
[2024-04-27T14:17:56.079+0000] {processor.py:829} INFO - Processing file /home/airflow/.local/lib/python3.8/site-packages/airflow/example_dags/example_params_trigger_ui.py for tasks to queue
[2024-04-27T14:17:56.081+0000] {logging_mixin.py:151} INFO - [2024-04-27T14:17:56.081+0000] {dagbag.py:539} INFO - Filling up the DagBag from /home/airflow/.local/lib/python3.8/site-packages/airflow/example_dags/example_params_trigger_ui.py
[2024-04-27T14:17:56.104+0000] {processor.py:839} INFO - DAG(s) dict_keys(['example_params_trigger_ui']) retrieved from /home/airflow/.local/lib/python3.8/site-packages/airflow/example_dags/example_params_trigger_ui.py
[2024-04-27T14:17:56.192+0000] {logging_mixin.py:151} INFO - [2024-04-27T14:17:56.192+0000] {dag.py:2907} INFO - Sync 1 DAGs
[2024-04-27T14:17:56.208+0000] {logging_mixin.py:151} INFO - [2024-04-27T14:17:56.208+0000] {dag.py:3677} INFO - Setting next_dagrun for example_params_trigger_ui to None, run_after=None
[2024-04-27T14:17:56.234+0000] {processor.py:179} INFO - Processing /home/airflow/.local/lib/python3.8/site-packages/airflow/example_dags/example_params_trigger_ui.py took 0.162 seconds
[2024-04-27T14:18:26.780+0000] {processor.py:157} INFO - Started process (PID=917) to work on /home/airflow/.local/lib/python3.8/site-packages/airflow/example_dags/example_params_trigger_ui.py
[2024-04-27T14:18:26.781+0000] {processor.py:829} INFO - Processing file /home/airflow/.local/lib/python3.8/site-packages/airflow/example_dags/example_params_trigger_ui.py for tasks to queue
[2024-04-27T14:18:26.784+0000] {logging_mixin.py:151} INFO - [2024-04-27T14:18:26.784+0000] {dagbag.py:539} INFO - Filling up the DagBag from /home/airflow/.local/lib/python3.8/site-packages/airflow/example_dags/example_params_trigger_ui.py
[2024-04-27T14:18:26.814+0000] {processor.py:839} INFO - DAG(s) dict_keys(['example_params_trigger_ui']) retrieved from /home/airflow/.local/lib/python3.8/site-packages/airflow/example_dags/example_params_trigger_ui.py
[2024-04-27T14:18:26.923+0000] {logging_mixin.py:151} INFO - [2024-04-27T14:18:26.923+0000] {dag.py:2907} INFO - Sync 1 DAGs
[2024-04-27T14:18:26.945+0000] {logging_mixin.py:151} INFO - [2024-04-27T14:18:26.944+0000] {dag.py:3677} INFO - Setting next_dagrun for example_params_trigger_ui to None, run_after=None
[2024-04-27T14:18:26.973+0000] {processor.py:179} INFO - Processing /home/airflow/.local/lib/python3.8/site-packages/airflow/example_dags/example_params_trigger_ui.py took 0.199 seconds
[2024-04-27T14:18:57.857+0000] {processor.py:157} INFO - Started process (PID=987) to work on /home/airflow/.local/lib/python3.8/site-packages/airflow/example_dags/example_params_trigger_ui.py
[2024-04-27T14:18:57.858+0000] {processor.py:829} INFO - Processing file /home/airflow/.local/lib/python3.8/site-packages/airflow/example_dags/example_params_trigger_ui.py for tasks to queue
[2024-04-27T14:18:57.861+0000] {logging_mixin.py:151} INFO - [2024-04-27T14:18:57.861+0000] {dagbag.py:539} INFO - Filling up the DagBag from /home/airflow/.local/lib/python3.8/site-packages/airflow/example_dags/example_params_trigger_ui.py
[2024-04-27T14:18:57.895+0000] {processor.py:839} INFO - DAG(s) dict_keys(['example_params_trigger_ui']) retrieved from /home/airflow/.local/lib/python3.8/site-packages/airflow/example_dags/example_params_trigger_ui.py
[2024-04-27T14:18:58.015+0000] {logging_mixin.py:151} INFO - [2024-04-27T14:18:58.015+0000] {dag.py:2907} INFO - Sync 1 DAGs
[2024-04-27T14:18:58.041+0000] {logging_mixin.py:151} INFO - [2024-04-27T14:18:58.041+0000] {dag.py:3677} INFO - Setting next_dagrun for example_params_trigger_ui to None, run_after=None
[2024-04-27T14:18:58.076+0000] {processor.py:179} INFO - Processing /home/airflow/.local/lib/python3.8/site-packages/airflow/example_dags/example_params_trigger_ui.py took 0.225 seconds
[2024-04-27T14:19:28.233+0000] {processor.py:157} INFO - Started process (PID=1051) to work on /home/airflow/.local/lib/python3.8/site-packages/airflow/example_dags/example_params_trigger_ui.py
[2024-04-27T14:19:28.234+0000] {processor.py:829} INFO - Processing file /home/airflow/.local/lib/python3.8/site-packages/airflow/example_dags/example_params_trigger_ui.py for tasks to queue
[2024-04-27T14:19:28.236+0000] {logging_mixin.py:151} INFO - [2024-04-27T14:19:28.236+0000] {dagbag.py:539} INFO - Filling up the DagBag from /home/airflow/.local/lib/python3.8/site-packages/airflow/example_dags/example_params_trigger_ui.py
[2024-04-27T14:19:28.259+0000] {processor.py:839} INFO - DAG(s) dict_keys(['example_params_trigger_ui']) retrieved from /home/airflow/.local/lib/python3.8/site-packages/airflow/example_dags/example_params_trigger_ui.py
[2024-04-27T14:19:28.361+0000] {logging_mixin.py:151} INFO - [2024-04-27T14:19:28.361+0000] {dag.py:2907} INFO - Sync 1 DAGs
[2024-04-27T14:19:28.382+0000] {logging_mixin.py:151} INFO - [2024-04-27T14:19:28.382+0000] {dag.py:3677} INFO - Setting next_dagrun for example_params_trigger_ui to None, run_after=None
[2024-04-27T14:19:28.421+0000] {processor.py:179} INFO - Processing /home/airflow/.local/lib/python3.8/site-packages/airflow/example_dags/example_params_trigger_ui.py took 0.192 seconds
[2024-04-27T14:19:59.139+0000] {processor.py:157} INFO - Started process (PID=1114) to work on /home/airflow/.local/lib/python3.8/site-packages/airflow/example_dags/example_params_trigger_ui.py
[2024-04-27T14:19:59.140+0000] {processor.py:829} INFO - Processing file /home/airflow/.local/lib/python3.8/site-packages/airflow/example_dags/example_params_trigger_ui.py for tasks to queue
[2024-04-27T14:19:59.143+0000] {logging_mixin.py:151} INFO - [2024-04-27T14:19:59.143+0000] {dagbag.py:539} INFO - Filling up the DagBag from /home/airflow/.local/lib/python3.8/site-packages/airflow/example_dags/example_params_trigger_ui.py
[2024-04-27T14:19:59.165+0000] {processor.py:839} INFO - DAG(s) dict_keys(['example_params_trigger_ui']) retrieved from /home/airflow/.local/lib/python3.8/site-packages/airflow/example_dags/example_params_trigger_ui.py
[2024-04-27T14:19:59.244+0000] {logging_mixin.py:151} INFO - [2024-04-27T14:19:59.244+0000] {dag.py:2907} INFO - Sync 1 DAGs
[2024-04-27T14:19:59.260+0000] {logging_mixin.py:151} INFO - [2024-04-27T14:19:59.259+0000] {dag.py:3677} INFO - Setting next_dagrun for example_params_trigger_ui to None, run_after=None
[2024-04-27T14:19:59.280+0000] {processor.py:179} INFO - Processing /home/airflow/.local/lib/python3.8/site-packages/airflow/example_dags/example_params_trigger_ui.py took 0.147 seconds
[2024-04-27T14:20:29.488+0000] {processor.py:157} INFO - Started process (PID=1178) to work on /home/airflow/.local/lib/python3.8/site-packages/airflow/example_dags/example_params_trigger_ui.py
[2024-04-27T14:20:29.489+0000] {processor.py:829} INFO - Processing file /home/airflow/.local/lib/python3.8/site-packages/airflow/example_dags/example_params_trigger_ui.py for tasks to queue
[2024-04-27T14:20:29.491+0000] {logging_mixin.py:151} INFO - [2024-04-27T14:20:29.491+0000] {dagbag.py:539} INFO - Filling up the DagBag from /home/airflow/.local/lib/python3.8/site-packages/airflow/example_dags/example_params_trigger_ui.py
[2024-04-27T14:20:29.513+0000] {processor.py:839} INFO - DAG(s) dict_keys(['example_params_trigger_ui']) retrieved from /home/airflow/.local/lib/python3.8/site-packages/airflow/example_dags/example_params_trigger_ui.py
[2024-04-27T14:20:29.591+0000] {logging_mixin.py:151} INFO - [2024-04-27T14:20:29.591+0000] {dag.py:2907} INFO - Sync 1 DAGs
[2024-04-27T14:20:29.606+0000] {logging_mixin.py:151} INFO - [2024-04-27T14:20:29.606+0000] {dag.py:3677} INFO - Setting next_dagrun for example_params_trigger_ui to None, run_after=None
[2024-04-27T14:20:29.629+0000] {processor.py:179} INFO - Processing /home/airflow/.local/lib/python3.8/site-packages/airflow/example_dags/example_params_trigger_ui.py took 0.145 seconds
[2024-04-27T14:21:00.672+0000] {processor.py:157} INFO - Started process (PID=1249) to work on /home/airflow/.local/lib/python3.8/site-packages/airflow/example_dags/example_params_trigger_ui.py
[2024-04-27T14:21:00.675+0000] {processor.py:829} INFO - Processing file /home/airflow/.local/lib/python3.8/site-packages/airflow/example_dags/example_params_trigger_ui.py for tasks to queue
[2024-04-27T14:21:00.678+0000] {logging_mixin.py:151} INFO - [2024-04-27T14:21:00.678+0000] {dagbag.py:539} INFO - Filling up the DagBag from /home/airflow/.local/lib/python3.8/site-packages/airflow/example_dags/example_params_trigger_ui.py
[2024-04-27T14:21:00.722+0000] {processor.py:839} INFO - DAG(s) dict_keys(['example_params_trigger_ui']) retrieved from /home/airflow/.local/lib/python3.8/site-packages/airflow/example_dags/example_params_trigger_ui.py
[2024-04-27T14:21:00.846+0000] {logging_mixin.py:151} INFO - [2024-04-27T14:21:00.846+0000] {dag.py:2907} INFO - Sync 1 DAGs
[2024-04-27T14:21:00.869+0000] {logging_mixin.py:151} INFO - [2024-04-27T14:21:00.868+0000] {dag.py:3677} INFO - Setting next_dagrun for example_params_trigger_ui to None, run_after=None
[2024-04-27T14:21:00.897+0000] {processor.py:179} INFO - Processing /home/airflow/.local/lib/python3.8/site-packages/airflow/example_dags/example_params_trigger_ui.py took 0.235 seconds
[2024-04-27T14:21:31.797+0000] {processor.py:157} INFO - Started process (PID=1313) to work on /home/airflow/.local/lib/python3.8/site-packages/airflow/example_dags/example_params_trigger_ui.py
[2024-04-27T14:21:31.798+0000] {processor.py:829} INFO - Processing file /home/airflow/.local/lib/python3.8/site-packages/airflow/example_dags/example_params_trigger_ui.py for tasks to queue
[2024-04-27T14:21:31.800+0000] {logging_mixin.py:151} INFO - [2024-04-27T14:21:31.800+0000] {dagbag.py:539} INFO - Filling up the DagBag from /home/airflow/.local/lib/python3.8/site-packages/airflow/example_dags/example_params_trigger_ui.py
[2024-04-27T14:21:31.823+0000] {processor.py:839} INFO - DAG(s) dict_keys(['example_params_trigger_ui']) retrieved from /home/airflow/.local/lib/python3.8/site-packages/airflow/example_dags/example_params_trigger_ui.py
[2024-04-27T14:21:31.906+0000] {logging_mixin.py:151} INFO - [2024-04-27T14:21:31.906+0000] {dag.py:2907} INFO - Sync 1 DAGs
[2024-04-27T14:21:31.922+0000] {logging_mixin.py:151} INFO - [2024-04-27T14:21:31.921+0000] {dag.py:3677} INFO - Setting next_dagrun for example_params_trigger_ui to None, run_after=None
[2024-04-27T14:21:31.944+0000] {processor.py:179} INFO - Processing /home/airflow/.local/lib/python3.8/site-packages/airflow/example_dags/example_params_trigger_ui.py took 0.151 seconds
[2024-04-27T14:22:03.220+0000] {processor.py:157} INFO - Started process (PID=1386) to work on /home/airflow/.local/lib/python3.8/site-packages/airflow/example_dags/example_params_trigger_ui.py
[2024-04-27T14:22:03.221+0000] {processor.py:829} INFO - Processing file /home/airflow/.local/lib/python3.8/site-packages/airflow/example_dags/example_params_trigger_ui.py for tasks to queue
[2024-04-27T14:22:03.224+0000] {logging_mixin.py:151} INFO - [2024-04-27T14:22:03.223+0000] {dagbag.py:539} INFO - Filling up the DagBag from /home/airflow/.local/lib/python3.8/site-packages/airflow/example_dags/example_params_trigger_ui.py
[2024-04-27T14:22:03.251+0000] {processor.py:839} INFO - DAG(s) dict_keys(['example_params_trigger_ui']) retrieved from /home/airflow/.local/lib/python3.8/site-packages/airflow/example_dags/example_params_trigger_ui.py
[2024-04-27T14:22:03.332+0000] {logging_mixin.py:151} INFO - [2024-04-27T14:22:03.331+0000] {dag.py:2907} INFO - Sync 1 DAGs
[2024-04-27T14:22:03.349+0000] {logging_mixin.py:151} INFO - [2024-04-27T14:22:03.349+0000] {dag.py:3677} INFO - Setting next_dagrun for example_params_trigger_ui to None, run_after=None
[2024-04-27T14:22:03.377+0000] {processor.py:179} INFO - Processing /home/airflow/.local/lib/python3.8/site-packages/airflow/example_dags/example_params_trigger_ui.py took 0.162 seconds
[2024-04-27T14:22:34.583+0000] {processor.py:157} INFO - Started process (PID=1451) to work on /home/airflow/.local/lib/python3.8/site-packages/airflow/example_dags/example_params_trigger_ui.py
[2024-04-27T14:22:34.584+0000] {processor.py:829} INFO - Processing file /home/airflow/.local/lib/python3.8/site-packages/airflow/example_dags/example_params_trigger_ui.py for tasks to queue
[2024-04-27T14:22:34.586+0000] {logging_mixin.py:151} INFO - [2024-04-27T14:22:34.586+0000] {dagbag.py:539} INFO - Filling up the DagBag from /home/airflow/.local/lib/python3.8/site-packages/airflow/example_dags/example_params_trigger_ui.py
[2024-04-27T14:22:34.607+0000] {processor.py:839} INFO - DAG(s) dict_keys(['example_params_trigger_ui']) retrieved from /home/airflow/.local/lib/python3.8/site-packages/airflow/example_dags/example_params_trigger_ui.py
[2024-04-27T14:22:34.678+0000] {logging_mixin.py:151} INFO - [2024-04-27T14:22:34.678+0000] {dag.py:2907} INFO - Sync 1 DAGs
[2024-04-27T14:22:34.693+0000] {logging_mixin.py:151} INFO - [2024-04-27T14:22:34.692+0000] {dag.py:3677} INFO - Setting next_dagrun for example_params_trigger_ui to None, run_after=None
[2024-04-27T14:22:34.715+0000] {processor.py:179} INFO - Processing /home/airflow/.local/lib/python3.8/site-packages/airflow/example_dags/example_params_trigger_ui.py took 0.136 seconds
[2024-04-27T14:23:05.991+0000] {processor.py:157} INFO - Started process (PID=1522) to work on /home/airflow/.local/lib/python3.8/site-packages/airflow/example_dags/example_params_trigger_ui.py
[2024-04-27T14:23:05.992+0000] {processor.py:829} INFO - Processing file /home/airflow/.local/lib/python3.8/site-packages/airflow/example_dags/example_params_trigger_ui.py for tasks to queue
[2024-04-27T14:23:05.995+0000] {logging_mixin.py:151} INFO - [2024-04-27T14:23:05.995+0000] {dagbag.py:539} INFO - Filling up the DagBag from /home/airflow/.local/lib/python3.8/site-packages/airflow/example_dags/example_params_trigger_ui.py
[2024-04-27T14:23:06.026+0000] {processor.py:839} INFO - DAG(s) dict_keys(['example_params_trigger_ui']) retrieved from /home/airflow/.local/lib/python3.8/site-packages/airflow/example_dags/example_params_trigger_ui.py
[2024-04-27T14:23:06.137+0000] {logging_mixin.py:151} INFO - [2024-04-27T14:23:06.137+0000] {dag.py:2907} INFO - Sync 1 DAGs
[2024-04-27T14:23:06.159+0000] {logging_mixin.py:151} INFO - [2024-04-27T14:23:06.159+0000] {dag.py:3677} INFO - Setting next_dagrun for example_params_trigger_ui to None, run_after=None
[2024-04-27T14:23:06.189+0000] {processor.py:179} INFO - Processing /home/airflow/.local/lib/python3.8/site-packages/airflow/example_dags/example_params_trigger_ui.py took 0.203 seconds
[2024-04-27T14:23:37.187+0000] {processor.py:157} INFO - Started process (PID=1586) to work on /home/airflow/.local/lib/python3.8/site-packages/airflow/example_dags/example_params_trigger_ui.py
[2024-04-27T14:23:37.188+0000] {processor.py:829} INFO - Processing file /home/airflow/.local/lib/python3.8/site-packages/airflow/example_dags/example_params_trigger_ui.py for tasks to queue
[2024-04-27T14:23:37.191+0000] {logging_mixin.py:151} INFO - [2024-04-27T14:23:37.191+0000] {dagbag.py:539} INFO - Filling up the DagBag from /home/airflow/.local/lib/python3.8/site-packages/airflow/example_dags/example_params_trigger_ui.py
[2024-04-27T14:23:37.221+0000] {processor.py:839} INFO - DAG(s) dict_keys(['example_params_trigger_ui']) retrieved from /home/airflow/.local/lib/python3.8/site-packages/airflow/example_dags/example_params_trigger_ui.py
[2024-04-27T14:23:37.331+0000] {logging_mixin.py:151} INFO - [2024-04-27T14:23:37.331+0000] {dag.py:2907} INFO - Sync 1 DAGs
[2024-04-27T14:23:37.353+0000] {logging_mixin.py:151} INFO - [2024-04-27T14:23:37.353+0000] {dag.py:3677} INFO - Setting next_dagrun for example_params_trigger_ui to None, run_after=None
[2024-04-27T14:23:37.387+0000] {processor.py:179} INFO - Processing /home/airflow/.local/lib/python3.8/site-packages/airflow/example_dags/example_params_trigger_ui.py took 0.205 seconds
[2024-04-27T14:24:08.076+0000] {processor.py:157} INFO - Started process (PID=1658) to work on /home/airflow/.local/lib/python3.8/site-packages/airflow/example_dags/example_params_trigger_ui.py
[2024-04-27T14:24:08.077+0000] {processor.py:829} INFO - Processing file /home/airflow/.local/lib/python3.8/site-packages/airflow/example_dags/example_params_trigger_ui.py for tasks to queue
[2024-04-27T14:24:08.080+0000] {logging_mixin.py:151} INFO - [2024-04-27T14:24:08.080+0000] {dagbag.py:539} INFO - Filling up the DagBag from /home/airflow/.local/lib/python3.8/site-packages/airflow/example_dags/example_params_trigger_ui.py
[2024-04-27T14:24:08.111+0000] {processor.py:839} INFO - DAG(s) dict_keys(['example_params_trigger_ui']) retrieved from /home/airflow/.local/lib/python3.8/site-packages/airflow/example_dags/example_params_trigger_ui.py
[2024-04-27T14:24:08.221+0000] {logging_mixin.py:151} INFO - [2024-04-27T14:24:08.221+0000] {dag.py:2907} INFO - Sync 1 DAGs
[2024-04-27T14:24:08.244+0000] {logging_mixin.py:151} INFO - [2024-04-27T14:24:08.243+0000] {dag.py:3677} INFO - Setting next_dagrun for example_params_trigger_ui to None, run_after=None
[2024-04-27T14:24:08.273+0000] {processor.py:179} INFO - Processing /home/airflow/.local/lib/python3.8/site-packages/airflow/example_dags/example_params_trigger_ui.py took 0.202 seconds
[2024-04-27T14:24:39.598+0000] {processor.py:157} INFO - Started process (PID=1723) to work on /home/airflow/.local/lib/python3.8/site-packages/airflow/example_dags/example_params_trigger_ui.py
[2024-04-27T14:24:39.602+0000] {processor.py:829} INFO - Processing file /home/airflow/.local/lib/python3.8/site-packages/airflow/example_dags/example_params_trigger_ui.py for tasks to queue
[2024-04-27T14:24:39.606+0000] {logging_mixin.py:151} INFO - [2024-04-27T14:24:39.606+0000] {dagbag.py:539} INFO - Filling up the DagBag from /home/airflow/.local/lib/python3.8/site-packages/airflow/example_dags/example_params_trigger_ui.py
[2024-04-27T14:24:39.645+0000] {processor.py:839} INFO - DAG(s) dict_keys(['example_params_trigger_ui']) retrieved from /home/airflow/.local/lib/python3.8/site-packages/airflow/example_dags/example_params_trigger_ui.py
[2024-04-27T14:24:39.749+0000] {logging_mixin.py:151} INFO - [2024-04-27T14:24:39.748+0000] {dag.py:2907} INFO - Sync 1 DAGs
[2024-04-27T14:24:39.771+0000] {logging_mixin.py:151} INFO - [2024-04-27T14:24:39.771+0000] {dag.py:3677} INFO - Setting next_dagrun for example_params_trigger_ui to None, run_after=None
[2024-04-27T14:24:39.811+0000] {processor.py:179} INFO - Processing /home/airflow/.local/lib/python3.8/site-packages/airflow/example_dags/example_params_trigger_ui.py took 0.218 seconds
[2024-04-27T14:25:10.522+0000] {processor.py:157} INFO - Started process (PID=1788) to work on /home/airflow/.local/lib/python3.8/site-packages/airflow/example_dags/example_params_trigger_ui.py
[2024-04-27T14:25:10.523+0000] {processor.py:829} INFO - Processing file /home/airflow/.local/lib/python3.8/site-packages/airflow/example_dags/example_params_trigger_ui.py for tasks to queue
[2024-04-27T14:25:10.526+0000] {logging_mixin.py:151} INFO - [2024-04-27T14:25:10.526+0000] {dagbag.py:539} INFO - Filling up the DagBag from /home/airflow/.local/lib/python3.8/site-packages/airflow/example_dags/example_params_trigger_ui.py
[2024-04-27T14:25:10.556+0000] {processor.py:839} INFO - DAG(s) dict_keys(['example_params_trigger_ui']) retrieved from /home/airflow/.local/lib/python3.8/site-packages/airflow/example_dags/example_params_trigger_ui.py
[2024-04-27T14:25:10.638+0000] {logging_mixin.py:151} INFO - [2024-04-27T14:25:10.637+0000] {dag.py:2907} INFO - Sync 1 DAGs
[2024-04-27T14:25:10.657+0000] {logging_mixin.py:151} INFO - [2024-04-27T14:25:10.657+0000] {dag.py:3677} INFO - Setting next_dagrun for example_params_trigger_ui to None, run_after=None
[2024-04-27T14:25:10.689+0000] {processor.py:179} INFO - Processing /home/airflow/.local/lib/python3.8/site-packages/airflow/example_dags/example_params_trigger_ui.py took 0.172 seconds
[2024-04-27T14:25:41.625+0000] {processor.py:157} INFO - Started process (PID=1861) to work on /home/airflow/.local/lib/python3.8/site-packages/airflow/example_dags/example_params_trigger_ui.py
[2024-04-27T14:25:41.627+0000] {processor.py:829} INFO - Processing file /home/airflow/.local/lib/python3.8/site-packages/airflow/example_dags/example_params_trigger_ui.py for tasks to queue
[2024-04-27T14:25:41.630+0000] {logging_mixin.py:151} INFO - [2024-04-27T14:25:41.630+0000] {dagbag.py:539} INFO - Filling up the DagBag from /home/airflow/.local/lib/python3.8/site-packages/airflow/example_dags/example_params_trigger_ui.py
[2024-04-27T14:25:41.682+0000] {processor.py:839} INFO - DAG(s) dict_keys(['example_params_trigger_ui']) retrieved from /home/airflow/.local/lib/python3.8/site-packages/airflow/example_dags/example_params_trigger_ui.py
[2024-04-27T14:25:41.791+0000] {logging_mixin.py:151} INFO - [2024-04-27T14:25:41.791+0000] {dag.py:2907} INFO - Sync 1 DAGs
[2024-04-27T14:25:41.807+0000] {logging_mixin.py:151} INFO - [2024-04-27T14:25:41.807+0000] {dag.py:3677} INFO - Setting next_dagrun for example_params_trigger_ui to None, run_after=None
[2024-04-27T14:25:41.831+0000] {processor.py:179} INFO - Processing /home/airflow/.local/lib/python3.8/site-packages/airflow/example_dags/example_params_trigger_ui.py took 0.211 seconds
