[2024-04-27T13:44:16.467+0000] {processor.py:153} INFO - Started process (PID=49) to work on /home/airflow/.local/lib/python3.7/site-packages/airflow/example_dags/example_branch_python_dop_operator_3.py
[2024-04-27T13:44:16.468+0000] {processor.py:743} INFO - Processing file /home/airflow/.local/lib/python3.7/site-packages/airflow/example_dags/example_branch_python_dop_operator_3.py for tasks to queue
[2024-04-27T13:44:16.469+0000] {logging_mixin.py:137} INFO - [2024-04-27T13:44:16.469+0000] {dagbag.py:538} INFO - Filling up the DagBag from /home/airflow/.local/lib/python3.7/site-packages/airflow/example_dags/example_branch_python_dop_operator_3.py
[2024-04-27T13:44:16.517+0000] {processor.py:753} INFO - DAG(s) dict_keys(['example_branch_dop_operator_v3']) retrieved from /home/airflow/.local/lib/python3.7/site-packages/airflow/example_dags/example_branch_python_dop_operator_3.py
[2024-04-27T13:44:16.571+0000] {logging_mixin.py:137} INFO - [2024-04-27T13:44:16.571+0000] {dag.py:2690} INFO - Sync 1 DAGs
[2024-04-27T13:44:16.646+0000] {logging_mixin.py:137} INFO - [2024-04-27T13:44:16.646+0000] {dag.py:3441} INFO - Setting next_dagrun for example_branch_dop_operator_v3 to 2024-04-27T13:43:00+00:00, run_after=2024-04-27T13:44:00+00:00
[2024-04-27T13:44:16.681+0000] {processor.py:175} INFO - Processing /home/airflow/.local/lib/python3.7/site-packages/airflow/example_dags/example_branch_python_dop_operator_3.py took 0.219 seconds
[2024-04-27T13:44:46.950+0000] {processor.py:153} INFO - Started process (PID=112) to work on /home/airflow/.local/lib/python3.7/site-packages/airflow/example_dags/example_branch_python_dop_operator_3.py
[2024-04-27T13:44:46.951+0000] {processor.py:743} INFO - Processing file /home/airflow/.local/lib/python3.7/site-packages/airflow/example_dags/example_branch_python_dop_operator_3.py for tasks to queue
[2024-04-27T13:44:46.953+0000] {logging_mixin.py:137} INFO - [2024-04-27T13:44:46.953+0000] {dagbag.py:538} INFO - Filling up the DagBag from /home/airflow/.local/lib/python3.7/site-packages/airflow/example_dags/example_branch_python_dop_operator_3.py
[2024-04-27T13:44:47.010+0000] {processor.py:753} INFO - DAG(s) dict_keys(['example_branch_dop_operator_v3']) retrieved from /home/airflow/.local/lib/python3.7/site-packages/airflow/example_dags/example_branch_python_dop_operator_3.py
[2024-04-27T13:44:47.065+0000] {logging_mixin.py:137} INFO - [2024-04-27T13:44:47.065+0000] {dag.py:2690} INFO - Sync 1 DAGs
[2024-04-27T13:44:47.130+0000] {logging_mixin.py:137} INFO - [2024-04-27T13:44:47.130+0000] {dag.py:3441} INFO - Setting next_dagrun for example_branch_dop_operator_v3 to 2024-04-27T13:43:00+00:00, run_after=2024-04-27T13:44:00+00:00
[2024-04-27T13:44:47.171+0000] {processor.py:175} INFO - Processing /home/airflow/.local/lib/python3.7/site-packages/airflow/example_dags/example_branch_python_dop_operator_3.py took 0.227 seconds
[2024-04-27T13:45:17.495+0000] {processor.py:153} INFO - Started process (PID=176) to work on /home/airflow/.local/lib/python3.7/site-packages/airflow/example_dags/example_branch_python_dop_operator_3.py
[2024-04-27T13:45:17.496+0000] {processor.py:743} INFO - Processing file /home/airflow/.local/lib/python3.7/site-packages/airflow/example_dags/example_branch_python_dop_operator_3.py for tasks to queue
[2024-04-27T13:45:17.497+0000] {logging_mixin.py:137} INFO - [2024-04-27T13:45:17.497+0000] {dagbag.py:538} INFO - Filling up the DagBag from /home/airflow/.local/lib/python3.7/site-packages/airflow/example_dags/example_branch_python_dop_operator_3.py
[2024-04-27T13:45:17.532+0000] {processor.py:753} INFO - DAG(s) dict_keys(['example_branch_dop_operator_v3']) retrieved from /home/airflow/.local/lib/python3.7/site-packages/airflow/example_dags/example_branch_python_dop_operator_3.py
[2024-04-27T13:45:17.577+0000] {logging_mixin.py:137} INFO - [2024-04-27T13:45:17.577+0000] {dag.py:2690} INFO - Sync 1 DAGs
[2024-04-27T13:45:17.661+0000] {logging_mixin.py:137} INFO - [2024-04-27T13:45:17.661+0000] {dag.py:3441} INFO - Setting next_dagrun for example_branch_dop_operator_v3 to 2024-04-27T13:44:00+00:00, run_after=2024-04-27T13:45:00+00:00
[2024-04-27T13:45:17.725+0000] {processor.py:175} INFO - Processing /home/airflow/.local/lib/python3.7/site-packages/airflow/example_dags/example_branch_python_dop_operator_3.py took 0.234 seconds
[2024-04-27T13:45:48.124+0000] {processor.py:153} INFO - Started process (PID=239) to work on /home/airflow/.local/lib/python3.7/site-packages/airflow/example_dags/example_branch_python_dop_operator_3.py
[2024-04-27T13:45:48.125+0000] {processor.py:743} INFO - Processing file /home/airflow/.local/lib/python3.7/site-packages/airflow/example_dags/example_branch_python_dop_operator_3.py for tasks to queue
[2024-04-27T13:45:48.126+0000] {logging_mixin.py:137} INFO - [2024-04-27T13:45:48.126+0000] {dagbag.py:538} INFO - Filling up the DagBag from /home/airflow/.local/lib/python3.7/site-packages/airflow/example_dags/example_branch_python_dop_operator_3.py
[2024-04-27T13:45:48.213+0000] {processor.py:753} INFO - DAG(s) dict_keys(['example_branch_dop_operator_v3']) retrieved from /home/airflow/.local/lib/python3.7/site-packages/airflow/example_dags/example_branch_python_dop_operator_3.py
[2024-04-27T13:45:48.261+0000] {logging_mixin.py:137} INFO - [2024-04-27T13:45:48.260+0000] {dag.py:2690} INFO - Sync 1 DAGs
[2024-04-27T13:45:48.325+0000] {logging_mixin.py:137} INFO - [2024-04-27T13:45:48.325+0000] {dag.py:3441} INFO - Setting next_dagrun for example_branch_dop_operator_v3 to 2024-04-27T13:44:00+00:00, run_after=2024-04-27T13:45:00+00:00
[2024-04-27T13:45:48.383+0000] {processor.py:175} INFO - Processing /home/airflow/.local/lib/python3.7/site-packages/airflow/example_dags/example_branch_python_dop_operator_3.py took 0.264 seconds
[2024-04-27T13:46:18.494+0000] {processor.py:153} INFO - Started process (PID=315) to work on /home/airflow/.local/lib/python3.7/site-packages/airflow/example_dags/example_branch_python_dop_operator_3.py
[2024-04-27T13:46:18.495+0000] {processor.py:743} INFO - Processing file /home/airflow/.local/lib/python3.7/site-packages/airflow/example_dags/example_branch_python_dop_operator_3.py for tasks to queue
[2024-04-27T13:46:18.496+0000] {logging_mixin.py:137} INFO - [2024-04-27T13:46:18.496+0000] {dagbag.py:538} INFO - Filling up the DagBag from /home/airflow/.local/lib/python3.7/site-packages/airflow/example_dags/example_branch_python_dop_operator_3.py
[2024-04-27T13:46:18.532+0000] {processor.py:753} INFO - DAG(s) dict_keys(['example_branch_dop_operator_v3']) retrieved from /home/airflow/.local/lib/python3.7/site-packages/airflow/example_dags/example_branch_python_dop_operator_3.py
[2024-04-27T13:46:18.569+0000] {logging_mixin.py:137} INFO - [2024-04-27T13:46:18.569+0000] {dag.py:2690} INFO - Sync 1 DAGs
[2024-04-27T13:46:18.627+0000] {logging_mixin.py:137} INFO - [2024-04-27T13:46:18.626+0000] {dag.py:3441} INFO - Setting next_dagrun for example_branch_dop_operator_v3 to 2024-04-27T13:45:00+00:00, run_after=2024-04-27T13:46:00+00:00
[2024-04-27T13:46:18.652+0000] {processor.py:175} INFO - Processing /home/airflow/.local/lib/python3.7/site-packages/airflow/example_dags/example_branch_python_dop_operator_3.py took 0.162 seconds
[2024-04-27T13:46:48.706+0000] {processor.py:153} INFO - Started process (PID=378) to work on /home/airflow/.local/lib/python3.7/site-packages/airflow/example_dags/example_branch_python_dop_operator_3.py
[2024-04-27T13:46:48.707+0000] {processor.py:743} INFO - Processing file /home/airflow/.local/lib/python3.7/site-packages/airflow/example_dags/example_branch_python_dop_operator_3.py for tasks to queue
[2024-04-27T13:46:48.708+0000] {logging_mixin.py:137} INFO - [2024-04-27T13:46:48.708+0000] {dagbag.py:538} INFO - Filling up the DagBag from /home/airflow/.local/lib/python3.7/site-packages/airflow/example_dags/example_branch_python_dop_operator_3.py
[2024-04-27T13:46:48.743+0000] {processor.py:753} INFO - DAG(s) dict_keys(['example_branch_dop_operator_v3']) retrieved from /home/airflow/.local/lib/python3.7/site-packages/airflow/example_dags/example_branch_python_dop_operator_3.py
[2024-04-27T13:46:48.776+0000] {logging_mixin.py:137} INFO - [2024-04-27T13:46:48.776+0000] {dag.py:2690} INFO - Sync 1 DAGs
[2024-04-27T13:46:48.821+0000] {logging_mixin.py:137} INFO - [2024-04-27T13:46:48.821+0000] {dag.py:3441} INFO - Setting next_dagrun for example_branch_dop_operator_v3 to 2024-04-27T13:45:00+00:00, run_after=2024-04-27T13:46:00+00:00
[2024-04-27T13:46:48.852+0000] {processor.py:175} INFO - Processing /home/airflow/.local/lib/python3.7/site-packages/airflow/example_dags/example_branch_python_dop_operator_3.py took 0.150 seconds
[2024-04-27T13:47:19.744+0000] {processor.py:153} INFO - Started process (PID=443) to work on /home/airflow/.local/lib/python3.7/site-packages/airflow/example_dags/example_branch_python_dop_operator_3.py
[2024-04-27T13:47:19.746+0000] {processor.py:743} INFO - Processing file /home/airflow/.local/lib/python3.7/site-packages/airflow/example_dags/example_branch_python_dop_operator_3.py for tasks to queue
[2024-04-27T13:47:19.747+0000] {logging_mixin.py:137} INFO - [2024-04-27T13:47:19.746+0000] {dagbag.py:538} INFO - Filling up the DagBag from /home/airflow/.local/lib/python3.7/site-packages/airflow/example_dags/example_branch_python_dop_operator_3.py
[2024-04-27T13:47:19.792+0000] {processor.py:753} INFO - DAG(s) dict_keys(['example_branch_dop_operator_v3']) retrieved from /home/airflow/.local/lib/python3.7/site-packages/airflow/example_dags/example_branch_python_dop_operator_3.py
[2024-04-27T13:47:19.834+0000] {logging_mixin.py:137} INFO - [2024-04-27T13:47:19.834+0000] {dag.py:2690} INFO - Sync 1 DAGs
[2024-04-27T13:47:19.882+0000] {logging_mixin.py:137} INFO - [2024-04-27T13:47:19.882+0000] {dag.py:3441} INFO - Setting next_dagrun for example_branch_dop_operator_v3 to 2024-04-27T13:46:00+00:00, run_after=2024-04-27T13:47:00+00:00
[2024-04-27T13:47:19.910+0000] {processor.py:175} INFO - Processing /home/airflow/.local/lib/python3.7/site-packages/airflow/example_dags/example_branch_python_dop_operator_3.py took 0.172 seconds
[2024-04-27T13:47:50.077+0000] {processor.py:153} INFO - Started process (PID=507) to work on /home/airflow/.local/lib/python3.7/site-packages/airflow/example_dags/example_branch_python_dop_operator_3.py
[2024-04-27T13:47:50.078+0000] {processor.py:743} INFO - Processing file /home/airflow/.local/lib/python3.7/site-packages/airflow/example_dags/example_branch_python_dop_operator_3.py for tasks to queue
[2024-04-27T13:47:50.078+0000] {logging_mixin.py:137} INFO - [2024-04-27T13:47:50.078+0000] {dagbag.py:538} INFO - Filling up the DagBag from /home/airflow/.local/lib/python3.7/site-packages/airflow/example_dags/example_branch_python_dop_operator_3.py
[2024-04-27T13:47:50.114+0000] {processor.py:753} INFO - DAG(s) dict_keys(['example_branch_dop_operator_v3']) retrieved from /home/airflow/.local/lib/python3.7/site-packages/airflow/example_dags/example_branch_python_dop_operator_3.py
[2024-04-27T13:47:50.156+0000] {logging_mixin.py:137} INFO - [2024-04-27T13:47:50.156+0000] {dag.py:2690} INFO - Sync 1 DAGs
[2024-04-27T13:47:50.213+0000] {logging_mixin.py:137} INFO - [2024-04-27T13:47:50.213+0000] {dag.py:3441} INFO - Setting next_dagrun for example_branch_dop_operator_v3 to 2024-04-27T13:46:00+00:00, run_after=2024-04-27T13:47:00+00:00
[2024-04-27T13:47:50.246+0000] {processor.py:175} INFO - Processing /home/airflow/.local/lib/python3.7/site-packages/airflow/example_dags/example_branch_python_dop_operator_3.py took 0.173 seconds
[2024-04-27T13:48:21.181+0000] {processor.py:153} INFO - Started process (PID=580) to work on /home/airflow/.local/lib/python3.7/site-packages/airflow/example_dags/example_branch_python_dop_operator_3.py
[2024-04-27T13:48:21.188+0000] {processor.py:743} INFO - Processing file /home/airflow/.local/lib/python3.7/site-packages/airflow/example_dags/example_branch_python_dop_operator_3.py for tasks to queue
[2024-04-27T13:48:21.189+0000] {logging_mixin.py:137} INFO - [2024-04-27T13:48:21.189+0000] {dagbag.py:538} INFO - Filling up the DagBag from /home/airflow/.local/lib/python3.7/site-packages/airflow/example_dags/example_branch_python_dop_operator_3.py
[2024-04-27T13:48:21.249+0000] {processor.py:753} INFO - DAG(s) dict_keys(['example_branch_dop_operator_v3']) retrieved from /home/airflow/.local/lib/python3.7/site-packages/airflow/example_dags/example_branch_python_dop_operator_3.py
[2024-04-27T13:48:21.295+0000] {logging_mixin.py:137} INFO - [2024-04-27T13:48:21.295+0000] {dag.py:2690} INFO - Sync 1 DAGs
[2024-04-27T13:48:21.362+0000] {logging_mixin.py:137} INFO - [2024-04-27T13:48:21.362+0000] {dag.py:3441} INFO - Setting next_dagrun for example_branch_dop_operator_v3 to 2024-04-27T13:47:00+00:00, run_after=2024-04-27T13:48:00+00:00
[2024-04-27T13:48:21.398+0000] {processor.py:175} INFO - Processing /home/airflow/.local/lib/python3.7/site-packages/airflow/example_dags/example_branch_python_dop_operator_3.py took 0.244 seconds
[2024-04-27T13:48:51.479+0000] {processor.py:153} INFO - Started process (PID=647) to work on /home/airflow/.local/lib/python3.7/site-packages/airflow/example_dags/example_branch_python_dop_operator_3.py
[2024-04-27T13:48:51.480+0000] {processor.py:743} INFO - Processing file /home/airflow/.local/lib/python3.7/site-packages/airflow/example_dags/example_branch_python_dop_operator_3.py for tasks to queue
[2024-04-27T13:48:51.481+0000] {logging_mixin.py:137} INFO - [2024-04-27T13:48:51.481+0000] {dagbag.py:538} INFO - Filling up the DagBag from /home/airflow/.local/lib/python3.7/site-packages/airflow/example_dags/example_branch_python_dop_operator_3.py
[2024-04-27T13:48:51.532+0000] {processor.py:753} INFO - DAG(s) dict_keys(['example_branch_dop_operator_v3']) retrieved from /home/airflow/.local/lib/python3.7/site-packages/airflow/example_dags/example_branch_python_dop_operator_3.py
[2024-04-27T13:48:51.575+0000] {logging_mixin.py:137} INFO - [2024-04-27T13:48:51.575+0000] {dag.py:2690} INFO - Sync 1 DAGs
[2024-04-27T13:48:51.640+0000] {logging_mixin.py:137} INFO - [2024-04-27T13:48:51.640+0000] {dag.py:3441} INFO - Setting next_dagrun for example_branch_dop_operator_v3 to 2024-04-27T13:47:00+00:00, run_after=2024-04-27T13:48:00+00:00
[2024-04-27T13:48:51.677+0000] {processor.py:175} INFO - Processing /home/airflow/.local/lib/python3.7/site-packages/airflow/example_dags/example_branch_python_dop_operator_3.py took 0.204 seconds
[2024-04-27T13:49:22.288+0000] {processor.py:153} INFO - Started process (PID=711) to work on /home/airflow/.local/lib/python3.7/site-packages/airflow/example_dags/example_branch_python_dop_operator_3.py
[2024-04-27T13:49:22.288+0000] {processor.py:743} INFO - Processing file /home/airflow/.local/lib/python3.7/site-packages/airflow/example_dags/example_branch_python_dop_operator_3.py for tasks to queue
[2024-04-27T13:49:22.289+0000] {logging_mixin.py:137} INFO - [2024-04-27T13:49:22.289+0000] {dagbag.py:538} INFO - Filling up the DagBag from /home/airflow/.local/lib/python3.7/site-packages/airflow/example_dags/example_branch_python_dop_operator_3.py
[2024-04-27T13:49:22.327+0000] {processor.py:753} INFO - DAG(s) dict_keys(['example_branch_dop_operator_v3']) retrieved from /home/airflow/.local/lib/python3.7/site-packages/airflow/example_dags/example_branch_python_dop_operator_3.py
[2024-04-27T13:49:22.370+0000] {logging_mixin.py:137} INFO - [2024-04-27T13:49:22.370+0000] {dag.py:2690} INFO - Sync 1 DAGs
[2024-04-27T13:49:22.429+0000] {logging_mixin.py:137} INFO - [2024-04-27T13:49:22.428+0000] {dag.py:3441} INFO - Setting next_dagrun for example_branch_dop_operator_v3 to 2024-04-27T13:48:00+00:00, run_after=2024-04-27T13:49:00+00:00
[2024-04-27T13:49:22.463+0000] {processor.py:175} INFO - Processing /home/airflow/.local/lib/python3.7/site-packages/airflow/example_dags/example_branch_python_dop_operator_3.py took 0.180 seconds
[2024-04-27T13:49:52.798+0000] {processor.py:153} INFO - Started process (PID=775) to work on /home/airflow/.local/lib/python3.7/site-packages/airflow/example_dags/example_branch_python_dop_operator_3.py
[2024-04-27T13:49:52.800+0000] {processor.py:743} INFO - Processing file /home/airflow/.local/lib/python3.7/site-packages/airflow/example_dags/example_branch_python_dop_operator_3.py for tasks to queue
[2024-04-27T13:49:52.801+0000] {logging_mixin.py:137} INFO - [2024-04-27T13:49:52.800+0000] {dagbag.py:538} INFO - Filling up the DagBag from /home/airflow/.local/lib/python3.7/site-packages/airflow/example_dags/example_branch_python_dop_operator_3.py
[2024-04-27T13:49:52.852+0000] {processor.py:753} INFO - DAG(s) dict_keys(['example_branch_dop_operator_v3']) retrieved from /home/airflow/.local/lib/python3.7/site-packages/airflow/example_dags/example_branch_python_dop_operator_3.py
[2024-04-27T13:49:52.899+0000] {logging_mixin.py:137} INFO - [2024-04-27T13:49:52.898+0000] {dag.py:2690} INFO - Sync 1 DAGs
[2024-04-27T13:49:52.961+0000] {logging_mixin.py:137} INFO - [2024-04-27T13:49:52.961+0000] {dag.py:3441} INFO - Setting next_dagrun for example_branch_dop_operator_v3 to 2024-04-27T13:48:00+00:00, run_after=2024-04-27T13:49:00+00:00
[2024-04-27T13:49:53.003+0000] {processor.py:175} INFO - Processing /home/airflow/.local/lib/python3.7/site-packages/airflow/example_dags/example_branch_python_dop_operator_3.py took 0.209 seconds
[2024-04-27T13:50:23.322+0000] {processor.py:153} INFO - Started process (PID=837) to work on /home/airflow/.local/lib/python3.7/site-packages/airflow/example_dags/example_branch_python_dop_operator_3.py
[2024-04-27T13:50:23.323+0000] {processor.py:743} INFO - Processing file /home/airflow/.local/lib/python3.7/site-packages/airflow/example_dags/example_branch_python_dop_operator_3.py for tasks to queue
[2024-04-27T13:50:23.324+0000] {logging_mixin.py:137} INFO - [2024-04-27T13:50:23.323+0000] {dagbag.py:538} INFO - Filling up the DagBag from /home/airflow/.local/lib/python3.7/site-packages/airflow/example_dags/example_branch_python_dop_operator_3.py
[2024-04-27T13:50:23.371+0000] {processor.py:753} INFO - DAG(s) dict_keys(['example_branch_dop_operator_v3']) retrieved from /home/airflow/.local/lib/python3.7/site-packages/airflow/example_dags/example_branch_python_dop_operator_3.py
[2024-04-27T13:50:23.413+0000] {logging_mixin.py:137} INFO - [2024-04-27T13:50:23.413+0000] {dag.py:2690} INFO - Sync 1 DAGs
[2024-04-27T13:50:23.474+0000] {logging_mixin.py:137} INFO - [2024-04-27T13:50:23.474+0000] {dag.py:3441} INFO - Setting next_dagrun for example_branch_dop_operator_v3 to 2024-04-27T13:49:00+00:00, run_after=2024-04-27T13:50:00+00:00
[2024-04-27T13:50:23.510+0000] {processor.py:175} INFO - Processing /home/airflow/.local/lib/python3.7/site-packages/airflow/example_dags/example_branch_python_dop_operator_3.py took 0.194 seconds
[2024-04-27T13:50:54.166+0000] {processor.py:153} INFO - Started process (PID=912) to work on /home/airflow/.local/lib/python3.7/site-packages/airflow/example_dags/example_branch_python_dop_operator_3.py
[2024-04-27T13:50:54.167+0000] {processor.py:743} INFO - Processing file /home/airflow/.local/lib/python3.7/site-packages/airflow/example_dags/example_branch_python_dop_operator_3.py for tasks to queue
[2024-04-27T13:50:54.168+0000] {logging_mixin.py:137} INFO - [2024-04-27T13:50:54.168+0000] {dagbag.py:538} INFO - Filling up the DagBag from /home/airflow/.local/lib/python3.7/site-packages/airflow/example_dags/example_branch_python_dop_operator_3.py
[2024-04-27T13:50:54.237+0000] {processor.py:753} INFO - DAG(s) dict_keys(['example_branch_dop_operator_v3']) retrieved from /home/airflow/.local/lib/python3.7/site-packages/airflow/example_dags/example_branch_python_dop_operator_3.py
[2024-04-27T13:50:54.298+0000] {logging_mixin.py:137} INFO - [2024-04-27T13:50:54.297+0000] {dag.py:2690} INFO - Sync 1 DAGs
[2024-04-27T13:50:54.388+0000] {logging_mixin.py:137} INFO - [2024-04-27T13:50:54.388+0000] {dag.py:3441} INFO - Setting next_dagrun for example_branch_dop_operator_v3 to 2024-04-27T13:49:00+00:00, run_after=2024-04-27T13:50:00+00:00
[2024-04-27T13:50:54.434+0000] {processor.py:175} INFO - Processing /home/airflow/.local/lib/python3.7/site-packages/airflow/example_dags/example_branch_python_dop_operator_3.py took 0.273 seconds
[2024-04-27T13:51:25.199+0000] {processor.py:153} INFO - Started process (PID=975) to work on /home/airflow/.local/lib/python3.7/site-packages/airflow/example_dags/example_branch_python_dop_operator_3.py
[2024-04-27T13:51:25.200+0000] {processor.py:743} INFO - Processing file /home/airflow/.local/lib/python3.7/site-packages/airflow/example_dags/example_branch_python_dop_operator_3.py for tasks to queue
[2024-04-27T13:51:25.201+0000] {logging_mixin.py:137} INFO - [2024-04-27T13:51:25.200+0000] {dagbag.py:538} INFO - Filling up the DagBag from /home/airflow/.local/lib/python3.7/site-packages/airflow/example_dags/example_branch_python_dop_operator_3.py
[2024-04-27T13:51:25.235+0000] {processor.py:753} INFO - DAG(s) dict_keys(['example_branch_dop_operator_v3']) retrieved from /home/airflow/.local/lib/python3.7/site-packages/airflow/example_dags/example_branch_python_dop_operator_3.py
[2024-04-27T13:51:25.269+0000] {logging_mixin.py:137} INFO - [2024-04-27T13:51:25.268+0000] {dag.py:2690} INFO - Sync 1 DAGs
[2024-04-27T13:51:25.314+0000] {logging_mixin.py:137} INFO - [2024-04-27T13:51:25.314+0000] {dag.py:3441} INFO - Setting next_dagrun for example_branch_dop_operator_v3 to 2024-04-27T13:50:00+00:00, run_after=2024-04-27T13:51:00+00:00
[2024-04-27T13:51:25.340+0000] {processor.py:175} INFO - Processing /home/airflow/.local/lib/python3.7/site-packages/airflow/example_dags/example_branch_python_dop_operator_3.py took 0.145 seconds
[2024-04-27T13:51:55.997+0000] {processor.py:153} INFO - Started process (PID=1037) to work on /home/airflow/.local/lib/python3.7/site-packages/airflow/example_dags/example_branch_python_dop_operator_3.py
[2024-04-27T13:51:55.998+0000] {processor.py:743} INFO - Processing file /home/airflow/.local/lib/python3.7/site-packages/airflow/example_dags/example_branch_python_dop_operator_3.py for tasks to queue
[2024-04-27T13:51:55.999+0000] {logging_mixin.py:137} INFO - [2024-04-27T13:51:55.999+0000] {dagbag.py:538} INFO - Filling up the DagBag from /home/airflow/.local/lib/python3.7/site-packages/airflow/example_dags/example_branch_python_dop_operator_3.py
[2024-04-27T13:51:56.045+0000] {processor.py:753} INFO - DAG(s) dict_keys(['example_branch_dop_operator_v3']) retrieved from /home/airflow/.local/lib/python3.7/site-packages/airflow/example_dags/example_branch_python_dop_operator_3.py
[2024-04-27T13:51:56.089+0000] {logging_mixin.py:137} INFO - [2024-04-27T13:51:56.088+0000] {dag.py:2690} INFO - Sync 1 DAGs
[2024-04-27T13:51:56.150+0000] {logging_mixin.py:137} INFO - [2024-04-27T13:51:56.150+0000] {dag.py:3441} INFO - Setting next_dagrun for example_branch_dop_operator_v3 to 2024-04-27T13:50:00+00:00, run_after=2024-04-27T13:51:00+00:00
[2024-04-27T13:51:56.184+0000] {processor.py:175} INFO - Processing /home/airflow/.local/lib/python3.7/site-packages/airflow/example_dags/example_branch_python_dop_operator_3.py took 0.193 seconds
[2024-04-27T13:52:26.299+0000] {processor.py:153} INFO - Started process (PID=1101) to work on /home/airflow/.local/lib/python3.7/site-packages/airflow/example_dags/example_branch_python_dop_operator_3.py
[2024-04-27T13:52:26.300+0000] {processor.py:743} INFO - Processing file /home/airflow/.local/lib/python3.7/site-packages/airflow/example_dags/example_branch_python_dop_operator_3.py for tasks to queue
[2024-04-27T13:52:26.301+0000] {logging_mixin.py:137} INFO - [2024-04-27T13:52:26.300+0000] {dagbag.py:538} INFO - Filling up the DagBag from /home/airflow/.local/lib/python3.7/site-packages/airflow/example_dags/example_branch_python_dop_operator_3.py
[2024-04-27T13:52:26.337+0000] {processor.py:753} INFO - DAG(s) dict_keys(['example_branch_dop_operator_v3']) retrieved from /home/airflow/.local/lib/python3.7/site-packages/airflow/example_dags/example_branch_python_dop_operator_3.py
[2024-04-27T13:52:26.377+0000] {logging_mixin.py:137} INFO - [2024-04-27T13:52:26.377+0000] {dag.py:2690} INFO - Sync 1 DAGs
[2024-04-27T13:52:26.426+0000] {logging_mixin.py:137} INFO - [2024-04-27T13:52:26.426+0000] {dag.py:3441} INFO - Setting next_dagrun for example_branch_dop_operator_v3 to 2024-04-27T13:51:00+00:00, run_after=2024-04-27T13:52:00+00:00
[2024-04-27T13:52:26.458+0000] {processor.py:175} INFO - Processing /home/airflow/.local/lib/python3.7/site-packages/airflow/example_dags/example_branch_python_dop_operator_3.py took 0.163 seconds
[2024-04-27T13:52:57.297+0000] {processor.py:153} INFO - Started process (PID=1177) to work on /home/airflow/.local/lib/python3.7/site-packages/airflow/example_dags/example_branch_python_dop_operator_3.py
[2024-04-27T13:52:57.298+0000] {processor.py:743} INFO - Processing file /home/airflow/.local/lib/python3.7/site-packages/airflow/example_dags/example_branch_python_dop_operator_3.py for tasks to queue
[2024-04-27T13:52:57.299+0000] {logging_mixin.py:137} INFO - [2024-04-27T13:52:57.299+0000] {dagbag.py:538} INFO - Filling up the DagBag from /home/airflow/.local/lib/python3.7/site-packages/airflow/example_dags/example_branch_python_dop_operator_3.py
[2024-04-27T13:52:57.338+0000] {processor.py:753} INFO - DAG(s) dict_keys(['example_branch_dop_operator_v3']) retrieved from /home/airflow/.local/lib/python3.7/site-packages/airflow/example_dags/example_branch_python_dop_operator_3.py
[2024-04-27T13:52:57.377+0000] {logging_mixin.py:137} INFO - [2024-04-27T13:52:57.376+0000] {dag.py:2690} INFO - Sync 1 DAGs
[2024-04-27T13:52:57.422+0000] {logging_mixin.py:137} INFO - [2024-04-27T13:52:57.422+0000] {dag.py:3441} INFO - Setting next_dagrun for example_branch_dop_operator_v3 to 2024-04-27T13:51:00+00:00, run_after=2024-04-27T13:52:00+00:00
[2024-04-27T13:52:57.447+0000] {processor.py:175} INFO - Processing /home/airflow/.local/lib/python3.7/site-packages/airflow/example_dags/example_branch_python_dop_operator_3.py took 0.155 seconds
[2024-04-27T13:53:27.967+0000] {processor.py:153} INFO - Started process (PID=1240) to work on /home/airflow/.local/lib/python3.7/site-packages/airflow/example_dags/example_branch_python_dop_operator_3.py
[2024-04-27T13:53:27.968+0000] {processor.py:743} INFO - Processing file /home/airflow/.local/lib/python3.7/site-packages/airflow/example_dags/example_branch_python_dop_operator_3.py for tasks to queue
[2024-04-27T13:53:27.968+0000] {logging_mixin.py:137} INFO - [2024-04-27T13:53:27.968+0000] {dagbag.py:538} INFO - Filling up the DagBag from /home/airflow/.local/lib/python3.7/site-packages/airflow/example_dags/example_branch_python_dop_operator_3.py
[2024-04-27T13:53:28.004+0000] {processor.py:753} INFO - DAG(s) dict_keys(['example_branch_dop_operator_v3']) retrieved from /home/airflow/.local/lib/python3.7/site-packages/airflow/example_dags/example_branch_python_dop_operator_3.py
[2024-04-27T13:53:28.035+0000] {logging_mixin.py:137} INFO - [2024-04-27T13:53:28.035+0000] {dag.py:2690} INFO - Sync 1 DAGs
[2024-04-27T13:53:28.077+0000] {logging_mixin.py:137} INFO - [2024-04-27T13:53:28.077+0000] {dag.py:3441} INFO - Setting next_dagrun for example_branch_dop_operator_v3 to 2024-04-27T13:52:00+00:00, run_after=2024-04-27T13:53:00+00:00
[2024-04-27T13:53:28.102+0000] {processor.py:175} INFO - Processing /home/airflow/.local/lib/python3.7/site-packages/airflow/example_dags/example_branch_python_dop_operator_3.py took 0.139 seconds
[2024-04-27T13:53:58.575+0000] {processor.py:153} INFO - Started process (PID=1304) to work on /home/airflow/.local/lib/python3.7/site-packages/airflow/example_dags/example_branch_python_dop_operator_3.py
[2024-04-27T13:53:58.576+0000] {processor.py:743} INFO - Processing file /home/airflow/.local/lib/python3.7/site-packages/airflow/example_dags/example_branch_python_dop_operator_3.py for tasks to queue
[2024-04-27T13:53:58.577+0000] {logging_mixin.py:137} INFO - [2024-04-27T13:53:58.577+0000] {dagbag.py:538} INFO - Filling up the DagBag from /home/airflow/.local/lib/python3.7/site-packages/airflow/example_dags/example_branch_python_dop_operator_3.py
[2024-04-27T13:53:58.623+0000] {processor.py:753} INFO - DAG(s) dict_keys(['example_branch_dop_operator_v3']) retrieved from /home/airflow/.local/lib/python3.7/site-packages/airflow/example_dags/example_branch_python_dop_operator_3.py
[2024-04-27T13:53:58.666+0000] {logging_mixin.py:137} INFO - [2024-04-27T13:53:58.666+0000] {dag.py:2690} INFO - Sync 1 DAGs
[2024-04-27T13:53:58.735+0000] {logging_mixin.py:137} INFO - [2024-04-27T13:53:58.735+0000] {dag.py:3441} INFO - Setting next_dagrun for example_branch_dop_operator_v3 to 2024-04-27T13:52:00+00:00, run_after=2024-04-27T13:53:00+00:00
[2024-04-27T13:53:58.768+0000] {processor.py:175} INFO - Processing /home/airflow/.local/lib/python3.7/site-packages/airflow/example_dags/example_branch_python_dop_operator_3.py took 0.198 seconds
[2024-04-27T14:03:09.261+0000] {processor.py:157} INFO - Started process (PID=48) to work on /home/airflow/.local/lib/python3.8/site-packages/airflow/example_dags/example_branch_python_dop_operator_3.py
[2024-04-27T14:03:09.272+0000] {processor.py:829} INFO - Processing file /home/airflow/.local/lib/python3.8/site-packages/airflow/example_dags/example_branch_python_dop_operator_3.py for tasks to queue
[2024-04-27T14:03:09.275+0000] {logging_mixin.py:151} INFO - [2024-04-27T14:03:09.275+0000] {dagbag.py:539} INFO - Filling up the DagBag from /home/airflow/.local/lib/python3.8/site-packages/airflow/example_dags/example_branch_python_dop_operator_3.py
[2024-04-27T14:03:09.335+0000] {processor.py:839} INFO - DAG(s) dict_keys(['example_branch_dop_operator_v3']) retrieved from /home/airflow/.local/lib/python3.8/site-packages/airflow/example_dags/example_branch_python_dop_operator_3.py
[2024-04-27T14:03:10.576+0000] {logging_mixin.py:151} INFO - [2024-04-27T14:03:10.576+0000] {manager.py:501} INFO - Created Permission View: can read on DAG:example_branch_dop_operator_v3
[2024-04-27T14:03:10.624+0000] {logging_mixin.py:151} INFO - [2024-04-27T14:03:10.624+0000] {manager.py:501} INFO - Created Permission View: can edit on DAG:example_branch_dop_operator_v3
[2024-04-27T14:03:10.658+0000] {logging_mixin.py:151} INFO - [2024-04-27T14:03:10.657+0000] {manager.py:501} INFO - Created Permission View: can delete on DAG:example_branch_dop_operator_v3
[2024-04-27T14:03:10.717+0000] {logging_mixin.py:151} INFO - [2024-04-27T14:03:10.717+0000] {dag.py:2907} INFO - Sync 1 DAGs
[2024-04-27T14:03:10.769+0000] {logging_mixin.py:151} INFO - [2024-04-27T14:03:10.769+0000] {dag.py:2929} INFO - Creating ORM DAG for example_branch_dop_operator_v3
[2024-04-27T14:03:10.852+0000] {logging_mixin.py:151} INFO - [2024-04-27T14:03:10.852+0000] {dag.py:3677} INFO - Setting next_dagrun for example_branch_dop_operator_v3 to 2024-04-27T14:02:00+00:00, run_after=2024-04-27T14:03:00+00:00
[2024-04-27T14:03:10.935+0000] {processor.py:179} INFO - Processing /home/airflow/.local/lib/python3.8/site-packages/airflow/example_dags/example_branch_python_dop_operator_3.py took 1.680 seconds
[2024-04-27T14:03:41.774+0000] {processor.py:157} INFO - Started process (PID=111) to work on /home/airflow/.local/lib/python3.8/site-packages/airflow/example_dags/example_branch_python_dop_operator_3.py
[2024-04-27T14:03:41.782+0000] {processor.py:829} INFO - Processing file /home/airflow/.local/lib/python3.8/site-packages/airflow/example_dags/example_branch_python_dop_operator_3.py for tasks to queue
[2024-04-27T14:03:41.795+0000] {logging_mixin.py:151} INFO - [2024-04-27T14:03:41.786+0000] {dagbag.py:539} INFO - Filling up the DagBag from /home/airflow/.local/lib/python3.8/site-packages/airflow/example_dags/example_branch_python_dop_operator_3.py
[2024-04-27T14:03:41.819+0000] {processor.py:839} INFO - DAG(s) dict_keys(['example_branch_dop_operator_v3']) retrieved from /home/airflow/.local/lib/python3.8/site-packages/airflow/example_dags/example_branch_python_dop_operator_3.py
[2024-04-27T14:03:41.874+0000] {logging_mixin.py:151} INFO - [2024-04-27T14:03:41.874+0000] {dag.py:2907} INFO - Sync 1 DAGs
[2024-04-27T14:03:42.007+0000] {logging_mixin.py:151} INFO - [2024-04-27T14:03:42.007+0000] {dag.py:3677} INFO - Setting next_dagrun for example_branch_dop_operator_v3 to 2024-04-27T14:02:00+00:00, run_after=2024-04-27T14:03:00+00:00
[2024-04-27T14:03:42.070+0000] {processor.py:179} INFO - Processing /home/airflow/.local/lib/python3.8/site-packages/airflow/example_dags/example_branch_python_dop_operator_3.py took 0.301 seconds
[2024-04-27T14:04:12.968+0000] {processor.py:157} INFO - Started process (PID=174) to work on /home/airflow/.local/lib/python3.8/site-packages/airflow/example_dags/example_branch_python_dop_operator_3.py
[2024-04-27T14:04:12.970+0000] {processor.py:829} INFO - Processing file /home/airflow/.local/lib/python3.8/site-packages/airflow/example_dags/example_branch_python_dop_operator_3.py for tasks to queue
[2024-04-27T14:04:12.972+0000] {logging_mixin.py:151} INFO - [2024-04-27T14:04:12.972+0000] {dagbag.py:539} INFO - Filling up the DagBag from /home/airflow/.local/lib/python3.8/site-packages/airflow/example_dags/example_branch_python_dop_operator_3.py
[2024-04-27T14:04:12.986+0000] {processor.py:839} INFO - DAG(s) dict_keys(['example_branch_dop_operator_v3']) retrieved from /home/airflow/.local/lib/python3.8/site-packages/airflow/example_dags/example_branch_python_dop_operator_3.py
[2024-04-27T14:04:13.011+0000] {logging_mixin.py:151} INFO - [2024-04-27T14:04:13.011+0000] {dag.py:2907} INFO - Sync 1 DAGs
[2024-04-27T14:04:13.052+0000] {logging_mixin.py:151} INFO - [2024-04-27T14:04:13.051+0000] {dag.py:3677} INFO - Setting next_dagrun for example_branch_dop_operator_v3 to 2024-04-27T14:03:00+00:00, run_after=2024-04-27T14:04:00+00:00
[2024-04-27T14:04:13.078+0000] {processor.py:179} INFO - Processing /home/airflow/.local/lib/python3.8/site-packages/airflow/example_dags/example_branch_python_dop_operator_3.py took 0.115 seconds
[2024-04-27T14:04:43.304+0000] {processor.py:157} INFO - Started process (PID=237) to work on /home/airflow/.local/lib/python3.8/site-packages/airflow/example_dags/example_branch_python_dop_operator_3.py
[2024-04-27T14:04:43.305+0000] {processor.py:829} INFO - Processing file /home/airflow/.local/lib/python3.8/site-packages/airflow/example_dags/example_branch_python_dop_operator_3.py for tasks to queue
[2024-04-27T14:04:43.309+0000] {logging_mixin.py:151} INFO - [2024-04-27T14:04:43.308+0000] {dagbag.py:539} INFO - Filling up the DagBag from /home/airflow/.local/lib/python3.8/site-packages/airflow/example_dags/example_branch_python_dop_operator_3.py
[2024-04-27T14:04:43.326+0000] {processor.py:839} INFO - DAG(s) dict_keys(['example_branch_dop_operator_v3']) retrieved from /home/airflow/.local/lib/python3.8/site-packages/airflow/example_dags/example_branch_python_dop_operator_3.py
[2024-04-27T14:04:43.361+0000] {logging_mixin.py:151} INFO - [2024-04-27T14:04:43.361+0000] {dag.py:2907} INFO - Sync 1 DAGs
[2024-04-27T14:04:43.409+0000] {logging_mixin.py:151} INFO - [2024-04-27T14:04:43.409+0000] {dag.py:3677} INFO - Setting next_dagrun for example_branch_dop_operator_v3 to 2024-04-27T14:03:00+00:00, run_after=2024-04-27T14:04:00+00:00
[2024-04-27T14:04:43.430+0000] {processor.py:179} INFO - Processing /home/airflow/.local/lib/python3.8/site-packages/airflow/example_dags/example_branch_python_dop_operator_3.py took 0.130 seconds
[2024-04-27T14:05:13.620+0000] {processor.py:157} INFO - Started process (PID=300) to work on /home/airflow/.local/lib/python3.8/site-packages/airflow/example_dags/example_branch_python_dop_operator_3.py
[2024-04-27T14:05:13.624+0000] {processor.py:829} INFO - Processing file /home/airflow/.local/lib/python3.8/site-packages/airflow/example_dags/example_branch_python_dop_operator_3.py for tasks to queue
[2024-04-27T14:05:13.634+0000] {logging_mixin.py:151} INFO - [2024-04-27T14:05:13.632+0000] {dagbag.py:539} INFO - Filling up the DagBag from /home/airflow/.local/lib/python3.8/site-packages/airflow/example_dags/example_branch_python_dop_operator_3.py
[2024-04-27T14:05:13.659+0000] {processor.py:839} INFO - DAG(s) dict_keys(['example_branch_dop_operator_v3']) retrieved from /home/airflow/.local/lib/python3.8/site-packages/airflow/example_dags/example_branch_python_dop_operator_3.py
[2024-04-27T14:05:13.693+0000] {logging_mixin.py:151} INFO - [2024-04-27T14:05:13.692+0000] {dag.py:2907} INFO - Sync 1 DAGs
[2024-04-27T14:05:13.746+0000] {logging_mixin.py:151} INFO - [2024-04-27T14:05:13.745+0000] {dag.py:3677} INFO - Setting next_dagrun for example_branch_dop_operator_v3 to 2024-04-27T14:04:00+00:00, run_after=2024-04-27T14:05:00+00:00
[2024-04-27T14:05:13.774+0000] {processor.py:179} INFO - Processing /home/airflow/.local/lib/python3.8/site-packages/airflow/example_dags/example_branch_python_dop_operator_3.py took 0.172 seconds
[2024-04-27T14:05:44.000+0000] {processor.py:157} INFO - Started process (PID=373) to work on /home/airflow/.local/lib/python3.8/site-packages/airflow/example_dags/example_branch_python_dop_operator_3.py
[2024-04-27T14:05:44.001+0000] {processor.py:829} INFO - Processing file /home/airflow/.local/lib/python3.8/site-packages/airflow/example_dags/example_branch_python_dop_operator_3.py for tasks to queue
[2024-04-27T14:05:44.004+0000] {logging_mixin.py:151} INFO - [2024-04-27T14:05:44.004+0000] {dagbag.py:539} INFO - Filling up the DagBag from /home/airflow/.local/lib/python3.8/site-packages/airflow/example_dags/example_branch_python_dop_operator_3.py
[2024-04-27T14:05:44.020+0000] {processor.py:839} INFO - DAG(s) dict_keys(['example_branch_dop_operator_v3']) retrieved from /home/airflow/.local/lib/python3.8/site-packages/airflow/example_dags/example_branch_python_dop_operator_3.py
[2024-04-27T14:05:44.058+0000] {logging_mixin.py:151} INFO - [2024-04-27T14:05:44.058+0000] {dag.py:2907} INFO - Sync 1 DAGs
[2024-04-27T14:05:44.112+0000] {logging_mixin.py:151} INFO - [2024-04-27T14:05:44.111+0000] {dag.py:3677} INFO - Setting next_dagrun for example_branch_dop_operator_v3 to 2024-04-27T14:04:00+00:00, run_after=2024-04-27T14:05:00+00:00
[2024-04-27T14:05:44.143+0000] {processor.py:179} INFO - Processing /home/airflow/.local/lib/python3.8/site-packages/airflow/example_dags/example_branch_python_dop_operator_3.py took 0.148 seconds
[2024-04-27T14:06:14.336+0000] {processor.py:157} INFO - Started process (PID=436) to work on /home/airflow/.local/lib/python3.8/site-packages/airflow/example_dags/example_branch_python_dop_operator_3.py
[2024-04-27T14:06:14.337+0000] {processor.py:829} INFO - Processing file /home/airflow/.local/lib/python3.8/site-packages/airflow/example_dags/example_branch_python_dop_operator_3.py for tasks to queue
[2024-04-27T14:06:14.341+0000] {logging_mixin.py:151} INFO - [2024-04-27T14:06:14.340+0000] {dagbag.py:539} INFO - Filling up the DagBag from /home/airflow/.local/lib/python3.8/site-packages/airflow/example_dags/example_branch_python_dop_operator_3.py
[2024-04-27T14:06:14.353+0000] {processor.py:839} INFO - DAG(s) dict_keys(['example_branch_dop_operator_v3']) retrieved from /home/airflow/.local/lib/python3.8/site-packages/airflow/example_dags/example_branch_python_dop_operator_3.py
[2024-04-27T14:06:14.382+0000] {logging_mixin.py:151} INFO - [2024-04-27T14:06:14.382+0000] {dag.py:2907} INFO - Sync 1 DAGs
[2024-04-27T14:06:14.421+0000] {logging_mixin.py:151} INFO - [2024-04-27T14:06:14.421+0000] {dag.py:3677} INFO - Setting next_dagrun for example_branch_dop_operator_v3 to 2024-04-27T14:05:00+00:00, run_after=2024-04-27T14:06:00+00:00
[2024-04-27T14:06:14.468+0000] {processor.py:179} INFO - Processing /home/airflow/.local/lib/python3.8/site-packages/airflow/example_dags/example_branch_python_dop_operator_3.py took 0.138 seconds
[2024-04-27T14:06:44.741+0000] {processor.py:157} INFO - Started process (PID=500) to work on /home/airflow/.local/lib/python3.8/site-packages/airflow/example_dags/example_branch_python_dop_operator_3.py
[2024-04-27T14:06:44.742+0000] {processor.py:829} INFO - Processing file /home/airflow/.local/lib/python3.8/site-packages/airflow/example_dags/example_branch_python_dop_operator_3.py for tasks to queue
[2024-04-27T14:06:44.744+0000] {logging_mixin.py:151} INFO - [2024-04-27T14:06:44.744+0000] {dagbag.py:539} INFO - Filling up the DagBag from /home/airflow/.local/lib/python3.8/site-packages/airflow/example_dags/example_branch_python_dop_operator_3.py
[2024-04-27T14:06:44.756+0000] {processor.py:839} INFO - DAG(s) dict_keys(['example_branch_dop_operator_v3']) retrieved from /home/airflow/.local/lib/python3.8/site-packages/airflow/example_dags/example_branch_python_dop_operator_3.py
[2024-04-27T14:06:44.784+0000] {logging_mixin.py:151} INFO - [2024-04-27T14:06:44.784+0000] {dag.py:2907} INFO - Sync 1 DAGs
[2024-04-27T14:06:44.824+0000] {logging_mixin.py:151} INFO - [2024-04-27T14:06:44.824+0000] {dag.py:3677} INFO - Setting next_dagrun for example_branch_dop_operator_v3 to 2024-04-27T14:05:00+00:00, run_after=2024-04-27T14:06:00+00:00
[2024-04-27T14:06:44.845+0000] {processor.py:179} INFO - Processing /home/airflow/.local/lib/python3.8/site-packages/airflow/example_dags/example_branch_python_dop_operator_3.py took 0.108 seconds
[2024-04-27T14:07:15.028+0000] {processor.py:157} INFO - Started process (PID=572) to work on /home/airflow/.local/lib/python3.8/site-packages/airflow/example_dags/example_branch_python_dop_operator_3.py
[2024-04-27T14:07:15.029+0000] {processor.py:829} INFO - Processing file /home/airflow/.local/lib/python3.8/site-packages/airflow/example_dags/example_branch_python_dop_operator_3.py for tasks to queue
[2024-04-27T14:07:15.033+0000] {logging_mixin.py:151} INFO - [2024-04-27T14:07:15.032+0000] {dagbag.py:539} INFO - Filling up the DagBag from /home/airflow/.local/lib/python3.8/site-packages/airflow/example_dags/example_branch_python_dop_operator_3.py
[2024-04-27T14:07:15.050+0000] {processor.py:839} INFO - DAG(s) dict_keys(['example_branch_dop_operator_v3']) retrieved from /home/airflow/.local/lib/python3.8/site-packages/airflow/example_dags/example_branch_python_dop_operator_3.py
[2024-04-27T14:07:15.087+0000] {logging_mixin.py:151} INFO - [2024-04-27T14:07:15.087+0000] {dag.py:2907} INFO - Sync 1 DAGs
[2024-04-27T14:07:15.140+0000] {logging_mixin.py:151} INFO - [2024-04-27T14:07:15.140+0000] {dag.py:3677} INFO - Setting next_dagrun for example_branch_dop_operator_v3 to 2024-04-27T14:06:00+00:00, run_after=2024-04-27T14:07:00+00:00
[2024-04-27T14:07:15.172+0000] {processor.py:179} INFO - Processing /home/airflow/.local/lib/python3.8/site-packages/airflow/example_dags/example_branch_python_dop_operator_3.py took 0.152 seconds
[2024-04-27T14:07:45.444+0000] {processor.py:157} INFO - Started process (PID=637) to work on /home/airflow/.local/lib/python3.8/site-packages/airflow/example_dags/example_branch_python_dop_operator_3.py
[2024-04-27T14:07:45.445+0000] {processor.py:829} INFO - Processing file /home/airflow/.local/lib/python3.8/site-packages/airflow/example_dags/example_branch_python_dop_operator_3.py for tasks to queue
[2024-04-27T14:07:45.447+0000] {logging_mixin.py:151} INFO - [2024-04-27T14:07:45.447+0000] {dagbag.py:539} INFO - Filling up the DagBag from /home/airflow/.local/lib/python3.8/site-packages/airflow/example_dags/example_branch_python_dop_operator_3.py
[2024-04-27T14:07:45.459+0000] {processor.py:839} INFO - DAG(s) dict_keys(['example_branch_dop_operator_v3']) retrieved from /home/airflow/.local/lib/python3.8/site-packages/airflow/example_dags/example_branch_python_dop_operator_3.py
[2024-04-27T14:07:45.489+0000] {logging_mixin.py:151} INFO - [2024-04-27T14:07:45.489+0000] {dag.py:2907} INFO - Sync 1 DAGs
[2024-04-27T14:07:45.537+0000] {logging_mixin.py:151} INFO - [2024-04-27T14:07:45.537+0000] {dag.py:3677} INFO - Setting next_dagrun for example_branch_dop_operator_v3 to 2024-04-27T14:06:00+00:00, run_after=2024-04-27T14:07:00+00:00
[2024-04-27T14:07:45.566+0000] {processor.py:179} INFO - Processing /home/airflow/.local/lib/python3.8/site-packages/airflow/example_dags/example_branch_python_dop_operator_3.py took 0.128 seconds
[2024-04-27T14:11:38.970+0000] {processor.py:157} INFO - Started process (PID=41) to work on /home/airflow/.local/lib/python3.8/site-packages/airflow/example_dags/example_branch_python_dop_operator_3.py
[2024-04-27T14:11:38.972+0000] {processor.py:829} INFO - Processing file /home/airflow/.local/lib/python3.8/site-packages/airflow/example_dags/example_branch_python_dop_operator_3.py for tasks to queue
[2024-04-27T14:11:38.975+0000] {logging_mixin.py:151} INFO - [2024-04-27T14:11:38.974+0000] {dagbag.py:539} INFO - Filling up the DagBag from /home/airflow/.local/lib/python3.8/site-packages/airflow/example_dags/example_branch_python_dop_operator_3.py
[2024-04-27T14:11:38.996+0000] {processor.py:839} INFO - DAG(s) dict_keys(['example_branch_dop_operator_v3']) retrieved from /home/airflow/.local/lib/python3.8/site-packages/airflow/example_dags/example_branch_python_dop_operator_3.py
[2024-04-27T14:11:39.029+0000] {logging_mixin.py:151} INFO - [2024-04-27T14:11:39.029+0000] {dag.py:2907} INFO - Sync 1 DAGs
[2024-04-27T14:11:39.227+0000] {logging_mixin.py:151} INFO - [2024-04-27T14:11:39.227+0000] {dag.py:3677} INFO - Setting next_dagrun for example_branch_dop_operator_v3 to 2024-04-27T14:10:00+00:00, run_after=2024-04-27T14:11:00+00:00
[2024-04-27T14:11:39.255+0000] {processor.py:179} INFO - Processing /home/airflow/.local/lib/python3.8/site-packages/airflow/example_dags/example_branch_python_dop_operator_3.py took 0.290 seconds
[2024-04-27T14:12:09.721+0000] {processor.py:157} INFO - Started process (PID=102) to work on /home/airflow/.local/lib/python3.8/site-packages/airflow/example_dags/example_branch_python_dop_operator_3.py
[2024-04-27T14:12:09.721+0000] {processor.py:829} INFO - Processing file /home/airflow/.local/lib/python3.8/site-packages/airflow/example_dags/example_branch_python_dop_operator_3.py for tasks to queue
[2024-04-27T14:12:09.724+0000] {logging_mixin.py:151} INFO - [2024-04-27T14:12:09.723+0000] {dagbag.py:539} INFO - Filling up the DagBag from /home/airflow/.local/lib/python3.8/site-packages/airflow/example_dags/example_branch_python_dop_operator_3.py
[2024-04-27T14:12:09.735+0000] {processor.py:839} INFO - DAG(s) dict_keys(['example_branch_dop_operator_v3']) retrieved from /home/airflow/.local/lib/python3.8/site-packages/airflow/example_dags/example_branch_python_dop_operator_3.py
[2024-04-27T14:12:09.759+0000] {logging_mixin.py:151} INFO - [2024-04-27T14:12:09.759+0000] {dag.py:2907} INFO - Sync 1 DAGs
[2024-04-27T14:12:09.806+0000] {logging_mixin.py:151} INFO - [2024-04-27T14:12:09.806+0000] {dag.py:3677} INFO - Setting next_dagrun for example_branch_dop_operator_v3 to 2024-04-27T14:11:00+00:00, run_after=2024-04-27T14:12:00+00:00
[2024-04-27T14:12:09.839+0000] {processor.py:179} INFO - Processing /home/airflow/.local/lib/python3.8/site-packages/airflow/example_dags/example_branch_python_dop_operator_3.py took 0.122 seconds
[2024-04-27T14:12:40.008+0000] {processor.py:157} INFO - Started process (PID=172) to work on /home/airflow/.local/lib/python3.8/site-packages/airflow/example_dags/example_branch_python_dop_operator_3.py
[2024-04-27T14:12:40.009+0000] {processor.py:829} INFO - Processing file /home/airflow/.local/lib/python3.8/site-packages/airflow/example_dags/example_branch_python_dop_operator_3.py for tasks to queue
[2024-04-27T14:12:40.013+0000] {logging_mixin.py:151} INFO - [2024-04-27T14:12:40.013+0000] {dagbag.py:539} INFO - Filling up the DagBag from /home/airflow/.local/lib/python3.8/site-packages/airflow/example_dags/example_branch_python_dop_operator_3.py
[2024-04-27T14:12:40.029+0000] {processor.py:839} INFO - DAG(s) dict_keys(['example_branch_dop_operator_v3']) retrieved from /home/airflow/.local/lib/python3.8/site-packages/airflow/example_dags/example_branch_python_dop_operator_3.py
[2024-04-27T14:12:40.061+0000] {logging_mixin.py:151} INFO - [2024-04-27T14:12:40.061+0000] {dag.py:2907} INFO - Sync 1 DAGs
[2024-04-27T14:12:40.113+0000] {logging_mixin.py:151} INFO - [2024-04-27T14:12:40.112+0000] {dag.py:3677} INFO - Setting next_dagrun for example_branch_dop_operator_v3 to 2024-04-27T14:11:00+00:00, run_after=2024-04-27T14:12:00+00:00
[2024-04-27T14:12:40.155+0000] {processor.py:179} INFO - Processing /home/airflow/.local/lib/python3.8/site-packages/airflow/example_dags/example_branch_python_dop_operator_3.py took 0.152 seconds
[2024-04-27T14:13:10.416+0000] {processor.py:157} INFO - Started process (PID=235) to work on /home/airflow/.local/lib/python3.8/site-packages/airflow/example_dags/example_branch_python_dop_operator_3.py
[2024-04-27T14:13:10.417+0000] {processor.py:829} INFO - Processing file /home/airflow/.local/lib/python3.8/site-packages/airflow/example_dags/example_branch_python_dop_operator_3.py for tasks to queue
[2024-04-27T14:13:10.420+0000] {logging_mixin.py:151} INFO - [2024-04-27T14:13:10.419+0000] {dagbag.py:539} INFO - Filling up the DagBag from /home/airflow/.local/lib/python3.8/site-packages/airflow/example_dags/example_branch_python_dop_operator_3.py
[2024-04-27T14:13:10.434+0000] {processor.py:839} INFO - DAG(s) dict_keys(['example_branch_dop_operator_v3']) retrieved from /home/airflow/.local/lib/python3.8/site-packages/airflow/example_dags/example_branch_python_dop_operator_3.py
[2024-04-27T14:13:10.459+0000] {logging_mixin.py:151} INFO - [2024-04-27T14:13:10.459+0000] {dag.py:2907} INFO - Sync 1 DAGs
[2024-04-27T14:13:10.493+0000] {logging_mixin.py:151} INFO - [2024-04-27T14:13:10.492+0000] {dag.py:3677} INFO - Setting next_dagrun for example_branch_dop_operator_v3 to 2024-04-27T14:12:00+00:00, run_after=2024-04-27T14:13:00+00:00
[2024-04-27T14:13:10.513+0000] {processor.py:179} INFO - Processing /home/airflow/.local/lib/python3.8/site-packages/airflow/example_dags/example_branch_python_dop_operator_3.py took 0.102 seconds
[2024-04-27T14:13:40.807+0000] {processor.py:157} INFO - Started process (PID=297) to work on /home/airflow/.local/lib/python3.8/site-packages/airflow/example_dags/example_branch_python_dop_operator_3.py
[2024-04-27T14:13:40.808+0000] {processor.py:829} INFO - Processing file /home/airflow/.local/lib/python3.8/site-packages/airflow/example_dags/example_branch_python_dop_operator_3.py for tasks to queue
[2024-04-27T14:13:40.811+0000] {logging_mixin.py:151} INFO - [2024-04-27T14:13:40.811+0000] {dagbag.py:539} INFO - Filling up the DagBag from /home/airflow/.local/lib/python3.8/site-packages/airflow/example_dags/example_branch_python_dop_operator_3.py
[2024-04-27T14:13:40.826+0000] {processor.py:839} INFO - DAG(s) dict_keys(['example_branch_dop_operator_v3']) retrieved from /home/airflow/.local/lib/python3.8/site-packages/airflow/example_dags/example_branch_python_dop_operator_3.py
[2024-04-27T14:13:40.859+0000] {logging_mixin.py:151} INFO - [2024-04-27T14:13:40.858+0000] {dag.py:2907} INFO - Sync 1 DAGs
[2024-04-27T14:13:40.913+0000] {logging_mixin.py:151} INFO - [2024-04-27T14:13:40.913+0000] {dag.py:3677} INFO - Setting next_dagrun for example_branch_dop_operator_v3 to 2024-04-27T14:12:00+00:00, run_after=2024-04-27T14:13:00+00:00
[2024-04-27T14:13:40.942+0000] {processor.py:179} INFO - Processing /home/airflow/.local/lib/python3.8/site-packages/airflow/example_dags/example_branch_python_dop_operator_3.py took 0.140 seconds
[2024-04-27T14:14:11.169+0000] {processor.py:157} INFO - Started process (PID=361) to work on /home/airflow/.local/lib/python3.8/site-packages/airflow/example_dags/example_branch_python_dop_operator_3.py
[2024-04-27T14:14:11.170+0000] {processor.py:829} INFO - Processing file /home/airflow/.local/lib/python3.8/site-packages/airflow/example_dags/example_branch_python_dop_operator_3.py for tasks to queue
[2024-04-27T14:14:11.173+0000] {logging_mixin.py:151} INFO - [2024-04-27T14:14:11.172+0000] {dagbag.py:539} INFO - Filling up the DagBag from /home/airflow/.local/lib/python3.8/site-packages/airflow/example_dags/example_branch_python_dop_operator_3.py
[2024-04-27T14:14:11.185+0000] {processor.py:839} INFO - DAG(s) dict_keys(['example_branch_dop_operator_v3']) retrieved from /home/airflow/.local/lib/python3.8/site-packages/airflow/example_dags/example_branch_python_dop_operator_3.py
[2024-04-27T14:14:11.215+0000] {logging_mixin.py:151} INFO - [2024-04-27T14:14:11.215+0000] {dag.py:2907} INFO - Sync 1 DAGs
[2024-04-27T14:14:11.253+0000] {logging_mixin.py:151} INFO - [2024-04-27T14:14:11.253+0000] {dag.py:3677} INFO - Setting next_dagrun for example_branch_dop_operator_v3 to 2024-04-27T14:13:00+00:00, run_after=2024-04-27T14:14:00+00:00
[2024-04-27T14:14:11.282+0000] {processor.py:179} INFO - Processing /home/airflow/.local/lib/python3.8/site-packages/airflow/example_dags/example_branch_python_dop_operator_3.py took 0.117 seconds
[2024-04-27T14:14:41.424+0000] {processor.py:157} INFO - Started process (PID=433) to work on /home/airflow/.local/lib/python3.8/site-packages/airflow/example_dags/example_branch_python_dop_operator_3.py
[2024-04-27T14:14:41.427+0000] {processor.py:829} INFO - Processing file /home/airflow/.local/lib/python3.8/site-packages/airflow/example_dags/example_branch_python_dop_operator_3.py for tasks to queue
[2024-04-27T14:14:41.432+0000] {logging_mixin.py:151} INFO - [2024-04-27T14:14:41.432+0000] {dagbag.py:539} INFO - Filling up the DagBag from /home/airflow/.local/lib/python3.8/site-packages/airflow/example_dags/example_branch_python_dop_operator_3.py
[2024-04-27T14:14:41.469+0000] {processor.py:839} INFO - DAG(s) dict_keys(['example_branch_dop_operator_v3']) retrieved from /home/airflow/.local/lib/python3.8/site-packages/airflow/example_dags/example_branch_python_dop_operator_3.py
[2024-04-27T14:14:41.515+0000] {logging_mixin.py:151} INFO - [2024-04-27T14:14:41.515+0000] {dag.py:2907} INFO - Sync 1 DAGs
[2024-04-27T14:14:41.569+0000] {logging_mixin.py:151} INFO - [2024-04-27T14:14:41.569+0000] {dag.py:3677} INFO - Setting next_dagrun for example_branch_dop_operator_v3 to 2024-04-27T14:13:00+00:00, run_after=2024-04-27T14:14:00+00:00
[2024-04-27T14:14:41.658+0000] {processor.py:179} INFO - Processing /home/airflow/.local/lib/python3.8/site-packages/airflow/example_dags/example_branch_python_dop_operator_3.py took 0.246 seconds
[2024-04-27T14:15:11.757+0000] {processor.py:157} INFO - Started process (PID=497) to work on /home/airflow/.local/lib/python3.8/site-packages/airflow/example_dags/example_branch_python_dop_operator_3.py
[2024-04-27T14:15:11.758+0000] {processor.py:829} INFO - Processing file /home/airflow/.local/lib/python3.8/site-packages/airflow/example_dags/example_branch_python_dop_operator_3.py for tasks to queue
[2024-04-27T14:15:11.761+0000] {logging_mixin.py:151} INFO - [2024-04-27T14:15:11.761+0000] {dagbag.py:539} INFO - Filling up the DagBag from /home/airflow/.local/lib/python3.8/site-packages/airflow/example_dags/example_branch_python_dop_operator_3.py
[2024-04-27T14:15:11.772+0000] {processor.py:839} INFO - DAG(s) dict_keys(['example_branch_dop_operator_v3']) retrieved from /home/airflow/.local/lib/python3.8/site-packages/airflow/example_dags/example_branch_python_dop_operator_3.py
[2024-04-27T14:15:11.795+0000] {logging_mixin.py:151} INFO - [2024-04-27T14:15:11.795+0000] {dag.py:2907} INFO - Sync 1 DAGs
[2024-04-27T14:15:11.829+0000] {logging_mixin.py:151} INFO - [2024-04-27T14:15:11.828+0000] {dag.py:3677} INFO - Setting next_dagrun for example_branch_dop_operator_v3 to 2024-04-27T14:14:00+00:00, run_after=2024-04-27T14:15:00+00:00
[2024-04-27T14:15:11.851+0000] {processor.py:179} INFO - Processing /home/airflow/.local/lib/python3.8/site-packages/airflow/example_dags/example_branch_python_dop_operator_3.py took 0.099 seconds
[2024-04-27T14:15:42.334+0000] {processor.py:157} INFO - Started process (PID=563) to work on /home/airflow/.local/lib/python3.8/site-packages/airflow/example_dags/example_branch_python_dop_operator_3.py
[2024-04-27T14:15:42.335+0000] {processor.py:829} INFO - Processing file /home/airflow/.local/lib/python3.8/site-packages/airflow/example_dags/example_branch_python_dop_operator_3.py for tasks to queue
[2024-04-27T14:15:42.337+0000] {logging_mixin.py:151} INFO - [2024-04-27T14:15:42.337+0000] {dagbag.py:539} INFO - Filling up the DagBag from /home/airflow/.local/lib/python3.8/site-packages/airflow/example_dags/example_branch_python_dop_operator_3.py
[2024-04-27T14:15:42.348+0000] {processor.py:839} INFO - DAG(s) dict_keys(['example_branch_dop_operator_v3']) retrieved from /home/airflow/.local/lib/python3.8/site-packages/airflow/example_dags/example_branch_python_dop_operator_3.py
[2024-04-27T14:15:42.372+0000] {logging_mixin.py:151} INFO - [2024-04-27T14:15:42.372+0000] {dag.py:2907} INFO - Sync 1 DAGs
[2024-04-27T14:15:42.408+0000] {logging_mixin.py:151} INFO - [2024-04-27T14:15:42.408+0000] {dag.py:3677} INFO - Setting next_dagrun for example_branch_dop_operator_v3 to 2024-04-27T14:14:00+00:00, run_after=2024-04-27T14:15:00+00:00
[2024-04-27T14:15:42.430+0000] {processor.py:179} INFO - Processing /home/airflow/.local/lib/python3.8/site-packages/airflow/example_dags/example_branch_python_dop_operator_3.py took 0.100 seconds
[2024-04-27T14:16:12.837+0000] {processor.py:157} INFO - Started process (PID=626) to work on /home/airflow/.local/lib/python3.8/site-packages/airflow/example_dags/example_branch_python_dop_operator_3.py
[2024-04-27T14:16:12.838+0000] {processor.py:829} INFO - Processing file /home/airflow/.local/lib/python3.8/site-packages/airflow/example_dags/example_branch_python_dop_operator_3.py for tasks to queue
[2024-04-27T14:16:12.842+0000] {logging_mixin.py:151} INFO - [2024-04-27T14:16:12.841+0000] {dagbag.py:539} INFO - Filling up the DagBag from /home/airflow/.local/lib/python3.8/site-packages/airflow/example_dags/example_branch_python_dop_operator_3.py
[2024-04-27T14:16:12.861+0000] {processor.py:839} INFO - DAG(s) dict_keys(['example_branch_dop_operator_v3']) retrieved from /home/airflow/.local/lib/python3.8/site-packages/airflow/example_dags/example_branch_python_dop_operator_3.py
[2024-04-27T14:16:12.898+0000] {logging_mixin.py:151} INFO - [2024-04-27T14:16:12.898+0000] {dag.py:2907} INFO - Sync 1 DAGs
[2024-04-27T14:16:12.957+0000] {logging_mixin.py:151} INFO - [2024-04-27T14:16:12.955+0000] {dag.py:3677} INFO - Setting next_dagrun for example_branch_dop_operator_v3 to 2024-04-27T14:15:00+00:00, run_after=2024-04-27T14:16:00+00:00
[2024-04-27T14:16:12.993+0000] {processor.py:179} INFO - Processing /home/airflow/.local/lib/python3.8/site-packages/airflow/example_dags/example_branch_python_dop_operator_3.py took 0.163 seconds
[2024-04-27T14:16:43.531+0000] {processor.py:157} INFO - Started process (PID=699) to work on /home/airflow/.local/lib/python3.8/site-packages/airflow/example_dags/example_branch_python_dop_operator_3.py
[2024-04-27T14:16:43.532+0000] {processor.py:829} INFO - Processing file /home/airflow/.local/lib/python3.8/site-packages/airflow/example_dags/example_branch_python_dop_operator_3.py for tasks to queue
[2024-04-27T14:16:43.536+0000] {logging_mixin.py:151} INFO - [2024-04-27T14:16:43.536+0000] {dagbag.py:539} INFO - Filling up the DagBag from /home/airflow/.local/lib/python3.8/site-packages/airflow/example_dags/example_branch_python_dop_operator_3.py
[2024-04-27T14:16:43.551+0000] {processor.py:839} INFO - DAG(s) dict_keys(['example_branch_dop_operator_v3']) retrieved from /home/airflow/.local/lib/python3.8/site-packages/airflow/example_dags/example_branch_python_dop_operator_3.py
[2024-04-27T14:16:43.589+0000] {logging_mixin.py:151} INFO - [2024-04-27T14:16:43.589+0000] {dag.py:2907} INFO - Sync 1 DAGs
[2024-04-27T14:16:43.643+0000] {logging_mixin.py:151} INFO - [2024-04-27T14:16:43.643+0000] {dag.py:3677} INFO - Setting next_dagrun for example_branch_dop_operator_v3 to 2024-04-27T14:15:00+00:00, run_after=2024-04-27T14:16:00+00:00
[2024-04-27T14:16:43.695+0000] {processor.py:179} INFO - Processing /home/airflow/.local/lib/python3.8/site-packages/airflow/example_dags/example_branch_python_dop_operator_3.py took 0.169 seconds
[2024-04-27T14:17:13.889+0000] {processor.py:157} INFO - Started process (PID=763) to work on /home/airflow/.local/lib/python3.8/site-packages/airflow/example_dags/example_branch_python_dop_operator_3.py
[2024-04-27T14:17:13.890+0000] {processor.py:829} INFO - Processing file /home/airflow/.local/lib/python3.8/site-packages/airflow/example_dags/example_branch_python_dop_operator_3.py for tasks to queue
[2024-04-27T14:17:13.893+0000] {logging_mixin.py:151} INFO - [2024-04-27T14:17:13.893+0000] {dagbag.py:539} INFO - Filling up the DagBag from /home/airflow/.local/lib/python3.8/site-packages/airflow/example_dags/example_branch_python_dop_operator_3.py
[2024-04-27T14:17:13.910+0000] {processor.py:839} INFO - DAG(s) dict_keys(['example_branch_dop_operator_v3']) retrieved from /home/airflow/.local/lib/python3.8/site-packages/airflow/example_dags/example_branch_python_dop_operator_3.py
[2024-04-27T14:17:13.944+0000] {logging_mixin.py:151} INFO - [2024-04-27T14:17:13.944+0000] {dag.py:2907} INFO - Sync 1 DAGs
[2024-04-27T14:17:14.002+0000] {logging_mixin.py:151} INFO - [2024-04-27T14:17:14.002+0000] {dag.py:3677} INFO - Setting next_dagrun for example_branch_dop_operator_v3 to 2024-04-27T14:16:00+00:00, run_after=2024-04-27T14:17:00+00:00
[2024-04-27T14:17:14.036+0000] {processor.py:179} INFO - Processing /home/airflow/.local/lib/python3.8/site-packages/airflow/example_dags/example_branch_python_dop_operator_3.py took 0.153 seconds
[2024-04-27T14:17:44.275+0000] {processor.py:157} INFO - Started process (PID=827) to work on /home/airflow/.local/lib/python3.8/site-packages/airflow/example_dags/example_branch_python_dop_operator_3.py
[2024-04-27T14:17:44.276+0000] {processor.py:829} INFO - Processing file /home/airflow/.local/lib/python3.8/site-packages/airflow/example_dags/example_branch_python_dop_operator_3.py for tasks to queue
[2024-04-27T14:17:44.281+0000] {logging_mixin.py:151} INFO - [2024-04-27T14:17:44.280+0000] {dagbag.py:539} INFO - Filling up the DagBag from /home/airflow/.local/lib/python3.8/site-packages/airflow/example_dags/example_branch_python_dop_operator_3.py
[2024-04-27T14:17:44.296+0000] {processor.py:839} INFO - DAG(s) dict_keys(['example_branch_dop_operator_v3']) retrieved from /home/airflow/.local/lib/python3.8/site-packages/airflow/example_dags/example_branch_python_dop_operator_3.py
[2024-04-27T14:17:44.330+0000] {logging_mixin.py:151} INFO - [2024-04-27T14:17:44.329+0000] {dag.py:2907} INFO - Sync 1 DAGs
[2024-04-27T14:17:44.381+0000] {logging_mixin.py:151} INFO - [2024-04-27T14:17:44.381+0000] {dag.py:3677} INFO - Setting next_dagrun for example_branch_dop_operator_v3 to 2024-04-27T14:16:00+00:00, run_after=2024-04-27T14:17:00+00:00
[2024-04-27T14:17:44.410+0000] {processor.py:179} INFO - Processing /home/airflow/.local/lib/python3.8/site-packages/airflow/example_dags/example_branch_python_dop_operator_3.py took 0.141 seconds
[2024-04-27T14:18:14.641+0000] {processor.py:157} INFO - Started process (PID=891) to work on /home/airflow/.local/lib/python3.8/site-packages/airflow/example_dags/example_branch_python_dop_operator_3.py
[2024-04-27T14:18:14.642+0000] {processor.py:829} INFO - Processing file /home/airflow/.local/lib/python3.8/site-packages/airflow/example_dags/example_branch_python_dop_operator_3.py for tasks to queue
[2024-04-27T14:18:14.646+0000] {logging_mixin.py:151} INFO - [2024-04-27T14:18:14.646+0000] {dagbag.py:539} INFO - Filling up the DagBag from /home/airflow/.local/lib/python3.8/site-packages/airflow/example_dags/example_branch_python_dop_operator_3.py
[2024-04-27T14:18:14.677+0000] {processor.py:839} INFO - DAG(s) dict_keys(['example_branch_dop_operator_v3']) retrieved from /home/airflow/.local/lib/python3.8/site-packages/airflow/example_dags/example_branch_python_dop_operator_3.py
[2024-04-27T14:18:14.714+0000] {logging_mixin.py:151} INFO - [2024-04-27T14:18:14.714+0000] {dag.py:2907} INFO - Sync 1 DAGs
[2024-04-27T14:18:14.770+0000] {logging_mixin.py:151} INFO - [2024-04-27T14:18:14.770+0000] {dag.py:3677} INFO - Setting next_dagrun for example_branch_dop_operator_v3 to 2024-04-27T14:17:00+00:00, run_after=2024-04-27T14:18:00+00:00
[2024-04-27T14:18:14.798+0000] {processor.py:179} INFO - Processing /home/airflow/.local/lib/python3.8/site-packages/airflow/example_dags/example_branch_python_dop_operator_3.py took 0.162 seconds
[2024-04-27T14:18:44.836+0000] {processor.py:157} INFO - Started process (PID=961) to work on /home/airflow/.local/lib/python3.8/site-packages/airflow/example_dags/example_branch_python_dop_operator_3.py
[2024-04-27T14:18:44.837+0000] {processor.py:829} INFO - Processing file /home/airflow/.local/lib/python3.8/site-packages/airflow/example_dags/example_branch_python_dop_operator_3.py for tasks to queue
[2024-04-27T14:18:44.840+0000] {logging_mixin.py:151} INFO - [2024-04-27T14:18:44.840+0000] {dagbag.py:539} INFO - Filling up the DagBag from /home/airflow/.local/lib/python3.8/site-packages/airflow/example_dags/example_branch_python_dop_operator_3.py
[2024-04-27T14:18:44.851+0000] {processor.py:839} INFO - DAG(s) dict_keys(['example_branch_dop_operator_v3']) retrieved from /home/airflow/.local/lib/python3.8/site-packages/airflow/example_dags/example_branch_python_dop_operator_3.py
[2024-04-27T14:18:44.882+0000] {logging_mixin.py:151} INFO - [2024-04-27T14:18:44.882+0000] {dag.py:2907} INFO - Sync 1 DAGs
[2024-04-27T14:18:44.939+0000] {logging_mixin.py:151} INFO - [2024-04-27T14:18:44.938+0000] {dag.py:3677} INFO - Setting next_dagrun for example_branch_dop_operator_v3 to 2024-04-27T14:17:00+00:00, run_after=2024-04-27T14:18:00+00:00
[2024-04-27T14:18:44.991+0000] {processor.py:179} INFO - Processing /home/airflow/.local/lib/python3.8/site-packages/airflow/example_dags/example_branch_python_dop_operator_3.py took 0.161 seconds
[2024-04-27T14:19:15.872+0000] {processor.py:157} INFO - Started process (PID=1025) to work on /home/airflow/.local/lib/python3.8/site-packages/airflow/example_dags/example_branch_python_dop_operator_3.py
[2024-04-27T14:19:15.873+0000] {processor.py:829} INFO - Processing file /home/airflow/.local/lib/python3.8/site-packages/airflow/example_dags/example_branch_python_dop_operator_3.py for tasks to queue
[2024-04-27T14:19:15.877+0000] {logging_mixin.py:151} INFO - [2024-04-27T14:19:15.877+0000] {dagbag.py:539} INFO - Filling up the DagBag from /home/airflow/.local/lib/python3.8/site-packages/airflow/example_dags/example_branch_python_dop_operator_3.py
[2024-04-27T14:19:15.889+0000] {processor.py:839} INFO - DAG(s) dict_keys(['example_branch_dop_operator_v3']) retrieved from /home/airflow/.local/lib/python3.8/site-packages/airflow/example_dags/example_branch_python_dop_operator_3.py
[2024-04-27T14:19:15.921+0000] {logging_mixin.py:151} INFO - [2024-04-27T14:19:15.921+0000] {dag.py:2907} INFO - Sync 1 DAGs
[2024-04-27T14:19:15.970+0000] {logging_mixin.py:151} INFO - [2024-04-27T14:19:15.970+0000] {dag.py:3677} INFO - Setting next_dagrun for example_branch_dop_operator_v3 to 2024-04-27T14:18:00+00:00, run_after=2024-04-27T14:19:00+00:00
[2024-04-27T14:19:15.997+0000] {processor.py:179} INFO - Processing /home/airflow/.local/lib/python3.8/site-packages/airflow/example_dags/example_branch_python_dop_operator_3.py took 0.132 seconds
[2024-04-27T14:19:46.058+0000] {processor.py:157} INFO - Started process (PID=1087) to work on /home/airflow/.local/lib/python3.8/site-packages/airflow/example_dags/example_branch_python_dop_operator_3.py
[2024-04-27T14:19:46.059+0000] {processor.py:829} INFO - Processing file /home/airflow/.local/lib/python3.8/site-packages/airflow/example_dags/example_branch_python_dop_operator_3.py for tasks to queue
[2024-04-27T14:19:46.062+0000] {logging_mixin.py:151} INFO - [2024-04-27T14:19:46.061+0000] {dagbag.py:539} INFO - Filling up the DagBag from /home/airflow/.local/lib/python3.8/site-packages/airflow/example_dags/example_branch_python_dop_operator_3.py
[2024-04-27T14:19:46.078+0000] {processor.py:839} INFO - DAG(s) dict_keys(['example_branch_dop_operator_v3']) retrieved from /home/airflow/.local/lib/python3.8/site-packages/airflow/example_dags/example_branch_python_dop_operator_3.py
[2024-04-27T14:19:46.104+0000] {logging_mixin.py:151} INFO - [2024-04-27T14:19:46.103+0000] {dag.py:2907} INFO - Sync 1 DAGs
[2024-04-27T14:19:46.143+0000] {logging_mixin.py:151} INFO - [2024-04-27T14:19:46.143+0000] {dag.py:3677} INFO - Setting next_dagrun for example_branch_dop_operator_v3 to 2024-04-27T14:18:00+00:00, run_after=2024-04-27T14:19:00+00:00
[2024-04-27T14:19:46.167+0000] {processor.py:179} INFO - Processing /home/airflow/.local/lib/python3.8/site-packages/airflow/example_dags/example_branch_python_dop_operator_3.py took 0.114 seconds
[2024-04-27T14:20:16.503+0000] {processor.py:157} INFO - Started process (PID=1151) to work on /home/airflow/.local/lib/python3.8/site-packages/airflow/example_dags/example_branch_python_dop_operator_3.py
[2024-04-27T14:20:16.504+0000] {processor.py:829} INFO - Processing file /home/airflow/.local/lib/python3.8/site-packages/airflow/example_dags/example_branch_python_dop_operator_3.py for tasks to queue
[2024-04-27T14:20:16.507+0000] {logging_mixin.py:151} INFO - [2024-04-27T14:20:16.507+0000] {dagbag.py:539} INFO - Filling up the DagBag from /home/airflow/.local/lib/python3.8/site-packages/airflow/example_dags/example_branch_python_dop_operator_3.py
[2024-04-27T14:20:16.518+0000] {processor.py:839} INFO - DAG(s) dict_keys(['example_branch_dop_operator_v3']) retrieved from /home/airflow/.local/lib/python3.8/site-packages/airflow/example_dags/example_branch_python_dop_operator_3.py
[2024-04-27T14:20:16.548+0000] {logging_mixin.py:151} INFO - [2024-04-27T14:20:16.548+0000] {dag.py:2907} INFO - Sync 1 DAGs
[2024-04-27T14:20:16.598+0000] {logging_mixin.py:151} INFO - [2024-04-27T14:20:16.597+0000] {dag.py:3677} INFO - Setting next_dagrun for example_branch_dop_operator_v3 to 2024-04-27T14:19:00+00:00, run_after=2024-04-27T14:20:00+00:00
[2024-04-27T14:20:16.623+0000] {processor.py:179} INFO - Processing /home/airflow/.local/lib/python3.8/site-packages/airflow/example_dags/example_branch_python_dop_operator_3.py took 0.124 seconds
[2024-04-27T14:20:47.606+0000] {processor.py:157} INFO - Started process (PID=1224) to work on /home/airflow/.local/lib/python3.8/site-packages/airflow/example_dags/example_branch_python_dop_operator_3.py
[2024-04-27T14:20:47.607+0000] {processor.py:829} INFO - Processing file /home/airflow/.local/lib/python3.8/site-packages/airflow/example_dags/example_branch_python_dop_operator_3.py for tasks to queue
[2024-04-27T14:20:47.611+0000] {logging_mixin.py:151} INFO - [2024-04-27T14:20:47.611+0000] {dagbag.py:539} INFO - Filling up the DagBag from /home/airflow/.local/lib/python3.8/site-packages/airflow/example_dags/example_branch_python_dop_operator_3.py
[2024-04-27T14:20:47.633+0000] {processor.py:839} INFO - DAG(s) dict_keys(['example_branch_dop_operator_v3']) retrieved from /home/airflow/.local/lib/python3.8/site-packages/airflow/example_dags/example_branch_python_dop_operator_3.py
[2024-04-27T14:20:47.689+0000] {logging_mixin.py:151} INFO - [2024-04-27T14:20:47.688+0000] {dag.py:2907} INFO - Sync 1 DAGs
[2024-04-27T14:20:47.748+0000] {logging_mixin.py:151} INFO - [2024-04-27T14:20:47.747+0000] {dag.py:3677} INFO - Setting next_dagrun for example_branch_dop_operator_v3 to 2024-04-27T14:19:00+00:00, run_after=2024-04-27T14:20:00+00:00
[2024-04-27T14:20:47.780+0000] {processor.py:179} INFO - Processing /home/airflow/.local/lib/python3.8/site-packages/airflow/example_dags/example_branch_python_dop_operator_3.py took 0.179 seconds
[2024-04-27T14:21:18.166+0000] {processor.py:157} INFO - Started process (PID=1287) to work on /home/airflow/.local/lib/python3.8/site-packages/airflow/example_dags/example_branch_python_dop_operator_3.py
[2024-04-27T14:21:18.167+0000] {processor.py:829} INFO - Processing file /home/airflow/.local/lib/python3.8/site-packages/airflow/example_dags/example_branch_python_dop_operator_3.py for tasks to queue
[2024-04-27T14:21:18.170+0000] {logging_mixin.py:151} INFO - [2024-04-27T14:21:18.170+0000] {dagbag.py:539} INFO - Filling up the DagBag from /home/airflow/.local/lib/python3.8/site-packages/airflow/example_dags/example_branch_python_dop_operator_3.py
[2024-04-27T14:21:18.181+0000] {processor.py:839} INFO - DAG(s) dict_keys(['example_branch_dop_operator_v3']) retrieved from /home/airflow/.local/lib/python3.8/site-packages/airflow/example_dags/example_branch_python_dop_operator_3.py
[2024-04-27T14:21:18.210+0000] {logging_mixin.py:151} INFO - [2024-04-27T14:21:18.210+0000] {dag.py:2907} INFO - Sync 1 DAGs
[2024-04-27T14:21:18.253+0000] {logging_mixin.py:151} INFO - [2024-04-27T14:21:18.253+0000] {dag.py:3677} INFO - Setting next_dagrun for example_branch_dop_operator_v3 to 2024-04-27T14:20:00+00:00, run_after=2024-04-27T14:21:00+00:00
[2024-04-27T14:21:18.280+0000] {processor.py:179} INFO - Processing /home/airflow/.local/lib/python3.8/site-packages/airflow/example_dags/example_branch_python_dop_operator_3.py took 0.119 seconds
[2024-04-27T14:21:48.393+0000] {processor.py:157} INFO - Started process (PID=1361) to work on /home/airflow/.local/lib/python3.8/site-packages/airflow/example_dags/example_branch_python_dop_operator_3.py
[2024-04-27T14:21:48.394+0000] {processor.py:829} INFO - Processing file /home/airflow/.local/lib/python3.8/site-packages/airflow/example_dags/example_branch_python_dop_operator_3.py for tasks to queue
[2024-04-27T14:21:48.397+0000] {logging_mixin.py:151} INFO - [2024-04-27T14:21:48.397+0000] {dagbag.py:539} INFO - Filling up the DagBag from /home/airflow/.local/lib/python3.8/site-packages/airflow/example_dags/example_branch_python_dop_operator_3.py
[2024-04-27T14:21:48.408+0000] {processor.py:839} INFO - DAG(s) dict_keys(['example_branch_dop_operator_v3']) retrieved from /home/airflow/.local/lib/python3.8/site-packages/airflow/example_dags/example_branch_python_dop_operator_3.py
[2024-04-27T14:21:48.434+0000] {logging_mixin.py:151} INFO - [2024-04-27T14:21:48.434+0000] {dag.py:2907} INFO - Sync 1 DAGs
[2024-04-27T14:21:48.479+0000] {logging_mixin.py:151} INFO - [2024-04-27T14:21:48.479+0000] {dag.py:3677} INFO - Setting next_dagrun for example_branch_dop_operator_v3 to 2024-04-27T14:20:00+00:00, run_after=2024-04-27T14:21:00+00:00
[2024-04-27T14:21:48.510+0000] {processor.py:179} INFO - Processing /home/airflow/.local/lib/python3.8/site-packages/airflow/example_dags/example_branch_python_dop_operator_3.py took 0.121 seconds
[2024-04-27T14:22:18.817+0000] {processor.py:157} INFO - Started process (PID=1425) to work on /home/airflow/.local/lib/python3.8/site-packages/airflow/example_dags/example_branch_python_dop_operator_3.py
[2024-04-27T14:22:18.818+0000] {processor.py:829} INFO - Processing file /home/airflow/.local/lib/python3.8/site-packages/airflow/example_dags/example_branch_python_dop_operator_3.py for tasks to queue
[2024-04-27T14:22:18.821+0000] {logging_mixin.py:151} INFO - [2024-04-27T14:22:18.821+0000] {dagbag.py:539} INFO - Filling up the DagBag from /home/airflow/.local/lib/python3.8/site-packages/airflow/example_dags/example_branch_python_dop_operator_3.py
[2024-04-27T14:22:18.837+0000] {processor.py:839} INFO - DAG(s) dict_keys(['example_branch_dop_operator_v3']) retrieved from /home/airflow/.local/lib/python3.8/site-packages/airflow/example_dags/example_branch_python_dop_operator_3.py
[2024-04-27T14:22:18.871+0000] {logging_mixin.py:151} INFO - [2024-04-27T14:22:18.870+0000] {dag.py:2907} INFO - Sync 1 DAGs
[2024-04-27T14:22:18.924+0000] {logging_mixin.py:151} INFO - [2024-04-27T14:22:18.923+0000] {dag.py:3677} INFO - Setting next_dagrun for example_branch_dop_operator_v3 to 2024-04-27T14:21:00+00:00, run_after=2024-04-27T14:22:00+00:00
[2024-04-27T14:22:18.957+0000] {processor.py:179} INFO - Processing /home/airflow/.local/lib/python3.8/site-packages/airflow/example_dags/example_branch_python_dop_operator_3.py took 0.148 seconds
[2024-04-27T14:22:49.214+0000] {processor.py:157} INFO - Started process (PID=1488) to work on /home/airflow/.local/lib/python3.8/site-packages/airflow/example_dags/example_branch_python_dop_operator_3.py
[2024-04-27T14:22:49.215+0000] {processor.py:829} INFO - Processing file /home/airflow/.local/lib/python3.8/site-packages/airflow/example_dags/example_branch_python_dop_operator_3.py for tasks to queue
[2024-04-27T14:22:49.218+0000] {logging_mixin.py:151} INFO - [2024-04-27T14:22:49.218+0000] {dagbag.py:539} INFO - Filling up the DagBag from /home/airflow/.local/lib/python3.8/site-packages/airflow/example_dags/example_branch_python_dop_operator_3.py
[2024-04-27T14:22:49.231+0000] {processor.py:839} INFO - DAG(s) dict_keys(['example_branch_dop_operator_v3']) retrieved from /home/airflow/.local/lib/python3.8/site-packages/airflow/example_dags/example_branch_python_dop_operator_3.py
[2024-04-27T14:22:49.257+0000] {logging_mixin.py:151} INFO - [2024-04-27T14:22:49.257+0000] {dag.py:2907} INFO - Sync 1 DAGs
[2024-04-27T14:22:49.296+0000] {logging_mixin.py:151} INFO - [2024-04-27T14:22:49.296+0000] {dag.py:3677} INFO - Setting next_dagrun for example_branch_dop_operator_v3 to 2024-04-27T14:21:00+00:00, run_after=2024-04-27T14:22:00+00:00
[2024-04-27T14:22:49.325+0000] {processor.py:179} INFO - Processing /home/airflow/.local/lib/python3.8/site-packages/airflow/example_dags/example_branch_python_dop_operator_3.py took 0.117 seconds
[2024-04-27T14:23:19.498+0000] {processor.py:157} INFO - Started process (PID=1561) to work on /home/airflow/.local/lib/python3.8/site-packages/airflow/example_dags/example_branch_python_dop_operator_3.py
[2024-04-27T14:23:19.500+0000] {processor.py:829} INFO - Processing file /home/airflow/.local/lib/python3.8/site-packages/airflow/example_dags/example_branch_python_dop_operator_3.py for tasks to queue
[2024-04-27T14:23:19.502+0000] {logging_mixin.py:151} INFO - [2024-04-27T14:23:19.502+0000] {dagbag.py:539} INFO - Filling up the DagBag from /home/airflow/.local/lib/python3.8/site-packages/airflow/example_dags/example_branch_python_dop_operator_3.py
[2024-04-27T14:23:19.514+0000] {processor.py:839} INFO - DAG(s) dict_keys(['example_branch_dop_operator_v3']) retrieved from /home/airflow/.local/lib/python3.8/site-packages/airflow/example_dags/example_branch_python_dop_operator_3.py
[2024-04-27T14:23:19.544+0000] {logging_mixin.py:151} INFO - [2024-04-27T14:23:19.544+0000] {dag.py:2907} INFO - Sync 1 DAGs
[2024-04-27T14:23:19.587+0000] {logging_mixin.py:151} INFO - [2024-04-27T14:23:19.587+0000] {dag.py:3677} INFO - Setting next_dagrun for example_branch_dop_operator_v3 to 2024-04-27T14:22:00+00:00, run_after=2024-04-27T14:23:00+00:00
[2024-04-27T14:23:19.618+0000] {processor.py:179} INFO - Processing /home/airflow/.local/lib/python3.8/site-packages/airflow/example_dags/example_branch_python_dop_operator_3.py took 0.125 seconds
[2024-04-27T14:23:49.954+0000] {processor.py:157} INFO - Started process (PID=1625) to work on /home/airflow/.local/lib/python3.8/site-packages/airflow/example_dags/example_branch_python_dop_operator_3.py
[2024-04-27T14:23:49.961+0000] {processor.py:829} INFO - Processing file /home/airflow/.local/lib/python3.8/site-packages/airflow/example_dags/example_branch_python_dop_operator_3.py for tasks to queue
[2024-04-27T14:23:49.970+0000] {logging_mixin.py:151} INFO - [2024-04-27T14:23:49.970+0000] {dagbag.py:539} INFO - Filling up the DagBag from /home/airflow/.local/lib/python3.8/site-packages/airflow/example_dags/example_branch_python_dop_operator_3.py
[2024-04-27T14:23:50.002+0000] {processor.py:839} INFO - DAG(s) dict_keys(['example_branch_dop_operator_v3']) retrieved from /home/airflow/.local/lib/python3.8/site-packages/airflow/example_dags/example_branch_python_dop_operator_3.py
[2024-04-27T14:23:50.070+0000] {logging_mixin.py:151} INFO - [2024-04-27T14:23:50.070+0000] {dag.py:2907} INFO - Sync 1 DAGs
[2024-04-27T14:23:50.134+0000] {logging_mixin.py:151} INFO - [2024-04-27T14:23:50.134+0000] {dag.py:3677} INFO - Setting next_dagrun for example_branch_dop_operator_v3 to 2024-04-27T14:22:00+00:00, run_after=2024-04-27T14:23:00+00:00
[2024-04-27T14:23:50.184+0000] {processor.py:179} INFO - Processing /home/airflow/.local/lib/python3.8/site-packages/airflow/example_dags/example_branch_python_dop_operator_3.py took 0.236 seconds
[2024-04-27T14:24:20.592+0000] {processor.py:157} INFO - Started process (PID=1689) to work on /home/airflow/.local/lib/python3.8/site-packages/airflow/example_dags/example_branch_python_dop_operator_3.py
[2024-04-27T14:24:20.593+0000] {processor.py:829} INFO - Processing file /home/airflow/.local/lib/python3.8/site-packages/airflow/example_dags/example_branch_python_dop_operator_3.py for tasks to queue
[2024-04-27T14:24:20.596+0000] {logging_mixin.py:151} INFO - [2024-04-27T14:24:20.596+0000] {dagbag.py:539} INFO - Filling up the DagBag from /home/airflow/.local/lib/python3.8/site-packages/airflow/example_dags/example_branch_python_dop_operator_3.py
[2024-04-27T14:24:20.610+0000] {processor.py:839} INFO - DAG(s) dict_keys(['example_branch_dop_operator_v3']) retrieved from /home/airflow/.local/lib/python3.8/site-packages/airflow/example_dags/example_branch_python_dop_operator_3.py
[2024-04-27T14:24:20.641+0000] {logging_mixin.py:151} INFO - [2024-04-27T14:24:20.641+0000] {dag.py:2907} INFO - Sync 1 DAGs
[2024-04-27T14:24:20.683+0000] {logging_mixin.py:151} INFO - [2024-04-27T14:24:20.682+0000] {dag.py:3677} INFO - Setting next_dagrun for example_branch_dop_operator_v3 to 2024-04-27T14:23:00+00:00, run_after=2024-04-27T14:24:00+00:00
[2024-04-27T14:24:20.718+0000] {processor.py:179} INFO - Processing /home/airflow/.local/lib/python3.8/site-packages/airflow/example_dags/example_branch_python_dop_operator_3.py took 0.132 seconds
[2024-04-27T14:24:51.168+0000] {processor.py:157} INFO - Started process (PID=1761) to work on /home/airflow/.local/lib/python3.8/site-packages/airflow/example_dags/example_branch_python_dop_operator_3.py
[2024-04-27T14:24:51.169+0000] {processor.py:829} INFO - Processing file /home/airflow/.local/lib/python3.8/site-packages/airflow/example_dags/example_branch_python_dop_operator_3.py for tasks to queue
[2024-04-27T14:24:51.172+0000] {logging_mixin.py:151} INFO - [2024-04-27T14:24:51.172+0000] {dagbag.py:539} INFO - Filling up the DagBag from /home/airflow/.local/lib/python3.8/site-packages/airflow/example_dags/example_branch_python_dop_operator_3.py
[2024-04-27T14:24:51.189+0000] {processor.py:839} INFO - DAG(s) dict_keys(['example_branch_dop_operator_v3']) retrieved from /home/airflow/.local/lib/python3.8/site-packages/airflow/example_dags/example_branch_python_dop_operator_3.py
[2024-04-27T14:24:51.218+0000] {logging_mixin.py:151} INFO - [2024-04-27T14:24:51.218+0000] {dag.py:2907} INFO - Sync 1 DAGs
[2024-04-27T14:24:51.273+0000] {logging_mixin.py:151} INFO - [2024-04-27T14:24:51.272+0000] {dag.py:3677} INFO - Setting next_dagrun for example_branch_dop_operator_v3 to 2024-04-27T14:23:00+00:00, run_after=2024-04-27T14:24:00+00:00
[2024-04-27T14:24:51.302+0000] {processor.py:179} INFO - Processing /home/airflow/.local/lib/python3.8/site-packages/airflow/example_dags/example_branch_python_dop_operator_3.py took 0.141 seconds
[2024-04-27T14:25:21.794+0000] {processor.py:157} INFO - Started process (PID=1824) to work on /home/airflow/.local/lib/python3.8/site-packages/airflow/example_dags/example_branch_python_dop_operator_3.py
[2024-04-27T14:25:21.795+0000] {processor.py:829} INFO - Processing file /home/airflow/.local/lib/python3.8/site-packages/airflow/example_dags/example_branch_python_dop_operator_3.py for tasks to queue
[2024-04-27T14:25:21.798+0000] {logging_mixin.py:151} INFO - [2024-04-27T14:25:21.797+0000] {dagbag.py:539} INFO - Filling up the DagBag from /home/airflow/.local/lib/python3.8/site-packages/airflow/example_dags/example_branch_python_dop_operator_3.py
[2024-04-27T14:25:21.813+0000] {processor.py:839} INFO - DAG(s) dict_keys(['example_branch_dop_operator_v3']) retrieved from /home/airflow/.local/lib/python3.8/site-packages/airflow/example_dags/example_branch_python_dop_operator_3.py
[2024-04-27T14:25:21.849+0000] {logging_mixin.py:151} INFO - [2024-04-27T14:25:21.848+0000] {dag.py:2907} INFO - Sync 1 DAGs
[2024-04-27T14:25:21.903+0000] {logging_mixin.py:151} INFO - [2024-04-27T14:25:21.903+0000] {dag.py:3677} INFO - Setting next_dagrun for example_branch_dop_operator_v3 to 2024-04-27T14:24:00+00:00, run_after=2024-04-27T14:25:00+00:00
[2024-04-27T14:25:21.934+0000] {processor.py:179} INFO - Processing /home/airflow/.local/lib/python3.8/site-packages/airflow/example_dags/example_branch_python_dop_operator_3.py took 0.145 seconds
[2024-04-27T14:25:52.775+0000] {processor.py:157} INFO - Started process (PID=1898) to work on /home/airflow/.local/lib/python3.8/site-packages/airflow/example_dags/example_branch_python_dop_operator_3.py
[2024-04-27T14:25:52.776+0000] {processor.py:829} INFO - Processing file /home/airflow/.local/lib/python3.8/site-packages/airflow/example_dags/example_branch_python_dop_operator_3.py for tasks to queue
[2024-04-27T14:25:52.778+0000] {logging_mixin.py:151} INFO - [2024-04-27T14:25:52.778+0000] {dagbag.py:539} INFO - Filling up the DagBag from /home/airflow/.local/lib/python3.8/site-packages/airflow/example_dags/example_branch_python_dop_operator_3.py
[2024-04-27T14:25:52.790+0000] {processor.py:839} INFO - DAG(s) dict_keys(['example_branch_dop_operator_v3']) retrieved from /home/airflow/.local/lib/python3.8/site-packages/airflow/example_dags/example_branch_python_dop_operator_3.py
[2024-04-27T14:25:52.816+0000] {logging_mixin.py:151} INFO - [2024-04-27T14:25:52.816+0000] {dag.py:2907} INFO - Sync 1 DAGs
[2024-04-27T14:25:52.858+0000] {logging_mixin.py:151} INFO - [2024-04-27T14:25:52.858+0000] {dag.py:3677} INFO - Setting next_dagrun for example_branch_dop_operator_v3 to 2024-04-27T14:24:00+00:00, run_after=2024-04-27T14:25:00+00:00
[2024-04-27T14:25:52.880+0000] {processor.py:179} INFO - Processing /home/airflow/.local/lib/python3.8/site-packages/airflow/example_dags/example_branch_python_dop_operator_3.py took 0.109 seconds
