[2024-04-27T13:44:20.060+0000] {processor.py:153} INFO - Started process (PID=70) to work on /home/airflow/.local/lib/python3.7/site-packages/airflow/example_dags/example_latest_only_with_trigger.py
[2024-04-27T13:44:20.061+0000] {processor.py:743} INFO - Processing file /home/airflow/.local/lib/python3.7/site-packages/airflow/example_dags/example_latest_only_with_trigger.py for tasks to queue
[2024-04-27T13:44:20.062+0000] {logging_mixin.py:137} INFO - [2024-04-27T13:44:20.062+0000] {dagbag.py:538} INFO - Filling up the DagBag from /home/airflow/.local/lib/python3.7/site-packages/airflow/example_dags/example_latest_only_with_trigger.py
[2024-04-27T13:44:20.124+0000] {processor.py:753} INFO - DAG(s) dict_keys(['latest_only_with_trigger']) retrieved from /home/airflow/.local/lib/python3.7/site-packages/airflow/example_dags/example_latest_only_with_trigger.py
[2024-04-27T13:44:20.264+0000] {logging_mixin.py:137} INFO - [2024-04-27T13:44:20.263+0000] {dag.py:2690} INFO - Sync 1 DAGs
[2024-04-27T13:44:20.445+0000] {logging_mixin.py:137} INFO - [2024-04-27T13:44:20.445+0000] {dag.py:3441} INFO - Setting next_dagrun for latest_only_with_trigger to 2024-04-27T09:44:20.445117+00:00, run_after=2024-04-27T13:44:20.445117+00:00
[2024-04-27T13:44:20.531+0000] {processor.py:175} INFO - Processing /home/airflow/.local/lib/python3.7/site-packages/airflow/example_dags/example_latest_only_with_trigger.py took 0.481 seconds
[2024-04-27T13:44:51.190+0000] {processor.py:153} INFO - Started process (PID=133) to work on /home/airflow/.local/lib/python3.7/site-packages/airflow/example_dags/example_latest_only_with_trigger.py
[2024-04-27T13:44:51.192+0000] {processor.py:743} INFO - Processing file /home/airflow/.local/lib/python3.7/site-packages/airflow/example_dags/example_latest_only_with_trigger.py for tasks to queue
[2024-04-27T13:44:51.193+0000] {logging_mixin.py:137} INFO - [2024-04-27T13:44:51.193+0000] {dagbag.py:538} INFO - Filling up the DagBag from /home/airflow/.local/lib/python3.7/site-packages/airflow/example_dags/example_latest_only_with_trigger.py
[2024-04-27T13:44:51.226+0000] {processor.py:753} INFO - DAG(s) dict_keys(['latest_only_with_trigger']) retrieved from /home/airflow/.local/lib/python3.7/site-packages/airflow/example_dags/example_latest_only_with_trigger.py
[2024-04-27T13:44:51.275+0000] {logging_mixin.py:137} INFO - [2024-04-27T13:44:51.274+0000] {dag.py:2690} INFO - Sync 1 DAGs
[2024-04-27T13:44:51.334+0000] {logging_mixin.py:137} INFO - [2024-04-27T13:44:51.334+0000] {dag.py:3441} INFO - Setting next_dagrun for latest_only_with_trigger to 2024-04-27T09:44:51.333817+00:00, run_after=2024-04-27T13:44:51.333817+00:00
[2024-04-27T13:44:51.376+0000] {processor.py:175} INFO - Processing /home/airflow/.local/lib/python3.7/site-packages/airflow/example_dags/example_latest_only_with_trigger.py took 0.192 seconds
[2024-04-27T13:45:22.215+0000] {processor.py:153} INFO - Started process (PID=205) to work on /home/airflow/.local/lib/python3.7/site-packages/airflow/example_dags/example_latest_only_with_trigger.py
[2024-04-27T13:45:22.216+0000] {processor.py:743} INFO - Processing file /home/airflow/.local/lib/python3.7/site-packages/airflow/example_dags/example_latest_only_with_trigger.py for tasks to queue
[2024-04-27T13:45:22.217+0000] {logging_mixin.py:137} INFO - [2024-04-27T13:45:22.217+0000] {dagbag.py:538} INFO - Filling up the DagBag from /home/airflow/.local/lib/python3.7/site-packages/airflow/example_dags/example_latest_only_with_trigger.py
[2024-04-27T13:45:22.244+0000] {processor.py:753} INFO - DAG(s) dict_keys(['latest_only_with_trigger']) retrieved from /home/airflow/.local/lib/python3.7/site-packages/airflow/example_dags/example_latest_only_with_trigger.py
[2024-04-27T13:45:22.295+0000] {logging_mixin.py:137} INFO - [2024-04-27T13:45:22.295+0000] {dag.py:2690} INFO - Sync 1 DAGs
[2024-04-27T13:45:22.350+0000] {logging_mixin.py:137} INFO - [2024-04-27T13:45:22.350+0000] {dag.py:3441} INFO - Setting next_dagrun for latest_only_with_trigger to 2024-04-27T09:45:22.349776+00:00, run_after=2024-04-27T13:45:22.349776+00:00
[2024-04-27T13:45:22.391+0000] {processor.py:175} INFO - Processing /home/airflow/.local/lib/python3.7/site-packages/airflow/example_dags/example_latest_only_with_trigger.py took 0.181 seconds
[2024-04-27T13:45:52.653+0000] {processor.py:153} INFO - Started process (PID=272) to work on /home/airflow/.local/lib/python3.7/site-packages/airflow/example_dags/example_latest_only_with_trigger.py
[2024-04-27T13:45:52.654+0000] {processor.py:743} INFO - Processing file /home/airflow/.local/lib/python3.7/site-packages/airflow/example_dags/example_latest_only_with_trigger.py for tasks to queue
[2024-04-27T13:45:52.655+0000] {logging_mixin.py:137} INFO - [2024-04-27T13:45:52.655+0000] {dagbag.py:538} INFO - Filling up the DagBag from /home/airflow/.local/lib/python3.7/site-packages/airflow/example_dags/example_latest_only_with_trigger.py
[2024-04-27T13:45:52.674+0000] {processor.py:753} INFO - DAG(s) dict_keys(['latest_only_with_trigger']) retrieved from /home/airflow/.local/lib/python3.7/site-packages/airflow/example_dags/example_latest_only_with_trigger.py
[2024-04-27T13:45:52.712+0000] {logging_mixin.py:137} INFO - [2024-04-27T13:45:52.712+0000] {dag.py:2690} INFO - Sync 1 DAGs
[2024-04-27T13:45:52.751+0000] {logging_mixin.py:137} INFO - [2024-04-27T13:45:52.751+0000] {dag.py:3441} INFO - Setting next_dagrun for latest_only_with_trigger to 2024-04-27T09:45:52.750874+00:00, run_after=2024-04-27T13:45:52.750874+00:00
[2024-04-27T13:45:52.782+0000] {processor.py:175} INFO - Processing /home/airflow/.local/lib/python3.7/site-packages/airflow/example_dags/example_latest_only_with_trigger.py took 0.133 seconds
[2024-04-27T13:46:23.005+0000] {processor.py:153} INFO - Started process (PID=336) to work on /home/airflow/.local/lib/python3.7/site-packages/airflow/example_dags/example_latest_only_with_trigger.py
[2024-04-27T13:46:23.006+0000] {processor.py:743} INFO - Processing file /home/airflow/.local/lib/python3.7/site-packages/airflow/example_dags/example_latest_only_with_trigger.py for tasks to queue
[2024-04-27T13:46:23.007+0000] {logging_mixin.py:137} INFO - [2024-04-27T13:46:23.007+0000] {dagbag.py:538} INFO - Filling up the DagBag from /home/airflow/.local/lib/python3.7/site-packages/airflow/example_dags/example_latest_only_with_trigger.py
[2024-04-27T13:46:23.025+0000] {processor.py:753} INFO - DAG(s) dict_keys(['latest_only_with_trigger']) retrieved from /home/airflow/.local/lib/python3.7/site-packages/airflow/example_dags/example_latest_only_with_trigger.py
[2024-04-27T13:46:23.071+0000] {logging_mixin.py:137} INFO - [2024-04-27T13:46:23.070+0000] {dag.py:2690} INFO - Sync 1 DAGs
[2024-04-27T13:46:23.122+0000] {logging_mixin.py:137} INFO - [2024-04-27T13:46:23.122+0000] {dag.py:3441} INFO - Setting next_dagrun for latest_only_with_trigger to 2024-04-27T09:46:23.122316+00:00, run_after=2024-04-27T13:46:23.122316+00:00
[2024-04-27T13:46:23.164+0000] {processor.py:175} INFO - Processing /home/airflow/.local/lib/python3.7/site-packages/airflow/example_dags/example_latest_only_with_trigger.py took 0.163 seconds
[2024-04-27T13:46:53.373+0000] {processor.py:153} INFO - Started process (PID=399) to work on /home/airflow/.local/lib/python3.7/site-packages/airflow/example_dags/example_latest_only_with_trigger.py
[2024-04-27T13:46:53.373+0000] {processor.py:743} INFO - Processing file /home/airflow/.local/lib/python3.7/site-packages/airflow/example_dags/example_latest_only_with_trigger.py for tasks to queue
[2024-04-27T13:46:53.374+0000] {logging_mixin.py:137} INFO - [2024-04-27T13:46:53.374+0000] {dagbag.py:538} INFO - Filling up the DagBag from /home/airflow/.local/lib/python3.7/site-packages/airflow/example_dags/example_latest_only_with_trigger.py
[2024-04-27T13:46:53.394+0000] {processor.py:753} INFO - DAG(s) dict_keys(['latest_only_with_trigger']) retrieved from /home/airflow/.local/lib/python3.7/site-packages/airflow/example_dags/example_latest_only_with_trigger.py
[2024-04-27T13:46:53.434+0000] {logging_mixin.py:137} INFO - [2024-04-27T13:46:53.434+0000] {dag.py:2690} INFO - Sync 1 DAGs
[2024-04-27T13:46:53.504+0000] {logging_mixin.py:137} INFO - [2024-04-27T13:46:53.504+0000] {dag.py:3441} INFO - Setting next_dagrun for latest_only_with_trigger to 2024-04-27T09:46:53.504129+00:00, run_after=2024-04-27T13:46:53.504129+00:00
[2024-04-27T13:46:53.542+0000] {processor.py:175} INFO - Processing /home/airflow/.local/lib/python3.7/site-packages/airflow/example_dags/example_latest_only_with_trigger.py took 0.173 seconds
[2024-04-27T13:47:23.972+0000] {processor.py:153} INFO - Started process (PID=464) to work on /home/airflow/.local/lib/python3.7/site-packages/airflow/example_dags/example_latest_only_with_trigger.py
[2024-04-27T13:47:23.973+0000] {processor.py:743} INFO - Processing file /home/airflow/.local/lib/python3.7/site-packages/airflow/example_dags/example_latest_only_with_trigger.py for tasks to queue
[2024-04-27T13:47:23.974+0000] {logging_mixin.py:137} INFO - [2024-04-27T13:47:23.974+0000] {dagbag.py:538} INFO - Filling up the DagBag from /home/airflow/.local/lib/python3.7/site-packages/airflow/example_dags/example_latest_only_with_trigger.py
[2024-04-27T13:47:23.992+0000] {processor.py:753} INFO - DAG(s) dict_keys(['latest_only_with_trigger']) retrieved from /home/airflow/.local/lib/python3.7/site-packages/airflow/example_dags/example_latest_only_with_trigger.py
[2024-04-27T13:47:24.025+0000] {logging_mixin.py:137} INFO - [2024-04-27T13:47:24.025+0000] {dag.py:2690} INFO - Sync 1 DAGs
[2024-04-27T13:47:24.067+0000] {logging_mixin.py:137} INFO - [2024-04-27T13:47:24.067+0000] {dag.py:3441} INFO - Setting next_dagrun for latest_only_with_trigger to 2024-04-27T09:47:24.067326+00:00, run_after=2024-04-27T13:47:24.067326+00:00
[2024-04-27T13:47:24.101+0000] {processor.py:175} INFO - Processing /home/airflow/.local/lib/python3.7/site-packages/airflow/example_dags/example_latest_only_with_trigger.py took 0.132 seconds
[2024-04-27T13:47:54.752+0000] {processor.py:153} INFO - Started process (PID=540) to work on /home/airflow/.local/lib/python3.7/site-packages/airflow/example_dags/example_latest_only_with_trigger.py
[2024-04-27T13:47:54.753+0000] {processor.py:743} INFO - Processing file /home/airflow/.local/lib/python3.7/site-packages/airflow/example_dags/example_latest_only_with_trigger.py for tasks to queue
[2024-04-27T13:47:54.754+0000] {logging_mixin.py:137} INFO - [2024-04-27T13:47:54.754+0000] {dagbag.py:538} INFO - Filling up the DagBag from /home/airflow/.local/lib/python3.7/site-packages/airflow/example_dags/example_latest_only_with_trigger.py
[2024-04-27T13:47:54.789+0000] {processor.py:753} INFO - DAG(s) dict_keys(['latest_only_with_trigger']) retrieved from /home/airflow/.local/lib/python3.7/site-packages/airflow/example_dags/example_latest_only_with_trigger.py
[2024-04-27T13:47:54.842+0000] {logging_mixin.py:137} INFO - [2024-04-27T13:47:54.842+0000] {dag.py:2690} INFO - Sync 1 DAGs
[2024-04-27T13:47:54.899+0000] {logging_mixin.py:137} INFO - [2024-04-27T13:47:54.899+0000] {dag.py:3441} INFO - Setting next_dagrun for latest_only_with_trigger to 2024-04-27T09:47:54.898649+00:00, run_after=2024-04-27T13:47:54.898649+00:00
[2024-04-27T13:47:54.949+0000] {processor.py:175} INFO - Processing /home/airflow/.local/lib/python3.7/site-packages/airflow/example_dags/example_latest_only_with_trigger.py took 0.204 seconds
[2024-04-27T13:48:25.206+0000] {processor.py:153} INFO - Started process (PID=604) to work on /home/airflow/.local/lib/python3.7/site-packages/airflow/example_dags/example_latest_only_with_trigger.py
[2024-04-27T13:48:25.208+0000] {processor.py:743} INFO - Processing file /home/airflow/.local/lib/python3.7/site-packages/airflow/example_dags/example_latest_only_with_trigger.py for tasks to queue
[2024-04-27T13:48:25.209+0000] {logging_mixin.py:137} INFO - [2024-04-27T13:48:25.209+0000] {dagbag.py:538} INFO - Filling up the DagBag from /home/airflow/.local/lib/python3.7/site-packages/airflow/example_dags/example_latest_only_with_trigger.py
[2024-04-27T13:48:25.261+0000] {processor.py:753} INFO - DAG(s) dict_keys(['latest_only_with_trigger']) retrieved from /home/airflow/.local/lib/python3.7/site-packages/airflow/example_dags/example_latest_only_with_trigger.py
[2024-04-27T13:48:25.315+0000] {logging_mixin.py:137} INFO - [2024-04-27T13:48:25.315+0000] {dag.py:2690} INFO - Sync 1 DAGs
[2024-04-27T13:48:25.367+0000] {logging_mixin.py:137} INFO - [2024-04-27T13:48:25.366+0000] {dag.py:3441} INFO - Setting next_dagrun for latest_only_with_trigger to 2024-04-27T09:48:25.366537+00:00, run_after=2024-04-27T13:48:25.366537+00:00
[2024-04-27T13:48:25.394+0000] {processor.py:175} INFO - Processing /home/airflow/.local/lib/python3.7/site-packages/airflow/example_dags/example_latest_only_with_trigger.py took 0.193 seconds
[2024-04-27T13:48:55.687+0000] {processor.py:153} INFO - Started process (PID=668) to work on /home/airflow/.local/lib/python3.7/site-packages/airflow/example_dags/example_latest_only_with_trigger.py
[2024-04-27T13:48:55.688+0000] {processor.py:743} INFO - Processing file /home/airflow/.local/lib/python3.7/site-packages/airflow/example_dags/example_latest_only_with_trigger.py for tasks to queue
[2024-04-27T13:48:55.689+0000] {logging_mixin.py:137} INFO - [2024-04-27T13:48:55.689+0000] {dagbag.py:538} INFO - Filling up the DagBag from /home/airflow/.local/lib/python3.7/site-packages/airflow/example_dags/example_latest_only_with_trigger.py
[2024-04-27T13:48:55.707+0000] {processor.py:753} INFO - DAG(s) dict_keys(['latest_only_with_trigger']) retrieved from /home/airflow/.local/lib/python3.7/site-packages/airflow/example_dags/example_latest_only_with_trigger.py
[2024-04-27T13:48:55.741+0000] {logging_mixin.py:137} INFO - [2024-04-27T13:48:55.741+0000] {dag.py:2690} INFO - Sync 1 DAGs
[2024-04-27T13:48:55.777+0000] {logging_mixin.py:137} INFO - [2024-04-27T13:48:55.777+0000] {dag.py:3441} INFO - Setting next_dagrun for latest_only_with_trigger to 2024-04-27T09:48:55.777465+00:00, run_after=2024-04-27T13:48:55.777465+00:00
[2024-04-27T13:48:55.805+0000] {processor.py:175} INFO - Processing /home/airflow/.local/lib/python3.7/site-packages/airflow/example_dags/example_latest_only_with_trigger.py took 0.121 seconds
[2024-04-27T13:49:26.488+0000] {processor.py:153} INFO - Started process (PID=732) to work on /home/airflow/.local/lib/python3.7/site-packages/airflow/example_dags/example_latest_only_with_trigger.py
[2024-04-27T13:49:26.489+0000] {processor.py:743} INFO - Processing file /home/airflow/.local/lib/python3.7/site-packages/airflow/example_dags/example_latest_only_with_trigger.py for tasks to queue
[2024-04-27T13:49:26.490+0000] {logging_mixin.py:137} INFO - [2024-04-27T13:49:26.490+0000] {dagbag.py:538} INFO - Filling up the DagBag from /home/airflow/.local/lib/python3.7/site-packages/airflow/example_dags/example_latest_only_with_trigger.py
[2024-04-27T13:49:26.515+0000] {processor.py:753} INFO - DAG(s) dict_keys(['latest_only_with_trigger']) retrieved from /home/airflow/.local/lib/python3.7/site-packages/airflow/example_dags/example_latest_only_with_trigger.py
[2024-04-27T13:49:26.558+0000] {logging_mixin.py:137} INFO - [2024-04-27T13:49:26.557+0000] {dag.py:2690} INFO - Sync 1 DAGs
[2024-04-27T13:49:26.611+0000] {logging_mixin.py:137} INFO - [2024-04-27T13:49:26.611+0000] {dag.py:3441} INFO - Setting next_dagrun for latest_only_with_trigger to 2024-04-27T09:49:26.611403+00:00, run_after=2024-04-27T13:49:26.611403+00:00
[2024-04-27T13:49:26.676+0000] {processor.py:175} INFO - Processing /home/airflow/.local/lib/python3.7/site-packages/airflow/example_dags/example_latest_only_with_trigger.py took 0.194 seconds
[2024-04-27T13:49:56.986+0000] {processor.py:153} INFO - Started process (PID=802) to work on /home/airflow/.local/lib/python3.7/site-packages/airflow/example_dags/example_latest_only_with_trigger.py
[2024-04-27T13:49:56.988+0000] {processor.py:743} INFO - Processing file /home/airflow/.local/lib/python3.7/site-packages/airflow/example_dags/example_latest_only_with_trigger.py for tasks to queue
[2024-04-27T13:49:56.989+0000] {logging_mixin.py:137} INFO - [2024-04-27T13:49:56.988+0000] {dagbag.py:538} INFO - Filling up the DagBag from /home/airflow/.local/lib/python3.7/site-packages/airflow/example_dags/example_latest_only_with_trigger.py
[2024-04-27T13:49:57.014+0000] {processor.py:753} INFO - DAG(s) dict_keys(['latest_only_with_trigger']) retrieved from /home/airflow/.local/lib/python3.7/site-packages/airflow/example_dags/example_latest_only_with_trigger.py
[2024-04-27T13:49:57.056+0000] {logging_mixin.py:137} INFO - [2024-04-27T13:49:57.055+0000] {dag.py:2690} INFO - Sync 1 DAGs
[2024-04-27T13:49:57.148+0000] {logging_mixin.py:137} INFO - [2024-04-27T13:49:57.148+0000] {dag.py:3441} INFO - Setting next_dagrun for latest_only_with_trigger to 2024-04-27T09:49:57.148021+00:00, run_after=2024-04-27T13:49:57.148021+00:00
[2024-04-27T13:49:57.240+0000] {processor.py:175} INFO - Processing /home/airflow/.local/lib/python3.7/site-packages/airflow/example_dags/example_latest_only_with_trigger.py took 0.259 seconds
[2024-04-27T13:50:27.582+0000] {processor.py:153} INFO - Started process (PID=870) to work on /home/airflow/.local/lib/python3.7/site-packages/airflow/example_dags/example_latest_only_with_trigger.py
[2024-04-27T13:50:27.583+0000] {processor.py:743} INFO - Processing file /home/airflow/.local/lib/python3.7/site-packages/airflow/example_dags/example_latest_only_with_trigger.py for tasks to queue
[2024-04-27T13:50:27.584+0000] {logging_mixin.py:137} INFO - [2024-04-27T13:50:27.584+0000] {dagbag.py:538} INFO - Filling up the DagBag from /home/airflow/.local/lib/python3.7/site-packages/airflow/example_dags/example_latest_only_with_trigger.py
[2024-04-27T13:50:27.609+0000] {processor.py:753} INFO - DAG(s) dict_keys(['latest_only_with_trigger']) retrieved from /home/airflow/.local/lib/python3.7/site-packages/airflow/example_dags/example_latest_only_with_trigger.py
[2024-04-27T13:50:27.652+0000] {logging_mixin.py:137} INFO - [2024-04-27T13:50:27.651+0000] {dag.py:2690} INFO - Sync 1 DAGs
[2024-04-27T13:50:27.704+0000] {logging_mixin.py:137} INFO - [2024-04-27T13:50:27.703+0000] {dag.py:3441} INFO - Setting next_dagrun for latest_only_with_trigger to 2024-04-27T09:50:27.703441+00:00, run_after=2024-04-27T13:50:27.703441+00:00
[2024-04-27T13:50:27.737+0000] {processor.py:175} INFO - Processing /home/airflow/.local/lib/python3.7/site-packages/airflow/example_dags/example_latest_only_with_trigger.py took 0.162 seconds
[2024-04-27T13:50:58.415+0000] {processor.py:153} INFO - Started process (PID=933) to work on /home/airflow/.local/lib/python3.7/site-packages/airflow/example_dags/example_latest_only_with_trigger.py
[2024-04-27T13:50:58.416+0000] {processor.py:743} INFO - Processing file /home/airflow/.local/lib/python3.7/site-packages/airflow/example_dags/example_latest_only_with_trigger.py for tasks to queue
[2024-04-27T13:50:58.417+0000] {logging_mixin.py:137} INFO - [2024-04-27T13:50:58.417+0000] {dagbag.py:538} INFO - Filling up the DagBag from /home/airflow/.local/lib/python3.7/site-packages/airflow/example_dags/example_latest_only_with_trigger.py
[2024-04-27T13:50:58.435+0000] {processor.py:753} INFO - DAG(s) dict_keys(['latest_only_with_trigger']) retrieved from /home/airflow/.local/lib/python3.7/site-packages/airflow/example_dags/example_latest_only_with_trigger.py
[2024-04-27T13:50:58.466+0000] {logging_mixin.py:137} INFO - [2024-04-27T13:50:58.466+0000] {dag.py:2690} INFO - Sync 1 DAGs
[2024-04-27T13:50:58.506+0000] {logging_mixin.py:137} INFO - [2024-04-27T13:50:58.506+0000] {dag.py:3441} INFO - Setting next_dagrun for latest_only_with_trigger to 2024-04-27T09:50:58.506383+00:00, run_after=2024-04-27T13:50:58.506383+00:00
[2024-04-27T13:50:58.535+0000] {processor.py:175} INFO - Processing /home/airflow/.local/lib/python3.7/site-packages/airflow/example_dags/example_latest_only_with_trigger.py took 0.125 seconds
[2024-04-27T13:51:29.288+0000] {processor.py:153} INFO - Started process (PID=996) to work on /home/airflow/.local/lib/python3.7/site-packages/airflow/example_dags/example_latest_only_with_trigger.py
[2024-04-27T13:51:29.289+0000] {processor.py:743} INFO - Processing file /home/airflow/.local/lib/python3.7/site-packages/airflow/example_dags/example_latest_only_with_trigger.py for tasks to queue
[2024-04-27T13:51:29.290+0000] {logging_mixin.py:137} INFO - [2024-04-27T13:51:29.290+0000] {dagbag.py:538} INFO - Filling up the DagBag from /home/airflow/.local/lib/python3.7/site-packages/airflow/example_dags/example_latest_only_with_trigger.py
[2024-04-27T13:51:29.320+0000] {processor.py:753} INFO - DAG(s) dict_keys(['latest_only_with_trigger']) retrieved from /home/airflow/.local/lib/python3.7/site-packages/airflow/example_dags/example_latest_only_with_trigger.py
[2024-04-27T13:51:29.366+0000] {logging_mixin.py:137} INFO - [2024-04-27T13:51:29.366+0000] {dag.py:2690} INFO - Sync 1 DAGs
[2024-04-27T13:51:29.426+0000] {logging_mixin.py:137} INFO - [2024-04-27T13:51:29.425+0000] {dag.py:3441} INFO - Setting next_dagrun for latest_only_with_trigger to 2024-04-27T09:51:29.425424+00:00, run_after=2024-04-27T13:51:29.425424+00:00
[2024-04-27T13:51:29.461+0000] {processor.py:175} INFO - Processing /home/airflow/.local/lib/python3.7/site-packages/airflow/example_dags/example_latest_only_with_trigger.py took 0.179 seconds
[2024-04-27T13:51:59.506+0000] {processor.py:153} INFO - Started process (PID=1058) to work on /home/airflow/.local/lib/python3.7/site-packages/airflow/example_dags/example_latest_only_with_trigger.py
[2024-04-27T13:51:59.507+0000] {processor.py:743} INFO - Processing file /home/airflow/.local/lib/python3.7/site-packages/airflow/example_dags/example_latest_only_with_trigger.py for tasks to queue
[2024-04-27T13:51:59.509+0000] {logging_mixin.py:137} INFO - [2024-04-27T13:51:59.509+0000] {dagbag.py:538} INFO - Filling up the DagBag from /home/airflow/.local/lib/python3.7/site-packages/airflow/example_dags/example_latest_only_with_trigger.py
[2024-04-27T13:51:59.531+0000] {processor.py:753} INFO - DAG(s) dict_keys(['latest_only_with_trigger']) retrieved from /home/airflow/.local/lib/python3.7/site-packages/airflow/example_dags/example_latest_only_with_trigger.py
[2024-04-27T13:51:59.593+0000] {logging_mixin.py:137} INFO - [2024-04-27T13:51:59.592+0000] {dag.py:2690} INFO - Sync 1 DAGs
[2024-04-27T13:51:59.681+0000] {logging_mixin.py:137} INFO - [2024-04-27T13:51:59.681+0000] {dag.py:3441} INFO - Setting next_dagrun for latest_only_with_trigger to 2024-04-27T09:51:59.681154+00:00, run_after=2024-04-27T13:51:59.681154+00:00
[2024-04-27T13:51:59.716+0000] {processor.py:175} INFO - Processing /home/airflow/.local/lib/python3.7/site-packages/airflow/example_dags/example_latest_only_with_trigger.py took 0.215 seconds
[2024-04-27T13:52:30.255+0000] {processor.py:153} INFO - Started process (PID=1134) to work on /home/airflow/.local/lib/python3.7/site-packages/airflow/example_dags/example_latest_only_with_trigger.py
[2024-04-27T13:52:30.256+0000] {processor.py:743} INFO - Processing file /home/airflow/.local/lib/python3.7/site-packages/airflow/example_dags/example_latest_only_with_trigger.py for tasks to queue
[2024-04-27T13:52:30.257+0000] {logging_mixin.py:137} INFO - [2024-04-27T13:52:30.257+0000] {dagbag.py:538} INFO - Filling up the DagBag from /home/airflow/.local/lib/python3.7/site-packages/airflow/example_dags/example_latest_only_with_trigger.py
[2024-04-27T13:52:30.281+0000] {processor.py:753} INFO - DAG(s) dict_keys(['latest_only_with_trigger']) retrieved from /home/airflow/.local/lib/python3.7/site-packages/airflow/example_dags/example_latest_only_with_trigger.py
[2024-04-27T13:52:30.327+0000] {logging_mixin.py:137} INFO - [2024-04-27T13:52:30.327+0000] {dag.py:2690} INFO - Sync 1 DAGs
[2024-04-27T13:52:30.379+0000] {logging_mixin.py:137} INFO - [2024-04-27T13:52:30.378+0000] {dag.py:3441} INFO - Setting next_dagrun for latest_only_with_trigger to 2024-04-27T09:52:30.378417+00:00, run_after=2024-04-27T13:52:30.378417+00:00
[2024-04-27T13:52:30.418+0000] {processor.py:175} INFO - Processing /home/airflow/.local/lib/python3.7/site-packages/airflow/example_dags/example_latest_only_with_trigger.py took 0.168 seconds
[2024-04-27T13:53:01.156+0000] {processor.py:153} INFO - Started process (PID=1198) to work on /home/airflow/.local/lib/python3.7/site-packages/airflow/example_dags/example_latest_only_with_trigger.py
[2024-04-27T13:53:01.157+0000] {processor.py:743} INFO - Processing file /home/airflow/.local/lib/python3.7/site-packages/airflow/example_dags/example_latest_only_with_trigger.py for tasks to queue
[2024-04-27T13:53:01.158+0000] {logging_mixin.py:137} INFO - [2024-04-27T13:53:01.158+0000] {dagbag.py:538} INFO - Filling up the DagBag from /home/airflow/.local/lib/python3.7/site-packages/airflow/example_dags/example_latest_only_with_trigger.py
[2024-04-27T13:53:01.175+0000] {processor.py:753} INFO - DAG(s) dict_keys(['latest_only_with_trigger']) retrieved from /home/airflow/.local/lib/python3.7/site-packages/airflow/example_dags/example_latest_only_with_trigger.py
[2024-04-27T13:53:01.207+0000] {logging_mixin.py:137} INFO - [2024-04-27T13:53:01.207+0000] {dag.py:2690} INFO - Sync 1 DAGs
[2024-04-27T13:53:01.246+0000] {logging_mixin.py:137} INFO - [2024-04-27T13:53:01.246+0000] {dag.py:3441} INFO - Setting next_dagrun for latest_only_with_trigger to 2024-04-27T09:53:01.245739+00:00, run_after=2024-04-27T13:53:01.245739+00:00
[2024-04-27T13:53:01.281+0000] {processor.py:175} INFO - Processing /home/airflow/.local/lib/python3.7/site-packages/airflow/example_dags/example_latest_only_with_trigger.py took 0.128 seconds
[2024-04-27T13:53:32.533+0000] {processor.py:153} INFO - Started process (PID=1261) to work on /home/airflow/.local/lib/python3.7/site-packages/airflow/example_dags/example_latest_only_with_trigger.py
[2024-04-27T13:53:32.534+0000] {processor.py:743} INFO - Processing file /home/airflow/.local/lib/python3.7/site-packages/airflow/example_dags/example_latest_only_with_trigger.py for tasks to queue
[2024-04-27T13:53:32.535+0000] {logging_mixin.py:137} INFO - [2024-04-27T13:53:32.535+0000] {dagbag.py:538} INFO - Filling up the DagBag from /home/airflow/.local/lib/python3.7/site-packages/airflow/example_dags/example_latest_only_with_trigger.py
[2024-04-27T13:53:32.564+0000] {processor.py:753} INFO - DAG(s) dict_keys(['latest_only_with_trigger']) retrieved from /home/airflow/.local/lib/python3.7/site-packages/airflow/example_dags/example_latest_only_with_trigger.py
[2024-04-27T13:53:32.611+0000] {logging_mixin.py:137} INFO - [2024-04-27T13:53:32.611+0000] {dag.py:2690} INFO - Sync 1 DAGs
[2024-04-27T13:53:32.666+0000] {logging_mixin.py:137} INFO - [2024-04-27T13:53:32.666+0000] {dag.py:3441} INFO - Setting next_dagrun for latest_only_with_trigger to 2024-04-27T09:53:32.665828+00:00, run_after=2024-04-27T13:53:32.665828+00:00
[2024-04-27T13:53:32.701+0000] {processor.py:175} INFO - Processing /home/airflow/.local/lib/python3.7/site-packages/airflow/example_dags/example_latest_only_with_trigger.py took 0.174 seconds
[2024-04-27T13:54:03.380+0000] {processor.py:153} INFO - Started process (PID=1337) to work on /home/airflow/.local/lib/python3.7/site-packages/airflow/example_dags/example_latest_only_with_trigger.py
[2024-04-27T13:54:03.381+0000] {processor.py:743} INFO - Processing file /home/airflow/.local/lib/python3.7/site-packages/airflow/example_dags/example_latest_only_with_trigger.py for tasks to queue
[2024-04-27T13:54:03.382+0000] {logging_mixin.py:137} INFO - [2024-04-27T13:54:03.382+0000] {dagbag.py:538} INFO - Filling up the DagBag from /home/airflow/.local/lib/python3.7/site-packages/airflow/example_dags/example_latest_only_with_trigger.py
[2024-04-27T13:54:03.409+0000] {processor.py:753} INFO - DAG(s) dict_keys(['latest_only_with_trigger']) retrieved from /home/airflow/.local/lib/python3.7/site-packages/airflow/example_dags/example_latest_only_with_trigger.py
[2024-04-27T13:54:03.469+0000] {logging_mixin.py:137} INFO - [2024-04-27T13:54:03.468+0000] {dag.py:2690} INFO - Sync 1 DAGs
[2024-04-27T13:54:03.564+0000] {logging_mixin.py:137} INFO - [2024-04-27T13:54:03.564+0000] {dag.py:3441} INFO - Setting next_dagrun for latest_only_with_trigger to 2024-04-27T09:54:03.564063+00:00, run_after=2024-04-27T13:54:03.564063+00:00
[2024-04-27T13:54:03.626+0000] {processor.py:175} INFO - Processing /home/airflow/.local/lib/python3.7/site-packages/airflow/example_dags/example_latest_only_with_trigger.py took 0.252 seconds
[2024-04-27T14:03:21.118+0000] {processor.py:157} INFO - Started process (PID=75) to work on /home/airflow/.local/lib/python3.8/site-packages/airflow/example_dags/example_latest_only_with_trigger.py
[2024-04-27T14:03:21.120+0000] {processor.py:829} INFO - Processing file /home/airflow/.local/lib/python3.8/site-packages/airflow/example_dags/example_latest_only_with_trigger.py for tasks to queue
[2024-04-27T14:03:21.122+0000] {logging_mixin.py:151} INFO - [2024-04-27T14:03:21.122+0000] {dagbag.py:539} INFO - Filling up the DagBag from /home/airflow/.local/lib/python3.8/site-packages/airflow/example_dags/example_latest_only_with_trigger.py
[2024-04-27T14:03:21.133+0000] {processor.py:839} INFO - DAG(s) dict_keys(['latest_only_with_trigger']) retrieved from /home/airflow/.local/lib/python3.8/site-packages/airflow/example_dags/example_latest_only_with_trigger.py
[2024-04-27T14:03:21.387+0000] {logging_mixin.py:151} INFO - [2024-04-27T14:03:21.387+0000] {manager.py:501} INFO - Created Permission View: can read on DAG:latest_only_with_trigger
[2024-04-27T14:03:21.400+0000] {logging_mixin.py:151} INFO - [2024-04-27T14:03:21.400+0000] {manager.py:501} INFO - Created Permission View: can edit on DAG:latest_only_with_trigger
[2024-04-27T14:03:21.413+0000] {logging_mixin.py:151} INFO - [2024-04-27T14:03:21.413+0000] {manager.py:501} INFO - Created Permission View: can delete on DAG:latest_only_with_trigger
[2024-04-27T14:03:21.436+0000] {logging_mixin.py:151} INFO - [2024-04-27T14:03:21.435+0000] {dag.py:2907} INFO - Sync 1 DAGs
[2024-04-27T14:03:21.452+0000] {logging_mixin.py:151} INFO - [2024-04-27T14:03:21.451+0000] {dag.py:2929} INFO - Creating ORM DAG for latest_only_with_trigger
[2024-04-27T14:03:21.466+0000] {logging_mixin.py:151} INFO - [2024-04-27T14:03:21.466+0000] {dag.py:3677} INFO - Setting next_dagrun for latest_only_with_trigger to 2024-04-27T10:03:21.466105+00:00, run_after=2024-04-27T14:03:21.466105+00:00
[2024-04-27T14:03:21.497+0000] {processor.py:179} INFO - Processing /home/airflow/.local/lib/python3.8/site-packages/airflow/example_dags/example_latest_only_with_trigger.py took 0.382 seconds
[2024-04-27T14:03:52.307+0000] {processor.py:157} INFO - Started process (PID=138) to work on /home/airflow/.local/lib/python3.8/site-packages/airflow/example_dags/example_latest_only_with_trigger.py
[2024-04-27T14:03:52.309+0000] {processor.py:829} INFO - Processing file /home/airflow/.local/lib/python3.8/site-packages/airflow/example_dags/example_latest_only_with_trigger.py for tasks to queue
[2024-04-27T14:03:52.314+0000] {logging_mixin.py:151} INFO - [2024-04-27T14:03:52.313+0000] {dagbag.py:539} INFO - Filling up the DagBag from /home/airflow/.local/lib/python3.8/site-packages/airflow/example_dags/example_latest_only_with_trigger.py
[2024-04-27T14:03:52.323+0000] {processor.py:839} INFO - DAG(s) dict_keys(['latest_only_with_trigger']) retrieved from /home/airflow/.local/lib/python3.8/site-packages/airflow/example_dags/example_latest_only_with_trigger.py
[2024-04-27T14:03:52.357+0000] {logging_mixin.py:151} INFO - [2024-04-27T14:03:52.357+0000] {dag.py:2907} INFO - Sync 1 DAGs
[2024-04-27T14:03:52.389+0000] {logging_mixin.py:151} INFO - [2024-04-27T14:03:52.389+0000] {dag.py:3677} INFO - Setting next_dagrun for latest_only_with_trigger to 2024-04-27T10:03:52.388932+00:00, run_after=2024-04-27T14:03:52.388932+00:00
[2024-04-27T14:03:52.415+0000] {processor.py:179} INFO - Processing /home/airflow/.local/lib/python3.8/site-packages/airflow/example_dags/example_latest_only_with_trigger.py took 0.113 seconds
[2024-04-27T14:04:22.496+0000] {processor.py:157} INFO - Started process (PID=208) to work on /home/airflow/.local/lib/python3.8/site-packages/airflow/example_dags/example_latest_only_with_trigger.py
[2024-04-27T14:04:22.498+0000] {processor.py:829} INFO - Processing file /home/airflow/.local/lib/python3.8/site-packages/airflow/example_dags/example_latest_only_with_trigger.py for tasks to queue
[2024-04-27T14:04:22.501+0000] {logging_mixin.py:151} INFO - [2024-04-27T14:04:22.500+0000] {dagbag.py:539} INFO - Filling up the DagBag from /home/airflow/.local/lib/python3.8/site-packages/airflow/example_dags/example_latest_only_with_trigger.py
[2024-04-27T14:04:22.510+0000] {processor.py:839} INFO - DAG(s) dict_keys(['latest_only_with_trigger']) retrieved from /home/airflow/.local/lib/python3.8/site-packages/airflow/example_dags/example_latest_only_with_trigger.py
[2024-04-27T14:04:22.545+0000] {logging_mixin.py:151} INFO - [2024-04-27T14:04:22.545+0000] {dag.py:2907} INFO - Sync 1 DAGs
[2024-04-27T14:04:22.600+0000] {logging_mixin.py:151} INFO - [2024-04-27T14:04:22.600+0000] {dag.py:3677} INFO - Setting next_dagrun for latest_only_with_trigger to 2024-04-27T10:04:22.600035+00:00, run_after=2024-04-27T14:04:22.600035+00:00
[2024-04-27T14:04:22.690+0000] {processor.py:179} INFO - Processing /home/airflow/.local/lib/python3.8/site-packages/airflow/example_dags/example_latest_only_with_trigger.py took 0.200 seconds
[2024-04-27T14:04:52.952+0000] {processor.py:157} INFO - Started process (PID=271) to work on /home/airflow/.local/lib/python3.8/site-packages/airflow/example_dags/example_latest_only_with_trigger.py
[2024-04-27T14:04:52.953+0000] {processor.py:829} INFO - Processing file /home/airflow/.local/lib/python3.8/site-packages/airflow/example_dags/example_latest_only_with_trigger.py for tasks to queue
[2024-04-27T14:04:52.955+0000] {logging_mixin.py:151} INFO - [2024-04-27T14:04:52.955+0000] {dagbag.py:539} INFO - Filling up the DagBag from /home/airflow/.local/lib/python3.8/site-packages/airflow/example_dags/example_latest_only_with_trigger.py
[2024-04-27T14:04:52.963+0000] {processor.py:839} INFO - DAG(s) dict_keys(['latest_only_with_trigger']) retrieved from /home/airflow/.local/lib/python3.8/site-packages/airflow/example_dags/example_latest_only_with_trigger.py
[2024-04-27T14:04:52.993+0000] {logging_mixin.py:151} INFO - [2024-04-27T14:04:52.992+0000] {dag.py:2907} INFO - Sync 1 DAGs
[2024-04-27T14:04:53.024+0000] {logging_mixin.py:151} INFO - [2024-04-27T14:04:53.024+0000] {dag.py:3677} INFO - Setting next_dagrun for latest_only_with_trigger to 2024-04-27T10:04:53.024195+00:00, run_after=2024-04-27T14:04:53.024195+00:00
[2024-04-27T14:04:53.049+0000] {processor.py:179} INFO - Processing /home/airflow/.local/lib/python3.8/site-packages/airflow/example_dags/example_latest_only_with_trigger.py took 0.102 seconds
[2024-04-27T14:05:23.167+0000] {processor.py:157} INFO - Started process (PID=335) to work on /home/airflow/.local/lib/python3.8/site-packages/airflow/example_dags/example_latest_only_with_trigger.py
[2024-04-27T14:05:23.168+0000] {processor.py:829} INFO - Processing file /home/airflow/.local/lib/python3.8/site-packages/airflow/example_dags/example_latest_only_with_trigger.py for tasks to queue
[2024-04-27T14:05:23.171+0000] {logging_mixin.py:151} INFO - [2024-04-27T14:05:23.170+0000] {dagbag.py:539} INFO - Filling up the DagBag from /home/airflow/.local/lib/python3.8/site-packages/airflow/example_dags/example_latest_only_with_trigger.py
[2024-04-27T14:05:23.178+0000] {processor.py:839} INFO - DAG(s) dict_keys(['latest_only_with_trigger']) retrieved from /home/airflow/.local/lib/python3.8/site-packages/airflow/example_dags/example_latest_only_with_trigger.py
[2024-04-27T14:05:23.216+0000] {logging_mixin.py:151} INFO - [2024-04-27T14:05:23.216+0000] {dag.py:2907} INFO - Sync 1 DAGs
[2024-04-27T14:05:23.266+0000] {logging_mixin.py:151} INFO - [2024-04-27T14:05:23.266+0000] {dag.py:3677} INFO - Setting next_dagrun for latest_only_with_trigger to 2024-04-27T10:05:23.265695+00:00, run_after=2024-04-27T14:05:23.265695+00:00
[2024-04-27T14:05:23.321+0000] {processor.py:179} INFO - Processing /home/airflow/.local/lib/python3.8/site-packages/airflow/example_dags/example_latest_only_with_trigger.py took 0.159 seconds
[2024-04-27T14:05:53.479+0000] {processor.py:157} INFO - Started process (PID=399) to work on /home/airflow/.local/lib/python3.8/site-packages/airflow/example_dags/example_latest_only_with_trigger.py
[2024-04-27T14:05:53.480+0000] {processor.py:829} INFO - Processing file /home/airflow/.local/lib/python3.8/site-packages/airflow/example_dags/example_latest_only_with_trigger.py for tasks to queue
[2024-04-27T14:05:53.483+0000] {logging_mixin.py:151} INFO - [2024-04-27T14:05:53.482+0000] {dagbag.py:539} INFO - Filling up the DagBag from /home/airflow/.local/lib/python3.8/site-packages/airflow/example_dags/example_latest_only_with_trigger.py
[2024-04-27T14:05:53.489+0000] {processor.py:839} INFO - DAG(s) dict_keys(['latest_only_with_trigger']) retrieved from /home/airflow/.local/lib/python3.8/site-packages/airflow/example_dags/example_latest_only_with_trigger.py
[2024-04-27T14:05:53.517+0000] {logging_mixin.py:151} INFO - [2024-04-27T14:05:53.517+0000] {dag.py:2907} INFO - Sync 1 DAGs
[2024-04-27T14:05:53.550+0000] {logging_mixin.py:151} INFO - [2024-04-27T14:05:53.550+0000] {dag.py:3677} INFO - Setting next_dagrun for latest_only_with_trigger to 2024-04-27T10:05:53.550124+00:00, run_after=2024-04-27T14:05:53.550124+00:00
[2024-04-27T14:05:53.575+0000] {processor.py:179} INFO - Processing /home/airflow/.local/lib/python3.8/site-packages/airflow/example_dags/example_latest_only_with_trigger.py took 0.101 seconds
[2024-04-27T14:06:24.037+0000] {processor.py:157} INFO - Started process (PID=469) to work on /home/airflow/.local/lib/python3.8/site-packages/airflow/example_dags/example_latest_only_with_trigger.py
[2024-04-27T14:06:24.038+0000] {processor.py:829} INFO - Processing file /home/airflow/.local/lib/python3.8/site-packages/airflow/example_dags/example_latest_only_with_trigger.py for tasks to queue
[2024-04-27T14:06:24.041+0000] {logging_mixin.py:151} INFO - [2024-04-27T14:06:24.041+0000] {dagbag.py:539} INFO - Filling up the DagBag from /home/airflow/.local/lib/python3.8/site-packages/airflow/example_dags/example_latest_only_with_trigger.py
[2024-04-27T14:06:24.051+0000] {processor.py:839} INFO - DAG(s) dict_keys(['latest_only_with_trigger']) retrieved from /home/airflow/.local/lib/python3.8/site-packages/airflow/example_dags/example_latest_only_with_trigger.py
[2024-04-27T14:06:24.086+0000] {logging_mixin.py:151} INFO - [2024-04-27T14:06:24.086+0000] {dag.py:2907} INFO - Sync 1 DAGs
[2024-04-27T14:06:24.127+0000] {logging_mixin.py:151} INFO - [2024-04-27T14:06:24.127+0000] {dag.py:3677} INFO - Setting next_dagrun for latest_only_with_trigger to 2024-04-27T10:06:24.127215+00:00, run_after=2024-04-27T14:06:24.127215+00:00
[2024-04-27T14:06:24.158+0000] {processor.py:179} INFO - Processing /home/airflow/.local/lib/python3.8/site-packages/airflow/example_dags/example_latest_only_with_trigger.py took 0.126 seconds
[2024-04-27T14:06:54.494+0000] {processor.py:157} INFO - Started process (PID=534) to work on /home/airflow/.local/lib/python3.8/site-packages/airflow/example_dags/example_latest_only_with_trigger.py
[2024-04-27T14:06:54.495+0000] {processor.py:829} INFO - Processing file /home/airflow/.local/lib/python3.8/site-packages/airflow/example_dags/example_latest_only_with_trigger.py for tasks to queue
[2024-04-27T14:06:54.498+0000] {logging_mixin.py:151} INFO - [2024-04-27T14:06:54.497+0000] {dagbag.py:539} INFO - Filling up the DagBag from /home/airflow/.local/lib/python3.8/site-packages/airflow/example_dags/example_latest_only_with_trigger.py
[2024-04-27T14:06:54.508+0000] {processor.py:839} INFO - DAG(s) dict_keys(['latest_only_with_trigger']) retrieved from /home/airflow/.local/lib/python3.8/site-packages/airflow/example_dags/example_latest_only_with_trigger.py
[2024-04-27T14:06:54.542+0000] {logging_mixin.py:151} INFO - [2024-04-27T14:06:54.541+0000] {dag.py:2907} INFO - Sync 1 DAGs
[2024-04-27T14:06:54.569+0000] {logging_mixin.py:151} INFO - [2024-04-27T14:06:54.569+0000] {dag.py:3677} INFO - Setting next_dagrun for latest_only_with_trigger to 2024-04-27T10:06:54.569154+00:00, run_after=2024-04-27T14:06:54.569154+00:00
[2024-04-27T14:06:54.595+0000] {processor.py:179} INFO - Processing /home/airflow/.local/lib/python3.8/site-packages/airflow/example_dags/example_latest_only_with_trigger.py took 0.107 seconds
[2024-04-27T14:07:25.349+0000] {processor.py:157} INFO - Started process (PID=599) to work on /home/airflow/.local/lib/python3.8/site-packages/airflow/example_dags/example_latest_only_with_trigger.py
[2024-04-27T14:07:25.350+0000] {processor.py:829} INFO - Processing file /home/airflow/.local/lib/python3.8/site-packages/airflow/example_dags/example_latest_only_with_trigger.py for tasks to queue
[2024-04-27T14:07:25.352+0000] {logging_mixin.py:151} INFO - [2024-04-27T14:07:25.352+0000] {dagbag.py:539} INFO - Filling up the DagBag from /home/airflow/.local/lib/python3.8/site-packages/airflow/example_dags/example_latest_only_with_trigger.py
[2024-04-27T14:07:25.362+0000] {processor.py:839} INFO - DAG(s) dict_keys(['latest_only_with_trigger']) retrieved from /home/airflow/.local/lib/python3.8/site-packages/airflow/example_dags/example_latest_only_with_trigger.py
[2024-04-27T14:07:25.390+0000] {logging_mixin.py:151} INFO - [2024-04-27T14:07:25.389+0000] {dag.py:2907} INFO - Sync 1 DAGs
[2024-04-27T14:07:25.424+0000] {logging_mixin.py:151} INFO - [2024-04-27T14:07:25.424+0000] {dag.py:3677} INFO - Setting next_dagrun for latest_only_with_trigger to 2024-04-27T10:07:25.423978+00:00, run_after=2024-04-27T14:07:25.423978+00:00
[2024-04-27T14:07:25.452+0000] {processor.py:179} INFO - Processing /home/airflow/.local/lib/python3.8/site-packages/airflow/example_dags/example_latest_only_with_trigger.py took 0.107 seconds
[2024-04-27T14:11:49.666+0000] {processor.py:157} INFO - Started process (PID=74) to work on /home/airflow/.local/lib/python3.8/site-packages/airflow/example_dags/example_latest_only_with_trigger.py
[2024-04-27T14:11:49.667+0000] {processor.py:829} INFO - Processing file /home/airflow/.local/lib/python3.8/site-packages/airflow/example_dags/example_latest_only_with_trigger.py for tasks to queue
[2024-04-27T14:11:49.673+0000] {logging_mixin.py:151} INFO - [2024-04-27T14:11:49.672+0000] {dagbag.py:539} INFO - Filling up the DagBag from /home/airflow/.local/lib/python3.8/site-packages/airflow/example_dags/example_latest_only_with_trigger.py
[2024-04-27T14:11:49.690+0000] {processor.py:839} INFO - DAG(s) dict_keys(['latest_only_with_trigger']) retrieved from /home/airflow/.local/lib/python3.8/site-packages/airflow/example_dags/example_latest_only_with_trigger.py
[2024-04-27T14:11:49.903+0000] {logging_mixin.py:151} INFO - [2024-04-27T14:11:49.903+0000] {dag.py:2907} INFO - Sync 1 DAGs
[2024-04-27T14:11:49.944+0000] {logging_mixin.py:151} INFO - [2024-04-27T14:11:49.944+0000] {dag.py:3677} INFO - Setting next_dagrun for latest_only_with_trigger to 2024-04-27T10:11:49.943974+00:00, run_after=2024-04-27T14:11:49.943974+00:00
[2024-04-27T14:11:49.971+0000] {processor.py:179} INFO - Processing /home/airflow/.local/lib/python3.8/site-packages/airflow/example_dags/example_latest_only_with_trigger.py took 0.311 seconds
[2024-04-27T14:12:20.477+0000] {processor.py:157} INFO - Started process (PID=137) to work on /home/airflow/.local/lib/python3.8/site-packages/airflow/example_dags/example_latest_only_with_trigger.py
[2024-04-27T14:12:20.478+0000] {processor.py:829} INFO - Processing file /home/airflow/.local/lib/python3.8/site-packages/airflow/example_dags/example_latest_only_with_trigger.py for tasks to queue
[2024-04-27T14:12:20.481+0000] {logging_mixin.py:151} INFO - [2024-04-27T14:12:20.480+0000] {dagbag.py:539} INFO - Filling up the DagBag from /home/airflow/.local/lib/python3.8/site-packages/airflow/example_dags/example_latest_only_with_trigger.py
[2024-04-27T14:12:20.490+0000] {processor.py:839} INFO - DAG(s) dict_keys(['latest_only_with_trigger']) retrieved from /home/airflow/.local/lib/python3.8/site-packages/airflow/example_dags/example_latest_only_with_trigger.py
[2024-04-27T14:12:20.526+0000] {logging_mixin.py:151} INFO - [2024-04-27T14:12:20.525+0000] {dag.py:2907} INFO - Sync 1 DAGs
[2024-04-27T14:12:20.562+0000] {logging_mixin.py:151} INFO - [2024-04-27T14:12:20.562+0000] {dag.py:3677} INFO - Setting next_dagrun for latest_only_with_trigger to 2024-04-27T10:12:20.561683+00:00, run_after=2024-04-27T14:12:20.561683+00:00
[2024-04-27T14:12:20.590+0000] {processor.py:179} INFO - Processing /home/airflow/.local/lib/python3.8/site-packages/airflow/example_dags/example_latest_only_with_trigger.py took 0.117 seconds
[2024-04-27T14:12:51.511+0000] {processor.py:157} INFO - Started process (PID=200) to work on /home/airflow/.local/lib/python3.8/site-packages/airflow/example_dags/example_latest_only_with_trigger.py
[2024-04-27T14:12:51.512+0000] {processor.py:829} INFO - Processing file /home/airflow/.local/lib/python3.8/site-packages/airflow/example_dags/example_latest_only_with_trigger.py for tasks to queue
[2024-04-27T14:12:51.515+0000] {logging_mixin.py:151} INFO - [2024-04-27T14:12:51.515+0000] {dagbag.py:539} INFO - Filling up the DagBag from /home/airflow/.local/lib/python3.8/site-packages/airflow/example_dags/example_latest_only_with_trigger.py
[2024-04-27T14:12:51.526+0000] {processor.py:839} INFO - DAG(s) dict_keys(['latest_only_with_trigger']) retrieved from /home/airflow/.local/lib/python3.8/site-packages/airflow/example_dags/example_latest_only_with_trigger.py
[2024-04-27T14:12:51.569+0000] {logging_mixin.py:151} INFO - [2024-04-27T14:12:51.569+0000] {dag.py:2907} INFO - Sync 1 DAGs
[2024-04-27T14:12:51.613+0000] {logging_mixin.py:151} INFO - [2024-04-27T14:12:51.612+0000] {dag.py:3677} INFO - Setting next_dagrun for latest_only_with_trigger to 2024-04-27T10:12:51.611928+00:00, run_after=2024-04-27T14:12:51.611928+00:00
[2024-04-27T14:12:51.649+0000] {processor.py:179} INFO - Processing /home/airflow/.local/lib/python3.8/site-packages/airflow/example_dags/example_latest_only_with_trigger.py took 0.146 seconds
[2024-04-27T14:13:22.226+0000] {processor.py:157} INFO - Started process (PID=269) to work on /home/airflow/.local/lib/python3.8/site-packages/airflow/example_dags/example_latest_only_with_trigger.py
[2024-04-27T14:13:22.227+0000] {processor.py:829} INFO - Processing file /home/airflow/.local/lib/python3.8/site-packages/airflow/example_dags/example_latest_only_with_trigger.py for tasks to queue
[2024-04-27T14:13:22.230+0000] {logging_mixin.py:151} INFO - [2024-04-27T14:13:22.229+0000] {dagbag.py:539} INFO - Filling up the DagBag from /home/airflow/.local/lib/python3.8/site-packages/airflow/example_dags/example_latest_only_with_trigger.py
[2024-04-27T14:13:22.240+0000] {processor.py:839} INFO - DAG(s) dict_keys(['latest_only_with_trigger']) retrieved from /home/airflow/.local/lib/python3.8/site-packages/airflow/example_dags/example_latest_only_with_trigger.py
[2024-04-27T14:13:22.278+0000] {logging_mixin.py:151} INFO - [2024-04-27T14:13:22.277+0000] {dag.py:2907} INFO - Sync 1 DAGs
[2024-04-27T14:13:22.376+0000] {logging_mixin.py:151} INFO - [2024-04-27T14:13:22.376+0000] {dag.py:3677} INFO - Setting next_dagrun for latest_only_with_trigger to 2024-04-27T10:13:22.376032+00:00, run_after=2024-04-27T14:13:22.376032+00:00
[2024-04-27T14:13:22.426+0000] {processor.py:179} INFO - Processing /home/airflow/.local/lib/python3.8/site-packages/airflow/example_dags/example_latest_only_with_trigger.py took 0.210 seconds
[2024-04-27T14:13:53.198+0000] {processor.py:157} INFO - Started process (PID=332) to work on /home/airflow/.local/lib/python3.8/site-packages/airflow/example_dags/example_latest_only_with_trigger.py
[2024-04-27T14:13:53.199+0000] {processor.py:829} INFO - Processing file /home/airflow/.local/lib/python3.8/site-packages/airflow/example_dags/example_latest_only_with_trigger.py for tasks to queue
[2024-04-27T14:13:53.202+0000] {logging_mixin.py:151} INFO - [2024-04-27T14:13:53.201+0000] {dagbag.py:539} INFO - Filling up the DagBag from /home/airflow/.local/lib/python3.8/site-packages/airflow/example_dags/example_latest_only_with_trigger.py
[2024-04-27T14:13:53.209+0000] {processor.py:839} INFO - DAG(s) dict_keys(['latest_only_with_trigger']) retrieved from /home/airflow/.local/lib/python3.8/site-packages/airflow/example_dags/example_latest_only_with_trigger.py
[2024-04-27T14:13:53.251+0000] {logging_mixin.py:151} INFO - [2024-04-27T14:13:53.251+0000] {dag.py:2907} INFO - Sync 1 DAGs
[2024-04-27T14:13:53.288+0000] {logging_mixin.py:151} INFO - [2024-04-27T14:13:53.288+0000] {dag.py:3677} INFO - Setting next_dagrun for latest_only_with_trigger to 2024-04-27T10:13:53.287929+00:00, run_after=2024-04-27T14:13:53.287929+00:00
[2024-04-27T14:13:53.317+0000] {processor.py:179} INFO - Processing /home/airflow/.local/lib/python3.8/site-packages/airflow/example_dags/example_latest_only_with_trigger.py took 0.122 seconds
[2024-04-27T14:14:23.768+0000] {processor.py:157} INFO - Started process (PID=396) to work on /home/airflow/.local/lib/python3.8/site-packages/airflow/example_dags/example_latest_only_with_trigger.py
[2024-04-27T14:14:23.769+0000] {processor.py:829} INFO - Processing file /home/airflow/.local/lib/python3.8/site-packages/airflow/example_dags/example_latest_only_with_trigger.py for tasks to queue
[2024-04-27T14:14:23.772+0000] {logging_mixin.py:151} INFO - [2024-04-27T14:14:23.771+0000] {dagbag.py:539} INFO - Filling up the DagBag from /home/airflow/.local/lib/python3.8/site-packages/airflow/example_dags/example_latest_only_with_trigger.py
[2024-04-27T14:14:23.781+0000] {processor.py:839} INFO - DAG(s) dict_keys(['latest_only_with_trigger']) retrieved from /home/airflow/.local/lib/python3.8/site-packages/airflow/example_dags/example_latest_only_with_trigger.py
[2024-04-27T14:14:23.816+0000] {logging_mixin.py:151} INFO - [2024-04-27T14:14:23.816+0000] {dag.py:2907} INFO - Sync 1 DAGs
[2024-04-27T14:14:23.851+0000] {logging_mixin.py:151} INFO - [2024-04-27T14:14:23.851+0000] {dag.py:3677} INFO - Setting next_dagrun for latest_only_with_trigger to 2024-04-27T10:14:23.851026+00:00, run_after=2024-04-27T14:14:23.851026+00:00
[2024-04-27T14:14:23.880+0000] {processor.py:179} INFO - Processing /home/airflow/.local/lib/python3.8/site-packages/airflow/example_dags/example_latest_only_with_trigger.py took 0.118 seconds
[2024-04-27T14:14:54.830+0000] {processor.py:157} INFO - Started process (PID=468) to work on /home/airflow/.local/lib/python3.8/site-packages/airflow/example_dags/example_latest_only_with_trigger.py
[2024-04-27T14:14:54.839+0000] {processor.py:829} INFO - Processing file /home/airflow/.local/lib/python3.8/site-packages/airflow/example_dags/example_latest_only_with_trigger.py for tasks to queue
[2024-04-27T14:14:54.842+0000] {logging_mixin.py:151} INFO - [2024-04-27T14:14:54.842+0000] {dagbag.py:539} INFO - Filling up the DagBag from /home/airflow/.local/lib/python3.8/site-packages/airflow/example_dags/example_latest_only_with_trigger.py
[2024-04-27T14:14:54.860+0000] {processor.py:839} INFO - DAG(s) dict_keys(['latest_only_with_trigger']) retrieved from /home/airflow/.local/lib/python3.8/site-packages/airflow/example_dags/example_latest_only_with_trigger.py
[2024-04-27T14:14:54.956+0000] {logging_mixin.py:151} INFO - [2024-04-27T14:14:54.955+0000] {dag.py:2907} INFO - Sync 1 DAGs
[2024-04-27T14:14:55.011+0000] {logging_mixin.py:151} INFO - [2024-04-27T14:14:55.011+0000] {dag.py:3677} INFO - Setting next_dagrun for latest_only_with_trigger to 2024-04-27T10:14:55.011073+00:00, run_after=2024-04-27T14:14:55.011073+00:00
[2024-04-27T14:14:55.084+0000] {processor.py:179} INFO - Processing /home/airflow/.local/lib/python3.8/site-packages/airflow/example_dags/example_latest_only_with_trigger.py took 0.259 seconds
[2024-04-27T14:15:25.486+0000] {processor.py:157} INFO - Started process (PID=533) to work on /home/airflow/.local/lib/python3.8/site-packages/airflow/example_dags/example_latest_only_with_trigger.py
[2024-04-27T14:15:25.487+0000] {processor.py:829} INFO - Processing file /home/airflow/.local/lib/python3.8/site-packages/airflow/example_dags/example_latest_only_with_trigger.py for tasks to queue
[2024-04-27T14:15:25.490+0000] {logging_mixin.py:151} INFO - [2024-04-27T14:15:25.490+0000] {dagbag.py:539} INFO - Filling up the DagBag from /home/airflow/.local/lib/python3.8/site-packages/airflow/example_dags/example_latest_only_with_trigger.py
[2024-04-27T14:15:25.502+0000] {processor.py:839} INFO - DAG(s) dict_keys(['latest_only_with_trigger']) retrieved from /home/airflow/.local/lib/python3.8/site-packages/airflow/example_dags/example_latest_only_with_trigger.py
[2024-04-27T14:15:25.538+0000] {logging_mixin.py:151} INFO - [2024-04-27T14:15:25.537+0000] {dag.py:2907} INFO - Sync 1 DAGs
[2024-04-27T14:15:25.579+0000] {logging_mixin.py:151} INFO - [2024-04-27T14:15:25.578+0000] {dag.py:3677} INFO - Setting next_dagrun for latest_only_with_trigger to 2024-04-27T10:15:25.578588+00:00, run_after=2024-04-27T14:15:25.578588+00:00
[2024-04-27T14:15:25.608+0000] {processor.py:179} INFO - Processing /home/airflow/.local/lib/python3.8/site-packages/airflow/example_dags/example_latest_only_with_trigger.py took 0.127 seconds
[2024-04-27T14:15:55.739+0000] {processor.py:157} INFO - Started process (PID=598) to work on /home/airflow/.local/lib/python3.8/site-packages/airflow/example_dags/example_latest_only_with_trigger.py
[2024-04-27T14:15:55.740+0000] {processor.py:829} INFO - Processing file /home/airflow/.local/lib/python3.8/site-packages/airflow/example_dags/example_latest_only_with_trigger.py for tasks to queue
[2024-04-27T14:15:55.743+0000] {logging_mixin.py:151} INFO - [2024-04-27T14:15:55.743+0000] {dagbag.py:539} INFO - Filling up the DagBag from /home/airflow/.local/lib/python3.8/site-packages/airflow/example_dags/example_latest_only_with_trigger.py
[2024-04-27T14:15:55.751+0000] {processor.py:839} INFO - DAG(s) dict_keys(['latest_only_with_trigger']) retrieved from /home/airflow/.local/lib/python3.8/site-packages/airflow/example_dags/example_latest_only_with_trigger.py
[2024-04-27T14:15:55.786+0000] {logging_mixin.py:151} INFO - [2024-04-27T14:15:55.785+0000] {dag.py:2907} INFO - Sync 1 DAGs
[2024-04-27T14:15:55.820+0000] {logging_mixin.py:151} INFO - [2024-04-27T14:15:55.820+0000] {dag.py:3677} INFO - Setting next_dagrun for latest_only_with_trigger to 2024-04-27T10:15:55.820312+00:00, run_after=2024-04-27T14:15:55.820312+00:00
[2024-04-27T14:15:55.844+0000] {processor.py:179} INFO - Processing /home/airflow/.local/lib/python3.8/site-packages/airflow/example_dags/example_latest_only_with_trigger.py took 0.110 seconds
[2024-04-27T14:16:26.567+0000] {processor.py:157} INFO - Started process (PID=661) to work on /home/airflow/.local/lib/python3.8/site-packages/airflow/example_dags/example_latest_only_with_trigger.py
[2024-04-27T14:16:26.568+0000] {processor.py:829} INFO - Processing file /home/airflow/.local/lib/python3.8/site-packages/airflow/example_dags/example_latest_only_with_trigger.py for tasks to queue
[2024-04-27T14:16:26.571+0000] {logging_mixin.py:151} INFO - [2024-04-27T14:16:26.570+0000] {dagbag.py:539} INFO - Filling up the DagBag from /home/airflow/.local/lib/python3.8/site-packages/airflow/example_dags/example_latest_only_with_trigger.py
[2024-04-27T14:16:26.580+0000] {processor.py:839} INFO - DAG(s) dict_keys(['latest_only_with_trigger']) retrieved from /home/airflow/.local/lib/python3.8/site-packages/airflow/example_dags/example_latest_only_with_trigger.py
[2024-04-27T14:16:26.615+0000] {logging_mixin.py:151} INFO - [2024-04-27T14:16:26.615+0000] {dag.py:2907} INFO - Sync 1 DAGs
[2024-04-27T14:16:26.656+0000] {logging_mixin.py:151} INFO - [2024-04-27T14:16:26.655+0000] {dag.py:3677} INFO - Setting next_dagrun for latest_only_with_trigger to 2024-04-27T10:16:26.655461+00:00, run_after=2024-04-27T14:16:26.655461+00:00
[2024-04-27T14:16:26.685+0000] {processor.py:179} INFO - Processing /home/airflow/.local/lib/python3.8/site-packages/airflow/example_dags/example_latest_only_with_trigger.py took 0.124 seconds
[2024-04-27T14:16:57.157+0000] {processor.py:157} INFO - Started process (PID=734) to work on /home/airflow/.local/lib/python3.8/site-packages/airflow/example_dags/example_latest_only_with_trigger.py
[2024-04-27T14:16:57.163+0000] {processor.py:829} INFO - Processing file /home/airflow/.local/lib/python3.8/site-packages/airflow/example_dags/example_latest_only_with_trigger.py for tasks to queue
[2024-04-27T14:16:57.166+0000] {logging_mixin.py:151} INFO - [2024-04-27T14:16:57.166+0000] {dagbag.py:539} INFO - Filling up the DagBag from /home/airflow/.local/lib/python3.8/site-packages/airflow/example_dags/example_latest_only_with_trigger.py
[2024-04-27T14:16:57.188+0000] {processor.py:839} INFO - DAG(s) dict_keys(['latest_only_with_trigger']) retrieved from /home/airflow/.local/lib/python3.8/site-packages/airflow/example_dags/example_latest_only_with_trigger.py
[2024-04-27T14:16:57.250+0000] {logging_mixin.py:151} INFO - [2024-04-27T14:16:57.250+0000] {dag.py:2907} INFO - Sync 1 DAGs
[2024-04-27T14:16:57.322+0000] {logging_mixin.py:151} INFO - [2024-04-27T14:16:57.322+0000] {dag.py:3677} INFO - Setting next_dagrun for latest_only_with_trigger to 2024-04-27T10:16:57.321883+00:00, run_after=2024-04-27T14:16:57.321883+00:00
[2024-04-27T14:16:57.384+0000] {processor.py:179} INFO - Processing /home/airflow/.local/lib/python3.8/site-packages/airflow/example_dags/example_latest_only_with_trigger.py took 0.236 seconds
[2024-04-27T14:17:27.848+0000] {processor.py:157} INFO - Started process (PID=797) to work on /home/airflow/.local/lib/python3.8/site-packages/airflow/example_dags/example_latest_only_with_trigger.py
[2024-04-27T14:17:27.849+0000] {processor.py:829} INFO - Processing file /home/airflow/.local/lib/python3.8/site-packages/airflow/example_dags/example_latest_only_with_trigger.py for tasks to queue
[2024-04-27T14:17:27.852+0000] {logging_mixin.py:151} INFO - [2024-04-27T14:17:27.851+0000] {dagbag.py:539} INFO - Filling up the DagBag from /home/airflow/.local/lib/python3.8/site-packages/airflow/example_dags/example_latest_only_with_trigger.py
[2024-04-27T14:17:27.860+0000] {processor.py:839} INFO - DAG(s) dict_keys(['latest_only_with_trigger']) retrieved from /home/airflow/.local/lib/python3.8/site-packages/airflow/example_dags/example_latest_only_with_trigger.py
[2024-04-27T14:17:27.947+0000] {logging_mixin.py:151} INFO - [2024-04-27T14:17:27.947+0000] {dag.py:2907} INFO - Sync 1 DAGs
[2024-04-27T14:17:28.013+0000] {logging_mixin.py:151} INFO - [2024-04-27T14:17:28.013+0000] {dag.py:3677} INFO - Setting next_dagrun for latest_only_with_trigger to 2024-04-27T10:17:28.012842+00:00, run_after=2024-04-27T14:17:28.012842+00:00
[2024-04-27T14:17:28.068+0000] {processor.py:179} INFO - Processing /home/airflow/.local/lib/python3.8/site-packages/airflow/example_dags/example_latest_only_with_trigger.py took 0.225 seconds
[2024-04-27T14:17:58.991+0000] {processor.py:157} INFO - Started process (PID=862) to work on /home/airflow/.local/lib/python3.8/site-packages/airflow/example_dags/example_latest_only_with_trigger.py
[2024-04-27T14:17:58.992+0000] {processor.py:829} INFO - Processing file /home/airflow/.local/lib/python3.8/site-packages/airflow/example_dags/example_latest_only_with_trigger.py for tasks to queue
[2024-04-27T14:17:58.996+0000] {logging_mixin.py:151} INFO - [2024-04-27T14:17:58.995+0000] {dagbag.py:539} INFO - Filling up the DagBag from /home/airflow/.local/lib/python3.8/site-packages/airflow/example_dags/example_latest_only_with_trigger.py
[2024-04-27T14:17:59.006+0000] {processor.py:839} INFO - DAG(s) dict_keys(['latest_only_with_trigger']) retrieved from /home/airflow/.local/lib/python3.8/site-packages/airflow/example_dags/example_latest_only_with_trigger.py
[2024-04-27T14:17:59.035+0000] {logging_mixin.py:151} INFO - [2024-04-27T14:17:59.035+0000] {dag.py:2907} INFO - Sync 1 DAGs
[2024-04-27T14:17:59.067+0000] {logging_mixin.py:151} INFO - [2024-04-27T14:17:59.066+0000] {dag.py:3677} INFO - Setting next_dagrun for latest_only_with_trigger to 2024-04-27T10:17:59.066538+00:00, run_after=2024-04-27T14:17:59.066538+00:00
[2024-04-27T14:17:59.092+0000] {processor.py:179} INFO - Processing /home/airflow/.local/lib/python3.8/site-packages/airflow/example_dags/example_latest_only_with_trigger.py took 0.107 seconds
[2024-04-27T14:18:29.776+0000] {processor.py:157} INFO - Started process (PID=926) to work on /home/airflow/.local/lib/python3.8/site-packages/airflow/example_dags/example_latest_only_with_trigger.py
[2024-04-27T14:18:29.777+0000] {processor.py:829} INFO - Processing file /home/airflow/.local/lib/python3.8/site-packages/airflow/example_dags/example_latest_only_with_trigger.py for tasks to queue
[2024-04-27T14:18:29.780+0000] {logging_mixin.py:151} INFO - [2024-04-27T14:18:29.780+0000] {dagbag.py:539} INFO - Filling up the DagBag from /home/airflow/.local/lib/python3.8/site-packages/airflow/example_dags/example_latest_only_with_trigger.py
[2024-04-27T14:18:29.789+0000] {processor.py:839} INFO - DAG(s) dict_keys(['latest_only_with_trigger']) retrieved from /home/airflow/.local/lib/python3.8/site-packages/airflow/example_dags/example_latest_only_with_trigger.py
[2024-04-27T14:18:29.827+0000] {logging_mixin.py:151} INFO - [2024-04-27T14:18:29.826+0000] {dag.py:2907} INFO - Sync 1 DAGs
[2024-04-27T14:18:29.867+0000] {logging_mixin.py:151} INFO - [2024-04-27T14:18:29.867+0000] {dag.py:3677} INFO - Setting next_dagrun for latest_only_with_trigger to 2024-04-27T10:18:29.867281+00:00, run_after=2024-04-27T14:18:29.867281+00:00
[2024-04-27T14:18:29.896+0000] {processor.py:179} INFO - Processing /home/airflow/.local/lib/python3.8/site-packages/airflow/example_dags/example_latest_only_with_trigger.py took 0.125 seconds
[2024-04-27T14:19:01.025+0000] {processor.py:157} INFO - Started process (PID=996) to work on /home/airflow/.local/lib/python3.8/site-packages/airflow/example_dags/example_latest_only_with_trigger.py
[2024-04-27T14:19:01.027+0000] {processor.py:829} INFO - Processing file /home/airflow/.local/lib/python3.8/site-packages/airflow/example_dags/example_latest_only_with_trigger.py for tasks to queue
[2024-04-27T14:19:01.030+0000] {logging_mixin.py:151} INFO - [2024-04-27T14:19:01.030+0000] {dagbag.py:539} INFO - Filling up the DagBag from /home/airflow/.local/lib/python3.8/site-packages/airflow/example_dags/example_latest_only_with_trigger.py
[2024-04-27T14:19:01.040+0000] {processor.py:839} INFO - DAG(s) dict_keys(['latest_only_with_trigger']) retrieved from /home/airflow/.local/lib/python3.8/site-packages/airflow/example_dags/example_latest_only_with_trigger.py
[2024-04-27T14:19:01.080+0000] {logging_mixin.py:151} INFO - [2024-04-27T14:19:01.080+0000] {dag.py:2907} INFO - Sync 1 DAGs
[2024-04-27T14:19:01.127+0000] {logging_mixin.py:151} INFO - [2024-04-27T14:19:01.127+0000] {dag.py:3677} INFO - Setting next_dagrun for latest_only_with_trigger to 2024-04-27T10:19:01.127026+00:00, run_after=2024-04-27T14:19:01.127026+00:00
[2024-04-27T14:19:01.177+0000] {processor.py:179} INFO - Processing /home/airflow/.local/lib/python3.8/site-packages/airflow/example_dags/example_latest_only_with_trigger.py took 0.157 seconds
[2024-04-27T14:19:31.336+0000] {processor.py:157} INFO - Started process (PID=1059) to work on /home/airflow/.local/lib/python3.8/site-packages/airflow/example_dags/example_latest_only_with_trigger.py
[2024-04-27T14:19:31.337+0000] {processor.py:829} INFO - Processing file /home/airflow/.local/lib/python3.8/site-packages/airflow/example_dags/example_latest_only_with_trigger.py for tasks to queue
[2024-04-27T14:19:31.340+0000] {logging_mixin.py:151} INFO - [2024-04-27T14:19:31.340+0000] {dagbag.py:539} INFO - Filling up the DagBag from /home/airflow/.local/lib/python3.8/site-packages/airflow/example_dags/example_latest_only_with_trigger.py
[2024-04-27T14:19:31.351+0000] {processor.py:839} INFO - DAG(s) dict_keys(['latest_only_with_trigger']) retrieved from /home/airflow/.local/lib/python3.8/site-packages/airflow/example_dags/example_latest_only_with_trigger.py
[2024-04-27T14:19:31.397+0000] {logging_mixin.py:151} INFO - [2024-04-27T14:19:31.397+0000] {dag.py:2907} INFO - Sync 1 DAGs
[2024-04-27T14:19:31.444+0000] {logging_mixin.py:151} INFO - [2024-04-27T14:19:31.444+0000] {dag.py:3677} INFO - Setting next_dagrun for latest_only_with_trigger to 2024-04-27T10:19:31.443680+00:00, run_after=2024-04-27T14:19:31.443680+00:00
[2024-04-27T14:19:31.474+0000] {processor.py:179} INFO - Processing /home/airflow/.local/lib/python3.8/site-packages/airflow/example_dags/example_latest_only_with_trigger.py took 0.144 seconds
[2024-04-27T14:20:01.875+0000] {processor.py:157} INFO - Started process (PID=1122) to work on /home/airflow/.local/lib/python3.8/site-packages/airflow/example_dags/example_latest_only_with_trigger.py
[2024-04-27T14:20:01.876+0000] {processor.py:829} INFO - Processing file /home/airflow/.local/lib/python3.8/site-packages/airflow/example_dags/example_latest_only_with_trigger.py for tasks to queue
[2024-04-27T14:20:01.878+0000] {logging_mixin.py:151} INFO - [2024-04-27T14:20:01.878+0000] {dagbag.py:539} INFO - Filling up the DagBag from /home/airflow/.local/lib/python3.8/site-packages/airflow/example_dags/example_latest_only_with_trigger.py
[2024-04-27T14:20:01.885+0000] {processor.py:839} INFO - DAG(s) dict_keys(['latest_only_with_trigger']) retrieved from /home/airflow/.local/lib/python3.8/site-packages/airflow/example_dags/example_latest_only_with_trigger.py
[2024-04-27T14:20:01.912+0000] {logging_mixin.py:151} INFO - [2024-04-27T14:20:01.911+0000] {dag.py:2907} INFO - Sync 1 DAGs
[2024-04-27T14:20:01.940+0000] {logging_mixin.py:151} INFO - [2024-04-27T14:20:01.939+0000] {dag.py:3677} INFO - Setting next_dagrun for latest_only_with_trigger to 2024-04-27T10:20:01.939711+00:00, run_after=2024-04-27T14:20:01.939711+00:00
[2024-04-27T14:20:01.968+0000] {processor.py:179} INFO - Processing /home/airflow/.local/lib/python3.8/site-packages/airflow/example_dags/example_latest_only_with_trigger.py took 0.097 seconds
[2024-04-27T14:20:32.097+0000] {processor.py:157} INFO - Started process (PID=1195) to work on /home/airflow/.local/lib/python3.8/site-packages/airflow/example_dags/example_latest_only_with_trigger.py
[2024-04-27T14:20:32.099+0000] {processor.py:829} INFO - Processing file /home/airflow/.local/lib/python3.8/site-packages/airflow/example_dags/example_latest_only_with_trigger.py for tasks to queue
[2024-04-27T14:20:32.102+0000] {logging_mixin.py:151} INFO - [2024-04-27T14:20:32.101+0000] {dagbag.py:539} INFO - Filling up the DagBag from /home/airflow/.local/lib/python3.8/site-packages/airflow/example_dags/example_latest_only_with_trigger.py
[2024-04-27T14:20:32.111+0000] {processor.py:839} INFO - DAG(s) dict_keys(['latest_only_with_trigger']) retrieved from /home/airflow/.local/lib/python3.8/site-packages/airflow/example_dags/example_latest_only_with_trigger.py
[2024-04-27T14:20:32.146+0000] {logging_mixin.py:151} INFO - [2024-04-27T14:20:32.146+0000] {dag.py:2907} INFO - Sync 1 DAGs
[2024-04-27T14:20:32.187+0000] {logging_mixin.py:151} INFO - [2024-04-27T14:20:32.186+0000] {dag.py:3677} INFO - Setting next_dagrun for latest_only_with_trigger to 2024-04-27T10:20:32.186460+00:00, run_after=2024-04-27T14:20:32.186460+00:00
[2024-04-27T14:20:32.216+0000] {processor.py:179} INFO - Processing /home/airflow/.local/lib/python3.8/site-packages/airflow/example_dags/example_latest_only_with_trigger.py took 0.124 seconds
[2024-04-27T14:21:02.543+0000] {processor.py:157} INFO - Started process (PID=1257) to work on /home/airflow/.local/lib/python3.8/site-packages/airflow/example_dags/example_latest_only_with_trigger.py
[2024-04-27T14:21:02.547+0000] {processor.py:829} INFO - Processing file /home/airflow/.local/lib/python3.8/site-packages/airflow/example_dags/example_latest_only_with_trigger.py for tasks to queue
[2024-04-27T14:21:02.550+0000] {logging_mixin.py:151} INFO - [2024-04-27T14:21:02.550+0000] {dagbag.py:539} INFO - Filling up the DagBag from /home/airflow/.local/lib/python3.8/site-packages/airflow/example_dags/example_latest_only_with_trigger.py
[2024-04-27T14:21:02.560+0000] {processor.py:839} INFO - DAG(s) dict_keys(['latest_only_with_trigger']) retrieved from /home/airflow/.local/lib/python3.8/site-packages/airflow/example_dags/example_latest_only_with_trigger.py
[2024-04-27T14:21:02.593+0000] {logging_mixin.py:151} INFO - [2024-04-27T14:21:02.593+0000] {dag.py:2907} INFO - Sync 1 DAGs
[2024-04-27T14:21:02.640+0000] {logging_mixin.py:151} INFO - [2024-04-27T14:21:02.640+0000] {dag.py:3677} INFO - Setting next_dagrun for latest_only_with_trigger to 2024-04-27T10:21:02.639022+00:00, run_after=2024-04-27T14:21:02.639022+00:00
[2024-04-27T14:21:02.668+0000] {processor.py:179} INFO - Processing /home/airflow/.local/lib/python3.8/site-packages/airflow/example_dags/example_latest_only_with_trigger.py took 0.133 seconds
[2024-04-27T14:21:33.540+0000] {processor.py:157} INFO - Started process (PID=1322) to work on /home/airflow/.local/lib/python3.8/site-packages/airflow/example_dags/example_latest_only_with_trigger.py
[2024-04-27T14:21:33.541+0000] {processor.py:829} INFO - Processing file /home/airflow/.local/lib/python3.8/site-packages/airflow/example_dags/example_latest_only_with_trigger.py for tasks to queue
[2024-04-27T14:21:33.543+0000] {logging_mixin.py:151} INFO - [2024-04-27T14:21:33.543+0000] {dagbag.py:539} INFO - Filling up the DagBag from /home/airflow/.local/lib/python3.8/site-packages/airflow/example_dags/example_latest_only_with_trigger.py
[2024-04-27T14:21:33.550+0000] {processor.py:839} INFO - DAG(s) dict_keys(['latest_only_with_trigger']) retrieved from /home/airflow/.local/lib/python3.8/site-packages/airflow/example_dags/example_latest_only_with_trigger.py
[2024-04-27T14:21:33.581+0000] {logging_mixin.py:151} INFO - [2024-04-27T14:21:33.581+0000] {dag.py:2907} INFO - Sync 1 DAGs
[2024-04-27T14:21:33.616+0000] {logging_mixin.py:151} INFO - [2024-04-27T14:21:33.615+0000] {dag.py:3677} INFO - Setting next_dagrun for latest_only_with_trigger to 2024-04-27T10:21:33.615391+00:00, run_after=2024-04-27T14:21:33.615391+00:00
[2024-04-27T14:21:33.646+0000] {processor.py:179} INFO - Processing /home/airflow/.local/lib/python3.8/site-packages/airflow/example_dags/example_latest_only_with_trigger.py took 0.110 seconds
[2024-04-27T14:22:04.236+0000] {processor.py:157} INFO - Started process (PID=1395) to work on /home/airflow/.local/lib/python3.8/site-packages/airflow/example_dags/example_latest_only_with_trigger.py
[2024-04-27T14:22:04.237+0000] {processor.py:829} INFO - Processing file /home/airflow/.local/lib/python3.8/site-packages/airflow/example_dags/example_latest_only_with_trigger.py for tasks to queue
[2024-04-27T14:22:04.239+0000] {logging_mixin.py:151} INFO - [2024-04-27T14:22:04.239+0000] {dagbag.py:539} INFO - Filling up the DagBag from /home/airflow/.local/lib/python3.8/site-packages/airflow/example_dags/example_latest_only_with_trigger.py
[2024-04-27T14:22:04.246+0000] {processor.py:839} INFO - DAG(s) dict_keys(['latest_only_with_trigger']) retrieved from /home/airflow/.local/lib/python3.8/site-packages/airflow/example_dags/example_latest_only_with_trigger.py
[2024-04-27T14:22:04.277+0000] {logging_mixin.py:151} INFO - [2024-04-27T14:22:04.277+0000] {dag.py:2907} INFO - Sync 1 DAGs
[2024-04-27T14:22:04.314+0000] {logging_mixin.py:151} INFO - [2024-04-27T14:22:04.314+0000] {dag.py:3677} INFO - Setting next_dagrun for latest_only_with_trigger to 2024-04-27T10:22:04.313694+00:00, run_after=2024-04-27T14:22:04.313694+00:00
[2024-04-27T14:22:04.341+0000] {processor.py:179} INFO - Processing /home/airflow/.local/lib/python3.8/site-packages/airflow/example_dags/example_latest_only_with_trigger.py took 0.109 seconds
[2024-04-27T14:22:35.517+0000] {processor.py:157} INFO - Started process (PID=1460) to work on /home/airflow/.local/lib/python3.8/site-packages/airflow/example_dags/example_latest_only_with_trigger.py
[2024-04-27T14:22:35.517+0000] {processor.py:829} INFO - Processing file /home/airflow/.local/lib/python3.8/site-packages/airflow/example_dags/example_latest_only_with_trigger.py for tasks to queue
[2024-04-27T14:22:35.520+0000] {logging_mixin.py:151} INFO - [2024-04-27T14:22:35.519+0000] {dagbag.py:539} INFO - Filling up the DagBag from /home/airflow/.local/lib/python3.8/site-packages/airflow/example_dags/example_latest_only_with_trigger.py
[2024-04-27T14:22:35.527+0000] {processor.py:839} INFO - DAG(s) dict_keys(['latest_only_with_trigger']) retrieved from /home/airflow/.local/lib/python3.8/site-packages/airflow/example_dags/example_latest_only_with_trigger.py
[2024-04-27T14:22:35.562+0000] {logging_mixin.py:151} INFO - [2024-04-27T14:22:35.562+0000] {dag.py:2907} INFO - Sync 1 DAGs
[2024-04-27T14:22:35.592+0000] {logging_mixin.py:151} INFO - [2024-04-27T14:22:35.592+0000] {dag.py:3677} INFO - Setting next_dagrun for latest_only_with_trigger to 2024-04-27T10:22:35.592495+00:00, run_after=2024-04-27T14:22:35.592495+00:00
[2024-04-27T14:22:35.614+0000] {processor.py:179} INFO - Processing /home/airflow/.local/lib/python3.8/site-packages/airflow/example_dags/example_latest_only_with_trigger.py took 0.101 seconds
[2024-04-27T14:23:07.048+0000] {processor.py:157} INFO - Started process (PID=1531) to work on /home/airflow/.local/lib/python3.8/site-packages/airflow/example_dags/example_latest_only_with_trigger.py
[2024-04-27T14:23:07.049+0000] {processor.py:829} INFO - Processing file /home/airflow/.local/lib/python3.8/site-packages/airflow/example_dags/example_latest_only_with_trigger.py for tasks to queue
[2024-04-27T14:23:07.051+0000] {logging_mixin.py:151} INFO - [2024-04-27T14:23:07.051+0000] {dagbag.py:539} INFO - Filling up the DagBag from /home/airflow/.local/lib/python3.8/site-packages/airflow/example_dags/example_latest_only_with_trigger.py
[2024-04-27T14:23:07.058+0000] {processor.py:839} INFO - DAG(s) dict_keys(['latest_only_with_trigger']) retrieved from /home/airflow/.local/lib/python3.8/site-packages/airflow/example_dags/example_latest_only_with_trigger.py
[2024-04-27T14:23:07.082+0000] {logging_mixin.py:151} INFO - [2024-04-27T14:23:07.082+0000] {dag.py:2907} INFO - Sync 1 DAGs
[2024-04-27T14:23:07.109+0000] {logging_mixin.py:151} INFO - [2024-04-27T14:23:07.108+0000] {dag.py:3677} INFO - Setting next_dagrun for latest_only_with_trigger to 2024-04-27T10:23:07.108629+00:00, run_after=2024-04-27T14:23:07.108629+00:00
[2024-04-27T14:23:07.129+0000] {processor.py:179} INFO - Processing /home/airflow/.local/lib/python3.8/site-packages/airflow/example_dags/example_latest_only_with_trigger.py took 0.086 seconds
[2024-04-27T14:23:38.170+0000] {processor.py:157} INFO - Started process (PID=1595) to work on /home/airflow/.local/lib/python3.8/site-packages/airflow/example_dags/example_latest_only_with_trigger.py
[2024-04-27T14:23:38.172+0000] {processor.py:829} INFO - Processing file /home/airflow/.local/lib/python3.8/site-packages/airflow/example_dags/example_latest_only_with_trigger.py for tasks to queue
[2024-04-27T14:23:38.175+0000] {logging_mixin.py:151} INFO - [2024-04-27T14:23:38.174+0000] {dagbag.py:539} INFO - Filling up the DagBag from /home/airflow/.local/lib/python3.8/site-packages/airflow/example_dags/example_latest_only_with_trigger.py
[2024-04-27T14:23:38.182+0000] {processor.py:839} INFO - DAG(s) dict_keys(['latest_only_with_trigger']) retrieved from /home/airflow/.local/lib/python3.8/site-packages/airflow/example_dags/example_latest_only_with_trigger.py
[2024-04-27T14:23:38.217+0000] {logging_mixin.py:151} INFO - [2024-04-27T14:23:38.217+0000] {dag.py:2907} INFO - Sync 1 DAGs
[2024-04-27T14:23:38.254+0000] {logging_mixin.py:151} INFO - [2024-04-27T14:23:38.253+0000] {dag.py:3677} INFO - Setting next_dagrun for latest_only_with_trigger to 2024-04-27T10:23:38.253338+00:00, run_after=2024-04-27T14:23:38.253338+00:00
[2024-04-27T14:23:38.284+0000] {processor.py:179} INFO - Processing /home/airflow/.local/lib/python3.8/site-packages/airflow/example_dags/example_latest_only_with_trigger.py took 0.119 seconds
[2024-04-27T14:24:09.137+0000] {processor.py:157} INFO - Started process (PID=1668) to work on /home/airflow/.local/lib/python3.8/site-packages/airflow/example_dags/example_latest_only_with_trigger.py
[2024-04-27T14:24:09.139+0000] {processor.py:829} INFO - Processing file /home/airflow/.local/lib/python3.8/site-packages/airflow/example_dags/example_latest_only_with_trigger.py for tasks to queue
[2024-04-27T14:24:09.142+0000] {logging_mixin.py:151} INFO - [2024-04-27T14:24:09.141+0000] {dagbag.py:539} INFO - Filling up the DagBag from /home/airflow/.local/lib/python3.8/site-packages/airflow/example_dags/example_latest_only_with_trigger.py
[2024-04-27T14:24:09.151+0000] {processor.py:839} INFO - DAG(s) dict_keys(['latest_only_with_trigger']) retrieved from /home/airflow/.local/lib/python3.8/site-packages/airflow/example_dags/example_latest_only_with_trigger.py
[2024-04-27T14:24:09.179+0000] {logging_mixin.py:151} INFO - [2024-04-27T14:24:09.179+0000] {dag.py:2907} INFO - Sync 1 DAGs
[2024-04-27T14:24:09.210+0000] {logging_mixin.py:151} INFO - [2024-04-27T14:24:09.210+0000] {dag.py:3677} INFO - Setting next_dagrun for latest_only_with_trigger to 2024-04-27T10:24:09.210244+00:00, run_after=2024-04-27T14:24:09.210244+00:00
[2024-04-27T14:24:09.238+0000] {processor.py:179} INFO - Processing /home/airflow/.local/lib/python3.8/site-packages/airflow/example_dags/example_latest_only_with_trigger.py took 0.106 seconds
[2024-04-27T14:24:40.642+0000] {processor.py:157} INFO - Started process (PID=1732) to work on /home/airflow/.local/lib/python3.8/site-packages/airflow/example_dags/example_latest_only_with_trigger.py
[2024-04-27T14:24:40.644+0000] {processor.py:829} INFO - Processing file /home/airflow/.local/lib/python3.8/site-packages/airflow/example_dags/example_latest_only_with_trigger.py for tasks to queue
[2024-04-27T14:24:40.649+0000] {logging_mixin.py:151} INFO - [2024-04-27T14:24:40.648+0000] {dagbag.py:539} INFO - Filling up the DagBag from /home/airflow/.local/lib/python3.8/site-packages/airflow/example_dags/example_latest_only_with_trigger.py
[2024-04-27T14:24:40.660+0000] {processor.py:839} INFO - DAG(s) dict_keys(['latest_only_with_trigger']) retrieved from /home/airflow/.local/lib/python3.8/site-packages/airflow/example_dags/example_latest_only_with_trigger.py
[2024-04-27T14:24:40.744+0000] {logging_mixin.py:151} INFO - [2024-04-27T14:24:40.743+0000] {dag.py:2907} INFO - Sync 1 DAGs
[2024-04-27T14:24:40.795+0000] {logging_mixin.py:151} INFO - [2024-04-27T14:24:40.794+0000] {dag.py:3677} INFO - Setting next_dagrun for latest_only_with_trigger to 2024-04-27T10:24:40.793240+00:00, run_after=2024-04-27T14:24:40.793240+00:00
[2024-04-27T14:24:40.832+0000] {processor.py:179} INFO - Processing /home/airflow/.local/lib/python3.8/site-packages/airflow/example_dags/example_latest_only_with_trigger.py took 0.195 seconds
[2024-04-27T14:25:11.304+0000] {processor.py:157} INFO - Started process (PID=1797) to work on /home/airflow/.local/lib/python3.8/site-packages/airflow/example_dags/example_latest_only_with_trigger.py
[2024-04-27T14:25:11.305+0000] {processor.py:829} INFO - Processing file /home/airflow/.local/lib/python3.8/site-packages/airflow/example_dags/example_latest_only_with_trigger.py for tasks to queue
[2024-04-27T14:25:11.308+0000] {logging_mixin.py:151} INFO - [2024-04-27T14:25:11.307+0000] {dagbag.py:539} INFO - Filling up the DagBag from /home/airflow/.local/lib/python3.8/site-packages/airflow/example_dags/example_latest_only_with_trigger.py
[2024-04-27T14:25:11.319+0000] {processor.py:839} INFO - DAG(s) dict_keys(['latest_only_with_trigger']) retrieved from /home/airflow/.local/lib/python3.8/site-packages/airflow/example_dags/example_latest_only_with_trigger.py
[2024-04-27T14:25:11.378+0000] {logging_mixin.py:151} INFO - [2024-04-27T14:25:11.378+0000] {dag.py:2907} INFO - Sync 1 DAGs
[2024-04-27T14:25:11.419+0000] {logging_mixin.py:151} INFO - [2024-04-27T14:25:11.419+0000] {dag.py:3677} INFO - Setting next_dagrun for latest_only_with_trigger to 2024-04-27T10:25:11.418800+00:00, run_after=2024-04-27T14:25:11.418800+00:00
[2024-04-27T14:25:11.454+0000] {processor.py:179} INFO - Processing /home/airflow/.local/lib/python3.8/site-packages/airflow/example_dags/example_latest_only_with_trigger.py took 0.156 seconds
[2024-04-27T14:25:42.565+0000] {processor.py:157} INFO - Started process (PID=1870) to work on /home/airflow/.local/lib/python3.8/site-packages/airflow/example_dags/example_latest_only_with_trigger.py
[2024-04-27T14:25:42.566+0000] {processor.py:829} INFO - Processing file /home/airflow/.local/lib/python3.8/site-packages/airflow/example_dags/example_latest_only_with_trigger.py for tasks to queue
[2024-04-27T14:25:42.569+0000] {logging_mixin.py:151} INFO - [2024-04-27T14:25:42.569+0000] {dagbag.py:539} INFO - Filling up the DagBag from /home/airflow/.local/lib/python3.8/site-packages/airflow/example_dags/example_latest_only_with_trigger.py
[2024-04-27T14:25:42.580+0000] {processor.py:839} INFO - DAG(s) dict_keys(['latest_only_with_trigger']) retrieved from /home/airflow/.local/lib/python3.8/site-packages/airflow/example_dags/example_latest_only_with_trigger.py
[2024-04-27T14:25:42.608+0000] {logging_mixin.py:151} INFO - [2024-04-27T14:25:42.608+0000] {dag.py:2907} INFO - Sync 1 DAGs
[2024-04-27T14:25:42.637+0000] {logging_mixin.py:151} INFO - [2024-04-27T14:25:42.636+0000] {dag.py:3677} INFO - Setting next_dagrun for latest_only_with_trigger to 2024-04-27T10:25:42.636695+00:00, run_after=2024-04-27T14:25:42.636695+00:00
[2024-04-27T14:25:42.658+0000] {processor.py:179} INFO - Processing /home/airflow/.local/lib/python3.8/site-packages/airflow/example_dags/example_latest_only_with_trigger.py took 0.097 seconds
