[2024-04-27T13:44:15.955+0000] {processor.py:153} INFO - Started process (PID=47) to work on /home/airflow/.local/lib/python3.7/site-packages/airflow/example_dags/example_external_task_marker_dag.py
[2024-04-27T13:44:15.956+0000] {processor.py:743} INFO - Processing file /home/airflow/.local/lib/python3.7/site-packages/airflow/example_dags/example_external_task_marker_dag.py for tasks to queue
[2024-04-27T13:44:15.957+0000] {logging_mixin.py:137} INFO - [2024-04-27T13:44:15.957+0000] {dagbag.py:538} INFO - Filling up the DagBag from /home/airflow/.local/lib/python3.7/site-packages/airflow/example_dags/example_external_task_marker_dag.py
[2024-04-27T13:44:16.025+0000] {processor.py:753} INFO - DAG(s) dict_keys(['example_external_task_marker_parent', 'example_external_task_marker_child']) retrieved from /home/airflow/.local/lib/python3.7/site-packages/airflow/example_dags/example_external_task_marker_dag.py
[2024-04-27T13:44:16.112+0000] {logging_mixin.py:137} INFO - [2024-04-27T13:44:16.111+0000] {dag.py:2690} INFO - Sync 2 DAGs
[2024-04-27T13:44:16.167+0000] {logging_mixin.py:137} INFO - [2024-04-27T13:44:16.167+0000] {dag.py:3441} INFO - Setting next_dagrun for example_external_task_marker_child to None, run_after=None
[2024-04-27T13:44:16.174+0000] {logging_mixin.py:137} INFO - [2024-04-27T13:44:16.173+0000] {dag.py:3441} INFO - Setting next_dagrun for example_external_task_marker_parent to None, run_after=None
[2024-04-27T13:44:16.213+0000] {processor.py:175} INFO - Processing /home/airflow/.local/lib/python3.7/site-packages/airflow/example_dags/example_external_task_marker_dag.py took 0.264 seconds
[2024-04-27T13:44:46.715+0000] {processor.py:153} INFO - Started process (PID=110) to work on /home/airflow/.local/lib/python3.7/site-packages/airflow/example_dags/example_external_task_marker_dag.py
[2024-04-27T13:44:46.716+0000] {processor.py:743} INFO - Processing file /home/airflow/.local/lib/python3.7/site-packages/airflow/example_dags/example_external_task_marker_dag.py for tasks to queue
[2024-04-27T13:44:46.716+0000] {logging_mixin.py:137} INFO - [2024-04-27T13:44:46.716+0000] {dagbag.py:538} INFO - Filling up the DagBag from /home/airflow/.local/lib/python3.7/site-packages/airflow/example_dags/example_external_task_marker_dag.py
[2024-04-27T13:44:46.742+0000] {processor.py:753} INFO - DAG(s) dict_keys(['example_external_task_marker_child', 'example_external_task_marker_parent']) retrieved from /home/airflow/.local/lib/python3.7/site-packages/airflow/example_dags/example_external_task_marker_dag.py
[2024-04-27T13:44:46.790+0000] {logging_mixin.py:137} INFO - [2024-04-27T13:44:46.789+0000] {dag.py:2690} INFO - Sync 2 DAGs
[2024-04-27T13:44:46.840+0000] {logging_mixin.py:137} INFO - [2024-04-27T13:44:46.839+0000] {dag.py:3441} INFO - Setting next_dagrun for example_external_task_marker_child to None, run_after=None
[2024-04-27T13:44:46.868+0000] {logging_mixin.py:137} INFO - [2024-04-27T13:44:46.868+0000] {dag.py:3441} INFO - Setting next_dagrun for example_external_task_marker_parent to None, run_after=None
[2024-04-27T13:44:46.906+0000] {processor.py:175} INFO - Processing /home/airflow/.local/lib/python3.7/site-packages/airflow/example_dags/example_external_task_marker_dag.py took 0.195 seconds
[2024-04-27T13:45:17.351+0000] {processor.py:153} INFO - Started process (PID=174) to work on /home/airflow/.local/lib/python3.7/site-packages/airflow/example_dags/example_external_task_marker_dag.py
[2024-04-27T13:45:17.352+0000] {processor.py:743} INFO - Processing file /home/airflow/.local/lib/python3.7/site-packages/airflow/example_dags/example_external_task_marker_dag.py for tasks to queue
[2024-04-27T13:45:17.352+0000] {logging_mixin.py:137} INFO - [2024-04-27T13:45:17.352+0000] {dagbag.py:538} INFO - Filling up the DagBag from /home/airflow/.local/lib/python3.7/site-packages/airflow/example_dags/example_external_task_marker_dag.py
[2024-04-27T13:45:17.372+0000] {processor.py:753} INFO - DAG(s) dict_keys(['example_external_task_marker_child', 'example_external_task_marker_parent']) retrieved from /home/airflow/.local/lib/python3.7/site-packages/airflow/example_dags/example_external_task_marker_dag.py
[2024-04-27T13:45:17.406+0000] {logging_mixin.py:137} INFO - [2024-04-27T13:45:17.406+0000] {dag.py:2690} INFO - Sync 2 DAGs
[2024-04-27T13:45:17.440+0000] {logging_mixin.py:137} INFO - [2024-04-27T13:45:17.439+0000] {dag.py:3441} INFO - Setting next_dagrun for example_external_task_marker_child to None, run_after=None
[2024-04-27T13:45:17.445+0000] {logging_mixin.py:137} INFO - [2024-04-27T13:45:17.445+0000] {dag.py:3441} INFO - Setting next_dagrun for example_external_task_marker_parent to None, run_after=None
[2024-04-27T13:45:17.467+0000] {processor.py:175} INFO - Processing /home/airflow/.local/lib/python3.7/site-packages/airflow/example_dags/example_external_task_marker_dag.py took 0.120 seconds
[2024-04-27T13:45:47.924+0000] {processor.py:153} INFO - Started process (PID=237) to work on /home/airflow/.local/lib/python3.7/site-packages/airflow/example_dags/example_external_task_marker_dag.py
[2024-04-27T13:45:47.926+0000] {processor.py:743} INFO - Processing file /home/airflow/.local/lib/python3.7/site-packages/airflow/example_dags/example_external_task_marker_dag.py for tasks to queue
[2024-04-27T13:45:47.927+0000] {logging_mixin.py:137} INFO - [2024-04-27T13:45:47.926+0000] {dagbag.py:538} INFO - Filling up the DagBag from /home/airflow/.local/lib/python3.7/site-packages/airflow/example_dags/example_external_task_marker_dag.py
[2024-04-27T13:45:47.951+0000] {processor.py:753} INFO - DAG(s) dict_keys(['example_external_task_marker_child', 'example_external_task_marker_parent']) retrieved from /home/airflow/.local/lib/python3.7/site-packages/airflow/example_dags/example_external_task_marker_dag.py
[2024-04-27T13:45:47.998+0000] {logging_mixin.py:137} INFO - [2024-04-27T13:45:47.998+0000] {dag.py:2690} INFO - Sync 2 DAGs
[2024-04-27T13:45:48.049+0000] {logging_mixin.py:137} INFO - [2024-04-27T13:45:48.049+0000] {dag.py:3441} INFO - Setting next_dagrun for example_external_task_marker_child to None, run_after=None
[2024-04-27T13:45:48.056+0000] {logging_mixin.py:137} INFO - [2024-04-27T13:45:48.056+0000] {dag.py:3441} INFO - Setting next_dagrun for example_external_task_marker_parent to None, run_after=None
[2024-04-27T13:45:48.088+0000] {processor.py:175} INFO - Processing /home/airflow/.local/lib/python3.7/site-packages/airflow/example_dags/example_external_task_marker_dag.py took 0.169 seconds
[2024-04-27T13:46:18.168+0000] {processor.py:153} INFO - Started process (PID=313) to work on /home/airflow/.local/lib/python3.7/site-packages/airflow/example_dags/example_external_task_marker_dag.py
[2024-04-27T13:46:18.168+0000] {processor.py:743} INFO - Processing file /home/airflow/.local/lib/python3.7/site-packages/airflow/example_dags/example_external_task_marker_dag.py for tasks to queue
[2024-04-27T13:46:18.169+0000] {logging_mixin.py:137} INFO - [2024-04-27T13:46:18.169+0000] {dagbag.py:538} INFO - Filling up the DagBag from /home/airflow/.local/lib/python3.7/site-packages/airflow/example_dags/example_external_task_marker_dag.py
[2024-04-27T13:46:18.189+0000] {processor.py:753} INFO - DAG(s) dict_keys(['example_external_task_marker_parent', 'example_external_task_marker_child']) retrieved from /home/airflow/.local/lib/python3.7/site-packages/airflow/example_dags/example_external_task_marker_dag.py
[2024-04-27T13:46:18.224+0000] {logging_mixin.py:137} INFO - [2024-04-27T13:46:18.224+0000] {dag.py:2690} INFO - Sync 2 DAGs
[2024-04-27T13:46:18.260+0000] {logging_mixin.py:137} INFO - [2024-04-27T13:46:18.260+0000] {dag.py:3441} INFO - Setting next_dagrun for example_external_task_marker_child to None, run_after=None
[2024-04-27T13:46:18.267+0000] {logging_mixin.py:137} INFO - [2024-04-27T13:46:18.267+0000] {dag.py:3441} INFO - Setting next_dagrun for example_external_task_marker_parent to None, run_after=None
[2024-04-27T13:46:18.306+0000] {processor.py:175} INFO - Processing /home/airflow/.local/lib/python3.7/site-packages/airflow/example_dags/example_external_task_marker_dag.py took 0.142 seconds
[2024-04-27T13:46:48.541+0000] {processor.py:153} INFO - Started process (PID=376) to work on /home/airflow/.local/lib/python3.7/site-packages/airflow/example_dags/example_external_task_marker_dag.py
[2024-04-27T13:46:48.542+0000] {processor.py:743} INFO - Processing file /home/airflow/.local/lib/python3.7/site-packages/airflow/example_dags/example_external_task_marker_dag.py for tasks to queue
[2024-04-27T13:46:48.542+0000] {logging_mixin.py:137} INFO - [2024-04-27T13:46:48.542+0000] {dagbag.py:538} INFO - Filling up the DagBag from /home/airflow/.local/lib/python3.7/site-packages/airflow/example_dags/example_external_task_marker_dag.py
[2024-04-27T13:46:48.564+0000] {processor.py:753} INFO - DAG(s) dict_keys(['example_external_task_marker_parent', 'example_external_task_marker_child']) retrieved from /home/airflow/.local/lib/python3.7/site-packages/airflow/example_dags/example_external_task_marker_dag.py
[2024-04-27T13:46:48.609+0000] {logging_mixin.py:137} INFO - [2024-04-27T13:46:48.609+0000] {dag.py:2690} INFO - Sync 2 DAGs
[2024-04-27T13:46:48.645+0000] {logging_mixin.py:137} INFO - [2024-04-27T13:46:48.644+0000] {dag.py:3441} INFO - Setting next_dagrun for example_external_task_marker_child to None, run_after=None
[2024-04-27T13:46:48.649+0000] {logging_mixin.py:137} INFO - [2024-04-27T13:46:48.649+0000] {dag.py:3441} INFO - Setting next_dagrun for example_external_task_marker_parent to None, run_after=None
[2024-04-27T13:46:48.677+0000] {processor.py:175} INFO - Processing /home/airflow/.local/lib/python3.7/site-packages/airflow/example_dags/example_external_task_marker_dag.py took 0.140 seconds
[2024-04-27T13:47:19.313+0000] {processor.py:153} INFO - Started process (PID=441) to work on /home/airflow/.local/lib/python3.7/site-packages/airflow/example_dags/example_external_task_marker_dag.py
[2024-04-27T13:47:19.315+0000] {processor.py:743} INFO - Processing file /home/airflow/.local/lib/python3.7/site-packages/airflow/example_dags/example_external_task_marker_dag.py for tasks to queue
[2024-04-27T13:47:19.316+0000] {logging_mixin.py:137} INFO - [2024-04-27T13:47:19.316+0000] {dagbag.py:538} INFO - Filling up the DagBag from /home/airflow/.local/lib/python3.7/site-packages/airflow/example_dags/example_external_task_marker_dag.py
[2024-04-27T13:47:19.341+0000] {processor.py:753} INFO - DAG(s) dict_keys(['example_external_task_marker_child', 'example_external_task_marker_parent']) retrieved from /home/airflow/.local/lib/python3.7/site-packages/airflow/example_dags/example_external_task_marker_dag.py
[2024-04-27T13:47:19.391+0000] {logging_mixin.py:137} INFO - [2024-04-27T13:47:19.390+0000] {dag.py:2690} INFO - Sync 2 DAGs
[2024-04-27T13:47:19.458+0000] {logging_mixin.py:137} INFO - [2024-04-27T13:47:19.457+0000] {dag.py:3441} INFO - Setting next_dagrun for example_external_task_marker_child to None, run_after=None
[2024-04-27T13:47:19.465+0000] {logging_mixin.py:137} INFO - [2024-04-27T13:47:19.465+0000] {dag.py:3441} INFO - Setting next_dagrun for example_external_task_marker_parent to None, run_after=None
[2024-04-27T13:47:19.499+0000] {processor.py:175} INFO - Processing /home/airflow/.local/lib/python3.7/site-packages/airflow/example_dags/example_external_task_marker_dag.py took 0.192 seconds
[2024-04-27T13:47:49.912+0000] {processor.py:153} INFO - Started process (PID=505) to work on /home/airflow/.local/lib/python3.7/site-packages/airflow/example_dags/example_external_task_marker_dag.py
[2024-04-27T13:47:49.913+0000] {processor.py:743} INFO - Processing file /home/airflow/.local/lib/python3.7/site-packages/airflow/example_dags/example_external_task_marker_dag.py for tasks to queue
[2024-04-27T13:47:49.915+0000] {logging_mixin.py:137} INFO - [2024-04-27T13:47:49.914+0000] {dagbag.py:538} INFO - Filling up the DagBag from /home/airflow/.local/lib/python3.7/site-packages/airflow/example_dags/example_external_task_marker_dag.py
[2024-04-27T13:47:49.937+0000] {processor.py:753} INFO - DAG(s) dict_keys(['example_external_task_marker_parent', 'example_external_task_marker_child']) retrieved from /home/airflow/.local/lib/python3.7/site-packages/airflow/example_dags/example_external_task_marker_dag.py
[2024-04-27T13:47:49.976+0000] {logging_mixin.py:137} INFO - [2024-04-27T13:47:49.976+0000] {dag.py:2690} INFO - Sync 2 DAGs
[2024-04-27T13:47:50.016+0000] {logging_mixin.py:137} INFO - [2024-04-27T13:47:50.016+0000] {dag.py:3441} INFO - Setting next_dagrun for example_external_task_marker_child to None, run_after=None
[2024-04-27T13:47:50.021+0000] {logging_mixin.py:137} INFO - [2024-04-27T13:47:50.021+0000] {dag.py:3441} INFO - Setting next_dagrun for example_external_task_marker_parent to None, run_after=None
[2024-04-27T13:47:50.050+0000] {processor.py:175} INFO - Processing /home/airflow/.local/lib/python3.7/site-packages/airflow/example_dags/example_external_task_marker_dag.py took 0.142 seconds
[2024-04-27T13:48:20.957+0000] {processor.py:153} INFO - Started process (PID=578) to work on /home/airflow/.local/lib/python3.7/site-packages/airflow/example_dags/example_external_task_marker_dag.py
[2024-04-27T13:48:20.958+0000] {processor.py:743} INFO - Processing file /home/airflow/.local/lib/python3.7/site-packages/airflow/example_dags/example_external_task_marker_dag.py for tasks to queue
[2024-04-27T13:48:20.959+0000] {logging_mixin.py:137} INFO - [2024-04-27T13:48:20.959+0000] {dagbag.py:538} INFO - Filling up the DagBag from /home/airflow/.local/lib/python3.7/site-packages/airflow/example_dags/example_external_task_marker_dag.py
[2024-04-27T13:48:20.984+0000] {processor.py:753} INFO - DAG(s) dict_keys(['example_external_task_marker_parent', 'example_external_task_marker_child']) retrieved from /home/airflow/.local/lib/python3.7/site-packages/airflow/example_dags/example_external_task_marker_dag.py
[2024-04-27T13:48:21.036+0000] {logging_mixin.py:137} INFO - [2024-04-27T13:48:21.035+0000] {dag.py:2690} INFO - Sync 2 DAGs
[2024-04-27T13:48:21.087+0000] {logging_mixin.py:137} INFO - [2024-04-27T13:48:21.087+0000] {dag.py:3441} INFO - Setting next_dagrun for example_external_task_marker_child to None, run_after=None
[2024-04-27T13:48:21.094+0000] {logging_mixin.py:137} INFO - [2024-04-27T13:48:21.094+0000] {dag.py:3441} INFO - Setting next_dagrun for example_external_task_marker_parent to None, run_after=None
[2024-04-27T13:48:21.126+0000] {processor.py:175} INFO - Processing /home/airflow/.local/lib/python3.7/site-packages/airflow/example_dags/example_external_task_marker_dag.py took 0.174 seconds
[2024-04-27T13:48:51.269+0000] {processor.py:153} INFO - Started process (PID=645) to work on /home/airflow/.local/lib/python3.7/site-packages/airflow/example_dags/example_external_task_marker_dag.py
[2024-04-27T13:48:51.270+0000] {processor.py:743} INFO - Processing file /home/airflow/.local/lib/python3.7/site-packages/airflow/example_dags/example_external_task_marker_dag.py for tasks to queue
[2024-04-27T13:48:51.271+0000] {logging_mixin.py:137} INFO - [2024-04-27T13:48:51.271+0000] {dagbag.py:538} INFO - Filling up the DagBag from /home/airflow/.local/lib/python3.7/site-packages/airflow/example_dags/example_external_task_marker_dag.py
[2024-04-27T13:48:51.296+0000] {processor.py:753} INFO - DAG(s) dict_keys(['example_external_task_marker_parent', 'example_external_task_marker_child']) retrieved from /home/airflow/.local/lib/python3.7/site-packages/airflow/example_dags/example_external_task_marker_dag.py
[2024-04-27T13:48:51.348+0000] {logging_mixin.py:137} INFO - [2024-04-27T13:48:51.347+0000] {dag.py:2690} INFO - Sync 2 DAGs
[2024-04-27T13:48:51.402+0000] {logging_mixin.py:137} INFO - [2024-04-27T13:48:51.402+0000] {dag.py:3441} INFO - Setting next_dagrun for example_external_task_marker_child to None, run_after=None
[2024-04-27T13:48:51.409+0000] {logging_mixin.py:137} INFO - [2024-04-27T13:48:51.409+0000] {dag.py:3441} INFO - Setting next_dagrun for example_external_task_marker_parent to None, run_after=None
[2024-04-27T13:48:51.440+0000] {processor.py:175} INFO - Processing /home/airflow/.local/lib/python3.7/site-packages/airflow/example_dags/example_external_task_marker_dag.py took 0.176 seconds
[2024-04-27T13:49:22.125+0000] {processor.py:153} INFO - Started process (PID=709) to work on /home/airflow/.local/lib/python3.7/site-packages/airflow/example_dags/example_external_task_marker_dag.py
[2024-04-27T13:49:22.126+0000] {processor.py:743} INFO - Processing file /home/airflow/.local/lib/python3.7/site-packages/airflow/example_dags/example_external_task_marker_dag.py for tasks to queue
[2024-04-27T13:49:22.126+0000] {logging_mixin.py:137} INFO - [2024-04-27T13:49:22.126+0000] {dagbag.py:538} INFO - Filling up the DagBag from /home/airflow/.local/lib/python3.7/site-packages/airflow/example_dags/example_external_task_marker_dag.py
[2024-04-27T13:49:22.147+0000] {processor.py:753} INFO - DAG(s) dict_keys(['example_external_task_marker_child', 'example_external_task_marker_parent']) retrieved from /home/airflow/.local/lib/python3.7/site-packages/airflow/example_dags/example_external_task_marker_dag.py
[2024-04-27T13:49:22.182+0000] {logging_mixin.py:137} INFO - [2024-04-27T13:49:22.182+0000] {dag.py:2690} INFO - Sync 2 DAGs
[2024-04-27T13:49:22.224+0000] {logging_mixin.py:137} INFO - [2024-04-27T13:49:22.223+0000] {dag.py:3441} INFO - Setting next_dagrun for example_external_task_marker_child to None, run_after=None
[2024-04-27T13:49:22.229+0000] {logging_mixin.py:137} INFO - [2024-04-27T13:49:22.229+0000] {dag.py:3441} INFO - Setting next_dagrun for example_external_task_marker_parent to None, run_after=None
[2024-04-27T13:49:22.257+0000] {processor.py:175} INFO - Processing /home/airflow/.local/lib/python3.7/site-packages/airflow/example_dags/example_external_task_marker_dag.py took 0.135 seconds
[2024-04-27T13:49:52.485+0000] {processor.py:153} INFO - Started process (PID=773) to work on /home/airflow/.local/lib/python3.7/site-packages/airflow/example_dags/example_external_task_marker_dag.py
[2024-04-27T13:49:52.486+0000] {processor.py:743} INFO - Processing file /home/airflow/.local/lib/python3.7/site-packages/airflow/example_dags/example_external_task_marker_dag.py for tasks to queue
[2024-04-27T13:49:52.487+0000] {logging_mixin.py:137} INFO - [2024-04-27T13:49:52.487+0000] {dagbag.py:538} INFO - Filling up the DagBag from /home/airflow/.local/lib/python3.7/site-packages/airflow/example_dags/example_external_task_marker_dag.py
[2024-04-27T13:49:52.511+0000] {processor.py:753} INFO - DAG(s) dict_keys(['example_external_task_marker_child', 'example_external_task_marker_parent']) retrieved from /home/airflow/.local/lib/python3.7/site-packages/airflow/example_dags/example_external_task_marker_dag.py
[2024-04-27T13:49:52.557+0000] {logging_mixin.py:137} INFO - [2024-04-27T13:49:52.557+0000] {dag.py:2690} INFO - Sync 2 DAGs
[2024-04-27T13:49:52.592+0000] {logging_mixin.py:137} INFO - [2024-04-27T13:49:52.592+0000] {dag.py:3441} INFO - Setting next_dagrun for example_external_task_marker_child to None, run_after=None
[2024-04-27T13:49:52.597+0000] {logging_mixin.py:137} INFO - [2024-04-27T13:49:52.596+0000] {dag.py:3441} INFO - Setting next_dagrun for example_external_task_marker_parent to None, run_after=None
[2024-04-27T13:49:52.621+0000] {processor.py:175} INFO - Processing /home/airflow/.local/lib/python3.7/site-packages/airflow/example_dags/example_external_task_marker_dag.py took 0.141 seconds
[2024-04-27T13:50:23.121+0000] {processor.py:153} INFO - Started process (PID=835) to work on /home/airflow/.local/lib/python3.7/site-packages/airflow/example_dags/example_external_task_marker_dag.py
[2024-04-27T13:50:23.122+0000] {processor.py:743} INFO - Processing file /home/airflow/.local/lib/python3.7/site-packages/airflow/example_dags/example_external_task_marker_dag.py for tasks to queue
[2024-04-27T13:50:23.123+0000] {logging_mixin.py:137} INFO - [2024-04-27T13:50:23.123+0000] {dagbag.py:538} INFO - Filling up the DagBag from /home/airflow/.local/lib/python3.7/site-packages/airflow/example_dags/example_external_task_marker_dag.py
[2024-04-27T13:50:23.149+0000] {processor.py:753} INFO - DAG(s) dict_keys(['example_external_task_marker_parent', 'example_external_task_marker_child']) retrieved from /home/airflow/.local/lib/python3.7/site-packages/airflow/example_dags/example_external_task_marker_dag.py
[2024-04-27T13:50:23.197+0000] {logging_mixin.py:137} INFO - [2024-04-27T13:50:23.197+0000] {dag.py:2690} INFO - Sync 2 DAGs
[2024-04-27T13:50:23.251+0000] {logging_mixin.py:137} INFO - [2024-04-27T13:50:23.251+0000] {dag.py:3441} INFO - Setting next_dagrun for example_external_task_marker_child to None, run_after=None
[2024-04-27T13:50:23.258+0000] {logging_mixin.py:137} INFO - [2024-04-27T13:50:23.257+0000] {dag.py:3441} INFO - Setting next_dagrun for example_external_task_marker_parent to None, run_after=None
[2024-04-27T13:50:23.288+0000] {processor.py:175} INFO - Processing /home/airflow/.local/lib/python3.7/site-packages/airflow/example_dags/example_external_task_marker_dag.py took 0.173 seconds
[2024-04-27T13:50:53.966+0000] {processor.py:153} INFO - Started process (PID=910) to work on /home/airflow/.local/lib/python3.7/site-packages/airflow/example_dags/example_external_task_marker_dag.py
[2024-04-27T13:50:53.967+0000] {processor.py:743} INFO - Processing file /home/airflow/.local/lib/python3.7/site-packages/airflow/example_dags/example_external_task_marker_dag.py for tasks to queue
[2024-04-27T13:50:53.969+0000] {logging_mixin.py:137} INFO - [2024-04-27T13:50:53.968+0000] {dagbag.py:538} INFO - Filling up the DagBag from /home/airflow/.local/lib/python3.7/site-packages/airflow/example_dags/example_external_task_marker_dag.py
[2024-04-27T13:50:53.994+0000] {processor.py:753} INFO - DAG(s) dict_keys(['example_external_task_marker_parent', 'example_external_task_marker_child']) retrieved from /home/airflow/.local/lib/python3.7/site-packages/airflow/example_dags/example_external_task_marker_dag.py
[2024-04-27T13:50:54.050+0000] {logging_mixin.py:137} INFO - [2024-04-27T13:50:54.050+0000] {dag.py:2690} INFO - Sync 2 DAGs
[2024-04-27T13:50:54.099+0000] {logging_mixin.py:137} INFO - [2024-04-27T13:50:54.099+0000] {dag.py:3441} INFO - Setting next_dagrun for example_external_task_marker_child to None, run_after=None
[2024-04-27T13:50:54.106+0000] {logging_mixin.py:137} INFO - [2024-04-27T13:50:54.106+0000] {dag.py:3441} INFO - Setting next_dagrun for example_external_task_marker_parent to None, run_after=None
[2024-04-27T13:50:54.133+0000] {processor.py:175} INFO - Processing /home/airflow/.local/lib/python3.7/site-packages/airflow/example_dags/example_external_task_marker_dag.py took 0.173 seconds
[2024-04-27T13:51:25.046+0000] {processor.py:153} INFO - Started process (PID=973) to work on /home/airflow/.local/lib/python3.7/site-packages/airflow/example_dags/example_external_task_marker_dag.py
[2024-04-27T13:51:25.047+0000] {processor.py:743} INFO - Processing file /home/airflow/.local/lib/python3.7/site-packages/airflow/example_dags/example_external_task_marker_dag.py for tasks to queue
[2024-04-27T13:51:25.047+0000] {logging_mixin.py:137} INFO - [2024-04-27T13:51:25.047+0000] {dagbag.py:538} INFO - Filling up the DagBag from /home/airflow/.local/lib/python3.7/site-packages/airflow/example_dags/example_external_task_marker_dag.py
[2024-04-27T13:51:25.065+0000] {processor.py:753} INFO - DAG(s) dict_keys(['example_external_task_marker_parent', 'example_external_task_marker_child']) retrieved from /home/airflow/.local/lib/python3.7/site-packages/airflow/example_dags/example_external_task_marker_dag.py
[2024-04-27T13:51:25.101+0000] {logging_mixin.py:137} INFO - [2024-04-27T13:51:25.101+0000] {dag.py:2690} INFO - Sync 2 DAGs
[2024-04-27T13:51:25.138+0000] {logging_mixin.py:137} INFO - [2024-04-27T13:51:25.137+0000] {dag.py:3441} INFO - Setting next_dagrun for example_external_task_marker_child to None, run_after=None
[2024-04-27T13:51:25.143+0000] {logging_mixin.py:137} INFO - [2024-04-27T13:51:25.143+0000] {dag.py:3441} INFO - Setting next_dagrun for example_external_task_marker_parent to None, run_after=None
[2024-04-27T13:51:25.170+0000] {processor.py:175} INFO - Processing /home/airflow/.local/lib/python3.7/site-packages/airflow/example_dags/example_external_task_marker_dag.py took 0.128 seconds
[2024-04-27T13:51:55.794+0000] {processor.py:153} INFO - Started process (PID=1035) to work on /home/airflow/.local/lib/python3.7/site-packages/airflow/example_dags/example_external_task_marker_dag.py
[2024-04-27T13:51:55.795+0000] {processor.py:743} INFO - Processing file /home/airflow/.local/lib/python3.7/site-packages/airflow/example_dags/example_external_task_marker_dag.py for tasks to queue
[2024-04-27T13:51:55.796+0000] {logging_mixin.py:137} INFO - [2024-04-27T13:51:55.796+0000] {dagbag.py:538} INFO - Filling up the DagBag from /home/airflow/.local/lib/python3.7/site-packages/airflow/example_dags/example_external_task_marker_dag.py
[2024-04-27T13:51:55.820+0000] {processor.py:753} INFO - DAG(s) dict_keys(['example_external_task_marker_parent', 'example_external_task_marker_child']) retrieved from /home/airflow/.local/lib/python3.7/site-packages/airflow/example_dags/example_external_task_marker_dag.py
[2024-04-27T13:51:55.872+0000] {logging_mixin.py:137} INFO - [2024-04-27T13:51:55.872+0000] {dag.py:2690} INFO - Sync 2 DAGs
[2024-04-27T13:51:55.923+0000] {logging_mixin.py:137} INFO - [2024-04-27T13:51:55.923+0000] {dag.py:3441} INFO - Setting next_dagrun for example_external_task_marker_child to None, run_after=None
[2024-04-27T13:51:55.930+0000] {logging_mixin.py:137} INFO - [2024-04-27T13:51:55.930+0000] {dag.py:3441} INFO - Setting next_dagrun for example_external_task_marker_parent to None, run_after=None
[2024-04-27T13:51:55.962+0000] {processor.py:175} INFO - Processing /home/airflow/.local/lib/python3.7/site-packages/airflow/example_dags/example_external_task_marker_dag.py took 0.174 seconds
[2024-04-27T13:52:26.153+0000] {processor.py:153} INFO - Started process (PID=1099) to work on /home/airflow/.local/lib/python3.7/site-packages/airflow/example_dags/example_external_task_marker_dag.py
[2024-04-27T13:52:26.154+0000] {processor.py:743} INFO - Processing file /home/airflow/.local/lib/python3.7/site-packages/airflow/example_dags/example_external_task_marker_dag.py for tasks to queue
[2024-04-27T13:52:26.155+0000] {logging_mixin.py:137} INFO - [2024-04-27T13:52:26.155+0000] {dagbag.py:538} INFO - Filling up the DagBag from /home/airflow/.local/lib/python3.7/site-packages/airflow/example_dags/example_external_task_marker_dag.py
[2024-04-27T13:52:26.175+0000] {processor.py:753} INFO - DAG(s) dict_keys(['example_external_task_marker_child', 'example_external_task_marker_parent']) retrieved from /home/airflow/.local/lib/python3.7/site-packages/airflow/example_dags/example_external_task_marker_dag.py
[2024-04-27T13:52:26.210+0000] {logging_mixin.py:137} INFO - [2024-04-27T13:52:26.210+0000] {dag.py:2690} INFO - Sync 2 DAGs
[2024-04-27T13:52:26.244+0000] {logging_mixin.py:137} INFO - [2024-04-27T13:52:26.244+0000] {dag.py:3441} INFO - Setting next_dagrun for example_external_task_marker_child to None, run_after=None
[2024-04-27T13:52:26.249+0000] {logging_mixin.py:137} INFO - [2024-04-27T13:52:26.248+0000] {dag.py:3441} INFO - Setting next_dagrun for example_external_task_marker_parent to None, run_after=None
[2024-04-27T13:52:26.270+0000] {processor.py:175} INFO - Processing /home/airflow/.local/lib/python3.7/site-packages/airflow/example_dags/example_external_task_marker_dag.py took 0.121 seconds
[2024-04-27T13:52:56.915+0000] {processor.py:153} INFO - Started process (PID=1175) to work on /home/airflow/.local/lib/python3.7/site-packages/airflow/example_dags/example_external_task_marker_dag.py
[2024-04-27T13:52:56.916+0000] {processor.py:743} INFO - Processing file /home/airflow/.local/lib/python3.7/site-packages/airflow/example_dags/example_external_task_marker_dag.py for tasks to queue
[2024-04-27T13:52:56.917+0000] {logging_mixin.py:137} INFO - [2024-04-27T13:52:56.917+0000] {dagbag.py:538} INFO - Filling up the DagBag from /home/airflow/.local/lib/python3.7/site-packages/airflow/example_dags/example_external_task_marker_dag.py
[2024-04-27T13:52:56.938+0000] {processor.py:753} INFO - DAG(s) dict_keys(['example_external_task_marker_parent', 'example_external_task_marker_child']) retrieved from /home/airflow/.local/lib/python3.7/site-packages/airflow/example_dags/example_external_task_marker_dag.py
[2024-04-27T13:52:56.990+0000] {logging_mixin.py:137} INFO - [2024-04-27T13:52:56.990+0000] {dag.py:2690} INFO - Sync 2 DAGs
[2024-04-27T13:52:57.044+0000] {logging_mixin.py:137} INFO - [2024-04-27T13:52:57.043+0000] {dag.py:3441} INFO - Setting next_dagrun for example_external_task_marker_child to None, run_after=None
[2024-04-27T13:52:57.048+0000] {logging_mixin.py:137} INFO - [2024-04-27T13:52:57.048+0000] {dag.py:3441} INFO - Setting next_dagrun for example_external_task_marker_parent to None, run_after=None
[2024-04-27T13:52:57.073+0000] {processor.py:175} INFO - Processing /home/airflow/.local/lib/python3.7/site-packages/airflow/example_dags/example_external_task_marker_dag.py took 0.162 seconds
[2024-04-27T13:53:27.814+0000] {processor.py:153} INFO - Started process (PID=1238) to work on /home/airflow/.local/lib/python3.7/site-packages/airflow/example_dags/example_external_task_marker_dag.py
[2024-04-27T13:53:27.815+0000] {processor.py:743} INFO - Processing file /home/airflow/.local/lib/python3.7/site-packages/airflow/example_dags/example_external_task_marker_dag.py for tasks to queue
[2024-04-27T13:53:27.816+0000] {logging_mixin.py:137} INFO - [2024-04-27T13:53:27.815+0000] {dagbag.py:538} INFO - Filling up the DagBag from /home/airflow/.local/lib/python3.7/site-packages/airflow/example_dags/example_external_task_marker_dag.py
[2024-04-27T13:53:27.835+0000] {processor.py:753} INFO - DAG(s) dict_keys(['example_external_task_marker_child', 'example_external_task_marker_parent']) retrieved from /home/airflow/.local/lib/python3.7/site-packages/airflow/example_dags/example_external_task_marker_dag.py
[2024-04-27T13:53:27.875+0000] {logging_mixin.py:137} INFO - [2024-04-27T13:53:27.875+0000] {dag.py:2690} INFO - Sync 2 DAGs
[2024-04-27T13:53:27.912+0000] {logging_mixin.py:137} INFO - [2024-04-27T13:53:27.911+0000] {dag.py:3441} INFO - Setting next_dagrun for example_external_task_marker_child to None, run_after=None
[2024-04-27T13:53:27.916+0000] {logging_mixin.py:137} INFO - [2024-04-27T13:53:27.916+0000] {dag.py:3441} INFO - Setting next_dagrun for example_external_task_marker_parent to None, run_after=None
[2024-04-27T13:53:27.939+0000] {processor.py:175} INFO - Processing /home/airflow/.local/lib/python3.7/site-packages/airflow/example_dags/example_external_task_marker_dag.py took 0.128 seconds
[2024-04-27T13:53:58.162+0000] {processor.py:153} INFO - Started process (PID=1302) to work on /home/airflow/.local/lib/python3.7/site-packages/airflow/example_dags/example_external_task_marker_dag.py
[2024-04-27T13:53:58.163+0000] {processor.py:743} INFO - Processing file /home/airflow/.local/lib/python3.7/site-packages/airflow/example_dags/example_external_task_marker_dag.py for tasks to queue
[2024-04-27T13:53:58.164+0000] {logging_mixin.py:137} INFO - [2024-04-27T13:53:58.164+0000] {dagbag.py:538} INFO - Filling up the DagBag from /home/airflow/.local/lib/python3.7/site-packages/airflow/example_dags/example_external_task_marker_dag.py
[2024-04-27T13:53:58.188+0000] {processor.py:753} INFO - DAG(s) dict_keys(['example_external_task_marker_child', 'example_external_task_marker_parent']) retrieved from /home/airflow/.local/lib/python3.7/site-packages/airflow/example_dags/example_external_task_marker_dag.py
[2024-04-27T13:53:58.236+0000] {logging_mixin.py:137} INFO - [2024-04-27T13:53:58.236+0000] {dag.py:2690} INFO - Sync 2 DAGs
[2024-04-27T13:53:58.287+0000] {logging_mixin.py:137} INFO - [2024-04-27T13:53:58.287+0000] {dag.py:3441} INFO - Setting next_dagrun for example_external_task_marker_child to None, run_after=None
[2024-04-27T13:53:58.294+0000] {logging_mixin.py:137} INFO - [2024-04-27T13:53:58.294+0000] {dag.py:3441} INFO - Setting next_dagrun for example_external_task_marker_parent to None, run_after=None
[2024-04-27T13:53:58.324+0000] {processor.py:175} INFO - Processing /home/airflow/.local/lib/python3.7/site-packages/airflow/example_dags/example_external_task_marker_dag.py took 0.167 seconds
[2024-04-27T14:03:06.666+0000] {processor.py:157} INFO - Started process (PID=39) to work on /home/airflow/.local/lib/python3.8/site-packages/airflow/example_dags/example_external_task_marker_dag.py
[2024-04-27T14:03:06.667+0000] {processor.py:829} INFO - Processing file /home/airflow/.local/lib/python3.8/site-packages/airflow/example_dags/example_external_task_marker_dag.py for tasks to queue
[2024-04-27T14:03:06.671+0000] {logging_mixin.py:151} INFO - [2024-04-27T14:03:06.671+0000] {dagbag.py:539} INFO - Filling up the DagBag from /home/airflow/.local/lib/python3.8/site-packages/airflow/example_dags/example_external_task_marker_dag.py
[2024-04-27T14:03:06.691+0000] {processor.py:839} INFO - DAG(s) dict_keys(['example_external_task_marker_child', 'example_external_task_marker_parent']) retrieved from /home/airflow/.local/lib/python3.8/site-packages/airflow/example_dags/example_external_task_marker_dag.py
[2024-04-27T14:03:07.210+0000] {logging_mixin.py:151} INFO - [2024-04-27T14:03:07.210+0000] {manager.py:501} INFO - Created Permission View: can read on DAG:example_external_task_marker_child
[2024-04-27T14:03:07.237+0000] {logging_mixin.py:151} INFO - [2024-04-27T14:03:07.237+0000] {manager.py:501} INFO - Created Permission View: can edit on DAG:example_external_task_marker_child
[2024-04-27T14:03:07.257+0000] {logging_mixin.py:151} INFO - [2024-04-27T14:03:07.257+0000] {manager.py:501} INFO - Created Permission View: can delete on DAG:example_external_task_marker_child
[2024-04-27T14:03:07.324+0000] {logging_mixin.py:151} INFO - [2024-04-27T14:03:07.324+0000] {manager.py:501} INFO - Created Permission View: can read on DAG:example_external_task_marker_parent
[2024-04-27T14:03:07.343+0000] {logging_mixin.py:151} INFO - [2024-04-27T14:03:07.343+0000] {manager.py:501} INFO - Created Permission View: can edit on DAG:example_external_task_marker_parent
[2024-04-27T14:03:07.360+0000] {logging_mixin.py:151} INFO - [2024-04-27T14:03:07.360+0000] {manager.py:501} INFO - Created Permission View: can delete on DAG:example_external_task_marker_parent
[2024-04-27T14:03:07.378+0000] {logging_mixin.py:151} INFO - [2024-04-27T14:03:07.378+0000] {dag.py:2907} INFO - Sync 2 DAGs
[2024-04-27T14:03:07.399+0000] {logging_mixin.py:151} INFO - [2024-04-27T14:03:07.398+0000] {dag.py:2929} INFO - Creating ORM DAG for example_external_task_marker_parent
[2024-04-27T14:03:07.400+0000] {logging_mixin.py:151} INFO - [2024-04-27T14:03:07.399+0000] {dag.py:2929} INFO - Creating ORM DAG for example_external_task_marker_child
[2024-04-27T14:03:07.400+0000] {logging_mixin.py:151} INFO - [2024-04-27T14:03:07.400+0000] {dag.py:3677} INFO - Setting next_dagrun for example_external_task_marker_child to None, run_after=None
[2024-04-27T14:03:07.401+0000] {logging_mixin.py:151} INFO - [2024-04-27T14:03:07.401+0000] {dag.py:3677} INFO - Setting next_dagrun for example_external_task_marker_parent to None, run_after=None
[2024-04-27T14:03:07.472+0000] {processor.py:179} INFO - Processing /home/airflow/.local/lib/python3.8/site-packages/airflow/example_dags/example_external_task_marker_dag.py took 0.811 seconds
[2024-04-27T14:03:37.563+0000] {processor.py:157} INFO - Started process (PID=102) to work on /home/airflow/.local/lib/python3.8/site-packages/airflow/example_dags/example_external_task_marker_dag.py
[2024-04-27T14:03:37.564+0000] {processor.py:829} INFO - Processing file /home/airflow/.local/lib/python3.8/site-packages/airflow/example_dags/example_external_task_marker_dag.py for tasks to queue
[2024-04-27T14:03:37.567+0000] {logging_mixin.py:151} INFO - [2024-04-27T14:03:37.566+0000] {dagbag.py:539} INFO - Filling up the DagBag from /home/airflow/.local/lib/python3.8/site-packages/airflow/example_dags/example_external_task_marker_dag.py
[2024-04-27T14:03:37.585+0000] {processor.py:839} INFO - DAG(s) dict_keys(['example_external_task_marker_child', 'example_external_task_marker_parent']) retrieved from /home/airflow/.local/lib/python3.8/site-packages/airflow/example_dags/example_external_task_marker_dag.py
[2024-04-27T14:03:37.638+0000] {logging_mixin.py:151} INFO - [2024-04-27T14:03:37.638+0000] {dag.py:2907} INFO - Sync 2 DAGs
[2024-04-27T14:03:37.662+0000] {logging_mixin.py:151} INFO - [2024-04-27T14:03:37.662+0000] {dag.py:3677} INFO - Setting next_dagrun for example_external_task_marker_child to None, run_after=None
[2024-04-27T14:03:37.668+0000] {logging_mixin.py:151} INFO - [2024-04-27T14:03:37.668+0000] {dag.py:3677} INFO - Setting next_dagrun for example_external_task_marker_parent to None, run_after=None
[2024-04-27T14:03:37.695+0000] {processor.py:179} INFO - Processing /home/airflow/.local/lib/python3.8/site-packages/airflow/example_dags/example_external_task_marker_dag.py took 0.144 seconds
[2024-04-27T14:04:07.824+0000] {processor.py:157} INFO - Started process (PID=164) to work on /home/airflow/.local/lib/python3.8/site-packages/airflow/example_dags/example_external_task_marker_dag.py
[2024-04-27T14:04:07.827+0000] {processor.py:829} INFO - Processing file /home/airflow/.local/lib/python3.8/site-packages/airflow/example_dags/example_external_task_marker_dag.py for tasks to queue
[2024-04-27T14:04:07.832+0000] {logging_mixin.py:151} INFO - [2024-04-27T14:04:07.831+0000] {dagbag.py:539} INFO - Filling up the DagBag from /home/airflow/.local/lib/python3.8/site-packages/airflow/example_dags/example_external_task_marker_dag.py
[2024-04-27T14:04:07.841+0000] {processor.py:839} INFO - DAG(s) dict_keys(['example_external_task_marker_child', 'example_external_task_marker_parent']) retrieved from /home/airflow/.local/lib/python3.8/site-packages/airflow/example_dags/example_external_task_marker_dag.py
[2024-04-27T14:04:07.871+0000] {logging_mixin.py:151} INFO - [2024-04-27T14:04:07.871+0000] {dag.py:2907} INFO - Sync 2 DAGs
[2024-04-27T14:04:07.889+0000] {logging_mixin.py:151} INFO - [2024-04-27T14:04:07.889+0000] {dag.py:3677} INFO - Setting next_dagrun for example_external_task_marker_child to None, run_after=None
[2024-04-27T14:04:07.893+0000] {logging_mixin.py:151} INFO - [2024-04-27T14:04:07.893+0000] {dag.py:3677} INFO - Setting next_dagrun for example_external_task_marker_parent to None, run_after=None
[2024-04-27T14:04:07.913+0000] {processor.py:179} INFO - Processing /home/airflow/.local/lib/python3.8/site-packages/airflow/example_dags/example_external_task_marker_dag.py took 0.105 seconds
[2024-04-27T14:04:38.148+0000] {processor.py:157} INFO - Started process (PID=235) to work on /home/airflow/.local/lib/python3.8/site-packages/airflow/example_dags/example_external_task_marker_dag.py
[2024-04-27T14:04:38.150+0000] {processor.py:829} INFO - Processing file /home/airflow/.local/lib/python3.8/site-packages/airflow/example_dags/example_external_task_marker_dag.py for tasks to queue
[2024-04-27T14:04:38.154+0000] {logging_mixin.py:151} INFO - [2024-04-27T14:04:38.153+0000] {dagbag.py:539} INFO - Filling up the DagBag from /home/airflow/.local/lib/python3.8/site-packages/airflow/example_dags/example_external_task_marker_dag.py
[2024-04-27T14:04:38.161+0000] {processor.py:839} INFO - DAG(s) dict_keys(['example_external_task_marker_child', 'example_external_task_marker_parent']) retrieved from /home/airflow/.local/lib/python3.8/site-packages/airflow/example_dags/example_external_task_marker_dag.py
[2024-04-27T14:04:38.194+0000] {logging_mixin.py:151} INFO - [2024-04-27T14:04:38.194+0000] {dag.py:2907} INFO - Sync 2 DAGs
[2024-04-27T14:04:38.210+0000] {logging_mixin.py:151} INFO - [2024-04-27T14:04:38.210+0000] {dag.py:3677} INFO - Setting next_dagrun for example_external_task_marker_child to None, run_after=None
[2024-04-27T14:04:38.214+0000] {logging_mixin.py:151} INFO - [2024-04-27T14:04:38.214+0000] {dag.py:3677} INFO - Setting next_dagrun for example_external_task_marker_parent to None, run_after=None
[2024-04-27T14:04:38.235+0000] {processor.py:179} INFO - Processing /home/airflow/.local/lib/python3.8/site-packages/airflow/example_dags/example_external_task_marker_dag.py took 0.093 seconds
[2024-04-27T14:05:08.506+0000] {processor.py:157} INFO - Started process (PID=298) to work on /home/airflow/.local/lib/python3.8/site-packages/airflow/example_dags/example_external_task_marker_dag.py
[2024-04-27T14:05:08.508+0000] {processor.py:829} INFO - Processing file /home/airflow/.local/lib/python3.8/site-packages/airflow/example_dags/example_external_task_marker_dag.py for tasks to queue
[2024-04-27T14:05:08.512+0000] {logging_mixin.py:151} INFO - [2024-04-27T14:05:08.512+0000] {dagbag.py:539} INFO - Filling up the DagBag from /home/airflow/.local/lib/python3.8/site-packages/airflow/example_dags/example_external_task_marker_dag.py
[2024-04-27T14:05:08.532+0000] {processor.py:839} INFO - DAG(s) dict_keys(['example_external_task_marker_child', 'example_external_task_marker_parent']) retrieved from /home/airflow/.local/lib/python3.8/site-packages/airflow/example_dags/example_external_task_marker_dag.py
[2024-04-27T14:05:08.608+0000] {logging_mixin.py:151} INFO - [2024-04-27T14:05:08.608+0000] {dag.py:2907} INFO - Sync 2 DAGs
[2024-04-27T14:05:08.642+0000] {logging_mixin.py:151} INFO - [2024-04-27T14:05:08.641+0000] {dag.py:3677} INFO - Setting next_dagrun for example_external_task_marker_child to None, run_after=None
[2024-04-27T14:05:08.650+0000] {logging_mixin.py:151} INFO - [2024-04-27T14:05:08.650+0000] {dag.py:3677} INFO - Setting next_dagrun for example_external_task_marker_parent to None, run_after=None
[2024-04-27T14:05:08.679+0000] {processor.py:179} INFO - Processing /home/airflow/.local/lib/python3.8/site-packages/airflow/example_dags/example_external_task_marker_dag.py took 0.179 seconds
[2024-04-27T14:05:38.842+0000] {processor.py:157} INFO - Started process (PID=363) to work on /home/airflow/.local/lib/python3.8/site-packages/airflow/example_dags/example_external_task_marker_dag.py
[2024-04-27T14:05:38.843+0000] {processor.py:829} INFO - Processing file /home/airflow/.local/lib/python3.8/site-packages/airflow/example_dags/example_external_task_marker_dag.py for tasks to queue
[2024-04-27T14:05:38.848+0000] {logging_mixin.py:151} INFO - [2024-04-27T14:05:38.847+0000] {dagbag.py:539} INFO - Filling up the DagBag from /home/airflow/.local/lib/python3.8/site-packages/airflow/example_dags/example_external_task_marker_dag.py
[2024-04-27T14:05:38.858+0000] {processor.py:839} INFO - DAG(s) dict_keys(['example_external_task_marker_child', 'example_external_task_marker_parent']) retrieved from /home/airflow/.local/lib/python3.8/site-packages/airflow/example_dags/example_external_task_marker_dag.py
[2024-04-27T14:05:38.890+0000] {logging_mixin.py:151} INFO - [2024-04-27T14:05:38.889+0000] {dag.py:2907} INFO - Sync 2 DAGs
[2024-04-27T14:05:38.905+0000] {logging_mixin.py:151} INFO - [2024-04-27T14:05:38.905+0000] {dag.py:3677} INFO - Setting next_dagrun for example_external_task_marker_child to None, run_after=None
[2024-04-27T14:05:38.910+0000] {logging_mixin.py:151} INFO - [2024-04-27T14:05:38.910+0000] {dag.py:3677} INFO - Setting next_dagrun for example_external_task_marker_parent to None, run_after=None
[2024-04-27T14:05:38.929+0000] {processor.py:179} INFO - Processing /home/airflow/.local/lib/python3.8/site-packages/airflow/example_dags/example_external_task_marker_dag.py took 0.093 seconds
[2024-04-27T14:06:09.124+0000] {processor.py:157} INFO - Started process (PID=433) to work on /home/airflow/.local/lib/python3.8/site-packages/airflow/example_dags/example_external_task_marker_dag.py
[2024-04-27T14:06:09.126+0000] {processor.py:829} INFO - Processing file /home/airflow/.local/lib/python3.8/site-packages/airflow/example_dags/example_external_task_marker_dag.py for tasks to queue
[2024-04-27T14:06:09.130+0000] {logging_mixin.py:151} INFO - [2024-04-27T14:06:09.130+0000] {dagbag.py:539} INFO - Filling up the DagBag from /home/airflow/.local/lib/python3.8/site-packages/airflow/example_dags/example_external_task_marker_dag.py
[2024-04-27T14:06:09.140+0000] {processor.py:839} INFO - DAG(s) dict_keys(['example_external_task_marker_parent', 'example_external_task_marker_child']) retrieved from /home/airflow/.local/lib/python3.8/site-packages/airflow/example_dags/example_external_task_marker_dag.py
[2024-04-27T14:06:09.210+0000] {logging_mixin.py:151} INFO - [2024-04-27T14:06:09.209+0000] {dag.py:2907} INFO - Sync 2 DAGs
[2024-04-27T14:06:09.233+0000] {logging_mixin.py:151} INFO - [2024-04-27T14:06:09.232+0000] {dag.py:3677} INFO - Setting next_dagrun for example_external_task_marker_child to None, run_after=None
[2024-04-27T14:06:09.239+0000] {logging_mixin.py:151} INFO - [2024-04-27T14:06:09.238+0000] {dag.py:3677} INFO - Setting next_dagrun for example_external_task_marker_parent to None, run_after=None
[2024-04-27T14:06:09.264+0000] {processor.py:179} INFO - Processing /home/airflow/.local/lib/python3.8/site-packages/airflow/example_dags/example_external_task_marker_dag.py took 0.145 seconds
[2024-04-27T14:06:39.606+0000] {processor.py:157} INFO - Started process (PID=498) to work on /home/airflow/.local/lib/python3.8/site-packages/airflow/example_dags/example_external_task_marker_dag.py
[2024-04-27T14:06:39.608+0000] {processor.py:829} INFO - Processing file /home/airflow/.local/lib/python3.8/site-packages/airflow/example_dags/example_external_task_marker_dag.py for tasks to queue
[2024-04-27T14:06:39.612+0000] {logging_mixin.py:151} INFO - [2024-04-27T14:06:39.612+0000] {dagbag.py:539} INFO - Filling up the DagBag from /home/airflow/.local/lib/python3.8/site-packages/airflow/example_dags/example_external_task_marker_dag.py
[2024-04-27T14:06:39.621+0000] {processor.py:839} INFO - DAG(s) dict_keys(['example_external_task_marker_child', 'example_external_task_marker_parent']) retrieved from /home/airflow/.local/lib/python3.8/site-packages/airflow/example_dags/example_external_task_marker_dag.py
[2024-04-27T14:06:39.650+0000] {logging_mixin.py:151} INFO - [2024-04-27T14:06:39.650+0000] {dag.py:2907} INFO - Sync 2 DAGs
[2024-04-27T14:06:39.666+0000] {logging_mixin.py:151} INFO - [2024-04-27T14:06:39.665+0000] {dag.py:3677} INFO - Setting next_dagrun for example_external_task_marker_child to None, run_after=None
[2024-04-27T14:06:39.669+0000] {logging_mixin.py:151} INFO - [2024-04-27T14:06:39.669+0000] {dag.py:3677} INFO - Setting next_dagrun for example_external_task_marker_parent to None, run_after=None
[2024-04-27T14:06:39.687+0000] {processor.py:179} INFO - Processing /home/airflow/.local/lib/python3.8/site-packages/airflow/example_dags/example_external_task_marker_dag.py took 0.088 seconds
[2024-04-27T14:07:09.863+0000] {processor.py:157} INFO - Started process (PID=563) to work on /home/airflow/.local/lib/python3.8/site-packages/airflow/example_dags/example_external_task_marker_dag.py
[2024-04-27T14:07:09.864+0000] {processor.py:829} INFO - Processing file /home/airflow/.local/lib/python3.8/site-packages/airflow/example_dags/example_external_task_marker_dag.py for tasks to queue
[2024-04-27T14:07:09.867+0000] {logging_mixin.py:151} INFO - [2024-04-27T14:07:09.866+0000] {dagbag.py:539} INFO - Filling up the DagBag from /home/airflow/.local/lib/python3.8/site-packages/airflow/example_dags/example_external_task_marker_dag.py
[2024-04-27T14:07:09.874+0000] {processor.py:839} INFO - DAG(s) dict_keys(['example_external_task_marker_child', 'example_external_task_marker_parent']) retrieved from /home/airflow/.local/lib/python3.8/site-packages/airflow/example_dags/example_external_task_marker_dag.py
[2024-04-27T14:07:09.903+0000] {logging_mixin.py:151} INFO - [2024-04-27T14:07:09.903+0000] {dag.py:2907} INFO - Sync 2 DAGs
[2024-04-27T14:07:09.919+0000] {logging_mixin.py:151} INFO - [2024-04-27T14:07:09.919+0000] {dag.py:3677} INFO - Setting next_dagrun for example_external_task_marker_child to None, run_after=None
[2024-04-27T14:07:09.923+0000] {logging_mixin.py:151} INFO - [2024-04-27T14:07:09.922+0000] {dag.py:3677} INFO - Setting next_dagrun for example_external_task_marker_parent to None, run_after=None
[2024-04-27T14:07:09.944+0000] {processor.py:179} INFO - Processing /home/airflow/.local/lib/python3.8/site-packages/airflow/example_dags/example_external_task_marker_dag.py took 0.085 seconds
[2024-04-27T14:07:40.302+0000] {processor.py:157} INFO - Started process (PID=627) to work on /home/airflow/.local/lib/python3.8/site-packages/airflow/example_dags/example_external_task_marker_dag.py
[2024-04-27T14:07:40.303+0000] {processor.py:829} INFO - Processing file /home/airflow/.local/lib/python3.8/site-packages/airflow/example_dags/example_external_task_marker_dag.py for tasks to queue
[2024-04-27T14:07:40.305+0000] {logging_mixin.py:151} INFO - [2024-04-27T14:07:40.305+0000] {dagbag.py:539} INFO - Filling up the DagBag from /home/airflow/.local/lib/python3.8/site-packages/airflow/example_dags/example_external_task_marker_dag.py
[2024-04-27T14:07:40.312+0000] {processor.py:839} INFO - DAG(s) dict_keys(['example_external_task_marker_parent', 'example_external_task_marker_child']) retrieved from /home/airflow/.local/lib/python3.8/site-packages/airflow/example_dags/example_external_task_marker_dag.py
[2024-04-27T14:07:40.342+0000] {logging_mixin.py:151} INFO - [2024-04-27T14:07:40.342+0000] {dag.py:2907} INFO - Sync 2 DAGs
[2024-04-27T14:07:40.363+0000] {logging_mixin.py:151} INFO - [2024-04-27T14:07:40.363+0000] {dag.py:3677} INFO - Setting next_dagrun for example_external_task_marker_child to None, run_after=None
[2024-04-27T14:07:40.368+0000] {logging_mixin.py:151} INFO - [2024-04-27T14:07:40.367+0000] {dag.py:3677} INFO - Setting next_dagrun for example_external_task_marker_parent to None, run_after=None
[2024-04-27T14:07:40.389+0000] {processor.py:179} INFO - Processing /home/airflow/.local/lib/python3.8/site-packages/airflow/example_dags/example_external_task_marker_dag.py took 0.091 seconds
[2024-04-27T14:11:38.358+0000] {processor.py:157} INFO - Started process (PID=39) to work on /home/airflow/.local/lib/python3.8/site-packages/airflow/example_dags/example_external_task_marker_dag.py
[2024-04-27T14:11:38.359+0000] {processor.py:829} INFO - Processing file /home/airflow/.local/lib/python3.8/site-packages/airflow/example_dags/example_external_task_marker_dag.py for tasks to queue
[2024-04-27T14:11:38.363+0000] {logging_mixin.py:151} INFO - [2024-04-27T14:11:38.362+0000] {dagbag.py:539} INFO - Filling up the DagBag from /home/airflow/.local/lib/python3.8/site-packages/airflow/example_dags/example_external_task_marker_dag.py
[2024-04-27T14:11:38.382+0000] {processor.py:839} INFO - DAG(s) dict_keys(['example_external_task_marker_child', 'example_external_task_marker_parent']) retrieved from /home/airflow/.local/lib/python3.8/site-packages/airflow/example_dags/example_external_task_marker_dag.py
[2024-04-27T14:11:38.427+0000] {logging_mixin.py:151} INFO - [2024-04-27T14:11:38.426+0000] {dag.py:2907} INFO - Sync 2 DAGs
[2024-04-27T14:11:38.450+0000] {logging_mixin.py:151} INFO - [2024-04-27T14:11:38.450+0000] {dag.py:3677} INFO - Setting next_dagrun for example_external_task_marker_child to None, run_after=None
[2024-04-27T14:11:38.456+0000] {logging_mixin.py:151} INFO - [2024-04-27T14:11:38.456+0000] {dag.py:3677} INFO - Setting next_dagrun for example_external_task_marker_parent to None, run_after=None
[2024-04-27T14:11:38.623+0000] {processor.py:179} INFO - Processing /home/airflow/.local/lib/python3.8/site-packages/airflow/example_dags/example_external_task_marker_dag.py took 0.270 seconds
[2024-04-27T14:12:09.573+0000] {processor.py:157} INFO - Started process (PID=100) to work on /home/airflow/.local/lib/python3.8/site-packages/airflow/example_dags/example_external_task_marker_dag.py
[2024-04-27T14:12:09.574+0000] {processor.py:829} INFO - Processing file /home/airflow/.local/lib/python3.8/site-packages/airflow/example_dags/example_external_task_marker_dag.py for tasks to queue
[2024-04-27T14:12:09.578+0000] {logging_mixin.py:151} INFO - [2024-04-27T14:12:09.578+0000] {dagbag.py:539} INFO - Filling up the DagBag from /home/airflow/.local/lib/python3.8/site-packages/airflow/example_dags/example_external_task_marker_dag.py
[2024-04-27T14:12:09.588+0000] {processor.py:839} INFO - DAG(s) dict_keys(['example_external_task_marker_parent', 'example_external_task_marker_child']) retrieved from /home/airflow/.local/lib/python3.8/site-packages/airflow/example_dags/example_external_task_marker_dag.py
[2024-04-27T14:12:09.630+0000] {logging_mixin.py:151} INFO - [2024-04-27T14:12:09.630+0000] {dag.py:2907} INFO - Sync 2 DAGs
[2024-04-27T14:12:09.658+0000] {logging_mixin.py:151} INFO - [2024-04-27T14:12:09.658+0000] {dag.py:3677} INFO - Setting next_dagrun for example_external_task_marker_child to None, run_after=None
[2024-04-27T14:12:09.664+0000] {logging_mixin.py:151} INFO - [2024-04-27T14:12:09.664+0000] {dag.py:3677} INFO - Setting next_dagrun for example_external_task_marker_parent to None, run_after=None
[2024-04-27T14:12:09.692+0000] {processor.py:179} INFO - Processing /home/airflow/.local/lib/python3.8/site-packages/airflow/example_dags/example_external_task_marker_dag.py took 0.123 seconds
[2024-04-27T14:12:39.848+0000] {processor.py:157} INFO - Started process (PID=170) to work on /home/airflow/.local/lib/python3.8/site-packages/airflow/example_dags/example_external_task_marker_dag.py
[2024-04-27T14:12:39.854+0000] {processor.py:829} INFO - Processing file /home/airflow/.local/lib/python3.8/site-packages/airflow/example_dags/example_external_task_marker_dag.py for tasks to queue
[2024-04-27T14:12:39.858+0000] {logging_mixin.py:151} INFO - [2024-04-27T14:12:39.857+0000] {dagbag.py:539} INFO - Filling up the DagBag from /home/airflow/.local/lib/python3.8/site-packages/airflow/example_dags/example_external_task_marker_dag.py
[2024-04-27T14:12:39.867+0000] {processor.py:839} INFO - DAG(s) dict_keys(['example_external_task_marker_parent', 'example_external_task_marker_child']) retrieved from /home/airflow/.local/lib/python3.8/site-packages/airflow/example_dags/example_external_task_marker_dag.py
[2024-04-27T14:12:39.917+0000] {logging_mixin.py:151} INFO - [2024-04-27T14:12:39.917+0000] {dag.py:2907} INFO - Sync 2 DAGs
[2024-04-27T14:12:39.941+0000] {logging_mixin.py:151} INFO - [2024-04-27T14:12:39.941+0000] {dag.py:3677} INFO - Setting next_dagrun for example_external_task_marker_child to None, run_after=None
[2024-04-27T14:12:39.947+0000] {logging_mixin.py:151} INFO - [2024-04-27T14:12:39.947+0000] {dag.py:3677} INFO - Setting next_dagrun for example_external_task_marker_parent to None, run_after=None
[2024-04-27T14:12:39.974+0000] {processor.py:179} INFO - Processing /home/airflow/.local/lib/python3.8/site-packages/airflow/example_dags/example_external_task_marker_dag.py took 0.131 seconds
[2024-04-27T14:13:10.276+0000] {processor.py:157} INFO - Started process (PID=233) to work on /home/airflow/.local/lib/python3.8/site-packages/airflow/example_dags/example_external_task_marker_dag.py
[2024-04-27T14:13:10.277+0000] {processor.py:829} INFO - Processing file /home/airflow/.local/lib/python3.8/site-packages/airflow/example_dags/example_external_task_marker_dag.py for tasks to queue
[2024-04-27T14:13:10.281+0000] {logging_mixin.py:151} INFO - [2024-04-27T14:13:10.280+0000] {dagbag.py:539} INFO - Filling up the DagBag from /home/airflow/.local/lib/python3.8/site-packages/airflow/example_dags/example_external_task_marker_dag.py
[2024-04-27T14:13:10.289+0000] {processor.py:839} INFO - DAG(s) dict_keys(['example_external_task_marker_parent', 'example_external_task_marker_child']) retrieved from /home/airflow/.local/lib/python3.8/site-packages/airflow/example_dags/example_external_task_marker_dag.py
[2024-04-27T14:13:10.324+0000] {logging_mixin.py:151} INFO - [2024-04-27T14:13:10.324+0000] {dag.py:2907} INFO - Sync 2 DAGs
[2024-04-27T14:13:10.354+0000] {logging_mixin.py:151} INFO - [2024-04-27T14:13:10.353+0000] {dag.py:3677} INFO - Setting next_dagrun for example_external_task_marker_child to None, run_after=None
[2024-04-27T14:13:10.360+0000] {logging_mixin.py:151} INFO - [2024-04-27T14:13:10.360+0000] {dag.py:3677} INFO - Setting next_dagrun for example_external_task_marker_parent to None, run_after=None
[2024-04-27T14:13:10.391+0000] {processor.py:179} INFO - Processing /home/airflow/.local/lib/python3.8/site-packages/airflow/example_dags/example_external_task_marker_dag.py took 0.122 seconds
[2024-04-27T14:13:40.690+0000] {processor.py:157} INFO - Started process (PID=295) to work on /home/airflow/.local/lib/python3.8/site-packages/airflow/example_dags/example_external_task_marker_dag.py
[2024-04-27T14:13:40.691+0000] {processor.py:829} INFO - Processing file /home/airflow/.local/lib/python3.8/site-packages/airflow/example_dags/example_external_task_marker_dag.py for tasks to queue
[2024-04-27T14:13:40.694+0000] {logging_mixin.py:151} INFO - [2024-04-27T14:13:40.693+0000] {dagbag.py:539} INFO - Filling up the DagBag from /home/airflow/.local/lib/python3.8/site-packages/airflow/example_dags/example_external_task_marker_dag.py
[2024-04-27T14:13:40.701+0000] {processor.py:839} INFO - DAG(s) dict_keys(['example_external_task_marker_parent', 'example_external_task_marker_child']) retrieved from /home/airflow/.local/lib/python3.8/site-packages/airflow/example_dags/example_external_task_marker_dag.py
[2024-04-27T14:13:40.738+0000] {logging_mixin.py:151} INFO - [2024-04-27T14:13:40.737+0000] {dag.py:2907} INFO - Sync 2 DAGs
[2024-04-27T14:13:40.755+0000] {logging_mixin.py:151} INFO - [2024-04-27T14:13:40.754+0000] {dag.py:3677} INFO - Setting next_dagrun for example_external_task_marker_child to None, run_after=None
[2024-04-27T14:13:40.759+0000] {logging_mixin.py:151} INFO - [2024-04-27T14:13:40.759+0000] {dag.py:3677} INFO - Setting next_dagrun for example_external_task_marker_parent to None, run_after=None
[2024-04-27T14:13:40.781+0000] {processor.py:179} INFO - Processing /home/airflow/.local/lib/python3.8/site-packages/airflow/example_dags/example_external_task_marker_dag.py took 0.097 seconds
[2024-04-27T14:14:11.059+0000] {processor.py:157} INFO - Started process (PID=359) to work on /home/airflow/.local/lib/python3.8/site-packages/airflow/example_dags/example_external_task_marker_dag.py
[2024-04-27T14:14:11.060+0000] {processor.py:829} INFO - Processing file /home/airflow/.local/lib/python3.8/site-packages/airflow/example_dags/example_external_task_marker_dag.py for tasks to queue
[2024-04-27T14:14:11.064+0000] {logging_mixin.py:151} INFO - [2024-04-27T14:14:11.063+0000] {dagbag.py:539} INFO - Filling up the DagBag from /home/airflow/.local/lib/python3.8/site-packages/airflow/example_dags/example_external_task_marker_dag.py
[2024-04-27T14:14:11.072+0000] {processor.py:839} INFO - DAG(s) dict_keys(['example_external_task_marker_parent', 'example_external_task_marker_child']) retrieved from /home/airflow/.local/lib/python3.8/site-packages/airflow/example_dags/example_external_task_marker_dag.py
[2024-04-27T14:14:11.103+0000] {logging_mixin.py:151} INFO - [2024-04-27T14:14:11.103+0000] {dag.py:2907} INFO - Sync 2 DAGs
[2024-04-27T14:14:11.120+0000] {logging_mixin.py:151} INFO - [2024-04-27T14:14:11.120+0000] {dag.py:3677} INFO - Setting next_dagrun for example_external_task_marker_child to None, run_after=None
[2024-04-27T14:14:11.124+0000] {logging_mixin.py:151} INFO - [2024-04-27T14:14:11.124+0000] {dag.py:3677} INFO - Setting next_dagrun for example_external_task_marker_parent to None, run_after=None
[2024-04-27T14:14:11.145+0000] {processor.py:179} INFO - Processing /home/airflow/.local/lib/python3.8/site-packages/airflow/example_dags/example_external_task_marker_dag.py took 0.095 seconds
[2024-04-27T14:14:41.205+0000] {processor.py:157} INFO - Started process (PID=431) to work on /home/airflow/.local/lib/python3.8/site-packages/airflow/example_dags/example_external_task_marker_dag.py
[2024-04-27T14:14:41.206+0000] {processor.py:829} INFO - Processing file /home/airflow/.local/lib/python3.8/site-packages/airflow/example_dags/example_external_task_marker_dag.py for tasks to queue
[2024-04-27T14:14:41.211+0000] {logging_mixin.py:151} INFO - [2024-04-27T14:14:41.209+0000] {dagbag.py:539} INFO - Filling up the DagBag from /home/airflow/.local/lib/python3.8/site-packages/airflow/example_dags/example_external_task_marker_dag.py
[2024-04-27T14:14:41.223+0000] {processor.py:839} INFO - DAG(s) dict_keys(['example_external_task_marker_parent', 'example_external_task_marker_child']) retrieved from /home/airflow/.local/lib/python3.8/site-packages/airflow/example_dags/example_external_task_marker_dag.py
[2024-04-27T14:14:41.278+0000] {logging_mixin.py:151} INFO - [2024-04-27T14:14:41.278+0000] {dag.py:2907} INFO - Sync 2 DAGs
[2024-04-27T14:14:41.307+0000] {logging_mixin.py:151} INFO - [2024-04-27T14:14:41.307+0000] {dag.py:3677} INFO - Setting next_dagrun for example_external_task_marker_child to None, run_after=None
[2024-04-27T14:14:41.313+0000] {logging_mixin.py:151} INFO - [2024-04-27T14:14:41.313+0000] {dag.py:3677} INFO - Setting next_dagrun for example_external_task_marker_parent to None, run_after=None
[2024-04-27T14:14:41.353+0000] {processor.py:179} INFO - Processing /home/airflow/.local/lib/python3.8/site-packages/airflow/example_dags/example_external_task_marker_dag.py took 0.155 seconds
[2024-04-27T14:15:11.648+0000] {processor.py:157} INFO - Started process (PID=495) to work on /home/airflow/.local/lib/python3.8/site-packages/airflow/example_dags/example_external_task_marker_dag.py
[2024-04-27T14:15:11.649+0000] {processor.py:829} INFO - Processing file /home/airflow/.local/lib/python3.8/site-packages/airflow/example_dags/example_external_task_marker_dag.py for tasks to queue
[2024-04-27T14:15:11.652+0000] {logging_mixin.py:151} INFO - [2024-04-27T14:15:11.651+0000] {dagbag.py:539} INFO - Filling up the DagBag from /home/airflow/.local/lib/python3.8/site-packages/airflow/example_dags/example_external_task_marker_dag.py
[2024-04-27T14:15:11.658+0000] {processor.py:839} INFO - DAG(s) dict_keys(['example_external_task_marker_child', 'example_external_task_marker_parent']) retrieved from /home/airflow/.local/lib/python3.8/site-packages/airflow/example_dags/example_external_task_marker_dag.py
[2024-04-27T14:15:11.690+0000] {logging_mixin.py:151} INFO - [2024-04-27T14:15:11.689+0000] {dag.py:2907} INFO - Sync 2 DAGs
[2024-04-27T14:15:11.707+0000] {logging_mixin.py:151} INFO - [2024-04-27T14:15:11.706+0000] {dag.py:3677} INFO - Setting next_dagrun for example_external_task_marker_child to None, run_after=None
[2024-04-27T14:15:11.711+0000] {logging_mixin.py:151} INFO - [2024-04-27T14:15:11.711+0000] {dag.py:3677} INFO - Setting next_dagrun for example_external_task_marker_parent to None, run_after=None
[2024-04-27T14:15:11.731+0000] {processor.py:179} INFO - Processing /home/airflow/.local/lib/python3.8/site-packages/airflow/example_dags/example_external_task_marker_dag.py took 0.086 seconds
[2024-04-27T14:15:42.217+0000] {processor.py:157} INFO - Started process (PID=561) to work on /home/airflow/.local/lib/python3.8/site-packages/airflow/example_dags/example_external_task_marker_dag.py
[2024-04-27T14:15:42.218+0000] {processor.py:829} INFO - Processing file /home/airflow/.local/lib/python3.8/site-packages/airflow/example_dags/example_external_task_marker_dag.py for tasks to queue
[2024-04-27T14:15:42.221+0000] {logging_mixin.py:151} INFO - [2024-04-27T14:15:42.220+0000] {dagbag.py:539} INFO - Filling up the DagBag from /home/airflow/.local/lib/python3.8/site-packages/airflow/example_dags/example_external_task_marker_dag.py
[2024-04-27T14:15:42.229+0000] {processor.py:839} INFO - DAG(s) dict_keys(['example_external_task_marker_child', 'example_external_task_marker_parent']) retrieved from /home/airflow/.local/lib/python3.8/site-packages/airflow/example_dags/example_external_task_marker_dag.py
[2024-04-27T14:15:42.264+0000] {logging_mixin.py:151} INFO - [2024-04-27T14:15:42.264+0000] {dag.py:2907} INFO - Sync 2 DAGs
[2024-04-27T14:15:42.282+0000] {logging_mixin.py:151} INFO - [2024-04-27T14:15:42.282+0000] {dag.py:3677} INFO - Setting next_dagrun for example_external_task_marker_child to None, run_after=None
[2024-04-27T14:15:42.288+0000] {logging_mixin.py:151} INFO - [2024-04-27T14:15:42.288+0000] {dag.py:3677} INFO - Setting next_dagrun for example_external_task_marker_parent to None, run_after=None
[2024-04-27T14:15:42.310+0000] {processor.py:179} INFO - Processing /home/airflow/.local/lib/python3.8/site-packages/airflow/example_dags/example_external_task_marker_dag.py took 0.098 seconds
[2024-04-27T14:16:12.663+0000] {processor.py:157} INFO - Started process (PID=624) to work on /home/airflow/.local/lib/python3.8/site-packages/airflow/example_dags/example_external_task_marker_dag.py
[2024-04-27T14:16:12.664+0000] {processor.py:829} INFO - Processing file /home/airflow/.local/lib/python3.8/site-packages/airflow/example_dags/example_external_task_marker_dag.py for tasks to queue
[2024-04-27T14:16:12.668+0000] {logging_mixin.py:151} INFO - [2024-04-27T14:16:12.667+0000] {dagbag.py:539} INFO - Filling up the DagBag from /home/airflow/.local/lib/python3.8/site-packages/airflow/example_dags/example_external_task_marker_dag.py
[2024-04-27T14:16:12.678+0000] {processor.py:839} INFO - DAG(s) dict_keys(['example_external_task_marker_parent', 'example_external_task_marker_child']) retrieved from /home/airflow/.local/lib/python3.8/site-packages/airflow/example_dags/example_external_task_marker_dag.py
[2024-04-27T14:16:12.724+0000] {logging_mixin.py:151} INFO - [2024-04-27T14:16:12.724+0000] {dag.py:2907} INFO - Sync 2 DAGs
[2024-04-27T14:16:12.766+0000] {logging_mixin.py:151} INFO - [2024-04-27T14:16:12.766+0000] {dag.py:3677} INFO - Setting next_dagrun for example_external_task_marker_child to None, run_after=None
[2024-04-27T14:16:12.784+0000] {logging_mixin.py:151} INFO - [2024-04-27T14:16:12.784+0000] {dag.py:3677} INFO - Setting next_dagrun for example_external_task_marker_parent to None, run_after=None
[2024-04-27T14:16:12.815+0000] {processor.py:179} INFO - Processing /home/airflow/.local/lib/python3.8/site-packages/airflow/example_dags/example_external_task_marker_dag.py took 0.158 seconds
[2024-04-27T14:16:43.251+0000] {processor.py:157} INFO - Started process (PID=697) to work on /home/airflow/.local/lib/python3.8/site-packages/airflow/example_dags/example_external_task_marker_dag.py
[2024-04-27T14:16:43.252+0000] {processor.py:829} INFO - Processing file /home/airflow/.local/lib/python3.8/site-packages/airflow/example_dags/example_external_task_marker_dag.py for tasks to queue
[2024-04-27T14:16:43.276+0000] {logging_mixin.py:151} INFO - [2024-04-27T14:16:43.276+0000] {dagbag.py:539} INFO - Filling up the DagBag from /home/airflow/.local/lib/python3.8/site-packages/airflow/example_dags/example_external_task_marker_dag.py
[2024-04-27T14:16:43.302+0000] {processor.py:839} INFO - DAG(s) dict_keys(['example_external_task_marker_parent', 'example_external_task_marker_child']) retrieved from /home/airflow/.local/lib/python3.8/site-packages/airflow/example_dags/example_external_task_marker_dag.py
[2024-04-27T14:16:43.402+0000] {logging_mixin.py:151} INFO - [2024-04-27T14:16:43.402+0000] {dag.py:2907} INFO - Sync 2 DAGs
[2024-04-27T14:16:43.426+0000] {logging_mixin.py:151} INFO - [2024-04-27T14:16:43.425+0000] {dag.py:3677} INFO - Setting next_dagrun for example_external_task_marker_child to None, run_after=None
[2024-04-27T14:16:43.431+0000] {logging_mixin.py:151} INFO - [2024-04-27T14:16:43.431+0000] {dag.py:3677} INFO - Setting next_dagrun for example_external_task_marker_parent to None, run_after=None
[2024-04-27T14:16:43.508+0000] {processor.py:179} INFO - Processing /home/airflow/.local/lib/python3.8/site-packages/airflow/example_dags/example_external_task_marker_dag.py took 0.278 seconds
[2024-04-27T14:17:13.765+0000] {processor.py:157} INFO - Started process (PID=761) to work on /home/airflow/.local/lib/python3.8/site-packages/airflow/example_dags/example_external_task_marker_dag.py
[2024-04-27T14:17:13.766+0000] {processor.py:829} INFO - Processing file /home/airflow/.local/lib/python3.8/site-packages/airflow/example_dags/example_external_task_marker_dag.py for tasks to queue
[2024-04-27T14:17:13.768+0000] {logging_mixin.py:151} INFO - [2024-04-27T14:17:13.768+0000] {dagbag.py:539} INFO - Filling up the DagBag from /home/airflow/.local/lib/python3.8/site-packages/airflow/example_dags/example_external_task_marker_dag.py
[2024-04-27T14:17:13.775+0000] {processor.py:839} INFO - DAG(s) dict_keys(['example_external_task_marker_child', 'example_external_task_marker_parent']) retrieved from /home/airflow/.local/lib/python3.8/site-packages/airflow/example_dags/example_external_task_marker_dag.py
[2024-04-27T14:17:13.810+0000] {logging_mixin.py:151} INFO - [2024-04-27T14:17:13.810+0000] {dag.py:2907} INFO - Sync 2 DAGs
[2024-04-27T14:17:13.827+0000] {logging_mixin.py:151} INFO - [2024-04-27T14:17:13.827+0000] {dag.py:3677} INFO - Setting next_dagrun for example_external_task_marker_child to None, run_after=None
[2024-04-27T14:17:13.832+0000] {logging_mixin.py:151} INFO - [2024-04-27T14:17:13.831+0000] {dag.py:3677} INFO - Setting next_dagrun for example_external_task_marker_parent to None, run_after=None
[2024-04-27T14:17:13.858+0000] {processor.py:179} INFO - Processing /home/airflow/.local/lib/python3.8/site-packages/airflow/example_dags/example_external_task_marker_dag.py took 0.099 seconds
[2024-04-27T14:17:44.144+0000] {processor.py:157} INFO - Started process (PID=825) to work on /home/airflow/.local/lib/python3.8/site-packages/airflow/example_dags/example_external_task_marker_dag.py
[2024-04-27T14:17:44.145+0000] {processor.py:829} INFO - Processing file /home/airflow/.local/lib/python3.8/site-packages/airflow/example_dags/example_external_task_marker_dag.py for tasks to queue
[2024-04-27T14:17:44.148+0000] {logging_mixin.py:151} INFO - [2024-04-27T14:17:44.148+0000] {dagbag.py:539} INFO - Filling up the DagBag from /home/airflow/.local/lib/python3.8/site-packages/airflow/example_dags/example_external_task_marker_dag.py
[2024-04-27T14:17:44.155+0000] {processor.py:839} INFO - DAG(s) dict_keys(['example_external_task_marker_parent', 'example_external_task_marker_child']) retrieved from /home/airflow/.local/lib/python3.8/site-packages/airflow/example_dags/example_external_task_marker_dag.py
[2024-04-27T14:17:44.193+0000] {logging_mixin.py:151} INFO - [2024-04-27T14:17:44.193+0000] {dag.py:2907} INFO - Sync 2 DAGs
[2024-04-27T14:17:44.217+0000] {logging_mixin.py:151} INFO - [2024-04-27T14:17:44.217+0000] {dag.py:3677} INFO - Setting next_dagrun for example_external_task_marker_child to None, run_after=None
[2024-04-27T14:17:44.223+0000] {logging_mixin.py:151} INFO - [2024-04-27T14:17:44.223+0000] {dag.py:3677} INFO - Setting next_dagrun for example_external_task_marker_parent to None, run_after=None
[2024-04-27T14:17:44.247+0000] {processor.py:179} INFO - Processing /home/airflow/.local/lib/python3.8/site-packages/airflow/example_dags/example_external_task_marker_dag.py took 0.110 seconds
[2024-04-27T14:18:14.486+0000] {processor.py:157} INFO - Started process (PID=889) to work on /home/airflow/.local/lib/python3.8/site-packages/airflow/example_dags/example_external_task_marker_dag.py
[2024-04-27T14:18:14.488+0000] {processor.py:829} INFO - Processing file /home/airflow/.local/lib/python3.8/site-packages/airflow/example_dags/example_external_task_marker_dag.py for tasks to queue
[2024-04-27T14:18:14.492+0000] {logging_mixin.py:151} INFO - [2024-04-27T14:18:14.491+0000] {dagbag.py:539} INFO - Filling up the DagBag from /home/airflow/.local/lib/python3.8/site-packages/airflow/example_dags/example_external_task_marker_dag.py
[2024-04-27T14:18:14.501+0000] {processor.py:839} INFO - DAG(s) dict_keys(['example_external_task_marker_parent', 'example_external_task_marker_child']) retrieved from /home/airflow/.local/lib/python3.8/site-packages/airflow/example_dags/example_external_task_marker_dag.py
[2024-04-27T14:18:14.548+0000] {logging_mixin.py:151} INFO - [2024-04-27T14:18:14.548+0000] {dag.py:2907} INFO - Sync 2 DAGs
[2024-04-27T14:18:14.572+0000] {logging_mixin.py:151} INFO - [2024-04-27T14:18:14.571+0000] {dag.py:3677} INFO - Setting next_dagrun for example_external_task_marker_child to None, run_after=None
[2024-04-27T14:18:14.578+0000] {logging_mixin.py:151} INFO - [2024-04-27T14:18:14.578+0000] {dag.py:3677} INFO - Setting next_dagrun for example_external_task_marker_parent to None, run_after=None
[2024-04-27T14:18:14.605+0000] {processor.py:179} INFO - Processing /home/airflow/.local/lib/python3.8/site-packages/airflow/example_dags/example_external_task_marker_dag.py took 0.123 seconds
[2024-04-27T14:18:44.686+0000] {processor.py:157} INFO - Started process (PID=959) to work on /home/airflow/.local/lib/python3.8/site-packages/airflow/example_dags/example_external_task_marker_dag.py
[2024-04-27T14:18:44.687+0000] {processor.py:829} INFO - Processing file /home/airflow/.local/lib/python3.8/site-packages/airflow/example_dags/example_external_task_marker_dag.py for tasks to queue
[2024-04-27T14:18:44.690+0000] {logging_mixin.py:151} INFO - [2024-04-27T14:18:44.690+0000] {dagbag.py:539} INFO - Filling up the DagBag from /home/airflow/.local/lib/python3.8/site-packages/airflow/example_dags/example_external_task_marker_dag.py
[2024-04-27T14:18:44.698+0000] {processor.py:839} INFO - DAG(s) dict_keys(['example_external_task_marker_parent', 'example_external_task_marker_child']) retrieved from /home/airflow/.local/lib/python3.8/site-packages/airflow/example_dags/example_external_task_marker_dag.py
[2024-04-27T14:18:44.733+0000] {logging_mixin.py:151} INFO - [2024-04-27T14:18:44.732+0000] {dag.py:2907} INFO - Sync 2 DAGs
[2024-04-27T14:18:44.751+0000] {logging_mixin.py:151} INFO - [2024-04-27T14:18:44.750+0000] {dag.py:3677} INFO - Setting next_dagrun for example_external_task_marker_child to None, run_after=None
[2024-04-27T14:18:44.755+0000] {logging_mixin.py:151} INFO - [2024-04-27T14:18:44.755+0000] {dag.py:3677} INFO - Setting next_dagrun for example_external_task_marker_parent to None, run_after=None
[2024-04-27T14:18:44.777+0000] {processor.py:179} INFO - Processing /home/airflow/.local/lib/python3.8/site-packages/airflow/example_dags/example_external_task_marker_dag.py took 0.098 seconds
[2024-04-27T14:19:14.834+0000] {processor.py:157} INFO - Started process (PID=1023) to work on /home/airflow/.local/lib/python3.8/site-packages/airflow/example_dags/example_external_task_marker_dag.py
[2024-04-27T14:19:14.835+0000] {processor.py:829} INFO - Processing file /home/airflow/.local/lib/python3.8/site-packages/airflow/example_dags/example_external_task_marker_dag.py for tasks to queue
[2024-04-27T14:19:14.839+0000] {logging_mixin.py:151} INFO - [2024-04-27T14:19:14.839+0000] {dagbag.py:539} INFO - Filling up the DagBag from /home/airflow/.local/lib/python3.8/site-packages/airflow/example_dags/example_external_task_marker_dag.py
[2024-04-27T14:19:14.849+0000] {processor.py:839} INFO - DAG(s) dict_keys(['example_external_task_marker_child', 'example_external_task_marker_parent']) retrieved from /home/airflow/.local/lib/python3.8/site-packages/airflow/example_dags/example_external_task_marker_dag.py
[2024-04-27T14:19:14.890+0000] {logging_mixin.py:151} INFO - [2024-04-27T14:19:14.890+0000] {dag.py:2907} INFO - Sync 2 DAGs
[2024-04-27T14:19:14.913+0000] {logging_mixin.py:151} INFO - [2024-04-27T14:19:14.913+0000] {dag.py:3677} INFO - Setting next_dagrun for example_external_task_marker_child to None, run_after=None
[2024-04-27T14:19:14.919+0000] {logging_mixin.py:151} INFO - [2024-04-27T14:19:14.918+0000] {dag.py:3677} INFO - Setting next_dagrun for example_external_task_marker_parent to None, run_after=None
[2024-04-27T14:19:14.947+0000] {processor.py:179} INFO - Processing /home/airflow/.local/lib/python3.8/site-packages/airflow/example_dags/example_external_task_marker_dag.py took 0.117 seconds
[2024-04-27T14:19:45.900+0000] {processor.py:157} INFO - Started process (PID=1085) to work on /home/airflow/.local/lib/python3.8/site-packages/airflow/example_dags/example_external_task_marker_dag.py
[2024-04-27T14:19:45.908+0000] {processor.py:829} INFO - Processing file /home/airflow/.local/lib/python3.8/site-packages/airflow/example_dags/example_external_task_marker_dag.py for tasks to queue
[2024-04-27T14:19:45.911+0000] {logging_mixin.py:151} INFO - [2024-04-27T14:19:45.911+0000] {dagbag.py:539} INFO - Filling up the DagBag from /home/airflow/.local/lib/python3.8/site-packages/airflow/example_dags/example_external_task_marker_dag.py
[2024-04-27T14:19:45.925+0000] {processor.py:839} INFO - DAG(s) dict_keys(['example_external_task_marker_parent', 'example_external_task_marker_child']) retrieved from /home/airflow/.local/lib/python3.8/site-packages/airflow/example_dags/example_external_task_marker_dag.py
[2024-04-27T14:19:45.969+0000] {logging_mixin.py:151} INFO - [2024-04-27T14:19:45.968+0000] {dag.py:2907} INFO - Sync 2 DAGs
[2024-04-27T14:19:45.993+0000] {logging_mixin.py:151} INFO - [2024-04-27T14:19:45.993+0000] {dag.py:3677} INFO - Setting next_dagrun for example_external_task_marker_child to None, run_after=None
[2024-04-27T14:19:45.999+0000] {logging_mixin.py:151} INFO - [2024-04-27T14:19:45.998+0000] {dag.py:3677} INFO - Setting next_dagrun for example_external_task_marker_parent to None, run_after=None
[2024-04-27T14:19:46.029+0000] {processor.py:179} INFO - Processing /home/airflow/.local/lib/python3.8/site-packages/airflow/example_dags/example_external_task_marker_dag.py took 0.133 seconds
[2024-04-27T14:20:16.381+0000] {processor.py:157} INFO - Started process (PID=1149) to work on /home/airflow/.local/lib/python3.8/site-packages/airflow/example_dags/example_external_task_marker_dag.py
[2024-04-27T14:20:16.382+0000] {processor.py:829} INFO - Processing file /home/airflow/.local/lib/python3.8/site-packages/airflow/example_dags/example_external_task_marker_dag.py for tasks to queue
[2024-04-27T14:20:16.385+0000] {logging_mixin.py:151} INFO - [2024-04-27T14:20:16.385+0000] {dagbag.py:539} INFO - Filling up the DagBag from /home/airflow/.local/lib/python3.8/site-packages/airflow/example_dags/example_external_task_marker_dag.py
[2024-04-27T14:20:16.394+0000] {processor.py:839} INFO - DAG(s) dict_keys(['example_external_task_marker_child', 'example_external_task_marker_parent']) retrieved from /home/airflow/.local/lib/python3.8/site-packages/airflow/example_dags/example_external_task_marker_dag.py
[2024-04-27T14:20:16.427+0000] {logging_mixin.py:151} INFO - [2024-04-27T14:20:16.427+0000] {dag.py:2907} INFO - Sync 2 DAGs
[2024-04-27T14:20:16.448+0000] {logging_mixin.py:151} INFO - [2024-04-27T14:20:16.448+0000] {dag.py:3677} INFO - Setting next_dagrun for example_external_task_marker_child to None, run_after=None
[2024-04-27T14:20:16.453+0000] {logging_mixin.py:151} INFO - [2024-04-27T14:20:16.453+0000] {dag.py:3677} INFO - Setting next_dagrun for example_external_task_marker_parent to None, run_after=None
[2024-04-27T14:20:16.479+0000] {processor.py:179} INFO - Processing /home/airflow/.local/lib/python3.8/site-packages/airflow/example_dags/example_external_task_marker_dag.py took 0.105 seconds
[2024-04-27T14:20:47.444+0000] {processor.py:157} INFO - Started process (PID=1222) to work on /home/airflow/.local/lib/python3.8/site-packages/airflow/example_dags/example_external_task_marker_dag.py
[2024-04-27T14:20:47.445+0000] {processor.py:829} INFO - Processing file /home/airflow/.local/lib/python3.8/site-packages/airflow/example_dags/example_external_task_marker_dag.py for tasks to queue
[2024-04-27T14:20:47.448+0000] {logging_mixin.py:151} INFO - [2024-04-27T14:20:47.448+0000] {dagbag.py:539} INFO - Filling up the DagBag from /home/airflow/.local/lib/python3.8/site-packages/airflow/example_dags/example_external_task_marker_dag.py
[2024-04-27T14:20:47.457+0000] {processor.py:839} INFO - DAG(s) dict_keys(['example_external_task_marker_child', 'example_external_task_marker_parent']) retrieved from /home/airflow/.local/lib/python3.8/site-packages/airflow/example_dags/example_external_task_marker_dag.py
[2024-04-27T14:20:47.505+0000] {logging_mixin.py:151} INFO - [2024-04-27T14:20:47.505+0000] {dag.py:2907} INFO - Sync 2 DAGs
[2024-04-27T14:20:47.540+0000] {logging_mixin.py:151} INFO - [2024-04-27T14:20:47.540+0000] {dag.py:3677} INFO - Setting next_dagrun for example_external_task_marker_child to None, run_after=None
[2024-04-27T14:20:47.546+0000] {logging_mixin.py:151} INFO - [2024-04-27T14:20:47.546+0000] {dag.py:3677} INFO - Setting next_dagrun for example_external_task_marker_parent to None, run_after=None
[2024-04-27T14:20:47.573+0000] {processor.py:179} INFO - Processing /home/airflow/.local/lib/python3.8/site-packages/airflow/example_dags/example_external_task_marker_dag.py took 0.135 seconds
[2024-04-27T14:21:18.050+0000] {processor.py:157} INFO - Started process (PID=1285) to work on /home/airflow/.local/lib/python3.8/site-packages/airflow/example_dags/example_external_task_marker_dag.py
[2024-04-27T14:21:18.051+0000] {processor.py:829} INFO - Processing file /home/airflow/.local/lib/python3.8/site-packages/airflow/example_dags/example_external_task_marker_dag.py for tasks to queue
[2024-04-27T14:21:18.054+0000] {logging_mixin.py:151} INFO - [2024-04-27T14:21:18.053+0000] {dagbag.py:539} INFO - Filling up the DagBag from /home/airflow/.local/lib/python3.8/site-packages/airflow/example_dags/example_external_task_marker_dag.py
[2024-04-27T14:21:18.062+0000] {processor.py:839} INFO - DAG(s) dict_keys(['example_external_task_marker_parent', 'example_external_task_marker_child']) retrieved from /home/airflow/.local/lib/python3.8/site-packages/airflow/example_dags/example_external_task_marker_dag.py
[2024-04-27T14:21:18.097+0000] {logging_mixin.py:151} INFO - [2024-04-27T14:21:18.097+0000] {dag.py:2907} INFO - Sync 2 DAGs
[2024-04-27T14:21:18.113+0000] {logging_mixin.py:151} INFO - [2024-04-27T14:21:18.113+0000] {dag.py:3677} INFO - Setting next_dagrun for example_external_task_marker_child to None, run_after=None
[2024-04-27T14:21:18.117+0000] {logging_mixin.py:151} INFO - [2024-04-27T14:21:18.117+0000] {dag.py:3677} INFO - Setting next_dagrun for example_external_task_marker_parent to None, run_after=None
[2024-04-27T14:21:18.141+0000] {processor.py:179} INFO - Processing /home/airflow/.local/lib/python3.8/site-packages/airflow/example_dags/example_external_task_marker_dag.py took 0.098 seconds
[2024-04-27T14:21:48.241+0000] {processor.py:157} INFO - Started process (PID=1358) to work on /home/airflow/.local/lib/python3.8/site-packages/airflow/example_dags/example_external_task_marker_dag.py
[2024-04-27T14:21:48.243+0000] {processor.py:829} INFO - Processing file /home/airflow/.local/lib/python3.8/site-packages/airflow/example_dags/example_external_task_marker_dag.py for tasks to queue
[2024-04-27T14:21:48.245+0000] {logging_mixin.py:151} INFO - [2024-04-27T14:21:48.245+0000] {dagbag.py:539} INFO - Filling up the DagBag from /home/airflow/.local/lib/python3.8/site-packages/airflow/example_dags/example_external_task_marker_dag.py
[2024-04-27T14:21:48.253+0000] {processor.py:839} INFO - DAG(s) dict_keys(['example_external_task_marker_parent', 'example_external_task_marker_child']) retrieved from /home/airflow/.local/lib/python3.8/site-packages/airflow/example_dags/example_external_task_marker_dag.py
[2024-04-27T14:21:48.288+0000] {logging_mixin.py:151} INFO - [2024-04-27T14:21:48.288+0000] {dag.py:2907} INFO - Sync 2 DAGs
[2024-04-27T14:21:48.305+0000] {logging_mixin.py:151} INFO - [2024-04-27T14:21:48.304+0000] {dag.py:3677} INFO - Setting next_dagrun for example_external_task_marker_child to None, run_after=None
[2024-04-27T14:21:48.309+0000] {logging_mixin.py:151} INFO - [2024-04-27T14:21:48.309+0000] {dag.py:3677} INFO - Setting next_dagrun for example_external_task_marker_parent to None, run_after=None
[2024-04-27T14:21:48.330+0000] {processor.py:179} INFO - Processing /home/airflow/.local/lib/python3.8/site-packages/airflow/example_dags/example_external_task_marker_dag.py took 0.095 seconds
[2024-04-27T14:22:18.669+0000] {processor.py:157} INFO - Started process (PID=1423) to work on /home/airflow/.local/lib/python3.8/site-packages/airflow/example_dags/example_external_task_marker_dag.py
[2024-04-27T14:22:18.670+0000] {processor.py:829} INFO - Processing file /home/airflow/.local/lib/python3.8/site-packages/airflow/example_dags/example_external_task_marker_dag.py for tasks to queue
[2024-04-27T14:22:18.673+0000] {logging_mixin.py:151} INFO - [2024-04-27T14:22:18.673+0000] {dagbag.py:539} INFO - Filling up the DagBag from /home/airflow/.local/lib/python3.8/site-packages/airflow/example_dags/example_external_task_marker_dag.py
[2024-04-27T14:22:18.683+0000] {processor.py:839} INFO - DAG(s) dict_keys(['example_external_task_marker_child', 'example_external_task_marker_parent']) retrieved from /home/airflow/.local/lib/python3.8/site-packages/airflow/example_dags/example_external_task_marker_dag.py
[2024-04-27T14:22:18.723+0000] {logging_mixin.py:151} INFO - [2024-04-27T14:22:18.723+0000] {dag.py:2907} INFO - Sync 2 DAGs
[2024-04-27T14:22:18.747+0000] {logging_mixin.py:151} INFO - [2024-04-27T14:22:18.747+0000] {dag.py:3677} INFO - Setting next_dagrun for example_external_task_marker_child to None, run_after=None
[2024-04-27T14:22:18.753+0000] {logging_mixin.py:151} INFO - [2024-04-27T14:22:18.752+0000] {dag.py:3677} INFO - Setting next_dagrun for example_external_task_marker_parent to None, run_after=None
[2024-04-27T14:22:18.779+0000] {processor.py:179} INFO - Processing /home/airflow/.local/lib/python3.8/site-packages/airflow/example_dags/example_external_task_marker_dag.py took 0.115 seconds
[2024-04-27T14:22:49.090+0000] {processor.py:157} INFO - Started process (PID=1486) to work on /home/airflow/.local/lib/python3.8/site-packages/airflow/example_dags/example_external_task_marker_dag.py
[2024-04-27T14:22:49.092+0000] {processor.py:829} INFO - Processing file /home/airflow/.local/lib/python3.8/site-packages/airflow/example_dags/example_external_task_marker_dag.py for tasks to queue
[2024-04-27T14:22:49.095+0000] {logging_mixin.py:151} INFO - [2024-04-27T14:22:49.094+0000] {dagbag.py:539} INFO - Filling up the DagBag from /home/airflow/.local/lib/python3.8/site-packages/airflow/example_dags/example_external_task_marker_dag.py
[2024-04-27T14:22:49.103+0000] {processor.py:839} INFO - DAG(s) dict_keys(['example_external_task_marker_child', 'example_external_task_marker_parent']) retrieved from /home/airflow/.local/lib/python3.8/site-packages/airflow/example_dags/example_external_task_marker_dag.py
[2024-04-27T14:22:49.135+0000] {logging_mixin.py:151} INFO - [2024-04-27T14:22:49.135+0000] {dag.py:2907} INFO - Sync 2 DAGs
[2024-04-27T14:22:49.155+0000] {logging_mixin.py:151} INFO - [2024-04-27T14:22:49.155+0000] {dag.py:3677} INFO - Setting next_dagrun for example_external_task_marker_child to None, run_after=None
[2024-04-27T14:22:49.160+0000] {logging_mixin.py:151} INFO - [2024-04-27T14:22:49.160+0000] {dag.py:3677} INFO - Setting next_dagrun for example_external_task_marker_parent to None, run_after=None
[2024-04-27T14:22:49.184+0000] {processor.py:179} INFO - Processing /home/airflow/.local/lib/python3.8/site-packages/airflow/example_dags/example_external_task_marker_dag.py took 0.102 seconds
[2024-04-27T14:23:19.342+0000] {processor.py:157} INFO - Started process (PID=1558) to work on /home/airflow/.local/lib/python3.8/site-packages/airflow/example_dags/example_external_task_marker_dag.py
[2024-04-27T14:23:19.343+0000] {processor.py:829} INFO - Processing file /home/airflow/.local/lib/python3.8/site-packages/airflow/example_dags/example_external_task_marker_dag.py for tasks to queue
[2024-04-27T14:23:19.346+0000] {logging_mixin.py:151} INFO - [2024-04-27T14:23:19.346+0000] {dagbag.py:539} INFO - Filling up the DagBag from /home/airflow/.local/lib/python3.8/site-packages/airflow/example_dags/example_external_task_marker_dag.py
[2024-04-27T14:23:19.357+0000] {processor.py:839} INFO - DAG(s) dict_keys(['example_external_task_marker_child', 'example_external_task_marker_parent']) retrieved from /home/airflow/.local/lib/python3.8/site-packages/airflow/example_dags/example_external_task_marker_dag.py
[2024-04-27T14:23:19.393+0000] {logging_mixin.py:151} INFO - [2024-04-27T14:23:19.392+0000] {dag.py:2907} INFO - Sync 2 DAGs
[2024-04-27T14:23:19.411+0000] {logging_mixin.py:151} INFO - [2024-04-27T14:23:19.411+0000] {dag.py:3677} INFO - Setting next_dagrun for example_external_task_marker_child to None, run_after=None
[2024-04-27T14:23:19.417+0000] {logging_mixin.py:151} INFO - [2024-04-27T14:23:19.416+0000] {dag.py:3677} INFO - Setting next_dagrun for example_external_task_marker_parent to None, run_after=None
[2024-04-27T14:23:19.443+0000] {processor.py:179} INFO - Processing /home/airflow/.local/lib/python3.8/site-packages/airflow/example_dags/example_external_task_marker_dag.py took 0.105 seconds
[2024-04-27T14:23:49.602+0000] {processor.py:157} INFO - Started process (PID=1623) to work on /home/airflow/.local/lib/python3.8/site-packages/airflow/example_dags/example_external_task_marker_dag.py
[2024-04-27T14:23:49.621+0000] {processor.py:829} INFO - Processing file /home/airflow/.local/lib/python3.8/site-packages/airflow/example_dags/example_external_task_marker_dag.py for tasks to queue
[2024-04-27T14:23:49.642+0000] {logging_mixin.py:151} INFO - [2024-04-27T14:23:49.642+0000] {dagbag.py:539} INFO - Filling up the DagBag from /home/airflow/.local/lib/python3.8/site-packages/airflow/example_dags/example_external_task_marker_dag.py
[2024-04-27T14:23:49.658+0000] {processor.py:839} INFO - DAG(s) dict_keys(['example_external_task_marker_child', 'example_external_task_marker_parent']) retrieved from /home/airflow/.local/lib/python3.8/site-packages/airflow/example_dags/example_external_task_marker_dag.py
[2024-04-27T14:23:49.753+0000] {logging_mixin.py:151} INFO - [2024-04-27T14:23:49.752+0000] {dag.py:2907} INFO - Sync 2 DAGs
[2024-04-27T14:23:49.799+0000] {logging_mixin.py:151} INFO - [2024-04-27T14:23:49.798+0000] {dag.py:3677} INFO - Setting next_dagrun for example_external_task_marker_child to None, run_after=None
[2024-04-27T14:23:49.804+0000] {logging_mixin.py:151} INFO - [2024-04-27T14:23:49.804+0000] {dag.py:3677} INFO - Setting next_dagrun for example_external_task_marker_parent to None, run_after=None
[2024-04-27T14:23:49.868+0000] {processor.py:179} INFO - Processing /home/airflow/.local/lib/python3.8/site-packages/airflow/example_dags/example_external_task_marker_dag.py took 0.290 seconds
[2024-04-27T14:24:20.462+0000] {processor.py:157} INFO - Started process (PID=1687) to work on /home/airflow/.local/lib/python3.8/site-packages/airflow/example_dags/example_external_task_marker_dag.py
[2024-04-27T14:24:20.463+0000] {processor.py:829} INFO - Processing file /home/airflow/.local/lib/python3.8/site-packages/airflow/example_dags/example_external_task_marker_dag.py for tasks to queue
[2024-04-27T14:24:20.466+0000] {logging_mixin.py:151} INFO - [2024-04-27T14:24:20.465+0000] {dagbag.py:539} INFO - Filling up the DagBag from /home/airflow/.local/lib/python3.8/site-packages/airflow/example_dags/example_external_task_marker_dag.py
[2024-04-27T14:24:20.473+0000] {processor.py:839} INFO - DAG(s) dict_keys(['example_external_task_marker_child', 'example_external_task_marker_parent']) retrieved from /home/airflow/.local/lib/python3.8/site-packages/airflow/example_dags/example_external_task_marker_dag.py
[2024-04-27T14:24:20.510+0000] {logging_mixin.py:151} INFO - [2024-04-27T14:24:20.510+0000] {dag.py:2907} INFO - Sync 2 DAGs
[2024-04-27T14:24:20.533+0000] {logging_mixin.py:151} INFO - [2024-04-27T14:24:20.533+0000] {dag.py:3677} INFO - Setting next_dagrun for example_external_task_marker_child to None, run_after=None
[2024-04-27T14:24:20.538+0000] {logging_mixin.py:151} INFO - [2024-04-27T14:24:20.538+0000] {dag.py:3677} INFO - Setting next_dagrun for example_external_task_marker_parent to None, run_after=None
[2024-04-27T14:24:20.563+0000] {processor.py:179} INFO - Processing /home/airflow/.local/lib/python3.8/site-packages/airflow/example_dags/example_external_task_marker_dag.py took 0.105 seconds
[2024-04-27T14:24:50.989+0000] {processor.py:157} INFO - Started process (PID=1759) to work on /home/airflow/.local/lib/python3.8/site-packages/airflow/example_dags/example_external_task_marker_dag.py
[2024-04-27T14:24:50.991+0000] {processor.py:829} INFO - Processing file /home/airflow/.local/lib/python3.8/site-packages/airflow/example_dags/example_external_task_marker_dag.py for tasks to queue
[2024-04-27T14:24:50.995+0000] {logging_mixin.py:151} INFO - [2024-04-27T14:24:50.994+0000] {dagbag.py:539} INFO - Filling up the DagBag from /home/airflow/.local/lib/python3.8/site-packages/airflow/example_dags/example_external_task_marker_dag.py
[2024-04-27T14:24:51.006+0000] {processor.py:839} INFO - DAG(s) dict_keys(['example_external_task_marker_child', 'example_external_task_marker_parent']) retrieved from /home/airflow/.local/lib/python3.8/site-packages/airflow/example_dags/example_external_task_marker_dag.py
[2024-04-27T14:24:51.048+0000] {logging_mixin.py:151} INFO - [2024-04-27T14:24:51.048+0000] {dag.py:2907} INFO - Sync 2 DAGs
[2024-04-27T14:24:51.081+0000] {logging_mixin.py:151} INFO - [2024-04-27T14:24:51.080+0000] {dag.py:3677} INFO - Setting next_dagrun for example_external_task_marker_child to None, run_after=None
[2024-04-27T14:24:51.089+0000] {logging_mixin.py:151} INFO - [2024-04-27T14:24:51.087+0000] {dag.py:3677} INFO - Setting next_dagrun for example_external_task_marker_parent to None, run_after=None
[2024-04-27T14:24:51.123+0000] {processor.py:179} INFO - Processing /home/airflow/.local/lib/python3.8/site-packages/airflow/example_dags/example_external_task_marker_dag.py took 0.139 seconds
[2024-04-27T14:25:21.677+0000] {processor.py:157} INFO - Started process (PID=1822) to work on /home/airflow/.local/lib/python3.8/site-packages/airflow/example_dags/example_external_task_marker_dag.py
[2024-04-27T14:25:21.678+0000] {processor.py:829} INFO - Processing file /home/airflow/.local/lib/python3.8/site-packages/airflow/example_dags/example_external_task_marker_dag.py for tasks to queue
[2024-04-27T14:25:21.681+0000] {logging_mixin.py:151} INFO - [2024-04-27T14:25:21.681+0000] {dagbag.py:539} INFO - Filling up the DagBag from /home/airflow/.local/lib/python3.8/site-packages/airflow/example_dags/example_external_task_marker_dag.py
[2024-04-27T14:25:21.688+0000] {processor.py:839} INFO - DAG(s) dict_keys(['example_external_task_marker_parent', 'example_external_task_marker_child']) retrieved from /home/airflow/.local/lib/python3.8/site-packages/airflow/example_dags/example_external_task_marker_dag.py
[2024-04-27T14:25:21.724+0000] {logging_mixin.py:151} INFO - [2024-04-27T14:25:21.724+0000] {dag.py:2907} INFO - Sync 2 DAGs
[2024-04-27T14:25:21.741+0000] {logging_mixin.py:151} INFO - [2024-04-27T14:25:21.741+0000] {dag.py:3677} INFO - Setting next_dagrun for example_external_task_marker_child to None, run_after=None
[2024-04-27T14:25:21.745+0000] {logging_mixin.py:151} INFO - [2024-04-27T14:25:21.745+0000] {dag.py:3677} INFO - Setting next_dagrun for example_external_task_marker_parent to None, run_after=None
[2024-04-27T14:25:21.767+0000] {processor.py:179} INFO - Processing /home/airflow/.local/lib/python3.8/site-packages/airflow/example_dags/example_external_task_marker_dag.py took 0.096 seconds
[2024-04-27T14:25:52.629+0000] {processor.py:157} INFO - Started process (PID=1896) to work on /home/airflow/.local/lib/python3.8/site-packages/airflow/example_dags/example_external_task_marker_dag.py
[2024-04-27T14:25:52.630+0000] {processor.py:829} INFO - Processing file /home/airflow/.local/lib/python3.8/site-packages/airflow/example_dags/example_external_task_marker_dag.py for tasks to queue
[2024-04-27T14:25:52.635+0000] {logging_mixin.py:151} INFO - [2024-04-27T14:25:52.635+0000] {dagbag.py:539} INFO - Filling up the DagBag from /home/airflow/.local/lib/python3.8/site-packages/airflow/example_dags/example_external_task_marker_dag.py
[2024-04-27T14:25:52.646+0000] {processor.py:839} INFO - DAG(s) dict_keys(['example_external_task_marker_child', 'example_external_task_marker_parent']) retrieved from /home/airflow/.local/lib/python3.8/site-packages/airflow/example_dags/example_external_task_marker_dag.py
[2024-04-27T14:25:52.694+0000] {logging_mixin.py:151} INFO - [2024-04-27T14:25:52.694+0000] {dag.py:2907} INFO - Sync 2 DAGs
[2024-04-27T14:25:52.721+0000] {logging_mixin.py:151} INFO - [2024-04-27T14:25:52.721+0000] {dag.py:3677} INFO - Setting next_dagrun for example_external_task_marker_child to None, run_after=None
[2024-04-27T14:25:52.728+0000] {logging_mixin.py:151} INFO - [2024-04-27T14:25:52.727+0000] {dag.py:3677} INFO - Setting next_dagrun for example_external_task_marker_parent to None, run_after=None
[2024-04-27T14:25:52.753+0000] {processor.py:179} INFO - Processing /home/airflow/.local/lib/python3.8/site-packages/airflow/example_dags/example_external_task_marker_dag.py took 0.129 seconds
