[2024-04-27T13:44:16.953+0000] {processor.py:153} INFO - Started process (PID=53) to work on /home/airflow/.local/lib/python3.7/site-packages/airflow/example_dags/example_sla_dag.py
[2024-04-27T13:44:16.954+0000] {processor.py:743} INFO - Processing file /home/airflow/.local/lib/python3.7/site-packages/airflow/example_dags/example_sla_dag.py for tasks to queue
[2024-04-27T13:44:16.955+0000] {logging_mixin.py:137} INFO - [2024-04-27T13:44:16.955+0000] {dagbag.py:538} INFO - Filling up the DagBag from /home/airflow/.local/lib/python3.7/site-packages/airflow/example_dags/example_sla_dag.py
[2024-04-27T13:44:17.045+0000] {processor.py:753} INFO - DAG(s) dict_keys(['example_sla_dag']) retrieved from /home/airflow/.local/lib/python3.7/site-packages/airflow/example_dags/example_sla_dag.py
[2024-04-27T13:44:17.095+0000] {logging_mixin.py:137} INFO - [2024-04-27T13:44:17.094+0000] {dag.py:2690} INFO - Sync 1 DAGs
[2024-04-27T13:44:17.173+0000] {logging_mixin.py:137} INFO - [2024-04-27T13:44:17.173+0000] {dag.py:3441} INFO - Setting next_dagrun for example_sla_dag to 2024-04-27T13:42:00+00:00, run_after=2024-04-27T13:44:00+00:00
[2024-04-27T13:44:17.220+0000] {processor.py:175} INFO - Processing /home/airflow/.local/lib/python3.7/site-packages/airflow/example_dags/example_sla_dag.py took 0.284 seconds
[2024-04-27T13:44:47.392+0000] {processor.py:153} INFO - Started process (PID=116) to work on /home/airflow/.local/lib/python3.7/site-packages/airflow/example_dags/example_sla_dag.py
[2024-04-27T13:44:47.393+0000] {processor.py:743} INFO - Processing file /home/airflow/.local/lib/python3.7/site-packages/airflow/example_dags/example_sla_dag.py for tasks to queue
[2024-04-27T13:44:47.394+0000] {logging_mixin.py:137} INFO - [2024-04-27T13:44:47.394+0000] {dagbag.py:538} INFO - Filling up the DagBag from /home/airflow/.local/lib/python3.7/site-packages/airflow/example_dags/example_sla_dag.py
[2024-04-27T13:44:47.428+0000] {processor.py:753} INFO - DAG(s) dict_keys(['example_sla_dag']) retrieved from /home/airflow/.local/lib/python3.7/site-packages/airflow/example_dags/example_sla_dag.py
[2024-04-27T13:44:47.462+0000] {logging_mixin.py:137} INFO - [2024-04-27T13:44:47.462+0000] {dag.py:2690} INFO - Sync 1 DAGs
[2024-04-27T13:44:47.502+0000] {logging_mixin.py:137} INFO - [2024-04-27T13:44:47.502+0000] {dag.py:3441} INFO - Setting next_dagrun for example_sla_dag to 2024-04-27T13:42:00+00:00, run_after=2024-04-27T13:44:00+00:00
[2024-04-27T13:44:47.525+0000] {processor.py:175} INFO - Processing /home/airflow/.local/lib/python3.7/site-packages/airflow/example_dags/example_sla_dag.py took 0.139 seconds
[2024-04-27T13:45:17.976+0000] {processor.py:153} INFO - Started process (PID=180) to work on /home/airflow/.local/lib/python3.7/site-packages/airflow/example_dags/example_sla_dag.py
[2024-04-27T13:45:17.977+0000] {processor.py:743} INFO - Processing file /home/airflow/.local/lib/python3.7/site-packages/airflow/example_dags/example_sla_dag.py for tasks to queue
[2024-04-27T13:45:17.978+0000] {logging_mixin.py:137} INFO - [2024-04-27T13:45:17.978+0000] {dagbag.py:538} INFO - Filling up the DagBag from /home/airflow/.local/lib/python3.7/site-packages/airflow/example_dags/example_sla_dag.py
[2024-04-27T13:45:18.021+0000] {processor.py:753} INFO - DAG(s) dict_keys(['example_sla_dag']) retrieved from /home/airflow/.local/lib/python3.7/site-packages/airflow/example_dags/example_sla_dag.py
[2024-04-27T13:45:18.060+0000] {logging_mixin.py:137} INFO - [2024-04-27T13:45:18.060+0000] {dag.py:2690} INFO - Sync 1 DAGs
[2024-04-27T13:45:18.100+0000] {logging_mixin.py:137} INFO - [2024-04-27T13:45:18.100+0000] {dag.py:3441} INFO - Setting next_dagrun for example_sla_dag to 2024-04-27T13:42:00+00:00, run_after=2024-04-27T13:44:00+00:00
[2024-04-27T13:45:18.126+0000] {processor.py:175} INFO - Processing /home/airflow/.local/lib/python3.7/site-packages/airflow/example_dags/example_sla_dag.py took 0.155 seconds
[2024-04-27T13:45:48.754+0000] {processor.py:153} INFO - Started process (PID=250) to work on /home/airflow/.local/lib/python3.7/site-packages/airflow/example_dags/example_sla_dag.py
[2024-04-27T13:45:48.767+0000] {processor.py:743} INFO - Processing file /home/airflow/.local/lib/python3.7/site-packages/airflow/example_dags/example_sla_dag.py for tasks to queue
[2024-04-27T13:45:48.769+0000] {logging_mixin.py:137} INFO - [2024-04-27T13:45:48.769+0000] {dagbag.py:538} INFO - Filling up the DagBag from /home/airflow/.local/lib/python3.7/site-packages/airflow/example_dags/example_sla_dag.py
[2024-04-27T13:45:48.827+0000] {processor.py:753} INFO - DAG(s) dict_keys(['example_sla_dag']) retrieved from /home/airflow/.local/lib/python3.7/site-packages/airflow/example_dags/example_sla_dag.py
[2024-04-27T13:45:48.878+0000] {logging_mixin.py:137} INFO - [2024-04-27T13:45:48.878+0000] {dag.py:2690} INFO - Sync 1 DAGs
[2024-04-27T13:45:48.939+0000] {logging_mixin.py:137} INFO - [2024-04-27T13:45:48.939+0000] {dag.py:3441} INFO - Setting next_dagrun for example_sla_dag to 2024-04-27T13:42:00+00:00, run_after=2024-04-27T13:44:00+00:00
[2024-04-27T13:45:48.971+0000] {processor.py:175} INFO - Processing /home/airflow/.local/lib/python3.7/site-packages/airflow/example_dags/example_sla_dag.py took 0.224 seconds
[2024-04-27T13:46:19.142+0000] {processor.py:153} INFO - Started process (PID=319) to work on /home/airflow/.local/lib/python3.7/site-packages/airflow/example_dags/example_sla_dag.py
[2024-04-27T13:46:19.143+0000] {processor.py:743} INFO - Processing file /home/airflow/.local/lib/python3.7/site-packages/airflow/example_dags/example_sla_dag.py for tasks to queue
[2024-04-27T13:46:19.144+0000] {logging_mixin.py:137} INFO - [2024-04-27T13:46:19.144+0000] {dagbag.py:538} INFO - Filling up the DagBag from /home/airflow/.local/lib/python3.7/site-packages/airflow/example_dags/example_sla_dag.py
[2024-04-27T13:46:19.175+0000] {processor.py:753} INFO - DAG(s) dict_keys(['example_sla_dag']) retrieved from /home/airflow/.local/lib/python3.7/site-packages/airflow/example_dags/example_sla_dag.py
[2024-04-27T13:46:19.209+0000] {logging_mixin.py:137} INFO - [2024-04-27T13:46:19.209+0000] {dag.py:2690} INFO - Sync 1 DAGs
[2024-04-27T13:46:19.250+0000] {logging_mixin.py:137} INFO - [2024-04-27T13:46:19.250+0000] {dag.py:3441} INFO - Setting next_dagrun for example_sla_dag to 2024-04-27T13:44:00+00:00, run_after=2024-04-27T13:46:00+00:00
[2024-04-27T13:46:19.278+0000] {processor.py:175} INFO - Processing /home/airflow/.local/lib/python3.7/site-packages/airflow/example_dags/example_sla_dag.py took 0.140 seconds
[2024-04-27T13:46:49.336+0000] {processor.py:153} INFO - Started process (PID=382) to work on /home/airflow/.local/lib/python3.7/site-packages/airflow/example_dags/example_sla_dag.py
[2024-04-27T13:46:49.337+0000] {processor.py:743} INFO - Processing file /home/airflow/.local/lib/python3.7/site-packages/airflow/example_dags/example_sla_dag.py for tasks to queue
[2024-04-27T13:46:49.338+0000] {logging_mixin.py:137} INFO - [2024-04-27T13:46:49.338+0000] {dagbag.py:538} INFO - Filling up the DagBag from /home/airflow/.local/lib/python3.7/site-packages/airflow/example_dags/example_sla_dag.py
[2024-04-27T13:46:49.369+0000] {processor.py:753} INFO - DAG(s) dict_keys(['example_sla_dag']) retrieved from /home/airflow/.local/lib/python3.7/site-packages/airflow/example_dags/example_sla_dag.py
[2024-04-27T13:46:49.405+0000] {logging_mixin.py:137} INFO - [2024-04-27T13:46:49.404+0000] {dag.py:2690} INFO - Sync 1 DAGs
[2024-04-27T13:46:49.465+0000] {logging_mixin.py:137} INFO - [2024-04-27T13:46:49.465+0000] {dag.py:3441} INFO - Setting next_dagrun for example_sla_dag to 2024-04-27T13:44:00+00:00, run_after=2024-04-27T13:46:00+00:00
[2024-04-27T13:46:49.497+0000] {processor.py:175} INFO - Processing /home/airflow/.local/lib/python3.7/site-packages/airflow/example_dags/example_sla_dag.py took 0.166 seconds
[2024-04-27T13:47:20.123+0000] {processor.py:153} INFO - Started process (PID=447) to work on /home/airflow/.local/lib/python3.7/site-packages/airflow/example_dags/example_sla_dag.py
[2024-04-27T13:47:20.124+0000] {processor.py:743} INFO - Processing file /home/airflow/.local/lib/python3.7/site-packages/airflow/example_dags/example_sla_dag.py for tasks to queue
[2024-04-27T13:47:20.125+0000] {logging_mixin.py:137} INFO - [2024-04-27T13:47:20.125+0000] {dagbag.py:538} INFO - Filling up the DagBag from /home/airflow/.local/lib/python3.7/site-packages/airflow/example_dags/example_sla_dag.py
[2024-04-27T13:47:20.185+0000] {processor.py:753} INFO - DAG(s) dict_keys(['example_sla_dag']) retrieved from /home/airflow/.local/lib/python3.7/site-packages/airflow/example_dags/example_sla_dag.py
[2024-04-27T13:47:20.250+0000] {logging_mixin.py:137} INFO - [2024-04-27T13:47:20.250+0000] {dag.py:2690} INFO - Sync 1 DAGs
[2024-04-27T13:47:20.336+0000] {logging_mixin.py:137} INFO - [2024-04-27T13:47:20.335+0000] {dag.py:3441} INFO - Setting next_dagrun for example_sla_dag to 2024-04-27T13:44:00+00:00, run_after=2024-04-27T13:46:00+00:00
[2024-04-27T13:47:20.384+0000] {processor.py:175} INFO - Processing /home/airflow/.local/lib/python3.7/site-packages/airflow/example_dags/example_sla_dag.py took 0.271 seconds
[2024-04-27T13:47:50.700+0000] {processor.py:153} INFO - Started process (PID=511) to work on /home/airflow/.local/lib/python3.7/site-packages/airflow/example_dags/example_sla_dag.py
[2024-04-27T13:47:50.701+0000] {processor.py:743} INFO - Processing file /home/airflow/.local/lib/python3.7/site-packages/airflow/example_dags/example_sla_dag.py for tasks to queue
[2024-04-27T13:47:50.702+0000] {logging_mixin.py:137} INFO - [2024-04-27T13:47:50.702+0000] {dagbag.py:538} INFO - Filling up the DagBag from /home/airflow/.local/lib/python3.7/site-packages/airflow/example_dags/example_sla_dag.py
[2024-04-27T13:47:50.745+0000] {processor.py:753} INFO - DAG(s) dict_keys(['example_sla_dag']) retrieved from /home/airflow/.local/lib/python3.7/site-packages/airflow/example_dags/example_sla_dag.py
[2024-04-27T13:47:50.789+0000] {logging_mixin.py:137} INFO - [2024-04-27T13:47:50.788+0000] {dag.py:2690} INFO - Sync 1 DAGs
[2024-04-27T13:47:50.865+0000] {logging_mixin.py:137} INFO - [2024-04-27T13:47:50.865+0000] {dag.py:3441} INFO - Setting next_dagrun for example_sla_dag to 2024-04-27T13:44:00+00:00, run_after=2024-04-27T13:46:00+00:00
[2024-04-27T13:47:50.904+0000] {processor.py:175} INFO - Processing /home/airflow/.local/lib/python3.7/site-packages/airflow/example_dags/example_sla_dag.py took 0.209 seconds
[2024-04-27T13:48:21.637+0000] {processor.py:153} INFO - Started process (PID=584) to work on /home/airflow/.local/lib/python3.7/site-packages/airflow/example_dags/example_sla_dag.py
[2024-04-27T13:48:21.638+0000] {processor.py:743} INFO - Processing file /home/airflow/.local/lib/python3.7/site-packages/airflow/example_dags/example_sla_dag.py for tasks to queue
[2024-04-27T13:48:21.639+0000] {logging_mixin.py:137} INFO - [2024-04-27T13:48:21.639+0000] {dagbag.py:538} INFO - Filling up the DagBag from /home/airflow/.local/lib/python3.7/site-packages/airflow/example_dags/example_sla_dag.py
[2024-04-27T13:48:21.674+0000] {processor.py:753} INFO - DAG(s) dict_keys(['example_sla_dag']) retrieved from /home/airflow/.local/lib/python3.7/site-packages/airflow/example_dags/example_sla_dag.py
[2024-04-27T13:48:21.720+0000] {logging_mixin.py:137} INFO - [2024-04-27T13:48:21.719+0000] {dag.py:2690} INFO - Sync 1 DAGs
[2024-04-27T13:48:21.822+0000] {logging_mixin.py:137} INFO - [2024-04-27T13:48:21.821+0000] {dag.py:3441} INFO - Setting next_dagrun for example_sla_dag to 2024-04-27T13:46:00+00:00, run_after=2024-04-27T13:48:00+00:00
[2024-04-27T13:48:21.864+0000] {processor.py:175} INFO - Processing /home/airflow/.local/lib/python3.7/site-packages/airflow/example_dags/example_sla_dag.py took 0.230 seconds
[2024-04-27T13:48:51.948+0000] {processor.py:153} INFO - Started process (PID=651) to work on /home/airflow/.local/lib/python3.7/site-packages/airflow/example_dags/example_sla_dag.py
[2024-04-27T13:48:51.949+0000] {processor.py:743} INFO - Processing file /home/airflow/.local/lib/python3.7/site-packages/airflow/example_dags/example_sla_dag.py for tasks to queue
[2024-04-27T13:48:51.950+0000] {logging_mixin.py:137} INFO - [2024-04-27T13:48:51.950+0000] {dagbag.py:538} INFO - Filling up the DagBag from /home/airflow/.local/lib/python3.7/site-packages/airflow/example_dags/example_sla_dag.py
[2024-04-27T13:48:51.995+0000] {processor.py:753} INFO - DAG(s) dict_keys(['example_sla_dag']) retrieved from /home/airflow/.local/lib/python3.7/site-packages/airflow/example_dags/example_sla_dag.py
[2024-04-27T13:48:52.037+0000] {logging_mixin.py:137} INFO - [2024-04-27T13:48:52.036+0000] {dag.py:2690} INFO - Sync 1 DAGs
[2024-04-27T13:48:52.097+0000] {logging_mixin.py:137} INFO - [2024-04-27T13:48:52.096+0000] {dag.py:3441} INFO - Setting next_dagrun for example_sla_dag to 2024-04-27T13:46:00+00:00, run_after=2024-04-27T13:48:00+00:00
[2024-04-27T13:48:52.131+0000] {processor.py:175} INFO - Processing /home/airflow/.local/lib/python3.7/site-packages/airflow/example_dags/example_sla_dag.py took 0.188 seconds
[2024-04-27T13:49:22.658+0000] {processor.py:153} INFO - Started process (PID=715) to work on /home/airflow/.local/lib/python3.7/site-packages/airflow/example_dags/example_sla_dag.py
[2024-04-27T13:49:22.659+0000] {processor.py:743} INFO - Processing file /home/airflow/.local/lib/python3.7/site-packages/airflow/example_dags/example_sla_dag.py for tasks to queue
[2024-04-27T13:49:22.660+0000] {logging_mixin.py:137} INFO - [2024-04-27T13:49:22.660+0000] {dagbag.py:538} INFO - Filling up the DagBag from /home/airflow/.local/lib/python3.7/site-packages/airflow/example_dags/example_sla_dag.py
[2024-04-27T13:49:22.698+0000] {processor.py:753} INFO - DAG(s) dict_keys(['example_sla_dag']) retrieved from /home/airflow/.local/lib/python3.7/site-packages/airflow/example_dags/example_sla_dag.py
[2024-04-27T13:49:22.729+0000] {logging_mixin.py:137} INFO - [2024-04-27T13:49:22.729+0000] {dag.py:2690} INFO - Sync 1 DAGs
[2024-04-27T13:49:22.769+0000] {logging_mixin.py:137} INFO - [2024-04-27T13:49:22.769+0000] {dag.py:3441} INFO - Setting next_dagrun for example_sla_dag to 2024-04-27T13:46:00+00:00, run_after=2024-04-27T13:48:00+00:00
[2024-04-27T13:49:22.796+0000] {processor.py:175} INFO - Processing /home/airflow/.local/lib/python3.7/site-packages/airflow/example_dags/example_sla_dag.py took 0.144 seconds
[2024-04-27T13:49:53.197+0000] {processor.py:153} INFO - Started process (PID=779) to work on /home/airflow/.local/lib/python3.7/site-packages/airflow/example_dags/example_sla_dag.py
[2024-04-27T13:49:53.198+0000] {processor.py:743} INFO - Processing file /home/airflow/.local/lib/python3.7/site-packages/airflow/example_dags/example_sla_dag.py for tasks to queue
[2024-04-27T13:49:53.198+0000] {logging_mixin.py:137} INFO - [2024-04-27T13:49:53.198+0000] {dagbag.py:538} INFO - Filling up the DagBag from /home/airflow/.local/lib/python3.7/site-packages/airflow/example_dags/example_sla_dag.py
[2024-04-27T13:49:53.241+0000] {processor.py:753} INFO - DAG(s) dict_keys(['example_sla_dag']) retrieved from /home/airflow/.local/lib/python3.7/site-packages/airflow/example_dags/example_sla_dag.py
[2024-04-27T13:49:53.286+0000] {logging_mixin.py:137} INFO - [2024-04-27T13:49:53.286+0000] {dag.py:2690} INFO - Sync 1 DAGs
[2024-04-27T13:49:53.336+0000] {logging_mixin.py:137} INFO - [2024-04-27T13:49:53.336+0000] {dag.py:3441} INFO - Setting next_dagrun for example_sla_dag to 2024-04-27T13:46:00+00:00, run_after=2024-04-27T13:48:00+00:00
[2024-04-27T13:49:53.372+0000] {processor.py:175} INFO - Processing /home/airflow/.local/lib/python3.7/site-packages/airflow/example_dags/example_sla_dag.py took 0.181 seconds
[2024-04-27T13:50:23.740+0000] {processor.py:153} INFO - Started process (PID=841) to work on /home/airflow/.local/lib/python3.7/site-packages/airflow/example_dags/example_sla_dag.py
[2024-04-27T13:50:23.741+0000] {processor.py:743} INFO - Processing file /home/airflow/.local/lib/python3.7/site-packages/airflow/example_dags/example_sla_dag.py for tasks to queue
[2024-04-27T13:50:23.742+0000] {logging_mixin.py:137} INFO - [2024-04-27T13:50:23.742+0000] {dagbag.py:538} INFO - Filling up the DagBag from /home/airflow/.local/lib/python3.7/site-packages/airflow/example_dags/example_sla_dag.py
[2024-04-27T13:50:23.787+0000] {processor.py:753} INFO - DAG(s) dict_keys(['example_sla_dag']) retrieved from /home/airflow/.local/lib/python3.7/site-packages/airflow/example_dags/example_sla_dag.py
[2024-04-27T13:50:23.830+0000] {logging_mixin.py:137} INFO - [2024-04-27T13:50:23.830+0000] {dag.py:2690} INFO - Sync 1 DAGs
[2024-04-27T13:50:23.888+0000] {logging_mixin.py:137} INFO - [2024-04-27T13:50:23.888+0000] {dag.py:3441} INFO - Setting next_dagrun for example_sla_dag to 2024-04-27T13:48:00+00:00, run_after=2024-04-27T13:50:00+00:00
[2024-04-27T13:50:23.918+0000] {processor.py:175} INFO - Processing /home/airflow/.local/lib/python3.7/site-packages/airflow/example_dags/example_sla_dag.py took 0.183 seconds
[2024-04-27T13:50:54.692+0000] {processor.py:153} INFO - Started process (PID=916) to work on /home/airflow/.local/lib/python3.7/site-packages/airflow/example_dags/example_sla_dag.py
[2024-04-27T13:50:54.693+0000] {processor.py:743} INFO - Processing file /home/airflow/.local/lib/python3.7/site-packages/airflow/example_dags/example_sla_dag.py for tasks to queue
[2024-04-27T13:50:54.694+0000] {logging_mixin.py:137} INFO - [2024-04-27T13:50:54.694+0000] {dagbag.py:538} INFO - Filling up the DagBag from /home/airflow/.local/lib/python3.7/site-packages/airflow/example_dags/example_sla_dag.py
[2024-04-27T13:50:54.737+0000] {processor.py:753} INFO - DAG(s) dict_keys(['example_sla_dag']) retrieved from /home/airflow/.local/lib/python3.7/site-packages/airflow/example_dags/example_sla_dag.py
[2024-04-27T13:50:54.782+0000] {logging_mixin.py:137} INFO - [2024-04-27T13:50:54.782+0000] {dag.py:2690} INFO - Sync 1 DAGs
[2024-04-27T13:50:54.841+0000] {logging_mixin.py:137} INFO - [2024-04-27T13:50:54.841+0000] {dag.py:3441} INFO - Setting next_dagrun for example_sla_dag to 2024-04-27T13:48:00+00:00, run_after=2024-04-27T13:50:00+00:00
[2024-04-27T13:50:54.865+0000] {processor.py:175} INFO - Processing /home/airflow/.local/lib/python3.7/site-packages/airflow/example_dags/example_sla_dag.py took 0.177 seconds
[2024-04-27T13:51:25.516+0000] {processor.py:153} INFO - Started process (PID=979) to work on /home/airflow/.local/lib/python3.7/site-packages/airflow/example_dags/example_sla_dag.py
[2024-04-27T13:51:25.517+0000] {processor.py:743} INFO - Processing file /home/airflow/.local/lib/python3.7/site-packages/airflow/example_dags/example_sla_dag.py for tasks to queue
[2024-04-27T13:51:25.518+0000] {logging_mixin.py:137} INFO - [2024-04-27T13:51:25.517+0000] {dagbag.py:538} INFO - Filling up the DagBag from /home/airflow/.local/lib/python3.7/site-packages/airflow/example_dags/example_sla_dag.py
[2024-04-27T13:51:25.552+0000] {processor.py:753} INFO - DAG(s) dict_keys(['example_sla_dag']) retrieved from /home/airflow/.local/lib/python3.7/site-packages/airflow/example_dags/example_sla_dag.py
[2024-04-27T13:51:25.584+0000] {logging_mixin.py:137} INFO - [2024-04-27T13:51:25.584+0000] {dag.py:2690} INFO - Sync 1 DAGs
[2024-04-27T13:51:25.624+0000] {logging_mixin.py:137} INFO - [2024-04-27T13:51:25.623+0000] {dag.py:3441} INFO - Setting next_dagrun for example_sla_dag to 2024-04-27T13:48:00+00:00, run_after=2024-04-27T13:50:00+00:00
[2024-04-27T13:51:25.651+0000] {processor.py:175} INFO - Processing /home/airflow/.local/lib/python3.7/site-packages/airflow/example_dags/example_sla_dag.py took 0.139 seconds
[2024-04-27T13:51:56.751+0000] {processor.py:153} INFO - Started process (PID=1041) to work on /home/airflow/.local/lib/python3.7/site-packages/airflow/example_dags/example_sla_dag.py
[2024-04-27T13:51:56.752+0000] {processor.py:743} INFO - Processing file /home/airflow/.local/lib/python3.7/site-packages/airflow/example_dags/example_sla_dag.py for tasks to queue
[2024-04-27T13:51:56.753+0000] {logging_mixin.py:137} INFO - [2024-04-27T13:51:56.753+0000] {dagbag.py:538} INFO - Filling up the DagBag from /home/airflow/.local/lib/python3.7/site-packages/airflow/example_dags/example_sla_dag.py
[2024-04-27T13:51:56.798+0000] {processor.py:753} INFO - DAG(s) dict_keys(['example_sla_dag']) retrieved from /home/airflow/.local/lib/python3.7/site-packages/airflow/example_dags/example_sla_dag.py
[2024-04-27T13:51:56.830+0000] {logging_mixin.py:137} INFO - [2024-04-27T13:51:56.829+0000] {dag.py:2690} INFO - Sync 1 DAGs
[2024-04-27T13:51:56.868+0000] {logging_mixin.py:137} INFO - [2024-04-27T13:51:56.868+0000] {dag.py:3441} INFO - Setting next_dagrun for example_sla_dag to 2024-04-27T13:48:00+00:00, run_after=2024-04-27T13:50:00+00:00
[2024-04-27T13:51:56.890+0000] {processor.py:175} INFO - Processing /home/airflow/.local/lib/python3.7/site-packages/airflow/example_dags/example_sla_dag.py took 0.145 seconds
[2024-04-27T13:52:27.675+0000] {processor.py:153} INFO - Started process (PID=1114) to work on /home/airflow/.local/lib/python3.7/site-packages/airflow/example_dags/example_sla_dag.py
[2024-04-27T13:52:27.676+0000] {processor.py:743} INFO - Processing file /home/airflow/.local/lib/python3.7/site-packages/airflow/example_dags/example_sla_dag.py for tasks to queue
[2024-04-27T13:52:27.677+0000] {logging_mixin.py:137} INFO - [2024-04-27T13:52:27.677+0000] {dagbag.py:538} INFO - Filling up the DagBag from /home/airflow/.local/lib/python3.7/site-packages/airflow/example_dags/example_sla_dag.py
[2024-04-27T13:52:27.721+0000] {processor.py:753} INFO - DAG(s) dict_keys(['example_sla_dag']) retrieved from /home/airflow/.local/lib/python3.7/site-packages/airflow/example_dags/example_sla_dag.py
[2024-04-27T13:52:27.765+0000] {logging_mixin.py:137} INFO - [2024-04-27T13:52:27.765+0000] {dag.py:2690} INFO - Sync 1 DAGs
[2024-04-27T13:52:27.831+0000] {logging_mixin.py:137} INFO - [2024-04-27T13:52:27.831+0000] {dag.py:3441} INFO - Setting next_dagrun for example_sla_dag to 2024-04-27T13:50:00+00:00, run_after=2024-04-27T13:52:00+00:00
[2024-04-27T13:52:27.866+0000] {processor.py:175} INFO - Processing /home/airflow/.local/lib/python3.7/site-packages/airflow/example_dags/example_sla_dag.py took 0.196 seconds
[2024-04-27T13:52:58.657+0000] {processor.py:153} INFO - Started process (PID=1181) to work on /home/airflow/.local/lib/python3.7/site-packages/airflow/example_dags/example_sla_dag.py
[2024-04-27T13:52:58.658+0000] {processor.py:743} INFO - Processing file /home/airflow/.local/lib/python3.7/site-packages/airflow/example_dags/example_sla_dag.py for tasks to queue
[2024-04-27T13:52:58.658+0000] {logging_mixin.py:137} INFO - [2024-04-27T13:52:58.658+0000] {dagbag.py:538} INFO - Filling up the DagBag from /home/airflow/.local/lib/python3.7/site-packages/airflow/example_dags/example_sla_dag.py
[2024-04-27T13:52:58.691+0000] {processor.py:753} INFO - DAG(s) dict_keys(['example_sla_dag']) retrieved from /home/airflow/.local/lib/python3.7/site-packages/airflow/example_dags/example_sla_dag.py
[2024-04-27T13:52:58.740+0000] {logging_mixin.py:137} INFO - [2024-04-27T13:52:58.740+0000] {dag.py:2690} INFO - Sync 1 DAGs
[2024-04-27T13:52:58.786+0000] {logging_mixin.py:137} INFO - [2024-04-27T13:52:58.786+0000] {dag.py:3441} INFO - Setting next_dagrun for example_sla_dag to 2024-04-27T13:50:00+00:00, run_after=2024-04-27T13:52:00+00:00
[2024-04-27T13:52:58.813+0000] {processor.py:175} INFO - Processing /home/airflow/.local/lib/python3.7/site-packages/airflow/example_dags/example_sla_dag.py took 0.160 seconds
[2024-04-27T13:53:29.353+0000] {processor.py:153} INFO - Started process (PID=1244) to work on /home/airflow/.local/lib/python3.7/site-packages/airflow/example_dags/example_sla_dag.py
[2024-04-27T13:53:29.354+0000] {processor.py:743} INFO - Processing file /home/airflow/.local/lib/python3.7/site-packages/airflow/example_dags/example_sla_dag.py for tasks to queue
[2024-04-27T13:53:29.355+0000] {logging_mixin.py:137} INFO - [2024-04-27T13:53:29.355+0000] {dagbag.py:538} INFO - Filling up the DagBag from /home/airflow/.local/lib/python3.7/site-packages/airflow/example_dags/example_sla_dag.py
[2024-04-27T13:53:29.405+0000] {processor.py:753} INFO - DAG(s) dict_keys(['example_sla_dag']) retrieved from /home/airflow/.local/lib/python3.7/site-packages/airflow/example_dags/example_sla_dag.py
[2024-04-27T13:53:29.449+0000] {logging_mixin.py:137} INFO - [2024-04-27T13:53:29.449+0000] {dag.py:2690} INFO - Sync 1 DAGs
[2024-04-27T13:53:29.510+0000] {logging_mixin.py:137} INFO - [2024-04-27T13:53:29.510+0000] {dag.py:3441} INFO - Setting next_dagrun for example_sla_dag to 2024-04-27T13:50:00+00:00, run_after=2024-04-27T13:52:00+00:00
[2024-04-27T13:53:29.558+0000] {processor.py:175} INFO - Processing /home/airflow/.local/lib/python3.7/site-packages/airflow/example_dags/example_sla_dag.py took 0.211 seconds
[2024-04-27T13:53:59.828+0000] {processor.py:153} INFO - Started process (PID=1308) to work on /home/airflow/.local/lib/python3.7/site-packages/airflow/example_dags/example_sla_dag.py
[2024-04-27T13:53:59.829+0000] {processor.py:743} INFO - Processing file /home/airflow/.local/lib/python3.7/site-packages/airflow/example_dags/example_sla_dag.py for tasks to queue
[2024-04-27T13:53:59.830+0000] {logging_mixin.py:137} INFO - [2024-04-27T13:53:59.829+0000] {dagbag.py:538} INFO - Filling up the DagBag from /home/airflow/.local/lib/python3.7/site-packages/airflow/example_dags/example_sla_dag.py
[2024-04-27T13:53:59.881+0000] {processor.py:753} INFO - DAG(s) dict_keys(['example_sla_dag']) retrieved from /home/airflow/.local/lib/python3.7/site-packages/airflow/example_dags/example_sla_dag.py
[2024-04-27T13:53:59.927+0000] {logging_mixin.py:137} INFO - [2024-04-27T13:53:59.927+0000] {dag.py:2690} INFO - Sync 1 DAGs
[2024-04-27T13:53:59.988+0000] {logging_mixin.py:137} INFO - [2024-04-27T13:53:59.988+0000] {dag.py:3441} INFO - Setting next_dagrun for example_sla_dag to 2024-04-27T13:50:00+00:00, run_after=2024-04-27T13:52:00+00:00
[2024-04-27T13:54:00.027+0000] {processor.py:175} INFO - Processing /home/airflow/.local/lib/python3.7/site-packages/airflow/example_dags/example_sla_dag.py took 0.204 seconds
[2024-04-27T14:03:13.258+0000] {processor.py:157} INFO - Started process (PID=53) to work on /home/airflow/.local/lib/python3.8/site-packages/airflow/example_dags/example_sla_dag.py
[2024-04-27T14:03:13.263+0000] {processor.py:829} INFO - Processing file /home/airflow/.local/lib/python3.8/site-packages/airflow/example_dags/example_sla_dag.py for tasks to queue
[2024-04-27T14:03:13.266+0000] {logging_mixin.py:151} INFO - [2024-04-27T14:03:13.266+0000] {dagbag.py:539} INFO - Filling up the DagBag from /home/airflow/.local/lib/python3.8/site-packages/airflow/example_dags/example_sla_dag.py
[2024-04-27T14:03:13.306+0000] {processor.py:839} INFO - DAG(s) dict_keys(['example_sla_dag']) retrieved from /home/airflow/.local/lib/python3.8/site-packages/airflow/example_dags/example_sla_dag.py
[2024-04-27T14:03:14.106+0000] {logging_mixin.py:151} INFO - [2024-04-27T14:03:14.106+0000] {manager.py:501} INFO - Created Permission View: can read on DAG:example_sla_dag
[2024-04-27T14:03:14.182+0000] {logging_mixin.py:151} INFO - [2024-04-27T14:03:14.181+0000] {manager.py:501} INFO - Created Permission View: can edit on DAG:example_sla_dag
[2024-04-27T14:03:14.206+0000] {logging_mixin.py:151} INFO - [2024-04-27T14:03:14.205+0000] {manager.py:501} INFO - Created Permission View: can delete on DAG:example_sla_dag
[2024-04-27T14:03:14.268+0000] {logging_mixin.py:151} INFO - [2024-04-27T14:03:14.268+0000] {dag.py:2907} INFO - Sync 1 DAGs
[2024-04-27T14:03:14.307+0000] {logging_mixin.py:151} INFO - [2024-04-27T14:03:14.307+0000] {dag.py:2929} INFO - Creating ORM DAG for example_sla_dag
[2024-04-27T14:03:14.358+0000] {logging_mixin.py:151} INFO - [2024-04-27T14:03:14.358+0000] {dag.py:3677} INFO - Setting next_dagrun for example_sla_dag to 2024-04-27T14:00:00+00:00, run_after=2024-04-27T14:02:00+00:00
[2024-04-27T14:03:14.416+0000] {processor.py:179} INFO - Processing /home/airflow/.local/lib/python3.8/site-packages/airflow/example_dags/example_sla_dag.py took 1.171 seconds
[2024-04-27T14:03:45.113+0000] {processor.py:157} INFO - Started process (PID=116) to work on /home/airflow/.local/lib/python3.8/site-packages/airflow/example_dags/example_sla_dag.py
[2024-04-27T14:03:45.114+0000] {processor.py:829} INFO - Processing file /home/airflow/.local/lib/python3.8/site-packages/airflow/example_dags/example_sla_dag.py for tasks to queue
[2024-04-27T14:03:45.118+0000] {logging_mixin.py:151} INFO - [2024-04-27T14:03:45.117+0000] {dagbag.py:539} INFO - Filling up the DagBag from /home/airflow/.local/lib/python3.8/site-packages/airflow/example_dags/example_sla_dag.py
[2024-04-27T14:03:45.134+0000] {processor.py:839} INFO - DAG(s) dict_keys(['example_sla_dag']) retrieved from /home/airflow/.local/lib/python3.8/site-packages/airflow/example_dags/example_sla_dag.py
[2024-04-27T14:03:45.168+0000] {logging_mixin.py:151} INFO - [2024-04-27T14:03:45.168+0000] {dag.py:2907} INFO - Sync 1 DAGs
[2024-04-27T14:03:45.231+0000] {logging_mixin.py:151} INFO - [2024-04-27T14:03:45.230+0000] {dag.py:3677} INFO - Setting next_dagrun for example_sla_dag to 2024-04-27T14:00:00+00:00, run_after=2024-04-27T14:02:00+00:00
[2024-04-27T14:03:45.267+0000] {processor.py:179} INFO - Processing /home/airflow/.local/lib/python3.8/site-packages/airflow/example_dags/example_sla_dag.py took 0.161 seconds
[2024-04-27T14:04:15.588+0000] {processor.py:157} INFO - Started process (PID=178) to work on /home/airflow/.local/lib/python3.8/site-packages/airflow/example_dags/example_sla_dag.py
[2024-04-27T14:04:15.589+0000] {processor.py:829} INFO - Processing file /home/airflow/.local/lib/python3.8/site-packages/airflow/example_dags/example_sla_dag.py for tasks to queue
[2024-04-27T14:04:15.592+0000] {logging_mixin.py:151} INFO - [2024-04-27T14:04:15.592+0000] {dagbag.py:539} INFO - Filling up the DagBag from /home/airflow/.local/lib/python3.8/site-packages/airflow/example_dags/example_sla_dag.py
[2024-04-27T14:04:15.603+0000] {processor.py:839} INFO - DAG(s) dict_keys(['example_sla_dag']) retrieved from /home/airflow/.local/lib/python3.8/site-packages/airflow/example_dags/example_sla_dag.py
[2024-04-27T14:04:15.626+0000] {logging_mixin.py:151} INFO - [2024-04-27T14:04:15.626+0000] {dag.py:2907} INFO - Sync 1 DAGs
[2024-04-27T14:04:15.656+0000] {logging_mixin.py:151} INFO - [2024-04-27T14:04:15.656+0000] {dag.py:3677} INFO - Setting next_dagrun for example_sla_dag to 2024-04-27T14:02:00+00:00, run_after=2024-04-27T14:04:00+00:00
[2024-04-27T14:04:15.676+0000] {processor.py:179} INFO - Processing /home/airflow/.local/lib/python3.8/site-packages/airflow/example_dags/example_sla_dag.py took 0.094 seconds
[2024-04-27T14:04:45.973+0000] {processor.py:157} INFO - Started process (PID=241) to work on /home/airflow/.local/lib/python3.8/site-packages/airflow/example_dags/example_sla_dag.py
[2024-04-27T14:04:45.975+0000] {processor.py:829} INFO - Processing file /home/airflow/.local/lib/python3.8/site-packages/airflow/example_dags/example_sla_dag.py for tasks to queue
[2024-04-27T14:04:45.978+0000] {logging_mixin.py:151} INFO - [2024-04-27T14:04:45.978+0000] {dagbag.py:539} INFO - Filling up the DagBag from /home/airflow/.local/lib/python3.8/site-packages/airflow/example_dags/example_sla_dag.py
[2024-04-27T14:04:46.004+0000] {processor.py:839} INFO - DAG(s) dict_keys(['example_sla_dag']) retrieved from /home/airflow/.local/lib/python3.8/site-packages/airflow/example_dags/example_sla_dag.py
[2024-04-27T14:04:46.036+0000] {logging_mixin.py:151} INFO - [2024-04-27T14:04:46.035+0000] {dag.py:2907} INFO - Sync 1 DAGs
[2024-04-27T14:04:46.074+0000] {logging_mixin.py:151} INFO - [2024-04-27T14:04:46.074+0000] {dag.py:3677} INFO - Setting next_dagrun for example_sla_dag to 2024-04-27T14:02:00+00:00, run_after=2024-04-27T14:04:00+00:00
[2024-04-27T14:04:46.095+0000] {processor.py:179} INFO - Processing /home/airflow/.local/lib/python3.8/site-packages/airflow/example_dags/example_sla_dag.py took 0.130 seconds
[2024-04-27T14:05:16.351+0000] {processor.py:157} INFO - Started process (PID=313) to work on /home/airflow/.local/lib/python3.8/site-packages/airflow/example_dags/example_sla_dag.py
[2024-04-27T14:05:16.352+0000] {processor.py:829} INFO - Processing file /home/airflow/.local/lib/python3.8/site-packages/airflow/example_dags/example_sla_dag.py for tasks to queue
[2024-04-27T14:05:16.355+0000] {logging_mixin.py:151} INFO - [2024-04-27T14:05:16.355+0000] {dagbag.py:539} INFO - Filling up the DagBag from /home/airflow/.local/lib/python3.8/site-packages/airflow/example_dags/example_sla_dag.py
[2024-04-27T14:05:16.369+0000] {processor.py:839} INFO - DAG(s) dict_keys(['example_sla_dag']) retrieved from /home/airflow/.local/lib/python3.8/site-packages/airflow/example_dags/example_sla_dag.py
[2024-04-27T14:05:16.399+0000] {logging_mixin.py:151} INFO - [2024-04-27T14:05:16.399+0000] {dag.py:2907} INFO - Sync 1 DAGs
[2024-04-27T14:05:16.450+0000] {logging_mixin.py:151} INFO - [2024-04-27T14:05:16.450+0000] {dag.py:3677} INFO - Setting next_dagrun for example_sla_dag to 2024-04-27T14:02:00+00:00, run_after=2024-04-27T14:04:00+00:00
[2024-04-27T14:05:16.490+0000] {processor.py:179} INFO - Processing /home/airflow/.local/lib/python3.8/site-packages/airflow/example_dags/example_sla_dag.py took 0.145 seconds
[2024-04-27T14:05:47.233+0000] {processor.py:157} INFO - Started process (PID=377) to work on /home/airflow/.local/lib/python3.8/site-packages/airflow/example_dags/example_sla_dag.py
[2024-04-27T14:05:47.234+0000] {processor.py:829} INFO - Processing file /home/airflow/.local/lib/python3.8/site-packages/airflow/example_dags/example_sla_dag.py for tasks to queue
[2024-04-27T14:05:47.237+0000] {logging_mixin.py:151} INFO - [2024-04-27T14:05:47.236+0000] {dagbag.py:539} INFO - Filling up the DagBag from /home/airflow/.local/lib/python3.8/site-packages/airflow/example_dags/example_sla_dag.py
[2024-04-27T14:05:47.247+0000] {processor.py:839} INFO - DAG(s) dict_keys(['example_sla_dag']) retrieved from /home/airflow/.local/lib/python3.8/site-packages/airflow/example_dags/example_sla_dag.py
[2024-04-27T14:05:47.273+0000] {logging_mixin.py:151} INFO - [2024-04-27T14:05:47.273+0000] {dag.py:2907} INFO - Sync 1 DAGs
[2024-04-27T14:05:47.343+0000] {logging_mixin.py:151} INFO - [2024-04-27T14:05:47.342+0000] {dag.py:3677} INFO - Setting next_dagrun for example_sla_dag to 2024-04-27T14:02:00+00:00, run_after=2024-04-27T14:04:00+00:00
[2024-04-27T14:05:47.368+0000] {processor.py:179} INFO - Processing /home/airflow/.local/lib/python3.8/site-packages/airflow/example_dags/example_sla_dag.py took 0.139 seconds
[2024-04-27T14:06:17.532+0000] {processor.py:157} INFO - Started process (PID=439) to work on /home/airflow/.local/lib/python3.8/site-packages/airflow/example_dags/example_sla_dag.py
[2024-04-27T14:06:17.534+0000] {processor.py:829} INFO - Processing file /home/airflow/.local/lib/python3.8/site-packages/airflow/example_dags/example_sla_dag.py for tasks to queue
[2024-04-27T14:06:17.540+0000] {logging_mixin.py:151} INFO - [2024-04-27T14:06:17.539+0000] {dagbag.py:539} INFO - Filling up the DagBag from /home/airflow/.local/lib/python3.8/site-packages/airflow/example_dags/example_sla_dag.py
[2024-04-27T14:06:17.555+0000] {processor.py:839} INFO - DAG(s) dict_keys(['example_sla_dag']) retrieved from /home/airflow/.local/lib/python3.8/site-packages/airflow/example_dags/example_sla_dag.py
[2024-04-27T14:06:17.579+0000] {logging_mixin.py:151} INFO - [2024-04-27T14:06:17.579+0000] {dag.py:2907} INFO - Sync 1 DAGs
[2024-04-27T14:06:17.616+0000] {logging_mixin.py:151} INFO - [2024-04-27T14:06:17.616+0000] {dag.py:3677} INFO - Setting next_dagrun for example_sla_dag to 2024-04-27T14:04:00+00:00, run_after=2024-04-27T14:06:00+00:00
[2024-04-27T14:06:17.641+0000] {processor.py:179} INFO - Processing /home/airflow/.local/lib/python3.8/site-packages/airflow/example_dags/example_sla_dag.py took 0.120 seconds
[2024-04-27T14:06:47.898+0000] {processor.py:157} INFO - Started process (PID=503) to work on /home/airflow/.local/lib/python3.8/site-packages/airflow/example_dags/example_sla_dag.py
[2024-04-27T14:06:47.899+0000] {processor.py:829} INFO - Processing file /home/airflow/.local/lib/python3.8/site-packages/airflow/example_dags/example_sla_dag.py for tasks to queue
[2024-04-27T14:06:47.901+0000] {logging_mixin.py:151} INFO - [2024-04-27T14:06:47.901+0000] {dagbag.py:539} INFO - Filling up the DagBag from /home/airflow/.local/lib/python3.8/site-packages/airflow/example_dags/example_sla_dag.py
[2024-04-27T14:06:47.911+0000] {processor.py:839} INFO - DAG(s) dict_keys(['example_sla_dag']) retrieved from /home/airflow/.local/lib/python3.8/site-packages/airflow/example_dags/example_sla_dag.py
[2024-04-27T14:06:47.936+0000] {logging_mixin.py:151} INFO - [2024-04-27T14:06:47.936+0000] {dag.py:2907} INFO - Sync 1 DAGs
[2024-04-27T14:06:47.975+0000] {logging_mixin.py:151} INFO - [2024-04-27T14:06:47.974+0000] {dag.py:3677} INFO - Setting next_dagrun for example_sla_dag to 2024-04-27T14:04:00+00:00, run_after=2024-04-27T14:06:00+00:00
[2024-04-27T14:06:47.999+0000] {processor.py:179} INFO - Processing /home/airflow/.local/lib/python3.8/site-packages/airflow/example_dags/example_sla_dag.py took 0.105 seconds
[2024-04-27T14:07:18.241+0000] {processor.py:157} INFO - Started process (PID=576) to work on /home/airflow/.local/lib/python3.8/site-packages/airflow/example_dags/example_sla_dag.py
[2024-04-27T14:07:18.243+0000] {processor.py:829} INFO - Processing file /home/airflow/.local/lib/python3.8/site-packages/airflow/example_dags/example_sla_dag.py for tasks to queue
[2024-04-27T14:07:18.248+0000] {logging_mixin.py:151} INFO - [2024-04-27T14:07:18.248+0000] {dagbag.py:539} INFO - Filling up the DagBag from /home/airflow/.local/lib/python3.8/site-packages/airflow/example_dags/example_sla_dag.py
[2024-04-27T14:07:18.263+0000] {processor.py:839} INFO - DAG(s) dict_keys(['example_sla_dag']) retrieved from /home/airflow/.local/lib/python3.8/site-packages/airflow/example_dags/example_sla_dag.py
[2024-04-27T14:07:18.287+0000] {logging_mixin.py:151} INFO - [2024-04-27T14:07:18.286+0000] {dag.py:2907} INFO - Sync 1 DAGs
[2024-04-27T14:07:18.319+0000] {logging_mixin.py:151} INFO - [2024-04-27T14:07:18.319+0000] {dag.py:3677} INFO - Setting next_dagrun for example_sla_dag to 2024-04-27T14:04:00+00:00, run_after=2024-04-27T14:06:00+00:00
[2024-04-27T14:07:18.343+0000] {processor.py:179} INFO - Processing /home/airflow/.local/lib/python3.8/site-packages/airflow/example_dags/example_sla_dag.py took 0.113 seconds
[2024-04-27T14:07:48.666+0000] {processor.py:157} INFO - Started process (PID=640) to work on /home/airflow/.local/lib/python3.8/site-packages/airflow/example_dags/example_sla_dag.py
[2024-04-27T14:07:48.667+0000] {processor.py:829} INFO - Processing file /home/airflow/.local/lib/python3.8/site-packages/airflow/example_dags/example_sla_dag.py for tasks to queue
[2024-04-27T14:07:48.670+0000] {logging_mixin.py:151} INFO - [2024-04-27T14:07:48.670+0000] {dagbag.py:539} INFO - Filling up the DagBag from /home/airflow/.local/lib/python3.8/site-packages/airflow/example_dags/example_sla_dag.py
[2024-04-27T14:07:48.681+0000] {processor.py:839} INFO - DAG(s) dict_keys(['example_sla_dag']) retrieved from /home/airflow/.local/lib/python3.8/site-packages/airflow/example_dags/example_sla_dag.py
[2024-04-27T14:07:48.705+0000] {logging_mixin.py:151} INFO - [2024-04-27T14:07:48.704+0000] {dag.py:2907} INFO - Sync 1 DAGs
[2024-04-27T14:07:48.750+0000] {logging_mixin.py:151} INFO - [2024-04-27T14:07:48.750+0000] {dag.py:3677} INFO - Setting next_dagrun for example_sla_dag to 2024-04-27T14:04:00+00:00, run_after=2024-04-27T14:06:00+00:00
[2024-04-27T14:07:48.794+0000] {processor.py:179} INFO - Processing /home/airflow/.local/lib/python3.8/site-packages/airflow/example_dags/example_sla_dag.py took 0.134 seconds
[2024-04-27T14:11:40.559+0000] {processor.py:157} INFO - Started process (PID=45) to work on /home/airflow/.local/lib/python3.8/site-packages/airflow/example_dags/example_sla_dag.py
[2024-04-27T14:11:40.573+0000] {processor.py:829} INFO - Processing file /home/airflow/.local/lib/python3.8/site-packages/airflow/example_dags/example_sla_dag.py for tasks to queue
[2024-04-27T14:11:40.584+0000] {logging_mixin.py:151} INFO - [2024-04-27T14:11:40.584+0000] {dagbag.py:539} INFO - Filling up the DagBag from /home/airflow/.local/lib/python3.8/site-packages/airflow/example_dags/example_sla_dag.py
[2024-04-27T14:11:40.638+0000] {processor.py:839} INFO - DAG(s) dict_keys(['example_sla_dag']) retrieved from /home/airflow/.local/lib/python3.8/site-packages/airflow/example_dags/example_sla_dag.py
[2024-04-27T14:11:40.690+0000] {logging_mixin.py:151} INFO - [2024-04-27T14:11:40.690+0000] {dag.py:2907} INFO - Sync 1 DAGs
[2024-04-27T14:11:41.096+0000] {logging_mixin.py:151} INFO - [2024-04-27T14:11:41.096+0000] {dag.py:3677} INFO - Setting next_dagrun for example_sla_dag to 2024-04-27T14:08:00+00:00, run_after=2024-04-27T14:10:00+00:00
[2024-04-27T14:11:41.219+0000] {processor.py:179} INFO - Processing /home/airflow/.local/lib/python3.8/site-packages/airflow/example_dags/example_sla_dag.py took 0.672 seconds
[2024-04-27T14:12:11.742+0000] {processor.py:157} INFO - Started process (PID=106) to work on /home/airflow/.local/lib/python3.8/site-packages/airflow/example_dags/example_sla_dag.py
[2024-04-27T14:12:11.743+0000] {processor.py:829} INFO - Processing file /home/airflow/.local/lib/python3.8/site-packages/airflow/example_dags/example_sla_dag.py for tasks to queue
[2024-04-27T14:12:11.747+0000] {logging_mixin.py:151} INFO - [2024-04-27T14:12:11.746+0000] {dagbag.py:539} INFO - Filling up the DagBag from /home/airflow/.local/lib/python3.8/site-packages/airflow/example_dags/example_sla_dag.py
[2024-04-27T14:12:11.768+0000] {processor.py:839} INFO - DAG(s) dict_keys(['example_sla_dag']) retrieved from /home/airflow/.local/lib/python3.8/site-packages/airflow/example_dags/example_sla_dag.py
[2024-04-27T14:12:11.807+0000] {logging_mixin.py:151} INFO - [2024-04-27T14:12:11.807+0000] {dag.py:2907} INFO - Sync 1 DAGs
[2024-04-27T14:12:11.856+0000] {logging_mixin.py:151} INFO - [2024-04-27T14:12:11.855+0000] {dag.py:3677} INFO - Setting next_dagrun for example_sla_dag to 2024-04-27T14:10:00+00:00, run_after=2024-04-27T14:12:00+00:00
[2024-04-27T14:12:11.882+0000] {processor.py:179} INFO - Processing /home/airflow/.local/lib/python3.8/site-packages/airflow/example_dags/example_sla_dag.py took 0.145 seconds
[2024-04-27T14:12:42.242+0000] {processor.py:157} INFO - Started process (PID=177) to work on /home/airflow/.local/lib/python3.8/site-packages/airflow/example_dags/example_sla_dag.py
[2024-04-27T14:12:42.246+0000] {processor.py:829} INFO - Processing file /home/airflow/.local/lib/python3.8/site-packages/airflow/example_dags/example_sla_dag.py for tasks to queue
[2024-04-27T14:12:42.249+0000] {logging_mixin.py:151} INFO - [2024-04-27T14:12:42.249+0000] {dagbag.py:539} INFO - Filling up the DagBag from /home/airflow/.local/lib/python3.8/site-packages/airflow/example_dags/example_sla_dag.py
[2024-04-27T14:12:42.268+0000] {processor.py:839} INFO - DAG(s) dict_keys(['example_sla_dag']) retrieved from /home/airflow/.local/lib/python3.8/site-packages/airflow/example_dags/example_sla_dag.py
[2024-04-27T14:12:42.308+0000] {logging_mixin.py:151} INFO - [2024-04-27T14:12:42.308+0000] {dag.py:2907} INFO - Sync 1 DAGs
[2024-04-27T14:12:42.346+0000] {logging_mixin.py:151} INFO - [2024-04-27T14:12:42.346+0000] {dag.py:3677} INFO - Setting next_dagrun for example_sla_dag to 2024-04-27T14:10:00+00:00, run_after=2024-04-27T14:12:00+00:00
[2024-04-27T14:12:42.372+0000] {processor.py:179} INFO - Processing /home/airflow/.local/lib/python3.8/site-packages/airflow/example_dags/example_sla_dag.py took 0.136 seconds
[2024-04-27T14:13:12.672+0000] {processor.py:157} INFO - Started process (PID=238) to work on /home/airflow/.local/lib/python3.8/site-packages/airflow/example_dags/example_sla_dag.py
[2024-04-27T14:13:12.674+0000] {processor.py:829} INFO - Processing file /home/airflow/.local/lib/python3.8/site-packages/airflow/example_dags/example_sla_dag.py for tasks to queue
[2024-04-27T14:13:12.678+0000] {logging_mixin.py:151} INFO - [2024-04-27T14:13:12.678+0000] {dagbag.py:539} INFO - Filling up the DagBag from /home/airflow/.local/lib/python3.8/site-packages/airflow/example_dags/example_sla_dag.py
[2024-04-27T14:13:12.693+0000] {processor.py:839} INFO - DAG(s) dict_keys(['example_sla_dag']) retrieved from /home/airflow/.local/lib/python3.8/site-packages/airflow/example_dags/example_sla_dag.py
[2024-04-27T14:13:12.721+0000] {logging_mixin.py:151} INFO - [2024-04-27T14:13:12.720+0000] {dag.py:2907} INFO - Sync 1 DAGs
[2024-04-27T14:13:12.757+0000] {logging_mixin.py:151} INFO - [2024-04-27T14:13:12.756+0000] {dag.py:3677} INFO - Setting next_dagrun for example_sla_dag to 2024-04-27T14:10:00+00:00, run_after=2024-04-27T14:12:00+00:00
[2024-04-27T14:13:12.776+0000] {processor.py:179} INFO - Processing /home/airflow/.local/lib/python3.8/site-packages/airflow/example_dags/example_sla_dag.py took 0.112 seconds
[2024-04-27T14:13:42.981+0000] {processor.py:157} INFO - Started process (PID=300) to work on /home/airflow/.local/lib/python3.8/site-packages/airflow/example_dags/example_sla_dag.py
[2024-04-27T14:13:42.983+0000] {processor.py:829} INFO - Processing file /home/airflow/.local/lib/python3.8/site-packages/airflow/example_dags/example_sla_dag.py for tasks to queue
[2024-04-27T14:13:42.986+0000] {logging_mixin.py:151} INFO - [2024-04-27T14:13:42.985+0000] {dagbag.py:539} INFO - Filling up the DagBag from /home/airflow/.local/lib/python3.8/site-packages/airflow/example_dags/example_sla_dag.py
[2024-04-27T14:13:42.996+0000] {processor.py:839} INFO - DAG(s) dict_keys(['example_sla_dag']) retrieved from /home/airflow/.local/lib/python3.8/site-packages/airflow/example_dags/example_sla_dag.py
[2024-04-27T14:13:43.024+0000] {logging_mixin.py:151} INFO - [2024-04-27T14:13:43.023+0000] {dag.py:2907} INFO - Sync 1 DAGs
[2024-04-27T14:13:43.061+0000] {logging_mixin.py:151} INFO - [2024-04-27T14:13:43.061+0000] {dag.py:3677} INFO - Setting next_dagrun for example_sla_dag to 2024-04-27T14:10:00+00:00, run_after=2024-04-27T14:12:00+00:00
[2024-04-27T14:13:43.087+0000] {processor.py:179} INFO - Processing /home/airflow/.local/lib/python3.8/site-packages/airflow/example_dags/example_sla_dag.py took 0.110 seconds
[2024-04-27T14:14:13.327+0000] {processor.py:157} INFO - Started process (PID=372) to work on /home/airflow/.local/lib/python3.8/site-packages/airflow/example_dags/example_sla_dag.py
[2024-04-27T14:14:13.328+0000] {processor.py:829} INFO - Processing file /home/airflow/.local/lib/python3.8/site-packages/airflow/example_dags/example_sla_dag.py for tasks to queue
[2024-04-27T14:14:13.332+0000] {logging_mixin.py:151} INFO - [2024-04-27T14:14:13.332+0000] {dagbag.py:539} INFO - Filling up the DagBag from /home/airflow/.local/lib/python3.8/site-packages/airflow/example_dags/example_sla_dag.py
[2024-04-27T14:14:13.345+0000] {processor.py:839} INFO - DAG(s) dict_keys(['example_sla_dag']) retrieved from /home/airflow/.local/lib/python3.8/site-packages/airflow/example_dags/example_sla_dag.py
[2024-04-27T14:14:13.375+0000] {logging_mixin.py:151} INFO - [2024-04-27T14:14:13.375+0000] {dag.py:2907} INFO - Sync 1 DAGs
[2024-04-27T14:14:13.424+0000] {logging_mixin.py:151} INFO - [2024-04-27T14:14:13.424+0000] {dag.py:3677} INFO - Setting next_dagrun for example_sla_dag to 2024-04-27T14:12:00+00:00, run_after=2024-04-27T14:14:00+00:00
[2024-04-27T14:14:13.454+0000] {processor.py:179} INFO - Processing /home/airflow/.local/lib/python3.8/site-packages/airflow/example_dags/example_sla_dag.py took 0.132 seconds
[2024-04-27T14:14:43.869+0000] {processor.py:157} INFO - Started process (PID=436) to work on /home/airflow/.local/lib/python3.8/site-packages/airflow/example_dags/example_sla_dag.py
[2024-04-27T14:14:43.870+0000] {processor.py:829} INFO - Processing file /home/airflow/.local/lib/python3.8/site-packages/airflow/example_dags/example_sla_dag.py for tasks to queue
[2024-04-27T14:14:43.874+0000] {logging_mixin.py:151} INFO - [2024-04-27T14:14:43.874+0000] {dagbag.py:539} INFO - Filling up the DagBag from /home/airflow/.local/lib/python3.8/site-packages/airflow/example_dags/example_sla_dag.py
[2024-04-27T14:14:43.889+0000] {processor.py:839} INFO - DAG(s) dict_keys(['example_sla_dag']) retrieved from /home/airflow/.local/lib/python3.8/site-packages/airflow/example_dags/example_sla_dag.py
[2024-04-27T14:14:43.915+0000] {logging_mixin.py:151} INFO - [2024-04-27T14:14:43.915+0000] {dag.py:2907} INFO - Sync 1 DAGs
[2024-04-27T14:14:43.957+0000] {logging_mixin.py:151} INFO - [2024-04-27T14:14:43.957+0000] {dag.py:3677} INFO - Setting next_dagrun for example_sla_dag to 2024-04-27T14:12:00+00:00, run_after=2024-04-27T14:14:00+00:00
[2024-04-27T14:14:43.993+0000] {processor.py:179} INFO - Processing /home/airflow/.local/lib/python3.8/site-packages/airflow/example_dags/example_sla_dag.py took 0.132 seconds
[2024-04-27T14:15:14.983+0000] {processor.py:157} INFO - Started process (PID=500) to work on /home/airflow/.local/lib/python3.8/site-packages/airflow/example_dags/example_sla_dag.py
[2024-04-27T14:15:14.984+0000] {processor.py:829} INFO - Processing file /home/airflow/.local/lib/python3.8/site-packages/airflow/example_dags/example_sla_dag.py for tasks to queue
[2024-04-27T14:15:14.986+0000] {logging_mixin.py:151} INFO - [2024-04-27T14:15:14.986+0000] {dagbag.py:539} INFO - Filling up the DagBag from /home/airflow/.local/lib/python3.8/site-packages/airflow/example_dags/example_sla_dag.py
[2024-04-27T14:15:15.000+0000] {processor.py:839} INFO - DAG(s) dict_keys(['example_sla_dag']) retrieved from /home/airflow/.local/lib/python3.8/site-packages/airflow/example_dags/example_sla_dag.py
[2024-04-27T14:15:15.031+0000] {logging_mixin.py:151} INFO - [2024-04-27T14:15:15.030+0000] {dag.py:2907} INFO - Sync 1 DAGs
[2024-04-27T14:15:15.072+0000] {logging_mixin.py:151} INFO - [2024-04-27T14:15:15.072+0000] {dag.py:3677} INFO - Setting next_dagrun for example_sla_dag to 2024-04-27T14:12:00+00:00, run_after=2024-04-27T14:14:00+00:00
[2024-04-27T14:15:15.095+0000] {processor.py:179} INFO - Processing /home/airflow/.local/lib/python3.8/site-packages/airflow/example_dags/example_sla_dag.py took 0.116 seconds
[2024-04-27T14:15:45.572+0000] {processor.py:157} INFO - Started process (PID=566) to work on /home/airflow/.local/lib/python3.8/site-packages/airflow/example_dags/example_sla_dag.py
[2024-04-27T14:15:45.573+0000] {processor.py:829} INFO - Processing file /home/airflow/.local/lib/python3.8/site-packages/airflow/example_dags/example_sla_dag.py for tasks to queue
[2024-04-27T14:15:45.576+0000] {logging_mixin.py:151} INFO - [2024-04-27T14:15:45.576+0000] {dagbag.py:539} INFO - Filling up the DagBag from /home/airflow/.local/lib/python3.8/site-packages/airflow/example_dags/example_sla_dag.py
[2024-04-27T14:15:45.587+0000] {processor.py:839} INFO - DAG(s) dict_keys(['example_sla_dag']) retrieved from /home/airflow/.local/lib/python3.8/site-packages/airflow/example_dags/example_sla_dag.py
[2024-04-27T14:15:45.613+0000] {logging_mixin.py:151} INFO - [2024-04-27T14:15:45.613+0000] {dag.py:2907} INFO - Sync 1 DAGs
[2024-04-27T14:15:45.646+0000] {logging_mixin.py:151} INFO - [2024-04-27T14:15:45.646+0000] {dag.py:3677} INFO - Setting next_dagrun for example_sla_dag to 2024-04-27T14:12:00+00:00, run_after=2024-04-27T14:14:00+00:00
[2024-04-27T14:15:45.668+0000] {processor.py:179} INFO - Processing /home/airflow/.local/lib/python3.8/site-packages/airflow/example_dags/example_sla_dag.py took 0.100 seconds
[2024-04-27T14:16:16.066+0000] {processor.py:157} INFO - Started process (PID=637) to work on /home/airflow/.local/lib/python3.8/site-packages/airflow/example_dags/example_sla_dag.py
[2024-04-27T14:16:16.067+0000] {processor.py:829} INFO - Processing file /home/airflow/.local/lib/python3.8/site-packages/airflow/example_dags/example_sla_dag.py for tasks to queue
[2024-04-27T14:16:16.070+0000] {logging_mixin.py:151} INFO - [2024-04-27T14:16:16.070+0000] {dagbag.py:539} INFO - Filling up the DagBag from /home/airflow/.local/lib/python3.8/site-packages/airflow/example_dags/example_sla_dag.py
[2024-04-27T14:16:16.084+0000] {processor.py:839} INFO - DAG(s) dict_keys(['example_sla_dag']) retrieved from /home/airflow/.local/lib/python3.8/site-packages/airflow/example_dags/example_sla_dag.py
[2024-04-27T14:16:16.117+0000] {logging_mixin.py:151} INFO - [2024-04-27T14:16:16.116+0000] {dag.py:2907} INFO - Sync 1 DAGs
[2024-04-27T14:16:16.165+0000] {logging_mixin.py:151} INFO - [2024-04-27T14:16:16.165+0000] {dag.py:3677} INFO - Setting next_dagrun for example_sla_dag to 2024-04-27T14:14:00+00:00, run_after=2024-04-27T14:16:00+00:00
[2024-04-27T14:16:16.193+0000] {processor.py:179} INFO - Processing /home/airflow/.local/lib/python3.8/site-packages/airflow/example_dags/example_sla_dag.py took 0.132 seconds
[2024-04-27T14:16:46.919+0000] {processor.py:157} INFO - Started process (PID=702) to work on /home/airflow/.local/lib/python3.8/site-packages/airflow/example_dags/example_sla_dag.py
[2024-04-27T14:16:46.921+0000] {processor.py:829} INFO - Processing file /home/airflow/.local/lib/python3.8/site-packages/airflow/example_dags/example_sla_dag.py for tasks to queue
[2024-04-27T14:16:46.925+0000] {logging_mixin.py:151} INFO - [2024-04-27T14:16:46.925+0000] {dagbag.py:539} INFO - Filling up the DagBag from /home/airflow/.local/lib/python3.8/site-packages/airflow/example_dags/example_sla_dag.py
[2024-04-27T14:16:46.942+0000] {processor.py:839} INFO - DAG(s) dict_keys(['example_sla_dag']) retrieved from /home/airflow/.local/lib/python3.8/site-packages/airflow/example_dags/example_sla_dag.py
[2024-04-27T14:16:46.980+0000] {logging_mixin.py:151} INFO - [2024-04-27T14:16:46.980+0000] {dag.py:2907} INFO - Sync 1 DAGs
[2024-04-27T14:16:47.022+0000] {logging_mixin.py:151} INFO - [2024-04-27T14:16:47.021+0000] {dag.py:3677} INFO - Setting next_dagrun for example_sla_dag to 2024-04-27T14:14:00+00:00, run_after=2024-04-27T14:16:00+00:00
[2024-04-27T14:16:47.053+0000] {processor.py:179} INFO - Processing /home/airflow/.local/lib/python3.8/site-packages/airflow/example_dags/example_sla_dag.py took 0.139 seconds
[2024-04-27T14:17:17.095+0000] {processor.py:157} INFO - Started process (PID=766) to work on /home/airflow/.local/lib/python3.8/site-packages/airflow/example_dags/example_sla_dag.py
[2024-04-27T14:17:17.096+0000] {processor.py:829} INFO - Processing file /home/airflow/.local/lib/python3.8/site-packages/airflow/example_dags/example_sla_dag.py for tasks to queue
[2024-04-27T14:17:17.099+0000] {logging_mixin.py:151} INFO - [2024-04-27T14:17:17.099+0000] {dagbag.py:539} INFO - Filling up the DagBag from /home/airflow/.local/lib/python3.8/site-packages/airflow/example_dags/example_sla_dag.py
[2024-04-27T14:17:17.112+0000] {processor.py:839} INFO - DAG(s) dict_keys(['example_sla_dag']) retrieved from /home/airflow/.local/lib/python3.8/site-packages/airflow/example_dags/example_sla_dag.py
[2024-04-27T14:17:17.142+0000] {logging_mixin.py:151} INFO - [2024-04-27T14:17:17.142+0000] {dag.py:2907} INFO - Sync 1 DAGs
[2024-04-27T14:17:17.195+0000] {logging_mixin.py:151} INFO - [2024-04-27T14:17:17.195+0000] {dag.py:3677} INFO - Setting next_dagrun for example_sla_dag to 2024-04-27T14:14:00+00:00, run_after=2024-04-27T14:16:00+00:00
[2024-04-27T14:17:17.227+0000] {processor.py:179} INFO - Processing /home/airflow/.local/lib/python3.8/site-packages/airflow/example_dags/example_sla_dag.py took 0.138 seconds
[2024-04-27T14:17:47.461+0000] {processor.py:157} INFO - Started process (PID=830) to work on /home/airflow/.local/lib/python3.8/site-packages/airflow/example_dags/example_sla_dag.py
[2024-04-27T14:17:47.462+0000] {processor.py:829} INFO - Processing file /home/airflow/.local/lib/python3.8/site-packages/airflow/example_dags/example_sla_dag.py for tasks to queue
[2024-04-27T14:17:47.465+0000] {logging_mixin.py:151} INFO - [2024-04-27T14:17:47.465+0000] {dagbag.py:539} INFO - Filling up the DagBag from /home/airflow/.local/lib/python3.8/site-packages/airflow/example_dags/example_sla_dag.py
[2024-04-27T14:17:47.480+0000] {processor.py:839} INFO - DAG(s) dict_keys(['example_sla_dag']) retrieved from /home/airflow/.local/lib/python3.8/site-packages/airflow/example_dags/example_sla_dag.py
[2024-04-27T14:17:47.511+0000] {logging_mixin.py:151} INFO - [2024-04-27T14:17:47.511+0000] {dag.py:2907} INFO - Sync 1 DAGs
[2024-04-27T14:17:47.555+0000] {logging_mixin.py:151} INFO - [2024-04-27T14:17:47.555+0000] {dag.py:3677} INFO - Setting next_dagrun for example_sla_dag to 2024-04-27T14:14:00+00:00, run_after=2024-04-27T14:16:00+00:00
[2024-04-27T14:17:47.583+0000] {processor.py:179} INFO - Processing /home/airflow/.local/lib/python3.8/site-packages/airflow/example_dags/example_sla_dag.py took 0.128 seconds
[2024-04-27T14:18:17.892+0000] {processor.py:157} INFO - Started process (PID=902) to work on /home/airflow/.local/lib/python3.8/site-packages/airflow/example_dags/example_sla_dag.py
[2024-04-27T14:18:17.893+0000] {processor.py:829} INFO - Processing file /home/airflow/.local/lib/python3.8/site-packages/airflow/example_dags/example_sla_dag.py for tasks to queue
[2024-04-27T14:18:17.897+0000] {logging_mixin.py:151} INFO - [2024-04-27T14:18:17.896+0000] {dagbag.py:539} INFO - Filling up the DagBag from /home/airflow/.local/lib/python3.8/site-packages/airflow/example_dags/example_sla_dag.py
[2024-04-27T14:18:17.933+0000] {processor.py:839} INFO - DAG(s) dict_keys(['example_sla_dag']) retrieved from /home/airflow/.local/lib/python3.8/site-packages/airflow/example_dags/example_sla_dag.py
[2024-04-27T14:18:18.005+0000] {logging_mixin.py:151} INFO - [2024-04-27T14:18:18.005+0000] {dag.py:2907} INFO - Sync 1 DAGs
[2024-04-27T14:18:18.068+0000] {logging_mixin.py:151} INFO - [2024-04-27T14:18:18.067+0000] {dag.py:3677} INFO - Setting next_dagrun for example_sla_dag to 2024-04-27T14:16:00+00:00, run_after=2024-04-27T14:18:00+00:00
[2024-04-27T14:18:18.095+0000] {processor.py:179} INFO - Processing /home/airflow/.local/lib/python3.8/site-packages/airflow/example_dags/example_sla_dag.py took 0.209 seconds
[2024-04-27T14:18:48.205+0000] {processor.py:157} INFO - Started process (PID=964) to work on /home/airflow/.local/lib/python3.8/site-packages/airflow/example_dags/example_sla_dag.py
[2024-04-27T14:18:48.206+0000] {processor.py:829} INFO - Processing file /home/airflow/.local/lib/python3.8/site-packages/airflow/example_dags/example_sla_dag.py for tasks to queue
[2024-04-27T14:18:48.209+0000] {logging_mixin.py:151} INFO - [2024-04-27T14:18:48.209+0000] {dagbag.py:539} INFO - Filling up the DagBag from /home/airflow/.local/lib/python3.8/site-packages/airflow/example_dags/example_sla_dag.py
[2024-04-27T14:18:48.226+0000] {processor.py:839} INFO - DAG(s) dict_keys(['example_sla_dag']) retrieved from /home/airflow/.local/lib/python3.8/site-packages/airflow/example_dags/example_sla_dag.py
[2024-04-27T14:18:48.271+0000] {logging_mixin.py:151} INFO - [2024-04-27T14:18:48.271+0000] {dag.py:2907} INFO - Sync 1 DAGs
[2024-04-27T14:18:48.321+0000] {logging_mixin.py:151} INFO - [2024-04-27T14:18:48.321+0000] {dag.py:3677} INFO - Setting next_dagrun for example_sla_dag to 2024-04-27T14:16:00+00:00, run_after=2024-04-27T14:18:00+00:00
[2024-04-27T14:18:48.355+0000] {processor.py:179} INFO - Processing /home/airflow/.local/lib/python3.8/site-packages/airflow/example_dags/example_sla_dag.py took 0.157 seconds
[2024-04-27T14:19:19.051+0000] {processor.py:157} INFO - Started process (PID=1028) to work on /home/airflow/.local/lib/python3.8/site-packages/airflow/example_dags/example_sla_dag.py
[2024-04-27T14:19:19.053+0000] {processor.py:829} INFO - Processing file /home/airflow/.local/lib/python3.8/site-packages/airflow/example_dags/example_sla_dag.py for tasks to queue
[2024-04-27T14:19:19.056+0000] {logging_mixin.py:151} INFO - [2024-04-27T14:19:19.055+0000] {dagbag.py:539} INFO - Filling up the DagBag from /home/airflow/.local/lib/python3.8/site-packages/airflow/example_dags/example_sla_dag.py
[2024-04-27T14:19:19.067+0000] {processor.py:839} INFO - DAG(s) dict_keys(['example_sla_dag']) retrieved from /home/airflow/.local/lib/python3.8/site-packages/airflow/example_dags/example_sla_dag.py
[2024-04-27T14:19:19.095+0000] {logging_mixin.py:151} INFO - [2024-04-27T14:19:19.095+0000] {dag.py:2907} INFO - Sync 1 DAGs
[2024-04-27T14:19:19.145+0000] {logging_mixin.py:151} INFO - [2024-04-27T14:19:19.145+0000] {dag.py:3677} INFO - Setting next_dagrun for example_sla_dag to 2024-04-27T14:16:00+00:00, run_after=2024-04-27T14:18:00+00:00
[2024-04-27T14:19:19.171+0000] {processor.py:179} INFO - Processing /home/airflow/.local/lib/python3.8/site-packages/airflow/example_dags/example_sla_dag.py took 0.125 seconds
[2024-04-27T14:19:49.321+0000] {processor.py:157} INFO - Started process (PID=1090) to work on /home/airflow/.local/lib/python3.8/site-packages/airflow/example_dags/example_sla_dag.py
[2024-04-27T14:19:49.322+0000] {processor.py:829} INFO - Processing file /home/airflow/.local/lib/python3.8/site-packages/airflow/example_dags/example_sla_dag.py for tasks to queue
[2024-04-27T14:19:49.324+0000] {logging_mixin.py:151} INFO - [2024-04-27T14:19:49.324+0000] {dagbag.py:539} INFO - Filling up the DagBag from /home/airflow/.local/lib/python3.8/site-packages/airflow/example_dags/example_sla_dag.py
[2024-04-27T14:19:49.335+0000] {processor.py:839} INFO - DAG(s) dict_keys(['example_sla_dag']) retrieved from /home/airflow/.local/lib/python3.8/site-packages/airflow/example_dags/example_sla_dag.py
[2024-04-27T14:19:49.360+0000] {logging_mixin.py:151} INFO - [2024-04-27T14:19:49.360+0000] {dag.py:2907} INFO - Sync 1 DAGs
[2024-04-27T14:19:49.396+0000] {logging_mixin.py:151} INFO - [2024-04-27T14:19:49.396+0000] {dag.py:3677} INFO - Setting next_dagrun for example_sla_dag to 2024-04-27T14:16:00+00:00, run_after=2024-04-27T14:18:00+00:00
[2024-04-27T14:19:49.418+0000] {processor.py:179} INFO - Processing /home/airflow/.local/lib/python3.8/site-packages/airflow/example_dags/example_sla_dag.py took 0.102 seconds
[2024-04-27T14:20:19.671+0000] {processor.py:157} INFO - Started process (PID=1162) to work on /home/airflow/.local/lib/python3.8/site-packages/airflow/example_dags/example_sla_dag.py
[2024-04-27T14:20:19.672+0000] {processor.py:829} INFO - Processing file /home/airflow/.local/lib/python3.8/site-packages/airflow/example_dags/example_sla_dag.py for tasks to queue
[2024-04-27T14:20:19.676+0000] {logging_mixin.py:151} INFO - [2024-04-27T14:20:19.675+0000] {dagbag.py:539} INFO - Filling up the DagBag from /home/airflow/.local/lib/python3.8/site-packages/airflow/example_dags/example_sla_dag.py
[2024-04-27T14:20:19.690+0000] {processor.py:839} INFO - DAG(s) dict_keys(['example_sla_dag']) retrieved from /home/airflow/.local/lib/python3.8/site-packages/airflow/example_dags/example_sla_dag.py
[2024-04-27T14:20:19.729+0000] {logging_mixin.py:151} INFO - [2024-04-27T14:20:19.728+0000] {dag.py:2907} INFO - Sync 1 DAGs
[2024-04-27T14:20:19.833+0000] {logging_mixin.py:151} INFO - [2024-04-27T14:20:19.832+0000] {dag.py:3677} INFO - Setting next_dagrun for example_sla_dag to 2024-04-27T14:18:00+00:00, run_after=2024-04-27T14:20:00+00:00
[2024-04-27T14:20:19.873+0000] {processor.py:179} INFO - Processing /home/airflow/.local/lib/python3.8/site-packages/airflow/example_dags/example_sla_dag.py took 0.207 seconds
[2024-04-27T14:20:50.019+0000] {processor.py:157} INFO - Started process (PID=1227) to work on /home/airflow/.local/lib/python3.8/site-packages/airflow/example_dags/example_sla_dag.py
[2024-04-27T14:20:50.021+0000] {processor.py:829} INFO - Processing file /home/airflow/.local/lib/python3.8/site-packages/airflow/example_dags/example_sla_dag.py for tasks to queue
[2024-04-27T14:20:50.024+0000] {logging_mixin.py:151} INFO - [2024-04-27T14:20:50.023+0000] {dagbag.py:539} INFO - Filling up the DagBag from /home/airflow/.local/lib/python3.8/site-packages/airflow/example_dags/example_sla_dag.py
[2024-04-27T14:20:50.034+0000] {processor.py:839} INFO - DAG(s) dict_keys(['example_sla_dag']) retrieved from /home/airflow/.local/lib/python3.8/site-packages/airflow/example_dags/example_sla_dag.py
[2024-04-27T14:20:50.064+0000] {logging_mixin.py:151} INFO - [2024-04-27T14:20:50.063+0000] {dag.py:2907} INFO - Sync 1 DAGs
[2024-04-27T14:20:50.114+0000] {logging_mixin.py:151} INFO - [2024-04-27T14:20:50.114+0000] {dag.py:3677} INFO - Setting next_dagrun for example_sla_dag to 2024-04-27T14:18:00+00:00, run_after=2024-04-27T14:20:00+00:00
[2024-04-27T14:20:50.147+0000] {processor.py:179} INFO - Processing /home/airflow/.local/lib/python3.8/site-packages/airflow/example_dags/example_sla_dag.py took 0.134 seconds
[2024-04-27T14:21:20.356+0000] {processor.py:157} INFO - Started process (PID=1290) to work on /home/airflow/.local/lib/python3.8/site-packages/airflow/example_dags/example_sla_dag.py
[2024-04-27T14:21:20.358+0000] {processor.py:829} INFO - Processing file /home/airflow/.local/lib/python3.8/site-packages/airflow/example_dags/example_sla_dag.py for tasks to queue
[2024-04-27T14:21:20.362+0000] {logging_mixin.py:151} INFO - [2024-04-27T14:21:20.362+0000] {dagbag.py:539} INFO - Filling up the DagBag from /home/airflow/.local/lib/python3.8/site-packages/airflow/example_dags/example_sla_dag.py
[2024-04-27T14:21:20.374+0000] {processor.py:839} INFO - DAG(s) dict_keys(['example_sla_dag']) retrieved from /home/airflow/.local/lib/python3.8/site-packages/airflow/example_dags/example_sla_dag.py
[2024-04-27T14:21:20.402+0000] {logging_mixin.py:151} INFO - [2024-04-27T14:21:20.401+0000] {dag.py:2907} INFO - Sync 1 DAGs
[2024-04-27T14:21:20.443+0000] {logging_mixin.py:151} INFO - [2024-04-27T14:21:20.442+0000] {dag.py:3677} INFO - Setting next_dagrun for example_sla_dag to 2024-04-27T14:18:00+00:00, run_after=2024-04-27T14:20:00+00:00
[2024-04-27T14:21:20.468+0000] {processor.py:179} INFO - Processing /home/airflow/.local/lib/python3.8/site-packages/airflow/example_dags/example_sla_dag.py took 0.122 seconds
[2024-04-27T14:21:50.550+0000] {processor.py:157} INFO - Started process (PID=1363) to work on /home/airflow/.local/lib/python3.8/site-packages/airflow/example_dags/example_sla_dag.py
[2024-04-27T14:21:50.551+0000] {processor.py:829} INFO - Processing file /home/airflow/.local/lib/python3.8/site-packages/airflow/example_dags/example_sla_dag.py for tasks to queue
[2024-04-27T14:21:50.558+0000] {logging_mixin.py:151} INFO - [2024-04-27T14:21:50.557+0000] {dagbag.py:539} INFO - Filling up the DagBag from /home/airflow/.local/lib/python3.8/site-packages/airflow/example_dags/example_sla_dag.py
[2024-04-27T14:21:50.571+0000] {processor.py:839} INFO - DAG(s) dict_keys(['example_sla_dag']) retrieved from /home/airflow/.local/lib/python3.8/site-packages/airflow/example_dags/example_sla_dag.py
[2024-04-27T14:21:50.597+0000] {logging_mixin.py:151} INFO - [2024-04-27T14:21:50.597+0000] {dag.py:2907} INFO - Sync 1 DAGs
[2024-04-27T14:21:50.634+0000] {logging_mixin.py:151} INFO - [2024-04-27T14:21:50.633+0000] {dag.py:3677} INFO - Setting next_dagrun for example_sla_dag to 2024-04-27T14:18:00+00:00, run_after=2024-04-27T14:20:00+00:00
[2024-04-27T14:21:50.657+0000] {processor.py:179} INFO - Processing /home/airflow/.local/lib/python3.8/site-packages/airflow/example_dags/example_sla_dag.py took 0.113 seconds
[2024-04-27T14:22:21.005+0000] {processor.py:157} INFO - Started process (PID=1428) to work on /home/airflow/.local/lib/python3.8/site-packages/airflow/example_dags/example_sla_dag.py
[2024-04-27T14:22:21.007+0000] {processor.py:829} INFO - Processing file /home/airflow/.local/lib/python3.8/site-packages/airflow/example_dags/example_sla_dag.py for tasks to queue
[2024-04-27T14:22:21.010+0000] {logging_mixin.py:151} INFO - [2024-04-27T14:22:21.009+0000] {dagbag.py:539} INFO - Filling up the DagBag from /home/airflow/.local/lib/python3.8/site-packages/airflow/example_dags/example_sla_dag.py
[2024-04-27T14:22:21.020+0000] {processor.py:839} INFO - DAG(s) dict_keys(['example_sla_dag']) retrieved from /home/airflow/.local/lib/python3.8/site-packages/airflow/example_dags/example_sla_dag.py
[2024-04-27T14:22:21.048+0000] {logging_mixin.py:151} INFO - [2024-04-27T14:22:21.048+0000] {dag.py:2907} INFO - Sync 1 DAGs
[2024-04-27T14:22:21.096+0000] {logging_mixin.py:151} INFO - [2024-04-27T14:22:21.096+0000] {dag.py:3677} INFO - Setting next_dagrun for example_sla_dag to 2024-04-27T14:20:00+00:00, run_after=2024-04-27T14:22:00+00:00
[2024-04-27T14:22:21.120+0000] {processor.py:179} INFO - Processing /home/airflow/.local/lib/python3.8/site-packages/airflow/example_dags/example_sla_dag.py took 0.121 seconds
[2024-04-27T14:22:51.374+0000] {processor.py:157} INFO - Started process (PID=1499) to work on /home/airflow/.local/lib/python3.8/site-packages/airflow/example_dags/example_sla_dag.py
[2024-04-27T14:22:51.375+0000] {processor.py:829} INFO - Processing file /home/airflow/.local/lib/python3.8/site-packages/airflow/example_dags/example_sla_dag.py for tasks to queue
[2024-04-27T14:22:51.378+0000] {logging_mixin.py:151} INFO - [2024-04-27T14:22:51.377+0000] {dagbag.py:539} INFO - Filling up the DagBag from /home/airflow/.local/lib/python3.8/site-packages/airflow/example_dags/example_sla_dag.py
[2024-04-27T14:22:51.388+0000] {processor.py:839} INFO - DAG(s) dict_keys(['example_sla_dag']) retrieved from /home/airflow/.local/lib/python3.8/site-packages/airflow/example_dags/example_sla_dag.py
[2024-04-27T14:22:51.414+0000] {logging_mixin.py:151} INFO - [2024-04-27T14:22:51.414+0000] {dag.py:2907} INFO - Sync 1 DAGs
[2024-04-27T14:22:51.452+0000] {logging_mixin.py:151} INFO - [2024-04-27T14:22:51.451+0000] {dag.py:3677} INFO - Setting next_dagrun for example_sla_dag to 2024-04-27T14:20:00+00:00, run_after=2024-04-27T14:22:00+00:00
[2024-04-27T14:22:51.480+0000] {processor.py:179} INFO - Processing /home/airflow/.local/lib/python3.8/site-packages/airflow/example_dags/example_sla_dag.py took 0.112 seconds
[2024-04-27T14:23:21.660+0000] {processor.py:157} INFO - Started process (PID=1563) to work on /home/airflow/.local/lib/python3.8/site-packages/airflow/example_dags/example_sla_dag.py
[2024-04-27T14:23:21.661+0000] {processor.py:829} INFO - Processing file /home/airflow/.local/lib/python3.8/site-packages/airflow/example_dags/example_sla_dag.py for tasks to queue
[2024-04-27T14:23:21.664+0000] {logging_mixin.py:151} INFO - [2024-04-27T14:23:21.664+0000] {dagbag.py:539} INFO - Filling up the DagBag from /home/airflow/.local/lib/python3.8/site-packages/airflow/example_dags/example_sla_dag.py
[2024-04-27T14:23:21.674+0000] {processor.py:839} INFO - DAG(s) dict_keys(['example_sla_dag']) retrieved from /home/airflow/.local/lib/python3.8/site-packages/airflow/example_dags/example_sla_dag.py
[2024-04-27T14:23:21.703+0000] {logging_mixin.py:151} INFO - [2024-04-27T14:23:21.703+0000] {dag.py:2907} INFO - Sync 1 DAGs
[2024-04-27T14:23:21.741+0000] {logging_mixin.py:151} INFO - [2024-04-27T14:23:21.741+0000] {dag.py:3677} INFO - Setting next_dagrun for example_sla_dag to 2024-04-27T14:20:00+00:00, run_after=2024-04-27T14:22:00+00:00
[2024-04-27T14:23:21.765+0000] {processor.py:179} INFO - Processing /home/airflow/.local/lib/python3.8/site-packages/airflow/example_dags/example_sla_dag.py took 0.112 seconds
[2024-04-27T14:23:52.375+0000] {processor.py:157} INFO - Started process (PID=1628) to work on /home/airflow/.local/lib/python3.8/site-packages/airflow/example_dags/example_sla_dag.py
[2024-04-27T14:23:52.376+0000] {processor.py:829} INFO - Processing file /home/airflow/.local/lib/python3.8/site-packages/airflow/example_dags/example_sla_dag.py for tasks to queue
[2024-04-27T14:23:52.378+0000] {logging_mixin.py:151} INFO - [2024-04-27T14:23:52.378+0000] {dagbag.py:539} INFO - Filling up the DagBag from /home/airflow/.local/lib/python3.8/site-packages/airflow/example_dags/example_sla_dag.py
[2024-04-27T14:23:52.391+0000] {processor.py:839} INFO - DAG(s) dict_keys(['example_sla_dag']) retrieved from /home/airflow/.local/lib/python3.8/site-packages/airflow/example_dags/example_sla_dag.py
[2024-04-27T14:23:52.426+0000] {logging_mixin.py:151} INFO - [2024-04-27T14:23:52.426+0000] {dag.py:2907} INFO - Sync 1 DAGs
[2024-04-27T14:23:52.479+0000] {logging_mixin.py:151} INFO - [2024-04-27T14:23:52.478+0000] {dag.py:3677} INFO - Setting next_dagrun for example_sla_dag to 2024-04-27T14:20:00+00:00, run_after=2024-04-27T14:22:00+00:00
[2024-04-27T14:23:52.516+0000] {processor.py:179} INFO - Processing /home/airflow/.local/lib/python3.8/site-packages/airflow/example_dags/example_sla_dag.py took 0.149 seconds
[2024-04-27T14:24:22.759+0000] {processor.py:157} INFO - Started process (PID=1700) to work on /home/airflow/.local/lib/python3.8/site-packages/airflow/example_dags/example_sla_dag.py
[2024-04-27T14:24:22.760+0000] {processor.py:829} INFO - Processing file /home/airflow/.local/lib/python3.8/site-packages/airflow/example_dags/example_sla_dag.py for tasks to queue
[2024-04-27T14:24:22.763+0000] {logging_mixin.py:151} INFO - [2024-04-27T14:24:22.762+0000] {dagbag.py:539} INFO - Filling up the DagBag from /home/airflow/.local/lib/python3.8/site-packages/airflow/example_dags/example_sla_dag.py
[2024-04-27T14:24:22.774+0000] {processor.py:839} INFO - DAG(s) dict_keys(['example_sla_dag']) retrieved from /home/airflow/.local/lib/python3.8/site-packages/airflow/example_dags/example_sla_dag.py
[2024-04-27T14:24:22.802+0000] {logging_mixin.py:151} INFO - [2024-04-27T14:24:22.802+0000] {dag.py:2907} INFO - Sync 1 DAGs
[2024-04-27T14:24:22.852+0000] {logging_mixin.py:151} INFO - [2024-04-27T14:24:22.852+0000] {dag.py:3677} INFO - Setting next_dagrun for example_sla_dag to 2024-04-27T14:22:00+00:00, run_after=2024-04-27T14:24:00+00:00
[2024-04-27T14:24:22.882+0000] {processor.py:179} INFO - Processing /home/airflow/.local/lib/python3.8/site-packages/airflow/example_dags/example_sla_dag.py took 0.130 seconds
[2024-04-27T14:24:53.498+0000] {processor.py:157} INFO - Started process (PID=1764) to work on /home/airflow/.local/lib/python3.8/site-packages/airflow/example_dags/example_sla_dag.py
[2024-04-27T14:24:53.499+0000] {processor.py:829} INFO - Processing file /home/airflow/.local/lib/python3.8/site-packages/airflow/example_dags/example_sla_dag.py for tasks to queue
[2024-04-27T14:24:53.503+0000] {logging_mixin.py:151} INFO - [2024-04-27T14:24:53.502+0000] {dagbag.py:539} INFO - Filling up the DagBag from /home/airflow/.local/lib/python3.8/site-packages/airflow/example_dags/example_sla_dag.py
[2024-04-27T14:24:53.521+0000] {processor.py:839} INFO - DAG(s) dict_keys(['example_sla_dag']) retrieved from /home/airflow/.local/lib/python3.8/site-packages/airflow/example_dags/example_sla_dag.py
[2024-04-27T14:24:53.561+0000] {logging_mixin.py:151} INFO - [2024-04-27T14:24:53.560+0000] {dag.py:2907} INFO - Sync 1 DAGs
[2024-04-27T14:24:53.609+0000] {logging_mixin.py:151} INFO - [2024-04-27T14:24:53.609+0000] {dag.py:3677} INFO - Setting next_dagrun for example_sla_dag to 2024-04-27T14:22:00+00:00, run_after=2024-04-27T14:24:00+00:00
[2024-04-27T14:24:53.649+0000] {processor.py:179} INFO - Processing /home/airflow/.local/lib/python3.8/site-packages/airflow/example_dags/example_sla_dag.py took 0.158 seconds
[2024-04-27T14:25:24.122+0000] {processor.py:157} INFO - Started process (PID=1829) to work on /home/airflow/.local/lib/python3.8/site-packages/airflow/example_dags/example_sla_dag.py
[2024-04-27T14:25:24.124+0000] {processor.py:829} INFO - Processing file /home/airflow/.local/lib/python3.8/site-packages/airflow/example_dags/example_sla_dag.py for tasks to queue
[2024-04-27T14:25:24.135+0000] {logging_mixin.py:151} INFO - [2024-04-27T14:25:24.135+0000] {dagbag.py:539} INFO - Filling up the DagBag from /home/airflow/.local/lib/python3.8/site-packages/airflow/example_dags/example_sla_dag.py
[2024-04-27T14:25:24.156+0000] {processor.py:839} INFO - DAG(s) dict_keys(['example_sla_dag']) retrieved from /home/airflow/.local/lib/python3.8/site-packages/airflow/example_dags/example_sla_dag.py
[2024-04-27T14:25:24.190+0000] {logging_mixin.py:151} INFO - [2024-04-27T14:25:24.189+0000] {dag.py:2907} INFO - Sync 1 DAGs
[2024-04-27T14:25:24.234+0000] {logging_mixin.py:151} INFO - [2024-04-27T14:25:24.234+0000] {dag.py:3677} INFO - Setting next_dagrun for example_sla_dag to 2024-04-27T14:22:00+00:00, run_after=2024-04-27T14:24:00+00:00
[2024-04-27T14:25:24.262+0000] {processor.py:179} INFO - Processing /home/airflow/.local/lib/python3.8/site-packages/airflow/example_dags/example_sla_dag.py took 0.148 seconds
[2024-04-27T14:25:54.541+0000] {processor.py:157} INFO - Started process (PID=1903) to work on /home/airflow/.local/lib/python3.8/site-packages/airflow/example_dags/example_sla_dag.py
[2024-04-27T14:25:54.542+0000] {processor.py:829} INFO - Processing file /home/airflow/.local/lib/python3.8/site-packages/airflow/example_dags/example_sla_dag.py for tasks to queue
[2024-04-27T14:25:54.545+0000] {logging_mixin.py:151} INFO - [2024-04-27T14:25:54.545+0000] {dagbag.py:539} INFO - Filling up the DagBag from /home/airflow/.local/lib/python3.8/site-packages/airflow/example_dags/example_sla_dag.py
[2024-04-27T14:25:54.560+0000] {processor.py:839} INFO - DAG(s) dict_keys(['example_sla_dag']) retrieved from /home/airflow/.local/lib/python3.8/site-packages/airflow/example_dags/example_sla_dag.py
[2024-04-27T14:25:54.610+0000] {logging_mixin.py:151} INFO - [2024-04-27T14:25:54.610+0000] {dag.py:2907} INFO - Sync 1 DAGs
[2024-04-27T14:25:54.683+0000] {logging_mixin.py:151} INFO - [2024-04-27T14:25:54.675+0000] {dag.py:3677} INFO - Setting next_dagrun for example_sla_dag to 2024-04-27T14:22:00+00:00, run_after=2024-04-27T14:24:00+00:00
[2024-04-27T14:25:54.740+0000] {processor.py:179} INFO - Processing /home/airflow/.local/lib/python3.8/site-packages/airflow/example_dags/example_sla_dag.py took 0.205 seconds
