[2024-04-27T13:44:22.217+0000] {processor.py:153} INFO - Started process (PID=84) to work on /home/airflow/.local/lib/python3.7/site-packages/airflow/example_dags/example_sensors.py
[2024-04-27T13:44:22.218+0000] {processor.py:743} INFO - Processing file /home/airflow/.local/lib/python3.7/site-packages/airflow/example_dags/example_sensors.py for tasks to queue
[2024-04-27T13:44:22.219+0000] {logging_mixin.py:137} INFO - [2024-04-27T13:44:22.219+0000] {dagbag.py:538} INFO - Filling up the DagBag from /home/airflow/.local/lib/python3.7/site-packages/airflow/example_dags/example_sensors.py
[2024-04-27T13:44:22.362+0000] {processor.py:753} INFO - DAG(s) dict_keys(['example_sensors']) retrieved from /home/airflow/.local/lib/python3.7/site-packages/airflow/example_dags/example_sensors.py
[2024-04-27T13:44:22.427+0000] {logging_mixin.py:137} INFO - [2024-04-27T13:44:22.426+0000] {dag.py:2690} INFO - Sync 1 DAGs
[2024-04-27T13:44:22.490+0000] {logging_mixin.py:137} INFO - [2024-04-27T13:44:22.490+0000] {dag.py:3441} INFO - Setting next_dagrun for example_sensors to None, run_after=None
[2024-04-27T13:44:22.581+0000] {processor.py:175} INFO - Processing /home/airflow/.local/lib/python3.7/site-packages/airflow/example_dags/example_sensors.py took 0.384 seconds
[2024-04-27T13:44:53.201+0000] {processor.py:153} INFO - Started process (PID=149) to work on /home/airflow/.local/lib/python3.7/site-packages/airflow/example_dags/example_sensors.py
[2024-04-27T13:44:53.202+0000] {processor.py:743} INFO - Processing file /home/airflow/.local/lib/python3.7/site-packages/airflow/example_dags/example_sensors.py for tasks to queue
[2024-04-27T13:44:53.208+0000] {logging_mixin.py:137} INFO - [2024-04-27T13:44:53.208+0000] {dagbag.py:538} INFO - Filling up the DagBag from /home/airflow/.local/lib/python3.7/site-packages/airflow/example_dags/example_sensors.py
[2024-04-27T13:44:53.280+0000] {processor.py:753} INFO - DAG(s) dict_keys(['example_sensors']) retrieved from /home/airflow/.local/lib/python3.7/site-packages/airflow/example_dags/example_sensors.py
[2024-04-27T13:44:53.371+0000] {logging_mixin.py:137} INFO - [2024-04-27T13:44:53.371+0000] {dag.py:2690} INFO - Sync 1 DAGs
[2024-04-27T13:44:53.508+0000] {logging_mixin.py:137} INFO - [2024-04-27T13:44:53.508+0000] {dag.py:3441} INFO - Setting next_dagrun for example_sensors to None, run_after=None
[2024-04-27T13:44:53.580+0000] {processor.py:175} INFO - Processing /home/airflow/.local/lib/python3.7/site-packages/airflow/example_dags/example_sensors.py took 0.384 seconds
[2024-04-27T13:45:24.064+0000] {processor.py:153} INFO - Started process (PID=215) to work on /home/airflow/.local/lib/python3.7/site-packages/airflow/example_dags/example_sensors.py
[2024-04-27T13:45:24.065+0000] {processor.py:743} INFO - Processing file /home/airflow/.local/lib/python3.7/site-packages/airflow/example_dags/example_sensors.py for tasks to queue
[2024-04-27T13:45:24.067+0000] {logging_mixin.py:137} INFO - [2024-04-27T13:45:24.066+0000] {dagbag.py:538} INFO - Filling up the DagBag from /home/airflow/.local/lib/python3.7/site-packages/airflow/example_dags/example_sensors.py
[2024-04-27T13:45:24.104+0000] {processor.py:753} INFO - DAG(s) dict_keys(['example_sensors']) retrieved from /home/airflow/.local/lib/python3.7/site-packages/airflow/example_dags/example_sensors.py
[2024-04-27T13:45:24.153+0000] {logging_mixin.py:137} INFO - [2024-04-27T13:45:24.153+0000] {dag.py:2690} INFO - Sync 1 DAGs
[2024-04-27T13:45:24.202+0000] {logging_mixin.py:137} INFO - [2024-04-27T13:45:24.202+0000] {dag.py:3441} INFO - Setting next_dagrun for example_sensors to None, run_after=None
[2024-04-27T13:45:24.237+0000] {processor.py:175} INFO - Processing /home/airflow/.local/lib/python3.7/site-packages/airflow/example_dags/example_sensors.py took 0.178 seconds
[2024-04-27T13:45:54.385+0000] {processor.py:153} INFO - Started process (PID=279) to work on /home/airflow/.local/lib/python3.7/site-packages/airflow/example_dags/example_sensors.py
[2024-04-27T13:45:54.386+0000] {processor.py:743} INFO - Processing file /home/airflow/.local/lib/python3.7/site-packages/airflow/example_dags/example_sensors.py for tasks to queue
[2024-04-27T13:45:54.386+0000] {logging_mixin.py:137} INFO - [2024-04-27T13:45:54.386+0000] {dagbag.py:538} INFO - Filling up the DagBag from /home/airflow/.local/lib/python3.7/site-packages/airflow/example_dags/example_sensors.py
[2024-04-27T13:45:54.410+0000] {processor.py:753} INFO - DAG(s) dict_keys(['example_sensors']) retrieved from /home/airflow/.local/lib/python3.7/site-packages/airflow/example_dags/example_sensors.py
[2024-04-27T13:45:54.453+0000] {logging_mixin.py:137} INFO - [2024-04-27T13:45:54.453+0000] {dag.py:2690} INFO - Sync 1 DAGs
[2024-04-27T13:45:54.486+0000] {logging_mixin.py:137} INFO - [2024-04-27T13:45:54.486+0000] {dag.py:3441} INFO - Setting next_dagrun for example_sensors to None, run_after=None
[2024-04-27T13:45:54.519+0000] {processor.py:175} INFO - Processing /home/airflow/.local/lib/python3.7/site-packages/airflow/example_dags/example_sensors.py took 0.138 seconds
[2024-04-27T13:46:24.700+0000] {processor.py:153} INFO - Started process (PID=343) to work on /home/airflow/.local/lib/python3.7/site-packages/airflow/example_dags/example_sensors.py
[2024-04-27T13:46:24.701+0000] {processor.py:743} INFO - Processing file /home/airflow/.local/lib/python3.7/site-packages/airflow/example_dags/example_sensors.py for tasks to queue
[2024-04-27T13:46:24.702+0000] {logging_mixin.py:137} INFO - [2024-04-27T13:46:24.701+0000] {dagbag.py:538} INFO - Filling up the DagBag from /home/airflow/.local/lib/python3.7/site-packages/airflow/example_dags/example_sensors.py
[2024-04-27T13:46:24.728+0000] {processor.py:753} INFO - DAG(s) dict_keys(['example_sensors']) retrieved from /home/airflow/.local/lib/python3.7/site-packages/airflow/example_dags/example_sensors.py
[2024-04-27T13:46:24.765+0000] {logging_mixin.py:137} INFO - [2024-04-27T13:46:24.765+0000] {dag.py:2690} INFO - Sync 1 DAGs
[2024-04-27T13:46:24.806+0000] {logging_mixin.py:137} INFO - [2024-04-27T13:46:24.806+0000] {dag.py:3441} INFO - Setting next_dagrun for example_sensors to None, run_after=None
[2024-04-27T13:46:24.836+0000] {processor.py:175} INFO - Processing /home/airflow/.local/lib/python3.7/site-packages/airflow/example_dags/example_sensors.py took 0.140 seconds
[2024-04-27T13:46:55.227+0000] {processor.py:153} INFO - Started process (PID=406) to work on /home/airflow/.local/lib/python3.7/site-packages/airflow/example_dags/example_sensors.py
[2024-04-27T13:46:55.228+0000] {processor.py:743} INFO - Processing file /home/airflow/.local/lib/python3.7/site-packages/airflow/example_dags/example_sensors.py for tasks to queue
[2024-04-27T13:46:55.229+0000] {logging_mixin.py:137} INFO - [2024-04-27T13:46:55.229+0000] {dagbag.py:538} INFO - Filling up the DagBag from /home/airflow/.local/lib/python3.7/site-packages/airflow/example_dags/example_sensors.py
[2024-04-27T13:46:55.268+0000] {processor.py:753} INFO - DAG(s) dict_keys(['example_sensors']) retrieved from /home/airflow/.local/lib/python3.7/site-packages/airflow/example_dags/example_sensors.py
[2024-04-27T13:46:55.317+0000] {logging_mixin.py:137} INFO - [2024-04-27T13:46:55.317+0000] {dag.py:2690} INFO - Sync 1 DAGs
[2024-04-27T13:46:55.406+0000] {logging_mixin.py:137} INFO - [2024-04-27T13:46:55.406+0000] {dag.py:3441} INFO - Setting next_dagrun for example_sensors to None, run_after=None
[2024-04-27T13:46:55.451+0000] {processor.py:175} INFO - Processing /home/airflow/.local/lib/python3.7/site-packages/airflow/example_dags/example_sensors.py took 0.229 seconds
[2024-04-27T13:47:25.835+0000] {processor.py:153} INFO - Started process (PID=480) to work on /home/airflow/.local/lib/python3.7/site-packages/airflow/example_dags/example_sensors.py
[2024-04-27T13:47:25.836+0000] {processor.py:743} INFO - Processing file /home/airflow/.local/lib/python3.7/site-packages/airflow/example_dags/example_sensors.py for tasks to queue
[2024-04-27T13:47:25.839+0000] {logging_mixin.py:137} INFO - [2024-04-27T13:47:25.837+0000] {dagbag.py:538} INFO - Filling up the DagBag from /home/airflow/.local/lib/python3.7/site-packages/airflow/example_dags/example_sensors.py
[2024-04-27T13:47:25.880+0000] {processor.py:753} INFO - DAG(s) dict_keys(['example_sensors']) retrieved from /home/airflow/.local/lib/python3.7/site-packages/airflow/example_dags/example_sensors.py
[2024-04-27T13:47:25.932+0000] {logging_mixin.py:137} INFO - [2024-04-27T13:47:25.932+0000] {dag.py:2690} INFO - Sync 1 DAGs
[2024-04-27T13:47:25.984+0000] {logging_mixin.py:137} INFO - [2024-04-27T13:47:25.984+0000] {dag.py:3441} INFO - Setting next_dagrun for example_sensors to None, run_after=None
[2024-04-27T13:47:26.017+0000] {processor.py:175} INFO - Processing /home/airflow/.local/lib/python3.7/site-packages/airflow/example_dags/example_sensors.py took 0.189 seconds
[2024-04-27T13:47:56.792+0000] {processor.py:153} INFO - Started process (PID=547) to work on /home/airflow/.local/lib/python3.7/site-packages/airflow/example_dags/example_sensors.py
[2024-04-27T13:47:56.792+0000] {processor.py:743} INFO - Processing file /home/airflow/.local/lib/python3.7/site-packages/airflow/example_dags/example_sensors.py for tasks to queue
[2024-04-27T13:47:56.793+0000] {logging_mixin.py:137} INFO - [2024-04-27T13:47:56.793+0000] {dagbag.py:538} INFO - Filling up the DagBag from /home/airflow/.local/lib/python3.7/site-packages/airflow/example_dags/example_sensors.py
[2024-04-27T13:47:56.840+0000] {processor.py:753} INFO - DAG(s) dict_keys(['example_sensors']) retrieved from /home/airflow/.local/lib/python3.7/site-packages/airflow/example_dags/example_sensors.py
[2024-04-27T13:47:56.894+0000] {logging_mixin.py:137} INFO - [2024-04-27T13:47:56.893+0000] {dag.py:2690} INFO - Sync 1 DAGs
[2024-04-27T13:47:56.945+0000] {logging_mixin.py:137} INFO - [2024-04-27T13:47:56.945+0000] {dag.py:3441} INFO - Setting next_dagrun for example_sensors to None, run_after=None
[2024-04-27T13:47:56.977+0000] {processor.py:175} INFO - Processing /home/airflow/.local/lib/python3.7/site-packages/airflow/example_dags/example_sensors.py took 0.191 seconds
[2024-04-27T13:48:27.089+0000] {processor.py:153} INFO - Started process (PID=611) to work on /home/airflow/.local/lib/python3.7/site-packages/airflow/example_dags/example_sensors.py
[2024-04-27T13:48:27.090+0000] {processor.py:743} INFO - Processing file /home/airflow/.local/lib/python3.7/site-packages/airflow/example_dags/example_sensors.py for tasks to queue
[2024-04-27T13:48:27.091+0000] {logging_mixin.py:137} INFO - [2024-04-27T13:48:27.091+0000] {dagbag.py:538} INFO - Filling up the DagBag from /home/airflow/.local/lib/python3.7/site-packages/airflow/example_dags/example_sensors.py
[2024-04-27T13:48:27.133+0000] {processor.py:753} INFO - DAG(s) dict_keys(['example_sensors']) retrieved from /home/airflow/.local/lib/python3.7/site-packages/airflow/example_dags/example_sensors.py
[2024-04-27T13:48:27.193+0000] {logging_mixin.py:137} INFO - [2024-04-27T13:48:27.193+0000] {dag.py:2690} INFO - Sync 1 DAGs
[2024-04-27T13:48:27.248+0000] {logging_mixin.py:137} INFO - [2024-04-27T13:48:27.247+0000] {dag.py:3441} INFO - Setting next_dagrun for example_sensors to None, run_after=None
[2024-04-27T13:48:27.282+0000] {processor.py:175} INFO - Processing /home/airflow/.local/lib/python3.7/site-packages/airflow/example_dags/example_sensors.py took 0.199 seconds
[2024-04-27T13:48:58.209+0000] {processor.py:153} INFO - Started process (PID=675) to work on /home/airflow/.local/lib/python3.7/site-packages/airflow/example_dags/example_sensors.py
[2024-04-27T13:48:58.210+0000] {processor.py:743} INFO - Processing file /home/airflow/.local/lib/python3.7/site-packages/airflow/example_dags/example_sensors.py for tasks to queue
[2024-04-27T13:48:58.211+0000] {logging_mixin.py:137} INFO - [2024-04-27T13:48:58.211+0000] {dagbag.py:538} INFO - Filling up the DagBag from /home/airflow/.local/lib/python3.7/site-packages/airflow/example_dags/example_sensors.py
[2024-04-27T13:48:58.239+0000] {processor.py:753} INFO - DAG(s) dict_keys(['example_sensors']) retrieved from /home/airflow/.local/lib/python3.7/site-packages/airflow/example_dags/example_sensors.py
[2024-04-27T13:48:58.275+0000] {logging_mixin.py:137} INFO - [2024-04-27T13:48:58.275+0000] {dag.py:2690} INFO - Sync 1 DAGs
[2024-04-27T13:48:58.312+0000] {logging_mixin.py:137} INFO - [2024-04-27T13:48:58.312+0000] {dag.py:3441} INFO - Setting next_dagrun for example_sensors to None, run_after=None
[2024-04-27T13:48:58.338+0000] {processor.py:175} INFO - Processing /home/airflow/.local/lib/python3.7/site-packages/airflow/example_dags/example_sensors.py took 0.139 seconds
[2024-04-27T13:49:28.513+0000] {processor.py:153} INFO - Started process (PID=739) to work on /home/airflow/.local/lib/python3.7/site-packages/airflow/example_dags/example_sensors.py
[2024-04-27T13:49:28.516+0000] {processor.py:743} INFO - Processing file /home/airflow/.local/lib/python3.7/site-packages/airflow/example_dags/example_sensors.py for tasks to queue
[2024-04-27T13:49:28.517+0000] {logging_mixin.py:137} INFO - [2024-04-27T13:49:28.517+0000] {dagbag.py:538} INFO - Filling up the DagBag from /home/airflow/.local/lib/python3.7/site-packages/airflow/example_dags/example_sensors.py
[2024-04-27T13:49:28.576+0000] {processor.py:753} INFO - DAG(s) dict_keys(['example_sensors']) retrieved from /home/airflow/.local/lib/python3.7/site-packages/airflow/example_dags/example_sensors.py
[2024-04-27T13:49:28.639+0000] {logging_mixin.py:137} INFO - [2024-04-27T13:49:28.639+0000] {dag.py:2690} INFO - Sync 1 DAGs
[2024-04-27T13:49:28.701+0000] {logging_mixin.py:137} INFO - [2024-04-27T13:49:28.701+0000] {dag.py:3441} INFO - Setting next_dagrun for example_sensors to None, run_after=None
[2024-04-27T13:49:28.742+0000] {processor.py:175} INFO - Processing /home/airflow/.local/lib/python3.7/site-packages/airflow/example_dags/example_sensors.py took 0.239 seconds
[2024-04-27T13:49:59.133+0000] {processor.py:153} INFO - Started process (PID=814) to work on /home/airflow/.local/lib/python3.7/site-packages/airflow/example_dags/example_sensors.py
[2024-04-27T13:49:59.135+0000] {processor.py:743} INFO - Processing file /home/airflow/.local/lib/python3.7/site-packages/airflow/example_dags/example_sensors.py for tasks to queue
[2024-04-27T13:49:59.136+0000] {logging_mixin.py:137} INFO - [2024-04-27T13:49:59.135+0000] {dagbag.py:538} INFO - Filling up the DagBag from /home/airflow/.local/lib/python3.7/site-packages/airflow/example_dags/example_sensors.py
[2024-04-27T13:49:59.180+0000] {processor.py:753} INFO - DAG(s) dict_keys(['example_sensors']) retrieved from /home/airflow/.local/lib/python3.7/site-packages/airflow/example_dags/example_sensors.py
[2024-04-27T13:49:59.235+0000] {logging_mixin.py:137} INFO - [2024-04-27T13:49:59.235+0000] {dag.py:2690} INFO - Sync 1 DAGs
[2024-04-27T13:49:59.288+0000] {logging_mixin.py:137} INFO - [2024-04-27T13:49:59.287+0000] {dag.py:3441} INFO - Setting next_dagrun for example_sensors to None, run_after=None
[2024-04-27T13:49:59.335+0000] {processor.py:175} INFO - Processing /home/airflow/.local/lib/python3.7/site-packages/airflow/example_dags/example_sensors.py took 0.209 seconds
[2024-04-27T13:50:30.196+0000] {processor.py:153} INFO - Started process (PID=877) to work on /home/airflow/.local/lib/python3.7/site-packages/airflow/example_dags/example_sensors.py
[2024-04-27T13:50:30.198+0000] {processor.py:743} INFO - Processing file /home/airflow/.local/lib/python3.7/site-packages/airflow/example_dags/example_sensors.py for tasks to queue
[2024-04-27T13:50:30.199+0000] {logging_mixin.py:137} INFO - [2024-04-27T13:50:30.199+0000] {dagbag.py:538} INFO - Filling up the DagBag from /home/airflow/.local/lib/python3.7/site-packages/airflow/example_dags/example_sensors.py
[2024-04-27T13:50:30.226+0000] {processor.py:753} INFO - DAG(s) dict_keys(['example_sensors']) retrieved from /home/airflow/.local/lib/python3.7/site-packages/airflow/example_dags/example_sensors.py
[2024-04-27T13:50:30.266+0000] {logging_mixin.py:137} INFO - [2024-04-27T13:50:30.266+0000] {dag.py:2690} INFO - Sync 1 DAGs
[2024-04-27T13:50:30.305+0000] {logging_mixin.py:137} INFO - [2024-04-27T13:50:30.305+0000] {dag.py:3441} INFO - Setting next_dagrun for example_sensors to None, run_after=None
[2024-04-27T13:50:30.334+0000] {processor.py:175} INFO - Processing /home/airflow/.local/lib/python3.7/site-packages/airflow/example_dags/example_sensors.py took 0.145 seconds
[2024-04-27T13:51:01.046+0000] {processor.py:153} INFO - Started process (PID=940) to work on /home/airflow/.local/lib/python3.7/site-packages/airflow/example_dags/example_sensors.py
[2024-04-27T13:51:01.048+0000] {processor.py:743} INFO - Processing file /home/airflow/.local/lib/python3.7/site-packages/airflow/example_dags/example_sensors.py for tasks to queue
[2024-04-27T13:51:01.049+0000] {logging_mixin.py:137} INFO - [2024-04-27T13:51:01.049+0000] {dagbag.py:538} INFO - Filling up the DagBag from /home/airflow/.local/lib/python3.7/site-packages/airflow/example_dags/example_sensors.py
[2024-04-27T13:51:01.083+0000] {processor.py:753} INFO - DAG(s) dict_keys(['example_sensors']) retrieved from /home/airflow/.local/lib/python3.7/site-packages/airflow/example_dags/example_sensors.py
[2024-04-27T13:51:01.136+0000] {logging_mixin.py:137} INFO - [2024-04-27T13:51:01.136+0000] {dag.py:2690} INFO - Sync 1 DAGs
[2024-04-27T13:51:01.194+0000] {logging_mixin.py:137} INFO - [2024-04-27T13:51:01.194+0000] {dag.py:3441} INFO - Setting next_dagrun for example_sensors to None, run_after=None
[2024-04-27T13:51:01.234+0000] {processor.py:175} INFO - Processing /home/airflow/.local/lib/python3.7/site-packages/airflow/example_dags/example_sensors.py took 0.194 seconds
[2024-04-27T13:51:31.954+0000] {processor.py:153} INFO - Started process (PID=1003) to work on /home/airflow/.local/lib/python3.7/site-packages/airflow/example_dags/example_sensors.py
[2024-04-27T13:51:31.956+0000] {processor.py:743} INFO - Processing file /home/airflow/.local/lib/python3.7/site-packages/airflow/example_dags/example_sensors.py for tasks to queue
[2024-04-27T13:51:31.957+0000] {logging_mixin.py:137} INFO - [2024-04-27T13:51:31.957+0000] {dagbag.py:538} INFO - Filling up the DagBag from /home/airflow/.local/lib/python3.7/site-packages/airflow/example_dags/example_sensors.py
[2024-04-27T13:51:31.990+0000] {processor.py:753} INFO - DAG(s) dict_keys(['example_sensors']) retrieved from /home/airflow/.local/lib/python3.7/site-packages/airflow/example_dags/example_sensors.py
[2024-04-27T13:51:32.030+0000] {logging_mixin.py:137} INFO - [2024-04-27T13:51:32.030+0000] {dag.py:2690} INFO - Sync 1 DAGs
[2024-04-27T13:51:32.066+0000] {logging_mixin.py:137} INFO - [2024-04-27T13:51:32.066+0000] {dag.py:3441} INFO - Setting next_dagrun for example_sensors to None, run_after=None
[2024-04-27T13:51:32.092+0000] {processor.py:175} INFO - Processing /home/airflow/.local/lib/python3.7/site-packages/airflow/example_dags/example_sensors.py took 0.145 seconds
[2024-04-27T13:52:02.271+0000] {processor.py:153} INFO - Started process (PID=1077) to work on /home/airflow/.local/lib/python3.7/site-packages/airflow/example_dags/example_sensors.py
[2024-04-27T13:52:02.272+0000] {processor.py:743} INFO - Processing file /home/airflow/.local/lib/python3.7/site-packages/airflow/example_dags/example_sensors.py for tasks to queue
[2024-04-27T13:52:02.273+0000] {logging_mixin.py:137} INFO - [2024-04-27T13:52:02.273+0000] {dagbag.py:538} INFO - Filling up the DagBag from /home/airflow/.local/lib/python3.7/site-packages/airflow/example_dags/example_sensors.py
[2024-04-27T13:52:02.298+0000] {processor.py:753} INFO - DAG(s) dict_keys(['example_sensors']) retrieved from /home/airflow/.local/lib/python3.7/site-packages/airflow/example_dags/example_sensors.py
[2024-04-27T13:52:02.339+0000] {logging_mixin.py:137} INFO - [2024-04-27T13:52:02.338+0000] {dag.py:2690} INFO - Sync 1 DAGs
[2024-04-27T13:52:02.371+0000] {logging_mixin.py:137} INFO - [2024-04-27T13:52:02.371+0000] {dag.py:3441} INFO - Setting next_dagrun for example_sensors to None, run_after=None
[2024-04-27T13:52:02.395+0000] {processor.py:175} INFO - Processing /home/airflow/.local/lib/python3.7/site-packages/airflow/example_dags/example_sensors.py took 0.129 seconds
[2024-04-27T13:52:32.940+0000] {processor.py:153} INFO - Started process (PID=1141) to work on /home/airflow/.local/lib/python3.7/site-packages/airflow/example_dags/example_sensors.py
[2024-04-27T13:52:32.942+0000] {processor.py:743} INFO - Processing file /home/airflow/.local/lib/python3.7/site-packages/airflow/example_dags/example_sensors.py for tasks to queue
[2024-04-27T13:52:32.943+0000] {logging_mixin.py:137} INFO - [2024-04-27T13:52:32.942+0000] {dagbag.py:538} INFO - Filling up the DagBag from /home/airflow/.local/lib/python3.7/site-packages/airflow/example_dags/example_sensors.py
[2024-04-27T13:52:32.973+0000] {processor.py:753} INFO - DAG(s) dict_keys(['example_sensors']) retrieved from /home/airflow/.local/lib/python3.7/site-packages/airflow/example_dags/example_sensors.py
[2024-04-27T13:52:33.017+0000] {logging_mixin.py:137} INFO - [2024-04-27T13:52:33.017+0000] {dag.py:2690} INFO - Sync 1 DAGs
[2024-04-27T13:52:33.061+0000] {logging_mixin.py:137} INFO - [2024-04-27T13:52:33.060+0000] {dag.py:3441} INFO - Setting next_dagrun for example_sensors to None, run_after=None
[2024-04-27T13:52:33.092+0000] {processor.py:175} INFO - Processing /home/airflow/.local/lib/python3.7/site-packages/airflow/example_dags/example_sensors.py took 0.160 seconds
[2024-04-27T13:53:03.779+0000] {processor.py:153} INFO - Started process (PID=1205) to work on /home/airflow/.local/lib/python3.7/site-packages/airflow/example_dags/example_sensors.py
[2024-04-27T13:53:03.780+0000] {processor.py:743} INFO - Processing file /home/airflow/.local/lib/python3.7/site-packages/airflow/example_dags/example_sensors.py for tasks to queue
[2024-04-27T13:53:03.781+0000] {logging_mixin.py:137} INFO - [2024-04-27T13:53:03.781+0000] {dagbag.py:538} INFO - Filling up the DagBag from /home/airflow/.local/lib/python3.7/site-packages/airflow/example_dags/example_sensors.py
[2024-04-27T13:53:03.818+0000] {processor.py:753} INFO - DAG(s) dict_keys(['example_sensors']) retrieved from /home/airflow/.local/lib/python3.7/site-packages/airflow/example_dags/example_sensors.py
[2024-04-27T13:53:03.871+0000] {logging_mixin.py:137} INFO - [2024-04-27T13:53:03.871+0000] {dag.py:2690} INFO - Sync 1 DAGs
[2024-04-27T13:53:03.928+0000] {logging_mixin.py:137} INFO - [2024-04-27T13:53:03.927+0000] {dag.py:3441} INFO - Setting next_dagrun for example_sensors to None, run_after=None
[2024-04-27T13:53:03.962+0000] {processor.py:175} INFO - Processing /home/airflow/.local/lib/python3.7/site-packages/airflow/example_dags/example_sensors.py took 0.188 seconds
[2024-04-27T13:53:34.355+0000] {processor.py:153} INFO - Started process (PID=1277) to work on /home/airflow/.local/lib/python3.7/site-packages/airflow/example_dags/example_sensors.py
[2024-04-27T13:53:34.356+0000] {processor.py:743} INFO - Processing file /home/airflow/.local/lib/python3.7/site-packages/airflow/example_dags/example_sensors.py for tasks to queue
[2024-04-27T13:53:34.357+0000] {logging_mixin.py:137} INFO - [2024-04-27T13:53:34.357+0000] {dagbag.py:538} INFO - Filling up the DagBag from /home/airflow/.local/lib/python3.7/site-packages/airflow/example_dags/example_sensors.py
[2024-04-27T13:53:34.386+0000] {processor.py:753} INFO - DAG(s) dict_keys(['example_sensors']) retrieved from /home/airflow/.local/lib/python3.7/site-packages/airflow/example_dags/example_sensors.py
[2024-04-27T13:53:34.430+0000] {logging_mixin.py:137} INFO - [2024-04-27T13:53:34.429+0000] {dag.py:2690} INFO - Sync 1 DAGs
[2024-04-27T13:53:34.463+0000] {logging_mixin.py:137} INFO - [2024-04-27T13:53:34.463+0000] {dag.py:3441} INFO - Setting next_dagrun for example_sensors to None, run_after=None
[2024-04-27T13:53:34.489+0000] {processor.py:175} INFO - Processing /home/airflow/.local/lib/python3.7/site-packages/airflow/example_dags/example_sensors.py took 0.139 seconds
[2024-04-27T14:03:23.792+0000] {processor.py:157} INFO - Started process (PID=82) to work on /home/airflow/.local/lib/python3.8/site-packages/airflow/example_dags/example_sensors.py
[2024-04-27T14:03:23.793+0000] {processor.py:829} INFO - Processing file /home/airflow/.local/lib/python3.8/site-packages/airflow/example_dags/example_sensors.py for tasks to queue
[2024-04-27T14:03:23.796+0000] {logging_mixin.py:151} INFO - [2024-04-27T14:03:23.795+0000] {dagbag.py:539} INFO - Filling up the DagBag from /home/airflow/.local/lib/python3.8/site-packages/airflow/example_dags/example_sensors.py
[2024-04-27T14:03:23.838+0000] {processor.py:839} INFO - DAG(s) dict_keys(['example_sensors']) retrieved from /home/airflow/.local/lib/python3.8/site-packages/airflow/example_dags/example_sensors.py
[2024-04-27T14:03:24.110+0000] {logging_mixin.py:151} INFO - [2024-04-27T14:03:24.110+0000] {manager.py:501} INFO - Created Permission View: can read on DAG:example_sensors
[2024-04-27T14:03:24.153+0000] {logging_mixin.py:151} INFO - [2024-04-27T14:03:24.152+0000] {manager.py:501} INFO - Created Permission View: can edit on DAG:example_sensors
[2024-04-27T14:03:24.167+0000] {logging_mixin.py:151} INFO - [2024-04-27T14:03:24.167+0000] {manager.py:501} INFO - Created Permission View: can delete on DAG:example_sensors
[2024-04-27T14:03:24.191+0000] {logging_mixin.py:151} INFO - [2024-04-27T14:03:24.191+0000] {dag.py:2907} INFO - Sync 1 DAGs
[2024-04-27T14:03:24.210+0000] {logging_mixin.py:151} INFO - [2024-04-27T14:03:24.209+0000] {dag.py:2929} INFO - Creating ORM DAG for example_sensors
[2024-04-27T14:03:24.211+0000] {logging_mixin.py:151} INFO - [2024-04-27T14:03:24.210+0000] {dag.py:3677} INFO - Setting next_dagrun for example_sensors to None, run_after=None
[2024-04-27T14:03:24.242+0000] {processor.py:179} INFO - Processing /home/airflow/.local/lib/python3.8/site-packages/airflow/example_dags/example_sensors.py took 0.461 seconds
[2024-04-27T14:03:54.954+0000] {processor.py:157} INFO - Started process (PID=145) to work on /home/airflow/.local/lib/python3.8/site-packages/airflow/example_dags/example_sensors.py
[2024-04-27T14:03:54.956+0000] {processor.py:829} INFO - Processing file /home/airflow/.local/lib/python3.8/site-packages/airflow/example_dags/example_sensors.py for tasks to queue
[2024-04-27T14:03:54.963+0000] {logging_mixin.py:151} INFO - [2024-04-27T14:03:54.962+0000] {dagbag.py:539} INFO - Filling up the DagBag from /home/airflow/.local/lib/python3.8/site-packages/airflow/example_dags/example_sensors.py
[2024-04-27T14:03:54.987+0000] {processor.py:839} INFO - DAG(s) dict_keys(['example_sensors']) retrieved from /home/airflow/.local/lib/python3.8/site-packages/airflow/example_dags/example_sensors.py
[2024-04-27T14:03:55.037+0000] {logging_mixin.py:151} INFO - [2024-04-27T14:03:55.036+0000] {dag.py:2907} INFO - Sync 1 DAGs
[2024-04-27T14:03:55.062+0000] {logging_mixin.py:151} INFO - [2024-04-27T14:03:55.062+0000] {dag.py:3677} INFO - Setting next_dagrun for example_sensors to None, run_after=None
[2024-04-27T14:03:55.115+0000] {processor.py:179} INFO - Processing /home/airflow/.local/lib/python3.8/site-packages/airflow/example_dags/example_sensors.py took 0.172 seconds
[2024-04-27T14:04:25.440+0000] {processor.py:157} INFO - Started process (PID=215) to work on /home/airflow/.local/lib/python3.8/site-packages/airflow/example_dags/example_sensors.py
[2024-04-27T14:04:25.444+0000] {processor.py:829} INFO - Processing file /home/airflow/.local/lib/python3.8/site-packages/airflow/example_dags/example_sensors.py for tasks to queue
[2024-04-27T14:04:25.451+0000] {logging_mixin.py:151} INFO - [2024-04-27T14:04:25.450+0000] {dagbag.py:539} INFO - Filling up the DagBag from /home/airflow/.local/lib/python3.8/site-packages/airflow/example_dags/example_sensors.py
[2024-04-27T14:04:25.491+0000] {processor.py:839} INFO - DAG(s) dict_keys(['example_sensors']) retrieved from /home/airflow/.local/lib/python3.8/site-packages/airflow/example_dags/example_sensors.py
[2024-04-27T14:04:25.548+0000] {logging_mixin.py:151} INFO - [2024-04-27T14:04:25.547+0000] {dag.py:2907} INFO - Sync 1 DAGs
[2024-04-27T14:04:25.565+0000] {logging_mixin.py:151} INFO - [2024-04-27T14:04:25.565+0000] {dag.py:3677} INFO - Setting next_dagrun for example_sensors to None, run_after=None
[2024-04-27T14:04:25.588+0000] {processor.py:179} INFO - Processing /home/airflow/.local/lib/python3.8/site-packages/airflow/example_dags/example_sensors.py took 0.160 seconds
[2024-04-27T14:04:55.614+0000] {processor.py:157} INFO - Started process (PID=279) to work on /home/airflow/.local/lib/python3.8/site-packages/airflow/example_dags/example_sensors.py
[2024-04-27T14:04:55.615+0000] {processor.py:829} INFO - Processing file /home/airflow/.local/lib/python3.8/site-packages/airflow/example_dags/example_sensors.py for tasks to queue
[2024-04-27T14:04:55.617+0000] {logging_mixin.py:151} INFO - [2024-04-27T14:04:55.617+0000] {dagbag.py:539} INFO - Filling up the DagBag from /home/airflow/.local/lib/python3.8/site-packages/airflow/example_dags/example_sensors.py
[2024-04-27T14:04:55.631+0000] {processor.py:839} INFO - DAG(s) dict_keys(['example_sensors']) retrieved from /home/airflow/.local/lib/python3.8/site-packages/airflow/example_dags/example_sensors.py
[2024-04-27T14:04:55.668+0000] {logging_mixin.py:151} INFO - [2024-04-27T14:04:55.667+0000] {dag.py:2907} INFO - Sync 1 DAGs
[2024-04-27T14:04:55.685+0000] {logging_mixin.py:151} INFO - [2024-04-27T14:04:55.684+0000] {dag.py:3677} INFO - Setting next_dagrun for example_sensors to None, run_after=None
[2024-04-27T14:04:55.707+0000] {processor.py:179} INFO - Processing /home/airflow/.local/lib/python3.8/site-packages/airflow/example_dags/example_sensors.py took 0.097 seconds
[2024-04-27T14:05:26.087+0000] {processor.py:157} INFO - Started process (PID=343) to work on /home/airflow/.local/lib/python3.8/site-packages/airflow/example_dags/example_sensors.py
[2024-04-27T14:05:26.092+0000] {processor.py:829} INFO - Processing file /home/airflow/.local/lib/python3.8/site-packages/airflow/example_dags/example_sensors.py for tasks to queue
[2024-04-27T14:05:26.103+0000] {logging_mixin.py:151} INFO - [2024-04-27T14:05:26.102+0000] {dagbag.py:539} INFO - Filling up the DagBag from /home/airflow/.local/lib/python3.8/site-packages/airflow/example_dags/example_sensors.py
[2024-04-27T14:05:26.139+0000] {processor.py:839} INFO - DAG(s) dict_keys(['example_sensors']) retrieved from /home/airflow/.local/lib/python3.8/site-packages/airflow/example_dags/example_sensors.py
[2024-04-27T14:05:26.188+0000] {logging_mixin.py:151} INFO - [2024-04-27T14:05:26.188+0000] {dag.py:2907} INFO - Sync 1 DAGs
[2024-04-27T14:05:26.212+0000] {logging_mixin.py:151} INFO - [2024-04-27T14:05:26.212+0000] {dag.py:3677} INFO - Setting next_dagrun for example_sensors to None, run_after=None
[2024-04-27T14:05:26.250+0000] {processor.py:179} INFO - Processing /home/airflow/.local/lib/python3.8/site-packages/airflow/example_dags/example_sensors.py took 0.186 seconds
[2024-04-27T14:05:57.263+0000] {processor.py:157} INFO - Started process (PID=414) to work on /home/airflow/.local/lib/python3.8/site-packages/airflow/example_dags/example_sensors.py
[2024-04-27T14:05:57.265+0000] {processor.py:829} INFO - Processing file /home/airflow/.local/lib/python3.8/site-packages/airflow/example_dags/example_sensors.py for tasks to queue
[2024-04-27T14:05:57.268+0000] {logging_mixin.py:151} INFO - [2024-04-27T14:05:57.267+0000] {dagbag.py:539} INFO - Filling up the DagBag from /home/airflow/.local/lib/python3.8/site-packages/airflow/example_dags/example_sensors.py
[2024-04-27T14:05:57.285+0000] {processor.py:839} INFO - DAG(s) dict_keys(['example_sensors']) retrieved from /home/airflow/.local/lib/python3.8/site-packages/airflow/example_dags/example_sensors.py
[2024-04-27T14:05:57.332+0000] {logging_mixin.py:151} INFO - [2024-04-27T14:05:57.332+0000] {dag.py:2907} INFO - Sync 1 DAGs
[2024-04-27T14:05:57.354+0000] {logging_mixin.py:151} INFO - [2024-04-27T14:05:57.354+0000] {dag.py:3677} INFO - Setting next_dagrun for example_sensors to None, run_after=None
[2024-04-27T14:05:57.383+0000] {processor.py:179} INFO - Processing /home/airflow/.local/lib/python3.8/site-packages/airflow/example_dags/example_sensors.py took 0.125 seconds
[2024-04-27T14:06:27.849+0000] {processor.py:157} INFO - Started process (PID=477) to work on /home/airflow/.local/lib/python3.8/site-packages/airflow/example_dags/example_sensors.py
[2024-04-27T14:06:27.849+0000] {processor.py:829} INFO - Processing file /home/airflow/.local/lib/python3.8/site-packages/airflow/example_dags/example_sensors.py for tasks to queue
[2024-04-27T14:06:27.852+0000] {logging_mixin.py:151} INFO - [2024-04-27T14:06:27.852+0000] {dagbag.py:539} INFO - Filling up the DagBag from /home/airflow/.local/lib/python3.8/site-packages/airflow/example_dags/example_sensors.py
[2024-04-27T14:06:27.866+0000] {processor.py:839} INFO - DAG(s) dict_keys(['example_sensors']) retrieved from /home/airflow/.local/lib/python3.8/site-packages/airflow/example_dags/example_sensors.py
[2024-04-27T14:06:27.910+0000] {logging_mixin.py:151} INFO - [2024-04-27T14:06:27.910+0000] {dag.py:2907} INFO - Sync 1 DAGs
[2024-04-27T14:06:27.926+0000] {logging_mixin.py:151} INFO - [2024-04-27T14:06:27.926+0000] {dag.py:3677} INFO - Setting next_dagrun for example_sensors to None, run_after=None
[2024-04-27T14:06:27.951+0000] {processor.py:179} INFO - Processing /home/airflow/.local/lib/python3.8/site-packages/airflow/example_dags/example_sensors.py took 0.108 seconds
[2024-04-27T14:06:58.223+0000] {processor.py:157} INFO - Started process (PID=542) to work on /home/airflow/.local/lib/python3.8/site-packages/airflow/example_dags/example_sensors.py
[2024-04-27T14:06:58.224+0000] {processor.py:829} INFO - Processing file /home/airflow/.local/lib/python3.8/site-packages/airflow/example_dags/example_sensors.py for tasks to queue
[2024-04-27T14:06:58.227+0000] {logging_mixin.py:151} INFO - [2024-04-27T14:06:58.226+0000] {dagbag.py:539} INFO - Filling up the DagBag from /home/airflow/.local/lib/python3.8/site-packages/airflow/example_dags/example_sensors.py
[2024-04-27T14:06:58.239+0000] {processor.py:839} INFO - DAG(s) dict_keys(['example_sensors']) retrieved from /home/airflow/.local/lib/python3.8/site-packages/airflow/example_dags/example_sensors.py
[2024-04-27T14:06:58.278+0000] {logging_mixin.py:151} INFO - [2024-04-27T14:06:58.278+0000] {dag.py:2907} INFO - Sync 1 DAGs
[2024-04-27T14:06:58.297+0000] {logging_mixin.py:151} INFO - [2024-04-27T14:06:58.297+0000] {dag.py:3677} INFO - Setting next_dagrun for example_sensors to None, run_after=None
[2024-04-27T14:06:58.326+0000] {processor.py:179} INFO - Processing /home/airflow/.local/lib/python3.8/site-packages/airflow/example_dags/example_sensors.py took 0.107 seconds
[2024-04-27T14:07:29.000+0000] {processor.py:157} INFO - Started process (PID=615) to work on /home/airflow/.local/lib/python3.8/site-packages/airflow/example_dags/example_sensors.py
[2024-04-27T14:07:29.002+0000] {processor.py:829} INFO - Processing file /home/airflow/.local/lib/python3.8/site-packages/airflow/example_dags/example_sensors.py for tasks to queue
[2024-04-27T14:07:29.005+0000] {logging_mixin.py:151} INFO - [2024-04-27T14:07:29.004+0000] {dagbag.py:539} INFO - Filling up the DagBag from /home/airflow/.local/lib/python3.8/site-packages/airflow/example_dags/example_sensors.py
[2024-04-27T14:07:29.024+0000] {processor.py:839} INFO - DAG(s) dict_keys(['example_sensors']) retrieved from /home/airflow/.local/lib/python3.8/site-packages/airflow/example_dags/example_sensors.py
[2024-04-27T14:07:29.108+0000] {logging_mixin.py:151} INFO - [2024-04-27T14:07:29.107+0000] {dag.py:2907} INFO - Sync 1 DAGs
[2024-04-27T14:07:29.166+0000] {logging_mixin.py:151} INFO - [2024-04-27T14:07:29.166+0000] {dag.py:3677} INFO - Setting next_dagrun for example_sensors to None, run_after=None
[2024-04-27T14:07:29.228+0000] {processor.py:179} INFO - Processing /home/airflow/.local/lib/python3.8/site-packages/airflow/example_dags/example_sensors.py took 0.234 seconds
[2024-04-27T14:11:51.059+0000] {processor.py:157} INFO - Started process (PID=81) to work on /home/airflow/.local/lib/python3.8/site-packages/airflow/example_dags/example_sensors.py
[2024-04-27T14:11:51.061+0000] {processor.py:829} INFO - Processing file /home/airflow/.local/lib/python3.8/site-packages/airflow/example_dags/example_sensors.py for tasks to queue
[2024-04-27T14:11:51.064+0000] {logging_mixin.py:151} INFO - [2024-04-27T14:11:51.063+0000] {dagbag.py:539} INFO - Filling up the DagBag from /home/airflow/.local/lib/python3.8/site-packages/airflow/example_dags/example_sensors.py
[2024-04-27T14:11:51.082+0000] {processor.py:839} INFO - DAG(s) dict_keys(['example_sensors']) retrieved from /home/airflow/.local/lib/python3.8/site-packages/airflow/example_dags/example_sensors.py
[2024-04-27T14:11:51.133+0000] {logging_mixin.py:151} INFO - [2024-04-27T14:11:51.133+0000] {dag.py:2907} INFO - Sync 1 DAGs
[2024-04-27T14:11:51.156+0000] {logging_mixin.py:151} INFO - [2024-04-27T14:11:51.156+0000] {dag.py:3677} INFO - Setting next_dagrun for example_sensors to None, run_after=None
[2024-04-27T14:11:51.178+0000] {processor.py:179} INFO - Processing /home/airflow/.local/lib/python3.8/site-packages/airflow/example_dags/example_sensors.py took 0.123 seconds
[2024-04-27T14:12:21.298+0000] {processor.py:157} INFO - Started process (PID=144) to work on /home/airflow/.local/lib/python3.8/site-packages/airflow/example_dags/example_sensors.py
[2024-04-27T14:12:21.299+0000] {processor.py:829} INFO - Processing file /home/airflow/.local/lib/python3.8/site-packages/airflow/example_dags/example_sensors.py for tasks to queue
[2024-04-27T14:12:21.302+0000] {logging_mixin.py:151} INFO - [2024-04-27T14:12:21.301+0000] {dagbag.py:539} INFO - Filling up the DagBag from /home/airflow/.local/lib/python3.8/site-packages/airflow/example_dags/example_sensors.py
[2024-04-27T14:12:21.319+0000] {processor.py:839} INFO - DAG(s) dict_keys(['example_sensors']) retrieved from /home/airflow/.local/lib/python3.8/site-packages/airflow/example_dags/example_sensors.py
[2024-04-27T14:12:21.370+0000] {logging_mixin.py:151} INFO - [2024-04-27T14:12:21.370+0000] {dag.py:2907} INFO - Sync 1 DAGs
[2024-04-27T14:12:21.392+0000] {logging_mixin.py:151} INFO - [2024-04-27T14:12:21.392+0000] {dag.py:3677} INFO - Setting next_dagrun for example_sensors to None, run_after=None
[2024-04-27T14:12:21.427+0000] {processor.py:179} INFO - Processing /home/airflow/.local/lib/python3.8/site-packages/airflow/example_dags/example_sensors.py took 0.135 seconds
[2024-04-27T14:12:52.423+0000] {processor.py:157} INFO - Started process (PID=207) to work on /home/airflow/.local/lib/python3.8/site-packages/airflow/example_dags/example_sensors.py
[2024-04-27T14:12:52.424+0000] {processor.py:829} INFO - Processing file /home/airflow/.local/lib/python3.8/site-packages/airflow/example_dags/example_sensors.py for tasks to queue
[2024-04-27T14:12:52.429+0000] {logging_mixin.py:151} INFO - [2024-04-27T14:12:52.428+0000] {dagbag.py:539} INFO - Filling up the DagBag from /home/airflow/.local/lib/python3.8/site-packages/airflow/example_dags/example_sensors.py
[2024-04-27T14:12:52.456+0000] {processor.py:839} INFO - DAG(s) dict_keys(['example_sensors']) retrieved from /home/airflow/.local/lib/python3.8/site-packages/airflow/example_dags/example_sensors.py
[2024-04-27T14:12:52.505+0000] {logging_mixin.py:151} INFO - [2024-04-27T14:12:52.505+0000] {dag.py:2907} INFO - Sync 1 DAGs
[2024-04-27T14:12:52.529+0000] {logging_mixin.py:151} INFO - [2024-04-27T14:12:52.529+0000] {dag.py:3677} INFO - Setting next_dagrun for example_sensors to None, run_after=None
[2024-04-27T14:12:52.567+0000] {processor.py:179} INFO - Processing /home/airflow/.local/lib/python3.8/site-packages/airflow/example_dags/example_sensors.py took 0.162 seconds
[2024-04-27T14:13:22.877+0000] {processor.py:157} INFO - Started process (PID=276) to work on /home/airflow/.local/lib/python3.8/site-packages/airflow/example_dags/example_sensors.py
[2024-04-27T14:13:22.878+0000] {processor.py:829} INFO - Processing file /home/airflow/.local/lib/python3.8/site-packages/airflow/example_dags/example_sensors.py for tasks to queue
[2024-04-27T14:13:22.882+0000] {logging_mixin.py:151} INFO - [2024-04-27T14:13:22.881+0000] {dagbag.py:539} INFO - Filling up the DagBag from /home/airflow/.local/lib/python3.8/site-packages/airflow/example_dags/example_sensors.py
[2024-04-27T14:13:22.900+0000] {processor.py:839} INFO - DAG(s) dict_keys(['example_sensors']) retrieved from /home/airflow/.local/lib/python3.8/site-packages/airflow/example_dags/example_sensors.py
[2024-04-27T14:13:22.941+0000] {logging_mixin.py:151} INFO - [2024-04-27T14:13:22.941+0000] {dag.py:2907} INFO - Sync 1 DAGs
[2024-04-27T14:13:22.964+0000] {logging_mixin.py:151} INFO - [2024-04-27T14:13:22.964+0000] {dag.py:3677} INFO - Setting next_dagrun for example_sensors to None, run_after=None
[2024-04-27T14:13:22.991+0000] {processor.py:179} INFO - Processing /home/airflow/.local/lib/python3.8/site-packages/airflow/example_dags/example_sensors.py took 0.118 seconds
[2024-04-27T14:13:53.879+0000] {processor.py:157} INFO - Started process (PID=339) to work on /home/airflow/.local/lib/python3.8/site-packages/airflow/example_dags/example_sensors.py
[2024-04-27T14:13:53.880+0000] {processor.py:829} INFO - Processing file /home/airflow/.local/lib/python3.8/site-packages/airflow/example_dags/example_sensors.py for tasks to queue
[2024-04-27T14:13:53.882+0000] {logging_mixin.py:151} INFO - [2024-04-27T14:13:53.882+0000] {dagbag.py:539} INFO - Filling up the DagBag from /home/airflow/.local/lib/python3.8/site-packages/airflow/example_dags/example_sensors.py
[2024-04-27T14:13:53.901+0000] {processor.py:839} INFO - DAG(s) dict_keys(['example_sensors']) retrieved from /home/airflow/.local/lib/python3.8/site-packages/airflow/example_dags/example_sensors.py
[2024-04-27T14:13:53.947+0000] {logging_mixin.py:151} INFO - [2024-04-27T14:13:53.947+0000] {dag.py:2907} INFO - Sync 1 DAGs
[2024-04-27T14:13:53.969+0000] {logging_mixin.py:151} INFO - [2024-04-27T14:13:53.969+0000] {dag.py:3677} INFO - Setting next_dagrun for example_sensors to None, run_after=None
[2024-04-27T14:13:53.995+0000] {processor.py:179} INFO - Processing /home/airflow/.local/lib/python3.8/site-packages/airflow/example_dags/example_sensors.py took 0.121 seconds
[2024-04-27T14:14:24.483+0000] {processor.py:157} INFO - Started process (PID=403) to work on /home/airflow/.local/lib/python3.8/site-packages/airflow/example_dags/example_sensors.py
[2024-04-27T14:14:24.484+0000] {processor.py:829} INFO - Processing file /home/airflow/.local/lib/python3.8/site-packages/airflow/example_dags/example_sensors.py for tasks to queue
[2024-04-27T14:14:24.487+0000] {logging_mixin.py:151} INFO - [2024-04-27T14:14:24.487+0000] {dagbag.py:539} INFO - Filling up the DagBag from /home/airflow/.local/lib/python3.8/site-packages/airflow/example_dags/example_sensors.py
[2024-04-27T14:14:24.505+0000] {processor.py:839} INFO - DAG(s) dict_keys(['example_sensors']) retrieved from /home/airflow/.local/lib/python3.8/site-packages/airflow/example_dags/example_sensors.py
[2024-04-27T14:14:24.572+0000] {logging_mixin.py:151} INFO - [2024-04-27T14:14:24.571+0000] {dag.py:2907} INFO - Sync 1 DAGs
[2024-04-27T14:14:24.615+0000] {logging_mixin.py:151} INFO - [2024-04-27T14:14:24.614+0000] {dag.py:3677} INFO - Setting next_dagrun for example_sensors to None, run_after=None
[2024-04-27T14:14:24.649+0000] {processor.py:179} INFO - Processing /home/airflow/.local/lib/python3.8/site-packages/airflow/example_dags/example_sensors.py took 0.172 seconds
[2024-04-27T14:14:55.924+0000] {processor.py:157} INFO - Started process (PID=475) to work on /home/airflow/.local/lib/python3.8/site-packages/airflow/example_dags/example_sensors.py
[2024-04-27T14:14:55.941+0000] {processor.py:829} INFO - Processing file /home/airflow/.local/lib/python3.8/site-packages/airflow/example_dags/example_sensors.py for tasks to queue
[2024-04-27T14:14:55.944+0000] {logging_mixin.py:151} INFO - [2024-04-27T14:14:55.944+0000] {dagbag.py:539} INFO - Filling up the DagBag from /home/airflow/.local/lib/python3.8/site-packages/airflow/example_dags/example_sensors.py
[2024-04-27T14:14:55.984+0000] {processor.py:839} INFO - DAG(s) dict_keys(['example_sensors']) retrieved from /home/airflow/.local/lib/python3.8/site-packages/airflow/example_dags/example_sensors.py
[2024-04-27T14:14:56.057+0000] {logging_mixin.py:151} INFO - [2024-04-27T14:14:56.057+0000] {dag.py:2907} INFO - Sync 1 DAGs
[2024-04-27T14:14:56.084+0000] {logging_mixin.py:151} INFO - [2024-04-27T14:14:56.083+0000] {dag.py:3677} INFO - Setting next_dagrun for example_sensors to None, run_after=None
[2024-04-27T14:14:56.152+0000] {processor.py:179} INFO - Processing /home/airflow/.local/lib/python3.8/site-packages/airflow/example_dags/example_sensors.py took 0.234 seconds
[2024-04-27T14:15:26.264+0000] {processor.py:157} INFO - Started process (PID=540) to work on /home/airflow/.local/lib/python3.8/site-packages/airflow/example_dags/example_sensors.py
[2024-04-27T14:15:26.265+0000] {processor.py:829} INFO - Processing file /home/airflow/.local/lib/python3.8/site-packages/airflow/example_dags/example_sensors.py for tasks to queue
[2024-04-27T14:15:26.269+0000] {logging_mixin.py:151} INFO - [2024-04-27T14:15:26.268+0000] {dagbag.py:539} INFO - Filling up the DagBag from /home/airflow/.local/lib/python3.8/site-packages/airflow/example_dags/example_sensors.py
[2024-04-27T14:15:26.288+0000] {processor.py:839} INFO - DAG(s) dict_keys(['example_sensors']) retrieved from /home/airflow/.local/lib/python3.8/site-packages/airflow/example_dags/example_sensors.py
[2024-04-27T14:15:26.327+0000] {logging_mixin.py:151} INFO - [2024-04-27T14:15:26.327+0000] {dag.py:2907} INFO - Sync 1 DAGs
[2024-04-27T14:15:26.350+0000] {logging_mixin.py:151} INFO - [2024-04-27T14:15:26.350+0000] {dag.py:3677} INFO - Setting next_dagrun for example_sensors to None, run_after=None
[2024-04-27T14:15:26.382+0000] {processor.py:179} INFO - Processing /home/airflow/.local/lib/python3.8/site-packages/airflow/example_dags/example_sensors.py took 0.123 seconds
[2024-04-27T14:15:56.436+0000] {processor.py:157} INFO - Started process (PID=605) to work on /home/airflow/.local/lib/python3.8/site-packages/airflow/example_dags/example_sensors.py
[2024-04-27T14:15:56.437+0000] {processor.py:829} INFO - Processing file /home/airflow/.local/lib/python3.8/site-packages/airflow/example_dags/example_sensors.py for tasks to queue
[2024-04-27T14:15:56.439+0000] {logging_mixin.py:151} INFO - [2024-04-27T14:15:56.439+0000] {dagbag.py:539} INFO - Filling up the DagBag from /home/airflow/.local/lib/python3.8/site-packages/airflow/example_dags/example_sensors.py
[2024-04-27T14:15:56.454+0000] {processor.py:839} INFO - DAG(s) dict_keys(['example_sensors']) retrieved from /home/airflow/.local/lib/python3.8/site-packages/airflow/example_dags/example_sensors.py
[2024-04-27T14:15:56.493+0000] {logging_mixin.py:151} INFO - [2024-04-27T14:15:56.493+0000] {dag.py:2907} INFO - Sync 1 DAGs
[2024-04-27T14:15:56.512+0000] {logging_mixin.py:151} INFO - [2024-04-27T14:15:56.512+0000] {dag.py:3677} INFO - Setting next_dagrun for example_sensors to None, run_after=None
[2024-04-27T14:15:56.553+0000] {processor.py:179} INFO - Processing /home/airflow/.local/lib/python3.8/site-packages/airflow/example_dags/example_sensors.py took 0.121 seconds
[2024-04-27T14:16:27.643+0000] {processor.py:157} INFO - Started process (PID=676) to work on /home/airflow/.local/lib/python3.8/site-packages/airflow/example_dags/example_sensors.py
[2024-04-27T14:16:27.644+0000] {processor.py:829} INFO - Processing file /home/airflow/.local/lib/python3.8/site-packages/airflow/example_dags/example_sensors.py for tasks to queue
[2024-04-27T14:16:27.648+0000] {logging_mixin.py:151} INFO - [2024-04-27T14:16:27.647+0000] {dagbag.py:539} INFO - Filling up the DagBag from /home/airflow/.local/lib/python3.8/site-packages/airflow/example_dags/example_sensors.py
[2024-04-27T14:16:27.695+0000] {processor.py:839} INFO - DAG(s) dict_keys(['example_sensors']) retrieved from /home/airflow/.local/lib/python3.8/site-packages/airflow/example_dags/example_sensors.py
[2024-04-27T14:16:27.776+0000] {logging_mixin.py:151} INFO - [2024-04-27T14:16:27.776+0000] {dag.py:2907} INFO - Sync 1 DAGs
[2024-04-27T14:16:27.816+0000] {logging_mixin.py:151} INFO - [2024-04-27T14:16:27.816+0000] {dag.py:3677} INFO - Setting next_dagrun for example_sensors to None, run_after=None
[2024-04-27T14:16:27.870+0000] {processor.py:179} INFO - Processing /home/airflow/.local/lib/python3.8/site-packages/airflow/example_dags/example_sensors.py took 0.264 seconds
[2024-04-27T14:16:59.022+0000] {processor.py:157} INFO - Started process (PID=741) to work on /home/airflow/.local/lib/python3.8/site-packages/airflow/example_dags/example_sensors.py
[2024-04-27T14:16:59.032+0000] {processor.py:829} INFO - Processing file /home/airflow/.local/lib/python3.8/site-packages/airflow/example_dags/example_sensors.py for tasks to queue
[2024-04-27T14:16:59.045+0000] {logging_mixin.py:151} INFO - [2024-04-27T14:16:59.039+0000] {dagbag.py:539} INFO - Filling up the DagBag from /home/airflow/.local/lib/python3.8/site-packages/airflow/example_dags/example_sensors.py
[2024-04-27T14:16:59.129+0000] {processor.py:839} INFO - DAG(s) dict_keys(['example_sensors']) retrieved from /home/airflow/.local/lib/python3.8/site-packages/airflow/example_dags/example_sensors.py
[2024-04-27T14:16:59.198+0000] {logging_mixin.py:151} INFO - [2024-04-27T14:16:59.198+0000] {dag.py:2907} INFO - Sync 1 DAGs
[2024-04-27T14:16:59.221+0000] {logging_mixin.py:151} INFO - [2024-04-27T14:16:59.221+0000] {dag.py:3677} INFO - Setting next_dagrun for example_sensors to None, run_after=None
[2024-04-27T14:16:59.269+0000] {processor.py:179} INFO - Processing /home/airflow/.local/lib/python3.8/site-packages/airflow/example_dags/example_sensors.py took 0.259 seconds
[2024-04-27T14:17:29.960+0000] {processor.py:157} INFO - Started process (PID=805) to work on /home/airflow/.local/lib/python3.8/site-packages/airflow/example_dags/example_sensors.py
[2024-04-27T14:17:29.961+0000] {processor.py:829} INFO - Processing file /home/airflow/.local/lib/python3.8/site-packages/airflow/example_dags/example_sensors.py for tasks to queue
[2024-04-27T14:17:29.964+0000] {logging_mixin.py:151} INFO - [2024-04-27T14:17:29.964+0000] {dagbag.py:539} INFO - Filling up the DagBag from /home/airflow/.local/lib/python3.8/site-packages/airflow/example_dags/example_sensors.py
[2024-04-27T14:17:29.976+0000] {processor.py:839} INFO - DAG(s) dict_keys(['example_sensors']) retrieved from /home/airflow/.local/lib/python3.8/site-packages/airflow/example_dags/example_sensors.py
[2024-04-27T14:17:30.010+0000] {logging_mixin.py:151} INFO - [2024-04-27T14:17:30.009+0000] {dag.py:2907} INFO - Sync 1 DAGs
[2024-04-27T14:17:30.025+0000] {logging_mixin.py:151} INFO - [2024-04-27T14:17:30.025+0000] {dag.py:3677} INFO - Setting next_dagrun for example_sensors to None, run_after=None
[2024-04-27T14:17:30.047+0000] {processor.py:179} INFO - Processing /home/airflow/.local/lib/python3.8/site-packages/airflow/example_dags/example_sensors.py took 0.091 seconds
[2024-04-27T14:18:00.715+0000] {processor.py:157} INFO - Started process (PID=869) to work on /home/airflow/.local/lib/python3.8/site-packages/airflow/example_dags/example_sensors.py
[2024-04-27T14:18:00.716+0000] {processor.py:829} INFO - Processing file /home/airflow/.local/lib/python3.8/site-packages/airflow/example_dags/example_sensors.py for tasks to queue
[2024-04-27T14:18:00.720+0000] {logging_mixin.py:151} INFO - [2024-04-27T14:18:00.719+0000] {dagbag.py:539} INFO - Filling up the DagBag from /home/airflow/.local/lib/python3.8/site-packages/airflow/example_dags/example_sensors.py
[2024-04-27T14:18:00.740+0000] {processor.py:839} INFO - DAG(s) dict_keys(['example_sensors']) retrieved from /home/airflow/.local/lib/python3.8/site-packages/airflow/example_dags/example_sensors.py
[2024-04-27T14:18:00.788+0000] {logging_mixin.py:151} INFO - [2024-04-27T14:18:00.788+0000] {dag.py:2907} INFO - Sync 1 DAGs
[2024-04-27T14:18:00.811+0000] {logging_mixin.py:151} INFO - [2024-04-27T14:18:00.811+0000] {dag.py:3677} INFO - Setting next_dagrun for example_sensors to None, run_after=None
[2024-04-27T14:18:00.842+0000] {processor.py:179} INFO - Processing /home/airflow/.local/lib/python3.8/site-packages/airflow/example_dags/example_sensors.py took 0.134 seconds
[2024-04-27T14:18:31.607+0000] {processor.py:157} INFO - Started process (PID=940) to work on /home/airflow/.local/lib/python3.8/site-packages/airflow/example_dags/example_sensors.py
[2024-04-27T14:18:31.608+0000] {processor.py:829} INFO - Processing file /home/airflow/.local/lib/python3.8/site-packages/airflow/example_dags/example_sensors.py for tasks to queue
[2024-04-27T14:18:31.612+0000] {logging_mixin.py:151} INFO - [2024-04-27T14:18:31.612+0000] {dagbag.py:539} INFO - Filling up the DagBag from /home/airflow/.local/lib/python3.8/site-packages/airflow/example_dags/example_sensors.py
[2024-04-27T14:18:31.633+0000] {processor.py:839} INFO - DAG(s) dict_keys(['example_sensors']) retrieved from /home/airflow/.local/lib/python3.8/site-packages/airflow/example_dags/example_sensors.py
[2024-04-27T14:18:31.686+0000] {logging_mixin.py:151} INFO - [2024-04-27T14:18:31.686+0000] {dag.py:2907} INFO - Sync 1 DAGs
[2024-04-27T14:18:31.716+0000] {logging_mixin.py:151} INFO - [2024-04-27T14:18:31.715+0000] {dag.py:3677} INFO - Setting next_dagrun for example_sensors to None, run_after=None
[2024-04-27T14:18:31.752+0000] {processor.py:179} INFO - Processing /home/airflow/.local/lib/python3.8/site-packages/airflow/example_dags/example_sensors.py took 0.151 seconds
[2024-04-27T14:19:01.822+0000] {processor.py:157} INFO - Started process (PID=1003) to work on /home/airflow/.local/lib/python3.8/site-packages/airflow/example_dags/example_sensors.py
[2024-04-27T14:19:01.823+0000] {processor.py:829} INFO - Processing file /home/airflow/.local/lib/python3.8/site-packages/airflow/example_dags/example_sensors.py for tasks to queue
[2024-04-27T14:19:01.826+0000] {logging_mixin.py:151} INFO - [2024-04-27T14:19:01.826+0000] {dagbag.py:539} INFO - Filling up the DagBag from /home/airflow/.local/lib/python3.8/site-packages/airflow/example_dags/example_sensors.py
[2024-04-27T14:19:01.845+0000] {processor.py:839} INFO - DAG(s) dict_keys(['example_sensors']) retrieved from /home/airflow/.local/lib/python3.8/site-packages/airflow/example_dags/example_sensors.py
[2024-04-27T14:19:01.896+0000] {logging_mixin.py:151} INFO - [2024-04-27T14:19:01.895+0000] {dag.py:2907} INFO - Sync 1 DAGs
[2024-04-27T14:19:01.917+0000] {logging_mixin.py:151} INFO - [2024-04-27T14:19:01.917+0000] {dag.py:3677} INFO - Setting next_dagrun for example_sensors to None, run_after=None
[2024-04-27T14:19:01.946+0000] {processor.py:179} INFO - Processing /home/airflow/.local/lib/python3.8/site-packages/airflow/example_dags/example_sensors.py took 0.130 seconds
[2024-04-27T14:19:32.256+0000] {processor.py:157} INFO - Started process (PID=1066) to work on /home/airflow/.local/lib/python3.8/site-packages/airflow/example_dags/example_sensors.py
[2024-04-27T14:19:32.258+0000] {processor.py:829} INFO - Processing file /home/airflow/.local/lib/python3.8/site-packages/airflow/example_dags/example_sensors.py for tasks to queue
[2024-04-27T14:19:32.261+0000] {logging_mixin.py:151} INFO - [2024-04-27T14:19:32.260+0000] {dagbag.py:539} INFO - Filling up the DagBag from /home/airflow/.local/lib/python3.8/site-packages/airflow/example_dags/example_sensors.py
[2024-04-27T14:19:32.277+0000] {processor.py:839} INFO - DAG(s) dict_keys(['example_sensors']) retrieved from /home/airflow/.local/lib/python3.8/site-packages/airflow/example_dags/example_sensors.py
[2024-04-27T14:19:32.311+0000] {logging_mixin.py:151} INFO - [2024-04-27T14:19:32.311+0000] {dag.py:2907} INFO - Sync 1 DAGs
[2024-04-27T14:19:32.332+0000] {logging_mixin.py:151} INFO - [2024-04-27T14:19:32.332+0000] {dag.py:3677} INFO - Setting next_dagrun for example_sensors to None, run_after=None
[2024-04-27T14:19:32.363+0000] {processor.py:179} INFO - Processing /home/airflow/.local/lib/python3.8/site-packages/airflow/example_dags/example_sensors.py took 0.113 seconds
[2024-04-27T14:20:02.514+0000] {processor.py:157} INFO - Started process (PID=1129) to work on /home/airflow/.local/lib/python3.8/site-packages/airflow/example_dags/example_sensors.py
[2024-04-27T14:20:02.515+0000] {processor.py:829} INFO - Processing file /home/airflow/.local/lib/python3.8/site-packages/airflow/example_dags/example_sensors.py for tasks to queue
[2024-04-27T14:20:02.517+0000] {logging_mixin.py:151} INFO - [2024-04-27T14:20:02.517+0000] {dagbag.py:539} INFO - Filling up the DagBag from /home/airflow/.local/lib/python3.8/site-packages/airflow/example_dags/example_sensors.py
[2024-04-27T14:20:02.533+0000] {processor.py:839} INFO - DAG(s) dict_keys(['example_sensors']) retrieved from /home/airflow/.local/lib/python3.8/site-packages/airflow/example_dags/example_sensors.py
[2024-04-27T14:20:02.567+0000] {logging_mixin.py:151} INFO - [2024-04-27T14:20:02.567+0000] {dag.py:2907} INFO - Sync 1 DAGs
[2024-04-27T14:20:02.582+0000] {logging_mixin.py:151} INFO - [2024-04-27T14:20:02.582+0000] {dag.py:3677} INFO - Setting next_dagrun for example_sensors to None, run_after=None
[2024-04-27T14:20:02.605+0000] {processor.py:179} INFO - Processing /home/airflow/.local/lib/python3.8/site-packages/airflow/example_dags/example_sensors.py took 0.095 seconds
[2024-04-27T14:20:32.956+0000] {processor.py:157} INFO - Started process (PID=1202) to work on /home/airflow/.local/lib/python3.8/site-packages/airflow/example_dags/example_sensors.py
[2024-04-27T14:20:32.957+0000] {processor.py:829} INFO - Processing file /home/airflow/.local/lib/python3.8/site-packages/airflow/example_dags/example_sensors.py for tasks to queue
[2024-04-27T14:20:32.961+0000] {logging_mixin.py:151} INFO - [2024-04-27T14:20:32.960+0000] {dagbag.py:539} INFO - Filling up the DagBag from /home/airflow/.local/lib/python3.8/site-packages/airflow/example_dags/example_sensors.py
[2024-04-27T14:20:32.986+0000] {processor.py:839} INFO - DAG(s) dict_keys(['example_sensors']) retrieved from /home/airflow/.local/lib/python3.8/site-packages/airflow/example_dags/example_sensors.py
[2024-04-27T14:20:33.038+0000] {logging_mixin.py:151} INFO - [2024-04-27T14:20:33.038+0000] {dag.py:2907} INFO - Sync 1 DAGs
[2024-04-27T14:20:33.061+0000] {logging_mixin.py:151} INFO - [2024-04-27T14:20:33.060+0000] {dag.py:3677} INFO - Setting next_dagrun for example_sensors to None, run_after=None
[2024-04-27T14:20:33.091+0000] {processor.py:179} INFO - Processing /home/airflow/.local/lib/python3.8/site-packages/airflow/example_dags/example_sensors.py took 0.140 seconds
[2024-04-27T14:21:03.324+0000] {processor.py:157} INFO - Started process (PID=1265) to work on /home/airflow/.local/lib/python3.8/site-packages/airflow/example_dags/example_sensors.py
[2024-04-27T14:21:03.325+0000] {processor.py:829} INFO - Processing file /home/airflow/.local/lib/python3.8/site-packages/airflow/example_dags/example_sensors.py for tasks to queue
[2024-04-27T14:21:03.328+0000] {logging_mixin.py:151} INFO - [2024-04-27T14:21:03.327+0000] {dagbag.py:539} INFO - Filling up the DagBag from /home/airflow/.local/lib/python3.8/site-packages/airflow/example_dags/example_sensors.py
[2024-04-27T14:21:03.346+0000] {processor.py:839} INFO - DAG(s) dict_keys(['example_sensors']) retrieved from /home/airflow/.local/lib/python3.8/site-packages/airflow/example_dags/example_sensors.py
[2024-04-27T14:21:03.391+0000] {logging_mixin.py:151} INFO - [2024-04-27T14:21:03.391+0000] {dag.py:2907} INFO - Sync 1 DAGs
[2024-04-27T14:21:03.407+0000] {logging_mixin.py:151} INFO - [2024-04-27T14:21:03.406+0000] {dag.py:3677} INFO - Setting next_dagrun for example_sensors to None, run_after=None
[2024-04-27T14:21:03.433+0000] {processor.py:179} INFO - Processing /home/airflow/.local/lib/python3.8/site-packages/airflow/example_dags/example_sensors.py took 0.114 seconds
[2024-04-27T14:21:34.119+0000] {processor.py:157} INFO - Started process (PID=1329) to work on /home/airflow/.local/lib/python3.8/site-packages/airflow/example_dags/example_sensors.py
[2024-04-27T14:21:34.120+0000] {processor.py:829} INFO - Processing file /home/airflow/.local/lib/python3.8/site-packages/airflow/example_dags/example_sensors.py for tasks to queue
[2024-04-27T14:21:34.123+0000] {logging_mixin.py:151} INFO - [2024-04-27T14:21:34.122+0000] {dagbag.py:539} INFO - Filling up the DagBag from /home/airflow/.local/lib/python3.8/site-packages/airflow/example_dags/example_sensors.py
[2024-04-27T14:21:34.135+0000] {processor.py:839} INFO - DAG(s) dict_keys(['example_sensors']) retrieved from /home/airflow/.local/lib/python3.8/site-packages/airflow/example_dags/example_sensors.py
[2024-04-27T14:21:34.177+0000] {logging_mixin.py:151} INFO - [2024-04-27T14:21:34.177+0000] {dag.py:2907} INFO - Sync 1 DAGs
[2024-04-27T14:21:34.194+0000] {logging_mixin.py:151} INFO - [2024-04-27T14:21:34.194+0000] {dag.py:3677} INFO - Setting next_dagrun for example_sensors to None, run_after=None
[2024-04-27T14:21:34.216+0000] {processor.py:179} INFO - Processing /home/airflow/.local/lib/python3.8/site-packages/airflow/example_dags/example_sensors.py took 0.101 seconds
[2024-04-27T14:22:05.033+0000] {processor.py:157} INFO - Started process (PID=1402) to work on /home/airflow/.local/lib/python3.8/site-packages/airflow/example_dags/example_sensors.py
[2024-04-27T14:22:05.035+0000] {processor.py:829} INFO - Processing file /home/airflow/.local/lib/python3.8/site-packages/airflow/example_dags/example_sensors.py for tasks to queue
[2024-04-27T14:22:05.038+0000] {logging_mixin.py:151} INFO - [2024-04-27T14:22:05.038+0000] {dagbag.py:539} INFO - Filling up the DagBag from /home/airflow/.local/lib/python3.8/site-packages/airflow/example_dags/example_sensors.py
[2024-04-27T14:22:05.058+0000] {processor.py:839} INFO - DAG(s) dict_keys(['example_sensors']) retrieved from /home/airflow/.local/lib/python3.8/site-packages/airflow/example_dags/example_sensors.py
[2024-04-27T14:22:05.107+0000] {logging_mixin.py:151} INFO - [2024-04-27T14:22:05.107+0000] {dag.py:2907} INFO - Sync 1 DAGs
[2024-04-27T14:22:05.132+0000] {logging_mixin.py:151} INFO - [2024-04-27T14:22:05.132+0000] {dag.py:3677} INFO - Setting next_dagrun for example_sensors to None, run_after=None
[2024-04-27T14:22:05.173+0000] {processor.py:179} INFO - Processing /home/airflow/.local/lib/python3.8/site-packages/airflow/example_dags/example_sensors.py took 0.146 seconds
[2024-04-27T14:22:36.006+0000] {processor.py:157} INFO - Started process (PID=1467) to work on /home/airflow/.local/lib/python3.8/site-packages/airflow/example_dags/example_sensors.py
[2024-04-27T14:22:36.007+0000] {processor.py:829} INFO - Processing file /home/airflow/.local/lib/python3.8/site-packages/airflow/example_dags/example_sensors.py for tasks to queue
[2024-04-27T14:22:36.010+0000] {logging_mixin.py:151} INFO - [2024-04-27T14:22:36.010+0000] {dagbag.py:539} INFO - Filling up the DagBag from /home/airflow/.local/lib/python3.8/site-packages/airflow/example_dags/example_sensors.py
[2024-04-27T14:22:36.024+0000] {processor.py:839} INFO - DAG(s) dict_keys(['example_sensors']) retrieved from /home/airflow/.local/lib/python3.8/site-packages/airflow/example_dags/example_sensors.py
[2024-04-27T14:22:36.059+0000] {logging_mixin.py:151} INFO - [2024-04-27T14:22:36.059+0000] {dag.py:2907} INFO - Sync 1 DAGs
[2024-04-27T14:22:36.076+0000] {logging_mixin.py:151} INFO - [2024-04-27T14:22:36.076+0000] {dag.py:3677} INFO - Setting next_dagrun for example_sensors to None, run_after=None
[2024-04-27T14:22:36.098+0000] {processor.py:179} INFO - Processing /home/airflow/.local/lib/python3.8/site-packages/airflow/example_dags/example_sensors.py took 0.098 seconds
[2024-04-27T14:23:07.559+0000] {processor.py:157} INFO - Started process (PID=1538) to work on /home/airflow/.local/lib/python3.8/site-packages/airflow/example_dags/example_sensors.py
[2024-04-27T14:23:07.560+0000] {processor.py:829} INFO - Processing file /home/airflow/.local/lib/python3.8/site-packages/airflow/example_dags/example_sensors.py for tasks to queue
[2024-04-27T14:23:07.563+0000] {logging_mixin.py:151} INFO - [2024-04-27T14:23:07.562+0000] {dagbag.py:539} INFO - Filling up the DagBag from /home/airflow/.local/lib/python3.8/site-packages/airflow/example_dags/example_sensors.py
[2024-04-27T14:23:07.580+0000] {processor.py:839} INFO - DAG(s) dict_keys(['example_sensors']) retrieved from /home/airflow/.local/lib/python3.8/site-packages/airflow/example_dags/example_sensors.py
[2024-04-27T14:23:07.617+0000] {logging_mixin.py:151} INFO - [2024-04-27T14:23:07.617+0000] {dag.py:2907} INFO - Sync 1 DAGs
[2024-04-27T14:23:07.634+0000] {logging_mixin.py:151} INFO - [2024-04-27T14:23:07.633+0000] {dag.py:3677} INFO - Setting next_dagrun for example_sensors to None, run_after=None
[2024-04-27T14:23:07.660+0000] {processor.py:179} INFO - Processing /home/airflow/.local/lib/python3.8/site-packages/airflow/example_dags/example_sensors.py took 0.107 seconds
[2024-04-27T14:23:38.786+0000] {processor.py:157} INFO - Started process (PID=1602) to work on /home/airflow/.local/lib/python3.8/site-packages/airflow/example_dags/example_sensors.py
[2024-04-27T14:23:38.787+0000] {processor.py:829} INFO - Processing file /home/airflow/.local/lib/python3.8/site-packages/airflow/example_dags/example_sensors.py for tasks to queue
[2024-04-27T14:23:38.789+0000] {logging_mixin.py:151} INFO - [2024-04-27T14:23:38.789+0000] {dagbag.py:539} INFO - Filling up the DagBag from /home/airflow/.local/lib/python3.8/site-packages/airflow/example_dags/example_sensors.py
[2024-04-27T14:23:38.805+0000] {processor.py:839} INFO - DAG(s) dict_keys(['example_sensors']) retrieved from /home/airflow/.local/lib/python3.8/site-packages/airflow/example_dags/example_sensors.py
[2024-04-27T14:23:38.845+0000] {logging_mixin.py:151} INFO - [2024-04-27T14:23:38.845+0000] {dag.py:2907} INFO - Sync 1 DAGs
[2024-04-27T14:23:38.863+0000] {logging_mixin.py:151} INFO - [2024-04-27T14:23:38.863+0000] {dag.py:3677} INFO - Setting next_dagrun for example_sensors to None, run_after=None
[2024-04-27T14:23:38.891+0000] {processor.py:179} INFO - Processing /home/airflow/.local/lib/python3.8/site-packages/airflow/example_dags/example_sensors.py took 0.109 seconds
[2024-04-27T14:24:09.691+0000] {processor.py:157} INFO - Started process (PID=1675) to work on /home/airflow/.local/lib/python3.8/site-packages/airflow/example_dags/example_sensors.py
[2024-04-27T14:24:09.692+0000] {processor.py:829} INFO - Processing file /home/airflow/.local/lib/python3.8/site-packages/airflow/example_dags/example_sensors.py for tasks to queue
[2024-04-27T14:24:09.695+0000] {logging_mixin.py:151} INFO - [2024-04-27T14:24:09.694+0000] {dagbag.py:539} INFO - Filling up the DagBag from /home/airflow/.local/lib/python3.8/site-packages/airflow/example_dags/example_sensors.py
[2024-04-27T14:24:09.706+0000] {processor.py:839} INFO - DAG(s) dict_keys(['example_sensors']) retrieved from /home/airflow/.local/lib/python3.8/site-packages/airflow/example_dags/example_sensors.py
[2024-04-27T14:24:09.750+0000] {logging_mixin.py:151} INFO - [2024-04-27T14:24:09.749+0000] {dag.py:2907} INFO - Sync 1 DAGs
[2024-04-27T14:24:09.769+0000] {logging_mixin.py:151} INFO - [2024-04-27T14:24:09.769+0000] {dag.py:3677} INFO - Setting next_dagrun for example_sensors to None, run_after=None
[2024-04-27T14:24:09.791+0000] {processor.py:179} INFO - Processing /home/airflow/.local/lib/python3.8/site-packages/airflow/example_dags/example_sensors.py took 0.104 seconds
[2024-04-27T14:24:41.717+0000] {processor.py:157} INFO - Started process (PID=1739) to work on /home/airflow/.local/lib/python3.8/site-packages/airflow/example_dags/example_sensors.py
[2024-04-27T14:24:41.722+0000] {processor.py:829} INFO - Processing file /home/airflow/.local/lib/python3.8/site-packages/airflow/example_dags/example_sensors.py for tasks to queue
[2024-04-27T14:24:41.726+0000] {logging_mixin.py:151} INFO - [2024-04-27T14:24:41.725+0000] {dagbag.py:539} INFO - Filling up the DagBag from /home/airflow/.local/lib/python3.8/site-packages/airflow/example_dags/example_sensors.py
[2024-04-27T14:24:41.743+0000] {processor.py:839} INFO - DAG(s) dict_keys(['example_sensors']) retrieved from /home/airflow/.local/lib/python3.8/site-packages/airflow/example_dags/example_sensors.py
[2024-04-27T14:24:41.789+0000] {logging_mixin.py:151} INFO - [2024-04-27T14:24:41.789+0000] {dag.py:2907} INFO - Sync 1 DAGs
[2024-04-27T14:24:41.814+0000] {logging_mixin.py:151} INFO - [2024-04-27T14:24:41.814+0000] {dag.py:3677} INFO - Setting next_dagrun for example_sensors to None, run_after=None
[2024-04-27T14:24:41.844+0000] {processor.py:179} INFO - Processing /home/airflow/.local/lib/python3.8/site-packages/airflow/example_dags/example_sensors.py took 0.132 seconds
[2024-04-27T14:25:12.044+0000] {processor.py:157} INFO - Started process (PID=1804) to work on /home/airflow/.local/lib/python3.8/site-packages/airflow/example_dags/example_sensors.py
[2024-04-27T14:25:12.045+0000] {processor.py:829} INFO - Processing file /home/airflow/.local/lib/python3.8/site-packages/airflow/example_dags/example_sensors.py for tasks to queue
[2024-04-27T14:25:12.049+0000] {logging_mixin.py:151} INFO - [2024-04-27T14:25:12.048+0000] {dagbag.py:539} INFO - Filling up the DagBag from /home/airflow/.local/lib/python3.8/site-packages/airflow/example_dags/example_sensors.py
[2024-04-27T14:25:12.071+0000] {processor.py:839} INFO - DAG(s) dict_keys(['example_sensors']) retrieved from /home/airflow/.local/lib/python3.8/site-packages/airflow/example_dags/example_sensors.py
[2024-04-27T14:25:12.125+0000] {logging_mixin.py:151} INFO - [2024-04-27T14:25:12.124+0000] {dag.py:2907} INFO - Sync 1 DAGs
[2024-04-27T14:25:12.145+0000] {logging_mixin.py:151} INFO - [2024-04-27T14:25:12.145+0000] {dag.py:3677} INFO - Setting next_dagrun for example_sensors to None, run_after=None
[2024-04-27T14:25:12.177+0000] {processor.py:179} INFO - Processing /home/airflow/.local/lib/python3.8/site-packages/airflow/example_dags/example_sensors.py took 0.141 seconds
[2024-04-27T14:25:43.040+0000] {processor.py:157} INFO - Started process (PID=1877) to work on /home/airflow/.local/lib/python3.8/site-packages/airflow/example_dags/example_sensors.py
[2024-04-27T14:25:43.041+0000] {processor.py:829} INFO - Processing file /home/airflow/.local/lib/python3.8/site-packages/airflow/example_dags/example_sensors.py for tasks to queue
[2024-04-27T14:25:43.044+0000] {logging_mixin.py:151} INFO - [2024-04-27T14:25:43.043+0000] {dagbag.py:539} INFO - Filling up the DagBag from /home/airflow/.local/lib/python3.8/site-packages/airflow/example_dags/example_sensors.py
[2024-04-27T14:25:43.058+0000] {processor.py:839} INFO - DAG(s) dict_keys(['example_sensors']) retrieved from /home/airflow/.local/lib/python3.8/site-packages/airflow/example_dags/example_sensors.py
[2024-04-27T14:25:43.103+0000] {logging_mixin.py:151} INFO - [2024-04-27T14:25:43.103+0000] {dag.py:2907} INFO - Sync 1 DAGs
[2024-04-27T14:25:43.126+0000] {logging_mixin.py:151} INFO - [2024-04-27T14:25:43.126+0000] {dag.py:3677} INFO - Setting next_dagrun for example_sensors to None, run_after=None
[2024-04-27T14:25:43.154+0000] {processor.py:179} INFO - Processing /home/airflow/.local/lib/python3.8/site-packages/airflow/example_dags/example_sensors.py took 0.118 seconds
