[2024-04-27T14:03:16.813+0000] {processor.py:157} INFO - Started process (PID=59) to work on /home/airflow/.local/lib/python3.8/site-packages/airflow/example_dags/example_setup_teardown_taskflow.py
[2024-04-27T14:03:16.814+0000] {processor.py:829} INFO - Processing file /home/airflow/.local/lib/python3.8/site-packages/airflow/example_dags/example_setup_teardown_taskflow.py for tasks to queue
[2024-04-27T14:03:16.818+0000] {logging_mixin.py:151} INFO - [2024-04-27T14:03:16.818+0000] {dagbag.py:539} INFO - Filling up the DagBag from /home/airflow/.local/lib/python3.8/site-packages/airflow/example_dags/example_setup_teardown_taskflow.py
[2024-04-27T14:03:16.835+0000] {processor.py:839} INFO - DAG(s) dict_keys(['example_setup_teardown_taskflow']) retrieved from /home/airflow/.local/lib/python3.8/site-packages/airflow/example_dags/example_setup_teardown_taskflow.py
[2024-04-27T14:03:17.126+0000] {logging_mixin.py:151} INFO - [2024-04-27T14:03:17.126+0000] {manager.py:501} INFO - Created Permission View: can read on DAG:example_setup_teardown_taskflow
[2024-04-27T14:03:17.143+0000] {logging_mixin.py:151} INFO - [2024-04-27T14:03:17.143+0000] {manager.py:501} INFO - Created Permission View: can edit on DAG:example_setup_teardown_taskflow
[2024-04-27T14:03:17.155+0000] {logging_mixin.py:151} INFO - [2024-04-27T14:03:17.155+0000] {manager.py:501} INFO - Created Permission View: can delete on DAG:example_setup_teardown_taskflow
[2024-04-27T14:03:17.182+0000] {logging_mixin.py:151} INFO - [2024-04-27T14:03:17.182+0000] {dag.py:2907} INFO - Sync 1 DAGs
[2024-04-27T14:03:17.202+0000] {logging_mixin.py:151} INFO - [2024-04-27T14:03:17.202+0000] {dag.py:2929} INFO - Creating ORM DAG for example_setup_teardown_taskflow
[2024-04-27T14:03:17.219+0000] {logging_mixin.py:151} INFO - [2024-04-27T14:03:17.218+0000] {dag.py:3677} INFO - Setting next_dagrun for example_setup_teardown_taskflow to 2024-04-26T14:03:17.218460+00:00, run_after=2024-04-27T14:03:17.218460+00:00
[2024-04-27T14:03:17.246+0000] {processor.py:179} INFO - Processing /home/airflow/.local/lib/python3.8/site-packages/airflow/example_dags/example_setup_teardown_taskflow.py took 0.438 seconds
[2024-04-27T14:03:47.322+0000] {processor.py:157} INFO - Started process (PID=122) to work on /home/airflow/.local/lib/python3.8/site-packages/airflow/example_dags/example_setup_teardown_taskflow.py
[2024-04-27T14:03:47.323+0000] {processor.py:829} INFO - Processing file /home/airflow/.local/lib/python3.8/site-packages/airflow/example_dags/example_setup_teardown_taskflow.py for tasks to queue
[2024-04-27T14:03:47.326+0000] {logging_mixin.py:151} INFO - [2024-04-27T14:03:47.325+0000] {dagbag.py:539} INFO - Filling up the DagBag from /home/airflow/.local/lib/python3.8/site-packages/airflow/example_dags/example_setup_teardown_taskflow.py
[2024-04-27T14:03:47.357+0000] {processor.py:839} INFO - DAG(s) dict_keys(['example_setup_teardown_taskflow']) retrieved from /home/airflow/.local/lib/python3.8/site-packages/airflow/example_dags/example_setup_teardown_taskflow.py
[2024-04-27T14:03:47.400+0000] {logging_mixin.py:151} INFO - [2024-04-27T14:03:47.400+0000] {dag.py:2907} INFO - Sync 1 DAGs
[2024-04-27T14:03:47.444+0000] {logging_mixin.py:151} INFO - [2024-04-27T14:03:47.443+0000] {dag.py:3677} INFO - Setting next_dagrun for example_setup_teardown_taskflow to 2024-04-26T14:03:47.443413+00:00, run_after=2024-04-27T14:03:47.443413+00:00
[2024-04-27T14:03:47.476+0000] {processor.py:179} INFO - Processing /home/airflow/.local/lib/python3.8/site-packages/airflow/example_dags/example_setup_teardown_taskflow.py took 0.160 seconds
[2024-04-27T14:04:18.110+0000] {processor.py:157} INFO - Started process (PID=185) to work on /home/airflow/.local/lib/python3.8/site-packages/airflow/example_dags/example_setup_teardown_taskflow.py
[2024-04-27T14:04:18.111+0000] {processor.py:829} INFO - Processing file /home/airflow/.local/lib/python3.8/site-packages/airflow/example_dags/example_setup_teardown_taskflow.py for tasks to queue
[2024-04-27T14:04:18.114+0000] {logging_mixin.py:151} INFO - [2024-04-27T14:04:18.114+0000] {dagbag.py:539} INFO - Filling up the DagBag from /home/airflow/.local/lib/python3.8/site-packages/airflow/example_dags/example_setup_teardown_taskflow.py
[2024-04-27T14:04:18.133+0000] {processor.py:839} INFO - DAG(s) dict_keys(['example_setup_teardown_taskflow']) retrieved from /home/airflow/.local/lib/python3.8/site-packages/airflow/example_dags/example_setup_teardown_taskflow.py
[2024-04-27T14:04:18.171+0000] {logging_mixin.py:151} INFO - [2024-04-27T14:04:18.170+0000] {dag.py:2907} INFO - Sync 1 DAGs
[2024-04-27T14:04:18.201+0000] {logging_mixin.py:151} INFO - [2024-04-27T14:04:18.200+0000] {dag.py:3677} INFO - Setting next_dagrun for example_setup_teardown_taskflow to 2024-04-26T14:04:18.200590+00:00, run_after=2024-04-27T14:04:18.200590+00:00
[2024-04-27T14:04:18.226+0000] {processor.py:179} INFO - Processing /home/airflow/.local/lib/python3.8/site-packages/airflow/example_dags/example_setup_teardown_taskflow.py took 0.122 seconds
[2024-04-27T14:04:48.685+0000] {processor.py:157} INFO - Started process (PID=255) to work on /home/airflow/.local/lib/python3.8/site-packages/airflow/example_dags/example_setup_teardown_taskflow.py
[2024-04-27T14:04:48.686+0000] {processor.py:829} INFO - Processing file /home/airflow/.local/lib/python3.8/site-packages/airflow/example_dags/example_setup_teardown_taskflow.py for tasks to queue
[2024-04-27T14:04:48.689+0000] {logging_mixin.py:151} INFO - [2024-04-27T14:04:48.689+0000] {dagbag.py:539} INFO - Filling up the DagBag from /home/airflow/.local/lib/python3.8/site-packages/airflow/example_dags/example_setup_teardown_taskflow.py
[2024-04-27T14:04:48.705+0000] {processor.py:839} INFO - DAG(s) dict_keys(['example_setup_teardown_taskflow']) retrieved from /home/airflow/.local/lib/python3.8/site-packages/airflow/example_dags/example_setup_teardown_taskflow.py
[2024-04-27T14:04:48.741+0000] {logging_mixin.py:151} INFO - [2024-04-27T14:04:48.741+0000] {dag.py:2907} INFO - Sync 1 DAGs
[2024-04-27T14:04:48.780+0000] {logging_mixin.py:151} INFO - [2024-04-27T14:04:48.780+0000] {dag.py:3677} INFO - Setting next_dagrun for example_setup_teardown_taskflow to 2024-04-26T14:04:48.779966+00:00, run_after=2024-04-27T14:04:48.779966+00:00
[2024-04-27T14:04:48.810+0000] {processor.py:179} INFO - Processing /home/airflow/.local/lib/python3.8/site-packages/airflow/example_dags/example_setup_teardown_taskflow.py took 0.130 seconds
[2024-04-27T14:05:18.943+0000] {processor.py:157} INFO - Started process (PID=320) to work on /home/airflow/.local/lib/python3.8/site-packages/airflow/example_dags/example_setup_teardown_taskflow.py
[2024-04-27T14:05:18.944+0000] {processor.py:829} INFO - Processing file /home/airflow/.local/lib/python3.8/site-packages/airflow/example_dags/example_setup_teardown_taskflow.py for tasks to queue
[2024-04-27T14:05:18.946+0000] {logging_mixin.py:151} INFO - [2024-04-27T14:05:18.946+0000] {dagbag.py:539} INFO - Filling up the DagBag from /home/airflow/.local/lib/python3.8/site-packages/airflow/example_dags/example_setup_teardown_taskflow.py
[2024-04-27T14:05:18.958+0000] {processor.py:839} INFO - DAG(s) dict_keys(['example_setup_teardown_taskflow']) retrieved from /home/airflow/.local/lib/python3.8/site-packages/airflow/example_dags/example_setup_teardown_taskflow.py
[2024-04-27T14:05:18.990+0000] {logging_mixin.py:151} INFO - [2024-04-27T14:05:18.990+0000] {dag.py:2907} INFO - Sync 1 DAGs
[2024-04-27T14:05:19.022+0000] {logging_mixin.py:151} INFO - [2024-04-27T14:05:19.022+0000] {dag.py:3677} INFO - Setting next_dagrun for example_setup_teardown_taskflow to 2024-04-26T14:05:19.021819+00:00, run_after=2024-04-27T14:05:19.021819+00:00
[2024-04-27T14:05:19.045+0000] {processor.py:179} INFO - Processing /home/airflow/.local/lib/python3.8/site-packages/airflow/example_dags/example_setup_teardown_taskflow.py took 0.106 seconds
[2024-04-27T14:05:49.108+0000] {processor.py:157} INFO - Started process (PID=384) to work on /home/airflow/.local/lib/python3.8/site-packages/airflow/example_dags/example_setup_teardown_taskflow.py
[2024-04-27T14:05:49.109+0000] {processor.py:829} INFO - Processing file /home/airflow/.local/lib/python3.8/site-packages/airflow/example_dags/example_setup_teardown_taskflow.py for tasks to queue
[2024-04-27T14:05:49.112+0000] {logging_mixin.py:151} INFO - [2024-04-27T14:05:49.111+0000] {dagbag.py:539} INFO - Filling up the DagBag from /home/airflow/.local/lib/python3.8/site-packages/airflow/example_dags/example_setup_teardown_taskflow.py
[2024-04-27T14:05:49.124+0000] {processor.py:839} INFO - DAG(s) dict_keys(['example_setup_teardown_taskflow']) retrieved from /home/airflow/.local/lib/python3.8/site-packages/airflow/example_dags/example_setup_teardown_taskflow.py
[2024-04-27T14:05:49.152+0000] {logging_mixin.py:151} INFO - [2024-04-27T14:05:49.152+0000] {dag.py:2907} INFO - Sync 1 DAGs
[2024-04-27T14:05:49.180+0000] {logging_mixin.py:151} INFO - [2024-04-27T14:05:49.180+0000] {dag.py:3677} INFO - Setting next_dagrun for example_setup_teardown_taskflow to 2024-04-26T14:05:49.180428+00:00, run_after=2024-04-27T14:05:49.180428+00:00
[2024-04-27T14:05:49.202+0000] {processor.py:179} INFO - Processing /home/airflow/.local/lib/python3.8/site-packages/airflow/example_dags/example_setup_teardown_taskflow.py took 0.098 seconds
[2024-04-27T14:06:19.327+0000] {processor.py:157} INFO - Started process (PID=446) to work on /home/airflow/.local/lib/python3.8/site-packages/airflow/example_dags/example_setup_teardown_taskflow.py
[2024-04-27T14:06:19.329+0000] {processor.py:829} INFO - Processing file /home/airflow/.local/lib/python3.8/site-packages/airflow/example_dags/example_setup_teardown_taskflow.py for tasks to queue
[2024-04-27T14:06:19.332+0000] {logging_mixin.py:151} INFO - [2024-04-27T14:06:19.332+0000] {dagbag.py:539} INFO - Filling up the DagBag from /home/airflow/.local/lib/python3.8/site-packages/airflow/example_dags/example_setup_teardown_taskflow.py
[2024-04-27T14:06:19.350+0000] {processor.py:839} INFO - DAG(s) dict_keys(['example_setup_teardown_taskflow']) retrieved from /home/airflow/.local/lib/python3.8/site-packages/airflow/example_dags/example_setup_teardown_taskflow.py
[2024-04-27T14:06:19.388+0000] {logging_mixin.py:151} INFO - [2024-04-27T14:06:19.387+0000] {dag.py:2907} INFO - Sync 1 DAGs
[2024-04-27T14:06:19.428+0000] {logging_mixin.py:151} INFO - [2024-04-27T14:06:19.427+0000] {dag.py:3677} INFO - Setting next_dagrun for example_setup_teardown_taskflow to 2024-04-26T14:06:19.427180+00:00, run_after=2024-04-27T14:06:19.427180+00:00
[2024-04-27T14:06:19.457+0000] {processor.py:179} INFO - Processing /home/airflow/.local/lib/python3.8/site-packages/airflow/example_dags/example_setup_teardown_taskflow.py took 0.134 seconds
[2024-04-27T14:06:49.911+0000] {processor.py:157} INFO - Started process (PID=518) to work on /home/airflow/.local/lib/python3.8/site-packages/airflow/example_dags/example_setup_teardown_taskflow.py
[2024-04-27T14:06:49.913+0000] {processor.py:829} INFO - Processing file /home/airflow/.local/lib/python3.8/site-packages/airflow/example_dags/example_setup_teardown_taskflow.py for tasks to queue
[2024-04-27T14:06:49.916+0000] {logging_mixin.py:151} INFO - [2024-04-27T14:06:49.915+0000] {dagbag.py:539} INFO - Filling up the DagBag from /home/airflow/.local/lib/python3.8/site-packages/airflow/example_dags/example_setup_teardown_taskflow.py
[2024-04-27T14:06:49.939+0000] {processor.py:839} INFO - DAG(s) dict_keys(['example_setup_teardown_taskflow']) retrieved from /home/airflow/.local/lib/python3.8/site-packages/airflow/example_dags/example_setup_teardown_taskflow.py
[2024-04-27T14:06:49.977+0000] {logging_mixin.py:151} INFO - [2024-04-27T14:06:49.977+0000] {dag.py:2907} INFO - Sync 1 DAGs
[2024-04-27T14:06:50.018+0000] {logging_mixin.py:151} INFO - [2024-04-27T14:06:50.017+0000] {dag.py:3677} INFO - Setting next_dagrun for example_setup_teardown_taskflow to 2024-04-26T14:06:50.017375+00:00, run_after=2024-04-27T14:06:50.017375+00:00
[2024-04-27T14:06:50.047+0000] {processor.py:179} INFO - Processing /home/airflow/.local/lib/python3.8/site-packages/airflow/example_dags/example_setup_teardown_taskflow.py took 0.142 seconds
[2024-04-27T14:07:20.935+0000] {processor.py:157} INFO - Started process (PID=583) to work on /home/airflow/.local/lib/python3.8/site-packages/airflow/example_dags/example_setup_teardown_taskflow.py
[2024-04-27T14:07:20.936+0000] {processor.py:829} INFO - Processing file /home/airflow/.local/lib/python3.8/site-packages/airflow/example_dags/example_setup_teardown_taskflow.py for tasks to queue
[2024-04-27T14:07:20.939+0000] {logging_mixin.py:151} INFO - [2024-04-27T14:07:20.938+0000] {dagbag.py:539} INFO - Filling up the DagBag from /home/airflow/.local/lib/python3.8/site-packages/airflow/example_dags/example_setup_teardown_taskflow.py
[2024-04-27T14:07:20.951+0000] {processor.py:839} INFO - DAG(s) dict_keys(['example_setup_teardown_taskflow']) retrieved from /home/airflow/.local/lib/python3.8/site-packages/airflow/example_dags/example_setup_teardown_taskflow.py
[2024-04-27T14:07:20.987+0000] {logging_mixin.py:151} INFO - [2024-04-27T14:07:20.987+0000] {dag.py:2907} INFO - Sync 1 DAGs
[2024-04-27T14:07:21.030+0000] {logging_mixin.py:151} INFO - [2024-04-27T14:07:21.030+0000] {dag.py:3677} INFO - Setting next_dagrun for example_setup_teardown_taskflow to 2024-04-26T14:07:21.030065+00:00, run_after=2024-04-27T14:07:21.030065+00:00
[2024-04-27T14:07:21.065+0000] {processor.py:179} INFO - Processing /home/airflow/.local/lib/python3.8/site-packages/airflow/example_dags/example_setup_teardown_taskflow.py took 0.134 seconds
[2024-04-27T14:07:51.474+0000] {processor.py:157} INFO - Started process (PID=647) to work on /home/airflow/.local/lib/python3.8/site-packages/airflow/example_dags/example_setup_teardown_taskflow.py
[2024-04-27T14:07:51.476+0000] {processor.py:829} INFO - Processing file /home/airflow/.local/lib/python3.8/site-packages/airflow/example_dags/example_setup_teardown_taskflow.py for tasks to queue
[2024-04-27T14:07:51.479+0000] {logging_mixin.py:151} INFO - [2024-04-27T14:07:51.479+0000] {dagbag.py:539} INFO - Filling up the DagBag from /home/airflow/.local/lib/python3.8/site-packages/airflow/example_dags/example_setup_teardown_taskflow.py
[2024-04-27T14:07:51.513+0000] {processor.py:839} INFO - DAG(s) dict_keys(['example_setup_teardown_taskflow']) retrieved from /home/airflow/.local/lib/python3.8/site-packages/airflow/example_dags/example_setup_teardown_taskflow.py
[2024-04-27T14:07:51.612+0000] {logging_mixin.py:151} INFO - [2024-04-27T14:07:51.612+0000] {dag.py:2907} INFO - Sync 1 DAGs
[2024-04-27T14:07:55.122+0000] {logging_mixin.py:151} INFO - [2024-04-27T14:07:55.122+0000] {process_utils.py:259} INFO - Waiting up to 5 seconds for processes to exit...
[2024-04-27T14:11:43.681+0000] {processor.py:157} INFO - Started process (PID=57) to work on /home/airflow/.local/lib/python3.8/site-packages/airflow/example_dags/example_setup_teardown_taskflow.py
[2024-04-27T14:11:43.688+0000] {processor.py:829} INFO - Processing file /home/airflow/.local/lib/python3.8/site-packages/airflow/example_dags/example_setup_teardown_taskflow.py for tasks to queue
[2024-04-27T14:11:43.697+0000] {logging_mixin.py:151} INFO - [2024-04-27T14:11:43.697+0000] {dagbag.py:539} INFO - Filling up the DagBag from /home/airflow/.local/lib/python3.8/site-packages/airflow/example_dags/example_setup_teardown_taskflow.py
[2024-04-27T14:11:43.737+0000] {processor.py:839} INFO - DAG(s) dict_keys(['example_setup_teardown_taskflow']) retrieved from /home/airflow/.local/lib/python3.8/site-packages/airflow/example_dags/example_setup_teardown_taskflow.py
[2024-04-27T14:11:43.780+0000] {logging_mixin.py:151} INFO - [2024-04-27T14:11:43.780+0000] {dag.py:2907} INFO - Sync 1 DAGs
[2024-04-27T14:11:44.000+0000] {logging_mixin.py:151} INFO - [2024-04-27T14:11:44.000+0000] {dag.py:3677} INFO - Setting next_dagrun for example_setup_teardown_taskflow to 2024-04-26T14:11:44.000172+00:00, run_after=2024-04-27T14:11:44.000172+00:00
[2024-04-27T14:11:44.055+0000] {processor.py:179} INFO - Processing /home/airflow/.local/lib/python3.8/site-packages/airflow/example_dags/example_setup_teardown_taskflow.py took 0.382 seconds
[2024-04-27T14:12:14.611+0000] {processor.py:157} INFO - Started process (PID=120) to work on /home/airflow/.local/lib/python3.8/site-packages/airflow/example_dags/example_setup_teardown_taskflow.py
[2024-04-27T14:12:14.612+0000] {processor.py:829} INFO - Processing file /home/airflow/.local/lib/python3.8/site-packages/airflow/example_dags/example_setup_teardown_taskflow.py for tasks to queue
[2024-04-27T14:12:14.615+0000] {logging_mixin.py:151} INFO - [2024-04-27T14:12:14.614+0000] {dagbag.py:539} INFO - Filling up the DagBag from /home/airflow/.local/lib/python3.8/site-packages/airflow/example_dags/example_setup_teardown_taskflow.py
[2024-04-27T14:12:14.633+0000] {processor.py:839} INFO - DAG(s) dict_keys(['example_setup_teardown_taskflow']) retrieved from /home/airflow/.local/lib/python3.8/site-packages/airflow/example_dags/example_setup_teardown_taskflow.py
[2024-04-27T14:12:14.679+0000] {logging_mixin.py:151} INFO - [2024-04-27T14:12:14.679+0000] {dag.py:2907} INFO - Sync 1 DAGs
[2024-04-27T14:12:14.722+0000] {logging_mixin.py:151} INFO - [2024-04-27T14:12:14.722+0000] {dag.py:3677} INFO - Setting next_dagrun for example_setup_teardown_taskflow to 2024-04-26T14:12:14.721927+00:00, run_after=2024-04-27T14:12:14.721927+00:00
[2024-04-27T14:12:14.764+0000] {processor.py:179} INFO - Processing /home/airflow/.local/lib/python3.8/site-packages/airflow/example_dags/example_setup_teardown_taskflow.py took 0.159 seconds
[2024-04-27T14:12:45.396+0000] {processor.py:157} INFO - Started process (PID=184) to work on /home/airflow/.local/lib/python3.8/site-packages/airflow/example_dags/example_setup_teardown_taskflow.py
[2024-04-27T14:12:45.397+0000] {processor.py:829} INFO - Processing file /home/airflow/.local/lib/python3.8/site-packages/airflow/example_dags/example_setup_teardown_taskflow.py for tasks to queue
[2024-04-27T14:12:45.401+0000] {logging_mixin.py:151} INFO - [2024-04-27T14:12:45.400+0000] {dagbag.py:539} INFO - Filling up the DagBag from /home/airflow/.local/lib/python3.8/site-packages/airflow/example_dags/example_setup_teardown_taskflow.py
[2024-04-27T14:12:45.415+0000] {processor.py:839} INFO - DAG(s) dict_keys(['example_setup_teardown_taskflow']) retrieved from /home/airflow/.local/lib/python3.8/site-packages/airflow/example_dags/example_setup_teardown_taskflow.py
[2024-04-27T14:12:45.452+0000] {logging_mixin.py:151} INFO - [2024-04-27T14:12:45.452+0000] {dag.py:2907} INFO - Sync 1 DAGs
[2024-04-27T14:12:45.492+0000] {logging_mixin.py:151} INFO - [2024-04-27T14:12:45.492+0000] {dag.py:3677} INFO - Setting next_dagrun for example_setup_teardown_taskflow to 2024-04-26T14:12:45.491569+00:00, run_after=2024-04-27T14:12:45.491569+00:00
[2024-04-27T14:12:45.522+0000] {processor.py:179} INFO - Processing /home/airflow/.local/lib/python3.8/site-packages/airflow/example_dags/example_setup_teardown_taskflow.py took 0.131 seconds
[2024-04-27T14:13:15.691+0000] {processor.py:157} INFO - Started process (PID=246) to work on /home/airflow/.local/lib/python3.8/site-packages/airflow/example_dags/example_setup_teardown_taskflow.py
[2024-04-27T14:13:15.692+0000] {processor.py:829} INFO - Processing file /home/airflow/.local/lib/python3.8/site-packages/airflow/example_dags/example_setup_teardown_taskflow.py for tasks to queue
[2024-04-27T14:13:15.696+0000] {logging_mixin.py:151} INFO - [2024-04-27T14:13:15.696+0000] {dagbag.py:539} INFO - Filling up the DagBag from /home/airflow/.local/lib/python3.8/site-packages/airflow/example_dags/example_setup_teardown_taskflow.py
[2024-04-27T14:13:15.718+0000] {processor.py:839} INFO - DAG(s) dict_keys(['example_setup_teardown_taskflow']) retrieved from /home/airflow/.local/lib/python3.8/site-packages/airflow/example_dags/example_setup_teardown_taskflow.py
[2024-04-27T14:13:15.760+0000] {logging_mixin.py:151} INFO - [2024-04-27T14:13:15.759+0000] {dag.py:2907} INFO - Sync 1 DAGs
[2024-04-27T14:13:15.799+0000] {logging_mixin.py:151} INFO - [2024-04-27T14:13:15.799+0000] {dag.py:3677} INFO - Setting next_dagrun for example_setup_teardown_taskflow to 2024-04-26T14:13:15.799191+00:00, run_after=2024-04-27T14:13:15.799191+00:00
[2024-04-27T14:13:15.835+0000] {processor.py:179} INFO - Processing /home/airflow/.local/lib/python3.8/site-packages/airflow/example_dags/example_setup_teardown_taskflow.py took 0.165 seconds
[2024-04-27T14:13:46.025+0000] {processor.py:157} INFO - Started process (PID=308) to work on /home/airflow/.local/lib/python3.8/site-packages/airflow/example_dags/example_setup_teardown_taskflow.py
[2024-04-27T14:13:46.026+0000] {processor.py:829} INFO - Processing file /home/airflow/.local/lib/python3.8/site-packages/airflow/example_dags/example_setup_teardown_taskflow.py for tasks to queue
[2024-04-27T14:13:46.028+0000] {logging_mixin.py:151} INFO - [2024-04-27T14:13:46.028+0000] {dagbag.py:539} INFO - Filling up the DagBag from /home/airflow/.local/lib/python3.8/site-packages/airflow/example_dags/example_setup_teardown_taskflow.py
[2024-04-27T14:13:46.041+0000] {processor.py:839} INFO - DAG(s) dict_keys(['example_setup_teardown_taskflow']) retrieved from /home/airflow/.local/lib/python3.8/site-packages/airflow/example_dags/example_setup_teardown_taskflow.py
[2024-04-27T14:13:46.073+0000] {logging_mixin.py:151} INFO - [2024-04-27T14:13:46.073+0000] {dag.py:2907} INFO - Sync 1 DAGs
[2024-04-27T14:13:46.114+0000] {logging_mixin.py:151} INFO - [2024-04-27T14:13:46.113+0000] {dag.py:3677} INFO - Setting next_dagrun for example_setup_teardown_taskflow to 2024-04-26T14:13:46.113140+00:00, run_after=2024-04-27T14:13:46.113140+00:00
[2024-04-27T14:13:46.146+0000] {processor.py:179} INFO - Processing /home/airflow/.local/lib/python3.8/site-packages/airflow/example_dags/example_setup_teardown_taskflow.py took 0.126 seconds
[2024-04-27T14:14:16.272+0000] {processor.py:157} INFO - Started process (PID=380) to work on /home/airflow/.local/lib/python3.8/site-packages/airflow/example_dags/example_setup_teardown_taskflow.py
[2024-04-27T14:14:16.273+0000] {processor.py:829} INFO - Processing file /home/airflow/.local/lib/python3.8/site-packages/airflow/example_dags/example_setup_teardown_taskflow.py for tasks to queue
[2024-04-27T14:14:16.277+0000] {logging_mixin.py:151} INFO - [2024-04-27T14:14:16.276+0000] {dagbag.py:539} INFO - Filling up the DagBag from /home/airflow/.local/lib/python3.8/site-packages/airflow/example_dags/example_setup_teardown_taskflow.py
[2024-04-27T14:14:16.294+0000] {processor.py:839} INFO - DAG(s) dict_keys(['example_setup_teardown_taskflow']) retrieved from /home/airflow/.local/lib/python3.8/site-packages/airflow/example_dags/example_setup_teardown_taskflow.py
[2024-04-27T14:14:16.331+0000] {logging_mixin.py:151} INFO - [2024-04-27T14:14:16.331+0000] {dag.py:2907} INFO - Sync 1 DAGs
[2024-04-27T14:14:16.363+0000] {logging_mixin.py:151} INFO - [2024-04-27T14:14:16.363+0000] {dag.py:3677} INFO - Setting next_dagrun for example_setup_teardown_taskflow to 2024-04-26T14:14:16.362918+00:00, run_after=2024-04-27T14:14:16.362918+00:00
[2024-04-27T14:14:16.391+0000] {processor.py:179} INFO - Processing /home/airflow/.local/lib/python3.8/site-packages/airflow/example_dags/example_setup_teardown_taskflow.py took 0.124 seconds
[2024-04-27T14:14:48.053+0000] {processor.py:157} INFO - Started process (PID=444) to work on /home/airflow/.local/lib/python3.8/site-packages/airflow/example_dags/example_setup_teardown_taskflow.py
[2024-04-27T14:14:48.055+0000] {processor.py:829} INFO - Processing file /home/airflow/.local/lib/python3.8/site-packages/airflow/example_dags/example_setup_teardown_taskflow.py for tasks to queue
[2024-04-27T14:14:48.058+0000] {logging_mixin.py:151} INFO - [2024-04-27T14:14:48.057+0000] {dagbag.py:539} INFO - Filling up the DagBag from /home/airflow/.local/lib/python3.8/site-packages/airflow/example_dags/example_setup_teardown_taskflow.py
[2024-04-27T14:14:48.076+0000] {processor.py:839} INFO - DAG(s) dict_keys(['example_setup_teardown_taskflow']) retrieved from /home/airflow/.local/lib/python3.8/site-packages/airflow/example_dags/example_setup_teardown_taskflow.py
[2024-04-27T14:14:48.115+0000] {logging_mixin.py:151} INFO - [2024-04-27T14:14:48.115+0000] {dag.py:2907} INFO - Sync 1 DAGs
[2024-04-27T14:14:48.163+0000] {logging_mixin.py:151} INFO - [2024-04-27T14:14:48.163+0000] {dag.py:3677} INFO - Setting next_dagrun for example_setup_teardown_taskflow to 2024-04-26T14:14:48.162742+00:00, run_after=2024-04-27T14:14:48.162742+00:00
[2024-04-27T14:14:48.198+0000] {processor.py:179} INFO - Processing /home/airflow/.local/lib/python3.8/site-packages/airflow/example_dags/example_setup_teardown_taskflow.py took 0.150 seconds
[2024-04-27T14:15:18.931+0000] {processor.py:157} INFO - Started process (PID=508) to work on /home/airflow/.local/lib/python3.8/site-packages/airflow/example_dags/example_setup_teardown_taskflow.py
[2024-04-27T14:15:18.932+0000] {processor.py:829} INFO - Processing file /home/airflow/.local/lib/python3.8/site-packages/airflow/example_dags/example_setup_teardown_taskflow.py for tasks to queue
[2024-04-27T14:15:18.934+0000] {logging_mixin.py:151} INFO - [2024-04-27T14:15:18.934+0000] {dagbag.py:539} INFO - Filling up the DagBag from /home/airflow/.local/lib/python3.8/site-packages/airflow/example_dags/example_setup_teardown_taskflow.py
[2024-04-27T14:15:18.948+0000] {processor.py:839} INFO - DAG(s) dict_keys(['example_setup_teardown_taskflow']) retrieved from /home/airflow/.local/lib/python3.8/site-packages/airflow/example_dags/example_setup_teardown_taskflow.py
[2024-04-27T14:15:18.983+0000] {logging_mixin.py:151} INFO - [2024-04-27T14:15:18.983+0000] {dag.py:2907} INFO - Sync 1 DAGs
[2024-04-27T14:15:19.012+0000] {logging_mixin.py:151} INFO - [2024-04-27T14:15:19.011+0000] {dag.py:3677} INFO - Setting next_dagrun for example_setup_teardown_taskflow to 2024-04-26T14:15:19.011513+00:00, run_after=2024-04-27T14:15:19.011513+00:00
[2024-04-27T14:15:19.035+0000] {processor.py:179} INFO - Processing /home/airflow/.local/lib/python3.8/site-packages/airflow/example_dags/example_setup_teardown_taskflow.py took 0.109 seconds
[2024-04-27T14:15:49.650+0000] {processor.py:157} INFO - Started process (PID=582) to work on /home/airflow/.local/lib/python3.8/site-packages/airflow/example_dags/example_setup_teardown_taskflow.py
[2024-04-27T14:15:49.651+0000] {processor.py:829} INFO - Processing file /home/airflow/.local/lib/python3.8/site-packages/airflow/example_dags/example_setup_teardown_taskflow.py for tasks to queue
[2024-04-27T14:15:49.654+0000] {logging_mixin.py:151} INFO - [2024-04-27T14:15:49.654+0000] {dagbag.py:539} INFO - Filling up the DagBag from /home/airflow/.local/lib/python3.8/site-packages/airflow/example_dags/example_setup_teardown_taskflow.py
[2024-04-27T14:15:49.672+0000] {processor.py:839} INFO - DAG(s) dict_keys(['example_setup_teardown_taskflow']) retrieved from /home/airflow/.local/lib/python3.8/site-packages/airflow/example_dags/example_setup_teardown_taskflow.py
[2024-04-27T14:15:49.703+0000] {logging_mixin.py:151} INFO - [2024-04-27T14:15:49.702+0000] {dag.py:2907} INFO - Sync 1 DAGs
[2024-04-27T14:15:49.733+0000] {logging_mixin.py:151} INFO - [2024-04-27T14:15:49.732+0000] {dag.py:3677} INFO - Setting next_dagrun for example_setup_teardown_taskflow to 2024-04-26T14:15:49.732586+00:00, run_after=2024-04-27T14:15:49.732586+00:00
[2024-04-27T14:15:49.756+0000] {processor.py:179} INFO - Processing /home/airflow/.local/lib/python3.8/site-packages/airflow/example_dags/example_setup_teardown_taskflow.py took 0.111 seconds
[2024-04-27T14:16:21.148+0000] {processor.py:157} INFO - Started process (PID=645) to work on /home/airflow/.local/lib/python3.8/site-packages/airflow/example_dags/example_setup_teardown_taskflow.py
[2024-04-27T14:16:21.149+0000] {processor.py:829} INFO - Processing file /home/airflow/.local/lib/python3.8/site-packages/airflow/example_dags/example_setup_teardown_taskflow.py for tasks to queue
[2024-04-27T14:16:21.152+0000] {logging_mixin.py:151} INFO - [2024-04-27T14:16:21.151+0000] {dagbag.py:539} INFO - Filling up the DagBag from /home/airflow/.local/lib/python3.8/site-packages/airflow/example_dags/example_setup_teardown_taskflow.py
[2024-04-27T14:16:21.164+0000] {processor.py:839} INFO - DAG(s) dict_keys(['example_setup_teardown_taskflow']) retrieved from /home/airflow/.local/lib/python3.8/site-packages/airflow/example_dags/example_setup_teardown_taskflow.py
[2024-04-27T14:16:21.193+0000] {logging_mixin.py:151} INFO - [2024-04-27T14:16:21.192+0000] {dag.py:2907} INFO - Sync 1 DAGs
[2024-04-27T14:16:21.221+0000] {logging_mixin.py:151} INFO - [2024-04-27T14:16:21.221+0000] {dag.py:3677} INFO - Setting next_dagrun for example_setup_teardown_taskflow to 2024-04-26T14:16:21.220669+00:00, run_after=2024-04-27T14:16:21.220669+00:00
[2024-04-27T14:16:21.249+0000] {processor.py:179} INFO - Processing /home/airflow/.local/lib/python3.8/site-packages/airflow/example_dags/example_setup_teardown_taskflow.py took 0.107 seconds
[2024-04-27T14:16:52.228+0000] {processor.py:157} INFO - Started process (PID=710) to work on /home/airflow/.local/lib/python3.8/site-packages/airflow/example_dags/example_setup_teardown_taskflow.py
[2024-04-27T14:16:52.232+0000] {processor.py:829} INFO - Processing file /home/airflow/.local/lib/python3.8/site-packages/airflow/example_dags/example_setup_teardown_taskflow.py for tasks to queue
[2024-04-27T14:16:52.236+0000] {logging_mixin.py:151} INFO - [2024-04-27T14:16:52.236+0000] {dagbag.py:539} INFO - Filling up the DagBag from /home/airflow/.local/lib/python3.8/site-packages/airflow/example_dags/example_setup_teardown_taskflow.py
[2024-04-27T14:16:52.263+0000] {processor.py:839} INFO - DAG(s) dict_keys(['example_setup_teardown_taskflow']) retrieved from /home/airflow/.local/lib/python3.8/site-packages/airflow/example_dags/example_setup_teardown_taskflow.py
[2024-04-27T14:16:52.303+0000] {logging_mixin.py:151} INFO - [2024-04-27T14:16:52.303+0000] {dag.py:2907} INFO - Sync 1 DAGs
[2024-04-27T14:16:52.341+0000] {logging_mixin.py:151} INFO - [2024-04-27T14:16:52.341+0000] {dag.py:3677} INFO - Setting next_dagrun for example_setup_teardown_taskflow to 2024-04-26T14:16:52.341115+00:00, run_after=2024-04-27T14:16:52.341115+00:00
[2024-04-27T14:16:52.370+0000] {processor.py:179} INFO - Processing /home/airflow/.local/lib/python3.8/site-packages/airflow/example_dags/example_setup_teardown_taskflow.py took 0.148 seconds
[2024-04-27T14:17:23.507+0000] {processor.py:157} INFO - Started process (PID=781) to work on /home/airflow/.local/lib/python3.8/site-packages/airflow/example_dags/example_setup_teardown_taskflow.py
[2024-04-27T14:17:23.508+0000] {processor.py:829} INFO - Processing file /home/airflow/.local/lib/python3.8/site-packages/airflow/example_dags/example_setup_teardown_taskflow.py for tasks to queue
[2024-04-27T14:17:23.511+0000] {logging_mixin.py:151} INFO - [2024-04-27T14:17:23.510+0000] {dagbag.py:539} INFO - Filling up the DagBag from /home/airflow/.local/lib/python3.8/site-packages/airflow/example_dags/example_setup_teardown_taskflow.py
[2024-04-27T14:17:23.527+0000] {processor.py:839} INFO - DAG(s) dict_keys(['example_setup_teardown_taskflow']) retrieved from /home/airflow/.local/lib/python3.8/site-packages/airflow/example_dags/example_setup_teardown_taskflow.py
[2024-04-27T14:17:23.564+0000] {logging_mixin.py:151} INFO - [2024-04-27T14:17:23.564+0000] {dag.py:2907} INFO - Sync 1 DAGs
[2024-04-27T14:17:23.600+0000] {logging_mixin.py:151} INFO - [2024-04-27T14:17:23.600+0000] {dag.py:3677} INFO - Setting next_dagrun for example_setup_teardown_taskflow to 2024-04-26T14:17:23.600182+00:00, run_after=2024-04-27T14:17:23.600182+00:00
[2024-04-27T14:17:23.629+0000] {processor.py:179} INFO - Processing /home/airflow/.local/lib/python3.8/site-packages/airflow/example_dags/example_setup_teardown_taskflow.py took 0.128 seconds
[2024-04-27T14:17:54.603+0000] {processor.py:157} INFO - Started process (PID=846) to work on /home/airflow/.local/lib/python3.8/site-packages/airflow/example_dags/example_setup_teardown_taskflow.py
[2024-04-27T14:17:54.604+0000] {processor.py:829} INFO - Processing file /home/airflow/.local/lib/python3.8/site-packages/airflow/example_dags/example_setup_teardown_taskflow.py for tasks to queue
[2024-04-27T14:17:54.608+0000] {logging_mixin.py:151} INFO - [2024-04-27T14:17:54.607+0000] {dagbag.py:539} INFO - Filling up the DagBag from /home/airflow/.local/lib/python3.8/site-packages/airflow/example_dags/example_setup_teardown_taskflow.py
[2024-04-27T14:17:54.626+0000] {processor.py:839} INFO - DAG(s) dict_keys(['example_setup_teardown_taskflow']) retrieved from /home/airflow/.local/lib/python3.8/site-packages/airflow/example_dags/example_setup_teardown_taskflow.py
[2024-04-27T14:17:54.668+0000] {logging_mixin.py:151} INFO - [2024-04-27T14:17:54.668+0000] {dag.py:2907} INFO - Sync 1 DAGs
[2024-04-27T14:17:54.712+0000] {logging_mixin.py:151} INFO - [2024-04-27T14:17:54.712+0000] {dag.py:3677} INFO - Setting next_dagrun for example_setup_teardown_taskflow to 2024-04-26T14:17:54.712091+00:00, run_after=2024-04-27T14:17:54.712091+00:00
[2024-04-27T14:17:54.746+0000] {processor.py:179} INFO - Processing /home/airflow/.local/lib/python3.8/site-packages/airflow/example_dags/example_setup_teardown_taskflow.py took 0.149 seconds
[2024-04-27T14:18:25.251+0000] {processor.py:157} INFO - Started process (PID=910) to work on /home/airflow/.local/lib/python3.8/site-packages/airflow/example_dags/example_setup_teardown_taskflow.py
[2024-04-27T14:18:25.252+0000] {processor.py:829} INFO - Processing file /home/airflow/.local/lib/python3.8/site-packages/airflow/example_dags/example_setup_teardown_taskflow.py for tasks to queue
[2024-04-27T14:18:25.255+0000] {logging_mixin.py:151} INFO - [2024-04-27T14:18:25.255+0000] {dagbag.py:539} INFO - Filling up the DagBag from /home/airflow/.local/lib/python3.8/site-packages/airflow/example_dags/example_setup_teardown_taskflow.py
[2024-04-27T14:18:25.273+0000] {processor.py:839} INFO - DAG(s) dict_keys(['example_setup_teardown_taskflow']) retrieved from /home/airflow/.local/lib/python3.8/site-packages/airflow/example_dags/example_setup_teardown_taskflow.py
[2024-04-27T14:18:25.312+0000] {logging_mixin.py:151} INFO - [2024-04-27T14:18:25.311+0000] {dag.py:2907} INFO - Sync 1 DAGs
[2024-04-27T14:18:25.344+0000] {logging_mixin.py:151} INFO - [2024-04-27T14:18:25.344+0000] {dag.py:3677} INFO - Setting next_dagrun for example_setup_teardown_taskflow to 2024-04-26T14:18:25.344282+00:00, run_after=2024-04-27T14:18:25.344282+00:00
[2024-04-27T14:18:25.367+0000] {processor.py:179} INFO - Processing /home/airflow/.local/lib/python3.8/site-packages/airflow/example_dags/example_setup_teardown_taskflow.py took 0.121 seconds
[2024-04-27T14:18:56.345+0000] {processor.py:157} INFO - Started process (PID=972) to work on /home/airflow/.local/lib/python3.8/site-packages/airflow/example_dags/example_setup_teardown_taskflow.py
[2024-04-27T14:18:56.346+0000] {processor.py:829} INFO - Processing file /home/airflow/.local/lib/python3.8/site-packages/airflow/example_dags/example_setup_teardown_taskflow.py for tasks to queue
[2024-04-27T14:18:56.349+0000] {logging_mixin.py:151} INFO - [2024-04-27T14:18:56.349+0000] {dagbag.py:539} INFO - Filling up the DagBag from /home/airflow/.local/lib/python3.8/site-packages/airflow/example_dags/example_setup_teardown_taskflow.py
[2024-04-27T14:18:56.368+0000] {processor.py:839} INFO - DAG(s) dict_keys(['example_setup_teardown_taskflow']) retrieved from /home/airflow/.local/lib/python3.8/site-packages/airflow/example_dags/example_setup_teardown_taskflow.py
[2024-04-27T14:18:56.398+0000] {logging_mixin.py:151} INFO - [2024-04-27T14:18:56.398+0000] {dag.py:2907} INFO - Sync 1 DAGs
[2024-04-27T14:18:56.427+0000] {logging_mixin.py:151} INFO - [2024-04-27T14:18:56.427+0000] {dag.py:3677} INFO - Setting next_dagrun for example_setup_teardown_taskflow to 2024-04-26T14:18:56.426742+00:00, run_after=2024-04-27T14:18:56.426742+00:00
[2024-04-27T14:18:56.449+0000] {processor.py:179} INFO - Processing /home/airflow/.local/lib/python3.8/site-packages/airflow/example_dags/example_setup_teardown_taskflow.py took 0.109 seconds
[2024-04-27T14:19:27.032+0000] {processor.py:157} INFO - Started process (PID=1043) to work on /home/airflow/.local/lib/python3.8/site-packages/airflow/example_dags/example_setup_teardown_taskflow.py
[2024-04-27T14:19:27.034+0000] {processor.py:829} INFO - Processing file /home/airflow/.local/lib/python3.8/site-packages/airflow/example_dags/example_setup_teardown_taskflow.py for tasks to queue
[2024-04-27T14:19:27.037+0000] {logging_mixin.py:151} INFO - [2024-04-27T14:19:27.037+0000] {dagbag.py:539} INFO - Filling up the DagBag from /home/airflow/.local/lib/python3.8/site-packages/airflow/example_dags/example_setup_teardown_taskflow.py
[2024-04-27T14:19:27.055+0000] {processor.py:839} INFO - DAG(s) dict_keys(['example_setup_teardown_taskflow']) retrieved from /home/airflow/.local/lib/python3.8/site-packages/airflow/example_dags/example_setup_teardown_taskflow.py
[2024-04-27T14:19:27.095+0000] {logging_mixin.py:151} INFO - [2024-04-27T14:19:27.095+0000] {dag.py:2907} INFO - Sync 1 DAGs
[2024-04-27T14:19:27.134+0000] {logging_mixin.py:151} INFO - [2024-04-27T14:19:27.134+0000] {dag.py:3677} INFO - Setting next_dagrun for example_setup_teardown_taskflow to 2024-04-26T14:19:27.134142+00:00, run_after=2024-04-27T14:19:27.134142+00:00
[2024-04-27T14:19:27.165+0000] {processor.py:179} INFO - Processing /home/airflow/.local/lib/python3.8/site-packages/airflow/example_dags/example_setup_teardown_taskflow.py took 0.138 seconds
[2024-04-27T14:19:57.974+0000] {processor.py:157} INFO - Started process (PID=1105) to work on /home/airflow/.local/lib/python3.8/site-packages/airflow/example_dags/example_setup_teardown_taskflow.py
[2024-04-27T14:19:57.976+0000] {processor.py:829} INFO - Processing file /home/airflow/.local/lib/python3.8/site-packages/airflow/example_dags/example_setup_teardown_taskflow.py for tasks to queue
[2024-04-27T14:19:57.979+0000] {logging_mixin.py:151} INFO - [2024-04-27T14:19:57.978+0000] {dagbag.py:539} INFO - Filling up the DagBag from /home/airflow/.local/lib/python3.8/site-packages/airflow/example_dags/example_setup_teardown_taskflow.py
[2024-04-27T14:19:57.995+0000] {processor.py:839} INFO - DAG(s) dict_keys(['example_setup_teardown_taskflow']) retrieved from /home/airflow/.local/lib/python3.8/site-packages/airflow/example_dags/example_setup_teardown_taskflow.py
[2024-04-27T14:19:58.033+0000] {logging_mixin.py:151} INFO - [2024-04-27T14:19:58.033+0000] {dag.py:2907} INFO - Sync 1 DAGs
[2024-04-27T14:19:58.119+0000] {logging_mixin.py:151} INFO - [2024-04-27T14:19:58.118+0000] {dag.py:3677} INFO - Setting next_dagrun for example_setup_teardown_taskflow to 2024-04-26T14:19:58.118553+00:00, run_after=2024-04-27T14:19:58.118553+00:00
[2024-04-27T14:19:58.151+0000] {processor.py:179} INFO - Processing /home/airflow/.local/lib/python3.8/site-packages/airflow/example_dags/example_setup_teardown_taskflow.py took 0.183 seconds
[2024-04-27T14:20:28.227+0000] {processor.py:157} INFO - Started process (PID=1168) to work on /home/airflow/.local/lib/python3.8/site-packages/airflow/example_dags/example_setup_teardown_taskflow.py
[2024-04-27T14:20:28.228+0000] {processor.py:829} INFO - Processing file /home/airflow/.local/lib/python3.8/site-packages/airflow/example_dags/example_setup_teardown_taskflow.py for tasks to queue
[2024-04-27T14:20:28.230+0000] {logging_mixin.py:151} INFO - [2024-04-27T14:20:28.230+0000] {dagbag.py:539} INFO - Filling up the DagBag from /home/airflow/.local/lib/python3.8/site-packages/airflow/example_dags/example_setup_teardown_taskflow.py
[2024-04-27T14:20:28.241+0000] {processor.py:839} INFO - DAG(s) dict_keys(['example_setup_teardown_taskflow']) retrieved from /home/airflow/.local/lib/python3.8/site-packages/airflow/example_dags/example_setup_teardown_taskflow.py
[2024-04-27T14:20:28.271+0000] {logging_mixin.py:151} INFO - [2024-04-27T14:20:28.271+0000] {dag.py:2907} INFO - Sync 1 DAGs
[2024-04-27T14:20:28.297+0000] {logging_mixin.py:151} INFO - [2024-04-27T14:20:28.297+0000] {dag.py:3677} INFO - Setting next_dagrun for example_setup_teardown_taskflow to 2024-04-26T14:20:28.297179+00:00, run_after=2024-04-27T14:20:28.297179+00:00
[2024-04-27T14:20:28.319+0000] {processor.py:179} INFO - Processing /home/airflow/.local/lib/python3.8/site-packages/airflow/example_dags/example_setup_teardown_taskflow.py took 0.096 seconds
[2024-04-27T14:20:58.465+0000] {processor.py:157} INFO - Started process (PID=1240) to work on /home/airflow/.local/lib/python3.8/site-packages/airflow/example_dags/example_setup_teardown_taskflow.py
[2024-04-27T14:20:58.466+0000] {processor.py:829} INFO - Processing file /home/airflow/.local/lib/python3.8/site-packages/airflow/example_dags/example_setup_teardown_taskflow.py for tasks to queue
[2024-04-27T14:20:58.469+0000] {logging_mixin.py:151} INFO - [2024-04-27T14:20:58.469+0000] {dagbag.py:539} INFO - Filling up the DagBag from /home/airflow/.local/lib/python3.8/site-packages/airflow/example_dags/example_setup_teardown_taskflow.py
[2024-04-27T14:20:58.492+0000] {processor.py:839} INFO - DAG(s) dict_keys(['example_setup_teardown_taskflow']) retrieved from /home/airflow/.local/lib/python3.8/site-packages/airflow/example_dags/example_setup_teardown_taskflow.py
[2024-04-27T14:20:58.520+0000] {logging_mixin.py:151} INFO - [2024-04-27T14:20:58.520+0000] {dag.py:2907} INFO - Sync 1 DAGs
[2024-04-27T14:20:58.547+0000] {logging_mixin.py:151} INFO - [2024-04-27T14:20:58.547+0000] {dag.py:3677} INFO - Setting next_dagrun for example_setup_teardown_taskflow to 2024-04-26T14:20:58.547002+00:00, run_after=2024-04-27T14:20:58.547002+00:00
[2024-04-27T14:20:58.570+0000] {processor.py:179} INFO - Processing /home/airflow/.local/lib/python3.8/site-packages/airflow/example_dags/example_setup_teardown_taskflow.py took 0.110 seconds
[2024-04-27T14:21:28.774+0000] {processor.py:157} INFO - Started process (PID=1304) to work on /home/airflow/.local/lib/python3.8/site-packages/airflow/example_dags/example_setup_teardown_taskflow.py
[2024-04-27T14:21:28.775+0000] {processor.py:829} INFO - Processing file /home/airflow/.local/lib/python3.8/site-packages/airflow/example_dags/example_setup_teardown_taskflow.py for tasks to queue
[2024-04-27T14:21:28.778+0000] {logging_mixin.py:151} INFO - [2024-04-27T14:21:28.778+0000] {dagbag.py:539} INFO - Filling up the DagBag from /home/airflow/.local/lib/python3.8/site-packages/airflow/example_dags/example_setup_teardown_taskflow.py
[2024-04-27T14:21:28.795+0000] {processor.py:839} INFO - DAG(s) dict_keys(['example_setup_teardown_taskflow']) retrieved from /home/airflow/.local/lib/python3.8/site-packages/airflow/example_dags/example_setup_teardown_taskflow.py
[2024-04-27T14:21:28.835+0000] {logging_mixin.py:151} INFO - [2024-04-27T14:21:28.834+0000] {dag.py:2907} INFO - Sync 1 DAGs
[2024-04-27T14:21:28.866+0000] {logging_mixin.py:151} INFO - [2024-04-27T14:21:28.865+0000] {dag.py:3677} INFO - Setting next_dagrun for example_setup_teardown_taskflow to 2024-04-26T14:21:28.865507+00:00, run_after=2024-04-27T14:21:28.865507+00:00
[2024-04-27T14:21:28.887+0000] {processor.py:179} INFO - Processing /home/airflow/.local/lib/python3.8/site-packages/airflow/example_dags/example_setup_teardown_taskflow.py took 0.119 seconds
[2024-04-27T14:21:58.970+0000] {processor.py:157} INFO - Started process (PID=1369) to work on /home/airflow/.local/lib/python3.8/site-packages/airflow/example_dags/example_setup_teardown_taskflow.py
[2024-04-27T14:21:58.971+0000] {processor.py:829} INFO - Processing file /home/airflow/.local/lib/python3.8/site-packages/airflow/example_dags/example_setup_teardown_taskflow.py for tasks to queue
[2024-04-27T14:21:58.974+0000] {logging_mixin.py:151} INFO - [2024-04-27T14:21:58.973+0000] {dagbag.py:539} INFO - Filling up the DagBag from /home/airflow/.local/lib/python3.8/site-packages/airflow/example_dags/example_setup_teardown_taskflow.py
[2024-04-27T14:21:58.985+0000] {processor.py:839} INFO - DAG(s) dict_keys(['example_setup_teardown_taskflow']) retrieved from /home/airflow/.local/lib/python3.8/site-packages/airflow/example_dags/example_setup_teardown_taskflow.py
[2024-04-27T14:21:59.018+0000] {logging_mixin.py:151} INFO - [2024-04-27T14:21:59.018+0000] {dag.py:2907} INFO - Sync 1 DAGs
[2024-04-27T14:21:59.053+0000] {logging_mixin.py:151} INFO - [2024-04-27T14:21:59.052+0000] {dag.py:3677} INFO - Setting next_dagrun for example_setup_teardown_taskflow to 2024-04-26T14:21:59.052501+00:00, run_after=2024-04-27T14:21:59.052501+00:00
[2024-04-27T14:21:59.081+0000] {processor.py:179} INFO - Processing /home/airflow/.local/lib/python3.8/site-packages/airflow/example_dags/example_setup_teardown_taskflow.py took 0.114 seconds
[2024-04-27T14:22:29.445+0000] {processor.py:157} INFO - Started process (PID=1442) to work on /home/airflow/.local/lib/python3.8/site-packages/airflow/example_dags/example_setup_teardown_taskflow.py
[2024-04-27T14:22:29.446+0000] {processor.py:829} INFO - Processing file /home/airflow/.local/lib/python3.8/site-packages/airflow/example_dags/example_setup_teardown_taskflow.py for tasks to queue
[2024-04-27T14:22:29.449+0000] {logging_mixin.py:151} INFO - [2024-04-27T14:22:29.449+0000] {dagbag.py:539} INFO - Filling up the DagBag from /home/airflow/.local/lib/python3.8/site-packages/airflow/example_dags/example_setup_teardown_taskflow.py
[2024-04-27T14:22:29.466+0000] {processor.py:839} INFO - DAG(s) dict_keys(['example_setup_teardown_taskflow']) retrieved from /home/airflow/.local/lib/python3.8/site-packages/airflow/example_dags/example_setup_teardown_taskflow.py
[2024-04-27T14:22:29.506+0000] {logging_mixin.py:151} INFO - [2024-04-27T14:22:29.506+0000] {dag.py:2907} INFO - Sync 1 DAGs
[2024-04-27T14:22:29.542+0000] {logging_mixin.py:151} INFO - [2024-04-27T14:22:29.541+0000] {dag.py:3677} INFO - Setting next_dagrun for example_setup_teardown_taskflow to 2024-04-26T14:22:29.541411+00:00, run_after=2024-04-27T14:22:29.541411+00:00
[2024-04-27T14:22:29.568+0000] {processor.py:179} INFO - Processing /home/airflow/.local/lib/python3.8/site-packages/airflow/example_dags/example_setup_teardown_taskflow.py took 0.128 seconds
[2024-04-27T14:22:59.807+0000] {processor.py:157} INFO - Started process (PID=1505) to work on /home/airflow/.local/lib/python3.8/site-packages/airflow/example_dags/example_setup_teardown_taskflow.py
[2024-04-27T14:22:59.808+0000] {processor.py:829} INFO - Processing file /home/airflow/.local/lib/python3.8/site-packages/airflow/example_dags/example_setup_teardown_taskflow.py for tasks to queue
[2024-04-27T14:22:59.812+0000] {logging_mixin.py:151} INFO - [2024-04-27T14:22:59.811+0000] {dagbag.py:539} INFO - Filling up the DagBag from /home/airflow/.local/lib/python3.8/site-packages/airflow/example_dags/example_setup_teardown_taskflow.py
[2024-04-27T14:22:59.828+0000] {processor.py:839} INFO - DAG(s) dict_keys(['example_setup_teardown_taskflow']) retrieved from /home/airflow/.local/lib/python3.8/site-packages/airflow/example_dags/example_setup_teardown_taskflow.py
[2024-04-27T14:22:59.862+0000] {logging_mixin.py:151} INFO - [2024-04-27T14:22:59.862+0000] {dag.py:2907} INFO - Sync 1 DAGs
[2024-04-27T14:22:59.890+0000] {logging_mixin.py:151} INFO - [2024-04-27T14:22:59.890+0000] {dag.py:3677} INFO - Setting next_dagrun for example_setup_teardown_taskflow to 2024-04-26T14:22:59.890529+00:00, run_after=2024-04-27T14:22:59.890529+00:00
[2024-04-27T14:22:59.912+0000] {processor.py:179} INFO - Processing /home/airflow/.local/lib/python3.8/site-packages/airflow/example_dags/example_setup_teardown_taskflow.py took 0.110 seconds
[2024-04-27T14:23:30.039+0000] {processor.py:157} INFO - Started process (PID=1576) to work on /home/airflow/.local/lib/python3.8/site-packages/airflow/example_dags/example_setup_teardown_taskflow.py
[2024-04-27T14:23:30.040+0000] {processor.py:829} INFO - Processing file /home/airflow/.local/lib/python3.8/site-packages/airflow/example_dags/example_setup_teardown_taskflow.py for tasks to queue
[2024-04-27T14:23:30.042+0000] {logging_mixin.py:151} INFO - [2024-04-27T14:23:30.042+0000] {dagbag.py:539} INFO - Filling up the DagBag from /home/airflow/.local/lib/python3.8/site-packages/airflow/example_dags/example_setup_teardown_taskflow.py
[2024-04-27T14:23:30.054+0000] {processor.py:839} INFO - DAG(s) dict_keys(['example_setup_teardown_taskflow']) retrieved from /home/airflow/.local/lib/python3.8/site-packages/airflow/example_dags/example_setup_teardown_taskflow.py
[2024-04-27T14:23:30.083+0000] {logging_mixin.py:151} INFO - [2024-04-27T14:23:30.082+0000] {dag.py:2907} INFO - Sync 1 DAGs
[2024-04-27T14:23:30.112+0000] {logging_mixin.py:151} INFO - [2024-04-27T14:23:30.111+0000] {dag.py:3677} INFO - Setting next_dagrun for example_setup_teardown_taskflow to 2024-04-26T14:23:30.111710+00:00, run_after=2024-04-27T14:23:30.111710+00:00
[2024-04-27T14:23:30.136+0000] {processor.py:179} INFO - Processing /home/airflow/.local/lib/python3.8/site-packages/airflow/example_dags/example_setup_teardown_taskflow.py took 0.102 seconds
[2024-04-27T14:24:00.864+0000] {processor.py:157} INFO - Started process (PID=1642) to work on /home/airflow/.local/lib/python3.8/site-packages/airflow/example_dags/example_setup_teardown_taskflow.py
[2024-04-27T14:24:00.865+0000] {processor.py:829} INFO - Processing file /home/airflow/.local/lib/python3.8/site-packages/airflow/example_dags/example_setup_teardown_taskflow.py for tasks to queue
[2024-04-27T14:24:00.868+0000] {logging_mixin.py:151} INFO - [2024-04-27T14:24:00.868+0000] {dagbag.py:539} INFO - Filling up the DagBag from /home/airflow/.local/lib/python3.8/site-packages/airflow/example_dags/example_setup_teardown_taskflow.py
[2024-04-27T14:24:00.886+0000] {processor.py:839} INFO - DAG(s) dict_keys(['example_setup_teardown_taskflow']) retrieved from /home/airflow/.local/lib/python3.8/site-packages/airflow/example_dags/example_setup_teardown_taskflow.py
[2024-04-27T14:24:00.916+0000] {logging_mixin.py:151} INFO - [2024-04-27T14:24:00.915+0000] {dag.py:2907} INFO - Sync 1 DAGs
[2024-04-27T14:24:00.943+0000] {logging_mixin.py:151} INFO - [2024-04-27T14:24:00.943+0000] {dag.py:3677} INFO - Setting next_dagrun for example_setup_teardown_taskflow to 2024-04-26T14:24:00.943095+00:00, run_after=2024-04-27T14:24:00.943095+00:00
[2024-04-27T14:24:00.965+0000] {processor.py:179} INFO - Processing /home/airflow/.local/lib/python3.8/site-packages/airflow/example_dags/example_setup_teardown_taskflow.py took 0.107 seconds
[2024-04-27T14:24:31.203+0000] {processor.py:157} INFO - Started process (PID=1706) to work on /home/airflow/.local/lib/python3.8/site-packages/airflow/example_dags/example_setup_teardown_taskflow.py
[2024-04-27T14:24:31.204+0000] {processor.py:829} INFO - Processing file /home/airflow/.local/lib/python3.8/site-packages/airflow/example_dags/example_setup_teardown_taskflow.py for tasks to queue
[2024-04-27T14:24:31.206+0000] {logging_mixin.py:151} INFO - [2024-04-27T14:24:31.206+0000] {dagbag.py:539} INFO - Filling up the DagBag from /home/airflow/.local/lib/python3.8/site-packages/airflow/example_dags/example_setup_teardown_taskflow.py
[2024-04-27T14:24:31.219+0000] {processor.py:839} INFO - DAG(s) dict_keys(['example_setup_teardown_taskflow']) retrieved from /home/airflow/.local/lib/python3.8/site-packages/airflow/example_dags/example_setup_teardown_taskflow.py
[2024-04-27T14:24:31.249+0000] {logging_mixin.py:151} INFO - [2024-04-27T14:24:31.249+0000] {dag.py:2907} INFO - Sync 1 DAGs
[2024-04-27T14:24:31.278+0000] {logging_mixin.py:151} INFO - [2024-04-27T14:24:31.278+0000] {dag.py:3677} INFO - Setting next_dagrun for example_setup_teardown_taskflow to 2024-04-26T14:24:31.278524+00:00, run_after=2024-04-27T14:24:31.278524+00:00
[2024-04-27T14:24:31.300+0000] {processor.py:179} INFO - Processing /home/airflow/.local/lib/python3.8/site-packages/airflow/example_dags/example_setup_teardown_taskflow.py took 0.101 seconds
[2024-04-27T14:25:02.068+0000] {processor.py:157} INFO - Started process (PID=1779) to work on /home/airflow/.local/lib/python3.8/site-packages/airflow/example_dags/example_setup_teardown_taskflow.py
[2024-04-27T14:25:02.074+0000] {processor.py:829} INFO - Processing file /home/airflow/.local/lib/python3.8/site-packages/airflow/example_dags/example_setup_teardown_taskflow.py for tasks to queue
[2024-04-27T14:25:02.078+0000] {logging_mixin.py:151} INFO - [2024-04-27T14:25:02.077+0000] {dagbag.py:539} INFO - Filling up the DagBag from /home/airflow/.local/lib/python3.8/site-packages/airflow/example_dags/example_setup_teardown_taskflow.py
[2024-04-27T14:25:02.096+0000] {processor.py:839} INFO - DAG(s) dict_keys(['example_setup_teardown_taskflow']) retrieved from /home/airflow/.local/lib/python3.8/site-packages/airflow/example_dags/example_setup_teardown_taskflow.py
[2024-04-27T14:25:02.160+0000] {logging_mixin.py:151} INFO - [2024-04-27T14:25:02.159+0000] {dag.py:2907} INFO - Sync 1 DAGs
[2024-04-27T14:25:02.201+0000] {logging_mixin.py:151} INFO - [2024-04-27T14:25:02.201+0000] {dag.py:3677} INFO - Setting next_dagrun for example_setup_teardown_taskflow to 2024-04-26T14:25:02.201108+00:00, run_after=2024-04-27T14:25:02.201108+00:00
[2024-04-27T14:25:02.237+0000] {processor.py:179} INFO - Processing /home/airflow/.local/lib/python3.8/site-packages/airflow/example_dags/example_setup_teardown_taskflow.py took 0.175 seconds
[2024-04-27T14:25:32.549+0000] {processor.py:157} INFO - Started process (PID=1844) to work on /home/airflow/.local/lib/python3.8/site-packages/airflow/example_dags/example_setup_teardown_taskflow.py
[2024-04-27T14:25:32.550+0000] {processor.py:829} INFO - Processing file /home/airflow/.local/lib/python3.8/site-packages/airflow/example_dags/example_setup_teardown_taskflow.py for tasks to queue
[2024-04-27T14:25:32.553+0000] {logging_mixin.py:151} INFO - [2024-04-27T14:25:32.553+0000] {dagbag.py:539} INFO - Filling up the DagBag from /home/airflow/.local/lib/python3.8/site-packages/airflow/example_dags/example_setup_teardown_taskflow.py
[2024-04-27T14:25:32.571+0000] {processor.py:839} INFO - DAG(s) dict_keys(['example_setup_teardown_taskflow']) retrieved from /home/airflow/.local/lib/python3.8/site-packages/airflow/example_dags/example_setup_teardown_taskflow.py
[2024-04-27T14:25:32.619+0000] {logging_mixin.py:151} INFO - [2024-04-27T14:25:32.619+0000] {dag.py:2907} INFO - Sync 1 DAGs
[2024-04-27T14:25:32.652+0000] {logging_mixin.py:151} INFO - [2024-04-27T14:25:32.651+0000] {dag.py:3677} INFO - Setting next_dagrun for example_setup_teardown_taskflow to 2024-04-26T14:25:32.651414+00:00, run_after=2024-04-27T14:25:32.651414+00:00
[2024-04-27T14:25:32.675+0000] {processor.py:179} INFO - Processing /home/airflow/.local/lib/python3.8/site-packages/airflow/example_dags/example_setup_teardown_taskflow.py took 0.133 seconds
