[2024-04-27T13:44:16.942+0000] {processor.py:153} INFO - Started process (PID=52) to work on /home/airflow/.local/lib/python3.7/site-packages/airflow/example_dags/example_local_kubernetes_executor.py
[2024-04-27T13:44:16.943+0000] {processor.py:743} INFO - Processing file /home/airflow/.local/lib/python3.7/site-packages/airflow/example_dags/example_local_kubernetes_executor.py for tasks to queue
[2024-04-27T13:44:16.944+0000] {logging_mixin.py:137} INFO - [2024-04-27T13:44:16.944+0000] {dagbag.py:538} INFO - Filling up the DagBag from /home/airflow/.local/lib/python3.7/site-packages/airflow/example_dags/example_local_kubernetes_executor.py
[2024-04-27T13:44:16.988+0000] {processor.py:753} INFO - DAG(s) dict_keys(['example_local_kubernetes_executor']) retrieved from /home/airflow/.local/lib/python3.7/site-packages/airflow/example_dags/example_local_kubernetes_executor.py
[2024-04-27T13:44:17.039+0000] {logging_mixin.py:137} INFO - [2024-04-27T13:44:17.039+0000] {dag.py:2690} INFO - Sync 1 DAGs
[2024-04-27T13:44:17.104+0000] {logging_mixin.py:137} INFO - [2024-04-27T13:44:17.103+0000] {dag.py:3441} INFO - Setting next_dagrun for example_local_kubernetes_executor to None, run_after=None
[2024-04-27T13:44:17.170+0000] {processor.py:175} INFO - Processing /home/airflow/.local/lib/python3.7/site-packages/airflow/example_dags/example_local_kubernetes_executor.py took 0.233 seconds
[2024-04-27T13:44:47.228+0000] {processor.py:153} INFO - Started process (PID=115) to work on /home/airflow/.local/lib/python3.7/site-packages/airflow/example_dags/example_local_kubernetes_executor.py
[2024-04-27T13:44:47.229+0000] {processor.py:743} INFO - Processing file /home/airflow/.local/lib/python3.7/site-packages/airflow/example_dags/example_local_kubernetes_executor.py for tasks to queue
[2024-04-27T13:44:47.230+0000] {logging_mixin.py:137} INFO - [2024-04-27T13:44:47.230+0000] {dagbag.py:538} INFO - Filling up the DagBag from /home/airflow/.local/lib/python3.7/site-packages/airflow/example_dags/example_local_kubernetes_executor.py
[2024-04-27T13:44:47.273+0000] {processor.py:753} INFO - DAG(s) dict_keys(['example_local_kubernetes_executor']) retrieved from /home/airflow/.local/lib/python3.7/site-packages/airflow/example_dags/example_local_kubernetes_executor.py
[2024-04-27T13:44:47.317+0000] {logging_mixin.py:137} INFO - [2024-04-27T13:44:47.317+0000] {dag.py:2690} INFO - Sync 1 DAGs
[2024-04-27T13:44:47.359+0000] {logging_mixin.py:137} INFO - [2024-04-27T13:44:47.359+0000] {dag.py:3441} INFO - Setting next_dagrun for example_local_kubernetes_executor to None, run_after=None
[2024-04-27T13:44:47.393+0000] {processor.py:175} INFO - Processing /home/airflow/.local/lib/python3.7/site-packages/airflow/example_dags/example_local_kubernetes_executor.py took 0.171 seconds
[2024-04-27T13:45:17.895+0000] {processor.py:153} INFO - Started process (PID=179) to work on /home/airflow/.local/lib/python3.7/site-packages/airflow/example_dags/example_local_kubernetes_executor.py
[2024-04-27T13:45:17.896+0000] {processor.py:743} INFO - Processing file /home/airflow/.local/lib/python3.7/site-packages/airflow/example_dags/example_local_kubernetes_executor.py for tasks to queue
[2024-04-27T13:45:17.896+0000] {logging_mixin.py:137} INFO - [2024-04-27T13:45:17.896+0000] {dagbag.py:538} INFO - Filling up the DagBag from /home/airflow/.local/lib/python3.7/site-packages/airflow/example_dags/example_local_kubernetes_executor.py
[2024-04-27T13:45:17.927+0000] {processor.py:753} INFO - DAG(s) dict_keys(['example_local_kubernetes_executor']) retrieved from /home/airflow/.local/lib/python3.7/site-packages/airflow/example_dags/example_local_kubernetes_executor.py
[2024-04-27T13:45:17.964+0000] {logging_mixin.py:137} INFO - [2024-04-27T13:45:17.963+0000] {dag.py:2690} INFO - Sync 1 DAGs
[2024-04-27T13:45:18.000+0000] {logging_mixin.py:137} INFO - [2024-04-27T13:45:18.000+0000] {dag.py:3441} INFO - Setting next_dagrun for example_local_kubernetes_executor to None, run_after=None
[2024-04-27T13:45:18.024+0000] {processor.py:175} INFO - Processing /home/airflow/.local/lib/python3.7/site-packages/airflow/example_dags/example_local_kubernetes_executor.py took 0.133 seconds
[2024-04-27T13:45:48.564+0000] {processor.py:153} INFO - Started process (PID=249) to work on /home/airflow/.local/lib/python3.7/site-packages/airflow/example_dags/example_local_kubernetes_executor.py
[2024-04-27T13:45:48.565+0000] {processor.py:743} INFO - Processing file /home/airflow/.local/lib/python3.7/site-packages/airflow/example_dags/example_local_kubernetes_executor.py for tasks to queue
[2024-04-27T13:45:48.566+0000] {logging_mixin.py:137} INFO - [2024-04-27T13:45:48.565+0000] {dagbag.py:538} INFO - Filling up the DagBag from /home/airflow/.local/lib/python3.7/site-packages/airflow/example_dags/example_local_kubernetes_executor.py
[2024-04-27T13:45:48.644+0000] {processor.py:753} INFO - DAG(s) dict_keys(['example_local_kubernetes_executor']) retrieved from /home/airflow/.local/lib/python3.7/site-packages/airflow/example_dags/example_local_kubernetes_executor.py
[2024-04-27T13:45:48.707+0000] {logging_mixin.py:137} INFO - [2024-04-27T13:45:48.707+0000] {dag.py:2690} INFO - Sync 1 DAGs
[2024-04-27T13:45:48.799+0000] {logging_mixin.py:137} INFO - [2024-04-27T13:45:48.799+0000] {dag.py:3441} INFO - Setting next_dagrun for example_local_kubernetes_executor to None, run_after=None
[2024-04-27T13:45:48.834+0000] {processor.py:175} INFO - Processing /home/airflow/.local/lib/python3.7/site-packages/airflow/example_dags/example_local_kubernetes_executor.py took 0.278 seconds
[2024-04-27T13:46:18.985+0000] {processor.py:153} INFO - Started process (PID=318) to work on /home/airflow/.local/lib/python3.7/site-packages/airflow/example_dags/example_local_kubernetes_executor.py
[2024-04-27T13:46:18.986+0000] {processor.py:743} INFO - Processing file /home/airflow/.local/lib/python3.7/site-packages/airflow/example_dags/example_local_kubernetes_executor.py for tasks to queue
[2024-04-27T13:46:18.987+0000] {logging_mixin.py:137} INFO - [2024-04-27T13:46:18.987+0000] {dagbag.py:538} INFO - Filling up the DagBag from /home/airflow/.local/lib/python3.7/site-packages/airflow/example_dags/example_local_kubernetes_executor.py
[2024-04-27T13:46:19.021+0000] {processor.py:753} INFO - DAG(s) dict_keys(['example_local_kubernetes_executor']) retrieved from /home/airflow/.local/lib/python3.7/site-packages/airflow/example_dags/example_local_kubernetes_executor.py
[2024-04-27T13:46:19.061+0000] {logging_mixin.py:137} INFO - [2024-04-27T13:46:19.061+0000] {dag.py:2690} INFO - Sync 1 DAGs
[2024-04-27T13:46:19.094+0000] {logging_mixin.py:137} INFO - [2024-04-27T13:46:19.093+0000] {dag.py:3441} INFO - Setting next_dagrun for example_local_kubernetes_executor to None, run_after=None
[2024-04-27T13:46:19.118+0000] {processor.py:175} INFO - Processing /home/airflow/.local/lib/python3.7/site-packages/airflow/example_dags/example_local_kubernetes_executor.py took 0.137 seconds
[2024-04-27T13:46:49.172+0000] {processor.py:153} INFO - Started process (PID=381) to work on /home/airflow/.local/lib/python3.7/site-packages/airflow/example_dags/example_local_kubernetes_executor.py
[2024-04-27T13:46:49.173+0000] {processor.py:743} INFO - Processing file /home/airflow/.local/lib/python3.7/site-packages/airflow/example_dags/example_local_kubernetes_executor.py for tasks to queue
[2024-04-27T13:46:49.174+0000] {logging_mixin.py:137} INFO - [2024-04-27T13:46:49.173+0000] {dagbag.py:538} INFO - Filling up the DagBag from /home/airflow/.local/lib/python3.7/site-packages/airflow/example_dags/example_local_kubernetes_executor.py
[2024-04-27T13:46:49.203+0000] {processor.py:753} INFO - DAG(s) dict_keys(['example_local_kubernetes_executor']) retrieved from /home/airflow/.local/lib/python3.7/site-packages/airflow/example_dags/example_local_kubernetes_executor.py
[2024-04-27T13:46:49.243+0000] {logging_mixin.py:137} INFO - [2024-04-27T13:46:49.243+0000] {dag.py:2690} INFO - Sync 1 DAGs
[2024-04-27T13:46:49.282+0000] {logging_mixin.py:137} INFO - [2024-04-27T13:46:49.282+0000] {dag.py:3441} INFO - Setting next_dagrun for example_local_kubernetes_executor to None, run_after=None
[2024-04-27T13:46:49.307+0000] {processor.py:175} INFO - Processing /home/airflow/.local/lib/python3.7/site-packages/airflow/example_dags/example_local_kubernetes_executor.py took 0.140 seconds
[2024-04-27T13:47:20.120+0000] {processor.py:153} INFO - Started process (PID=446) to work on /home/airflow/.local/lib/python3.7/site-packages/airflow/example_dags/example_local_kubernetes_executor.py
[2024-04-27T13:47:20.121+0000] {processor.py:743} INFO - Processing file /home/airflow/.local/lib/python3.7/site-packages/airflow/example_dags/example_local_kubernetes_executor.py for tasks to queue
[2024-04-27T13:47:20.122+0000] {logging_mixin.py:137} INFO - [2024-04-27T13:47:20.122+0000] {dagbag.py:538} INFO - Filling up the DagBag from /home/airflow/.local/lib/python3.7/site-packages/airflow/example_dags/example_local_kubernetes_executor.py
[2024-04-27T13:47:20.164+0000] {processor.py:753} INFO - DAG(s) dict_keys(['example_local_kubernetes_executor']) retrieved from /home/airflow/.local/lib/python3.7/site-packages/airflow/example_dags/example_local_kubernetes_executor.py
[2024-04-27T13:47:20.220+0000] {logging_mixin.py:137} INFO - [2024-04-27T13:47:20.220+0000] {dag.py:2690} INFO - Sync 1 DAGs
[2024-04-27T13:47:20.283+0000] {logging_mixin.py:137} INFO - [2024-04-27T13:47:20.283+0000] {dag.py:3441} INFO - Setting next_dagrun for example_local_kubernetes_executor to None, run_after=None
[2024-04-27T13:47:20.326+0000] {processor.py:175} INFO - Processing /home/airflow/.local/lib/python3.7/site-packages/airflow/example_dags/example_local_kubernetes_executor.py took 0.213 seconds
[2024-04-27T13:47:50.497+0000] {processor.py:153} INFO - Started process (PID=510) to work on /home/airflow/.local/lib/python3.7/site-packages/airflow/example_dags/example_local_kubernetes_executor.py
[2024-04-27T13:47:50.498+0000] {processor.py:743} INFO - Processing file /home/airflow/.local/lib/python3.7/site-packages/airflow/example_dags/example_local_kubernetes_executor.py for tasks to queue
[2024-04-27T13:47:50.499+0000] {logging_mixin.py:137} INFO - [2024-04-27T13:47:50.499+0000] {dagbag.py:538} INFO - Filling up the DagBag from /home/airflow/.local/lib/python3.7/site-packages/airflow/example_dags/example_local_kubernetes_executor.py
[2024-04-27T13:47:50.545+0000] {processor.py:753} INFO - DAG(s) dict_keys(['example_local_kubernetes_executor']) retrieved from /home/airflow/.local/lib/python3.7/site-packages/airflow/example_dags/example_local_kubernetes_executor.py
[2024-04-27T13:47:50.628+0000] {logging_mixin.py:137} INFO - [2024-04-27T13:47:50.628+0000] {dag.py:2690} INFO - Sync 1 DAGs
[2024-04-27T13:47:50.681+0000] {logging_mixin.py:137} INFO - [2024-04-27T13:47:50.681+0000] {dag.py:3441} INFO - Setting next_dagrun for example_local_kubernetes_executor to None, run_after=None
[2024-04-27T13:47:50.711+0000] {processor.py:175} INFO - Processing /home/airflow/.local/lib/python3.7/site-packages/airflow/example_dags/example_local_kubernetes_executor.py took 0.218 seconds
[2024-04-27T13:48:21.631+0000] {processor.py:153} INFO - Started process (PID=583) to work on /home/airflow/.local/lib/python3.7/site-packages/airflow/example_dags/example_local_kubernetes_executor.py
[2024-04-27T13:48:21.632+0000] {processor.py:743} INFO - Processing file /home/airflow/.local/lib/python3.7/site-packages/airflow/example_dags/example_local_kubernetes_executor.py for tasks to queue
[2024-04-27T13:48:21.633+0000] {logging_mixin.py:137} INFO - [2024-04-27T13:48:21.633+0000] {dagbag.py:538} INFO - Filling up the DagBag from /home/airflow/.local/lib/python3.7/site-packages/airflow/example_dags/example_local_kubernetes_executor.py
[2024-04-27T13:48:21.675+0000] {processor.py:753} INFO - DAG(s) dict_keys(['example_local_kubernetes_executor']) retrieved from /home/airflow/.local/lib/python3.7/site-packages/airflow/example_dags/example_local_kubernetes_executor.py
[2024-04-27T13:48:21.717+0000] {logging_mixin.py:137} INFO - [2024-04-27T13:48:21.716+0000] {dag.py:2690} INFO - Sync 1 DAGs
[2024-04-27T13:48:21.775+0000] {logging_mixin.py:137} INFO - [2024-04-27T13:48:21.775+0000] {dag.py:3441} INFO - Setting next_dagrun for example_local_kubernetes_executor to None, run_after=None
[2024-04-27T13:48:21.816+0000] {processor.py:175} INFO - Processing /home/airflow/.local/lib/python3.7/site-packages/airflow/example_dags/example_local_kubernetes_executor.py took 0.190 seconds
[2024-04-27T13:48:51.947+0000] {processor.py:153} INFO - Started process (PID=650) to work on /home/airflow/.local/lib/python3.7/site-packages/airflow/example_dags/example_local_kubernetes_executor.py
[2024-04-27T13:48:51.948+0000] {processor.py:743} INFO - Processing file /home/airflow/.local/lib/python3.7/site-packages/airflow/example_dags/example_local_kubernetes_executor.py for tasks to queue
[2024-04-27T13:48:51.949+0000] {logging_mixin.py:137} INFO - [2024-04-27T13:48:51.949+0000] {dagbag.py:538} INFO - Filling up the DagBag from /home/airflow/.local/lib/python3.7/site-packages/airflow/example_dags/example_local_kubernetes_executor.py
[2024-04-27T13:48:51.993+0000] {processor.py:753} INFO - DAG(s) dict_keys(['example_local_kubernetes_executor']) retrieved from /home/airflow/.local/lib/python3.7/site-packages/airflow/example_dags/example_local_kubernetes_executor.py
[2024-04-27T13:48:52.043+0000] {logging_mixin.py:137} INFO - [2024-04-27T13:48:52.042+0000] {dag.py:2690} INFO - Sync 1 DAGs
[2024-04-27T13:48:52.094+0000] {logging_mixin.py:137} INFO - [2024-04-27T13:48:52.094+0000] {dag.py:3441} INFO - Setting next_dagrun for example_local_kubernetes_executor to None, run_after=None
[2024-04-27T13:48:52.133+0000] {processor.py:175} INFO - Processing /home/airflow/.local/lib/python3.7/site-packages/airflow/example_dags/example_local_kubernetes_executor.py took 0.192 seconds
[2024-04-27T13:49:22.632+0000] {processor.py:153} INFO - Started process (PID=714) to work on /home/airflow/.local/lib/python3.7/site-packages/airflow/example_dags/example_local_kubernetes_executor.py
[2024-04-27T13:49:22.633+0000] {processor.py:743} INFO - Processing file /home/airflow/.local/lib/python3.7/site-packages/airflow/example_dags/example_local_kubernetes_executor.py for tasks to queue
[2024-04-27T13:49:22.634+0000] {logging_mixin.py:137} INFO - [2024-04-27T13:49:22.633+0000] {dagbag.py:538} INFO - Filling up the DagBag from /home/airflow/.local/lib/python3.7/site-packages/airflow/example_dags/example_local_kubernetes_executor.py
[2024-04-27T13:49:22.672+0000] {processor.py:753} INFO - DAG(s) dict_keys(['example_local_kubernetes_executor']) retrieved from /home/airflow/.local/lib/python3.7/site-packages/airflow/example_dags/example_local_kubernetes_executor.py
[2024-04-27T13:49:22.707+0000] {logging_mixin.py:137} INFO - [2024-04-27T13:49:22.707+0000] {dag.py:2690} INFO - Sync 1 DAGs
[2024-04-27T13:49:22.743+0000] {logging_mixin.py:137} INFO - [2024-04-27T13:49:22.743+0000] {dag.py:3441} INFO - Setting next_dagrun for example_local_kubernetes_executor to None, run_after=None
[2024-04-27T13:49:22.766+0000] {processor.py:175} INFO - Processing /home/airflow/.local/lib/python3.7/site-packages/airflow/example_dags/example_local_kubernetes_executor.py took 0.138 seconds
[2024-04-27T13:49:53.042+0000] {processor.py:153} INFO - Started process (PID=778) to work on /home/airflow/.local/lib/python3.7/site-packages/airflow/example_dags/example_local_kubernetes_executor.py
[2024-04-27T13:49:53.043+0000] {processor.py:743} INFO - Processing file /home/airflow/.local/lib/python3.7/site-packages/airflow/example_dags/example_local_kubernetes_executor.py for tasks to queue
[2024-04-27T13:49:53.044+0000] {logging_mixin.py:137} INFO - [2024-04-27T13:49:53.044+0000] {dagbag.py:538} INFO - Filling up the DagBag from /home/airflow/.local/lib/python3.7/site-packages/airflow/example_dags/example_local_kubernetes_executor.py
[2024-04-27T13:49:53.090+0000] {processor.py:753} INFO - DAG(s) dict_keys(['example_local_kubernetes_executor']) retrieved from /home/airflow/.local/lib/python3.7/site-packages/airflow/example_dags/example_local_kubernetes_executor.py
[2024-04-27T13:49:53.144+0000] {logging_mixin.py:137} INFO - [2024-04-27T13:49:53.143+0000] {dag.py:2690} INFO - Sync 1 DAGs
[2024-04-27T13:49:53.205+0000] {logging_mixin.py:137} INFO - [2024-04-27T13:49:53.205+0000] {dag.py:3441} INFO - Setting next_dagrun for example_local_kubernetes_executor to None, run_after=None
[2024-04-27T13:49:53.246+0000] {processor.py:175} INFO - Processing /home/airflow/.local/lib/python3.7/site-packages/airflow/example_dags/example_local_kubernetes_executor.py took 0.210 seconds
[2024-04-27T13:50:23.637+0000] {processor.py:153} INFO - Started process (PID=840) to work on /home/airflow/.local/lib/python3.7/site-packages/airflow/example_dags/example_local_kubernetes_executor.py
[2024-04-27T13:50:23.638+0000] {processor.py:743} INFO - Processing file /home/airflow/.local/lib/python3.7/site-packages/airflow/example_dags/example_local_kubernetes_executor.py for tasks to queue
[2024-04-27T13:50:23.639+0000] {logging_mixin.py:137} INFO - [2024-04-27T13:50:23.639+0000] {dagbag.py:538} INFO - Filling up the DagBag from /home/airflow/.local/lib/python3.7/site-packages/airflow/example_dags/example_local_kubernetes_executor.py
[2024-04-27T13:50:23.670+0000] {processor.py:753} INFO - DAG(s) dict_keys(['example_local_kubernetes_executor']) retrieved from /home/airflow/.local/lib/python3.7/site-packages/airflow/example_dags/example_local_kubernetes_executor.py
[2024-04-27T13:50:23.709+0000] {logging_mixin.py:137} INFO - [2024-04-27T13:50:23.708+0000] {dag.py:2690} INFO - Sync 1 DAGs
[2024-04-27T13:50:23.751+0000] {logging_mixin.py:137} INFO - [2024-04-27T13:50:23.751+0000] {dag.py:3441} INFO - Setting next_dagrun for example_local_kubernetes_executor to None, run_after=None
[2024-04-27T13:50:23.781+0000] {processor.py:175} INFO - Processing /home/airflow/.local/lib/python3.7/site-packages/airflow/example_dags/example_local_kubernetes_executor.py took 0.148 seconds
[2024-04-27T13:50:54.646+0000] {processor.py:153} INFO - Started process (PID=915) to work on /home/airflow/.local/lib/python3.7/site-packages/airflow/example_dags/example_local_kubernetes_executor.py
[2024-04-27T13:50:54.646+0000] {processor.py:743} INFO - Processing file /home/airflow/.local/lib/python3.7/site-packages/airflow/example_dags/example_local_kubernetes_executor.py for tasks to queue
[2024-04-27T13:50:54.647+0000] {logging_mixin.py:137} INFO - [2024-04-27T13:50:54.647+0000] {dagbag.py:538} INFO - Filling up the DagBag from /home/airflow/.local/lib/python3.7/site-packages/airflow/example_dags/example_local_kubernetes_executor.py
[2024-04-27T13:50:54.687+0000] {processor.py:753} INFO - DAG(s) dict_keys(['example_local_kubernetes_executor']) retrieved from /home/airflow/.local/lib/python3.7/site-packages/airflow/example_dags/example_local_kubernetes_executor.py
[2024-04-27T13:50:54.722+0000] {logging_mixin.py:137} INFO - [2024-04-27T13:50:54.722+0000] {dag.py:2690} INFO - Sync 1 DAGs
[2024-04-27T13:50:54.766+0000] {logging_mixin.py:137} INFO - [2024-04-27T13:50:54.765+0000] {dag.py:3441} INFO - Setting next_dagrun for example_local_kubernetes_executor to None, run_after=None
[2024-04-27T13:50:54.799+0000] {processor.py:175} INFO - Processing /home/airflow/.local/lib/python3.7/site-packages/airflow/example_dags/example_local_kubernetes_executor.py took 0.158 seconds
[2024-04-27T13:51:25.495+0000] {processor.py:153} INFO - Started process (PID=978) to work on /home/airflow/.local/lib/python3.7/site-packages/airflow/example_dags/example_local_kubernetes_executor.py
[2024-04-27T13:51:25.495+0000] {processor.py:743} INFO - Processing file /home/airflow/.local/lib/python3.7/site-packages/airflow/example_dags/example_local_kubernetes_executor.py for tasks to queue
[2024-04-27T13:51:25.496+0000] {logging_mixin.py:137} INFO - [2024-04-27T13:51:25.496+0000] {dagbag.py:538} INFO - Filling up the DagBag from /home/airflow/.local/lib/python3.7/site-packages/airflow/example_dags/example_local_kubernetes_executor.py
[2024-04-27T13:51:25.527+0000] {processor.py:753} INFO - DAG(s) dict_keys(['example_local_kubernetes_executor']) retrieved from /home/airflow/.local/lib/python3.7/site-packages/airflow/example_dags/example_local_kubernetes_executor.py
[2024-04-27T13:51:25.563+0000] {logging_mixin.py:137} INFO - [2024-04-27T13:51:25.563+0000] {dag.py:2690} INFO - Sync 1 DAGs
[2024-04-27T13:51:25.598+0000] {logging_mixin.py:137} INFO - [2024-04-27T13:51:25.598+0000] {dag.py:3441} INFO - Setting next_dagrun for example_local_kubernetes_executor to None, run_after=None
[2024-04-27T13:51:25.621+0000] {processor.py:175} INFO - Processing /home/airflow/.local/lib/python3.7/site-packages/airflow/example_dags/example_local_kubernetes_executor.py took 0.131 seconds
[2024-04-27T13:51:56.569+0000] {processor.py:153} INFO - Started process (PID=1040) to work on /home/airflow/.local/lib/python3.7/site-packages/airflow/example_dags/example_local_kubernetes_executor.py
[2024-04-27T13:51:56.570+0000] {processor.py:743} INFO - Processing file /home/airflow/.local/lib/python3.7/site-packages/airflow/example_dags/example_local_kubernetes_executor.py for tasks to queue
[2024-04-27T13:51:56.571+0000] {logging_mixin.py:137} INFO - [2024-04-27T13:51:56.571+0000] {dagbag.py:538} INFO - Filling up the DagBag from /home/airflow/.local/lib/python3.7/site-packages/airflow/example_dags/example_local_kubernetes_executor.py
[2024-04-27T13:51:56.611+0000] {processor.py:753} INFO - DAG(s) dict_keys(['example_local_kubernetes_executor']) retrieved from /home/airflow/.local/lib/python3.7/site-packages/airflow/example_dags/example_local_kubernetes_executor.py
[2024-04-27T13:51:56.647+0000] {logging_mixin.py:137} INFO - [2024-04-27T13:51:56.647+0000] {dag.py:2690} INFO - Sync 1 DAGs
[2024-04-27T13:51:56.683+0000] {logging_mixin.py:137} INFO - [2024-04-27T13:51:56.683+0000] {dag.py:3441} INFO - Setting next_dagrun for example_local_kubernetes_executor to None, run_after=None
[2024-04-27T13:51:56.715+0000] {processor.py:175} INFO - Processing /home/airflow/.local/lib/python3.7/site-packages/airflow/example_dags/example_local_kubernetes_executor.py took 0.151 seconds
[2024-04-27T13:52:27.636+0000] {processor.py:153} INFO - Started process (PID=1113) to work on /home/airflow/.local/lib/python3.7/site-packages/airflow/example_dags/example_local_kubernetes_executor.py
[2024-04-27T13:52:27.637+0000] {processor.py:743} INFO - Processing file /home/airflow/.local/lib/python3.7/site-packages/airflow/example_dags/example_local_kubernetes_executor.py for tasks to queue
[2024-04-27T13:52:27.638+0000] {logging_mixin.py:137} INFO - [2024-04-27T13:52:27.638+0000] {dagbag.py:538} INFO - Filling up the DagBag from /home/airflow/.local/lib/python3.7/site-packages/airflow/example_dags/example_local_kubernetes_executor.py
[2024-04-27T13:52:27.684+0000] {processor.py:753} INFO - DAG(s) dict_keys(['example_local_kubernetes_executor']) retrieved from /home/airflow/.local/lib/python3.7/site-packages/airflow/example_dags/example_local_kubernetes_executor.py
[2024-04-27T13:52:27.718+0000] {logging_mixin.py:137} INFO - [2024-04-27T13:52:27.718+0000] {dag.py:2690} INFO - Sync 1 DAGs
[2024-04-27T13:52:27.756+0000] {logging_mixin.py:137} INFO - [2024-04-27T13:52:27.756+0000] {dag.py:3441} INFO - Setting next_dagrun for example_local_kubernetes_executor to None, run_after=None
[2024-04-27T13:52:27.785+0000] {processor.py:175} INFO - Processing /home/airflow/.local/lib/python3.7/site-packages/airflow/example_dags/example_local_kubernetes_executor.py took 0.155 seconds
[2024-04-27T13:52:58.508+0000] {processor.py:153} INFO - Started process (PID=1180) to work on /home/airflow/.local/lib/python3.7/site-packages/airflow/example_dags/example_local_kubernetes_executor.py
[2024-04-27T13:52:58.509+0000] {processor.py:743} INFO - Processing file /home/airflow/.local/lib/python3.7/site-packages/airflow/example_dags/example_local_kubernetes_executor.py for tasks to queue
[2024-04-27T13:52:58.509+0000] {logging_mixin.py:137} INFO - [2024-04-27T13:52:58.509+0000] {dagbag.py:538} INFO - Filling up the DagBag from /home/airflow/.local/lib/python3.7/site-packages/airflow/example_dags/example_local_kubernetes_executor.py
[2024-04-27T13:52:58.540+0000] {processor.py:753} INFO - DAG(s) dict_keys(['example_local_kubernetes_executor']) retrieved from /home/airflow/.local/lib/python3.7/site-packages/airflow/example_dags/example_local_kubernetes_executor.py
[2024-04-27T13:52:58.576+0000] {logging_mixin.py:137} INFO - [2024-04-27T13:52:58.576+0000] {dag.py:2690} INFO - Sync 1 DAGs
[2024-04-27T13:52:58.608+0000] {logging_mixin.py:137} INFO - [2024-04-27T13:52:58.608+0000] {dag.py:3441} INFO - Setting next_dagrun for example_local_kubernetes_executor to None, run_after=None
[2024-04-27T13:52:58.633+0000] {processor.py:175} INFO - Processing /home/airflow/.local/lib/python3.7/site-packages/airflow/example_dags/example_local_kubernetes_executor.py took 0.129 seconds
[2024-04-27T13:53:29.318+0000] {processor.py:153} INFO - Started process (PID=1243) to work on /home/airflow/.local/lib/python3.7/site-packages/airflow/example_dags/example_local_kubernetes_executor.py
[2024-04-27T13:53:29.319+0000] {processor.py:743} INFO - Processing file /home/airflow/.local/lib/python3.7/site-packages/airflow/example_dags/example_local_kubernetes_executor.py for tasks to queue
[2024-04-27T13:53:29.320+0000] {logging_mixin.py:137} INFO - [2024-04-27T13:53:29.320+0000] {dagbag.py:538} INFO - Filling up the DagBag from /home/airflow/.local/lib/python3.7/site-packages/airflow/example_dags/example_local_kubernetes_executor.py
[2024-04-27T13:53:29.366+0000] {processor.py:753} INFO - DAG(s) dict_keys(['example_local_kubernetes_executor']) retrieved from /home/airflow/.local/lib/python3.7/site-packages/airflow/example_dags/example_local_kubernetes_executor.py
[2024-04-27T13:53:29.413+0000] {logging_mixin.py:137} INFO - [2024-04-27T13:53:29.413+0000] {dag.py:2690} INFO - Sync 1 DAGs
[2024-04-27T13:53:29.464+0000] {logging_mixin.py:137} INFO - [2024-04-27T13:53:29.464+0000] {dag.py:3441} INFO - Setting next_dagrun for example_local_kubernetes_executor to None, run_after=None
[2024-04-27T13:53:29.498+0000] {processor.py:175} INFO - Processing /home/airflow/.local/lib/python3.7/site-packages/airflow/example_dags/example_local_kubernetes_executor.py took 0.185 seconds
[2024-04-27T13:53:59.789+0000] {processor.py:153} INFO - Started process (PID=1307) to work on /home/airflow/.local/lib/python3.7/site-packages/airflow/example_dags/example_local_kubernetes_executor.py
[2024-04-27T13:53:59.793+0000] {processor.py:743} INFO - Processing file /home/airflow/.local/lib/python3.7/site-packages/airflow/example_dags/example_local_kubernetes_executor.py for tasks to queue
[2024-04-27T13:53:59.794+0000] {logging_mixin.py:137} INFO - [2024-04-27T13:53:59.794+0000] {dagbag.py:538} INFO - Filling up the DagBag from /home/airflow/.local/lib/python3.7/site-packages/airflow/example_dags/example_local_kubernetes_executor.py
[2024-04-27T13:53:59.881+0000] {processor.py:753} INFO - DAG(s) dict_keys(['example_local_kubernetes_executor']) retrieved from /home/airflow/.local/lib/python3.7/site-packages/airflow/example_dags/example_local_kubernetes_executor.py
[2024-04-27T13:53:59.921+0000] {logging_mixin.py:137} INFO - [2024-04-27T13:53:59.921+0000] {dag.py:2690} INFO - Sync 1 DAGs
[2024-04-27T13:53:59.956+0000] {logging_mixin.py:137} INFO - [2024-04-27T13:53:59.955+0000] {dag.py:3441} INFO - Setting next_dagrun for example_local_kubernetes_executor to None, run_after=None
[2024-04-27T13:53:59.988+0000] {processor.py:175} INFO - Processing /home/airflow/.local/lib/python3.7/site-packages/airflow/example_dags/example_local_kubernetes_executor.py took 0.204 seconds
[2024-04-27T14:03:12.408+0000] {processor.py:157} INFO - Started process (PID=52) to work on /home/airflow/.local/lib/python3.8/site-packages/airflow/example_dags/example_local_kubernetes_executor.py
[2024-04-27T14:03:12.427+0000] {processor.py:829} INFO - Processing file /home/airflow/.local/lib/python3.8/site-packages/airflow/example_dags/example_local_kubernetes_executor.py for tasks to queue
[2024-04-27T14:03:12.457+0000] {logging_mixin.py:151} INFO - [2024-04-27T14:03:12.456+0000] {dagbag.py:539} INFO - Filling up the DagBag from /home/airflow/.local/lib/python3.8/site-packages/airflow/example_dags/example_local_kubernetes_executor.py
[2024-04-27T14:03:14.053+0000] {processor.py:839} INFO - DAG(s) dict_keys(['example_local_kubernetes_executor']) retrieved from /home/airflow/.local/lib/python3.8/site-packages/airflow/example_dags/example_local_kubernetes_executor.py
[2024-04-27T14:03:14.618+0000] {logging_mixin.py:151} INFO - [2024-04-27T14:03:14.618+0000] {manager.py:501} INFO - Created Permission View: can read on DAG:example_local_kubernetes_executor
[2024-04-27T14:03:14.650+0000] {logging_mixin.py:151} INFO - [2024-04-27T14:03:14.649+0000] {manager.py:501} INFO - Created Permission View: can edit on DAG:example_local_kubernetes_executor
[2024-04-27T14:03:14.670+0000] {logging_mixin.py:151} INFO - [2024-04-27T14:03:14.670+0000] {manager.py:501} INFO - Created Permission View: can delete on DAG:example_local_kubernetes_executor
[2024-04-27T14:03:14.715+0000] {logging_mixin.py:151} INFO - [2024-04-27T14:03:14.714+0000] {dag.py:2907} INFO - Sync 1 DAGs
[2024-04-27T14:03:14.759+0000] {logging_mixin.py:151} INFO - [2024-04-27T14:03:14.758+0000] {dag.py:2929} INFO - Creating ORM DAG for example_local_kubernetes_executor
[2024-04-27T14:03:14.759+0000] {logging_mixin.py:151} INFO - [2024-04-27T14:03:14.759+0000] {dag.py:3677} INFO - Setting next_dagrun for example_local_kubernetes_executor to None, run_after=None
[2024-04-27T14:03:14.812+0000] {processor.py:179} INFO - Processing /home/airflow/.local/lib/python3.8/site-packages/airflow/example_dags/example_local_kubernetes_executor.py took 2.430 seconds
[2024-04-27T14:03:45.102+0000] {processor.py:157} INFO - Started process (PID=115) to work on /home/airflow/.local/lib/python3.8/site-packages/airflow/example_dags/example_local_kubernetes_executor.py
[2024-04-27T14:03:45.104+0000] {processor.py:829} INFO - Processing file /home/airflow/.local/lib/python3.8/site-packages/airflow/example_dags/example_local_kubernetes_executor.py for tasks to queue
[2024-04-27T14:03:45.108+0000] {logging_mixin.py:151} INFO - [2024-04-27T14:03:45.107+0000] {dagbag.py:539} INFO - Filling up the DagBag from /home/airflow/.local/lib/python3.8/site-packages/airflow/example_dags/example_local_kubernetes_executor.py
[2024-04-27T14:03:45.651+0000] {processor.py:839} INFO - DAG(s) dict_keys(['example_local_kubernetes_executor']) retrieved from /home/airflow/.local/lib/python3.8/site-packages/airflow/example_dags/example_local_kubernetes_executor.py
[2024-04-27T14:03:45.720+0000] {logging_mixin.py:151} INFO - [2024-04-27T14:03:45.719+0000] {dag.py:2907} INFO - Sync 1 DAGs
[2024-04-27T14:03:45.746+0000] {logging_mixin.py:151} INFO - [2024-04-27T14:03:45.746+0000] {dag.py:3677} INFO - Setting next_dagrun for example_local_kubernetes_executor to None, run_after=None
[2024-04-27T14:03:45.781+0000] {processor.py:179} INFO - Processing /home/airflow/.local/lib/python3.8/site-packages/airflow/example_dags/example_local_kubernetes_executor.py took 0.685 seconds
[2024-04-27T14:04:16.600+0000] {processor.py:157} INFO - Started process (PID=179) to work on /home/airflow/.local/lib/python3.8/site-packages/airflow/example_dags/example_local_kubernetes_executor.py
[2024-04-27T14:04:16.601+0000] {processor.py:829} INFO - Processing file /home/airflow/.local/lib/python3.8/site-packages/airflow/example_dags/example_local_kubernetes_executor.py for tasks to queue
[2024-04-27T14:04:16.603+0000] {logging_mixin.py:151} INFO - [2024-04-27T14:04:16.603+0000] {dagbag.py:539} INFO - Filling up the DagBag from /home/airflow/.local/lib/python3.8/site-packages/airflow/example_dags/example_local_kubernetes_executor.py
[2024-04-27T14:04:17.001+0000] {processor.py:839} INFO - DAG(s) dict_keys(['example_local_kubernetes_executor']) retrieved from /home/airflow/.local/lib/python3.8/site-packages/airflow/example_dags/example_local_kubernetes_executor.py
[2024-04-27T14:04:17.046+0000] {logging_mixin.py:151} INFO - [2024-04-27T14:04:17.045+0000] {dag.py:2907} INFO - Sync 1 DAGs
[2024-04-27T14:04:17.064+0000] {logging_mixin.py:151} INFO - [2024-04-27T14:04:17.063+0000] {dag.py:3677} INFO - Setting next_dagrun for example_local_kubernetes_executor to None, run_after=None
[2024-04-27T14:04:17.088+0000] {processor.py:179} INFO - Processing /home/airflow/.local/lib/python3.8/site-packages/airflow/example_dags/example_local_kubernetes_executor.py took 0.495 seconds
[2024-04-27T14:04:47.201+0000] {processor.py:157} INFO - Started process (PID=244) to work on /home/airflow/.local/lib/python3.8/site-packages/airflow/example_dags/example_local_kubernetes_executor.py
[2024-04-27T14:04:47.202+0000] {processor.py:829} INFO - Processing file /home/airflow/.local/lib/python3.8/site-packages/airflow/example_dags/example_local_kubernetes_executor.py for tasks to queue
[2024-04-27T14:04:47.204+0000] {logging_mixin.py:151} INFO - [2024-04-27T14:04:47.204+0000] {dagbag.py:539} INFO - Filling up the DagBag from /home/airflow/.local/lib/python3.8/site-packages/airflow/example_dags/example_local_kubernetes_executor.py
[2024-04-27T14:04:47.531+0000] {processor.py:839} INFO - DAG(s) dict_keys(['example_local_kubernetes_executor']) retrieved from /home/airflow/.local/lib/python3.8/site-packages/airflow/example_dags/example_local_kubernetes_executor.py
[2024-04-27T14:04:47.572+0000] {logging_mixin.py:151} INFO - [2024-04-27T14:04:47.571+0000] {dag.py:2907} INFO - Sync 1 DAGs
[2024-04-27T14:04:47.586+0000] {logging_mixin.py:151} INFO - [2024-04-27T14:04:47.586+0000] {dag.py:3677} INFO - Setting next_dagrun for example_local_kubernetes_executor to None, run_after=None
[2024-04-27T14:04:47.608+0000] {processor.py:179} INFO - Processing /home/airflow/.local/lib/python3.8/site-packages/airflow/example_dags/example_local_kubernetes_executor.py took 0.412 seconds
[2024-04-27T14:05:18.511+0000] {processor.py:157} INFO - Started process (PID=316) to work on /home/airflow/.local/lib/python3.8/site-packages/airflow/example_dags/example_local_kubernetes_executor.py
[2024-04-27T14:05:18.512+0000] {processor.py:829} INFO - Processing file /home/airflow/.local/lib/python3.8/site-packages/airflow/example_dags/example_local_kubernetes_executor.py for tasks to queue
[2024-04-27T14:05:18.515+0000] {logging_mixin.py:151} INFO - [2024-04-27T14:05:18.514+0000] {dagbag.py:539} INFO - Filling up the DagBag from /home/airflow/.local/lib/python3.8/site-packages/airflow/example_dags/example_local_kubernetes_executor.py
[2024-04-27T14:05:18.924+0000] {processor.py:839} INFO - DAG(s) dict_keys(['example_local_kubernetes_executor']) retrieved from /home/airflow/.local/lib/python3.8/site-packages/airflow/example_dags/example_local_kubernetes_executor.py
[2024-04-27T14:05:18.971+0000] {logging_mixin.py:151} INFO - [2024-04-27T14:05:18.970+0000] {dag.py:2907} INFO - Sync 1 DAGs
[2024-04-27T14:05:18.991+0000] {logging_mixin.py:151} INFO - [2024-04-27T14:05:18.991+0000] {dag.py:3677} INFO - Setting next_dagrun for example_local_kubernetes_executor to None, run_after=None
[2024-04-27T14:05:19.019+0000] {processor.py:179} INFO - Processing /home/airflow/.local/lib/python3.8/site-packages/airflow/example_dags/example_local_kubernetes_executor.py took 0.512 seconds
[2024-04-27T14:05:49.065+0000] {processor.py:157} INFO - Started process (PID=383) to work on /home/airflow/.local/lib/python3.8/site-packages/airflow/example_dags/example_local_kubernetes_executor.py
[2024-04-27T14:05:49.066+0000] {processor.py:829} INFO - Processing file /home/airflow/.local/lib/python3.8/site-packages/airflow/example_dags/example_local_kubernetes_executor.py for tasks to queue
[2024-04-27T14:05:49.069+0000] {logging_mixin.py:151} INFO - [2024-04-27T14:05:49.069+0000] {dagbag.py:539} INFO - Filling up the DagBag from /home/airflow/.local/lib/python3.8/site-packages/airflow/example_dags/example_local_kubernetes_executor.py
[2024-04-27T14:05:49.561+0000] {processor.py:839} INFO - DAG(s) dict_keys(['example_local_kubernetes_executor']) retrieved from /home/airflow/.local/lib/python3.8/site-packages/airflow/example_dags/example_local_kubernetes_executor.py
[2024-04-27T14:05:49.606+0000] {logging_mixin.py:151} INFO - [2024-04-27T14:05:49.606+0000] {dag.py:2907} INFO - Sync 1 DAGs
[2024-04-27T14:05:49.624+0000] {logging_mixin.py:151} INFO - [2024-04-27T14:05:49.624+0000] {dag.py:3677} INFO - Setting next_dagrun for example_local_kubernetes_executor to None, run_after=None
[2024-04-27T14:05:49.647+0000] {processor.py:179} INFO - Processing /home/airflow/.local/lib/python3.8/site-packages/airflow/example_dags/example_local_kubernetes_executor.py took 0.587 seconds
[2024-04-27T14:06:20.391+0000] {processor.py:157} INFO - Started process (PID=448) to work on /home/airflow/.local/lib/python3.8/site-packages/airflow/example_dags/example_local_kubernetes_executor.py
[2024-04-27T14:06:20.394+0000] {processor.py:829} INFO - Processing file /home/airflow/.local/lib/python3.8/site-packages/airflow/example_dags/example_local_kubernetes_executor.py for tasks to queue
[2024-04-27T14:06:20.401+0000] {logging_mixin.py:151} INFO - [2024-04-27T14:06:20.400+0000] {dagbag.py:539} INFO - Filling up the DagBag from /home/airflow/.local/lib/python3.8/site-packages/airflow/example_dags/example_local_kubernetes_executor.py
[2024-04-27T14:06:20.828+0000] {processor.py:839} INFO - DAG(s) dict_keys(['example_local_kubernetes_executor']) retrieved from /home/airflow/.local/lib/python3.8/site-packages/airflow/example_dags/example_local_kubernetes_executor.py
[2024-04-27T14:06:20.875+0000] {logging_mixin.py:151} INFO - [2024-04-27T14:06:20.874+0000] {dag.py:2907} INFO - Sync 1 DAGs
[2024-04-27T14:06:20.893+0000] {logging_mixin.py:151} INFO - [2024-04-27T14:06:20.893+0000] {dag.py:3677} INFO - Setting next_dagrun for example_local_kubernetes_executor to None, run_after=None
[2024-04-27T14:06:20.927+0000] {processor.py:179} INFO - Processing /home/airflow/.local/lib/python3.8/site-packages/airflow/example_dags/example_local_kubernetes_executor.py took 0.548 seconds
[2024-04-27T14:06:51.088+0000] {processor.py:157} INFO - Started process (PID=520) to work on /home/airflow/.local/lib/python3.8/site-packages/airflow/example_dags/example_local_kubernetes_executor.py
[2024-04-27T14:06:51.090+0000] {processor.py:829} INFO - Processing file /home/airflow/.local/lib/python3.8/site-packages/airflow/example_dags/example_local_kubernetes_executor.py for tasks to queue
[2024-04-27T14:06:51.094+0000] {logging_mixin.py:151} INFO - [2024-04-27T14:06:51.093+0000] {dagbag.py:539} INFO - Filling up the DagBag from /home/airflow/.local/lib/python3.8/site-packages/airflow/example_dags/example_local_kubernetes_executor.py
[2024-04-27T14:06:51.638+0000] {processor.py:839} INFO - DAG(s) dict_keys(['example_local_kubernetes_executor']) retrieved from /home/airflow/.local/lib/python3.8/site-packages/airflow/example_dags/example_local_kubernetes_executor.py
[2024-04-27T14:06:51.681+0000] {logging_mixin.py:151} INFO - [2024-04-27T14:06:51.680+0000] {dag.py:2907} INFO - Sync 1 DAGs
[2024-04-27T14:06:51.697+0000] {logging_mixin.py:151} INFO - [2024-04-27T14:06:51.697+0000] {dag.py:3677} INFO - Setting next_dagrun for example_local_kubernetes_executor to None, run_after=None
[2024-04-27T14:06:51.721+0000] {processor.py:179} INFO - Processing /home/airflow/.local/lib/python3.8/site-packages/airflow/example_dags/example_local_kubernetes_executor.py took 0.639 seconds
[2024-04-27T14:07:22.123+0000] {processor.py:157} INFO - Started process (PID=585) to work on /home/airflow/.local/lib/python3.8/site-packages/airflow/example_dags/example_local_kubernetes_executor.py
[2024-04-27T14:07:22.125+0000] {processor.py:829} INFO - Processing file /home/airflow/.local/lib/python3.8/site-packages/airflow/example_dags/example_local_kubernetes_executor.py for tasks to queue
[2024-04-27T14:07:22.128+0000] {logging_mixin.py:151} INFO - [2024-04-27T14:07:22.128+0000] {dagbag.py:539} INFO - Filling up the DagBag from /home/airflow/.local/lib/python3.8/site-packages/airflow/example_dags/example_local_kubernetes_executor.py
[2024-04-27T14:07:22.526+0000] {processor.py:839} INFO - DAG(s) dict_keys(['example_local_kubernetes_executor']) retrieved from /home/airflow/.local/lib/python3.8/site-packages/airflow/example_dags/example_local_kubernetes_executor.py
[2024-04-27T14:07:22.570+0000] {logging_mixin.py:151} INFO - [2024-04-27T14:07:22.569+0000] {dag.py:2907} INFO - Sync 1 DAGs
[2024-04-27T14:07:22.592+0000] {logging_mixin.py:151} INFO - [2024-04-27T14:07:22.592+0000] {dag.py:3677} INFO - Setting next_dagrun for example_local_kubernetes_executor to None, run_after=None
[2024-04-27T14:07:22.615+0000] {processor.py:179} INFO - Processing /home/airflow/.local/lib/python3.8/site-packages/airflow/example_dags/example_local_kubernetes_executor.py took 0.500 seconds
[2024-04-27T14:11:40.033+0000] {processor.py:157} INFO - Started process (PID=44) to work on /home/airflow/.local/lib/python3.8/site-packages/airflow/example_dags/example_local_kubernetes_executor.py
[2024-04-27T14:11:40.035+0000] {processor.py:829} INFO - Processing file /home/airflow/.local/lib/python3.8/site-packages/airflow/example_dags/example_local_kubernetes_executor.py for tasks to queue
[2024-04-27T14:11:40.039+0000] {logging_mixin.py:151} INFO - [2024-04-27T14:11:40.038+0000] {dagbag.py:539} INFO - Filling up the DagBag from /home/airflow/.local/lib/python3.8/site-packages/airflow/example_dags/example_local_kubernetes_executor.py
[2024-04-27T14:11:41.670+0000] {processor.py:839} INFO - DAG(s) dict_keys(['example_local_kubernetes_executor']) retrieved from /home/airflow/.local/lib/python3.8/site-packages/airflow/example_dags/example_local_kubernetes_executor.py
[2024-04-27T14:11:41.824+0000] {logging_mixin.py:151} INFO - [2024-04-27T14:11:41.820+0000] {dag.py:2907} INFO - Sync 1 DAGs
[2024-04-27T14:11:41.913+0000] {logging_mixin.py:151} INFO - [2024-04-27T14:11:41.912+0000] {dag.py:3677} INFO - Setting next_dagrun for example_local_kubernetes_executor to None, run_after=None
[2024-04-27T14:11:42.010+0000] {processor.py:179} INFO - Processing /home/airflow/.local/lib/python3.8/site-packages/airflow/example_dags/example_local_kubernetes_executor.py took 1.998 seconds
[2024-04-27T14:12:12.753+0000] {processor.py:157} INFO - Started process (PID=107) to work on /home/airflow/.local/lib/python3.8/site-packages/airflow/example_dags/example_local_kubernetes_executor.py
[2024-04-27T14:12:12.754+0000] {processor.py:829} INFO - Processing file /home/airflow/.local/lib/python3.8/site-packages/airflow/example_dags/example_local_kubernetes_executor.py for tasks to queue
[2024-04-27T14:12:12.756+0000] {logging_mixin.py:151} INFO - [2024-04-27T14:12:12.755+0000] {dagbag.py:539} INFO - Filling up the DagBag from /home/airflow/.local/lib/python3.8/site-packages/airflow/example_dags/example_local_kubernetes_executor.py
[2024-04-27T14:12:13.307+0000] {processor.py:839} INFO - DAG(s) dict_keys(['example_local_kubernetes_executor']) retrieved from /home/airflow/.local/lib/python3.8/site-packages/airflow/example_dags/example_local_kubernetes_executor.py
[2024-04-27T14:12:13.364+0000] {logging_mixin.py:151} INFO - [2024-04-27T14:12:13.363+0000] {dag.py:2907} INFO - Sync 1 DAGs
[2024-04-27T14:12:13.384+0000] {logging_mixin.py:151} INFO - [2024-04-27T14:12:13.384+0000] {dag.py:3677} INFO - Setting next_dagrun for example_local_kubernetes_executor to None, run_after=None
[2024-04-27T14:12:13.411+0000] {processor.py:179} INFO - Processing /home/airflow/.local/lib/python3.8/site-packages/airflow/example_dags/example_local_kubernetes_executor.py took 0.664 seconds
[2024-04-27T14:12:43.584+0000] {processor.py:157} INFO - Started process (PID=179) to work on /home/airflow/.local/lib/python3.8/site-packages/airflow/example_dags/example_local_kubernetes_executor.py
[2024-04-27T14:12:43.585+0000] {processor.py:829} INFO - Processing file /home/airflow/.local/lib/python3.8/site-packages/airflow/example_dags/example_local_kubernetes_executor.py for tasks to queue
[2024-04-27T14:12:43.589+0000] {logging_mixin.py:151} INFO - [2024-04-27T14:12:43.588+0000] {dagbag.py:539} INFO - Filling up the DagBag from /home/airflow/.local/lib/python3.8/site-packages/airflow/example_dags/example_local_kubernetes_executor.py
[2024-04-27T14:12:43.962+0000] {processor.py:839} INFO - DAG(s) dict_keys(['example_local_kubernetes_executor']) retrieved from /home/airflow/.local/lib/python3.8/site-packages/airflow/example_dags/example_local_kubernetes_executor.py
[2024-04-27T14:12:44.005+0000] {logging_mixin.py:151} INFO - [2024-04-27T14:12:44.004+0000] {dag.py:2907} INFO - Sync 1 DAGs
[2024-04-27T14:12:44.021+0000] {logging_mixin.py:151} INFO - [2024-04-27T14:12:44.021+0000] {dag.py:3677} INFO - Setting next_dagrun for example_local_kubernetes_executor to None, run_after=None
[2024-04-27T14:12:44.044+0000] {processor.py:179} INFO - Processing /home/airflow/.local/lib/python3.8/site-packages/airflow/example_dags/example_local_kubernetes_executor.py took 0.467 seconds
[2024-04-27T14:13:14.242+0000] {processor.py:157} INFO - Started process (PID=241) to work on /home/airflow/.local/lib/python3.8/site-packages/airflow/example_dags/example_local_kubernetes_executor.py
[2024-04-27T14:13:14.243+0000] {processor.py:829} INFO - Processing file /home/airflow/.local/lib/python3.8/site-packages/airflow/example_dags/example_local_kubernetes_executor.py for tasks to queue
[2024-04-27T14:13:14.246+0000] {logging_mixin.py:151} INFO - [2024-04-27T14:13:14.245+0000] {dagbag.py:539} INFO - Filling up the DagBag from /home/airflow/.local/lib/python3.8/site-packages/airflow/example_dags/example_local_kubernetes_executor.py
[2024-04-27T14:13:14.626+0000] {processor.py:839} INFO - DAG(s) dict_keys(['example_local_kubernetes_executor']) retrieved from /home/airflow/.local/lib/python3.8/site-packages/airflow/example_dags/example_local_kubernetes_executor.py
[2024-04-27T14:13:14.675+0000] {logging_mixin.py:151} INFO - [2024-04-27T14:13:14.675+0000] {dag.py:2907} INFO - Sync 1 DAGs
[2024-04-27T14:13:14.690+0000] {logging_mixin.py:151} INFO - [2024-04-27T14:13:14.689+0000] {dag.py:3677} INFO - Setting next_dagrun for example_local_kubernetes_executor to None, run_after=None
[2024-04-27T14:13:14.713+0000] {processor.py:179} INFO - Processing /home/airflow/.local/lib/python3.8/site-packages/airflow/example_dags/example_local_kubernetes_executor.py took 0.477 seconds
[2024-04-27T14:13:44.831+0000] {processor.py:157} INFO - Started process (PID=305) to work on /home/airflow/.local/lib/python3.8/site-packages/airflow/example_dags/example_local_kubernetes_executor.py
[2024-04-27T14:13:44.832+0000] {processor.py:829} INFO - Processing file /home/airflow/.local/lib/python3.8/site-packages/airflow/example_dags/example_local_kubernetes_executor.py for tasks to queue
[2024-04-27T14:13:44.834+0000] {logging_mixin.py:151} INFO - [2024-04-27T14:13:44.834+0000] {dagbag.py:539} INFO - Filling up the DagBag from /home/airflow/.local/lib/python3.8/site-packages/airflow/example_dags/example_local_kubernetes_executor.py
[2024-04-27T14:13:45.206+0000] {processor.py:839} INFO - DAG(s) dict_keys(['example_local_kubernetes_executor']) retrieved from /home/airflow/.local/lib/python3.8/site-packages/airflow/example_dags/example_local_kubernetes_executor.py
[2024-04-27T14:13:45.248+0000] {logging_mixin.py:151} INFO - [2024-04-27T14:13:45.247+0000] {dag.py:2907} INFO - Sync 1 DAGs
[2024-04-27T14:13:45.262+0000] {logging_mixin.py:151} INFO - [2024-04-27T14:13:45.262+0000] {dag.py:3677} INFO - Setting next_dagrun for example_local_kubernetes_executor to None, run_after=None
[2024-04-27T14:13:45.283+0000] {processor.py:179} INFO - Processing /home/airflow/.local/lib/python3.8/site-packages/airflow/example_dags/example_local_kubernetes_executor.py took 0.457 seconds
[2024-04-27T14:14:15.508+0000] {processor.py:157} INFO - Started process (PID=375) to work on /home/airflow/.local/lib/python3.8/site-packages/airflow/example_dags/example_local_kubernetes_executor.py
[2024-04-27T14:14:15.509+0000] {processor.py:829} INFO - Processing file /home/airflow/.local/lib/python3.8/site-packages/airflow/example_dags/example_local_kubernetes_executor.py for tasks to queue
[2024-04-27T14:14:15.512+0000] {logging_mixin.py:151} INFO - [2024-04-27T14:14:15.511+0000] {dagbag.py:539} INFO - Filling up the DagBag from /home/airflow/.local/lib/python3.8/site-packages/airflow/example_dags/example_local_kubernetes_executor.py
[2024-04-27T14:14:15.930+0000] {processor.py:839} INFO - DAG(s) dict_keys(['example_local_kubernetes_executor']) retrieved from /home/airflow/.local/lib/python3.8/site-packages/airflow/example_dags/example_local_kubernetes_executor.py
[2024-04-27T14:14:15.976+0000] {logging_mixin.py:151} INFO - [2024-04-27T14:14:15.975+0000] {dag.py:2907} INFO - Sync 1 DAGs
[2024-04-27T14:14:15.992+0000] {logging_mixin.py:151} INFO - [2024-04-27T14:14:15.992+0000] {dag.py:3677} INFO - Setting next_dagrun for example_local_kubernetes_executor to None, run_after=None
[2024-04-27T14:14:16.018+0000] {processor.py:179} INFO - Processing /home/airflow/.local/lib/python3.8/site-packages/airflow/example_dags/example_local_kubernetes_executor.py took 0.514 seconds
[2024-04-27T14:14:46.942+0000] {processor.py:157} INFO - Started process (PID=439) to work on /home/airflow/.local/lib/python3.8/site-packages/airflow/example_dags/example_local_kubernetes_executor.py
[2024-04-27T14:14:46.943+0000] {processor.py:829} INFO - Processing file /home/airflow/.local/lib/python3.8/site-packages/airflow/example_dags/example_local_kubernetes_executor.py for tasks to queue
[2024-04-27T14:14:46.946+0000] {logging_mixin.py:151} INFO - [2024-04-27T14:14:46.946+0000] {dagbag.py:539} INFO - Filling up the DagBag from /home/airflow/.local/lib/python3.8/site-packages/airflow/example_dags/example_local_kubernetes_executor.py
[2024-04-27T14:14:47.478+0000] {processor.py:839} INFO - DAG(s) dict_keys(['example_local_kubernetes_executor']) retrieved from /home/airflow/.local/lib/python3.8/site-packages/airflow/example_dags/example_local_kubernetes_executor.py
[2024-04-27T14:14:47.545+0000] {logging_mixin.py:151} INFO - [2024-04-27T14:14:47.544+0000] {dag.py:2907} INFO - Sync 1 DAGs
[2024-04-27T14:14:47.570+0000] {logging_mixin.py:151} INFO - [2024-04-27T14:14:47.569+0000] {dag.py:3677} INFO - Setting next_dagrun for example_local_kubernetes_executor to None, run_after=None
[2024-04-27T14:14:47.600+0000] {processor.py:179} INFO - Processing /home/airflow/.local/lib/python3.8/site-packages/airflow/example_dags/example_local_kubernetes_executor.py took 0.664 seconds
[2024-04-27T14:15:18.156+0000] {processor.py:157} INFO - Started process (PID=503) to work on /home/airflow/.local/lib/python3.8/site-packages/airflow/example_dags/example_local_kubernetes_executor.py
[2024-04-27T14:15:18.157+0000] {processor.py:829} INFO - Processing file /home/airflow/.local/lib/python3.8/site-packages/airflow/example_dags/example_local_kubernetes_executor.py for tasks to queue
[2024-04-27T14:15:18.159+0000] {logging_mixin.py:151} INFO - [2024-04-27T14:15:18.159+0000] {dagbag.py:539} INFO - Filling up the DagBag from /home/airflow/.local/lib/python3.8/site-packages/airflow/example_dags/example_local_kubernetes_executor.py
[2024-04-27T14:15:18.526+0000] {processor.py:839} INFO - DAG(s) dict_keys(['example_local_kubernetes_executor']) retrieved from /home/airflow/.local/lib/python3.8/site-packages/airflow/example_dags/example_local_kubernetes_executor.py
[2024-04-27T14:15:18.585+0000] {logging_mixin.py:151} INFO - [2024-04-27T14:15:18.584+0000] {dag.py:2907} INFO - Sync 1 DAGs
[2024-04-27T14:15:18.609+0000] {logging_mixin.py:151} INFO - [2024-04-27T14:15:18.609+0000] {dag.py:3677} INFO - Setting next_dagrun for example_local_kubernetes_executor to None, run_after=None
[2024-04-27T14:15:18.637+0000] {processor.py:179} INFO - Processing /home/airflow/.local/lib/python3.8/site-packages/airflow/example_dags/example_local_kubernetes_executor.py took 0.487 seconds
[2024-04-27T14:15:48.722+0000] {processor.py:157} INFO - Started process (PID=577) to work on /home/airflow/.local/lib/python3.8/site-packages/airflow/example_dags/example_local_kubernetes_executor.py
[2024-04-27T14:15:48.723+0000] {processor.py:829} INFO - Processing file /home/airflow/.local/lib/python3.8/site-packages/airflow/example_dags/example_local_kubernetes_executor.py for tasks to queue
[2024-04-27T14:15:48.726+0000] {logging_mixin.py:151} INFO - [2024-04-27T14:15:48.726+0000] {dagbag.py:539} INFO - Filling up the DagBag from /home/airflow/.local/lib/python3.8/site-packages/airflow/example_dags/example_local_kubernetes_executor.py
[2024-04-27T14:15:49.180+0000] {processor.py:839} INFO - DAG(s) dict_keys(['example_local_kubernetes_executor']) retrieved from /home/airflow/.local/lib/python3.8/site-packages/airflow/example_dags/example_local_kubernetes_executor.py
[2024-04-27T14:15:49.222+0000] {logging_mixin.py:151} INFO - [2024-04-27T14:15:49.221+0000] {dag.py:2907} INFO - Sync 1 DAGs
[2024-04-27T14:15:49.238+0000] {logging_mixin.py:151} INFO - [2024-04-27T14:15:49.237+0000] {dag.py:3677} INFO - Setting next_dagrun for example_local_kubernetes_executor to None, run_after=None
[2024-04-27T14:15:49.262+0000] {processor.py:179} INFO - Processing /home/airflow/.local/lib/python3.8/site-packages/airflow/example_dags/example_local_kubernetes_executor.py took 0.545 seconds
[2024-04-27T14:16:20.246+0000] {processor.py:157} INFO - Started process (PID=640) to work on /home/airflow/.local/lib/python3.8/site-packages/airflow/example_dags/example_local_kubernetes_executor.py
[2024-04-27T14:16:20.247+0000] {processor.py:829} INFO - Processing file /home/airflow/.local/lib/python3.8/site-packages/airflow/example_dags/example_local_kubernetes_executor.py for tasks to queue
[2024-04-27T14:16:20.250+0000] {logging_mixin.py:151} INFO - [2024-04-27T14:16:20.249+0000] {dagbag.py:539} INFO - Filling up the DagBag from /home/airflow/.local/lib/python3.8/site-packages/airflow/example_dags/example_local_kubernetes_executor.py
[2024-04-27T14:16:20.685+0000] {processor.py:839} INFO - DAG(s) dict_keys(['example_local_kubernetes_executor']) retrieved from /home/airflow/.local/lib/python3.8/site-packages/airflow/example_dags/example_local_kubernetes_executor.py
[2024-04-27T14:16:20.731+0000] {logging_mixin.py:151} INFO - [2024-04-27T14:16:20.730+0000] {dag.py:2907} INFO - Sync 1 DAGs
[2024-04-27T14:16:20.748+0000] {logging_mixin.py:151} INFO - [2024-04-27T14:16:20.747+0000] {dag.py:3677} INFO - Setting next_dagrun for example_local_kubernetes_executor to None, run_after=None
[2024-04-27T14:16:20.779+0000] {processor.py:179} INFO - Processing /home/airflow/.local/lib/python3.8/site-packages/airflow/example_dags/example_local_kubernetes_executor.py took 0.540 seconds
[2024-04-27T14:16:51.091+0000] {processor.py:157} INFO - Started process (PID=705) to work on /home/airflow/.local/lib/python3.8/site-packages/airflow/example_dags/example_local_kubernetes_executor.py
[2024-04-27T14:16:51.092+0000] {processor.py:829} INFO - Processing file /home/airflow/.local/lib/python3.8/site-packages/airflow/example_dags/example_local_kubernetes_executor.py for tasks to queue
[2024-04-27T14:16:51.095+0000] {logging_mixin.py:151} INFO - [2024-04-27T14:16:51.094+0000] {dagbag.py:539} INFO - Filling up the DagBag from /home/airflow/.local/lib/python3.8/site-packages/airflow/example_dags/example_local_kubernetes_executor.py
[2024-04-27T14:16:51.652+0000] {processor.py:839} INFO - DAG(s) dict_keys(['example_local_kubernetes_executor']) retrieved from /home/airflow/.local/lib/python3.8/site-packages/airflow/example_dags/example_local_kubernetes_executor.py
[2024-04-27T14:16:51.716+0000] {logging_mixin.py:151} INFO - [2024-04-27T14:16:51.715+0000] {dag.py:2907} INFO - Sync 1 DAGs
[2024-04-27T14:16:51.743+0000] {logging_mixin.py:151} INFO - [2024-04-27T14:16:51.742+0000] {dag.py:3677} INFO - Setting next_dagrun for example_local_kubernetes_executor to None, run_after=None
[2024-04-27T14:16:51.778+0000] {processor.py:179} INFO - Processing /home/airflow/.local/lib/python3.8/site-packages/airflow/example_dags/example_local_kubernetes_executor.py took 0.692 seconds
[2024-04-27T14:17:22.299+0000] {processor.py:157} INFO - Started process (PID=769) to work on /home/airflow/.local/lib/python3.8/site-packages/airflow/example_dags/example_local_kubernetes_executor.py
[2024-04-27T14:17:22.300+0000] {processor.py:829} INFO - Processing file /home/airflow/.local/lib/python3.8/site-packages/airflow/example_dags/example_local_kubernetes_executor.py for tasks to queue
[2024-04-27T14:17:22.304+0000] {logging_mixin.py:151} INFO - [2024-04-27T14:17:22.303+0000] {dagbag.py:539} INFO - Filling up the DagBag from /home/airflow/.local/lib/python3.8/site-packages/airflow/example_dags/example_local_kubernetes_executor.py
[2024-04-27T14:17:22.922+0000] {processor.py:839} INFO - DAG(s) dict_keys(['example_local_kubernetes_executor']) retrieved from /home/airflow/.local/lib/python3.8/site-packages/airflow/example_dags/example_local_kubernetes_executor.py
[2024-04-27T14:17:22.998+0000] {logging_mixin.py:151} INFO - [2024-04-27T14:17:22.997+0000] {dag.py:2907} INFO - Sync 1 DAGs
[2024-04-27T14:17:23.030+0000] {logging_mixin.py:151} INFO - [2024-04-27T14:17:23.030+0000] {dag.py:3677} INFO - Setting next_dagrun for example_local_kubernetes_executor to None, run_after=None
[2024-04-27T14:17:23.069+0000] {processor.py:179} INFO - Processing /home/airflow/.local/lib/python3.8/site-packages/airflow/example_dags/example_local_kubernetes_executor.py took 0.779 seconds
[2024-04-27T14:17:53.607+0000] {processor.py:157} INFO - Started process (PID=841) to work on /home/airflow/.local/lib/python3.8/site-packages/airflow/example_dags/example_local_kubernetes_executor.py
[2024-04-27T14:17:53.608+0000] {processor.py:829} INFO - Processing file /home/airflow/.local/lib/python3.8/site-packages/airflow/example_dags/example_local_kubernetes_executor.py for tasks to queue
[2024-04-27T14:17:53.611+0000] {logging_mixin.py:151} INFO - [2024-04-27T14:17:53.610+0000] {dagbag.py:539} INFO - Filling up the DagBag from /home/airflow/.local/lib/python3.8/site-packages/airflow/example_dags/example_local_kubernetes_executor.py
[2024-04-27T14:17:54.165+0000] {processor.py:839} INFO - DAG(s) dict_keys(['example_local_kubernetes_executor']) retrieved from /home/airflow/.local/lib/python3.8/site-packages/airflow/example_dags/example_local_kubernetes_executor.py
[2024-04-27T14:17:54.224+0000] {logging_mixin.py:151} INFO - [2024-04-27T14:17:54.223+0000] {dag.py:2907} INFO - Sync 1 DAGs
[2024-04-27T14:17:54.246+0000] {logging_mixin.py:151} INFO - [2024-04-27T14:17:54.246+0000] {dag.py:3677} INFO - Setting next_dagrun for example_local_kubernetes_executor to None, run_after=None
[2024-04-27T14:17:54.294+0000] {processor.py:179} INFO - Processing /home/airflow/.local/lib/python3.8/site-packages/airflow/example_dags/example_local_kubernetes_executor.py took 0.693 seconds
[2024-04-27T14:18:24.695+0000] {processor.py:157} INFO - Started process (PID=905) to work on /home/airflow/.local/lib/python3.8/site-packages/airflow/example_dags/example_local_kubernetes_executor.py
[2024-04-27T14:18:24.696+0000] {processor.py:829} INFO - Processing file /home/airflow/.local/lib/python3.8/site-packages/airflow/example_dags/example_local_kubernetes_executor.py for tasks to queue
[2024-04-27T14:18:24.699+0000] {logging_mixin.py:151} INFO - [2024-04-27T14:18:24.699+0000] {dagbag.py:539} INFO - Filling up the DagBag from /home/airflow/.local/lib/python3.8/site-packages/airflow/example_dags/example_local_kubernetes_executor.py
[2024-04-27T14:18:25.166+0000] {processor.py:839} INFO - DAG(s) dict_keys(['example_local_kubernetes_executor']) retrieved from /home/airflow/.local/lib/python3.8/site-packages/airflow/example_dags/example_local_kubernetes_executor.py
[2024-04-27T14:18:25.223+0000] {logging_mixin.py:151} INFO - [2024-04-27T14:18:25.222+0000] {dag.py:2907} INFO - Sync 1 DAGs
[2024-04-27T14:18:25.245+0000] {logging_mixin.py:151} INFO - [2024-04-27T14:18:25.244+0000] {dag.py:3677} INFO - Setting next_dagrun for example_local_kubernetes_executor to None, run_after=None
[2024-04-27T14:18:25.267+0000] {processor.py:179} INFO - Processing /home/airflow/.local/lib/python3.8/site-packages/airflow/example_dags/example_local_kubernetes_executor.py took 0.576 seconds
[2024-04-27T14:18:55.873+0000] {processor.py:157} INFO - Started process (PID=971) to work on /home/airflow/.local/lib/python3.8/site-packages/airflow/example_dags/example_local_kubernetes_executor.py
[2024-04-27T14:18:55.874+0000] {processor.py:829} INFO - Processing file /home/airflow/.local/lib/python3.8/site-packages/airflow/example_dags/example_local_kubernetes_executor.py for tasks to queue
[2024-04-27T14:18:55.876+0000] {logging_mixin.py:151} INFO - [2024-04-27T14:18:55.876+0000] {dagbag.py:539} INFO - Filling up the DagBag from /home/airflow/.local/lib/python3.8/site-packages/airflow/example_dags/example_local_kubernetes_executor.py
[2024-04-27T14:18:56.228+0000] {processor.py:839} INFO - DAG(s) dict_keys(['example_local_kubernetes_executor']) retrieved from /home/airflow/.local/lib/python3.8/site-packages/airflow/example_dags/example_local_kubernetes_executor.py
[2024-04-27T14:18:56.276+0000] {logging_mixin.py:151} INFO - [2024-04-27T14:18:56.276+0000] {dag.py:2907} INFO - Sync 1 DAGs
[2024-04-27T14:18:56.293+0000] {logging_mixin.py:151} INFO - [2024-04-27T14:18:56.292+0000] {dag.py:3677} INFO - Setting next_dagrun for example_local_kubernetes_executor to None, run_after=None
[2024-04-27T14:18:56.314+0000] {processor.py:179} INFO - Processing /home/airflow/.local/lib/python3.8/site-packages/airflow/example_dags/example_local_kubernetes_executor.py took 0.446 seconds
[2024-04-27T14:19:26.964+0000] {processor.py:157} INFO - Started process (PID=1042) to work on /home/airflow/.local/lib/python3.8/site-packages/airflow/example_dags/example_local_kubernetes_executor.py
[2024-04-27T14:19:26.965+0000] {processor.py:829} INFO - Processing file /home/airflow/.local/lib/python3.8/site-packages/airflow/example_dags/example_local_kubernetes_executor.py for tasks to queue
[2024-04-27T14:19:26.968+0000] {logging_mixin.py:151} INFO - [2024-04-27T14:19:26.968+0000] {dagbag.py:539} INFO - Filling up the DagBag from /home/airflow/.local/lib/python3.8/site-packages/airflow/example_dags/example_local_kubernetes_executor.py
[2024-04-27T14:19:27.581+0000] {processor.py:839} INFO - DAG(s) dict_keys(['example_local_kubernetes_executor']) retrieved from /home/airflow/.local/lib/python3.8/site-packages/airflow/example_dags/example_local_kubernetes_executor.py
[2024-04-27T14:19:27.691+0000] {logging_mixin.py:151} INFO - [2024-04-27T14:19:27.690+0000] {dag.py:2907} INFO - Sync 1 DAGs
[2024-04-27T14:19:27.732+0000] {logging_mixin.py:151} INFO - [2024-04-27T14:19:27.731+0000] {dag.py:3677} INFO - Setting next_dagrun for example_local_kubernetes_executor to None, run_after=None
[2024-04-27T14:19:27.765+0000] {processor.py:179} INFO - Processing /home/airflow/.local/lib/python3.8/site-packages/airflow/example_dags/example_local_kubernetes_executor.py took 0.806 seconds
[2024-04-27T14:19:58.286+0000] {processor.py:157} INFO - Started process (PID=1107) to work on /home/airflow/.local/lib/python3.8/site-packages/airflow/example_dags/example_local_kubernetes_executor.py
[2024-04-27T14:19:58.288+0000] {processor.py:829} INFO - Processing file /home/airflow/.local/lib/python3.8/site-packages/airflow/example_dags/example_local_kubernetes_executor.py for tasks to queue
[2024-04-27T14:19:58.292+0000] {logging_mixin.py:151} INFO - [2024-04-27T14:19:58.292+0000] {dagbag.py:539} INFO - Filling up the DagBag from /home/airflow/.local/lib/python3.8/site-packages/airflow/example_dags/example_local_kubernetes_executor.py
[2024-04-27T14:19:58.761+0000] {processor.py:839} INFO - DAG(s) dict_keys(['example_local_kubernetes_executor']) retrieved from /home/airflow/.local/lib/python3.8/site-packages/airflow/example_dags/example_local_kubernetes_executor.py
[2024-04-27T14:19:58.806+0000] {logging_mixin.py:151} INFO - [2024-04-27T14:19:58.805+0000] {dag.py:2907} INFO - Sync 1 DAGs
[2024-04-27T14:19:58.822+0000] {logging_mixin.py:151} INFO - [2024-04-27T14:19:58.822+0000] {dag.py:3677} INFO - Setting next_dagrun for example_local_kubernetes_executor to None, run_after=None
[2024-04-27T14:19:58.851+0000] {processor.py:179} INFO - Processing /home/airflow/.local/lib/python3.8/site-packages/airflow/example_dags/example_local_kubernetes_executor.py took 0.571 seconds
[2024-04-27T14:20:28.964+0000] {processor.py:157} INFO - Started process (PID=1173) to work on /home/airflow/.local/lib/python3.8/site-packages/airflow/example_dags/example_local_kubernetes_executor.py
[2024-04-27T14:20:28.965+0000] {processor.py:829} INFO - Processing file /home/airflow/.local/lib/python3.8/site-packages/airflow/example_dags/example_local_kubernetes_executor.py for tasks to queue
[2024-04-27T14:20:28.968+0000] {logging_mixin.py:151} INFO - [2024-04-27T14:20:28.968+0000] {dagbag.py:539} INFO - Filling up the DagBag from /home/airflow/.local/lib/python3.8/site-packages/airflow/example_dags/example_local_kubernetes_executor.py
[2024-04-27T14:20:29.365+0000] {processor.py:839} INFO - DAG(s) dict_keys(['example_local_kubernetes_executor']) retrieved from /home/airflow/.local/lib/python3.8/site-packages/airflow/example_dags/example_local_kubernetes_executor.py
[2024-04-27T14:20:29.414+0000] {logging_mixin.py:151} INFO - [2024-04-27T14:20:29.412+0000] {dag.py:2907} INFO - Sync 1 DAGs
[2024-04-27T14:20:29.431+0000] {logging_mixin.py:151} INFO - [2024-04-27T14:20:29.430+0000] {dag.py:3677} INFO - Setting next_dagrun for example_local_kubernetes_executor to None, run_after=None
[2024-04-27T14:20:29.454+0000] {processor.py:179} INFO - Processing /home/airflow/.local/lib/python3.8/site-packages/airflow/example_dags/example_local_kubernetes_executor.py took 0.494 seconds
[2024-04-27T14:20:59.521+0000] {processor.py:157} INFO - Started process (PID=1242) to work on /home/airflow/.local/lib/python3.8/site-packages/airflow/example_dags/example_local_kubernetes_executor.py
[2024-04-27T14:20:59.522+0000] {processor.py:829} INFO - Processing file /home/airflow/.local/lib/python3.8/site-packages/airflow/example_dags/example_local_kubernetes_executor.py for tasks to queue
[2024-04-27T14:20:59.525+0000] {logging_mixin.py:151} INFO - [2024-04-27T14:20:59.524+0000] {dagbag.py:539} INFO - Filling up the DagBag from /home/airflow/.local/lib/python3.8/site-packages/airflow/example_dags/example_local_kubernetes_executor.py
[2024-04-27T14:21:00.055+0000] {processor.py:839} INFO - DAG(s) dict_keys(['example_local_kubernetes_executor']) retrieved from /home/airflow/.local/lib/python3.8/site-packages/airflow/example_dags/example_local_kubernetes_executor.py
[2024-04-27T14:21:00.100+0000] {logging_mixin.py:151} INFO - [2024-04-27T14:21:00.098+0000] {dag.py:2907} INFO - Sync 1 DAGs
[2024-04-27T14:21:00.115+0000] {logging_mixin.py:151} INFO - [2024-04-27T14:21:00.115+0000] {dag.py:3677} INFO - Setting next_dagrun for example_local_kubernetes_executor to None, run_after=None
[2024-04-27T14:21:00.141+0000] {processor.py:179} INFO - Processing /home/airflow/.local/lib/python3.8/site-packages/airflow/example_dags/example_local_kubernetes_executor.py took 0.626 seconds
[2024-04-27T14:21:30.890+0000] {processor.py:157} INFO - Started process (PID=1306) to work on /home/airflow/.local/lib/python3.8/site-packages/airflow/example_dags/example_local_kubernetes_executor.py
[2024-04-27T14:21:30.891+0000] {processor.py:829} INFO - Processing file /home/airflow/.local/lib/python3.8/site-packages/airflow/example_dags/example_local_kubernetes_executor.py for tasks to queue
[2024-04-27T14:21:30.893+0000] {logging_mixin.py:151} INFO - [2024-04-27T14:21:30.893+0000] {dagbag.py:539} INFO - Filling up the DagBag from /home/airflow/.local/lib/python3.8/site-packages/airflow/example_dags/example_local_kubernetes_executor.py
[2024-04-27T14:21:31.306+0000] {processor.py:839} INFO - DAG(s) dict_keys(['example_local_kubernetes_executor']) retrieved from /home/airflow/.local/lib/python3.8/site-packages/airflow/example_dags/example_local_kubernetes_executor.py
[2024-04-27T14:21:31.353+0000] {logging_mixin.py:151} INFO - [2024-04-27T14:21:31.352+0000] {dag.py:2907} INFO - Sync 1 DAGs
[2024-04-27T14:21:31.370+0000] {logging_mixin.py:151} INFO - [2024-04-27T14:21:31.369+0000] {dag.py:3677} INFO - Setting next_dagrun for example_local_kubernetes_executor to None, run_after=None
[2024-04-27T14:21:31.397+0000] {processor.py:179} INFO - Processing /home/airflow/.local/lib/python3.8/site-packages/airflow/example_dags/example_local_kubernetes_executor.py took 0.511 seconds
[2024-04-27T14:22:02.117+0000] {processor.py:157} INFO - Started process (PID=1379) to work on /home/airflow/.local/lib/python3.8/site-packages/airflow/example_dags/example_local_kubernetes_executor.py
[2024-04-27T14:22:02.118+0000] {processor.py:829} INFO - Processing file /home/airflow/.local/lib/python3.8/site-packages/airflow/example_dags/example_local_kubernetes_executor.py for tasks to queue
[2024-04-27T14:22:02.122+0000] {logging_mixin.py:151} INFO - [2024-04-27T14:22:02.121+0000] {dagbag.py:539} INFO - Filling up the DagBag from /home/airflow/.local/lib/python3.8/site-packages/airflow/example_dags/example_local_kubernetes_executor.py
[2024-04-27T14:22:02.671+0000] {processor.py:839} INFO - DAG(s) dict_keys(['example_local_kubernetes_executor']) retrieved from /home/airflow/.local/lib/python3.8/site-packages/airflow/example_dags/example_local_kubernetes_executor.py
[2024-04-27T14:22:02.739+0000] {logging_mixin.py:151} INFO - [2024-04-27T14:22:02.738+0000] {dag.py:2907} INFO - Sync 1 DAGs
[2024-04-27T14:22:02.761+0000] {logging_mixin.py:151} INFO - [2024-04-27T14:22:02.761+0000] {dag.py:3677} INFO - Setting next_dagrun for example_local_kubernetes_executor to None, run_after=None
[2024-04-27T14:22:02.795+0000] {processor.py:179} INFO - Processing /home/airflow/.local/lib/python3.8/site-packages/airflow/example_dags/example_local_kubernetes_executor.py took 0.682 seconds
[2024-04-27T14:22:33.546+0000] {processor.py:157} INFO - Started process (PID=1444) to work on /home/airflow/.local/lib/python3.8/site-packages/airflow/example_dags/example_local_kubernetes_executor.py
[2024-04-27T14:22:33.547+0000] {processor.py:829} INFO - Processing file /home/airflow/.local/lib/python3.8/site-packages/airflow/example_dags/example_local_kubernetes_executor.py for tasks to queue
[2024-04-27T14:22:33.550+0000] {logging_mixin.py:151} INFO - [2024-04-27T14:22:33.550+0000] {dagbag.py:539} INFO - Filling up the DagBag from /home/airflow/.local/lib/python3.8/site-packages/airflow/example_dags/example_local_kubernetes_executor.py
[2024-04-27T14:22:34.076+0000] {processor.py:839} INFO - DAG(s) dict_keys(['example_local_kubernetes_executor']) retrieved from /home/airflow/.local/lib/python3.8/site-packages/airflow/example_dags/example_local_kubernetes_executor.py
[2024-04-27T14:22:34.133+0000] {logging_mixin.py:151} INFO - [2024-04-27T14:22:34.132+0000] {dag.py:2907} INFO - Sync 1 DAGs
[2024-04-27T14:22:34.153+0000] {logging_mixin.py:151} INFO - [2024-04-27T14:22:34.153+0000] {dag.py:3677} INFO - Setting next_dagrun for example_local_kubernetes_executor to None, run_after=None
[2024-04-27T14:22:34.180+0000] {processor.py:179} INFO - Processing /home/airflow/.local/lib/python3.8/site-packages/airflow/example_dags/example_local_kubernetes_executor.py took 0.640 seconds
[2024-04-27T14:23:04.936+0000] {processor.py:157} INFO - Started process (PID=1515) to work on /home/airflow/.local/lib/python3.8/site-packages/airflow/example_dags/example_local_kubernetes_executor.py
[2024-04-27T14:23:04.937+0000] {processor.py:829} INFO - Processing file /home/airflow/.local/lib/python3.8/site-packages/airflow/example_dags/example_local_kubernetes_executor.py for tasks to queue
[2024-04-27T14:23:04.940+0000] {logging_mixin.py:151} INFO - [2024-04-27T14:23:04.939+0000] {dagbag.py:539} INFO - Filling up the DagBag from /home/airflow/.local/lib/python3.8/site-packages/airflow/example_dags/example_local_kubernetes_executor.py
[2024-04-27T14:23:05.418+0000] {processor.py:839} INFO - DAG(s) dict_keys(['example_local_kubernetes_executor']) retrieved from /home/airflow/.local/lib/python3.8/site-packages/airflow/example_dags/example_local_kubernetes_executor.py
[2024-04-27T14:23:05.470+0000] {logging_mixin.py:151} INFO - [2024-04-27T14:23:05.469+0000] {dag.py:2907} INFO - Sync 1 DAGs
[2024-04-27T14:23:05.486+0000] {logging_mixin.py:151} INFO - [2024-04-27T14:23:05.486+0000] {dag.py:3677} INFO - Setting next_dagrun for example_local_kubernetes_executor to None, run_after=None
[2024-04-27T14:23:05.515+0000] {processor.py:179} INFO - Processing /home/airflow/.local/lib/python3.8/site-packages/airflow/example_dags/example_local_kubernetes_executor.py took 0.585 seconds
[2024-04-27T14:23:36.094+0000] {processor.py:157} INFO - Started process (PID=1579) to work on /home/airflow/.local/lib/python3.8/site-packages/airflow/example_dags/example_local_kubernetes_executor.py
[2024-04-27T14:23:36.095+0000] {processor.py:829} INFO - Processing file /home/airflow/.local/lib/python3.8/site-packages/airflow/example_dags/example_local_kubernetes_executor.py for tasks to queue
[2024-04-27T14:23:36.098+0000] {logging_mixin.py:151} INFO - [2024-04-27T14:23:36.098+0000] {dagbag.py:539} INFO - Filling up the DagBag from /home/airflow/.local/lib/python3.8/site-packages/airflow/example_dags/example_local_kubernetes_executor.py
[2024-04-27T14:23:36.660+0000] {processor.py:839} INFO - DAG(s) dict_keys(['example_local_kubernetes_executor']) retrieved from /home/airflow/.local/lib/python3.8/site-packages/airflow/example_dags/example_local_kubernetes_executor.py
[2024-04-27T14:23:36.704+0000] {logging_mixin.py:151} INFO - [2024-04-27T14:23:36.703+0000] {dag.py:2907} INFO - Sync 1 DAGs
[2024-04-27T14:23:36.722+0000] {logging_mixin.py:151} INFO - [2024-04-27T14:23:36.722+0000] {dag.py:3677} INFO - Setting next_dagrun for example_local_kubernetes_executor to None, run_after=None
[2024-04-27T14:23:36.746+0000] {processor.py:179} INFO - Processing /home/airflow/.local/lib/python3.8/site-packages/airflow/example_dags/example_local_kubernetes_executor.py took 0.658 seconds
[2024-04-27T14:24:06.984+0000] {processor.py:157} INFO - Started process (PID=1644) to work on /home/airflow/.local/lib/python3.8/site-packages/airflow/example_dags/example_local_kubernetes_executor.py
[2024-04-27T14:24:06.985+0000] {processor.py:829} INFO - Processing file /home/airflow/.local/lib/python3.8/site-packages/airflow/example_dags/example_local_kubernetes_executor.py for tasks to queue
[2024-04-27T14:24:06.987+0000] {logging_mixin.py:151} INFO - [2024-04-27T14:24:06.987+0000] {dagbag.py:539} INFO - Filling up the DagBag from /home/airflow/.local/lib/python3.8/site-packages/airflow/example_dags/example_local_kubernetes_executor.py
[2024-04-27T14:24:07.437+0000] {processor.py:839} INFO - DAG(s) dict_keys(['example_local_kubernetes_executor']) retrieved from /home/airflow/.local/lib/python3.8/site-packages/airflow/example_dags/example_local_kubernetes_executor.py
[2024-04-27T14:24:07.492+0000] {logging_mixin.py:151} INFO - [2024-04-27T14:24:07.491+0000] {dag.py:2907} INFO - Sync 1 DAGs
[2024-04-27T14:24:07.513+0000] {logging_mixin.py:151} INFO - [2024-04-27T14:24:07.513+0000] {dag.py:3677} INFO - Setting next_dagrun for example_local_kubernetes_executor to None, run_after=None
[2024-04-27T14:24:07.541+0000] {processor.py:179} INFO - Processing /home/airflow/.local/lib/python3.8/site-packages/airflow/example_dags/example_local_kubernetes_executor.py took 0.562 seconds
[2024-04-27T14:24:38.346+0000] {processor.py:157} INFO - Started process (PID=1716) to work on /home/airflow/.local/lib/python3.8/site-packages/airflow/example_dags/example_local_kubernetes_executor.py
[2024-04-27T14:24:38.347+0000] {processor.py:829} INFO - Processing file /home/airflow/.local/lib/python3.8/site-packages/airflow/example_dags/example_local_kubernetes_executor.py for tasks to queue
[2024-04-27T14:24:38.350+0000] {logging_mixin.py:151} INFO - [2024-04-27T14:24:38.350+0000] {dagbag.py:539} INFO - Filling up the DagBag from /home/airflow/.local/lib/python3.8/site-packages/airflow/example_dags/example_local_kubernetes_executor.py
[2024-04-27T14:24:38.891+0000] {processor.py:839} INFO - DAG(s) dict_keys(['example_local_kubernetes_executor']) retrieved from /home/airflow/.local/lib/python3.8/site-packages/airflow/example_dags/example_local_kubernetes_executor.py
[2024-04-27T14:24:38.951+0000] {logging_mixin.py:151} INFO - [2024-04-27T14:24:38.950+0000] {dag.py:2907} INFO - Sync 1 DAGs
[2024-04-27T14:24:38.973+0000] {logging_mixin.py:151} INFO - [2024-04-27T14:24:38.973+0000] {dag.py:3677} INFO - Setting next_dagrun for example_local_kubernetes_executor to None, run_after=None
[2024-04-27T14:24:39.002+0000] {processor.py:179} INFO - Processing /home/airflow/.local/lib/python3.8/site-packages/airflow/example_dags/example_local_kubernetes_executor.py took 0.661 seconds
[2024-04-27T14:25:09.240+0000] {processor.py:157} INFO - Started process (PID=1781) to work on /home/airflow/.local/lib/python3.8/site-packages/airflow/example_dags/example_local_kubernetes_executor.py
[2024-04-27T14:25:09.241+0000] {processor.py:829} INFO - Processing file /home/airflow/.local/lib/python3.8/site-packages/airflow/example_dags/example_local_kubernetes_executor.py for tasks to queue
[2024-04-27T14:25:09.244+0000] {logging_mixin.py:151} INFO - [2024-04-27T14:25:09.243+0000] {dagbag.py:539} INFO - Filling up the DagBag from /home/airflow/.local/lib/python3.8/site-packages/airflow/example_dags/example_local_kubernetes_executor.py
[2024-04-27T14:25:09.790+0000] {processor.py:839} INFO - DAG(s) dict_keys(['example_local_kubernetes_executor']) retrieved from /home/airflow/.local/lib/python3.8/site-packages/airflow/example_dags/example_local_kubernetes_executor.py
[2024-04-27T14:25:09.909+0000] {logging_mixin.py:151} INFO - [2024-04-27T14:25:09.908+0000] {dag.py:2907} INFO - Sync 1 DAGs
[2024-04-27T14:25:09.953+0000] {logging_mixin.py:151} INFO - [2024-04-27T14:25:09.953+0000] {dag.py:3677} INFO - Setting next_dagrun for example_local_kubernetes_executor to None, run_after=None
[2024-04-27T14:25:10.001+0000] {processor.py:179} INFO - Processing /home/airflow/.local/lib/python3.8/site-packages/airflow/example_dags/example_local_kubernetes_executor.py took 0.767 seconds
[2024-04-27T14:25:40.728+0000] {processor.py:157} INFO - Started process (PID=1854) to work on /home/airflow/.local/lib/python3.8/site-packages/airflow/example_dags/example_local_kubernetes_executor.py
[2024-04-27T14:25:40.729+0000] {processor.py:829} INFO - Processing file /home/airflow/.local/lib/python3.8/site-packages/airflow/example_dags/example_local_kubernetes_executor.py for tasks to queue
[2024-04-27T14:25:40.732+0000] {logging_mixin.py:151} INFO - [2024-04-27T14:25:40.732+0000] {dagbag.py:539} INFO - Filling up the DagBag from /home/airflow/.local/lib/python3.8/site-packages/airflow/example_dags/example_local_kubernetes_executor.py
[2024-04-27T14:25:41.165+0000] {processor.py:839} INFO - DAG(s) dict_keys(['example_local_kubernetes_executor']) retrieved from /home/airflow/.local/lib/python3.8/site-packages/airflow/example_dags/example_local_kubernetes_executor.py
[2024-04-27T14:25:41.209+0000] {logging_mixin.py:151} INFO - [2024-04-27T14:25:41.208+0000] {dag.py:2907} INFO - Sync 1 DAGs
[2024-04-27T14:25:41.236+0000] {logging_mixin.py:151} INFO - [2024-04-27T14:25:41.235+0000] {dag.py:3677} INFO - Setting next_dagrun for example_local_kubernetes_executor to None, run_after=None
[2024-04-27T14:25:41.259+0000] {processor.py:179} INFO - Processing /home/airflow/.local/lib/python3.8/site-packages/airflow/example_dags/example_local_kubernetes_executor.py took 0.536 seconds
