[2024-04-27T13:44:18.539+0000] {processor.py:153} INFO - Started process (PID=62) to work on /home/airflow/.local/lib/python3.7/site-packages/airflow/example_dags/example_branch_operator.py
[2024-04-27T13:44:18.540+0000] {processor.py:743} INFO - Processing file /home/airflow/.local/lib/python3.7/site-packages/airflow/example_dags/example_branch_operator.py for tasks to queue
[2024-04-27T13:44:18.541+0000] {logging_mixin.py:137} INFO - [2024-04-27T13:44:18.541+0000] {dagbag.py:538} INFO - Filling up the DagBag from /home/airflow/.local/lib/python3.7/site-packages/airflow/example_dags/example_branch_operator.py
[2024-04-27T13:44:18.586+0000] {processor.py:753} INFO - DAG(s) dict_keys(['example_branch_operator']) retrieved from /home/airflow/.local/lib/python3.7/site-packages/airflow/example_dags/example_branch_operator.py
[2024-04-27T13:44:18.641+0000] {logging_mixin.py:137} INFO - [2024-04-27T13:44:18.641+0000] {dag.py:2690} INFO - Sync 1 DAGs
[2024-04-27T13:44:18.714+0000] {logging_mixin.py:137} INFO - [2024-04-27T13:44:18.714+0000] {dag.py:3441} INFO - Setting next_dagrun for example_branch_operator to 2024-04-26T00:00:00+00:00, run_after=2024-04-27T00:00:00+00:00
[2024-04-27T13:44:18.793+0000] {processor.py:175} INFO - Processing /home/airflow/.local/lib/python3.7/site-packages/airflow/example_dags/example_branch_operator.py took 0.260 seconds
[2024-04-27T13:44:49.259+0000] {processor.py:153} INFO - Started process (PID=125) to work on /home/airflow/.local/lib/python3.7/site-packages/airflow/example_dags/example_branch_operator.py
[2024-04-27T13:44:49.260+0000] {processor.py:743} INFO - Processing file /home/airflow/.local/lib/python3.7/site-packages/airflow/example_dags/example_branch_operator.py for tasks to queue
[2024-04-27T13:44:49.260+0000] {logging_mixin.py:137} INFO - [2024-04-27T13:44:49.260+0000] {dagbag.py:538} INFO - Filling up the DagBag from /home/airflow/.local/lib/python3.7/site-packages/airflow/example_dags/example_branch_operator.py
[2024-04-27T13:44:49.285+0000] {processor.py:753} INFO - DAG(s) dict_keys(['example_branch_operator']) retrieved from /home/airflow/.local/lib/python3.7/site-packages/airflow/example_dags/example_branch_operator.py
[2024-04-27T13:44:49.336+0000] {logging_mixin.py:137} INFO - [2024-04-27T13:44:49.336+0000] {dag.py:2690} INFO - Sync 1 DAGs
[2024-04-27T13:44:49.385+0000] {logging_mixin.py:137} INFO - [2024-04-27T13:44:49.385+0000] {dag.py:3441} INFO - Setting next_dagrun for example_branch_operator to 2024-04-26T00:00:00+00:00, run_after=2024-04-27T00:00:00+00:00
[2024-04-27T13:44:49.423+0000] {processor.py:175} INFO - Processing /home/airflow/.local/lib/python3.7/site-packages/airflow/example_dags/example_branch_operator.py took 0.168 seconds
[2024-04-27T13:45:19.845+0000] {processor.py:153} INFO - Started process (PID=189) to work on /home/airflow/.local/lib/python3.7/site-packages/airflow/example_dags/example_branch_operator.py
[2024-04-27T13:45:19.847+0000] {processor.py:743} INFO - Processing file /home/airflow/.local/lib/python3.7/site-packages/airflow/example_dags/example_branch_operator.py for tasks to queue
[2024-04-27T13:45:19.848+0000] {logging_mixin.py:137} INFO - [2024-04-27T13:45:19.847+0000] {dagbag.py:538} INFO - Filling up the DagBag from /home/airflow/.local/lib/python3.7/site-packages/airflow/example_dags/example_branch_operator.py
[2024-04-27T13:45:19.885+0000] {processor.py:753} INFO - DAG(s) dict_keys(['example_branch_operator']) retrieved from /home/airflow/.local/lib/python3.7/site-packages/airflow/example_dags/example_branch_operator.py
[2024-04-27T13:45:19.992+0000] {logging_mixin.py:137} INFO - [2024-04-27T13:45:19.991+0000] {dag.py:2690} INFO - Sync 1 DAGs
[2024-04-27T13:45:20.057+0000] {logging_mixin.py:137} INFO - [2024-04-27T13:45:20.056+0000] {dag.py:3441} INFO - Setting next_dagrun for example_branch_operator to 2024-04-26T00:00:00+00:00, run_after=2024-04-27T00:00:00+00:00
[2024-04-27T13:45:20.133+0000] {processor.py:175} INFO - Processing /home/airflow/.local/lib/python3.7/site-packages/airflow/example_dags/example_branch_operator.py took 0.293 seconds
[2024-04-27T13:45:50.837+0000] {processor.py:153} INFO - Started process (PID=264) to work on /home/airflow/.local/lib/python3.7/site-packages/airflow/example_dags/example_branch_operator.py
[2024-04-27T13:45:50.838+0000] {processor.py:743} INFO - Processing file /home/airflow/.local/lib/python3.7/site-packages/airflow/example_dags/example_branch_operator.py for tasks to queue
[2024-04-27T13:45:50.839+0000] {logging_mixin.py:137} INFO - [2024-04-27T13:45:50.839+0000] {dagbag.py:538} INFO - Filling up the DagBag from /home/airflow/.local/lib/python3.7/site-packages/airflow/example_dags/example_branch_operator.py
[2024-04-27T13:45:50.869+0000] {processor.py:753} INFO - DAG(s) dict_keys(['example_branch_operator']) retrieved from /home/airflow/.local/lib/python3.7/site-packages/airflow/example_dags/example_branch_operator.py
[2024-04-27T13:45:50.915+0000] {logging_mixin.py:137} INFO - [2024-04-27T13:45:50.915+0000] {dag.py:2690} INFO - Sync 1 DAGs
[2024-04-27T13:45:50.968+0000] {logging_mixin.py:137} INFO - [2024-04-27T13:45:50.968+0000] {dag.py:3441} INFO - Setting next_dagrun for example_branch_operator to 2024-04-26T00:00:00+00:00, run_after=2024-04-27T00:00:00+00:00
[2024-04-27T13:45:51.004+0000] {processor.py:175} INFO - Processing /home/airflow/.local/lib/python3.7/site-packages/airflow/example_dags/example_branch_operator.py took 0.173 seconds
[2024-04-27T13:46:21.101+0000] {processor.py:153} INFO - Started process (PID=328) to work on /home/airflow/.local/lib/python3.7/site-packages/airflow/example_dags/example_branch_operator.py
[2024-04-27T13:46:21.102+0000] {processor.py:743} INFO - Processing file /home/airflow/.local/lib/python3.7/site-packages/airflow/example_dags/example_branch_operator.py for tasks to queue
[2024-04-27T13:46:21.103+0000] {logging_mixin.py:137} INFO - [2024-04-27T13:46:21.103+0000] {dagbag.py:538} INFO - Filling up the DagBag from /home/airflow/.local/lib/python3.7/site-packages/airflow/example_dags/example_branch_operator.py
[2024-04-27T13:46:21.123+0000] {processor.py:753} INFO - DAG(s) dict_keys(['example_branch_operator']) retrieved from /home/airflow/.local/lib/python3.7/site-packages/airflow/example_dags/example_branch_operator.py
[2024-04-27T13:46:21.156+0000] {logging_mixin.py:137} INFO - [2024-04-27T13:46:21.156+0000] {dag.py:2690} INFO - Sync 1 DAGs
[2024-04-27T13:46:21.191+0000] {logging_mixin.py:137} INFO - [2024-04-27T13:46:21.190+0000] {dag.py:3441} INFO - Setting next_dagrun for example_branch_operator to 2024-04-26T00:00:00+00:00, run_after=2024-04-27T00:00:00+00:00
[2024-04-27T13:46:21.214+0000] {processor.py:175} INFO - Processing /home/airflow/.local/lib/python3.7/site-packages/airflow/example_dags/example_branch_operator.py took 0.116 seconds
[2024-04-27T13:46:51.358+0000] {processor.py:153} INFO - Started process (PID=391) to work on /home/airflow/.local/lib/python3.7/site-packages/airflow/example_dags/example_branch_operator.py
[2024-04-27T13:46:51.359+0000] {processor.py:743} INFO - Processing file /home/airflow/.local/lib/python3.7/site-packages/airflow/example_dags/example_branch_operator.py for tasks to queue
[2024-04-27T13:46:51.361+0000] {logging_mixin.py:137} INFO - [2024-04-27T13:46:51.360+0000] {dagbag.py:538} INFO - Filling up the DagBag from /home/airflow/.local/lib/python3.7/site-packages/airflow/example_dags/example_branch_operator.py
[2024-04-27T13:46:51.399+0000] {processor.py:753} INFO - DAG(s) dict_keys(['example_branch_operator']) retrieved from /home/airflow/.local/lib/python3.7/site-packages/airflow/example_dags/example_branch_operator.py
[2024-04-27T13:46:51.451+0000] {logging_mixin.py:137} INFO - [2024-04-27T13:46:51.451+0000] {dag.py:2690} INFO - Sync 1 DAGs
[2024-04-27T13:46:51.504+0000] {logging_mixin.py:137} INFO - [2024-04-27T13:46:51.504+0000] {dag.py:3441} INFO - Setting next_dagrun for example_branch_operator to 2024-04-26T00:00:00+00:00, run_after=2024-04-27T00:00:00+00:00
[2024-04-27T13:46:51.535+0000] {processor.py:175} INFO - Processing /home/airflow/.local/lib/python3.7/site-packages/airflow/example_dags/example_branch_operator.py took 0.182 seconds
[2024-04-27T13:47:22.127+0000] {processor.py:153} INFO - Started process (PID=456) to work on /home/airflow/.local/lib/python3.7/site-packages/airflow/example_dags/example_branch_operator.py
[2024-04-27T13:47:22.129+0000] {processor.py:743} INFO - Processing file /home/airflow/.local/lib/python3.7/site-packages/airflow/example_dags/example_branch_operator.py for tasks to queue
[2024-04-27T13:47:22.131+0000] {logging_mixin.py:137} INFO - [2024-04-27T13:47:22.130+0000] {dagbag.py:538} INFO - Filling up the DagBag from /home/airflow/.local/lib/python3.7/site-packages/airflow/example_dags/example_branch_operator.py
[2024-04-27T13:47:22.164+0000] {processor.py:753} INFO - DAG(s) dict_keys(['example_branch_operator']) retrieved from /home/airflow/.local/lib/python3.7/site-packages/airflow/example_dags/example_branch_operator.py
[2024-04-27T13:47:22.215+0000] {logging_mixin.py:137} INFO - [2024-04-27T13:47:22.215+0000] {dag.py:2690} INFO - Sync 1 DAGs
[2024-04-27T13:47:22.274+0000] {logging_mixin.py:137} INFO - [2024-04-27T13:47:22.274+0000] {dag.py:3441} INFO - Setting next_dagrun for example_branch_operator to 2024-04-26T00:00:00+00:00, run_after=2024-04-27T00:00:00+00:00
[2024-04-27T13:47:22.309+0000] {processor.py:175} INFO - Processing /home/airflow/.local/lib/python3.7/site-packages/airflow/example_dags/example_branch_operator.py took 0.186 seconds
[2024-04-27T13:47:52.671+0000] {processor.py:153} INFO - Started process (PID=527) to work on /home/airflow/.local/lib/python3.7/site-packages/airflow/example_dags/example_branch_operator.py
[2024-04-27T13:47:52.672+0000] {processor.py:743} INFO - Processing file /home/airflow/.local/lib/python3.7/site-packages/airflow/example_dags/example_branch_operator.py for tasks to queue
[2024-04-27T13:47:52.674+0000] {logging_mixin.py:137} INFO - [2024-04-27T13:47:52.673+0000] {dagbag.py:538} INFO - Filling up the DagBag from /home/airflow/.local/lib/python3.7/site-packages/airflow/example_dags/example_branch_operator.py
[2024-04-27T13:47:52.704+0000] {processor.py:753} INFO - DAG(s) dict_keys(['example_branch_operator']) retrieved from /home/airflow/.local/lib/python3.7/site-packages/airflow/example_dags/example_branch_operator.py
[2024-04-27T13:47:52.757+0000] {logging_mixin.py:137} INFO - [2024-04-27T13:47:52.757+0000] {dag.py:2690} INFO - Sync 1 DAGs
[2024-04-27T13:47:52.819+0000] {logging_mixin.py:137} INFO - [2024-04-27T13:47:52.819+0000] {dag.py:3441} INFO - Setting next_dagrun for example_branch_operator to 2024-04-26T00:00:00+00:00, run_after=2024-04-27T00:00:00+00:00
[2024-04-27T13:47:52.858+0000] {processor.py:175} INFO - Processing /home/airflow/.local/lib/python3.7/site-packages/airflow/example_dags/example_branch_operator.py took 0.192 seconds
[2024-04-27T13:48:23.761+0000] {processor.py:153} INFO - Started process (PID=596) to work on /home/airflow/.local/lib/python3.7/site-packages/airflow/example_dags/example_branch_operator.py
[2024-04-27T13:48:23.762+0000] {processor.py:743} INFO - Processing file /home/airflow/.local/lib/python3.7/site-packages/airflow/example_dags/example_branch_operator.py for tasks to queue
[2024-04-27T13:48:23.763+0000] {logging_mixin.py:137} INFO - [2024-04-27T13:48:23.763+0000] {dagbag.py:538} INFO - Filling up the DagBag from /home/airflow/.local/lib/python3.7/site-packages/airflow/example_dags/example_branch_operator.py
[2024-04-27T13:48:23.798+0000] {processor.py:753} INFO - DAG(s) dict_keys(['example_branch_operator']) retrieved from /home/airflow/.local/lib/python3.7/site-packages/airflow/example_dags/example_branch_operator.py
[2024-04-27T13:48:23.844+0000] {logging_mixin.py:137} INFO - [2024-04-27T13:48:23.844+0000] {dag.py:2690} INFO - Sync 1 DAGs
[2024-04-27T13:48:23.906+0000] {logging_mixin.py:137} INFO - [2024-04-27T13:48:23.906+0000] {dag.py:3441} INFO - Setting next_dagrun for example_branch_operator to 2024-04-26T00:00:00+00:00, run_after=2024-04-27T00:00:00+00:00
[2024-04-27T13:48:23.949+0000] {processor.py:175} INFO - Processing /home/airflow/.local/lib/python3.7/site-packages/airflow/example_dags/example_branch_operator.py took 0.193 seconds
[2024-04-27T13:48:54.020+0000] {processor.py:153} INFO - Started process (PID=660) to work on /home/airflow/.local/lib/python3.7/site-packages/airflow/example_dags/example_branch_operator.py
[2024-04-27T13:48:54.021+0000] {processor.py:743} INFO - Processing file /home/airflow/.local/lib/python3.7/site-packages/airflow/example_dags/example_branch_operator.py for tasks to queue
[2024-04-27T13:48:54.021+0000] {logging_mixin.py:137} INFO - [2024-04-27T13:48:54.021+0000] {dagbag.py:538} INFO - Filling up the DagBag from /home/airflow/.local/lib/python3.7/site-packages/airflow/example_dags/example_branch_operator.py
[2024-04-27T13:48:54.044+0000] {processor.py:753} INFO - DAG(s) dict_keys(['example_branch_operator']) retrieved from /home/airflow/.local/lib/python3.7/site-packages/airflow/example_dags/example_branch_operator.py
[2024-04-27T13:48:54.087+0000] {logging_mixin.py:137} INFO - [2024-04-27T13:48:54.087+0000] {dag.py:2690} INFO - Sync 1 DAGs
[2024-04-27T13:48:54.120+0000] {logging_mixin.py:137} INFO - [2024-04-27T13:48:54.120+0000] {dag.py:3441} INFO - Setting next_dagrun for example_branch_operator to 2024-04-26T00:00:00+00:00, run_after=2024-04-27T00:00:00+00:00
[2024-04-27T13:48:54.145+0000] {processor.py:175} INFO - Processing /home/airflow/.local/lib/python3.7/site-packages/airflow/example_dags/example_branch_operator.py took 0.129 seconds
[2024-04-27T13:49:24.551+0000] {processor.py:153} INFO - Started process (PID=724) to work on /home/airflow/.local/lib/python3.7/site-packages/airflow/example_dags/example_branch_operator.py
[2024-04-27T13:49:24.552+0000] {processor.py:743} INFO - Processing file /home/airflow/.local/lib/python3.7/site-packages/airflow/example_dags/example_branch_operator.py for tasks to queue
[2024-04-27T13:49:24.553+0000] {logging_mixin.py:137} INFO - [2024-04-27T13:49:24.553+0000] {dagbag.py:538} INFO - Filling up the DagBag from /home/airflow/.local/lib/python3.7/site-packages/airflow/example_dags/example_branch_operator.py
[2024-04-27T13:49:24.588+0000] {processor.py:753} INFO - DAG(s) dict_keys(['example_branch_operator']) retrieved from /home/airflow/.local/lib/python3.7/site-packages/airflow/example_dags/example_branch_operator.py
[2024-04-27T13:49:24.640+0000] {logging_mixin.py:137} INFO - [2024-04-27T13:49:24.640+0000] {dag.py:2690} INFO - Sync 1 DAGs
[2024-04-27T13:49:24.724+0000] {logging_mixin.py:137} INFO - [2024-04-27T13:49:24.724+0000] {dag.py:3441} INFO - Setting next_dagrun for example_branch_operator to 2024-04-26T00:00:00+00:00, run_after=2024-04-27T00:00:00+00:00
[2024-04-27T13:49:24.760+0000] {processor.py:175} INFO - Processing /home/airflow/.local/lib/python3.7/site-packages/airflow/example_dags/example_branch_operator.py took 0.215 seconds
[2024-04-27T13:49:55.126+0000] {processor.py:153} INFO - Started process (PID=788) to work on /home/airflow/.local/lib/python3.7/site-packages/airflow/example_dags/example_branch_operator.py
[2024-04-27T13:49:55.127+0000] {processor.py:743} INFO - Processing file /home/airflow/.local/lib/python3.7/site-packages/airflow/example_dags/example_branch_operator.py for tasks to queue
[2024-04-27T13:49:55.128+0000] {logging_mixin.py:137} INFO - [2024-04-27T13:49:55.128+0000] {dagbag.py:538} INFO - Filling up the DagBag from /home/airflow/.local/lib/python3.7/site-packages/airflow/example_dags/example_branch_operator.py
[2024-04-27T13:49:55.163+0000] {processor.py:753} INFO - DAG(s) dict_keys(['example_branch_operator']) retrieved from /home/airflow/.local/lib/python3.7/site-packages/airflow/example_dags/example_branch_operator.py
[2024-04-27T13:49:55.222+0000] {logging_mixin.py:137} INFO - [2024-04-27T13:49:55.222+0000] {dag.py:2690} INFO - Sync 1 DAGs
[2024-04-27T13:49:55.273+0000] {logging_mixin.py:137} INFO - [2024-04-27T13:49:55.273+0000] {dag.py:3441} INFO - Setting next_dagrun for example_branch_operator to 2024-04-26T00:00:00+00:00, run_after=2024-04-27T00:00:00+00:00
[2024-04-27T13:49:55.304+0000] {processor.py:175} INFO - Processing /home/airflow/.local/lib/python3.7/site-packages/airflow/example_dags/example_branch_operator.py took 0.184 seconds
[2024-04-27T13:50:25.772+0000] {processor.py:153} INFO - Started process (PID=859) to work on /home/airflow/.local/lib/python3.7/site-packages/airflow/example_dags/example_branch_operator.py
[2024-04-27T13:50:25.773+0000] {processor.py:743} INFO - Processing file /home/airflow/.local/lib/python3.7/site-packages/airflow/example_dags/example_branch_operator.py for tasks to queue
[2024-04-27T13:50:25.774+0000] {logging_mixin.py:137} INFO - [2024-04-27T13:50:25.774+0000] {dagbag.py:538} INFO - Filling up the DagBag from /home/airflow/.local/lib/python3.7/site-packages/airflow/example_dags/example_branch_operator.py
[2024-04-27T13:50:25.807+0000] {processor.py:753} INFO - DAG(s) dict_keys(['example_branch_operator']) retrieved from /home/airflow/.local/lib/python3.7/site-packages/airflow/example_dags/example_branch_operator.py
[2024-04-27T13:50:25.858+0000] {logging_mixin.py:137} INFO - [2024-04-27T13:50:25.858+0000] {dag.py:2690} INFO - Sync 1 DAGs
[2024-04-27T13:50:25.901+0000] {logging_mixin.py:137} INFO - [2024-04-27T13:50:25.901+0000] {dag.py:3441} INFO - Setting next_dagrun for example_branch_operator to 2024-04-26T00:00:00+00:00, run_after=2024-04-27T00:00:00+00:00
[2024-04-27T13:50:25.934+0000] {processor.py:175} INFO - Processing /home/airflow/.local/lib/python3.7/site-packages/airflow/example_dags/example_branch_operator.py took 0.167 seconds
[2024-04-27T13:50:56.487+0000] {processor.py:153} INFO - Started process (PID=925) to work on /home/airflow/.local/lib/python3.7/site-packages/airflow/example_dags/example_branch_operator.py
[2024-04-27T13:50:56.488+0000] {processor.py:743} INFO - Processing file /home/airflow/.local/lib/python3.7/site-packages/airflow/example_dags/example_branch_operator.py for tasks to queue
[2024-04-27T13:50:56.489+0000] {logging_mixin.py:137} INFO - [2024-04-27T13:50:56.489+0000] {dagbag.py:538} INFO - Filling up the DagBag from /home/airflow/.local/lib/python3.7/site-packages/airflow/example_dags/example_branch_operator.py
[2024-04-27T13:50:56.522+0000] {processor.py:753} INFO - DAG(s) dict_keys(['example_branch_operator']) retrieved from /home/airflow/.local/lib/python3.7/site-packages/airflow/example_dags/example_branch_operator.py
[2024-04-27T13:50:56.564+0000] {logging_mixin.py:137} INFO - [2024-04-27T13:50:56.563+0000] {dag.py:2690} INFO - Sync 1 DAGs
[2024-04-27T13:50:56.623+0000] {logging_mixin.py:137} INFO - [2024-04-27T13:50:56.623+0000] {dag.py:3441} INFO - Setting next_dagrun for example_branch_operator to 2024-04-26T00:00:00+00:00, run_after=2024-04-27T00:00:00+00:00
[2024-04-27T13:50:56.652+0000] {processor.py:175} INFO - Processing /home/airflow/.local/lib/python3.7/site-packages/airflow/example_dags/example_branch_operator.py took 0.169 seconds
[2024-04-27T13:51:27.326+0000] {processor.py:153} INFO - Started process (PID=988) to work on /home/airflow/.local/lib/python3.7/site-packages/airflow/example_dags/example_branch_operator.py
[2024-04-27T13:51:27.327+0000] {processor.py:743} INFO - Processing file /home/airflow/.local/lib/python3.7/site-packages/airflow/example_dags/example_branch_operator.py for tasks to queue
[2024-04-27T13:51:27.328+0000] {logging_mixin.py:137} INFO - [2024-04-27T13:51:27.328+0000] {dagbag.py:538} INFO - Filling up the DagBag from /home/airflow/.local/lib/python3.7/site-packages/airflow/example_dags/example_branch_operator.py
[2024-04-27T13:51:27.360+0000] {processor.py:753} INFO - DAG(s) dict_keys(['example_branch_operator']) retrieved from /home/airflow/.local/lib/python3.7/site-packages/airflow/example_dags/example_branch_operator.py
[2024-04-27T13:51:27.403+0000] {logging_mixin.py:137} INFO - [2024-04-27T13:51:27.403+0000] {dag.py:2690} INFO - Sync 1 DAGs
[2024-04-27T13:51:27.459+0000] {logging_mixin.py:137} INFO - [2024-04-27T13:51:27.458+0000] {dag.py:3441} INFO - Setting next_dagrun for example_branch_operator to 2024-04-26T00:00:00+00:00, run_after=2024-04-27T00:00:00+00:00
[2024-04-27T13:51:27.493+0000] {processor.py:175} INFO - Processing /home/airflow/.local/lib/python3.7/site-packages/airflow/example_dags/example_branch_operator.py took 0.172 seconds
[2024-04-27T13:51:57.783+0000] {processor.py:153} INFO - Started process (PID=1050) to work on /home/airflow/.local/lib/python3.7/site-packages/airflow/example_dags/example_branch_operator.py
[2024-04-27T13:51:57.784+0000] {processor.py:743} INFO - Processing file /home/airflow/.local/lib/python3.7/site-packages/airflow/example_dags/example_branch_operator.py for tasks to queue
[2024-04-27T13:51:57.785+0000] {logging_mixin.py:137} INFO - [2024-04-27T13:51:57.785+0000] {dagbag.py:538} INFO - Filling up the DagBag from /home/airflow/.local/lib/python3.7/site-packages/airflow/example_dags/example_branch_operator.py
[2024-04-27T13:51:57.810+0000] {processor.py:753} INFO - DAG(s) dict_keys(['example_branch_operator']) retrieved from /home/airflow/.local/lib/python3.7/site-packages/airflow/example_dags/example_branch_operator.py
[2024-04-27T13:51:57.848+0000] {logging_mixin.py:137} INFO - [2024-04-27T13:51:57.847+0000] {dag.py:2690} INFO - Sync 1 DAGs
[2024-04-27T13:51:57.883+0000] {logging_mixin.py:137} INFO - [2024-04-27T13:51:57.882+0000] {dag.py:3441} INFO - Setting next_dagrun for example_branch_operator to 2024-04-26T00:00:00+00:00, run_after=2024-04-27T00:00:00+00:00
[2024-04-27T13:51:57.905+0000] {processor.py:175} INFO - Processing /home/airflow/.local/lib/python3.7/site-packages/airflow/example_dags/example_branch_operator.py took 0.126 seconds
[2024-04-27T13:52:28.558+0000] {processor.py:153} INFO - Started process (PID=1123) to work on /home/airflow/.local/lib/python3.7/site-packages/airflow/example_dags/example_branch_operator.py
[2024-04-27T13:52:28.559+0000] {processor.py:743} INFO - Processing file /home/airflow/.local/lib/python3.7/site-packages/airflow/example_dags/example_branch_operator.py for tasks to queue
[2024-04-27T13:52:28.560+0000] {logging_mixin.py:137} INFO - [2024-04-27T13:52:28.560+0000] {dagbag.py:538} INFO - Filling up the DagBag from /home/airflow/.local/lib/python3.7/site-packages/airflow/example_dags/example_branch_operator.py
[2024-04-27T13:52:28.592+0000] {processor.py:753} INFO - DAG(s) dict_keys(['example_branch_operator']) retrieved from /home/airflow/.local/lib/python3.7/site-packages/airflow/example_dags/example_branch_operator.py
[2024-04-27T13:52:28.628+0000] {logging_mixin.py:137} INFO - [2024-04-27T13:52:28.628+0000] {dag.py:2690} INFO - Sync 1 DAGs
[2024-04-27T13:52:28.664+0000] {logging_mixin.py:137} INFO - [2024-04-27T13:52:28.664+0000] {dag.py:3441} INFO - Setting next_dagrun for example_branch_operator to 2024-04-26T00:00:00+00:00, run_after=2024-04-27T00:00:00+00:00
[2024-04-27T13:52:28.707+0000] {processor.py:175} INFO - Processing /home/airflow/.local/lib/python3.7/site-packages/airflow/example_dags/example_branch_operator.py took 0.154 seconds
[2024-04-27T13:52:59.451+0000] {processor.py:153} INFO - Started process (PID=1190) to work on /home/airflow/.local/lib/python3.7/site-packages/airflow/example_dags/example_branch_operator.py
[2024-04-27T13:52:59.452+0000] {processor.py:743} INFO - Processing file /home/airflow/.local/lib/python3.7/site-packages/airflow/example_dags/example_branch_operator.py for tasks to queue
[2024-04-27T13:52:59.453+0000] {logging_mixin.py:137} INFO - [2024-04-27T13:52:59.452+0000] {dagbag.py:538} INFO - Filling up the DagBag from /home/airflow/.local/lib/python3.7/site-packages/airflow/example_dags/example_branch_operator.py
[2024-04-27T13:52:59.476+0000] {processor.py:753} INFO - DAG(s) dict_keys(['example_branch_operator']) retrieved from /home/airflow/.local/lib/python3.7/site-packages/airflow/example_dags/example_branch_operator.py
[2024-04-27T13:52:59.517+0000] {logging_mixin.py:137} INFO - [2024-04-27T13:52:59.517+0000] {dag.py:2690} INFO - Sync 1 DAGs
[2024-04-27T13:52:59.553+0000] {logging_mixin.py:137} INFO - [2024-04-27T13:52:59.553+0000] {dag.py:3441} INFO - Setting next_dagrun for example_branch_operator to 2024-04-26T00:00:00+00:00, run_after=2024-04-27T00:00:00+00:00
[2024-04-27T13:52:59.591+0000] {processor.py:175} INFO - Processing /home/airflow/.local/lib/python3.7/site-packages/airflow/example_dags/example_branch_operator.py took 0.144 seconds
[2024-04-27T13:53:30.498+0000] {processor.py:153} INFO - Started process (PID=1253) to work on /home/airflow/.local/lib/python3.7/site-packages/airflow/example_dags/example_branch_operator.py
[2024-04-27T13:53:30.499+0000] {processor.py:743} INFO - Processing file /home/airflow/.local/lib/python3.7/site-packages/airflow/example_dags/example_branch_operator.py for tasks to queue
[2024-04-27T13:53:30.500+0000] {logging_mixin.py:137} INFO - [2024-04-27T13:53:30.500+0000] {dagbag.py:538} INFO - Filling up the DagBag from /home/airflow/.local/lib/python3.7/site-packages/airflow/example_dags/example_branch_operator.py
[2024-04-27T13:53:30.534+0000] {processor.py:753} INFO - DAG(s) dict_keys(['example_branch_operator']) retrieved from /home/airflow/.local/lib/python3.7/site-packages/airflow/example_dags/example_branch_operator.py
[2024-04-27T13:53:30.582+0000] {logging_mixin.py:137} INFO - [2024-04-27T13:53:30.582+0000] {dag.py:2690} INFO - Sync 1 DAGs
[2024-04-27T13:53:30.637+0000] {logging_mixin.py:137} INFO - [2024-04-27T13:53:30.637+0000] {dag.py:3441} INFO - Setting next_dagrun for example_branch_operator to 2024-04-26T00:00:00+00:00, run_after=2024-04-27T00:00:00+00:00
[2024-04-27T13:53:30.672+0000] {processor.py:175} INFO - Processing /home/airflow/.local/lib/python3.7/site-packages/airflow/example_dags/example_branch_operator.py took 0.179 seconds
[2024-04-27T13:54:00.971+0000] {processor.py:153} INFO - Started process (PID=1326) to work on /home/airflow/.local/lib/python3.7/site-packages/airflow/example_dags/example_branch_operator.py
[2024-04-27T13:54:00.972+0000] {processor.py:743} INFO - Processing file /home/airflow/.local/lib/python3.7/site-packages/airflow/example_dags/example_branch_operator.py for tasks to queue
[2024-04-27T13:54:00.973+0000] {logging_mixin.py:137} INFO - [2024-04-27T13:54:00.973+0000] {dagbag.py:538} INFO - Filling up the DagBag from /home/airflow/.local/lib/python3.7/site-packages/airflow/example_dags/example_branch_operator.py
[2024-04-27T13:54:01.008+0000] {processor.py:753} INFO - DAG(s) dict_keys(['example_branch_operator']) retrieved from /home/airflow/.local/lib/python3.7/site-packages/airflow/example_dags/example_branch_operator.py
[2024-04-27T13:54:01.061+0000] {logging_mixin.py:137} INFO - [2024-04-27T13:54:01.061+0000] {dag.py:2690} INFO - Sync 1 DAGs
[2024-04-27T13:54:01.119+0000] {logging_mixin.py:137} INFO - [2024-04-27T13:54:01.119+0000] {dag.py:3441} INFO - Setting next_dagrun for example_branch_operator to 2024-04-26T00:00:00+00:00, run_after=2024-04-27T00:00:00+00:00
[2024-04-27T13:54:01.155+0000] {processor.py:175} INFO - Processing /home/airflow/.local/lib/python3.7/site-packages/airflow/example_dags/example_branch_operator.py took 0.190 seconds
[2024-04-27T14:03:17.848+0000] {processor.py:157} INFO - Started process (PID=64) to work on /home/airflow/.local/lib/python3.8/site-packages/airflow/example_dags/example_branch_operator.py
[2024-04-27T14:03:17.850+0000] {processor.py:829} INFO - Processing file /home/airflow/.local/lib/python3.8/site-packages/airflow/example_dags/example_branch_operator.py for tasks to queue
[2024-04-27T14:03:17.853+0000] {logging_mixin.py:151} INFO - [2024-04-27T14:03:17.853+0000] {dagbag.py:539} INFO - Filling up the DagBag from /home/airflow/.local/lib/python3.8/site-packages/airflow/example_dags/example_branch_operator.py
[2024-04-27T14:03:17.872+0000] {processor.py:839} INFO - DAG(s) dict_keys(['example_branch_operator']) retrieved from /home/airflow/.local/lib/python3.8/site-packages/airflow/example_dags/example_branch_operator.py
[2024-04-27T14:03:18.190+0000] {logging_mixin.py:151} INFO - [2024-04-27T14:03:18.190+0000] {manager.py:501} INFO - Created Permission View: can read on DAG:example_branch_operator
[2024-04-27T14:03:18.206+0000] {logging_mixin.py:151} INFO - [2024-04-27T14:03:18.206+0000] {manager.py:501} INFO - Created Permission View: can edit on DAG:example_branch_operator
[2024-04-27T14:03:18.216+0000] {logging_mixin.py:151} INFO - [2024-04-27T14:03:18.216+0000] {manager.py:501} INFO - Created Permission View: can delete on DAG:example_branch_operator
[2024-04-27T14:03:18.237+0000] {logging_mixin.py:151} INFO - [2024-04-27T14:03:18.237+0000] {dag.py:2907} INFO - Sync 1 DAGs
[2024-04-27T14:03:18.254+0000] {logging_mixin.py:151} INFO - [2024-04-27T14:03:18.254+0000] {dag.py:2929} INFO - Creating ORM DAG for example_branch_operator
[2024-04-27T14:03:18.276+0000] {logging_mixin.py:151} INFO - [2024-04-27T14:03:18.276+0000] {dag.py:3677} INFO - Setting next_dagrun for example_branch_operator to 2024-04-26T00:00:00+00:00, run_after=2024-04-27T00:00:00+00:00
[2024-04-27T14:03:18.306+0000] {processor.py:179} INFO - Processing /home/airflow/.local/lib/python3.8/site-packages/airflow/example_dags/example_branch_operator.py took 0.464 seconds
[2024-04-27T14:03:48.842+0000] {processor.py:157} INFO - Started process (PID=127) to work on /home/airflow/.local/lib/python3.8/site-packages/airflow/example_dags/example_branch_operator.py
[2024-04-27T14:03:48.849+0000] {processor.py:829} INFO - Processing file /home/airflow/.local/lib/python3.8/site-packages/airflow/example_dags/example_branch_operator.py for tasks to queue
[2024-04-27T14:03:48.852+0000] {logging_mixin.py:151} INFO - [2024-04-27T14:03:48.851+0000] {dagbag.py:539} INFO - Filling up the DagBag from /home/airflow/.local/lib/python3.8/site-packages/airflow/example_dags/example_branch_operator.py
[2024-04-27T14:03:48.881+0000] {processor.py:839} INFO - DAG(s) dict_keys(['example_branch_operator']) retrieved from /home/airflow/.local/lib/python3.8/site-packages/airflow/example_dags/example_branch_operator.py
[2024-04-27T14:03:48.934+0000] {logging_mixin.py:151} INFO - [2024-04-27T14:03:48.934+0000] {dag.py:2907} INFO - Sync 1 DAGs
[2024-04-27T14:03:48.985+0000] {logging_mixin.py:151} INFO - [2024-04-27T14:03:48.985+0000] {dag.py:3677} INFO - Setting next_dagrun for example_branch_operator to 2024-04-26T00:00:00+00:00, run_after=2024-04-27T00:00:00+00:00
[2024-04-27T14:03:49.030+0000] {processor.py:179} INFO - Processing /home/airflow/.local/lib/python3.8/site-packages/airflow/example_dags/example_branch_operator.py took 0.193 seconds
[2024-04-27T14:04:19.522+0000] {processor.py:157} INFO - Started process (PID=190) to work on /home/airflow/.local/lib/python3.8/site-packages/airflow/example_dags/example_branch_operator.py
[2024-04-27T14:04:19.525+0000] {processor.py:829} INFO - Processing file /home/airflow/.local/lib/python3.8/site-packages/airflow/example_dags/example_branch_operator.py for tasks to queue
[2024-04-27T14:04:19.529+0000] {logging_mixin.py:151} INFO - [2024-04-27T14:04:19.528+0000] {dagbag.py:539} INFO - Filling up the DagBag from /home/airflow/.local/lib/python3.8/site-packages/airflow/example_dags/example_branch_operator.py
[2024-04-27T14:04:19.549+0000] {processor.py:839} INFO - DAG(s) dict_keys(['example_branch_operator']) retrieved from /home/airflow/.local/lib/python3.8/site-packages/airflow/example_dags/example_branch_operator.py
[2024-04-27T14:04:19.600+0000] {logging_mixin.py:151} INFO - [2024-04-27T14:04:19.600+0000] {dag.py:2907} INFO - Sync 1 DAGs
[2024-04-27T14:04:19.638+0000] {logging_mixin.py:151} INFO - [2024-04-27T14:04:19.638+0000] {dag.py:3677} INFO - Setting next_dagrun for example_branch_operator to 2024-04-26T00:00:00+00:00, run_after=2024-04-27T00:00:00+00:00
[2024-04-27T14:04:19.670+0000] {processor.py:179} INFO - Processing /home/airflow/.local/lib/python3.8/site-packages/airflow/example_dags/example_branch_operator.py took 0.155 seconds
[2024-04-27T14:04:50.012+0000] {processor.py:157} INFO - Started process (PID=261) to work on /home/airflow/.local/lib/python3.8/site-packages/airflow/example_dags/example_branch_operator.py
[2024-04-27T14:04:50.013+0000] {processor.py:829} INFO - Processing file /home/airflow/.local/lib/python3.8/site-packages/airflow/example_dags/example_branch_operator.py for tasks to queue
[2024-04-27T14:04:50.016+0000] {logging_mixin.py:151} INFO - [2024-04-27T14:04:50.016+0000] {dagbag.py:539} INFO - Filling up the DagBag from /home/airflow/.local/lib/python3.8/site-packages/airflow/example_dags/example_branch_operator.py
[2024-04-27T14:04:50.033+0000] {processor.py:839} INFO - DAG(s) dict_keys(['example_branch_operator']) retrieved from /home/airflow/.local/lib/python3.8/site-packages/airflow/example_dags/example_branch_operator.py
[2024-04-27T14:04:50.084+0000] {logging_mixin.py:151} INFO - [2024-04-27T14:04:50.084+0000] {dag.py:2907} INFO - Sync 1 DAGs
[2024-04-27T14:04:50.128+0000] {logging_mixin.py:151} INFO - [2024-04-27T14:04:50.128+0000] {dag.py:3677} INFO - Setting next_dagrun for example_branch_operator to 2024-04-26T00:00:00+00:00, run_after=2024-04-27T00:00:00+00:00
[2024-04-27T14:04:50.158+0000] {processor.py:179} INFO - Processing /home/airflow/.local/lib/python3.8/site-packages/airflow/example_dags/example_branch_operator.py took 0.151 seconds
[2024-04-27T14:05:20.239+0000] {processor.py:157} INFO - Started process (PID=325) to work on /home/airflow/.local/lib/python3.8/site-packages/airflow/example_dags/example_branch_operator.py
[2024-04-27T14:05:20.240+0000] {processor.py:829} INFO - Processing file /home/airflow/.local/lib/python3.8/site-packages/airflow/example_dags/example_branch_operator.py for tasks to queue
[2024-04-27T14:05:20.242+0000] {logging_mixin.py:151} INFO - [2024-04-27T14:05:20.242+0000] {dagbag.py:539} INFO - Filling up the DagBag from /home/airflow/.local/lib/python3.8/site-packages/airflow/example_dags/example_branch_operator.py
[2024-04-27T14:05:20.255+0000] {processor.py:839} INFO - DAG(s) dict_keys(['example_branch_operator']) retrieved from /home/airflow/.local/lib/python3.8/site-packages/airflow/example_dags/example_branch_operator.py
[2024-04-27T14:05:20.285+0000] {logging_mixin.py:151} INFO - [2024-04-27T14:05:20.285+0000] {dag.py:2907} INFO - Sync 1 DAGs
[2024-04-27T14:05:20.315+0000] {logging_mixin.py:151} INFO - [2024-04-27T14:05:20.314+0000] {dag.py:3677} INFO - Setting next_dagrun for example_branch_operator to 2024-04-26T00:00:00+00:00, run_after=2024-04-27T00:00:00+00:00
[2024-04-27T14:05:20.346+0000] {processor.py:179} INFO - Processing /home/airflow/.local/lib/python3.8/site-packages/airflow/example_dags/example_branch_operator.py took 0.110 seconds
[2024-04-27T14:05:50.659+0000] {processor.py:157} INFO - Started process (PID=389) to work on /home/airflow/.local/lib/python3.8/site-packages/airflow/example_dags/example_branch_operator.py
[2024-04-27T14:05:50.660+0000] {processor.py:829} INFO - Processing file /home/airflow/.local/lib/python3.8/site-packages/airflow/example_dags/example_branch_operator.py for tasks to queue
[2024-04-27T14:05:50.664+0000] {logging_mixin.py:151} INFO - [2024-04-27T14:05:50.663+0000] {dagbag.py:539} INFO - Filling up the DagBag from /home/airflow/.local/lib/python3.8/site-packages/airflow/example_dags/example_branch_operator.py
[2024-04-27T14:05:50.682+0000] {processor.py:839} INFO - DAG(s) dict_keys(['example_branch_operator']) retrieved from /home/airflow/.local/lib/python3.8/site-packages/airflow/example_dags/example_branch_operator.py
[2024-04-27T14:05:50.720+0000] {logging_mixin.py:151} INFO - [2024-04-27T14:05:50.719+0000] {dag.py:2907} INFO - Sync 1 DAGs
[2024-04-27T14:05:50.758+0000] {logging_mixin.py:151} INFO - [2024-04-27T14:05:50.758+0000] {dag.py:3677} INFO - Setting next_dagrun for example_branch_operator to 2024-04-26T00:00:00+00:00, run_after=2024-04-27T00:00:00+00:00
[2024-04-27T14:05:50.787+0000] {processor.py:179} INFO - Processing /home/airflow/.local/lib/python3.8/site-packages/airflow/example_dags/example_branch_operator.py took 0.132 seconds
[2024-04-27T14:06:21.094+0000] {processor.py:157} INFO - Started process (PID=452) to work on /home/airflow/.local/lib/python3.8/site-packages/airflow/example_dags/example_branch_operator.py
[2024-04-27T14:06:21.095+0000] {processor.py:829} INFO - Processing file /home/airflow/.local/lib/python3.8/site-packages/airflow/example_dags/example_branch_operator.py for tasks to queue
[2024-04-27T14:06:21.098+0000] {logging_mixin.py:151} INFO - [2024-04-27T14:06:21.097+0000] {dagbag.py:539} INFO - Filling up the DagBag from /home/airflow/.local/lib/python3.8/site-packages/airflow/example_dags/example_branch_operator.py
[2024-04-27T14:06:21.110+0000] {processor.py:839} INFO - DAG(s) dict_keys(['example_branch_operator']) retrieved from /home/airflow/.local/lib/python3.8/site-packages/airflow/example_dags/example_branch_operator.py
[2024-04-27T14:06:21.141+0000] {logging_mixin.py:151} INFO - [2024-04-27T14:06:21.141+0000] {dag.py:2907} INFO - Sync 1 DAGs
[2024-04-27T14:06:21.176+0000] {logging_mixin.py:151} INFO - [2024-04-27T14:06:21.176+0000] {dag.py:3677} INFO - Setting next_dagrun for example_branch_operator to 2024-04-26T00:00:00+00:00, run_after=2024-04-27T00:00:00+00:00
[2024-04-27T14:06:21.203+0000] {processor.py:179} INFO - Processing /home/airflow/.local/lib/python3.8/site-packages/airflow/example_dags/example_branch_operator.py took 0.114 seconds
[2024-04-27T14:06:51.545+0000] {processor.py:157} INFO - Started process (PID=524) to work on /home/airflow/.local/lib/python3.8/site-packages/airflow/example_dags/example_branch_operator.py
[2024-04-27T14:06:51.546+0000] {processor.py:829} INFO - Processing file /home/airflow/.local/lib/python3.8/site-packages/airflow/example_dags/example_branch_operator.py for tasks to queue
[2024-04-27T14:06:51.550+0000] {logging_mixin.py:151} INFO - [2024-04-27T14:06:51.550+0000] {dagbag.py:539} INFO - Filling up the DagBag from /home/airflow/.local/lib/python3.8/site-packages/airflow/example_dags/example_branch_operator.py
[2024-04-27T14:06:51.562+0000] {processor.py:839} INFO - DAG(s) dict_keys(['example_branch_operator']) retrieved from /home/airflow/.local/lib/python3.8/site-packages/airflow/example_dags/example_branch_operator.py
[2024-04-27T14:06:51.607+0000] {logging_mixin.py:151} INFO - [2024-04-27T14:06:51.607+0000] {dag.py:2907} INFO - Sync 1 DAGs
[2024-04-27T14:06:51.653+0000] {logging_mixin.py:151} INFO - [2024-04-27T14:06:51.652+0000] {dag.py:3677} INFO - Setting next_dagrun for example_branch_operator to 2024-04-26T00:00:00+00:00, run_after=2024-04-27T00:00:00+00:00
[2024-04-27T14:06:51.674+0000] {processor.py:179} INFO - Processing /home/airflow/.local/lib/python3.8/site-packages/airflow/example_dags/example_branch_operator.py took 0.134 seconds
[2024-04-27T14:07:22.472+0000] {processor.py:157} INFO - Started process (PID=589) to work on /home/airflow/.local/lib/python3.8/site-packages/airflow/example_dags/example_branch_operator.py
[2024-04-27T14:07:22.474+0000] {processor.py:829} INFO - Processing file /home/airflow/.local/lib/python3.8/site-packages/airflow/example_dags/example_branch_operator.py for tasks to queue
[2024-04-27T14:07:22.478+0000] {logging_mixin.py:151} INFO - [2024-04-27T14:07:22.477+0000] {dagbag.py:539} INFO - Filling up the DagBag from /home/airflow/.local/lib/python3.8/site-packages/airflow/example_dags/example_branch_operator.py
[2024-04-27T14:07:22.494+0000] {processor.py:839} INFO - DAG(s) dict_keys(['example_branch_operator']) retrieved from /home/airflow/.local/lib/python3.8/site-packages/airflow/example_dags/example_branch_operator.py
[2024-04-27T14:07:22.523+0000] {logging_mixin.py:151} INFO - [2024-04-27T14:07:22.523+0000] {dag.py:2907} INFO - Sync 1 DAGs
[2024-04-27T14:07:22.556+0000] {logging_mixin.py:151} INFO - [2024-04-27T14:07:22.555+0000] {dag.py:3677} INFO - Setting next_dagrun for example_branch_operator to 2024-04-26T00:00:00+00:00, run_after=2024-04-27T00:00:00+00:00
[2024-04-27T14:07:22.578+0000] {processor.py:179} INFO - Processing /home/airflow/.local/lib/python3.8/site-packages/airflow/example_dags/example_branch_operator.py took 0.111 seconds
[2024-04-27T14:11:45.985+0000] {processor.py:157} INFO - Started process (PID=63) to work on /home/airflow/.local/lib/python3.8/site-packages/airflow/example_dags/example_branch_operator.py
[2024-04-27T14:11:45.988+0000] {processor.py:829} INFO - Processing file /home/airflow/.local/lib/python3.8/site-packages/airflow/example_dags/example_branch_operator.py for tasks to queue
[2024-04-27T14:11:46.000+0000] {logging_mixin.py:151} INFO - [2024-04-27T14:11:45.991+0000] {dagbag.py:539} INFO - Filling up the DagBag from /home/airflow/.local/lib/python3.8/site-packages/airflow/example_dags/example_branch_operator.py
[2024-04-27T14:11:46.083+0000] {processor.py:839} INFO - DAG(s) dict_keys(['example_branch_operator']) retrieved from /home/airflow/.local/lib/python3.8/site-packages/airflow/example_dags/example_branch_operator.py
[2024-04-27T14:11:46.204+0000] {logging_mixin.py:151} INFO - [2024-04-27T14:11:46.204+0000] {dag.py:2907} INFO - Sync 1 DAGs
[2024-04-27T14:11:46.528+0000] {logging_mixin.py:151} INFO - [2024-04-27T14:11:46.528+0000] {dag.py:3677} INFO - Setting next_dagrun for example_branch_operator to 2024-04-26T00:00:00+00:00, run_after=2024-04-27T00:00:00+00:00
[2024-04-27T14:11:46.584+0000] {processor.py:179} INFO - Processing /home/airflow/.local/lib/python3.8/site-packages/airflow/example_dags/example_branch_operator.py took 0.620 seconds
[2024-04-27T14:12:17.164+0000] {processor.py:157} INFO - Started process (PID=126) to work on /home/airflow/.local/lib/python3.8/site-packages/airflow/example_dags/example_branch_operator.py
[2024-04-27T14:12:17.165+0000] {processor.py:829} INFO - Processing file /home/airflow/.local/lib/python3.8/site-packages/airflow/example_dags/example_branch_operator.py for tasks to queue
[2024-04-27T14:12:17.167+0000] {logging_mixin.py:151} INFO - [2024-04-27T14:12:17.167+0000] {dagbag.py:539} INFO - Filling up the DagBag from /home/airflow/.local/lib/python3.8/site-packages/airflow/example_dags/example_branch_operator.py
[2024-04-27T14:12:17.180+0000] {processor.py:839} INFO - DAG(s) dict_keys(['example_branch_operator']) retrieved from /home/airflow/.local/lib/python3.8/site-packages/airflow/example_dags/example_branch_operator.py
[2024-04-27T14:12:17.213+0000] {logging_mixin.py:151} INFO - [2024-04-27T14:12:17.213+0000] {dag.py:2907} INFO - Sync 1 DAGs
[2024-04-27T14:12:17.249+0000] {logging_mixin.py:151} INFO - [2024-04-27T14:12:17.248+0000] {dag.py:3677} INFO - Setting next_dagrun for example_branch_operator to 2024-04-26T00:00:00+00:00, run_after=2024-04-27T00:00:00+00:00
[2024-04-27T14:12:17.280+0000] {processor.py:179} INFO - Processing /home/airflow/.local/lib/python3.8/site-packages/airflow/example_dags/example_branch_operator.py took 0.121 seconds
[2024-04-27T14:12:47.796+0000] {processor.py:157} INFO - Started process (PID=189) to work on /home/airflow/.local/lib/python3.8/site-packages/airflow/example_dags/example_branch_operator.py
[2024-04-27T14:12:47.797+0000] {processor.py:829} INFO - Processing file /home/airflow/.local/lib/python3.8/site-packages/airflow/example_dags/example_branch_operator.py for tasks to queue
[2024-04-27T14:12:47.800+0000] {logging_mixin.py:151} INFO - [2024-04-27T14:12:47.800+0000] {dagbag.py:539} INFO - Filling up the DagBag from /home/airflow/.local/lib/python3.8/site-packages/airflow/example_dags/example_branch_operator.py
[2024-04-27T14:12:47.822+0000] {processor.py:839} INFO - DAG(s) dict_keys(['example_branch_operator']) retrieved from /home/airflow/.local/lib/python3.8/site-packages/airflow/example_dags/example_branch_operator.py
[2024-04-27T14:12:47.863+0000] {logging_mixin.py:151} INFO - [2024-04-27T14:12:47.863+0000] {dag.py:2907} INFO - Sync 1 DAGs
[2024-04-27T14:12:47.911+0000] {logging_mixin.py:151} INFO - [2024-04-27T14:12:47.910+0000] {dag.py:3677} INFO - Setting next_dagrun for example_branch_operator to 2024-04-26T00:00:00+00:00, run_after=2024-04-27T00:00:00+00:00
[2024-04-27T14:12:47.945+0000] {processor.py:179} INFO - Processing /home/airflow/.local/lib/python3.8/site-packages/airflow/example_dags/example_branch_operator.py took 0.156 seconds
[2024-04-27T14:13:18.051+0000] {processor.py:157} INFO - Started process (PID=251) to work on /home/airflow/.local/lib/python3.8/site-packages/airflow/example_dags/example_branch_operator.py
[2024-04-27T14:13:18.052+0000] {processor.py:829} INFO - Processing file /home/airflow/.local/lib/python3.8/site-packages/airflow/example_dags/example_branch_operator.py for tasks to queue
[2024-04-27T14:13:18.055+0000] {logging_mixin.py:151} INFO - [2024-04-27T14:13:18.054+0000] {dagbag.py:539} INFO - Filling up the DagBag from /home/airflow/.local/lib/python3.8/site-packages/airflow/example_dags/example_branch_operator.py
[2024-04-27T14:13:18.072+0000] {processor.py:839} INFO - DAG(s) dict_keys(['example_branch_operator']) retrieved from /home/airflow/.local/lib/python3.8/site-packages/airflow/example_dags/example_branch_operator.py
[2024-04-27T14:13:18.102+0000] {logging_mixin.py:151} INFO - [2024-04-27T14:13:18.102+0000] {dag.py:2907} INFO - Sync 1 DAGs
[2024-04-27T14:13:18.135+0000] {logging_mixin.py:151} INFO - [2024-04-27T14:13:18.135+0000] {dag.py:3677} INFO - Setting next_dagrun for example_branch_operator to 2024-04-26T00:00:00+00:00, run_after=2024-04-27T00:00:00+00:00
[2024-04-27T14:13:18.156+0000] {processor.py:179} INFO - Processing /home/airflow/.local/lib/python3.8/site-packages/airflow/example_dags/example_branch_operator.py took 0.112 seconds
[2024-04-27T14:13:48.293+0000] {processor.py:157} INFO - Started process (PID=321) to work on /home/airflow/.local/lib/python3.8/site-packages/airflow/example_dags/example_branch_operator.py
[2024-04-27T14:13:48.294+0000] {processor.py:829} INFO - Processing file /home/airflow/.local/lib/python3.8/site-packages/airflow/example_dags/example_branch_operator.py for tasks to queue
[2024-04-27T14:13:48.298+0000] {logging_mixin.py:151} INFO - [2024-04-27T14:13:48.297+0000] {dagbag.py:539} INFO - Filling up the DagBag from /home/airflow/.local/lib/python3.8/site-packages/airflow/example_dags/example_branch_operator.py
[2024-04-27T14:13:48.320+0000] {processor.py:839} INFO - DAG(s) dict_keys(['example_branch_operator']) retrieved from /home/airflow/.local/lib/python3.8/site-packages/airflow/example_dags/example_branch_operator.py
[2024-04-27T14:13:48.362+0000] {logging_mixin.py:151} INFO - [2024-04-27T14:13:48.362+0000] {dag.py:2907} INFO - Sync 1 DAGs
[2024-04-27T14:13:48.406+0000] {logging_mixin.py:151} INFO - [2024-04-27T14:13:48.405+0000] {dag.py:3677} INFO - Setting next_dagrun for example_branch_operator to 2024-04-26T00:00:00+00:00, run_after=2024-04-27T00:00:00+00:00
[2024-04-27T14:13:48.437+0000] {processor.py:179} INFO - Processing /home/airflow/.local/lib/python3.8/site-packages/airflow/example_dags/example_branch_operator.py took 0.150 seconds
[2024-04-27T14:14:18.613+0000] {processor.py:157} INFO - Started process (PID=385) to work on /home/airflow/.local/lib/python3.8/site-packages/airflow/example_dags/example_branch_operator.py
[2024-04-27T14:14:18.614+0000] {processor.py:829} INFO - Processing file /home/airflow/.local/lib/python3.8/site-packages/airflow/example_dags/example_branch_operator.py for tasks to queue
[2024-04-27T14:14:18.616+0000] {logging_mixin.py:151} INFO - [2024-04-27T14:14:18.616+0000] {dagbag.py:539} INFO - Filling up the DagBag from /home/airflow/.local/lib/python3.8/site-packages/airflow/example_dags/example_branch_operator.py
[2024-04-27T14:14:18.632+0000] {processor.py:839} INFO - DAG(s) dict_keys(['example_branch_operator']) retrieved from /home/airflow/.local/lib/python3.8/site-packages/airflow/example_dags/example_branch_operator.py
[2024-04-27T14:14:18.669+0000] {logging_mixin.py:151} INFO - [2024-04-27T14:14:18.669+0000] {dag.py:2907} INFO - Sync 1 DAGs
[2024-04-27T14:14:18.706+0000] {logging_mixin.py:151} INFO - [2024-04-27T14:14:18.706+0000] {dag.py:3677} INFO - Setting next_dagrun for example_branch_operator to 2024-04-26T00:00:00+00:00, run_after=2024-04-27T00:00:00+00:00
[2024-04-27T14:14:18.728+0000] {processor.py:179} INFO - Processing /home/airflow/.local/lib/python3.8/site-packages/airflow/example_dags/example_branch_operator.py took 0.122 seconds
[2024-04-27T14:14:49.410+0000] {processor.py:157} INFO - Started process (PID=449) to work on /home/airflow/.local/lib/python3.8/site-packages/airflow/example_dags/example_branch_operator.py
[2024-04-27T14:14:49.412+0000] {processor.py:829} INFO - Processing file /home/airflow/.local/lib/python3.8/site-packages/airflow/example_dags/example_branch_operator.py for tasks to queue
[2024-04-27T14:14:49.416+0000] {logging_mixin.py:151} INFO - [2024-04-27T14:14:49.415+0000] {dagbag.py:539} INFO - Filling up the DagBag from /home/airflow/.local/lib/python3.8/site-packages/airflow/example_dags/example_branch_operator.py
[2024-04-27T14:14:49.431+0000] {processor.py:839} INFO - DAG(s) dict_keys(['example_branch_operator']) retrieved from /home/airflow/.local/lib/python3.8/site-packages/airflow/example_dags/example_branch_operator.py
[2024-04-27T14:14:49.470+0000] {logging_mixin.py:151} INFO - [2024-04-27T14:14:49.469+0000] {dag.py:2907} INFO - Sync 1 DAGs
[2024-04-27T14:14:49.514+0000] {logging_mixin.py:151} INFO - [2024-04-27T14:14:49.513+0000] {dag.py:3677} INFO - Setting next_dagrun for example_branch_operator to 2024-04-26T00:00:00+00:00, run_after=2024-04-27T00:00:00+00:00
[2024-04-27T14:14:49.548+0000] {processor.py:179} INFO - Processing /home/airflow/.local/lib/python3.8/site-packages/airflow/example_dags/example_branch_operator.py took 0.142 seconds
[2024-04-27T14:15:20.219+0000] {processor.py:157} INFO - Started process (PID=513) to work on /home/airflow/.local/lib/python3.8/site-packages/airflow/example_dags/example_branch_operator.py
[2024-04-27T14:15:20.220+0000] {processor.py:829} INFO - Processing file /home/airflow/.local/lib/python3.8/site-packages/airflow/example_dags/example_branch_operator.py for tasks to queue
[2024-04-27T14:15:20.231+0000] {logging_mixin.py:151} INFO - [2024-04-27T14:15:20.231+0000] {dagbag.py:539} INFO - Filling up the DagBag from /home/airflow/.local/lib/python3.8/site-packages/airflow/example_dags/example_branch_operator.py
[2024-04-27T14:15:20.249+0000] {processor.py:839} INFO - DAG(s) dict_keys(['example_branch_operator']) retrieved from /home/airflow/.local/lib/python3.8/site-packages/airflow/example_dags/example_branch_operator.py
[2024-04-27T14:15:20.283+0000] {logging_mixin.py:151} INFO - [2024-04-27T14:15:20.283+0000] {dag.py:2907} INFO - Sync 1 DAGs
[2024-04-27T14:15:20.327+0000] {logging_mixin.py:151} INFO - [2024-04-27T14:15:20.326+0000] {dag.py:3677} INFO - Setting next_dagrun for example_branch_operator to 2024-04-26T00:00:00+00:00, run_after=2024-04-27T00:00:00+00:00
[2024-04-27T14:15:20.359+0000] {processor.py:179} INFO - Processing /home/airflow/.local/lib/python3.8/site-packages/airflow/example_dags/example_branch_operator.py took 0.152 seconds
[2024-04-27T14:15:50.992+0000] {processor.py:157} INFO - Started process (PID=587) to work on /home/airflow/.local/lib/python3.8/site-packages/airflow/example_dags/example_branch_operator.py
[2024-04-27T14:15:50.994+0000] {processor.py:829} INFO - Processing file /home/airflow/.local/lib/python3.8/site-packages/airflow/example_dags/example_branch_operator.py for tasks to queue
[2024-04-27T14:15:51.003+0000] {logging_mixin.py:151} INFO - [2024-04-27T14:15:51.002+0000] {dagbag.py:539} INFO - Filling up the DagBag from /home/airflow/.local/lib/python3.8/site-packages/airflow/example_dags/example_branch_operator.py
[2024-04-27T14:15:51.036+0000] {processor.py:839} INFO - DAG(s) dict_keys(['example_branch_operator']) retrieved from /home/airflow/.local/lib/python3.8/site-packages/airflow/example_dags/example_branch_operator.py
[2024-04-27T14:15:51.089+0000] {logging_mixin.py:151} INFO - [2024-04-27T14:15:51.089+0000] {dag.py:2907} INFO - Sync 1 DAGs
[2024-04-27T14:15:51.120+0000] {logging_mixin.py:151} INFO - [2024-04-27T14:15:51.120+0000] {dag.py:3677} INFO - Setting next_dagrun for example_branch_operator to 2024-04-26T00:00:00+00:00, run_after=2024-04-27T00:00:00+00:00
[2024-04-27T14:15:51.144+0000] {processor.py:179} INFO - Processing /home/airflow/.local/lib/python3.8/site-packages/airflow/example_dags/example_branch_operator.py took 0.161 seconds
[2024-04-27T14:16:21.532+0000] {processor.py:157} INFO - Started process (PID=650) to work on /home/airflow/.local/lib/python3.8/site-packages/airflow/example_dags/example_branch_operator.py
[2024-04-27T14:16:21.533+0000] {processor.py:829} INFO - Processing file /home/airflow/.local/lib/python3.8/site-packages/airflow/example_dags/example_branch_operator.py for tasks to queue
[2024-04-27T14:16:21.536+0000] {logging_mixin.py:151} INFO - [2024-04-27T14:16:21.535+0000] {dagbag.py:539} INFO - Filling up the DagBag from /home/airflow/.local/lib/python3.8/site-packages/airflow/example_dags/example_branch_operator.py
[2024-04-27T14:16:21.552+0000] {processor.py:839} INFO - DAG(s) dict_keys(['example_branch_operator']) retrieved from /home/airflow/.local/lib/python3.8/site-packages/airflow/example_dags/example_branch_operator.py
[2024-04-27T14:16:21.591+0000] {logging_mixin.py:151} INFO - [2024-04-27T14:16:21.591+0000] {dag.py:2907} INFO - Sync 1 DAGs
[2024-04-27T14:16:21.634+0000] {logging_mixin.py:151} INFO - [2024-04-27T14:16:21.633+0000] {dag.py:3677} INFO - Setting next_dagrun for example_branch_operator to 2024-04-26T00:00:00+00:00, run_after=2024-04-27T00:00:00+00:00
[2024-04-27T14:16:21.664+0000] {processor.py:179} INFO - Processing /home/airflow/.local/lib/python3.8/site-packages/airflow/example_dags/example_branch_operator.py took 0.136 seconds
[2024-04-27T14:16:52.627+0000] {processor.py:157} INFO - Started process (PID=715) to work on /home/airflow/.local/lib/python3.8/site-packages/airflow/example_dags/example_branch_operator.py
[2024-04-27T14:16:52.629+0000] {processor.py:829} INFO - Processing file /home/airflow/.local/lib/python3.8/site-packages/airflow/example_dags/example_branch_operator.py for tasks to queue
[2024-04-27T14:16:52.633+0000] {logging_mixin.py:151} INFO - [2024-04-27T14:16:52.633+0000] {dagbag.py:539} INFO - Filling up the DagBag from /home/airflow/.local/lib/python3.8/site-packages/airflow/example_dags/example_branch_operator.py
[2024-04-27T14:16:52.651+0000] {processor.py:839} INFO - DAG(s) dict_keys(['example_branch_operator']) retrieved from /home/airflow/.local/lib/python3.8/site-packages/airflow/example_dags/example_branch_operator.py
[2024-04-27T14:16:52.699+0000] {logging_mixin.py:151} INFO - [2024-04-27T14:16:52.699+0000] {dag.py:2907} INFO - Sync 1 DAGs
[2024-04-27T14:16:52.765+0000] {logging_mixin.py:151} INFO - [2024-04-27T14:16:52.765+0000] {dag.py:3677} INFO - Setting next_dagrun for example_branch_operator to 2024-04-26T00:00:00+00:00, run_after=2024-04-27T00:00:00+00:00
[2024-04-27T14:16:52.801+0000] {processor.py:179} INFO - Processing /home/airflow/.local/lib/python3.8/site-packages/airflow/example_dags/example_branch_operator.py took 0.179 seconds
[2024-04-27T14:17:23.862+0000] {processor.py:157} INFO - Started process (PID=786) to work on /home/airflow/.local/lib/python3.8/site-packages/airflow/example_dags/example_branch_operator.py
[2024-04-27T14:17:23.863+0000] {processor.py:829} INFO - Processing file /home/airflow/.local/lib/python3.8/site-packages/airflow/example_dags/example_branch_operator.py for tasks to queue
[2024-04-27T14:17:23.866+0000] {logging_mixin.py:151} INFO - [2024-04-27T14:17:23.866+0000] {dagbag.py:539} INFO - Filling up the DagBag from /home/airflow/.local/lib/python3.8/site-packages/airflow/example_dags/example_branch_operator.py
[2024-04-27T14:17:23.878+0000] {processor.py:839} INFO - DAG(s) dict_keys(['example_branch_operator']) retrieved from /home/airflow/.local/lib/python3.8/site-packages/airflow/example_dags/example_branch_operator.py
[2024-04-27T14:17:23.912+0000] {logging_mixin.py:151} INFO - [2024-04-27T14:17:23.912+0000] {dag.py:2907} INFO - Sync 1 DAGs
[2024-04-27T14:17:23.954+0000] {logging_mixin.py:151} INFO - [2024-04-27T14:17:23.953+0000] {dag.py:3677} INFO - Setting next_dagrun for example_branch_operator to 2024-04-26T00:00:00+00:00, run_after=2024-04-27T00:00:00+00:00
[2024-04-27T14:17:23.977+0000] {processor.py:179} INFO - Processing /home/airflow/.local/lib/python3.8/site-packages/airflow/example_dags/example_branch_operator.py took 0.119 seconds
[2024-04-27T14:17:55.042+0000] {processor.py:157} INFO - Started process (PID=851) to work on /home/airflow/.local/lib/python3.8/site-packages/airflow/example_dags/example_branch_operator.py
[2024-04-27T14:17:55.043+0000] {processor.py:829} INFO - Processing file /home/airflow/.local/lib/python3.8/site-packages/airflow/example_dags/example_branch_operator.py for tasks to queue
[2024-04-27T14:17:55.048+0000] {logging_mixin.py:151} INFO - [2024-04-27T14:17:55.047+0000] {dagbag.py:539} INFO - Filling up the DagBag from /home/airflow/.local/lib/python3.8/site-packages/airflow/example_dags/example_branch_operator.py
[2024-04-27T14:17:55.062+0000] {processor.py:839} INFO - DAG(s) dict_keys(['example_branch_operator']) retrieved from /home/airflow/.local/lib/python3.8/site-packages/airflow/example_dags/example_branch_operator.py
[2024-04-27T14:17:55.094+0000] {logging_mixin.py:151} INFO - [2024-04-27T14:17:55.093+0000] {dag.py:2907} INFO - Sync 1 DAGs
[2024-04-27T14:17:55.124+0000] {logging_mixin.py:151} INFO - [2024-04-27T14:17:55.124+0000] {dag.py:3677} INFO - Setting next_dagrun for example_branch_operator to 2024-04-26T00:00:00+00:00, run_after=2024-04-27T00:00:00+00:00
[2024-04-27T14:17:55.144+0000] {processor.py:179} INFO - Processing /home/airflow/.local/lib/python3.8/site-packages/airflow/example_dags/example_branch_operator.py took 0.107 seconds
[2024-04-27T14:18:25.577+0000] {processor.py:157} INFO - Started process (PID=915) to work on /home/airflow/.local/lib/python3.8/site-packages/airflow/example_dags/example_branch_operator.py
[2024-04-27T14:18:25.578+0000] {processor.py:829} INFO - Processing file /home/airflow/.local/lib/python3.8/site-packages/airflow/example_dags/example_branch_operator.py for tasks to queue
[2024-04-27T14:18:25.582+0000] {logging_mixin.py:151} INFO - [2024-04-27T14:18:25.581+0000] {dagbag.py:539} INFO - Filling up the DagBag from /home/airflow/.local/lib/python3.8/site-packages/airflow/example_dags/example_branch_operator.py
[2024-04-27T14:18:25.597+0000] {processor.py:839} INFO - DAG(s) dict_keys(['example_branch_operator']) retrieved from /home/airflow/.local/lib/python3.8/site-packages/airflow/example_dags/example_branch_operator.py
[2024-04-27T14:18:25.651+0000] {logging_mixin.py:151} INFO - [2024-04-27T14:18:25.651+0000] {dag.py:2907} INFO - Sync 1 DAGs
[2024-04-27T14:18:25.702+0000] {logging_mixin.py:151} INFO - [2024-04-27T14:18:25.702+0000] {dag.py:3677} INFO - Setting next_dagrun for example_branch_operator to 2024-04-26T00:00:00+00:00, run_after=2024-04-27T00:00:00+00:00
[2024-04-27T14:18:25.739+0000] {processor.py:179} INFO - Processing /home/airflow/.local/lib/python3.8/site-packages/airflow/example_dags/example_branch_operator.py took 0.167 seconds
[2024-04-27T14:18:56.686+0000] {processor.py:157} INFO - Started process (PID=977) to work on /home/airflow/.local/lib/python3.8/site-packages/airflow/example_dags/example_branch_operator.py
[2024-04-27T14:18:56.687+0000] {processor.py:829} INFO - Processing file /home/airflow/.local/lib/python3.8/site-packages/airflow/example_dags/example_branch_operator.py for tasks to queue
[2024-04-27T14:18:56.690+0000] {logging_mixin.py:151} INFO - [2024-04-27T14:18:56.689+0000] {dagbag.py:539} INFO - Filling up the DagBag from /home/airflow/.local/lib/python3.8/site-packages/airflow/example_dags/example_branch_operator.py
[2024-04-27T14:18:56.706+0000] {processor.py:839} INFO - DAG(s) dict_keys(['example_branch_operator']) retrieved from /home/airflow/.local/lib/python3.8/site-packages/airflow/example_dags/example_branch_operator.py
[2024-04-27T14:18:56.743+0000] {logging_mixin.py:151} INFO - [2024-04-27T14:18:56.742+0000] {dag.py:2907} INFO - Sync 1 DAGs
[2024-04-27T14:18:56.783+0000] {logging_mixin.py:151} INFO - [2024-04-27T14:18:56.783+0000] {dag.py:3677} INFO - Setting next_dagrun for example_branch_operator to 2024-04-26T00:00:00+00:00, run_after=2024-04-27T00:00:00+00:00
[2024-04-27T14:18:56.815+0000] {processor.py:179} INFO - Processing /home/airflow/.local/lib/python3.8/site-packages/airflow/example_dags/example_branch_operator.py took 0.134 seconds
[2024-04-27T14:19:27.833+0000] {processor.py:157} INFO - Started process (PID=1048) to work on /home/airflow/.local/lib/python3.8/site-packages/airflow/example_dags/example_branch_operator.py
[2024-04-27T14:19:27.834+0000] {processor.py:829} INFO - Processing file /home/airflow/.local/lib/python3.8/site-packages/airflow/example_dags/example_branch_operator.py for tasks to queue
[2024-04-27T14:19:27.837+0000] {logging_mixin.py:151} INFO - [2024-04-27T14:19:27.837+0000] {dagbag.py:539} INFO - Filling up the DagBag from /home/airflow/.local/lib/python3.8/site-packages/airflow/example_dags/example_branch_operator.py
[2024-04-27T14:19:27.848+0000] {processor.py:839} INFO - DAG(s) dict_keys(['example_branch_operator']) retrieved from /home/airflow/.local/lib/python3.8/site-packages/airflow/example_dags/example_branch_operator.py
[2024-04-27T14:19:27.887+0000] {logging_mixin.py:151} INFO - [2024-04-27T14:19:27.887+0000] {dag.py:2907} INFO - Sync 1 DAGs
[2024-04-27T14:19:27.932+0000] {logging_mixin.py:151} INFO - [2024-04-27T14:19:27.931+0000] {dag.py:3677} INFO - Setting next_dagrun for example_branch_operator to 2024-04-26T00:00:00+00:00, run_after=2024-04-27T00:00:00+00:00
[2024-04-27T14:19:27.960+0000] {processor.py:179} INFO - Processing /home/airflow/.local/lib/python3.8/site-packages/airflow/example_dags/example_branch_operator.py took 0.131 seconds
[2024-04-27T14:19:58.851+0000] {processor.py:157} INFO - Started process (PID=1111) to work on /home/airflow/.local/lib/python3.8/site-packages/airflow/example_dags/example_branch_operator.py
[2024-04-27T14:19:58.852+0000] {processor.py:829} INFO - Processing file /home/airflow/.local/lib/python3.8/site-packages/airflow/example_dags/example_branch_operator.py for tasks to queue
[2024-04-27T14:19:58.856+0000] {logging_mixin.py:151} INFO - [2024-04-27T14:19:58.855+0000] {dagbag.py:539} INFO - Filling up the DagBag from /home/airflow/.local/lib/python3.8/site-packages/airflow/example_dags/example_branch_operator.py
[2024-04-27T14:19:58.872+0000] {processor.py:839} INFO - DAG(s) dict_keys(['example_branch_operator']) retrieved from /home/airflow/.local/lib/python3.8/site-packages/airflow/example_dags/example_branch_operator.py
[2024-04-27T14:19:58.915+0000] {logging_mixin.py:151} INFO - [2024-04-27T14:19:58.914+0000] {dag.py:2907} INFO - Sync 1 DAGs
[2024-04-27T14:19:58.955+0000] {logging_mixin.py:151} INFO - [2024-04-27T14:19:58.955+0000] {dag.py:3677} INFO - Setting next_dagrun for example_branch_operator to 2024-04-26T00:00:00+00:00, run_after=2024-04-27T00:00:00+00:00
[2024-04-27T14:19:58.983+0000] {processor.py:179} INFO - Processing /home/airflow/.local/lib/python3.8/site-packages/airflow/example_dags/example_branch_operator.py took 0.137 seconds
[2024-04-27T14:20:29.192+0000] {processor.py:157} INFO - Started process (PID=1175) to work on /home/airflow/.local/lib/python3.8/site-packages/airflow/example_dags/example_branch_operator.py
[2024-04-27T14:20:29.193+0000] {processor.py:829} INFO - Processing file /home/airflow/.local/lib/python3.8/site-packages/airflow/example_dags/example_branch_operator.py for tasks to queue
[2024-04-27T14:20:29.195+0000] {logging_mixin.py:151} INFO - [2024-04-27T14:20:29.195+0000] {dagbag.py:539} INFO - Filling up the DagBag from /home/airflow/.local/lib/python3.8/site-packages/airflow/example_dags/example_branch_operator.py
[2024-04-27T14:20:29.208+0000] {processor.py:839} INFO - DAG(s) dict_keys(['example_branch_operator']) retrieved from /home/airflow/.local/lib/python3.8/site-packages/airflow/example_dags/example_branch_operator.py
[2024-04-27T14:20:29.237+0000] {logging_mixin.py:151} INFO - [2024-04-27T14:20:29.237+0000] {dag.py:2907} INFO - Sync 1 DAGs
[2024-04-27T14:20:29.268+0000] {logging_mixin.py:151} INFO - [2024-04-27T14:20:29.268+0000] {dag.py:3677} INFO - Setting next_dagrun for example_branch_operator to 2024-04-26T00:00:00+00:00, run_after=2024-04-27T00:00:00+00:00
[2024-04-27T14:20:29.291+0000] {processor.py:179} INFO - Processing /home/airflow/.local/lib/python3.8/site-packages/airflow/example_dags/example_branch_operator.py took 0.104 seconds
[2024-04-27T14:21:00.466+0000] {processor.py:157} INFO - Started process (PID=1247) to work on /home/airflow/.local/lib/python3.8/site-packages/airflow/example_dags/example_branch_operator.py
[2024-04-27T14:21:00.467+0000] {processor.py:829} INFO - Processing file /home/airflow/.local/lib/python3.8/site-packages/airflow/example_dags/example_branch_operator.py for tasks to queue
[2024-04-27T14:21:00.470+0000] {logging_mixin.py:151} INFO - [2024-04-27T14:21:00.470+0000] {dagbag.py:539} INFO - Filling up the DagBag from /home/airflow/.local/lib/python3.8/site-packages/airflow/example_dags/example_branch_operator.py
[2024-04-27T14:21:00.485+0000] {processor.py:839} INFO - DAG(s) dict_keys(['example_branch_operator']) retrieved from /home/airflow/.local/lib/python3.8/site-packages/airflow/example_dags/example_branch_operator.py
[2024-04-27T14:21:00.516+0000] {logging_mixin.py:151} INFO - [2024-04-27T14:21:00.516+0000] {dag.py:2907} INFO - Sync 1 DAGs
[2024-04-27T14:21:00.554+0000] {logging_mixin.py:151} INFO - [2024-04-27T14:21:00.553+0000] {dag.py:3677} INFO - Setting next_dagrun for example_branch_operator to 2024-04-26T00:00:00+00:00, run_after=2024-04-27T00:00:00+00:00
[2024-04-27T14:21:00.601+0000] {processor.py:179} INFO - Processing /home/airflow/.local/lib/python3.8/site-packages/airflow/example_dags/example_branch_operator.py took 0.139 seconds
[2024-04-27T14:21:31.661+0000] {processor.py:157} INFO - Started process (PID=1311) to work on /home/airflow/.local/lib/python3.8/site-packages/airflow/example_dags/example_branch_operator.py
[2024-04-27T14:21:31.662+0000] {processor.py:829} INFO - Processing file /home/airflow/.local/lib/python3.8/site-packages/airflow/example_dags/example_branch_operator.py for tasks to queue
[2024-04-27T14:21:31.666+0000] {logging_mixin.py:151} INFO - [2024-04-27T14:21:31.665+0000] {dagbag.py:539} INFO - Filling up the DagBag from /home/airflow/.local/lib/python3.8/site-packages/airflow/example_dags/example_branch_operator.py
[2024-04-27T14:21:31.679+0000] {processor.py:839} INFO - DAG(s) dict_keys(['example_branch_operator']) retrieved from /home/airflow/.local/lib/python3.8/site-packages/airflow/example_dags/example_branch_operator.py
[2024-04-27T14:21:31.708+0000] {logging_mixin.py:151} INFO - [2024-04-27T14:21:31.708+0000] {dag.py:2907} INFO - Sync 1 DAGs
[2024-04-27T14:21:31.743+0000] {logging_mixin.py:151} INFO - [2024-04-27T14:21:31.743+0000] {dag.py:3677} INFO - Setting next_dagrun for example_branch_operator to 2024-04-26T00:00:00+00:00, run_after=2024-04-27T00:00:00+00:00
[2024-04-27T14:21:31.769+0000] {processor.py:179} INFO - Processing /home/airflow/.local/lib/python3.8/site-packages/airflow/example_dags/example_branch_operator.py took 0.112 seconds
[2024-04-27T14:22:03.091+0000] {processor.py:157} INFO - Started process (PID=1384) to work on /home/airflow/.local/lib/python3.8/site-packages/airflow/example_dags/example_branch_operator.py
[2024-04-27T14:22:03.092+0000] {processor.py:829} INFO - Processing file /home/airflow/.local/lib/python3.8/site-packages/airflow/example_dags/example_branch_operator.py for tasks to queue
[2024-04-27T14:22:03.094+0000] {logging_mixin.py:151} INFO - [2024-04-27T14:22:03.094+0000] {dagbag.py:539} INFO - Filling up the DagBag from /home/airflow/.local/lib/python3.8/site-packages/airflow/example_dags/example_branch_operator.py
[2024-04-27T14:22:03.106+0000] {processor.py:839} INFO - DAG(s) dict_keys(['example_branch_operator']) retrieved from /home/airflow/.local/lib/python3.8/site-packages/airflow/example_dags/example_branch_operator.py
[2024-04-27T14:22:03.139+0000] {logging_mixin.py:151} INFO - [2024-04-27T14:22:03.138+0000] {dag.py:2907} INFO - Sync 1 DAGs
[2024-04-27T14:22:03.169+0000] {logging_mixin.py:151} INFO - [2024-04-27T14:22:03.169+0000] {dag.py:3677} INFO - Setting next_dagrun for example_branch_operator to 2024-04-26T00:00:00+00:00, run_after=2024-04-27T00:00:00+00:00
[2024-04-27T14:22:03.192+0000] {processor.py:179} INFO - Processing /home/airflow/.local/lib/python3.8/site-packages/airflow/example_dags/example_branch_operator.py took 0.107 seconds
[2024-04-27T14:22:34.447+0000] {processor.py:157} INFO - Started process (PID=1449) to work on /home/airflow/.local/lib/python3.8/site-packages/airflow/example_dags/example_branch_operator.py
[2024-04-27T14:22:34.448+0000] {processor.py:829} INFO - Processing file /home/airflow/.local/lib/python3.8/site-packages/airflow/example_dags/example_branch_operator.py for tasks to queue
[2024-04-27T14:22:34.450+0000] {logging_mixin.py:151} INFO - [2024-04-27T14:22:34.450+0000] {dagbag.py:539} INFO - Filling up the DagBag from /home/airflow/.local/lib/python3.8/site-packages/airflow/example_dags/example_branch_operator.py
[2024-04-27T14:22:34.462+0000] {processor.py:839} INFO - DAG(s) dict_keys(['example_branch_operator']) retrieved from /home/airflow/.local/lib/python3.8/site-packages/airflow/example_dags/example_branch_operator.py
[2024-04-27T14:22:34.496+0000] {logging_mixin.py:151} INFO - [2024-04-27T14:22:34.495+0000] {dag.py:2907} INFO - Sync 1 DAGs
[2024-04-27T14:22:34.532+0000] {logging_mixin.py:151} INFO - [2024-04-27T14:22:34.532+0000] {dag.py:3677} INFO - Setting next_dagrun for example_branch_operator to 2024-04-26T00:00:00+00:00, run_after=2024-04-27T00:00:00+00:00
[2024-04-27T14:22:34.556+0000] {processor.py:179} INFO - Processing /home/airflow/.local/lib/python3.8/site-packages/airflow/example_dags/example_branch_operator.py took 0.115 seconds
[2024-04-27T14:23:05.829+0000] {processor.py:157} INFO - Started process (PID=1520) to work on /home/airflow/.local/lib/python3.8/site-packages/airflow/example_dags/example_branch_operator.py
[2024-04-27T14:23:05.830+0000] {processor.py:829} INFO - Processing file /home/airflow/.local/lib/python3.8/site-packages/airflow/example_dags/example_branch_operator.py for tasks to queue
[2024-04-27T14:23:05.833+0000] {logging_mixin.py:151} INFO - [2024-04-27T14:23:05.833+0000] {dagbag.py:539} INFO - Filling up the DagBag from /home/airflow/.local/lib/python3.8/site-packages/airflow/example_dags/example_branch_operator.py
[2024-04-27T14:23:05.850+0000] {processor.py:839} INFO - DAG(s) dict_keys(['example_branch_operator']) retrieved from /home/airflow/.local/lib/python3.8/site-packages/airflow/example_dags/example_branch_operator.py
[2024-04-27T14:23:05.890+0000] {logging_mixin.py:151} INFO - [2024-04-27T14:23:05.890+0000] {dag.py:2907} INFO - Sync 1 DAGs
[2024-04-27T14:23:05.924+0000] {logging_mixin.py:151} INFO - [2024-04-27T14:23:05.924+0000] {dag.py:3677} INFO - Setting next_dagrun for example_branch_operator to 2024-04-26T00:00:00+00:00, run_after=2024-04-27T00:00:00+00:00
[2024-04-27T14:23:05.957+0000] {processor.py:179} INFO - Processing /home/airflow/.local/lib/python3.8/site-packages/airflow/example_dags/example_branch_operator.py took 0.135 seconds
[2024-04-27T14:23:37.032+0000] {processor.py:157} INFO - Started process (PID=1584) to work on /home/airflow/.local/lib/python3.8/site-packages/airflow/example_dags/example_branch_operator.py
[2024-04-27T14:23:37.033+0000] {processor.py:829} INFO - Processing file /home/airflow/.local/lib/python3.8/site-packages/airflow/example_dags/example_branch_operator.py for tasks to queue
[2024-04-27T14:23:37.036+0000] {logging_mixin.py:151} INFO - [2024-04-27T14:23:37.035+0000] {dagbag.py:539} INFO - Filling up the DagBag from /home/airflow/.local/lib/python3.8/site-packages/airflow/example_dags/example_branch_operator.py
[2024-04-27T14:23:37.053+0000] {processor.py:839} INFO - DAG(s) dict_keys(['example_branch_operator']) retrieved from /home/airflow/.local/lib/python3.8/site-packages/airflow/example_dags/example_branch_operator.py
[2024-04-27T14:23:37.094+0000] {logging_mixin.py:151} INFO - [2024-04-27T14:23:37.094+0000] {dag.py:2907} INFO - Sync 1 DAGs
[2024-04-27T14:23:37.132+0000] {logging_mixin.py:151} INFO - [2024-04-27T14:23:37.131+0000] {dag.py:3677} INFO - Setting next_dagrun for example_branch_operator to 2024-04-26T00:00:00+00:00, run_after=2024-04-27T00:00:00+00:00
[2024-04-27T14:23:37.155+0000] {processor.py:179} INFO - Processing /home/airflow/.local/lib/python3.8/site-packages/airflow/example_dags/example_branch_operator.py took 0.129 seconds
[2024-04-27T14:24:07.913+0000] {processor.py:157} INFO - Started process (PID=1649) to work on /home/airflow/.local/lib/python3.8/site-packages/airflow/example_dags/example_branch_operator.py
[2024-04-27T14:24:07.914+0000] {processor.py:829} INFO - Processing file /home/airflow/.local/lib/python3.8/site-packages/airflow/example_dags/example_branch_operator.py for tasks to queue
[2024-04-27T14:24:07.918+0000] {logging_mixin.py:151} INFO - [2024-04-27T14:24:07.917+0000] {dagbag.py:539} INFO - Filling up the DagBag from /home/airflow/.local/lib/python3.8/site-packages/airflow/example_dags/example_branch_operator.py
[2024-04-27T14:24:07.931+0000] {processor.py:839} INFO - DAG(s) dict_keys(['example_branch_operator']) retrieved from /home/airflow/.local/lib/python3.8/site-packages/airflow/example_dags/example_branch_operator.py
[2024-04-27T14:24:07.968+0000] {logging_mixin.py:151} INFO - [2024-04-27T14:24:07.968+0000] {dag.py:2907} INFO - Sync 1 DAGs
[2024-04-27T14:24:08.035+0000] {logging_mixin.py:151} INFO - [2024-04-27T14:24:08.035+0000] {dag.py:3677} INFO - Setting next_dagrun for example_branch_operator to 2024-04-26T00:00:00+00:00, run_after=2024-04-27T00:00:00+00:00
[2024-04-27T14:24:08.063+0000] {processor.py:179} INFO - Processing /home/airflow/.local/lib/python3.8/site-packages/airflow/example_dags/example_branch_operator.py took 0.156 seconds
[2024-04-27T14:24:39.344+0000] {processor.py:157} INFO - Started process (PID=1721) to work on /home/airflow/.local/lib/python3.8/site-packages/airflow/example_dags/example_branch_operator.py
[2024-04-27T14:24:39.346+0000] {processor.py:829} INFO - Processing file /home/airflow/.local/lib/python3.8/site-packages/airflow/example_dags/example_branch_operator.py for tasks to queue
[2024-04-27T14:24:39.349+0000] {logging_mixin.py:151} INFO - [2024-04-27T14:24:39.349+0000] {dagbag.py:539} INFO - Filling up the DagBag from /home/airflow/.local/lib/python3.8/site-packages/airflow/example_dags/example_branch_operator.py
[2024-04-27T14:24:39.371+0000] {processor.py:839} INFO - DAG(s) dict_keys(['example_branch_operator']) retrieved from /home/airflow/.local/lib/python3.8/site-packages/airflow/example_dags/example_branch_operator.py
[2024-04-27T14:24:39.435+0000] {logging_mixin.py:151} INFO - [2024-04-27T14:24:39.435+0000] {dag.py:2907} INFO - Sync 1 DAGs
[2024-04-27T14:24:39.516+0000] {logging_mixin.py:151} INFO - [2024-04-27T14:24:39.516+0000] {dag.py:3677} INFO - Setting next_dagrun for example_branch_operator to 2024-04-26T00:00:00+00:00, run_after=2024-04-27T00:00:00+00:00
[2024-04-27T14:24:39.549+0000] {processor.py:179} INFO - Processing /home/airflow/.local/lib/python3.8/site-packages/airflow/example_dags/example_branch_operator.py took 0.211 seconds
[2024-04-27T14:25:10.374+0000] {processor.py:157} INFO - Started process (PID=1786) to work on /home/airflow/.local/lib/python3.8/site-packages/airflow/example_dags/example_branch_operator.py
[2024-04-27T14:25:10.375+0000] {processor.py:829} INFO - Processing file /home/airflow/.local/lib/python3.8/site-packages/airflow/example_dags/example_branch_operator.py for tasks to queue
[2024-04-27T14:25:10.379+0000] {logging_mixin.py:151} INFO - [2024-04-27T14:25:10.379+0000] {dagbag.py:539} INFO - Filling up the DagBag from /home/airflow/.local/lib/python3.8/site-packages/airflow/example_dags/example_branch_operator.py
[2024-04-27T14:25:10.396+0000] {processor.py:839} INFO - DAG(s) dict_keys(['example_branch_operator']) retrieved from /home/airflow/.local/lib/python3.8/site-packages/airflow/example_dags/example_branch_operator.py
[2024-04-27T14:25:10.430+0000] {logging_mixin.py:151} INFO - [2024-04-27T14:25:10.430+0000] {dag.py:2907} INFO - Sync 1 DAGs
[2024-04-27T14:25:10.462+0000] {logging_mixin.py:151} INFO - [2024-04-27T14:25:10.462+0000] {dag.py:3677} INFO - Setting next_dagrun for example_branch_operator to 2024-04-26T00:00:00+00:00, run_after=2024-04-27T00:00:00+00:00
[2024-04-27T14:25:10.489+0000] {processor.py:179} INFO - Processing /home/airflow/.local/lib/python3.8/site-packages/airflow/example_dags/example_branch_operator.py took 0.121 seconds
[2024-04-27T14:25:41.495+0000] {processor.py:157} INFO - Started process (PID=1859) to work on /home/airflow/.local/lib/python3.8/site-packages/airflow/example_dags/example_branch_operator.py
[2024-04-27T14:25:41.496+0000] {processor.py:829} INFO - Processing file /home/airflow/.local/lib/python3.8/site-packages/airflow/example_dags/example_branch_operator.py for tasks to queue
[2024-04-27T14:25:41.498+0000] {logging_mixin.py:151} INFO - [2024-04-27T14:25:41.498+0000] {dagbag.py:539} INFO - Filling up the DagBag from /home/airflow/.local/lib/python3.8/site-packages/airflow/example_dags/example_branch_operator.py
[2024-04-27T14:25:41.510+0000] {processor.py:839} INFO - DAG(s) dict_keys(['example_branch_operator']) retrieved from /home/airflow/.local/lib/python3.8/site-packages/airflow/example_dags/example_branch_operator.py
[2024-04-27T14:25:41.541+0000] {logging_mixin.py:151} INFO - [2024-04-27T14:25:41.541+0000] {dag.py:2907} INFO - Sync 1 DAGs
[2024-04-27T14:25:41.570+0000] {logging_mixin.py:151} INFO - [2024-04-27T14:25:41.570+0000] {dag.py:3677} INFO - Setting next_dagrun for example_branch_operator to 2024-04-26T00:00:00+00:00, run_after=2024-04-27T00:00:00+00:00
[2024-04-27T14:25:41.596+0000] {processor.py:179} INFO - Processing /home/airflow/.local/lib/python3.8/site-packages/airflow/example_dags/example_branch_operator.py took 0.105 seconds
