[2024-04-27T13:44:19.091+0000] {processor.py:153} INFO - Started process (PID=66) to work on /home/airflow/.local/lib/python3.7/site-packages/airflow/example_dags/example_short_circuit_decorator.py
[2024-04-27T13:44:19.104+0000] {processor.py:743} INFO - Processing file /home/airflow/.local/lib/python3.7/site-packages/airflow/example_dags/example_short_circuit_decorator.py for tasks to queue
[2024-04-27T13:44:19.105+0000] {logging_mixin.py:137} INFO - [2024-04-27T13:44:19.105+0000] {dagbag.py:538} INFO - Filling up the DagBag from /home/airflow/.local/lib/python3.7/site-packages/airflow/example_dags/example_short_circuit_decorator.py
[2024-04-27T13:44:19.180+0000] {processor.py:753} INFO - DAG(s) dict_keys(['example_short_circuit_decorator']) retrieved from /home/airflow/.local/lib/python3.7/site-packages/airflow/example_dags/example_short_circuit_decorator.py
[2024-04-27T13:44:19.231+0000] {logging_mixin.py:137} INFO - [2024-04-27T13:44:19.230+0000] {dag.py:2690} INFO - Sync 1 DAGs
[2024-04-27T13:44:19.300+0000] {logging_mixin.py:137} INFO - [2024-04-27T13:44:19.300+0000] {dag.py:3441} INFO - Setting next_dagrun for example_short_circuit_decorator to 2024-04-26T13:44:19.299581+00:00, run_after=2024-04-27T13:44:19.299581+00:00
[2024-04-27T13:44:19.390+0000] {processor.py:175} INFO - Processing /home/airflow/.local/lib/python3.7/site-packages/airflow/example_dags/example_short_circuit_decorator.py took 0.305 seconds
[2024-04-27T13:44:49.622+0000] {processor.py:153} INFO - Started process (PID=129) to work on /home/airflow/.local/lib/python3.7/site-packages/airflow/example_dags/example_short_circuit_decorator.py
[2024-04-27T13:44:49.623+0000] {processor.py:743} INFO - Processing file /home/airflow/.local/lib/python3.7/site-packages/airflow/example_dags/example_short_circuit_decorator.py for tasks to queue
[2024-04-27T13:44:49.624+0000] {logging_mixin.py:137} INFO - [2024-04-27T13:44:49.624+0000] {dagbag.py:538} INFO - Filling up the DagBag from /home/airflow/.local/lib/python3.7/site-packages/airflow/example_dags/example_short_circuit_decorator.py
[2024-04-27T13:44:49.659+0000] {processor.py:753} INFO - DAG(s) dict_keys(['example_short_circuit_decorator']) retrieved from /home/airflow/.local/lib/python3.7/site-packages/airflow/example_dags/example_short_circuit_decorator.py
[2024-04-27T13:44:49.694+0000] {logging_mixin.py:137} INFO - [2024-04-27T13:44:49.694+0000] {dag.py:2690} INFO - Sync 1 DAGs
[2024-04-27T13:44:49.761+0000] {logging_mixin.py:137} INFO - [2024-04-27T13:44:49.761+0000] {dag.py:3441} INFO - Setting next_dagrun for example_short_circuit_decorator to 2024-04-26T13:44:49.760904+00:00, run_after=2024-04-27T13:44:49.760904+00:00
[2024-04-27T13:44:49.798+0000] {processor.py:175} INFO - Processing /home/airflow/.local/lib/python3.7/site-packages/airflow/example_dags/example_short_circuit_decorator.py took 0.180 seconds
[2024-04-27T13:45:20.592+0000] {processor.py:153} INFO - Started process (PID=199) to work on /home/airflow/.local/lib/python3.7/site-packages/airflow/example_dags/example_short_circuit_decorator.py
[2024-04-27T13:45:20.594+0000] {processor.py:743} INFO - Processing file /home/airflow/.local/lib/python3.7/site-packages/airflow/example_dags/example_short_circuit_decorator.py for tasks to queue
[2024-04-27T13:45:20.595+0000] {logging_mixin.py:137} INFO - [2024-04-27T13:45:20.594+0000] {dagbag.py:538} INFO - Filling up the DagBag from /home/airflow/.local/lib/python3.7/site-packages/airflow/example_dags/example_short_circuit_decorator.py
[2024-04-27T13:45:20.654+0000] {processor.py:753} INFO - DAG(s) dict_keys(['example_short_circuit_decorator']) retrieved from /home/airflow/.local/lib/python3.7/site-packages/airflow/example_dags/example_short_circuit_decorator.py
[2024-04-27T13:45:20.703+0000] {logging_mixin.py:137} INFO - [2024-04-27T13:45:20.703+0000] {dag.py:2690} INFO - Sync 1 DAGs
[2024-04-27T13:45:20.765+0000] {logging_mixin.py:137} INFO - [2024-04-27T13:45:20.765+0000] {dag.py:3441} INFO - Setting next_dagrun for example_short_circuit_decorator to 2024-04-26T13:45:20.764881+00:00, run_after=2024-04-27T13:45:20.764881+00:00
[2024-04-27T13:45:20.832+0000] {processor.py:175} INFO - Processing /home/airflow/.local/lib/python3.7/site-packages/airflow/example_dags/example_short_circuit_decorator.py took 0.257 seconds
[2024-04-27T13:45:51.243+0000] {processor.py:153} INFO - Started process (PID=268) to work on /home/airflow/.local/lib/python3.7/site-packages/airflow/example_dags/example_short_circuit_decorator.py
[2024-04-27T13:45:51.244+0000] {processor.py:743} INFO - Processing file /home/airflow/.local/lib/python3.7/site-packages/airflow/example_dags/example_short_circuit_decorator.py for tasks to queue
[2024-04-27T13:45:51.245+0000] {logging_mixin.py:137} INFO - [2024-04-27T13:45:51.245+0000] {dagbag.py:538} INFO - Filling up the DagBag from /home/airflow/.local/lib/python3.7/site-packages/airflow/example_dags/example_short_circuit_decorator.py
[2024-04-27T13:45:51.281+0000] {processor.py:753} INFO - DAG(s) dict_keys(['example_short_circuit_decorator']) retrieved from /home/airflow/.local/lib/python3.7/site-packages/airflow/example_dags/example_short_circuit_decorator.py
[2024-04-27T13:45:51.318+0000] {logging_mixin.py:137} INFO - [2024-04-27T13:45:51.317+0000] {dag.py:2690} INFO - Sync 1 DAGs
[2024-04-27T13:45:51.354+0000] {logging_mixin.py:137} INFO - [2024-04-27T13:45:51.354+0000] {dag.py:3441} INFO - Setting next_dagrun for example_short_circuit_decorator to 2024-04-26T13:45:51.354110+00:00, run_after=2024-04-27T13:45:51.354110+00:00
[2024-04-27T13:45:51.378+0000] {processor.py:175} INFO - Processing /home/airflow/.local/lib/python3.7/site-packages/airflow/example_dags/example_short_circuit_decorator.py took 0.140 seconds
[2024-04-27T13:46:21.426+0000] {processor.py:153} INFO - Started process (PID=332) to work on /home/airflow/.local/lib/python3.7/site-packages/airflow/example_dags/example_short_circuit_decorator.py
[2024-04-27T13:46:21.426+0000] {processor.py:743} INFO - Processing file /home/airflow/.local/lib/python3.7/site-packages/airflow/example_dags/example_short_circuit_decorator.py for tasks to queue
[2024-04-27T13:46:21.427+0000] {logging_mixin.py:137} INFO - [2024-04-27T13:46:21.427+0000] {dagbag.py:538} INFO - Filling up the DagBag from /home/airflow/.local/lib/python3.7/site-packages/airflow/example_dags/example_short_circuit_decorator.py
[2024-04-27T13:46:21.462+0000] {processor.py:753} INFO - DAG(s) dict_keys(['example_short_circuit_decorator']) retrieved from /home/airflow/.local/lib/python3.7/site-packages/airflow/example_dags/example_short_circuit_decorator.py
[2024-04-27T13:46:21.498+0000] {logging_mixin.py:137} INFO - [2024-04-27T13:46:21.498+0000] {dag.py:2690} INFO - Sync 1 DAGs
[2024-04-27T13:46:21.534+0000] {logging_mixin.py:137} INFO - [2024-04-27T13:46:21.533+0000] {dag.py:3441} INFO - Setting next_dagrun for example_short_circuit_decorator to 2024-04-26T13:46:21.533686+00:00, run_after=2024-04-27T13:46:21.533686+00:00
[2024-04-27T13:46:21.560+0000] {processor.py:175} INFO - Processing /home/airflow/.local/lib/python3.7/site-packages/airflow/example_dags/example_short_circuit_decorator.py took 0.138 seconds
[2024-04-27T13:46:51.943+0000] {processor.py:153} INFO - Started process (PID=395) to work on /home/airflow/.local/lib/python3.7/site-packages/airflow/example_dags/example_short_circuit_decorator.py
[2024-04-27T13:46:51.944+0000] {processor.py:743} INFO - Processing file /home/airflow/.local/lib/python3.7/site-packages/airflow/example_dags/example_short_circuit_decorator.py for tasks to queue
[2024-04-27T13:46:51.944+0000] {logging_mixin.py:137} INFO - [2024-04-27T13:46:51.944+0000] {dagbag.py:538} INFO - Filling up the DagBag from /home/airflow/.local/lib/python3.7/site-packages/airflow/example_dags/example_short_circuit_decorator.py
[2024-04-27T13:46:51.979+0000] {processor.py:753} INFO - DAG(s) dict_keys(['example_short_circuit_decorator']) retrieved from /home/airflow/.local/lib/python3.7/site-packages/airflow/example_dags/example_short_circuit_decorator.py
[2024-04-27T13:46:52.015+0000] {logging_mixin.py:137} INFO - [2024-04-27T13:46:52.015+0000] {dag.py:2690} INFO - Sync 1 DAGs
[2024-04-27T13:46:52.053+0000] {logging_mixin.py:137} INFO - [2024-04-27T13:46:52.053+0000] {dag.py:3441} INFO - Setting next_dagrun for example_short_circuit_decorator to 2024-04-26T13:46:52.053367+00:00, run_after=2024-04-27T13:46:52.053367+00:00
[2024-04-27T13:46:52.093+0000] {processor.py:175} INFO - Processing /home/airflow/.local/lib/python3.7/site-packages/airflow/example_dags/example_short_circuit_decorator.py took 0.154 seconds
[2024-04-27T13:47:22.535+0000] {processor.py:153} INFO - Started process (PID=460) to work on /home/airflow/.local/lib/python3.7/site-packages/airflow/example_dags/example_short_circuit_decorator.py
[2024-04-27T13:47:22.536+0000] {processor.py:743} INFO - Processing file /home/airflow/.local/lib/python3.7/site-packages/airflow/example_dags/example_short_circuit_decorator.py for tasks to queue
[2024-04-27T13:47:22.537+0000] {logging_mixin.py:137} INFO - [2024-04-27T13:47:22.537+0000] {dagbag.py:538} INFO - Filling up the DagBag from /home/airflow/.local/lib/python3.7/site-packages/airflow/example_dags/example_short_circuit_decorator.py
[2024-04-27T13:47:22.570+0000] {processor.py:753} INFO - DAG(s) dict_keys(['example_short_circuit_decorator']) retrieved from /home/airflow/.local/lib/python3.7/site-packages/airflow/example_dags/example_short_circuit_decorator.py
[2024-04-27T13:47:22.606+0000] {logging_mixin.py:137} INFO - [2024-04-27T13:47:22.606+0000] {dag.py:2690} INFO - Sync 1 DAGs
[2024-04-27T13:47:22.640+0000] {logging_mixin.py:137} INFO - [2024-04-27T13:47:22.640+0000] {dag.py:3441} INFO - Setting next_dagrun for example_short_circuit_decorator to 2024-04-26T13:47:22.640259+00:00, run_after=2024-04-27T13:47:22.640259+00:00
[2024-04-27T13:47:22.663+0000] {processor.py:175} INFO - Processing /home/airflow/.local/lib/python3.7/site-packages/airflow/example_dags/example_short_circuit_decorator.py took 0.132 seconds
[2024-04-27T13:47:53.137+0000] {processor.py:153} INFO - Started process (PID=533) to work on /home/airflow/.local/lib/python3.7/site-packages/airflow/example_dags/example_short_circuit_decorator.py
[2024-04-27T13:47:53.138+0000] {processor.py:743} INFO - Processing file /home/airflow/.local/lib/python3.7/site-packages/airflow/example_dags/example_short_circuit_decorator.py for tasks to queue
[2024-04-27T13:47:53.139+0000] {logging_mixin.py:137} INFO - [2024-04-27T13:47:53.139+0000] {dagbag.py:538} INFO - Filling up the DagBag from /home/airflow/.local/lib/python3.7/site-packages/airflow/example_dags/example_short_circuit_decorator.py
[2024-04-27T13:47:53.197+0000] {processor.py:753} INFO - DAG(s) dict_keys(['example_short_circuit_decorator']) retrieved from /home/airflow/.local/lib/python3.7/site-packages/airflow/example_dags/example_short_circuit_decorator.py
[2024-04-27T13:47:53.247+0000] {logging_mixin.py:137} INFO - [2024-04-27T13:47:53.247+0000] {dag.py:2690} INFO - Sync 1 DAGs
[2024-04-27T13:47:53.295+0000] {logging_mixin.py:137} INFO - [2024-04-27T13:47:53.295+0000] {dag.py:3441} INFO - Setting next_dagrun for example_short_circuit_decorator to 2024-04-26T13:47:53.294922+00:00, run_after=2024-04-27T13:47:53.294922+00:00
[2024-04-27T13:47:53.322+0000] {processor.py:175} INFO - Processing /home/airflow/.local/lib/python3.7/site-packages/airflow/example_dags/example_short_circuit_decorator.py took 0.195 seconds
[2024-04-27T13:48:24.418+0000] {processor.py:153} INFO - Started process (PID=600) to work on /home/airflow/.local/lib/python3.7/site-packages/airflow/example_dags/example_short_circuit_decorator.py
[2024-04-27T13:48:24.420+0000] {processor.py:743} INFO - Processing file /home/airflow/.local/lib/python3.7/site-packages/airflow/example_dags/example_short_circuit_decorator.py for tasks to queue
[2024-04-27T13:48:24.421+0000] {logging_mixin.py:137} INFO - [2024-04-27T13:48:24.421+0000] {dagbag.py:538} INFO - Filling up the DagBag from /home/airflow/.local/lib/python3.7/site-packages/airflow/example_dags/example_short_circuit_decorator.py
[2024-04-27T13:48:24.478+0000] {processor.py:753} INFO - DAG(s) dict_keys(['example_short_circuit_decorator']) retrieved from /home/airflow/.local/lib/python3.7/site-packages/airflow/example_dags/example_short_circuit_decorator.py
[2024-04-27T13:48:24.543+0000] {logging_mixin.py:137} INFO - [2024-04-27T13:48:24.542+0000] {dag.py:2690} INFO - Sync 1 DAGs
[2024-04-27T13:48:24.597+0000] {logging_mixin.py:137} INFO - [2024-04-27T13:48:24.597+0000] {dag.py:3441} INFO - Setting next_dagrun for example_short_circuit_decorator to 2024-04-26T13:48:24.596954+00:00, run_after=2024-04-27T13:48:24.596954+00:00
[2024-04-27T13:48:24.657+0000] {processor.py:175} INFO - Processing /home/airflow/.local/lib/python3.7/site-packages/airflow/example_dags/example_short_circuit_decorator.py took 0.259 seconds
[2024-04-27T13:48:55.300+0000] {processor.py:153} INFO - Started process (PID=664) to work on /home/airflow/.local/lib/python3.7/site-packages/airflow/example_dags/example_short_circuit_decorator.py
[2024-04-27T13:48:55.301+0000] {processor.py:743} INFO - Processing file /home/airflow/.local/lib/python3.7/site-packages/airflow/example_dags/example_short_circuit_decorator.py for tasks to queue
[2024-04-27T13:48:55.302+0000] {logging_mixin.py:137} INFO - [2024-04-27T13:48:55.302+0000] {dagbag.py:538} INFO - Filling up the DagBag from /home/airflow/.local/lib/python3.7/site-packages/airflow/example_dags/example_short_circuit_decorator.py
[2024-04-27T13:48:55.335+0000] {processor.py:753} INFO - DAG(s) dict_keys(['example_short_circuit_decorator']) retrieved from /home/airflow/.local/lib/python3.7/site-packages/airflow/example_dags/example_short_circuit_decorator.py
[2024-04-27T13:48:55.370+0000] {logging_mixin.py:137} INFO - [2024-04-27T13:48:55.370+0000] {dag.py:2690} INFO - Sync 1 DAGs
[2024-04-27T13:48:55.408+0000] {logging_mixin.py:137} INFO - [2024-04-27T13:48:55.408+0000] {dag.py:3441} INFO - Setting next_dagrun for example_short_circuit_decorator to 2024-04-26T13:48:55.408253+00:00, run_after=2024-04-27T13:48:55.408253+00:00
[2024-04-27T13:48:55.438+0000] {processor.py:175} INFO - Processing /home/airflow/.local/lib/python3.7/site-packages/airflow/example_dags/example_short_circuit_decorator.py took 0.141 seconds
[2024-04-27T13:49:25.919+0000] {processor.py:153} INFO - Started process (PID=728) to work on /home/airflow/.local/lib/python3.7/site-packages/airflow/example_dags/example_short_circuit_decorator.py
[2024-04-27T13:49:25.921+0000] {processor.py:743} INFO - Processing file /home/airflow/.local/lib/python3.7/site-packages/airflow/example_dags/example_short_circuit_decorator.py for tasks to queue
[2024-04-27T13:49:25.922+0000] {logging_mixin.py:137} INFO - [2024-04-27T13:49:25.922+0000] {dagbag.py:538} INFO - Filling up the DagBag from /home/airflow/.local/lib/python3.7/site-packages/airflow/example_dags/example_short_circuit_decorator.py
[2024-04-27T13:49:25.975+0000] {processor.py:753} INFO - DAG(s) dict_keys(['example_short_circuit_decorator']) retrieved from /home/airflow/.local/lib/python3.7/site-packages/airflow/example_dags/example_short_circuit_decorator.py
[2024-04-27T13:49:26.025+0000] {logging_mixin.py:137} INFO - [2024-04-27T13:49:26.025+0000] {dag.py:2690} INFO - Sync 1 DAGs
[2024-04-27T13:49:26.076+0000] {logging_mixin.py:137} INFO - [2024-04-27T13:49:26.076+0000] {dag.py:3441} INFO - Setting next_dagrun for example_short_circuit_decorator to 2024-04-26T13:49:26.076265+00:00, run_after=2024-04-27T13:49:26.076265+00:00
[2024-04-27T13:49:26.115+0000] {processor.py:175} INFO - Processing /home/airflow/.local/lib/python3.7/site-packages/airflow/example_dags/example_short_circuit_decorator.py took 0.201 seconds
[2024-04-27T13:49:56.484+0000] {processor.py:153} INFO - Started process (PID=792) to work on /home/airflow/.local/lib/python3.7/site-packages/airflow/example_dags/example_short_circuit_decorator.py
[2024-04-27T13:49:56.485+0000] {processor.py:743} INFO - Processing file /home/airflow/.local/lib/python3.7/site-packages/airflow/example_dags/example_short_circuit_decorator.py for tasks to queue
[2024-04-27T13:49:56.486+0000] {logging_mixin.py:137} INFO - [2024-04-27T13:49:56.485+0000] {dagbag.py:538} INFO - Filling up the DagBag from /home/airflow/.local/lib/python3.7/site-packages/airflow/example_dags/example_short_circuit_decorator.py
[2024-04-27T13:49:56.534+0000] {processor.py:753} INFO - DAG(s) dict_keys(['example_short_circuit_decorator']) retrieved from /home/airflow/.local/lib/python3.7/site-packages/airflow/example_dags/example_short_circuit_decorator.py
[2024-04-27T13:49:56.579+0000] {logging_mixin.py:137} INFO - [2024-04-27T13:49:56.579+0000] {dag.py:2690} INFO - Sync 1 DAGs
[2024-04-27T13:49:56.629+0000] {logging_mixin.py:137} INFO - [2024-04-27T13:49:56.629+0000] {dag.py:3441} INFO - Setting next_dagrun for example_short_circuit_decorator to 2024-04-26T13:49:56.629356+00:00, run_after=2024-04-27T13:49:56.629356+00:00
[2024-04-27T13:49:56.664+0000] {processor.py:175} INFO - Processing /home/airflow/.local/lib/python3.7/site-packages/airflow/example_dags/example_short_circuit_decorator.py took 0.185 seconds
[2024-04-27T13:50:27.096+0000] {processor.py:153} INFO - Started process (PID=866) to work on /home/airflow/.local/lib/python3.7/site-packages/airflow/example_dags/example_short_circuit_decorator.py
[2024-04-27T13:50:27.097+0000] {processor.py:743} INFO - Processing file /home/airflow/.local/lib/python3.7/site-packages/airflow/example_dags/example_short_circuit_decorator.py for tasks to queue
[2024-04-27T13:50:27.098+0000] {logging_mixin.py:137} INFO - [2024-04-27T13:50:27.097+0000] {dagbag.py:538} INFO - Filling up the DagBag from /home/airflow/.local/lib/python3.7/site-packages/airflow/example_dags/example_short_circuit_decorator.py
[2024-04-27T13:50:27.131+0000] {processor.py:753} INFO - DAG(s) dict_keys(['example_short_circuit_decorator']) retrieved from /home/airflow/.local/lib/python3.7/site-packages/airflow/example_dags/example_short_circuit_decorator.py
[2024-04-27T13:50:27.178+0000] {logging_mixin.py:137} INFO - [2024-04-27T13:50:27.178+0000] {dag.py:2690} INFO - Sync 1 DAGs
[2024-04-27T13:50:27.232+0000] {logging_mixin.py:137} INFO - [2024-04-27T13:50:27.232+0000] {dag.py:3441} INFO - Setting next_dagrun for example_short_circuit_decorator to 2024-04-26T13:50:27.232157+00:00, run_after=2024-04-27T13:50:27.232157+00:00
[2024-04-27T13:50:27.267+0000] {processor.py:175} INFO - Processing /home/airflow/.local/lib/python3.7/site-packages/airflow/example_dags/example_short_circuit_decorator.py took 0.175 seconds
[2024-04-27T13:50:57.946+0000] {processor.py:153} INFO - Started process (PID=929) to work on /home/airflow/.local/lib/python3.7/site-packages/airflow/example_dags/example_short_circuit_decorator.py
[2024-04-27T13:50:57.947+0000] {processor.py:743} INFO - Processing file /home/airflow/.local/lib/python3.7/site-packages/airflow/example_dags/example_short_circuit_decorator.py for tasks to queue
[2024-04-27T13:50:57.949+0000] {logging_mixin.py:137} INFO - [2024-04-27T13:50:57.948+0000] {dagbag.py:538} INFO - Filling up the DagBag from /home/airflow/.local/lib/python3.7/site-packages/airflow/example_dags/example_short_circuit_decorator.py
[2024-04-27T13:50:58.004+0000] {processor.py:753} INFO - DAG(s) dict_keys(['example_short_circuit_decorator']) retrieved from /home/airflow/.local/lib/python3.7/site-packages/airflow/example_dags/example_short_circuit_decorator.py
[2024-04-27T13:50:58.052+0000] {logging_mixin.py:137} INFO - [2024-04-27T13:50:58.051+0000] {dag.py:2690} INFO - Sync 1 DAGs
[2024-04-27T13:50:58.117+0000] {logging_mixin.py:137} INFO - [2024-04-27T13:50:58.116+0000] {dag.py:3441} INFO - Setting next_dagrun for example_short_circuit_decorator to 2024-04-26T13:50:58.116276+00:00, run_after=2024-04-27T13:50:58.116276+00:00
[2024-04-27T13:50:58.158+0000] {processor.py:175} INFO - Processing /home/airflow/.local/lib/python3.7/site-packages/airflow/example_dags/example_short_circuit_decorator.py took 0.216 seconds
[2024-04-27T13:51:28.828+0000] {processor.py:153} INFO - Started process (PID=992) to work on /home/airflow/.local/lib/python3.7/site-packages/airflow/example_dags/example_short_circuit_decorator.py
[2024-04-27T13:51:28.829+0000] {processor.py:743} INFO - Processing file /home/airflow/.local/lib/python3.7/site-packages/airflow/example_dags/example_short_circuit_decorator.py for tasks to queue
[2024-04-27T13:51:28.830+0000] {logging_mixin.py:137} INFO - [2024-04-27T13:51:28.830+0000] {dagbag.py:538} INFO - Filling up the DagBag from /home/airflow/.local/lib/python3.7/site-packages/airflow/example_dags/example_short_circuit_decorator.py
[2024-04-27T13:51:28.877+0000] {processor.py:753} INFO - DAG(s) dict_keys(['example_short_circuit_decorator']) retrieved from /home/airflow/.local/lib/python3.7/site-packages/airflow/example_dags/example_short_circuit_decorator.py
[2024-04-27T13:51:28.926+0000] {logging_mixin.py:137} INFO - [2024-04-27T13:51:28.925+0000] {dag.py:2690} INFO - Sync 1 DAGs
[2024-04-27T13:51:28.978+0000] {logging_mixin.py:137} INFO - [2024-04-27T13:51:28.977+0000] {dag.py:3441} INFO - Setting next_dagrun for example_short_circuit_decorator to 2024-04-26T13:51:28.977580+00:00, run_after=2024-04-27T13:51:28.977580+00:00
[2024-04-27T13:51:29.013+0000] {processor.py:175} INFO - Processing /home/airflow/.local/lib/python3.7/site-packages/airflow/example_dags/example_short_circuit_decorator.py took 0.190 seconds
[2024-04-27T13:51:59.056+0000] {processor.py:153} INFO - Started process (PID=1054) to work on /home/airflow/.local/lib/python3.7/site-packages/airflow/example_dags/example_short_circuit_decorator.py
[2024-04-27T13:51:59.056+0000] {processor.py:743} INFO - Processing file /home/airflow/.local/lib/python3.7/site-packages/airflow/example_dags/example_short_circuit_decorator.py for tasks to queue
[2024-04-27T13:51:59.057+0000] {logging_mixin.py:137} INFO - [2024-04-27T13:51:59.057+0000] {dagbag.py:538} INFO - Filling up the DagBag from /home/airflow/.local/lib/python3.7/site-packages/airflow/example_dags/example_short_circuit_decorator.py
[2024-04-27T13:51:59.094+0000] {processor.py:753} INFO - DAG(s) dict_keys(['example_short_circuit_decorator']) retrieved from /home/airflow/.local/lib/python3.7/site-packages/airflow/example_dags/example_short_circuit_decorator.py
[2024-04-27T13:51:59.128+0000] {logging_mixin.py:137} INFO - [2024-04-27T13:51:59.128+0000] {dag.py:2690} INFO - Sync 1 DAGs
[2024-04-27T13:51:59.163+0000] {logging_mixin.py:137} INFO - [2024-04-27T13:51:59.163+0000] {dag.py:3441} INFO - Setting next_dagrun for example_short_circuit_decorator to 2024-04-26T13:51:59.162905+00:00, run_after=2024-04-27T13:51:59.162905+00:00
[2024-04-27T13:51:59.187+0000] {processor.py:175} INFO - Processing /home/airflow/.local/lib/python3.7/site-packages/airflow/example_dags/example_short_circuit_decorator.py took 0.135 seconds
[2024-04-27T13:52:29.872+0000] {processor.py:153} INFO - Started process (PID=1130) to work on /home/airflow/.local/lib/python3.7/site-packages/airflow/example_dags/example_short_circuit_decorator.py
[2024-04-27T13:52:29.873+0000] {processor.py:743} INFO - Processing file /home/airflow/.local/lib/python3.7/site-packages/airflow/example_dags/example_short_circuit_decorator.py for tasks to queue
[2024-04-27T13:52:29.874+0000] {logging_mixin.py:137} INFO - [2024-04-27T13:52:29.874+0000] {dagbag.py:538} INFO - Filling up the DagBag from /home/airflow/.local/lib/python3.7/site-packages/airflow/example_dags/example_short_circuit_decorator.py
[2024-04-27T13:52:29.910+0000] {processor.py:753} INFO - DAG(s) dict_keys(['example_short_circuit_decorator']) retrieved from /home/airflow/.local/lib/python3.7/site-packages/airflow/example_dags/example_short_circuit_decorator.py
[2024-04-27T13:52:29.944+0000] {logging_mixin.py:137} INFO - [2024-04-27T13:52:29.944+0000] {dag.py:2690} INFO - Sync 1 DAGs
[2024-04-27T13:52:29.981+0000] {logging_mixin.py:137} INFO - [2024-04-27T13:52:29.981+0000] {dag.py:3441} INFO - Setting next_dagrun for example_short_circuit_decorator to 2024-04-26T13:52:29.980801+00:00, run_after=2024-04-27T13:52:29.980801+00:00
[2024-04-27T13:52:30.007+0000] {processor.py:175} INFO - Processing /home/airflow/.local/lib/python3.7/site-packages/airflow/example_dags/example_short_circuit_decorator.py took 0.139 seconds
[2024-04-27T13:53:00.757+0000] {processor.py:153} INFO - Started process (PID=1194) to work on /home/airflow/.local/lib/python3.7/site-packages/airflow/example_dags/example_short_circuit_decorator.py
[2024-04-27T13:53:00.758+0000] {processor.py:743} INFO - Processing file /home/airflow/.local/lib/python3.7/site-packages/airflow/example_dags/example_short_circuit_decorator.py for tasks to queue
[2024-04-27T13:53:00.759+0000] {logging_mixin.py:137} INFO - [2024-04-27T13:53:00.759+0000] {dagbag.py:538} INFO - Filling up the DagBag from /home/airflow/.local/lib/python3.7/site-packages/airflow/example_dags/example_short_circuit_decorator.py
[2024-04-27T13:53:00.793+0000] {processor.py:753} INFO - DAG(s) dict_keys(['example_short_circuit_decorator']) retrieved from /home/airflow/.local/lib/python3.7/site-packages/airflow/example_dags/example_short_circuit_decorator.py
[2024-04-27T13:53:00.830+0000] {logging_mixin.py:137} INFO - [2024-04-27T13:53:00.829+0000] {dag.py:2690} INFO - Sync 1 DAGs
[2024-04-27T13:53:00.882+0000] {logging_mixin.py:137} INFO - [2024-04-27T13:53:00.882+0000] {dag.py:3441} INFO - Setting next_dagrun for example_short_circuit_decorator to 2024-04-26T13:53:00.881868+00:00, run_after=2024-04-27T13:53:00.881868+00:00
[2024-04-27T13:53:00.915+0000] {processor.py:175} INFO - Processing /home/airflow/.local/lib/python3.7/site-packages/airflow/example_dags/example_short_circuit_decorator.py took 0.162 seconds
[2024-04-27T13:53:31.896+0000] {processor.py:153} INFO - Started process (PID=1257) to work on /home/airflow/.local/lib/python3.7/site-packages/airflow/example_dags/example_short_circuit_decorator.py
[2024-04-27T13:53:31.898+0000] {processor.py:743} INFO - Processing file /home/airflow/.local/lib/python3.7/site-packages/airflow/example_dags/example_short_circuit_decorator.py for tasks to queue
[2024-04-27T13:53:31.899+0000] {logging_mixin.py:137} INFO - [2024-04-27T13:53:31.898+0000] {dagbag.py:538} INFO - Filling up the DagBag from /home/airflow/.local/lib/python3.7/site-packages/airflow/example_dags/example_short_circuit_decorator.py
[2024-04-27T13:53:31.950+0000] {processor.py:753} INFO - DAG(s) dict_keys(['example_short_circuit_decorator']) retrieved from /home/airflow/.local/lib/python3.7/site-packages/airflow/example_dags/example_short_circuit_decorator.py
[2024-04-27T13:53:31.999+0000] {logging_mixin.py:137} INFO - [2024-04-27T13:53:31.999+0000] {dag.py:2690} INFO - Sync 1 DAGs
[2024-04-27T13:53:32.050+0000] {logging_mixin.py:137} INFO - [2024-04-27T13:53:32.050+0000] {dag.py:3441} INFO - Setting next_dagrun for example_short_circuit_decorator to 2024-04-26T13:53:32.050084+00:00, run_after=2024-04-27T13:53:32.050084+00:00
[2024-04-27T13:53:32.086+0000] {processor.py:175} INFO - Processing /home/airflow/.local/lib/python3.7/site-packages/airflow/example_dags/example_short_circuit_decorator.py took 0.195 seconds
[2024-04-27T13:54:02.495+0000] {processor.py:153} INFO - Started process (PID=1333) to work on /home/airflow/.local/lib/python3.7/site-packages/airflow/example_dags/example_short_circuit_decorator.py
[2024-04-27T13:54:02.496+0000] {processor.py:743} INFO - Processing file /home/airflow/.local/lib/python3.7/site-packages/airflow/example_dags/example_short_circuit_decorator.py for tasks to queue
[2024-04-27T13:54:02.497+0000] {logging_mixin.py:137} INFO - [2024-04-27T13:54:02.497+0000] {dagbag.py:538} INFO - Filling up the DagBag from /home/airflow/.local/lib/python3.7/site-packages/airflow/example_dags/example_short_circuit_decorator.py
[2024-04-27T13:54:02.551+0000] {processor.py:753} INFO - DAG(s) dict_keys(['example_short_circuit_decorator']) retrieved from /home/airflow/.local/lib/python3.7/site-packages/airflow/example_dags/example_short_circuit_decorator.py
[2024-04-27T13:54:02.639+0000] {logging_mixin.py:137} INFO - [2024-04-27T13:54:02.639+0000] {dag.py:2690} INFO - Sync 1 DAGs
[2024-04-27T13:54:02.740+0000] {logging_mixin.py:137} INFO - [2024-04-27T13:54:02.740+0000] {dag.py:3441} INFO - Setting next_dagrun for example_short_circuit_decorator to 2024-04-26T13:54:02.739635+00:00, run_after=2024-04-27T13:54:02.739635+00:00
[2024-04-27T13:54:02.781+0000] {processor.py:175} INFO - Processing /home/airflow/.local/lib/python3.7/site-packages/airflow/example_dags/example_short_circuit_decorator.py took 0.292 seconds
[2024-04-27T14:03:19.901+0000] {processor.py:157} INFO - Started process (PID=71) to work on /home/airflow/.local/lib/python3.8/site-packages/airflow/example_dags/example_short_circuit_decorator.py
[2024-04-27T14:03:19.902+0000] {processor.py:829} INFO - Processing file /home/airflow/.local/lib/python3.8/site-packages/airflow/example_dags/example_short_circuit_decorator.py for tasks to queue
[2024-04-27T14:03:19.904+0000] {logging_mixin.py:151} INFO - [2024-04-27T14:03:19.904+0000] {dagbag.py:539} INFO - Filling up the DagBag from /home/airflow/.local/lib/python3.8/site-packages/airflow/example_dags/example_short_circuit_decorator.py
[2024-04-27T14:03:19.924+0000] {processor.py:839} INFO - DAG(s) dict_keys(['example_short_circuit_decorator']) retrieved from /home/airflow/.local/lib/python3.8/site-packages/airflow/example_dags/example_short_circuit_decorator.py
[2024-04-27T14:03:20.183+0000] {logging_mixin.py:151} INFO - [2024-04-27T14:03:20.183+0000] {manager.py:501} INFO - Created Permission View: can read on DAG:example_short_circuit_decorator
[2024-04-27T14:03:20.195+0000] {logging_mixin.py:151} INFO - [2024-04-27T14:03:20.195+0000] {manager.py:501} INFO - Created Permission View: can edit on DAG:example_short_circuit_decorator
[2024-04-27T14:03:20.204+0000] {logging_mixin.py:151} INFO - [2024-04-27T14:03:20.204+0000] {manager.py:501} INFO - Created Permission View: can delete on DAG:example_short_circuit_decorator
[2024-04-27T14:03:20.221+0000] {logging_mixin.py:151} INFO - [2024-04-27T14:03:20.221+0000] {dag.py:2907} INFO - Sync 1 DAGs
[2024-04-27T14:03:20.235+0000] {logging_mixin.py:151} INFO - [2024-04-27T14:03:20.235+0000] {dag.py:2929} INFO - Creating ORM DAG for example_short_circuit_decorator
[2024-04-27T14:03:20.248+0000] {logging_mixin.py:151} INFO - [2024-04-27T14:03:20.248+0000] {dag.py:3677} INFO - Setting next_dagrun for example_short_circuit_decorator to 2024-04-26T14:03:20.247787+00:00, run_after=2024-04-27T14:03:20.247787+00:00
[2024-04-27T14:03:20.272+0000] {processor.py:179} INFO - Processing /home/airflow/.local/lib/python3.8/site-packages/airflow/example_dags/example_short_circuit_decorator.py took 0.376 seconds
[2024-04-27T14:03:50.839+0000] {processor.py:157} INFO - Started process (PID=134) to work on /home/airflow/.local/lib/python3.8/site-packages/airflow/example_dags/example_short_circuit_decorator.py
[2024-04-27T14:03:50.841+0000] {processor.py:829} INFO - Processing file /home/airflow/.local/lib/python3.8/site-packages/airflow/example_dags/example_short_circuit_decorator.py for tasks to queue
[2024-04-27T14:03:50.846+0000] {logging_mixin.py:151} INFO - [2024-04-27T14:03:50.845+0000] {dagbag.py:539} INFO - Filling up the DagBag from /home/airflow/.local/lib/python3.8/site-packages/airflow/example_dags/example_short_circuit_decorator.py
[2024-04-27T14:03:50.866+0000] {processor.py:839} INFO - DAG(s) dict_keys(['example_short_circuit_decorator']) retrieved from /home/airflow/.local/lib/python3.8/site-packages/airflow/example_dags/example_short_circuit_decorator.py
[2024-04-27T14:03:50.918+0000] {logging_mixin.py:151} INFO - [2024-04-27T14:03:50.917+0000] {dag.py:2907} INFO - Sync 1 DAGs
[2024-04-27T14:03:50.960+0000] {logging_mixin.py:151} INFO - [2024-04-27T14:03:50.959+0000] {dag.py:3677} INFO - Setting next_dagrun for example_short_circuit_decorator to 2024-04-26T14:03:50.959353+00:00, run_after=2024-04-27T14:03:50.959353+00:00
[2024-04-27T14:03:50.987+0000] {processor.py:179} INFO - Processing /home/airflow/.local/lib/python3.8/site-packages/airflow/example_dags/example_short_circuit_decorator.py took 0.154 seconds
[2024-04-27T14:04:21.194+0000] {processor.py:157} INFO - Started process (PID=197) to work on /home/airflow/.local/lib/python3.8/site-packages/airflow/example_dags/example_short_circuit_decorator.py
[2024-04-27T14:04:21.196+0000] {processor.py:829} INFO - Processing file /home/airflow/.local/lib/python3.8/site-packages/airflow/example_dags/example_short_circuit_decorator.py for tasks to queue
[2024-04-27T14:04:21.199+0000] {logging_mixin.py:151} INFO - [2024-04-27T14:04:21.199+0000] {dagbag.py:539} INFO - Filling up the DagBag from /home/airflow/.local/lib/python3.8/site-packages/airflow/example_dags/example_short_circuit_decorator.py
[2024-04-27T14:04:21.216+0000] {processor.py:839} INFO - DAG(s) dict_keys(['example_short_circuit_decorator']) retrieved from /home/airflow/.local/lib/python3.8/site-packages/airflow/example_dags/example_short_circuit_decorator.py
[2024-04-27T14:04:21.253+0000] {logging_mixin.py:151} INFO - [2024-04-27T14:04:21.252+0000] {dag.py:2907} INFO - Sync 1 DAGs
[2024-04-27T14:04:21.286+0000] {logging_mixin.py:151} INFO - [2024-04-27T14:04:21.286+0000] {dag.py:3677} INFO - Setting next_dagrun for example_short_circuit_decorator to 2024-04-26T14:04:21.285700+00:00, run_after=2024-04-27T14:04:21.285700+00:00
[2024-04-27T14:04:21.314+0000] {processor.py:179} INFO - Processing /home/airflow/.local/lib/python3.8/site-packages/airflow/example_dags/example_short_circuit_decorator.py took 0.125 seconds
[2024-04-27T14:04:51.637+0000] {processor.py:157} INFO - Started process (PID=268) to work on /home/airflow/.local/lib/python3.8/site-packages/airflow/example_dags/example_short_circuit_decorator.py
[2024-04-27T14:04:51.638+0000] {processor.py:829} INFO - Processing file /home/airflow/.local/lib/python3.8/site-packages/airflow/example_dags/example_short_circuit_decorator.py for tasks to queue
[2024-04-27T14:04:51.642+0000] {logging_mixin.py:151} INFO - [2024-04-27T14:04:51.641+0000] {dagbag.py:539} INFO - Filling up the DagBag from /home/airflow/.local/lib/python3.8/site-packages/airflow/example_dags/example_short_circuit_decorator.py
[2024-04-27T14:04:51.660+0000] {processor.py:839} INFO - DAG(s) dict_keys(['example_short_circuit_decorator']) retrieved from /home/airflow/.local/lib/python3.8/site-packages/airflow/example_dags/example_short_circuit_decorator.py
[2024-04-27T14:04:51.707+0000] {logging_mixin.py:151} INFO - [2024-04-27T14:04:51.706+0000] {dag.py:2907} INFO - Sync 1 DAGs
[2024-04-27T14:04:51.753+0000] {logging_mixin.py:151} INFO - [2024-04-27T14:04:51.752+0000] {dag.py:3677} INFO - Setting next_dagrun for example_short_circuit_decorator to 2024-04-26T14:04:51.752515+00:00, run_after=2024-04-27T14:04:51.752515+00:00
[2024-04-27T14:04:51.790+0000] {processor.py:179} INFO - Processing /home/airflow/.local/lib/python3.8/site-packages/airflow/example_dags/example_short_circuit_decorator.py took 0.160 seconds
[2024-04-27T14:05:21.852+0000] {processor.py:157} INFO - Started process (PID=331) to work on /home/airflow/.local/lib/python3.8/site-packages/airflow/example_dags/example_short_circuit_decorator.py
[2024-04-27T14:05:21.853+0000] {processor.py:829} INFO - Processing file /home/airflow/.local/lib/python3.8/site-packages/airflow/example_dags/example_short_circuit_decorator.py for tasks to queue
[2024-04-27T14:05:21.857+0000] {logging_mixin.py:151} INFO - [2024-04-27T14:05:21.856+0000] {dagbag.py:539} INFO - Filling up the DagBag from /home/airflow/.local/lib/python3.8/site-packages/airflow/example_dags/example_short_circuit_decorator.py
[2024-04-27T14:05:21.877+0000] {processor.py:839} INFO - DAG(s) dict_keys(['example_short_circuit_decorator']) retrieved from /home/airflow/.local/lib/python3.8/site-packages/airflow/example_dags/example_short_circuit_decorator.py
[2024-04-27T14:05:21.918+0000] {logging_mixin.py:151} INFO - [2024-04-27T14:05:21.918+0000] {dag.py:2907} INFO - Sync 1 DAGs
[2024-04-27T14:05:21.953+0000] {logging_mixin.py:151} INFO - [2024-04-27T14:05:21.953+0000] {dag.py:3677} INFO - Setting next_dagrun for example_short_circuit_decorator to 2024-04-26T14:05:21.953265+00:00, run_after=2024-04-27T14:05:21.953265+00:00
[2024-04-27T14:05:21.982+0000] {processor.py:179} INFO - Processing /home/airflow/.local/lib/python3.8/site-packages/airflow/example_dags/example_short_circuit_decorator.py took 0.135 seconds
[2024-04-27T14:05:52.110+0000] {processor.py:157} INFO - Started process (PID=395) to work on /home/airflow/.local/lib/python3.8/site-packages/airflow/example_dags/example_short_circuit_decorator.py
[2024-04-27T14:05:52.111+0000] {processor.py:829} INFO - Processing file /home/airflow/.local/lib/python3.8/site-packages/airflow/example_dags/example_short_circuit_decorator.py for tasks to queue
[2024-04-27T14:05:52.115+0000] {logging_mixin.py:151} INFO - [2024-04-27T14:05:52.114+0000] {dagbag.py:539} INFO - Filling up the DagBag from /home/airflow/.local/lib/python3.8/site-packages/airflow/example_dags/example_short_circuit_decorator.py
[2024-04-27T14:05:52.132+0000] {processor.py:839} INFO - DAG(s) dict_keys(['example_short_circuit_decorator']) retrieved from /home/airflow/.local/lib/python3.8/site-packages/airflow/example_dags/example_short_circuit_decorator.py
[2024-04-27T14:05:52.194+0000] {logging_mixin.py:151} INFO - [2024-04-27T14:05:52.193+0000] {dag.py:2907} INFO - Sync 1 DAGs
[2024-04-27T14:05:52.225+0000] {logging_mixin.py:151} INFO - [2024-04-27T14:05:52.224+0000] {dag.py:3677} INFO - Setting next_dagrun for example_short_circuit_decorator to 2024-04-26T14:05:52.224285+00:00, run_after=2024-04-27T14:05:52.224285+00:00
[2024-04-27T14:05:52.264+0000] {processor.py:179} INFO - Processing /home/airflow/.local/lib/python3.8/site-packages/airflow/example_dags/example_short_circuit_decorator.py took 0.160 seconds
[2024-04-27T14:06:22.608+0000] {processor.py:157} INFO - Started process (PID=464) to work on /home/airflow/.local/lib/python3.8/site-packages/airflow/example_dags/example_short_circuit_decorator.py
[2024-04-27T14:06:22.609+0000] {processor.py:829} INFO - Processing file /home/airflow/.local/lib/python3.8/site-packages/airflow/example_dags/example_short_circuit_decorator.py for tasks to queue
[2024-04-27T14:06:22.612+0000] {logging_mixin.py:151} INFO - [2024-04-27T14:06:22.612+0000] {dagbag.py:539} INFO - Filling up the DagBag from /home/airflow/.local/lib/python3.8/site-packages/airflow/example_dags/example_short_circuit_decorator.py
[2024-04-27T14:06:22.629+0000] {processor.py:839} INFO - DAG(s) dict_keys(['example_short_circuit_decorator']) retrieved from /home/airflow/.local/lib/python3.8/site-packages/airflow/example_dags/example_short_circuit_decorator.py
[2024-04-27T14:06:22.680+0000] {logging_mixin.py:151} INFO - [2024-04-27T14:06:22.680+0000] {dag.py:2907} INFO - Sync 1 DAGs
[2024-04-27T14:06:22.720+0000] {logging_mixin.py:151} INFO - [2024-04-27T14:06:22.719+0000] {dag.py:3677} INFO - Setting next_dagrun for example_short_circuit_decorator to 2024-04-26T14:06:22.719528+00:00, run_after=2024-04-27T14:06:22.719528+00:00
[2024-04-27T14:06:22.749+0000] {processor.py:179} INFO - Processing /home/airflow/.local/lib/python3.8/site-packages/airflow/example_dags/example_short_circuit_decorator.py took 0.148 seconds
[2024-04-27T14:06:53.207+0000] {processor.py:157} INFO - Started process (PID=530) to work on /home/airflow/.local/lib/python3.8/site-packages/airflow/example_dags/example_short_circuit_decorator.py
[2024-04-27T14:06:53.208+0000] {processor.py:829} INFO - Processing file /home/airflow/.local/lib/python3.8/site-packages/airflow/example_dags/example_short_circuit_decorator.py for tasks to queue
[2024-04-27T14:06:53.210+0000] {logging_mixin.py:151} INFO - [2024-04-27T14:06:53.210+0000] {dagbag.py:539} INFO - Filling up the DagBag from /home/airflow/.local/lib/python3.8/site-packages/airflow/example_dags/example_short_circuit_decorator.py
[2024-04-27T14:06:53.222+0000] {processor.py:839} INFO - DAG(s) dict_keys(['example_short_circuit_decorator']) retrieved from /home/airflow/.local/lib/python3.8/site-packages/airflow/example_dags/example_short_circuit_decorator.py
[2024-04-27T14:06:53.253+0000] {logging_mixin.py:151} INFO - [2024-04-27T14:06:53.253+0000] {dag.py:2907} INFO - Sync 1 DAGs
[2024-04-27T14:06:53.282+0000] {logging_mixin.py:151} INFO - [2024-04-27T14:06:53.282+0000] {dag.py:3677} INFO - Setting next_dagrun for example_short_circuit_decorator to 2024-04-26T14:06:53.282084+00:00, run_after=2024-04-27T14:06:53.282084+00:00
[2024-04-27T14:06:53.308+0000] {processor.py:179} INFO - Processing /home/airflow/.local/lib/python3.8/site-packages/airflow/example_dags/example_short_circuit_decorator.py took 0.105 seconds
[2024-04-27T14:07:23.960+0000] {processor.py:157} INFO - Started process (PID=595) to work on /home/airflow/.local/lib/python3.8/site-packages/airflow/example_dags/example_short_circuit_decorator.py
[2024-04-27T14:07:23.961+0000] {processor.py:829} INFO - Processing file /home/airflow/.local/lib/python3.8/site-packages/airflow/example_dags/example_short_circuit_decorator.py for tasks to queue
[2024-04-27T14:07:23.963+0000] {logging_mixin.py:151} INFO - [2024-04-27T14:07:23.962+0000] {dagbag.py:539} INFO - Filling up the DagBag from /home/airflow/.local/lib/python3.8/site-packages/airflow/example_dags/example_short_circuit_decorator.py
[2024-04-27T14:07:23.976+0000] {processor.py:839} INFO - DAG(s) dict_keys(['example_short_circuit_decorator']) retrieved from /home/airflow/.local/lib/python3.8/site-packages/airflow/example_dags/example_short_circuit_decorator.py
[2024-04-27T14:07:24.028+0000] {logging_mixin.py:151} INFO - [2024-04-27T14:07:24.028+0000] {dag.py:2907} INFO - Sync 1 DAGs
[2024-04-27T14:07:24.070+0000] {logging_mixin.py:151} INFO - [2024-04-27T14:07:24.070+0000] {dag.py:3677} INFO - Setting next_dagrun for example_short_circuit_decorator to 2024-04-26T14:07:24.070182+00:00, run_after=2024-04-27T14:07:24.070182+00:00
[2024-04-27T14:07:24.091+0000] {processor.py:179} INFO - Processing /home/airflow/.local/lib/python3.8/site-packages/airflow/example_dags/example_short_circuit_decorator.py took 0.136 seconds
[2024-04-27T14:11:48.592+0000] {processor.py:157} INFO - Started process (PID=70) to work on /home/airflow/.local/lib/python3.8/site-packages/airflow/example_dags/example_short_circuit_decorator.py
[2024-04-27T14:11:48.599+0000] {processor.py:829} INFO - Processing file /home/airflow/.local/lib/python3.8/site-packages/airflow/example_dags/example_short_circuit_decorator.py for tasks to queue
[2024-04-27T14:11:48.602+0000] {logging_mixin.py:151} INFO - [2024-04-27T14:11:48.602+0000] {dagbag.py:539} INFO - Filling up the DagBag from /home/airflow/.local/lib/python3.8/site-packages/airflow/example_dags/example_short_circuit_decorator.py
[2024-04-27T14:11:48.654+0000] {processor.py:839} INFO - DAG(s) dict_keys(['example_short_circuit_decorator']) retrieved from /home/airflow/.local/lib/python3.8/site-packages/airflow/example_dags/example_short_circuit_decorator.py
[2024-04-27T14:11:49.032+0000] {logging_mixin.py:151} INFO - [2024-04-27T14:11:49.031+0000] {dag.py:2907} INFO - Sync 1 DAGs
[2024-04-27T14:11:49.088+0000] {logging_mixin.py:151} INFO - [2024-04-27T14:11:49.088+0000] {dag.py:3677} INFO - Setting next_dagrun for example_short_circuit_decorator to 2024-04-26T14:11:49.087960+00:00, run_after=2024-04-27T14:11:49.087960+00:00
[2024-04-27T14:11:49.139+0000] {processor.py:179} INFO - Processing /home/airflow/.local/lib/python3.8/site-packages/airflow/example_dags/example_short_circuit_decorator.py took 0.552 seconds
[2024-04-27T14:12:20.031+0000] {processor.py:157} INFO - Started process (PID=133) to work on /home/airflow/.local/lib/python3.8/site-packages/airflow/example_dags/example_short_circuit_decorator.py
[2024-04-27T14:12:20.032+0000] {processor.py:829} INFO - Processing file /home/airflow/.local/lib/python3.8/site-packages/airflow/example_dags/example_short_circuit_decorator.py for tasks to queue
[2024-04-27T14:12:20.035+0000] {logging_mixin.py:151} INFO - [2024-04-27T14:12:20.035+0000] {dagbag.py:539} INFO - Filling up the DagBag from /home/airflow/.local/lib/python3.8/site-packages/airflow/example_dags/example_short_circuit_decorator.py
[2024-04-27T14:12:20.052+0000] {processor.py:839} INFO - DAG(s) dict_keys(['example_short_circuit_decorator']) retrieved from /home/airflow/.local/lib/python3.8/site-packages/airflow/example_dags/example_short_circuit_decorator.py
[2024-04-27T14:12:20.095+0000] {logging_mixin.py:151} INFO - [2024-04-27T14:12:20.094+0000] {dag.py:2907} INFO - Sync 1 DAGs
[2024-04-27T14:12:20.126+0000] {logging_mixin.py:151} INFO - [2024-04-27T14:12:20.126+0000] {dag.py:3677} INFO - Setting next_dagrun for example_short_circuit_decorator to 2024-04-26T14:12:20.126411+00:00, run_after=2024-04-27T14:12:20.126411+00:00
[2024-04-27T14:12:20.151+0000] {processor.py:179} INFO - Processing /home/airflow/.local/lib/python3.8/site-packages/airflow/example_dags/example_short_circuit_decorator.py took 0.125 seconds
[2024-04-27T14:12:50.817+0000] {processor.py:157} INFO - Started process (PID=196) to work on /home/airflow/.local/lib/python3.8/site-packages/airflow/example_dags/example_short_circuit_decorator.py
[2024-04-27T14:12:50.820+0000] {processor.py:829} INFO - Processing file /home/airflow/.local/lib/python3.8/site-packages/airflow/example_dags/example_short_circuit_decorator.py for tasks to queue
[2024-04-27T14:12:50.823+0000] {logging_mixin.py:151} INFO - [2024-04-27T14:12:50.822+0000] {dagbag.py:539} INFO - Filling up the DagBag from /home/airflow/.local/lib/python3.8/site-packages/airflow/example_dags/example_short_circuit_decorator.py
[2024-04-27T14:12:50.850+0000] {processor.py:839} INFO - DAG(s) dict_keys(['example_short_circuit_decorator']) retrieved from /home/airflow/.local/lib/python3.8/site-packages/airflow/example_dags/example_short_circuit_decorator.py
[2024-04-27T14:12:50.894+0000] {logging_mixin.py:151} INFO - [2024-04-27T14:12:50.894+0000] {dag.py:2907} INFO - Sync 1 DAGs
[2024-04-27T14:12:50.936+0000] {logging_mixin.py:151} INFO - [2024-04-27T14:12:50.935+0000] {dag.py:3677} INFO - Setting next_dagrun for example_short_circuit_decorator to 2024-04-26T14:12:50.935331+00:00, run_after=2024-04-27T14:12:50.935331+00:00
[2024-04-27T14:12:50.979+0000] {processor.py:179} INFO - Processing /home/airflow/.local/lib/python3.8/site-packages/airflow/example_dags/example_short_circuit_decorator.py took 0.171 seconds
[2024-04-27T14:13:21.704+0000] {processor.py:157} INFO - Started process (PID=265) to work on /home/airflow/.local/lib/python3.8/site-packages/airflow/example_dags/example_short_circuit_decorator.py
[2024-04-27T14:13:21.705+0000] {processor.py:829} INFO - Processing file /home/airflow/.local/lib/python3.8/site-packages/airflow/example_dags/example_short_circuit_decorator.py for tasks to queue
[2024-04-27T14:13:21.709+0000] {logging_mixin.py:151} INFO - [2024-04-27T14:13:21.709+0000] {dagbag.py:539} INFO - Filling up the DagBag from /home/airflow/.local/lib/python3.8/site-packages/airflow/example_dags/example_short_circuit_decorator.py
[2024-04-27T14:13:21.729+0000] {processor.py:839} INFO - DAG(s) dict_keys(['example_short_circuit_decorator']) retrieved from /home/airflow/.local/lib/python3.8/site-packages/airflow/example_dags/example_short_circuit_decorator.py
[2024-04-27T14:13:21.776+0000] {logging_mixin.py:151} INFO - [2024-04-27T14:13:21.776+0000] {dag.py:2907} INFO - Sync 1 DAGs
[2024-04-27T14:13:21.816+0000] {logging_mixin.py:151} INFO - [2024-04-27T14:13:21.816+0000] {dag.py:3677} INFO - Setting next_dagrun for example_short_circuit_decorator to 2024-04-26T14:13:21.816299+00:00, run_after=2024-04-27T14:13:21.816299+00:00
[2024-04-27T14:13:21.858+0000] {processor.py:179} INFO - Processing /home/airflow/.local/lib/python3.8/site-packages/airflow/example_dags/example_short_circuit_decorator.py took 0.161 seconds
[2024-04-27T14:13:51.937+0000] {processor.py:157} INFO - Started process (PID=328) to work on /home/airflow/.local/lib/python3.8/site-packages/airflow/example_dags/example_short_circuit_decorator.py
[2024-04-27T14:13:51.939+0000] {processor.py:829} INFO - Processing file /home/airflow/.local/lib/python3.8/site-packages/airflow/example_dags/example_short_circuit_decorator.py for tasks to queue
[2024-04-27T14:13:51.942+0000] {logging_mixin.py:151} INFO - [2024-04-27T14:13:51.941+0000] {dagbag.py:539} INFO - Filling up the DagBag from /home/airflow/.local/lib/python3.8/site-packages/airflow/example_dags/example_short_circuit_decorator.py
[2024-04-27T14:13:51.956+0000] {processor.py:839} INFO - DAG(s) dict_keys(['example_short_circuit_decorator']) retrieved from /home/airflow/.local/lib/python3.8/site-packages/airflow/example_dags/example_short_circuit_decorator.py
[2024-04-27T14:13:51.985+0000] {logging_mixin.py:151} INFO - [2024-04-27T14:13:51.985+0000] {dag.py:2907} INFO - Sync 1 DAGs
[2024-04-27T14:13:52.011+0000] {logging_mixin.py:151} INFO - [2024-04-27T14:13:52.011+0000] {dag.py:3677} INFO - Setting next_dagrun for example_short_circuit_decorator to 2024-04-26T14:13:52.010784+00:00, run_after=2024-04-27T14:13:52.010784+00:00
[2024-04-27T14:13:52.033+0000] {processor.py:179} INFO - Processing /home/airflow/.local/lib/python3.8/site-packages/airflow/example_dags/example_short_circuit_decorator.py took 0.103 seconds
[2024-04-27T14:14:22.445+0000] {processor.py:157} INFO - Started process (PID=392) to work on /home/airflow/.local/lib/python3.8/site-packages/airflow/example_dags/example_short_circuit_decorator.py
[2024-04-27T14:14:22.446+0000] {processor.py:829} INFO - Processing file /home/airflow/.local/lib/python3.8/site-packages/airflow/example_dags/example_short_circuit_decorator.py for tasks to queue
[2024-04-27T14:14:22.449+0000] {logging_mixin.py:151} INFO - [2024-04-27T14:14:22.449+0000] {dagbag.py:539} INFO - Filling up the DagBag from /home/airflow/.local/lib/python3.8/site-packages/airflow/example_dags/example_short_circuit_decorator.py
[2024-04-27T14:14:22.462+0000] {processor.py:839} INFO - DAG(s) dict_keys(['example_short_circuit_decorator']) retrieved from /home/airflow/.local/lib/python3.8/site-packages/airflow/example_dags/example_short_circuit_decorator.py
[2024-04-27T14:14:22.500+0000] {logging_mixin.py:151} INFO - [2024-04-27T14:14:22.500+0000] {dag.py:2907} INFO - Sync 1 DAGs
[2024-04-27T14:14:22.534+0000] {logging_mixin.py:151} INFO - [2024-04-27T14:14:22.534+0000] {dag.py:3677} INFO - Setting next_dagrun for example_short_circuit_decorator to 2024-04-26T14:14:22.534363+00:00, run_after=2024-04-27T14:14:22.534363+00:00
[2024-04-27T14:14:22.560+0000] {processor.py:179} INFO - Processing /home/airflow/.local/lib/python3.8/site-packages/airflow/example_dags/example_short_circuit_decorator.py took 0.121 seconds
[2024-04-27T14:14:53.144+0000] {processor.py:157} INFO - Started process (PID=463) to work on /home/airflow/.local/lib/python3.8/site-packages/airflow/example_dags/example_short_circuit_decorator.py
[2024-04-27T14:14:53.147+0000] {processor.py:829} INFO - Processing file /home/airflow/.local/lib/python3.8/site-packages/airflow/example_dags/example_short_circuit_decorator.py for tasks to queue
[2024-04-27T14:14:53.150+0000] {logging_mixin.py:151} INFO - [2024-04-27T14:14:53.149+0000] {dagbag.py:539} INFO - Filling up the DagBag from /home/airflow/.local/lib/python3.8/site-packages/airflow/example_dags/example_short_circuit_decorator.py
[2024-04-27T14:14:53.168+0000] {processor.py:839} INFO - DAG(s) dict_keys(['example_short_circuit_decorator']) retrieved from /home/airflow/.local/lib/python3.8/site-packages/airflow/example_dags/example_short_circuit_decorator.py
[2024-04-27T14:14:53.217+0000] {logging_mixin.py:151} INFO - [2024-04-27T14:14:53.217+0000] {dag.py:2907} INFO - Sync 1 DAGs
[2024-04-27T14:14:53.261+0000] {logging_mixin.py:151} INFO - [2024-04-27T14:14:53.260+0000] {dag.py:3677} INFO - Setting next_dagrun for example_short_circuit_decorator to 2024-04-26T14:14:53.260212+00:00, run_after=2024-04-27T14:14:53.260212+00:00
[2024-04-27T14:14:53.294+0000] {processor.py:179} INFO - Processing /home/airflow/.local/lib/python3.8/site-packages/airflow/example_dags/example_short_circuit_decorator.py took 0.155 seconds
[2024-04-27T14:15:24.126+0000] {processor.py:157} INFO - Started process (PID=529) to work on /home/airflow/.local/lib/python3.8/site-packages/airflow/example_dags/example_short_circuit_decorator.py
[2024-04-27T14:15:24.127+0000] {processor.py:829} INFO - Processing file /home/airflow/.local/lib/python3.8/site-packages/airflow/example_dags/example_short_circuit_decorator.py for tasks to queue
[2024-04-27T14:15:24.130+0000] {logging_mixin.py:151} INFO - [2024-04-27T14:15:24.129+0000] {dagbag.py:539} INFO - Filling up the DagBag from /home/airflow/.local/lib/python3.8/site-packages/airflow/example_dags/example_short_circuit_decorator.py
[2024-04-27T14:15:24.142+0000] {processor.py:839} INFO - DAG(s) dict_keys(['example_short_circuit_decorator']) retrieved from /home/airflow/.local/lib/python3.8/site-packages/airflow/example_dags/example_short_circuit_decorator.py
[2024-04-27T14:15:24.175+0000] {logging_mixin.py:151} INFO - [2024-04-27T14:15:24.175+0000] {dag.py:2907} INFO - Sync 1 DAGs
[2024-04-27T14:15:24.204+0000] {logging_mixin.py:151} INFO - [2024-04-27T14:15:24.203+0000] {dag.py:3677} INFO - Setting next_dagrun for example_short_circuit_decorator to 2024-04-26T14:15:24.203557+00:00, run_after=2024-04-27T14:15:24.203557+00:00
[2024-04-27T14:15:24.228+0000] {processor.py:179} INFO - Processing /home/airflow/.local/lib/python3.8/site-packages/airflow/example_dags/example_short_circuit_decorator.py took 0.106 seconds
[2024-04-27T14:15:54.568+0000] {processor.py:157} INFO - Started process (PID=594) to work on /home/airflow/.local/lib/python3.8/site-packages/airflow/example_dags/example_short_circuit_decorator.py
[2024-04-27T14:15:54.569+0000] {processor.py:829} INFO - Processing file /home/airflow/.local/lib/python3.8/site-packages/airflow/example_dags/example_short_circuit_decorator.py for tasks to queue
[2024-04-27T14:15:54.571+0000] {logging_mixin.py:151} INFO - [2024-04-27T14:15:54.570+0000] {dagbag.py:539} INFO - Filling up the DagBag from /home/airflow/.local/lib/python3.8/site-packages/airflow/example_dags/example_short_circuit_decorator.py
[2024-04-27T14:15:54.582+0000] {processor.py:839} INFO - DAG(s) dict_keys(['example_short_circuit_decorator']) retrieved from /home/airflow/.local/lib/python3.8/site-packages/airflow/example_dags/example_short_circuit_decorator.py
[2024-04-27T14:15:54.613+0000] {logging_mixin.py:151} INFO - [2024-04-27T14:15:54.613+0000] {dag.py:2907} INFO - Sync 1 DAGs
[2024-04-27T14:15:54.642+0000] {logging_mixin.py:151} INFO - [2024-04-27T14:15:54.642+0000] {dag.py:3677} INFO - Setting next_dagrun for example_short_circuit_decorator to 2024-04-26T14:15:54.641748+00:00, run_after=2024-04-27T14:15:54.641748+00:00
[2024-04-27T14:15:54.666+0000] {processor.py:179} INFO - Processing /home/airflow/.local/lib/python3.8/site-packages/airflow/example_dags/example_short_circuit_decorator.py took 0.102 seconds
[2024-04-27T14:16:25.156+0000] {processor.py:157} INFO - Started process (PID=657) to work on /home/airflow/.local/lib/python3.8/site-packages/airflow/example_dags/example_short_circuit_decorator.py
[2024-04-27T14:16:25.156+0000] {processor.py:829} INFO - Processing file /home/airflow/.local/lib/python3.8/site-packages/airflow/example_dags/example_short_circuit_decorator.py for tasks to queue
[2024-04-27T14:16:25.159+0000] {logging_mixin.py:151} INFO - [2024-04-27T14:16:25.158+0000] {dagbag.py:539} INFO - Filling up the DagBag from /home/airflow/.local/lib/python3.8/site-packages/airflow/example_dags/example_short_circuit_decorator.py
[2024-04-27T14:16:25.170+0000] {processor.py:839} INFO - DAG(s) dict_keys(['example_short_circuit_decorator']) retrieved from /home/airflow/.local/lib/python3.8/site-packages/airflow/example_dags/example_short_circuit_decorator.py
[2024-04-27T14:16:25.201+0000] {logging_mixin.py:151} INFO - [2024-04-27T14:16:25.201+0000] {dag.py:2907} INFO - Sync 1 DAGs
[2024-04-27T14:16:25.236+0000] {logging_mixin.py:151} INFO - [2024-04-27T14:16:25.235+0000] {dag.py:3677} INFO - Setting next_dagrun for example_short_circuit_decorator to 2024-04-26T14:16:25.235545+00:00, run_after=2024-04-27T14:16:25.235545+00:00
[2024-04-27T14:16:25.260+0000] {processor.py:179} INFO - Processing /home/airflow/.local/lib/python3.8/site-packages/airflow/example_dags/example_short_circuit_decorator.py took 0.110 seconds
[2024-04-27T14:16:55.617+0000] {processor.py:157} INFO - Started process (PID=730) to work on /home/airflow/.local/lib/python3.8/site-packages/airflow/example_dags/example_short_circuit_decorator.py
[2024-04-27T14:16:55.618+0000] {processor.py:829} INFO - Processing file /home/airflow/.local/lib/python3.8/site-packages/airflow/example_dags/example_short_circuit_decorator.py for tasks to queue
[2024-04-27T14:16:55.621+0000] {logging_mixin.py:151} INFO - [2024-04-27T14:16:55.621+0000] {dagbag.py:539} INFO - Filling up the DagBag from /home/airflow/.local/lib/python3.8/site-packages/airflow/example_dags/example_short_circuit_decorator.py
[2024-04-27T14:16:55.638+0000] {processor.py:839} INFO - DAG(s) dict_keys(['example_short_circuit_decorator']) retrieved from /home/airflow/.local/lib/python3.8/site-packages/airflow/example_dags/example_short_circuit_decorator.py
[2024-04-27T14:16:55.681+0000] {logging_mixin.py:151} INFO - [2024-04-27T14:16:55.680+0000] {dag.py:2907} INFO - Sync 1 DAGs
[2024-04-27T14:16:55.719+0000] {logging_mixin.py:151} INFO - [2024-04-27T14:16:55.719+0000] {dag.py:3677} INFO - Setting next_dagrun for example_short_circuit_decorator to 2024-04-26T14:16:55.718984+00:00, run_after=2024-04-27T14:16:55.718984+00:00
[2024-04-27T14:16:55.748+0000] {processor.py:179} INFO - Processing /home/airflow/.local/lib/python3.8/site-packages/airflow/example_dags/example_short_circuit_decorator.py took 0.136 seconds
[2024-04-27T14:17:26.583+0000] {processor.py:157} INFO - Started process (PID=794) to work on /home/airflow/.local/lib/python3.8/site-packages/airflow/example_dags/example_short_circuit_decorator.py
[2024-04-27T14:17:26.584+0000] {processor.py:829} INFO - Processing file /home/airflow/.local/lib/python3.8/site-packages/airflow/example_dags/example_short_circuit_decorator.py for tasks to queue
[2024-04-27T14:17:26.586+0000] {logging_mixin.py:151} INFO - [2024-04-27T14:17:26.586+0000] {dagbag.py:539} INFO - Filling up the DagBag from /home/airflow/.local/lib/python3.8/site-packages/airflow/example_dags/example_short_circuit_decorator.py
[2024-04-27T14:17:26.599+0000] {processor.py:839} INFO - DAG(s) dict_keys(['example_short_circuit_decorator']) retrieved from /home/airflow/.local/lib/python3.8/site-packages/airflow/example_dags/example_short_circuit_decorator.py
[2024-04-27T14:17:26.634+0000] {logging_mixin.py:151} INFO - [2024-04-27T14:17:26.634+0000] {dag.py:2907} INFO - Sync 1 DAGs
[2024-04-27T14:17:26.664+0000] {logging_mixin.py:151} INFO - [2024-04-27T14:17:26.664+0000] {dag.py:3677} INFO - Setting next_dagrun for example_short_circuit_decorator to 2024-04-26T14:17:26.663840+00:00, run_after=2024-04-27T14:17:26.663840+00:00
[2024-04-27T14:17:26.689+0000] {processor.py:179} INFO - Processing /home/airflow/.local/lib/python3.8/site-packages/airflow/example_dags/example_short_circuit_decorator.py took 0.110 seconds
[2024-04-27T14:17:57.684+0000] {processor.py:157} INFO - Started process (PID=858) to work on /home/airflow/.local/lib/python3.8/site-packages/airflow/example_dags/example_short_circuit_decorator.py
[2024-04-27T14:17:57.686+0000] {processor.py:829} INFO - Processing file /home/airflow/.local/lib/python3.8/site-packages/airflow/example_dags/example_short_circuit_decorator.py for tasks to queue
[2024-04-27T14:17:57.690+0000] {logging_mixin.py:151} INFO - [2024-04-27T14:17:57.689+0000] {dagbag.py:539} INFO - Filling up the DagBag from /home/airflow/.local/lib/python3.8/site-packages/airflow/example_dags/example_short_circuit_decorator.py
[2024-04-27T14:17:57.703+0000] {processor.py:839} INFO - DAG(s) dict_keys(['example_short_circuit_decorator']) retrieved from /home/airflow/.local/lib/python3.8/site-packages/airflow/example_dags/example_short_circuit_decorator.py
[2024-04-27T14:17:57.739+0000] {logging_mixin.py:151} INFO - [2024-04-27T14:17:57.739+0000] {dag.py:2907} INFO - Sync 1 DAGs
[2024-04-27T14:17:57.772+0000] {logging_mixin.py:151} INFO - [2024-04-27T14:17:57.772+0000] {dag.py:3677} INFO - Setting next_dagrun for example_short_circuit_decorator to 2024-04-26T14:17:57.772394+00:00, run_after=2024-04-27T14:17:57.772394+00:00
[2024-04-27T14:17:57.798+0000] {processor.py:179} INFO - Processing /home/airflow/.local/lib/python3.8/site-packages/airflow/example_dags/example_short_circuit_decorator.py took 0.121 seconds
[2024-04-27T14:18:28.358+0000] {processor.py:157} INFO - Started process (PID=922) to work on /home/airflow/.local/lib/python3.8/site-packages/airflow/example_dags/example_short_circuit_decorator.py
[2024-04-27T14:18:28.359+0000] {processor.py:829} INFO - Processing file /home/airflow/.local/lib/python3.8/site-packages/airflow/example_dags/example_short_circuit_decorator.py for tasks to queue
[2024-04-27T14:18:28.362+0000] {logging_mixin.py:151} INFO - [2024-04-27T14:18:28.361+0000] {dagbag.py:539} INFO - Filling up the DagBag from /home/airflow/.local/lib/python3.8/site-packages/airflow/example_dags/example_short_circuit_decorator.py
[2024-04-27T14:18:28.377+0000] {processor.py:839} INFO - DAG(s) dict_keys(['example_short_circuit_decorator']) retrieved from /home/airflow/.local/lib/python3.8/site-packages/airflow/example_dags/example_short_circuit_decorator.py
[2024-04-27T14:18:28.413+0000] {logging_mixin.py:151} INFO - [2024-04-27T14:18:28.413+0000] {dag.py:2907} INFO - Sync 1 DAGs
[2024-04-27T14:18:28.445+0000] {logging_mixin.py:151} INFO - [2024-04-27T14:18:28.445+0000] {dag.py:3677} INFO - Setting next_dagrun for example_short_circuit_decorator to 2024-04-26T14:18:28.445199+00:00, run_after=2024-04-27T14:18:28.445199+00:00
[2024-04-27T14:18:28.475+0000] {processor.py:179} INFO - Processing /home/airflow/.local/lib/python3.8/site-packages/airflow/example_dags/example_short_circuit_decorator.py took 0.123 seconds
[2024-04-27T14:18:59.359+0000] {processor.py:157} INFO - Started process (PID=992) to work on /home/airflow/.local/lib/python3.8/site-packages/airflow/example_dags/example_short_circuit_decorator.py
[2024-04-27T14:18:59.361+0000] {processor.py:829} INFO - Processing file /home/airflow/.local/lib/python3.8/site-packages/airflow/example_dags/example_short_circuit_decorator.py for tasks to queue
[2024-04-27T14:18:59.364+0000] {logging_mixin.py:151} INFO - [2024-04-27T14:18:59.364+0000] {dagbag.py:539} INFO - Filling up the DagBag from /home/airflow/.local/lib/python3.8/site-packages/airflow/example_dags/example_short_circuit_decorator.py
[2024-04-27T14:18:59.381+0000] {processor.py:839} INFO - DAG(s) dict_keys(['example_short_circuit_decorator']) retrieved from /home/airflow/.local/lib/python3.8/site-packages/airflow/example_dags/example_short_circuit_decorator.py
[2024-04-27T14:18:59.427+0000] {logging_mixin.py:151} INFO - [2024-04-27T14:18:59.426+0000] {dag.py:2907} INFO - Sync 1 DAGs
[2024-04-27T14:18:59.503+0000] {logging_mixin.py:151} INFO - [2024-04-27T14:18:59.503+0000] {dag.py:3677} INFO - Setting next_dagrun for example_short_circuit_decorator to 2024-04-26T14:18:59.502850+00:00, run_after=2024-04-27T14:18:59.502850+00:00
[2024-04-27T14:18:59.533+0000] {processor.py:179} INFO - Processing /home/airflow/.local/lib/python3.8/site-packages/airflow/example_dags/example_short_circuit_decorator.py took 0.180 seconds
[2024-04-27T14:19:29.758+0000] {processor.py:157} INFO - Started process (PID=1055) to work on /home/airflow/.local/lib/python3.8/site-packages/airflow/example_dags/example_short_circuit_decorator.py
[2024-04-27T14:19:29.759+0000] {processor.py:829} INFO - Processing file /home/airflow/.local/lib/python3.8/site-packages/airflow/example_dags/example_short_circuit_decorator.py for tasks to queue
[2024-04-27T14:19:29.762+0000] {logging_mixin.py:151} INFO - [2024-04-27T14:19:29.762+0000] {dagbag.py:539} INFO - Filling up the DagBag from /home/airflow/.local/lib/python3.8/site-packages/airflow/example_dags/example_short_circuit_decorator.py
[2024-04-27T14:19:29.778+0000] {processor.py:839} INFO - DAG(s) dict_keys(['example_short_circuit_decorator']) retrieved from /home/airflow/.local/lib/python3.8/site-packages/airflow/example_dags/example_short_circuit_decorator.py
[2024-04-27T14:19:29.807+0000] {logging_mixin.py:151} INFO - [2024-04-27T14:19:29.807+0000] {dag.py:2907} INFO - Sync 1 DAGs
[2024-04-27T14:19:29.863+0000] {logging_mixin.py:151} INFO - [2024-04-27T14:19:29.863+0000] {dag.py:3677} INFO - Setting next_dagrun for example_short_circuit_decorator to 2024-04-26T14:19:29.862845+00:00, run_after=2024-04-27T14:19:29.862845+00:00
[2024-04-27T14:19:29.947+0000] {processor.py:179} INFO - Processing /home/airflow/.local/lib/python3.8/site-packages/airflow/example_dags/example_short_circuit_decorator.py took 0.194 seconds
[2024-04-27T14:20:00.518+0000] {processor.py:157} INFO - Started process (PID=1118) to work on /home/airflow/.local/lib/python3.8/site-packages/airflow/example_dags/example_short_circuit_decorator.py
[2024-04-27T14:20:00.519+0000] {processor.py:829} INFO - Processing file /home/airflow/.local/lib/python3.8/site-packages/airflow/example_dags/example_short_circuit_decorator.py for tasks to queue
[2024-04-27T14:20:00.522+0000] {logging_mixin.py:151} INFO - [2024-04-27T14:20:00.521+0000] {dagbag.py:539} INFO - Filling up the DagBag from /home/airflow/.local/lib/python3.8/site-packages/airflow/example_dags/example_short_circuit_decorator.py
[2024-04-27T14:20:00.533+0000] {processor.py:839} INFO - DAG(s) dict_keys(['example_short_circuit_decorator']) retrieved from /home/airflow/.local/lib/python3.8/site-packages/airflow/example_dags/example_short_circuit_decorator.py
[2024-04-27T14:20:00.564+0000] {logging_mixin.py:151} INFO - [2024-04-27T14:20:00.563+0000] {dag.py:2907} INFO - Sync 1 DAGs
[2024-04-27T14:20:00.589+0000] {logging_mixin.py:151} INFO - [2024-04-27T14:20:00.588+0000] {dag.py:3677} INFO - Setting next_dagrun for example_short_circuit_decorator to 2024-04-26T14:20:00.588567+00:00, run_after=2024-04-27T14:20:00.588567+00:00
[2024-04-27T14:20:00.609+0000] {processor.py:179} INFO - Processing /home/airflow/.local/lib/python3.8/site-packages/airflow/example_dags/example_short_circuit_decorator.py took 0.095 seconds
[2024-04-27T14:20:30.788+0000] {processor.py:157} INFO - Started process (PID=1191) to work on /home/airflow/.local/lib/python3.8/site-packages/airflow/example_dags/example_short_circuit_decorator.py
[2024-04-27T14:20:30.789+0000] {processor.py:829} INFO - Processing file /home/airflow/.local/lib/python3.8/site-packages/airflow/example_dags/example_short_circuit_decorator.py for tasks to queue
[2024-04-27T14:20:30.791+0000] {logging_mixin.py:151} INFO - [2024-04-27T14:20:30.791+0000] {dagbag.py:539} INFO - Filling up the DagBag from /home/airflow/.local/lib/python3.8/site-packages/airflow/example_dags/example_short_circuit_decorator.py
[2024-04-27T14:20:30.803+0000] {processor.py:839} INFO - DAG(s) dict_keys(['example_short_circuit_decorator']) retrieved from /home/airflow/.local/lib/python3.8/site-packages/airflow/example_dags/example_short_circuit_decorator.py
[2024-04-27T14:20:30.833+0000] {logging_mixin.py:151} INFO - [2024-04-27T14:20:30.833+0000] {dag.py:2907} INFO - Sync 1 DAGs
[2024-04-27T14:20:30.860+0000] {logging_mixin.py:151} INFO - [2024-04-27T14:20:30.860+0000] {dag.py:3677} INFO - Setting next_dagrun for example_short_circuit_decorator to 2024-04-26T14:20:30.859938+00:00, run_after=2024-04-27T14:20:30.859938+00:00
[2024-04-27T14:20:30.884+0000] {processor.py:179} INFO - Processing /home/airflow/.local/lib/python3.8/site-packages/airflow/example_dags/example_short_circuit_decorator.py took 0.099 seconds
[2024-04-27T14:21:01.298+0000] {processor.py:157} INFO - Started process (PID=1254) to work on /home/airflow/.local/lib/python3.8/site-packages/airflow/example_dags/example_short_circuit_decorator.py
[2024-04-27T14:21:01.300+0000] {processor.py:829} INFO - Processing file /home/airflow/.local/lib/python3.8/site-packages/airflow/example_dags/example_short_circuit_decorator.py for tasks to queue
[2024-04-27T14:21:01.307+0000] {logging_mixin.py:151} INFO - [2024-04-27T14:21:01.307+0000] {dagbag.py:539} INFO - Filling up the DagBag from /home/airflow/.local/lib/python3.8/site-packages/airflow/example_dags/example_short_circuit_decorator.py
[2024-04-27T14:21:01.331+0000] {processor.py:839} INFO - DAG(s) dict_keys(['example_short_circuit_decorator']) retrieved from /home/airflow/.local/lib/python3.8/site-packages/airflow/example_dags/example_short_circuit_decorator.py
[2024-04-27T14:21:01.367+0000] {logging_mixin.py:151} INFO - [2024-04-27T14:21:01.367+0000] {dag.py:2907} INFO - Sync 1 DAGs
[2024-04-27T14:21:01.405+0000] {logging_mixin.py:151} INFO - [2024-04-27T14:21:01.405+0000] {dag.py:3677} INFO - Setting next_dagrun for example_short_circuit_decorator to 2024-04-26T14:21:01.405124+00:00, run_after=2024-04-27T14:21:01.405124+00:00
[2024-04-27T14:21:01.432+0000] {processor.py:179} INFO - Processing /home/airflow/.local/lib/python3.8/site-packages/airflow/example_dags/example_short_circuit_decorator.py took 0.140 seconds
[2024-04-27T14:21:32.205+0000] {processor.py:157} INFO - Started process (PID=1318) to work on /home/airflow/.local/lib/python3.8/site-packages/airflow/example_dags/example_short_circuit_decorator.py
[2024-04-27T14:21:32.206+0000] {processor.py:829} INFO - Processing file /home/airflow/.local/lib/python3.8/site-packages/airflow/example_dags/example_short_circuit_decorator.py for tasks to queue
[2024-04-27T14:21:32.209+0000] {logging_mixin.py:151} INFO - [2024-04-27T14:21:32.208+0000] {dagbag.py:539} INFO - Filling up the DagBag from /home/airflow/.local/lib/python3.8/site-packages/airflow/example_dags/example_short_circuit_decorator.py
[2024-04-27T14:21:32.221+0000] {processor.py:839} INFO - DAG(s) dict_keys(['example_short_circuit_decorator']) retrieved from /home/airflow/.local/lib/python3.8/site-packages/airflow/example_dags/example_short_circuit_decorator.py
[2024-04-27T14:21:32.260+0000] {logging_mixin.py:151} INFO - [2024-04-27T14:21:32.259+0000] {dag.py:2907} INFO - Sync 1 DAGs
[2024-04-27T14:21:32.286+0000] {logging_mixin.py:151} INFO - [2024-04-27T14:21:32.286+0000] {dag.py:3677} INFO - Setting next_dagrun for example_short_circuit_decorator to 2024-04-26T14:21:32.285786+00:00, run_after=2024-04-27T14:21:32.285786+00:00
[2024-04-27T14:21:32.308+0000] {processor.py:179} INFO - Processing /home/airflow/.local/lib/python3.8/site-packages/airflow/example_dags/example_short_circuit_decorator.py took 0.108 seconds
[2024-04-27T14:22:03.744+0000] {processor.py:157} INFO - Started process (PID=1391) to work on /home/airflow/.local/lib/python3.8/site-packages/airflow/example_dags/example_short_circuit_decorator.py
[2024-04-27T14:22:03.746+0000] {processor.py:829} INFO - Processing file /home/airflow/.local/lib/python3.8/site-packages/airflow/example_dags/example_short_circuit_decorator.py for tasks to queue
[2024-04-27T14:22:03.749+0000] {logging_mixin.py:151} INFO - [2024-04-27T14:22:03.748+0000] {dagbag.py:539} INFO - Filling up the DagBag from /home/airflow/.local/lib/python3.8/site-packages/airflow/example_dags/example_short_circuit_decorator.py
[2024-04-27T14:22:03.761+0000] {processor.py:839} INFO - DAG(s) dict_keys(['example_short_circuit_decorator']) retrieved from /home/airflow/.local/lib/python3.8/site-packages/airflow/example_dags/example_short_circuit_decorator.py
[2024-04-27T14:22:03.799+0000] {logging_mixin.py:151} INFO - [2024-04-27T14:22:03.799+0000] {dag.py:2907} INFO - Sync 1 DAGs
[2024-04-27T14:22:03.837+0000] {logging_mixin.py:151} INFO - [2024-04-27T14:22:03.837+0000] {dag.py:3677} INFO - Setting next_dagrun for example_short_circuit_decorator to 2024-04-26T14:22:03.837072+00:00, run_after=2024-04-27T14:22:03.837072+00:00
[2024-04-27T14:22:03.868+0000] {processor.py:179} INFO - Processing /home/airflow/.local/lib/python3.8/site-packages/airflow/example_dags/example_short_circuit_decorator.py took 0.130 seconds
[2024-04-27T14:22:35.140+0000] {processor.py:157} INFO - Started process (PID=1456) to work on /home/airflow/.local/lib/python3.8/site-packages/airflow/example_dags/example_short_circuit_decorator.py
[2024-04-27T14:22:35.141+0000] {processor.py:829} INFO - Processing file /home/airflow/.local/lib/python3.8/site-packages/airflow/example_dags/example_short_circuit_decorator.py for tasks to queue
[2024-04-27T14:22:35.143+0000] {logging_mixin.py:151} INFO - [2024-04-27T14:22:35.143+0000] {dagbag.py:539} INFO - Filling up the DagBag from /home/airflow/.local/lib/python3.8/site-packages/airflow/example_dags/example_short_circuit_decorator.py
[2024-04-27T14:22:35.155+0000] {processor.py:839} INFO - DAG(s) dict_keys(['example_short_circuit_decorator']) retrieved from /home/airflow/.local/lib/python3.8/site-packages/airflow/example_dags/example_short_circuit_decorator.py
[2024-04-27T14:22:35.190+0000] {logging_mixin.py:151} INFO - [2024-04-27T14:22:35.190+0000] {dag.py:2907} INFO - Sync 1 DAGs
[2024-04-27T14:22:35.218+0000] {logging_mixin.py:151} INFO - [2024-04-27T14:22:35.218+0000] {dag.py:3677} INFO - Setting next_dagrun for example_short_circuit_decorator to 2024-04-26T14:22:35.218357+00:00, run_after=2024-04-27T14:22:35.218357+00:00
[2024-04-27T14:22:35.241+0000] {processor.py:179} INFO - Processing /home/airflow/.local/lib/python3.8/site-packages/airflow/example_dags/example_short_circuit_decorator.py took 0.105 seconds
[2024-04-27T14:23:06.573+0000] {processor.py:157} INFO - Started process (PID=1527) to work on /home/airflow/.local/lib/python3.8/site-packages/airflow/example_dags/example_short_circuit_decorator.py
[2024-04-27T14:23:06.574+0000] {processor.py:829} INFO - Processing file /home/airflow/.local/lib/python3.8/site-packages/airflow/example_dags/example_short_circuit_decorator.py for tasks to queue
[2024-04-27T14:23:06.577+0000] {logging_mixin.py:151} INFO - [2024-04-27T14:23:06.576+0000] {dagbag.py:539} INFO - Filling up the DagBag from /home/airflow/.local/lib/python3.8/site-packages/airflow/example_dags/example_short_circuit_decorator.py
[2024-04-27T14:23:06.591+0000] {processor.py:839} INFO - DAG(s) dict_keys(['example_short_circuit_decorator']) retrieved from /home/airflow/.local/lib/python3.8/site-packages/airflow/example_dags/example_short_circuit_decorator.py
[2024-04-27T14:23:06.635+0000] {logging_mixin.py:151} INFO - [2024-04-27T14:23:06.635+0000] {dag.py:2907} INFO - Sync 1 DAGs
[2024-04-27T14:23:06.675+0000] {logging_mixin.py:151} INFO - [2024-04-27T14:23:06.674+0000] {dag.py:3677} INFO - Setting next_dagrun for example_short_circuit_decorator to 2024-04-26T14:23:06.674497+00:00, run_after=2024-04-27T14:23:06.674497+00:00
[2024-04-27T14:23:06.704+0000] {processor.py:179} INFO - Processing /home/airflow/.local/lib/python3.8/site-packages/airflow/example_dags/example_short_circuit_decorator.py took 0.135 seconds
[2024-04-27T14:23:37.790+0000] {processor.py:157} INFO - Started process (PID=1591) to work on /home/airflow/.local/lib/python3.8/site-packages/airflow/example_dags/example_short_circuit_decorator.py
[2024-04-27T14:23:37.791+0000] {processor.py:829} INFO - Processing file /home/airflow/.local/lib/python3.8/site-packages/airflow/example_dags/example_short_circuit_decorator.py for tasks to queue
[2024-04-27T14:23:37.793+0000] {logging_mixin.py:151} INFO - [2024-04-27T14:23:37.793+0000] {dagbag.py:539} INFO - Filling up the DagBag from /home/airflow/.local/lib/python3.8/site-packages/airflow/example_dags/example_short_circuit_decorator.py
[2024-04-27T14:23:37.809+0000] {processor.py:839} INFO - DAG(s) dict_keys(['example_short_circuit_decorator']) retrieved from /home/airflow/.local/lib/python3.8/site-packages/airflow/example_dags/example_short_circuit_decorator.py
[2024-04-27T14:23:37.851+0000] {logging_mixin.py:151} INFO - [2024-04-27T14:23:37.851+0000] {dag.py:2907} INFO - Sync 1 DAGs
[2024-04-27T14:23:37.886+0000] {logging_mixin.py:151} INFO - [2024-04-27T14:23:37.886+0000] {dag.py:3677} INFO - Setting next_dagrun for example_short_circuit_decorator to 2024-04-26T14:23:37.886069+00:00, run_after=2024-04-27T14:23:37.886069+00:00
[2024-04-27T14:23:37.915+0000] {processor.py:179} INFO - Processing /home/airflow/.local/lib/python3.8/site-packages/airflow/example_dags/example_short_circuit_decorator.py took 0.130 seconds
[2024-04-27T14:24:08.476+0000] {processor.py:157} INFO - Started process (PID=1663) to work on /home/airflow/.local/lib/python3.8/site-packages/airflow/example_dags/example_short_circuit_decorator.py
[2024-04-27T14:24:08.477+0000] {processor.py:829} INFO - Processing file /home/airflow/.local/lib/python3.8/site-packages/airflow/example_dags/example_short_circuit_decorator.py for tasks to queue
[2024-04-27T14:24:08.479+0000] {logging_mixin.py:151} INFO - [2024-04-27T14:24:08.479+0000] {dagbag.py:539} INFO - Filling up the DagBag from /home/airflow/.local/lib/python3.8/site-packages/airflow/example_dags/example_short_circuit_decorator.py
[2024-04-27T14:24:08.494+0000] {processor.py:839} INFO - DAG(s) dict_keys(['example_short_circuit_decorator']) retrieved from /home/airflow/.local/lib/python3.8/site-packages/airflow/example_dags/example_short_circuit_decorator.py
[2024-04-27T14:24:08.528+0000] {logging_mixin.py:151} INFO - [2024-04-27T14:24:08.527+0000] {dag.py:2907} INFO - Sync 1 DAGs
[2024-04-27T14:24:08.563+0000] {logging_mixin.py:151} INFO - [2024-04-27T14:24:08.563+0000] {dag.py:3677} INFO - Setting next_dagrun for example_short_circuit_decorator to 2024-04-26T14:24:08.563073+00:00, run_after=2024-04-27T14:24:08.563073+00:00
[2024-04-27T14:24:08.586+0000] {processor.py:179} INFO - Processing /home/airflow/.local/lib/python3.8/site-packages/airflow/example_dags/example_short_circuit_decorator.py took 0.115 seconds
[2024-04-27T14:24:40.133+0000] {processor.py:157} INFO - Started process (PID=1728) to work on /home/airflow/.local/lib/python3.8/site-packages/airflow/example_dags/example_short_circuit_decorator.py
[2024-04-27T14:24:40.134+0000] {processor.py:829} INFO - Processing file /home/airflow/.local/lib/python3.8/site-packages/airflow/example_dags/example_short_circuit_decorator.py for tasks to queue
[2024-04-27T14:24:40.137+0000] {logging_mixin.py:151} INFO - [2024-04-27T14:24:40.136+0000] {dagbag.py:539} INFO - Filling up the DagBag from /home/airflow/.local/lib/python3.8/site-packages/airflow/example_dags/example_short_circuit_decorator.py
[2024-04-27T14:24:40.153+0000] {processor.py:839} INFO - DAG(s) dict_keys(['example_short_circuit_decorator']) retrieved from /home/airflow/.local/lib/python3.8/site-packages/airflow/example_dags/example_short_circuit_decorator.py
[2024-04-27T14:24:40.193+0000] {logging_mixin.py:151} INFO - [2024-04-27T14:24:40.193+0000] {dag.py:2907} INFO - Sync 1 DAGs
[2024-04-27T14:24:40.231+0000] {logging_mixin.py:151} INFO - [2024-04-27T14:24:40.230+0000] {dag.py:3677} INFO - Setting next_dagrun for example_short_circuit_decorator to 2024-04-26T14:24:40.230505+00:00, run_after=2024-04-27T14:24:40.230505+00:00
[2024-04-27T14:24:40.260+0000] {processor.py:179} INFO - Processing /home/airflow/.local/lib/python3.8/site-packages/airflow/example_dags/example_short_circuit_decorator.py took 0.133 seconds
[2024-04-27T14:25:10.916+0000] {processor.py:157} INFO - Started process (PID=1793) to work on /home/airflow/.local/lib/python3.8/site-packages/airflow/example_dags/example_short_circuit_decorator.py
[2024-04-27T14:25:10.917+0000] {processor.py:829} INFO - Processing file /home/airflow/.local/lib/python3.8/site-packages/airflow/example_dags/example_short_circuit_decorator.py for tasks to queue
[2024-04-27T14:25:10.920+0000] {logging_mixin.py:151} INFO - [2024-04-27T14:25:10.919+0000] {dagbag.py:539} INFO - Filling up the DagBag from /home/airflow/.local/lib/python3.8/site-packages/airflow/example_dags/example_short_circuit_decorator.py
[2024-04-27T14:25:10.931+0000] {processor.py:839} INFO - DAG(s) dict_keys(['example_short_circuit_decorator']) retrieved from /home/airflow/.local/lib/python3.8/site-packages/airflow/example_dags/example_short_circuit_decorator.py
[2024-04-27T14:25:10.963+0000] {logging_mixin.py:151} INFO - [2024-04-27T14:25:10.963+0000] {dag.py:2907} INFO - Sync 1 DAGs
[2024-04-27T14:25:10.989+0000] {logging_mixin.py:151} INFO - [2024-04-27T14:25:10.989+0000] {dag.py:3677} INFO - Setting next_dagrun for example_short_circuit_decorator to 2024-04-26T14:25:10.989461+00:00, run_after=2024-04-27T14:25:10.989461+00:00
[2024-04-27T14:25:11.010+0000] {processor.py:179} INFO - Processing /home/airflow/.local/lib/python3.8/site-packages/airflow/example_dags/example_short_circuit_decorator.py took 0.097 seconds
[2024-04-27T14:25:42.184+0000] {processor.py:157} INFO - Started process (PID=1866) to work on /home/airflow/.local/lib/python3.8/site-packages/airflow/example_dags/example_short_circuit_decorator.py
[2024-04-27T14:25:42.185+0000] {processor.py:829} INFO - Processing file /home/airflow/.local/lib/python3.8/site-packages/airflow/example_dags/example_short_circuit_decorator.py for tasks to queue
[2024-04-27T14:25:42.188+0000] {logging_mixin.py:151} INFO - [2024-04-27T14:25:42.187+0000] {dagbag.py:539} INFO - Filling up the DagBag from /home/airflow/.local/lib/python3.8/site-packages/airflow/example_dags/example_short_circuit_decorator.py
[2024-04-27T14:25:42.199+0000] {processor.py:839} INFO - DAG(s) dict_keys(['example_short_circuit_decorator']) retrieved from /home/airflow/.local/lib/python3.8/site-packages/airflow/example_dags/example_short_circuit_decorator.py
[2024-04-27T14:25:42.238+0000] {logging_mixin.py:151} INFO - [2024-04-27T14:25:42.238+0000] {dag.py:2907} INFO - Sync 1 DAGs
[2024-04-27T14:25:42.273+0000] {logging_mixin.py:151} INFO - [2024-04-27T14:25:42.272+0000] {dag.py:3677} INFO - Setting next_dagrun for example_short_circuit_decorator to 2024-04-26T14:25:42.272561+00:00, run_after=2024-04-27T14:25:42.272561+00:00
[2024-04-27T14:25:42.298+0000] {processor.py:179} INFO - Processing /home/airflow/.local/lib/python3.8/site-packages/airflow/example_dags/example_short_circuit_decorator.py took 0.118 seconds
