[2024-04-27T13:44:23.109+0000] {processor.py:153} INFO - Started process (PID=89) to work on /home/airflow/.local/lib/python3.7/site-packages/airflow/example_dags/example_sensor_decorator.py
[2024-04-27T13:44:23.110+0000] {processor.py:743} INFO - Processing file /home/airflow/.local/lib/python3.7/site-packages/airflow/example_dags/example_sensor_decorator.py for tasks to queue
[2024-04-27T13:44:23.128+0000] {logging_mixin.py:137} INFO - [2024-04-27T13:44:23.127+0000] {dagbag.py:538} INFO - Filling up the DagBag from /home/airflow/.local/lib/python3.7/site-packages/airflow/example_dags/example_sensor_decorator.py
[2024-04-27T13:44:23.314+0000] {processor.py:753} INFO - DAG(s) dict_keys(['example_sensor_decorator']) retrieved from /home/airflow/.local/lib/python3.7/site-packages/airflow/example_dags/example_sensor_decorator.py
[2024-04-27T13:44:23.444+0000] {logging_mixin.py:137} INFO - [2024-04-27T13:44:23.444+0000] {dag.py:2690} INFO - Sync 1 DAGs
[2024-04-27T13:44:23.549+0000] {logging_mixin.py:137} INFO - [2024-04-27T13:44:23.549+0000] {dag.py:3441} INFO - Setting next_dagrun for example_sensor_decorator to None, run_after=None
[2024-04-27T13:44:23.641+0000] {processor.py:175} INFO - Processing /home/airflow/.local/lib/python3.7/site-packages/airflow/example_dags/example_sensor_decorator.py took 0.564 seconds
[2024-04-27T13:44:53.879+0000] {processor.py:153} INFO - Started process (PID=152) to work on /home/airflow/.local/lib/python3.7/site-packages/airflow/example_dags/example_sensor_decorator.py
[2024-04-27T13:44:53.880+0000] {processor.py:743} INFO - Processing file /home/airflow/.local/lib/python3.7/site-packages/airflow/example_dags/example_sensor_decorator.py for tasks to queue
[2024-04-27T13:44:53.881+0000] {logging_mixin.py:137} INFO - [2024-04-27T13:44:53.881+0000] {dagbag.py:538} INFO - Filling up the DagBag from /home/airflow/.local/lib/python3.7/site-packages/airflow/example_dags/example_sensor_decorator.py
[2024-04-27T13:44:53.923+0000] {processor.py:753} INFO - DAG(s) dict_keys(['example_sensor_decorator']) retrieved from /home/airflow/.local/lib/python3.7/site-packages/airflow/example_dags/example_sensor_decorator.py
[2024-04-27T13:44:53.967+0000] {logging_mixin.py:137} INFO - [2024-04-27T13:44:53.967+0000] {dag.py:2690} INFO - Sync 1 DAGs
[2024-04-27T13:44:54.019+0000] {logging_mixin.py:137} INFO - [2024-04-27T13:44:54.019+0000] {dag.py:3441} INFO - Setting next_dagrun for example_sensor_decorator to None, run_after=None
[2024-04-27T13:44:54.054+0000] {processor.py:175} INFO - Processing /home/airflow/.local/lib/python3.7/site-packages/airflow/example_dags/example_sensor_decorator.py took 0.180 seconds
[2024-04-27T13:45:24.399+0000] {processor.py:153} INFO - Started process (PID=218) to work on /home/airflow/.local/lib/python3.7/site-packages/airflow/example_dags/example_sensor_decorator.py
[2024-04-27T13:45:24.402+0000] {processor.py:743} INFO - Processing file /home/airflow/.local/lib/python3.7/site-packages/airflow/example_dags/example_sensor_decorator.py for tasks to queue
[2024-04-27T13:45:24.402+0000] {logging_mixin.py:137} INFO - [2024-04-27T13:45:24.402+0000] {dagbag.py:538} INFO - Filling up the DagBag from /home/airflow/.local/lib/python3.7/site-packages/airflow/example_dags/example_sensor_decorator.py
[2024-04-27T13:45:24.441+0000] {processor.py:753} INFO - DAG(s) dict_keys(['example_sensor_decorator']) retrieved from /home/airflow/.local/lib/python3.7/site-packages/airflow/example_dags/example_sensor_decorator.py
[2024-04-27T13:45:24.477+0000] {logging_mixin.py:137} INFO - [2024-04-27T13:45:24.477+0000] {dag.py:2690} INFO - Sync 1 DAGs
[2024-04-27T13:45:24.520+0000] {logging_mixin.py:137} INFO - [2024-04-27T13:45:24.520+0000] {dag.py:3441} INFO - Setting next_dagrun for example_sensor_decorator to None, run_after=None
[2024-04-27T13:45:24.556+0000] {processor.py:175} INFO - Processing /home/airflow/.local/lib/python3.7/site-packages/airflow/example_dags/example_sensor_decorator.py took 0.161 seconds
[2024-04-27T13:45:54.706+0000] {processor.py:153} INFO - Started process (PID=282) to work on /home/airflow/.local/lib/python3.7/site-packages/airflow/example_dags/example_sensor_decorator.py
[2024-04-27T13:45:54.707+0000] {processor.py:743} INFO - Processing file /home/airflow/.local/lib/python3.7/site-packages/airflow/example_dags/example_sensor_decorator.py for tasks to queue
[2024-04-27T13:45:54.708+0000] {logging_mixin.py:137} INFO - [2024-04-27T13:45:54.708+0000] {dagbag.py:538} INFO - Filling up the DagBag from /home/airflow/.local/lib/python3.7/site-packages/airflow/example_dags/example_sensor_decorator.py
[2024-04-27T13:45:54.736+0000] {processor.py:753} INFO - DAG(s) dict_keys(['example_sensor_decorator']) retrieved from /home/airflow/.local/lib/python3.7/site-packages/airflow/example_dags/example_sensor_decorator.py
[2024-04-27T13:45:54.767+0000] {logging_mixin.py:137} INFO - [2024-04-27T13:45:54.767+0000] {dag.py:2690} INFO - Sync 1 DAGs
[2024-04-27T13:45:54.798+0000] {logging_mixin.py:137} INFO - [2024-04-27T13:45:54.798+0000] {dag.py:3441} INFO - Setting next_dagrun for example_sensor_decorator to None, run_after=None
[2024-04-27T13:45:54.822+0000] {processor.py:175} INFO - Processing /home/airflow/.local/lib/python3.7/site-packages/airflow/example_dags/example_sensor_decorator.py took 0.121 seconds
[2024-04-27T13:46:25.031+0000] {processor.py:153} INFO - Started process (PID=346) to work on /home/airflow/.local/lib/python3.7/site-packages/airflow/example_dags/example_sensor_decorator.py
[2024-04-27T13:46:25.032+0000] {processor.py:743} INFO - Processing file /home/airflow/.local/lib/python3.7/site-packages/airflow/example_dags/example_sensor_decorator.py for tasks to queue
[2024-04-27T13:46:25.033+0000] {logging_mixin.py:137} INFO - [2024-04-27T13:46:25.033+0000] {dagbag.py:538} INFO - Filling up the DagBag from /home/airflow/.local/lib/python3.7/site-packages/airflow/example_dags/example_sensor_decorator.py
[2024-04-27T13:46:25.067+0000] {processor.py:753} INFO - DAG(s) dict_keys(['example_sensor_decorator']) retrieved from /home/airflow/.local/lib/python3.7/site-packages/airflow/example_dags/example_sensor_decorator.py
[2024-04-27T13:46:25.121+0000] {logging_mixin.py:137} INFO - [2024-04-27T13:46:25.121+0000] {dag.py:2690} INFO - Sync 1 DAGs
[2024-04-27T13:46:25.198+0000] {logging_mixin.py:137} INFO - [2024-04-27T13:46:25.197+0000] {dag.py:3441} INFO - Setting next_dagrun for example_sensor_decorator to None, run_after=None
[2024-04-27T13:46:25.235+0000] {processor.py:175} INFO - Processing /home/airflow/.local/lib/python3.7/site-packages/airflow/example_dags/example_sensor_decorator.py took 0.211 seconds
[2024-04-27T13:46:55.664+0000] {processor.py:153} INFO - Started process (PID=409) to work on /home/airflow/.local/lib/python3.7/site-packages/airflow/example_dags/example_sensor_decorator.py
[2024-04-27T13:46:55.665+0000] {processor.py:743} INFO - Processing file /home/airflow/.local/lib/python3.7/site-packages/airflow/example_dags/example_sensor_decorator.py for tasks to queue
[2024-04-27T13:46:55.665+0000] {logging_mixin.py:137} INFO - [2024-04-27T13:46:55.665+0000] {dagbag.py:538} INFO - Filling up the DagBag from /home/airflow/.local/lib/python3.7/site-packages/airflow/example_dags/example_sensor_decorator.py
[2024-04-27T13:46:55.693+0000] {processor.py:753} INFO - DAG(s) dict_keys(['example_sensor_decorator']) retrieved from /home/airflow/.local/lib/python3.7/site-packages/airflow/example_dags/example_sensor_decorator.py
[2024-04-27T13:46:55.728+0000] {logging_mixin.py:137} INFO - [2024-04-27T13:46:55.728+0000] {dag.py:2690} INFO - Sync 1 DAGs
[2024-04-27T13:46:55.776+0000] {logging_mixin.py:137} INFO - [2024-04-27T13:46:55.776+0000] {dag.py:3441} INFO - Setting next_dagrun for example_sensor_decorator to None, run_after=None
[2024-04-27T13:46:55.806+0000] {processor.py:175} INFO - Processing /home/airflow/.local/lib/python3.7/site-packages/airflow/example_dags/example_sensor_decorator.py took 0.146 seconds
[2024-04-27T13:47:26.082+0000] {processor.py:153} INFO - Started process (PID=483) to work on /home/airflow/.local/lib/python3.7/site-packages/airflow/example_dags/example_sensor_decorator.py
[2024-04-27T13:47:26.083+0000] {processor.py:743} INFO - Processing file /home/airflow/.local/lib/python3.7/site-packages/airflow/example_dags/example_sensor_decorator.py for tasks to queue
[2024-04-27T13:47:26.084+0000] {logging_mixin.py:137} INFO - [2024-04-27T13:47:26.084+0000] {dagbag.py:538} INFO - Filling up the DagBag from /home/airflow/.local/lib/python3.7/site-packages/airflow/example_dags/example_sensor_decorator.py
[2024-04-27T13:47:26.127+0000] {processor.py:753} INFO - DAG(s) dict_keys(['example_sensor_decorator']) retrieved from /home/airflow/.local/lib/python3.7/site-packages/airflow/example_dags/example_sensor_decorator.py
[2024-04-27T13:47:26.168+0000] {logging_mixin.py:137} INFO - [2024-04-27T13:47:26.168+0000] {dag.py:2690} INFO - Sync 1 DAGs
[2024-04-27T13:47:26.238+0000] {logging_mixin.py:137} INFO - [2024-04-27T13:47:26.237+0000] {dag.py:3441} INFO - Setting next_dagrun for example_sensor_decorator to None, run_after=None
[2024-04-27T13:47:26.310+0000] {processor.py:175} INFO - Processing /home/airflow/.local/lib/python3.7/site-packages/airflow/example_dags/example_sensor_decorator.py took 0.234 seconds
[2024-04-27T13:47:57.058+0000] {processor.py:153} INFO - Started process (PID=550) to work on /home/airflow/.local/lib/python3.7/site-packages/airflow/example_dags/example_sensor_decorator.py
[2024-04-27T13:47:57.059+0000] {processor.py:743} INFO - Processing file /home/airflow/.local/lib/python3.7/site-packages/airflow/example_dags/example_sensor_decorator.py for tasks to queue
[2024-04-27T13:47:57.060+0000] {logging_mixin.py:137} INFO - [2024-04-27T13:47:57.060+0000] {dagbag.py:538} INFO - Filling up the DagBag from /home/airflow/.local/lib/python3.7/site-packages/airflow/example_dags/example_sensor_decorator.py
[2024-04-27T13:47:57.101+0000] {processor.py:753} INFO - DAG(s) dict_keys(['example_sensor_decorator']) retrieved from /home/airflow/.local/lib/python3.7/site-packages/airflow/example_dags/example_sensor_decorator.py
[2024-04-27T13:47:57.167+0000] {logging_mixin.py:137} INFO - [2024-04-27T13:47:57.167+0000] {dag.py:2690} INFO - Sync 1 DAGs
[2024-04-27T13:47:57.223+0000] {logging_mixin.py:137} INFO - [2024-04-27T13:47:57.223+0000] {dag.py:3441} INFO - Setting next_dagrun for example_sensor_decorator to None, run_after=None
[2024-04-27T13:47:57.260+0000] {processor.py:175} INFO - Processing /home/airflow/.local/lib/python3.7/site-packages/airflow/example_dags/example_sensor_decorator.py took 0.207 seconds
[2024-04-27T13:48:27.346+0000] {processor.py:153} INFO - Started process (PID=614) to work on /home/airflow/.local/lib/python3.7/site-packages/airflow/example_dags/example_sensor_decorator.py
[2024-04-27T13:48:27.347+0000] {processor.py:743} INFO - Processing file /home/airflow/.local/lib/python3.7/site-packages/airflow/example_dags/example_sensor_decorator.py for tasks to queue
[2024-04-27T13:48:27.350+0000] {logging_mixin.py:137} INFO - [2024-04-27T13:48:27.350+0000] {dagbag.py:538} INFO - Filling up the DagBag from /home/airflow/.local/lib/python3.7/site-packages/airflow/example_dags/example_sensor_decorator.py
[2024-04-27T13:48:27.393+0000] {processor.py:753} INFO - DAG(s) dict_keys(['example_sensor_decorator']) retrieved from /home/airflow/.local/lib/python3.7/site-packages/airflow/example_dags/example_sensor_decorator.py
[2024-04-27T13:48:27.434+0000] {logging_mixin.py:137} INFO - [2024-04-27T13:48:27.433+0000] {dag.py:2690} INFO - Sync 1 DAGs
[2024-04-27T13:48:27.478+0000] {logging_mixin.py:137} INFO - [2024-04-27T13:48:27.478+0000] {dag.py:3441} INFO - Setting next_dagrun for example_sensor_decorator to None, run_after=None
[2024-04-27T13:48:27.517+0000] {processor.py:175} INFO - Processing /home/airflow/.local/lib/python3.7/site-packages/airflow/example_dags/example_sensor_decorator.py took 0.177 seconds
[2024-04-27T13:48:58.405+0000] {processor.py:153} INFO - Started process (PID=678) to work on /home/airflow/.local/lib/python3.7/site-packages/airflow/example_dags/example_sensor_decorator.py
[2024-04-27T13:48:58.407+0000] {processor.py:743} INFO - Processing file /home/airflow/.local/lib/python3.7/site-packages/airflow/example_dags/example_sensor_decorator.py for tasks to queue
[2024-04-27T13:48:58.409+0000] {logging_mixin.py:137} INFO - [2024-04-27T13:48:58.408+0000] {dagbag.py:538} INFO - Filling up the DagBag from /home/airflow/.local/lib/python3.7/site-packages/airflow/example_dags/example_sensor_decorator.py
[2024-04-27T13:48:58.452+0000] {processor.py:753} INFO - DAG(s) dict_keys(['example_sensor_decorator']) retrieved from /home/airflow/.local/lib/python3.7/site-packages/airflow/example_dags/example_sensor_decorator.py
[2024-04-27T13:48:58.491+0000] {logging_mixin.py:137} INFO - [2024-04-27T13:48:58.491+0000] {dag.py:2690} INFO - Sync 1 DAGs
[2024-04-27T13:48:58.534+0000] {logging_mixin.py:137} INFO - [2024-04-27T13:48:58.533+0000] {dag.py:3441} INFO - Setting next_dagrun for example_sensor_decorator to None, run_after=None
[2024-04-27T13:48:58.566+0000] {processor.py:175} INFO - Processing /home/airflow/.local/lib/python3.7/site-packages/airflow/example_dags/example_sensor_decorator.py took 0.169 seconds
[2024-04-27T13:49:28.823+0000] {processor.py:153} INFO - Started process (PID=742) to work on /home/airflow/.local/lib/python3.7/site-packages/airflow/example_dags/example_sensor_decorator.py
[2024-04-27T13:49:28.824+0000] {processor.py:743} INFO - Processing file /home/airflow/.local/lib/python3.7/site-packages/airflow/example_dags/example_sensor_decorator.py for tasks to queue
[2024-04-27T13:49:28.825+0000] {logging_mixin.py:137} INFO - [2024-04-27T13:49:28.825+0000] {dagbag.py:538} INFO - Filling up the DagBag from /home/airflow/.local/lib/python3.7/site-packages/airflow/example_dags/example_sensor_decorator.py
[2024-04-27T13:49:28.865+0000] {processor.py:753} INFO - DAG(s) dict_keys(['example_sensor_decorator']) retrieved from /home/airflow/.local/lib/python3.7/site-packages/airflow/example_dags/example_sensor_decorator.py
[2024-04-27T13:49:28.936+0000] {logging_mixin.py:137} INFO - [2024-04-27T13:49:28.936+0000] {dag.py:2690} INFO - Sync 1 DAGs
[2024-04-27T13:49:28.979+0000] {logging_mixin.py:137} INFO - [2024-04-27T13:49:28.979+0000] {dag.py:3441} INFO - Setting next_dagrun for example_sensor_decorator to None, run_after=None
[2024-04-27T13:49:29.002+0000] {processor.py:175} INFO - Processing /home/airflow/.local/lib/python3.7/site-packages/airflow/example_dags/example_sensor_decorator.py took 0.186 seconds
[2024-04-27T13:49:59.394+0000] {processor.py:153} INFO - Started process (PID=817) to work on /home/airflow/.local/lib/python3.7/site-packages/airflow/example_dags/example_sensor_decorator.py
[2024-04-27T13:49:59.395+0000] {processor.py:743} INFO - Processing file /home/airflow/.local/lib/python3.7/site-packages/airflow/example_dags/example_sensor_decorator.py for tasks to queue
[2024-04-27T13:49:59.396+0000] {logging_mixin.py:137} INFO - [2024-04-27T13:49:59.396+0000] {dagbag.py:538} INFO - Filling up the DagBag from /home/airflow/.local/lib/python3.7/site-packages/airflow/example_dags/example_sensor_decorator.py
[2024-04-27T13:49:59.436+0000] {processor.py:753} INFO - DAG(s) dict_keys(['example_sensor_decorator']) retrieved from /home/airflow/.local/lib/python3.7/site-packages/airflow/example_dags/example_sensor_decorator.py
[2024-04-27T13:49:59.482+0000] {logging_mixin.py:137} INFO - [2024-04-27T13:49:59.481+0000] {dag.py:2690} INFO - Sync 1 DAGs
[2024-04-27T13:49:59.535+0000] {logging_mixin.py:137} INFO - [2024-04-27T13:49:59.534+0000] {dag.py:3441} INFO - Setting next_dagrun for example_sensor_decorator to None, run_after=None
[2024-04-27T13:49:59.570+0000] {processor.py:175} INFO - Processing /home/airflow/.local/lib/python3.7/site-packages/airflow/example_dags/example_sensor_decorator.py took 0.181 seconds
[2024-04-27T13:50:30.386+0000] {processor.py:153} INFO - Started process (PID=880) to work on /home/airflow/.local/lib/python3.7/site-packages/airflow/example_dags/example_sensor_decorator.py
[2024-04-27T13:50:30.388+0000] {processor.py:743} INFO - Processing file /home/airflow/.local/lib/python3.7/site-packages/airflow/example_dags/example_sensor_decorator.py for tasks to queue
[2024-04-27T13:50:30.389+0000] {logging_mixin.py:137} INFO - [2024-04-27T13:50:30.389+0000] {dagbag.py:538} INFO - Filling up the DagBag from /home/airflow/.local/lib/python3.7/site-packages/airflow/example_dags/example_sensor_decorator.py
[2024-04-27T13:50:30.420+0000] {processor.py:753} INFO - DAG(s) dict_keys(['example_sensor_decorator']) retrieved from /home/airflow/.local/lib/python3.7/site-packages/airflow/example_dags/example_sensor_decorator.py
[2024-04-27T13:50:30.451+0000] {logging_mixin.py:137} INFO - [2024-04-27T13:50:30.451+0000] {dag.py:2690} INFO - Sync 1 DAGs
[2024-04-27T13:50:30.488+0000] {logging_mixin.py:137} INFO - [2024-04-27T13:50:30.488+0000] {dag.py:3441} INFO - Setting next_dagrun for example_sensor_decorator to None, run_after=None
[2024-04-27T13:50:30.515+0000] {processor.py:175} INFO - Processing /home/airflow/.local/lib/python3.7/site-packages/airflow/example_dags/example_sensor_decorator.py took 0.132 seconds
[2024-04-27T13:51:01.399+0000] {processor.py:153} INFO - Started process (PID=943) to work on /home/airflow/.local/lib/python3.7/site-packages/airflow/example_dags/example_sensor_decorator.py
[2024-04-27T13:51:01.399+0000] {processor.py:743} INFO - Processing file /home/airflow/.local/lib/python3.7/site-packages/airflow/example_dags/example_sensor_decorator.py for tasks to queue
[2024-04-27T13:51:01.400+0000] {logging_mixin.py:137} INFO - [2024-04-27T13:51:01.400+0000] {dagbag.py:538} INFO - Filling up the DagBag from /home/airflow/.local/lib/python3.7/site-packages/airflow/example_dags/example_sensor_decorator.py
[2024-04-27T13:51:01.428+0000] {processor.py:753} INFO - DAG(s) dict_keys(['example_sensor_decorator']) retrieved from /home/airflow/.local/lib/python3.7/site-packages/airflow/example_dags/example_sensor_decorator.py
[2024-04-27T13:51:01.459+0000] {logging_mixin.py:137} INFO - [2024-04-27T13:51:01.459+0000] {dag.py:2690} INFO - Sync 1 DAGs
[2024-04-27T13:51:01.493+0000] {logging_mixin.py:137} INFO - [2024-04-27T13:51:01.493+0000] {dag.py:3441} INFO - Setting next_dagrun for example_sensor_decorator to None, run_after=None
[2024-04-27T13:51:01.518+0000] {processor.py:175} INFO - Processing /home/airflow/.local/lib/python3.7/site-packages/airflow/example_dags/example_sensor_decorator.py took 0.123 seconds
[2024-04-27T13:51:32.137+0000] {processor.py:153} INFO - Started process (PID=1006) to work on /home/airflow/.local/lib/python3.7/site-packages/airflow/example_dags/example_sensor_decorator.py
[2024-04-27T13:51:32.138+0000] {processor.py:743} INFO - Processing file /home/airflow/.local/lib/python3.7/site-packages/airflow/example_dags/example_sensor_decorator.py for tasks to queue
[2024-04-27T13:51:32.139+0000] {logging_mixin.py:137} INFO - [2024-04-27T13:51:32.138+0000] {dagbag.py:538} INFO - Filling up the DagBag from /home/airflow/.local/lib/python3.7/site-packages/airflow/example_dags/example_sensor_decorator.py
[2024-04-27T13:51:32.169+0000] {processor.py:753} INFO - DAG(s) dict_keys(['example_sensor_decorator']) retrieved from /home/airflow/.local/lib/python3.7/site-packages/airflow/example_dags/example_sensor_decorator.py
[2024-04-27T13:51:32.201+0000] {logging_mixin.py:137} INFO - [2024-04-27T13:51:32.201+0000] {dag.py:2690} INFO - Sync 1 DAGs
[2024-04-27T13:51:32.238+0000] {logging_mixin.py:137} INFO - [2024-04-27T13:51:32.238+0000] {dag.py:3441} INFO - Setting next_dagrun for example_sensor_decorator to None, run_after=None
[2024-04-27T13:51:32.265+0000] {processor.py:175} INFO - Processing /home/airflow/.local/lib/python3.7/site-packages/airflow/example_dags/example_sensor_decorator.py took 0.132 seconds
[2024-04-27T13:52:02.511+0000] {processor.py:153} INFO - Started process (PID=1080) to work on /home/airflow/.local/lib/python3.7/site-packages/airflow/example_dags/example_sensor_decorator.py
[2024-04-27T13:52:02.512+0000] {processor.py:743} INFO - Processing file /home/airflow/.local/lib/python3.7/site-packages/airflow/example_dags/example_sensor_decorator.py for tasks to queue
[2024-04-27T13:52:02.513+0000] {logging_mixin.py:137} INFO - [2024-04-27T13:52:02.513+0000] {dagbag.py:538} INFO - Filling up the DagBag from /home/airflow/.local/lib/python3.7/site-packages/airflow/example_dags/example_sensor_decorator.py
[2024-04-27T13:52:02.553+0000] {processor.py:753} INFO - DAG(s) dict_keys(['example_sensor_decorator']) retrieved from /home/airflow/.local/lib/python3.7/site-packages/airflow/example_dags/example_sensor_decorator.py
[2024-04-27T13:52:02.602+0000] {logging_mixin.py:137} INFO - [2024-04-27T13:52:02.602+0000] {dag.py:2690} INFO - Sync 1 DAGs
[2024-04-27T13:52:02.651+0000] {logging_mixin.py:137} INFO - [2024-04-27T13:52:02.651+0000] {dag.py:3441} INFO - Setting next_dagrun for example_sensor_decorator to None, run_after=None
[2024-04-27T13:52:02.681+0000] {processor.py:175} INFO - Processing /home/airflow/.local/lib/python3.7/site-packages/airflow/example_dags/example_sensor_decorator.py took 0.175 seconds
[2024-04-27T13:52:33.142+0000] {processor.py:153} INFO - Started process (PID=1144) to work on /home/airflow/.local/lib/python3.7/site-packages/airflow/example_dags/example_sensor_decorator.py
[2024-04-27T13:52:33.142+0000] {processor.py:743} INFO - Processing file /home/airflow/.local/lib/python3.7/site-packages/airflow/example_dags/example_sensor_decorator.py for tasks to queue
[2024-04-27T13:52:33.143+0000] {logging_mixin.py:137} INFO - [2024-04-27T13:52:33.143+0000] {dagbag.py:538} INFO - Filling up the DagBag from /home/airflow/.local/lib/python3.7/site-packages/airflow/example_dags/example_sensor_decorator.py
[2024-04-27T13:52:33.176+0000] {processor.py:753} INFO - DAG(s) dict_keys(['example_sensor_decorator']) retrieved from /home/airflow/.local/lib/python3.7/site-packages/airflow/example_dags/example_sensor_decorator.py
[2024-04-27T13:52:33.207+0000] {logging_mixin.py:137} INFO - [2024-04-27T13:52:33.207+0000] {dag.py:2690} INFO - Sync 1 DAGs
[2024-04-27T13:52:33.250+0000] {logging_mixin.py:137} INFO - [2024-04-27T13:52:33.249+0000] {dag.py:3441} INFO - Setting next_dagrun for example_sensor_decorator to None, run_after=None
[2024-04-27T13:52:33.278+0000] {processor.py:175} INFO - Processing /home/airflow/.local/lib/python3.7/site-packages/airflow/example_dags/example_sensor_decorator.py took 0.140 seconds
[2024-04-27T13:53:04.032+0000] {processor.py:153} INFO - Started process (PID=1208) to work on /home/airflow/.local/lib/python3.7/site-packages/airflow/example_dags/example_sensor_decorator.py
[2024-04-27T13:53:04.036+0000] {processor.py:743} INFO - Processing file /home/airflow/.local/lib/python3.7/site-packages/airflow/example_dags/example_sensor_decorator.py for tasks to queue
[2024-04-27T13:53:04.039+0000] {logging_mixin.py:137} INFO - [2024-04-27T13:53:04.038+0000] {dagbag.py:538} INFO - Filling up the DagBag from /home/airflow/.local/lib/python3.7/site-packages/airflow/example_dags/example_sensor_decorator.py
[2024-04-27T13:53:04.080+0000] {processor.py:753} INFO - DAG(s) dict_keys(['example_sensor_decorator']) retrieved from /home/airflow/.local/lib/python3.7/site-packages/airflow/example_dags/example_sensor_decorator.py
[2024-04-27T13:53:04.125+0000] {logging_mixin.py:137} INFO - [2024-04-27T13:53:04.125+0000] {dag.py:2690} INFO - Sync 1 DAGs
[2024-04-27T13:53:04.179+0000] {logging_mixin.py:137} INFO - [2024-04-27T13:53:04.178+0000] {dag.py:3441} INFO - Setting next_dagrun for example_sensor_decorator to None, run_after=None
[2024-04-27T13:53:04.224+0000] {processor.py:175} INFO - Processing /home/airflow/.local/lib/python3.7/site-packages/airflow/example_dags/example_sensor_decorator.py took 0.197 seconds
[2024-04-27T13:53:34.590+0000] {processor.py:153} INFO - Started process (PID=1280) to work on /home/airflow/.local/lib/python3.7/site-packages/airflow/example_dags/example_sensor_decorator.py
[2024-04-27T13:53:34.592+0000] {processor.py:743} INFO - Processing file /home/airflow/.local/lib/python3.7/site-packages/airflow/example_dags/example_sensor_decorator.py for tasks to queue
[2024-04-27T13:53:34.593+0000] {logging_mixin.py:137} INFO - [2024-04-27T13:53:34.592+0000] {dagbag.py:538} INFO - Filling up the DagBag from /home/airflow/.local/lib/python3.7/site-packages/airflow/example_dags/example_sensor_decorator.py
[2024-04-27T13:53:34.635+0000] {processor.py:753} INFO - DAG(s) dict_keys(['example_sensor_decorator']) retrieved from /home/airflow/.local/lib/python3.7/site-packages/airflow/example_dags/example_sensor_decorator.py
[2024-04-27T13:53:34.675+0000] {logging_mixin.py:137} INFO - [2024-04-27T13:53:34.675+0000] {dag.py:2690} INFO - Sync 1 DAGs
[2024-04-27T13:53:34.722+0000] {logging_mixin.py:137} INFO - [2024-04-27T13:53:34.722+0000] {dag.py:3441} INFO - Setting next_dagrun for example_sensor_decorator to None, run_after=None
[2024-04-27T13:53:34.753+0000] {processor.py:175} INFO - Processing /home/airflow/.local/lib/python3.7/site-packages/airflow/example_dags/example_sensor_decorator.py took 0.168 seconds
[2024-04-27T14:03:24.601+0000] {processor.py:157} INFO - Started process (PID=85) to work on /home/airflow/.local/lib/python3.8/site-packages/airflow/example_dags/example_sensor_decorator.py
[2024-04-27T14:03:24.602+0000] {processor.py:829} INFO - Processing file /home/airflow/.local/lib/python3.8/site-packages/airflow/example_dags/example_sensor_decorator.py for tasks to queue
[2024-04-27T14:03:24.605+0000] {logging_mixin.py:151} INFO - [2024-04-27T14:03:24.605+0000] {dagbag.py:539} INFO - Filling up the DagBag from /home/airflow/.local/lib/python3.8/site-packages/airflow/example_dags/example_sensor_decorator.py
[2024-04-27T14:03:24.616+0000] {processor.py:839} INFO - DAG(s) dict_keys(['example_sensor_decorator']) retrieved from /home/airflow/.local/lib/python3.8/site-packages/airflow/example_dags/example_sensor_decorator.py
[2024-04-27T14:03:24.822+0000] {logging_mixin.py:151} INFO - [2024-04-27T14:03:24.822+0000] {manager.py:501} INFO - Created Permission View: can read on DAG:example_sensor_decorator
[2024-04-27T14:03:24.838+0000] {logging_mixin.py:151} INFO - [2024-04-27T14:03:24.838+0000] {manager.py:501} INFO - Created Permission View: can edit on DAG:example_sensor_decorator
[2024-04-27T14:03:24.849+0000] {logging_mixin.py:151} INFO - [2024-04-27T14:03:24.849+0000] {manager.py:501} INFO - Created Permission View: can delete on DAG:example_sensor_decorator
[2024-04-27T14:03:24.874+0000] {logging_mixin.py:151} INFO - [2024-04-27T14:03:24.874+0000] {dag.py:2907} INFO - Sync 1 DAGs
[2024-04-27T14:03:24.895+0000] {logging_mixin.py:151} INFO - [2024-04-27T14:03:24.895+0000] {dag.py:2929} INFO - Creating ORM DAG for example_sensor_decorator
[2024-04-27T14:03:24.896+0000] {logging_mixin.py:151} INFO - [2024-04-27T14:03:24.896+0000] {dag.py:3677} INFO - Setting next_dagrun for example_sensor_decorator to None, run_after=None
[2024-04-27T14:03:24.923+0000] {processor.py:179} INFO - Processing /home/airflow/.local/lib/python3.8/site-packages/airflow/example_dags/example_sensor_decorator.py took 0.327 seconds
[2024-04-27T14:03:55.248+0000] {processor.py:157} INFO - Started process (PID=154) to work on /home/airflow/.local/lib/python3.8/site-packages/airflow/example_dags/example_sensor_decorator.py
[2024-04-27T14:03:55.249+0000] {processor.py:829} INFO - Processing file /home/airflow/.local/lib/python3.8/site-packages/airflow/example_dags/example_sensor_decorator.py for tasks to queue
[2024-04-27T14:03:55.252+0000] {logging_mixin.py:151} INFO - [2024-04-27T14:03:55.251+0000] {dagbag.py:539} INFO - Filling up the DagBag from /home/airflow/.local/lib/python3.8/site-packages/airflow/example_dags/example_sensor_decorator.py
[2024-04-27T14:03:55.261+0000] {processor.py:839} INFO - DAG(s) dict_keys(['example_sensor_decorator']) retrieved from /home/airflow/.local/lib/python3.8/site-packages/airflow/example_dags/example_sensor_decorator.py
[2024-04-27T14:03:55.300+0000] {logging_mixin.py:151} INFO - [2024-04-27T14:03:55.300+0000] {dag.py:2907} INFO - Sync 1 DAGs
[2024-04-27T14:03:55.323+0000] {logging_mixin.py:151} INFO - [2024-04-27T14:03:55.323+0000] {dag.py:3677} INFO - Setting next_dagrun for example_sensor_decorator to None, run_after=None
[2024-04-27T14:03:55.352+0000] {processor.py:179} INFO - Processing /home/airflow/.local/lib/python3.8/site-packages/airflow/example_dags/example_sensor_decorator.py took 0.110 seconds
[2024-04-27T14:04:25.685+0000] {processor.py:157} INFO - Started process (PID=218) to work on /home/airflow/.local/lib/python3.8/site-packages/airflow/example_dags/example_sensor_decorator.py
[2024-04-27T14:04:25.686+0000] {processor.py:829} INFO - Processing file /home/airflow/.local/lib/python3.8/site-packages/airflow/example_dags/example_sensor_decorator.py for tasks to queue
[2024-04-27T14:04:25.689+0000] {logging_mixin.py:151} INFO - [2024-04-27T14:04:25.689+0000] {dagbag.py:539} INFO - Filling up the DagBag from /home/airflow/.local/lib/python3.8/site-packages/airflow/example_dags/example_sensor_decorator.py
[2024-04-27T14:04:25.699+0000] {processor.py:839} INFO - DAG(s) dict_keys(['example_sensor_decorator']) retrieved from /home/airflow/.local/lib/python3.8/site-packages/airflow/example_dags/example_sensor_decorator.py
[2024-04-27T14:04:25.730+0000] {logging_mixin.py:151} INFO - [2024-04-27T14:04:25.730+0000] {dag.py:2907} INFO - Sync 1 DAGs
[2024-04-27T14:04:25.749+0000] {logging_mixin.py:151} INFO - [2024-04-27T14:04:25.748+0000] {dag.py:3677} INFO - Setting next_dagrun for example_sensor_decorator to None, run_after=None
[2024-04-27T14:04:25.775+0000] {processor.py:179} INFO - Processing /home/airflow/.local/lib/python3.8/site-packages/airflow/example_dags/example_sensor_decorator.py took 0.097 seconds
[2024-04-27T14:04:55.895+0000] {processor.py:157} INFO - Started process (PID=282) to work on /home/airflow/.local/lib/python3.8/site-packages/airflow/example_dags/example_sensor_decorator.py
[2024-04-27T14:04:55.896+0000] {processor.py:829} INFO - Processing file /home/airflow/.local/lib/python3.8/site-packages/airflow/example_dags/example_sensor_decorator.py for tasks to queue
[2024-04-27T14:04:55.899+0000] {logging_mixin.py:151} INFO - [2024-04-27T14:04:55.899+0000] {dagbag.py:539} INFO - Filling up the DagBag from /home/airflow/.local/lib/python3.8/site-packages/airflow/example_dags/example_sensor_decorator.py
[2024-04-27T14:04:55.909+0000] {processor.py:839} INFO - DAG(s) dict_keys(['example_sensor_decorator']) retrieved from /home/airflow/.local/lib/python3.8/site-packages/airflow/example_dags/example_sensor_decorator.py
[2024-04-27T14:04:55.944+0000] {logging_mixin.py:151} INFO - [2024-04-27T14:04:55.944+0000] {dag.py:2907} INFO - Sync 1 DAGs
[2024-04-27T14:04:55.965+0000] {logging_mixin.py:151} INFO - [2024-04-27T14:04:55.965+0000] {dag.py:3677} INFO - Setting next_dagrun for example_sensor_decorator to None, run_after=None
[2024-04-27T14:04:55.993+0000] {processor.py:179} INFO - Processing /home/airflow/.local/lib/python3.8/site-packages/airflow/example_dags/example_sensor_decorator.py took 0.104 seconds
[2024-04-27T14:05:26.346+0000] {processor.py:157} INFO - Started process (PID=346) to work on /home/airflow/.local/lib/python3.8/site-packages/airflow/example_dags/example_sensor_decorator.py
[2024-04-27T14:05:26.350+0000] {processor.py:829} INFO - Processing file /home/airflow/.local/lib/python3.8/site-packages/airflow/example_dags/example_sensor_decorator.py for tasks to queue
[2024-04-27T14:05:26.354+0000] {logging_mixin.py:151} INFO - [2024-04-27T14:05:26.353+0000] {dagbag.py:539} INFO - Filling up the DagBag from /home/airflow/.local/lib/python3.8/site-packages/airflow/example_dags/example_sensor_decorator.py
[2024-04-27T14:05:26.363+0000] {processor.py:839} INFO - DAG(s) dict_keys(['example_sensor_decorator']) retrieved from /home/airflow/.local/lib/python3.8/site-packages/airflow/example_dags/example_sensor_decorator.py
[2024-04-27T14:05:26.392+0000] {logging_mixin.py:151} INFO - [2024-04-27T14:05:26.391+0000] {dag.py:2907} INFO - Sync 1 DAGs
[2024-04-27T14:05:26.413+0000] {logging_mixin.py:151} INFO - [2024-04-27T14:05:26.412+0000] {dag.py:3677} INFO - Setting next_dagrun for example_sensor_decorator to None, run_after=None
[2024-04-27T14:05:26.440+0000] {processor.py:179} INFO - Processing /home/airflow/.local/lib/python3.8/site-packages/airflow/example_dags/example_sensor_decorator.py took 0.100 seconds
[2024-04-27T14:05:57.524+0000] {processor.py:157} INFO - Started process (PID=417) to work on /home/airflow/.local/lib/python3.8/site-packages/airflow/example_dags/example_sensor_decorator.py
[2024-04-27T14:05:57.531+0000] {processor.py:829} INFO - Processing file /home/airflow/.local/lib/python3.8/site-packages/airflow/example_dags/example_sensor_decorator.py for tasks to queue
[2024-04-27T14:05:57.534+0000] {logging_mixin.py:151} INFO - [2024-04-27T14:05:57.534+0000] {dagbag.py:539} INFO - Filling up the DagBag from /home/airflow/.local/lib/python3.8/site-packages/airflow/example_dags/example_sensor_decorator.py
[2024-04-27T14:05:57.545+0000] {processor.py:839} INFO - DAG(s) dict_keys(['example_sensor_decorator']) retrieved from /home/airflow/.local/lib/python3.8/site-packages/airflow/example_dags/example_sensor_decorator.py
[2024-04-27T14:05:57.603+0000] {logging_mixin.py:151} INFO - [2024-04-27T14:05:57.603+0000] {dag.py:2907} INFO - Sync 1 DAGs
[2024-04-27T14:05:57.626+0000] {logging_mixin.py:151} INFO - [2024-04-27T14:05:57.626+0000] {dag.py:3677} INFO - Setting next_dagrun for example_sensor_decorator to None, run_after=None
[2024-04-27T14:05:57.656+0000] {processor.py:179} INFO - Processing /home/airflow/.local/lib/python3.8/site-packages/airflow/example_dags/example_sensor_decorator.py took 0.151 seconds
[2024-04-27T14:06:28.085+0000] {processor.py:157} INFO - Started process (PID=480) to work on /home/airflow/.local/lib/python3.8/site-packages/airflow/example_dags/example_sensor_decorator.py
[2024-04-27T14:06:28.086+0000] {processor.py:829} INFO - Processing file /home/airflow/.local/lib/python3.8/site-packages/airflow/example_dags/example_sensor_decorator.py for tasks to queue
[2024-04-27T14:06:28.089+0000] {logging_mixin.py:151} INFO - [2024-04-27T14:06:28.088+0000] {dagbag.py:539} INFO - Filling up the DagBag from /home/airflow/.local/lib/python3.8/site-packages/airflow/example_dags/example_sensor_decorator.py
[2024-04-27T14:06:28.096+0000] {processor.py:839} INFO - DAG(s) dict_keys(['example_sensor_decorator']) retrieved from /home/airflow/.local/lib/python3.8/site-packages/airflow/example_dags/example_sensor_decorator.py
[2024-04-27T14:06:28.121+0000] {logging_mixin.py:151} INFO - [2024-04-27T14:06:28.121+0000] {dag.py:2907} INFO - Sync 1 DAGs
[2024-04-27T14:06:28.141+0000] {logging_mixin.py:151} INFO - [2024-04-27T14:06:28.141+0000] {dag.py:3677} INFO - Setting next_dagrun for example_sensor_decorator to None, run_after=None
[2024-04-27T14:06:28.167+0000] {processor.py:179} INFO - Processing /home/airflow/.local/lib/python3.8/site-packages/airflow/example_dags/example_sensor_decorator.py took 0.087 seconds
[2024-04-27T14:06:58.389+0000] {processor.py:157} INFO - Started process (PID=545) to work on /home/airflow/.local/lib/python3.8/site-packages/airflow/example_dags/example_sensor_decorator.py
[2024-04-27T14:06:58.390+0000] {processor.py:829} INFO - Processing file /home/airflow/.local/lib/python3.8/site-packages/airflow/example_dags/example_sensor_decorator.py for tasks to queue
[2024-04-27T14:06:58.393+0000] {logging_mixin.py:151} INFO - [2024-04-27T14:06:58.393+0000] {dagbag.py:539} INFO - Filling up the DagBag from /home/airflow/.local/lib/python3.8/site-packages/airflow/example_dags/example_sensor_decorator.py
[2024-04-27T14:06:58.401+0000] {processor.py:839} INFO - DAG(s) dict_keys(['example_sensor_decorator']) retrieved from /home/airflow/.local/lib/python3.8/site-packages/airflow/example_dags/example_sensor_decorator.py
[2024-04-27T14:06:58.428+0000] {logging_mixin.py:151} INFO - [2024-04-27T14:06:58.428+0000] {dag.py:2907} INFO - Sync 1 DAGs
[2024-04-27T14:06:58.447+0000] {logging_mixin.py:151} INFO - [2024-04-27T14:06:58.446+0000] {dag.py:3677} INFO - Setting next_dagrun for example_sensor_decorator to None, run_after=None
[2024-04-27T14:06:58.474+0000] {processor.py:179} INFO - Processing /home/airflow/.local/lib/python3.8/site-packages/airflow/example_dags/example_sensor_decorator.py took 0.089 seconds
[2024-04-27T14:07:29.295+0000] {processor.py:157} INFO - Started process (PID=618) to work on /home/airflow/.local/lib/python3.8/site-packages/airflow/example_dags/example_sensor_decorator.py
[2024-04-27T14:07:29.296+0000] {processor.py:829} INFO - Processing file /home/airflow/.local/lib/python3.8/site-packages/airflow/example_dags/example_sensor_decorator.py for tasks to queue
[2024-04-27T14:07:29.301+0000] {logging_mixin.py:151} INFO - [2024-04-27T14:07:29.301+0000] {dagbag.py:539} INFO - Filling up the DagBag from /home/airflow/.local/lib/python3.8/site-packages/airflow/example_dags/example_sensor_decorator.py
[2024-04-27T14:07:29.310+0000] {processor.py:839} INFO - DAG(s) dict_keys(['example_sensor_decorator']) retrieved from /home/airflow/.local/lib/python3.8/site-packages/airflow/example_dags/example_sensor_decorator.py
[2024-04-27T14:07:29.344+0000] {logging_mixin.py:151} INFO - [2024-04-27T14:07:29.344+0000] {dag.py:2907} INFO - Sync 1 DAGs
[2024-04-27T14:07:29.368+0000] {logging_mixin.py:151} INFO - [2024-04-27T14:07:29.368+0000] {dag.py:3677} INFO - Setting next_dagrun for example_sensor_decorator to None, run_after=None
[2024-04-27T14:07:29.399+0000] {processor.py:179} INFO - Processing /home/airflow/.local/lib/python3.8/site-packages/airflow/example_dags/example_sensor_decorator.py took 0.109 seconds
[2024-04-27T14:11:51.360+0000] {processor.py:157} INFO - Started process (PID=84) to work on /home/airflow/.local/lib/python3.8/site-packages/airflow/example_dags/example_sensor_decorator.py
[2024-04-27T14:11:51.361+0000] {processor.py:829} INFO - Processing file /home/airflow/.local/lib/python3.8/site-packages/airflow/example_dags/example_sensor_decorator.py for tasks to queue
[2024-04-27T14:11:51.364+0000] {logging_mixin.py:151} INFO - [2024-04-27T14:11:51.363+0000] {dagbag.py:539} INFO - Filling up the DagBag from /home/airflow/.local/lib/python3.8/site-packages/airflow/example_dags/example_sensor_decorator.py
[2024-04-27T14:11:51.373+0000] {processor.py:839} INFO - DAG(s) dict_keys(['example_sensor_decorator']) retrieved from /home/airflow/.local/lib/python3.8/site-packages/airflow/example_dags/example_sensor_decorator.py
[2024-04-27T14:11:51.403+0000] {logging_mixin.py:151} INFO - [2024-04-27T14:11:51.403+0000] {dag.py:2907} INFO - Sync 1 DAGs
[2024-04-27T14:11:51.427+0000] {logging_mixin.py:151} INFO - [2024-04-27T14:11:51.427+0000] {dag.py:3677} INFO - Setting next_dagrun for example_sensor_decorator to None, run_after=None
[2024-04-27T14:11:51.453+0000] {processor.py:179} INFO - Processing /home/airflow/.local/lib/python3.8/site-packages/airflow/example_dags/example_sensor_decorator.py took 0.099 seconds
[2024-04-27T14:12:21.673+0000] {processor.py:157} INFO - Started process (PID=147) to work on /home/airflow/.local/lib/python3.8/site-packages/airflow/example_dags/example_sensor_decorator.py
[2024-04-27T14:12:21.674+0000] {processor.py:829} INFO - Processing file /home/airflow/.local/lib/python3.8/site-packages/airflow/example_dags/example_sensor_decorator.py for tasks to queue
[2024-04-27T14:12:21.677+0000] {logging_mixin.py:151} INFO - [2024-04-27T14:12:21.676+0000] {dagbag.py:539} INFO - Filling up the DagBag from /home/airflow/.local/lib/python3.8/site-packages/airflow/example_dags/example_sensor_decorator.py
[2024-04-27T14:12:21.686+0000] {processor.py:839} INFO - DAG(s) dict_keys(['example_sensor_decorator']) retrieved from /home/airflow/.local/lib/python3.8/site-packages/airflow/example_dags/example_sensor_decorator.py
[2024-04-27T14:12:21.718+0000] {logging_mixin.py:151} INFO - [2024-04-27T14:12:21.718+0000] {dag.py:2907} INFO - Sync 1 DAGs
[2024-04-27T14:12:21.740+0000] {logging_mixin.py:151} INFO - [2024-04-27T14:12:21.740+0000] {dag.py:3677} INFO - Setting next_dagrun for example_sensor_decorator to None, run_after=None
[2024-04-27T14:12:21.769+0000] {processor.py:179} INFO - Processing /home/airflow/.local/lib/python3.8/site-packages/airflow/example_dags/example_sensor_decorator.py took 0.102 seconds
[2024-04-27T14:12:52.830+0000] {processor.py:157} INFO - Started process (PID=210) to work on /home/airflow/.local/lib/python3.8/site-packages/airflow/example_dags/example_sensor_decorator.py
[2024-04-27T14:12:52.839+0000] {processor.py:829} INFO - Processing file /home/airflow/.local/lib/python3.8/site-packages/airflow/example_dags/example_sensor_decorator.py for tasks to queue
[2024-04-27T14:12:52.842+0000] {logging_mixin.py:151} INFO - [2024-04-27T14:12:52.842+0000] {dagbag.py:539} INFO - Filling up the DagBag from /home/airflow/.local/lib/python3.8/site-packages/airflow/example_dags/example_sensor_decorator.py
[2024-04-27T14:12:52.865+0000] {processor.py:839} INFO - DAG(s) dict_keys(['example_sensor_decorator']) retrieved from /home/airflow/.local/lib/python3.8/site-packages/airflow/example_dags/example_sensor_decorator.py
[2024-04-27T14:12:52.980+0000] {logging_mixin.py:151} INFO - [2024-04-27T14:12:52.980+0000] {dag.py:2907} INFO - Sync 1 DAGs
[2024-04-27T14:12:53.047+0000] {logging_mixin.py:151} INFO - [2024-04-27T14:12:53.046+0000] {dag.py:3677} INFO - Setting next_dagrun for example_sensor_decorator to None, run_after=None
[2024-04-27T14:12:53.084+0000] {processor.py:179} INFO - Processing /home/airflow/.local/lib/python3.8/site-packages/airflow/example_dags/example_sensor_decorator.py took 0.264 seconds
[2024-04-27T14:13:23.172+0000] {processor.py:157} INFO - Started process (PID=280) to work on /home/airflow/.local/lib/python3.8/site-packages/airflow/example_dags/example_sensor_decorator.py
[2024-04-27T14:13:23.173+0000] {processor.py:829} INFO - Processing file /home/airflow/.local/lib/python3.8/site-packages/airflow/example_dags/example_sensor_decorator.py for tasks to queue
[2024-04-27T14:13:23.176+0000] {logging_mixin.py:151} INFO - [2024-04-27T14:13:23.176+0000] {dagbag.py:539} INFO - Filling up the DagBag from /home/airflow/.local/lib/python3.8/site-packages/airflow/example_dags/example_sensor_decorator.py
[2024-04-27T14:13:23.188+0000] {processor.py:839} INFO - DAG(s) dict_keys(['example_sensor_decorator']) retrieved from /home/airflow/.local/lib/python3.8/site-packages/airflow/example_dags/example_sensor_decorator.py
[2024-04-27T14:13:23.215+0000] {logging_mixin.py:151} INFO - [2024-04-27T14:13:23.215+0000] {dag.py:2907} INFO - Sync 1 DAGs
[2024-04-27T14:13:23.236+0000] {logging_mixin.py:151} INFO - [2024-04-27T14:13:23.236+0000] {dag.py:3677} INFO - Setting next_dagrun for example_sensor_decorator to None, run_after=None
[2024-04-27T14:13:23.264+0000] {processor.py:179} INFO - Processing /home/airflow/.local/lib/python3.8/site-packages/airflow/example_dags/example_sensor_decorator.py took 0.100 seconds
[2024-04-27T14:13:54.089+0000] {processor.py:157} INFO - Started process (PID=342) to work on /home/airflow/.local/lib/python3.8/site-packages/airflow/example_dags/example_sensor_decorator.py
[2024-04-27T14:13:54.091+0000] {processor.py:829} INFO - Processing file /home/airflow/.local/lib/python3.8/site-packages/airflow/example_dags/example_sensor_decorator.py for tasks to queue
[2024-04-27T14:13:54.094+0000] {logging_mixin.py:151} INFO - [2024-04-27T14:13:54.094+0000] {dagbag.py:539} INFO - Filling up the DagBag from /home/airflow/.local/lib/python3.8/site-packages/airflow/example_dags/example_sensor_decorator.py
[2024-04-27T14:13:54.103+0000] {processor.py:839} INFO - DAG(s) dict_keys(['example_sensor_decorator']) retrieved from /home/airflow/.local/lib/python3.8/site-packages/airflow/example_dags/example_sensor_decorator.py
[2024-04-27T14:13:54.130+0000] {logging_mixin.py:151} INFO - [2024-04-27T14:13:54.130+0000] {dag.py:2907} INFO - Sync 1 DAGs
[2024-04-27T14:13:54.146+0000] {logging_mixin.py:151} INFO - [2024-04-27T14:13:54.146+0000] {dag.py:3677} INFO - Setting next_dagrun for example_sensor_decorator to None, run_after=None
[2024-04-27T14:13:54.170+0000] {processor.py:179} INFO - Processing /home/airflow/.local/lib/python3.8/site-packages/airflow/example_dags/example_sensor_decorator.py took 0.086 seconds
[2024-04-27T14:14:24.855+0000] {processor.py:157} INFO - Started process (PID=406) to work on /home/airflow/.local/lib/python3.8/site-packages/airflow/example_dags/example_sensor_decorator.py
[2024-04-27T14:14:24.856+0000] {processor.py:829} INFO - Processing file /home/airflow/.local/lib/python3.8/site-packages/airflow/example_dags/example_sensor_decorator.py for tasks to queue
[2024-04-27T14:14:24.859+0000] {logging_mixin.py:151} INFO - [2024-04-27T14:14:24.858+0000] {dagbag.py:539} INFO - Filling up the DagBag from /home/airflow/.local/lib/python3.8/site-packages/airflow/example_dags/example_sensor_decorator.py
[2024-04-27T14:14:24.868+0000] {processor.py:839} INFO - DAG(s) dict_keys(['example_sensor_decorator']) retrieved from /home/airflow/.local/lib/python3.8/site-packages/airflow/example_dags/example_sensor_decorator.py
[2024-04-27T14:14:24.899+0000] {logging_mixin.py:151} INFO - [2024-04-27T14:14:24.899+0000] {dag.py:2907} INFO - Sync 1 DAGs
[2024-04-27T14:14:24.922+0000] {logging_mixin.py:151} INFO - [2024-04-27T14:14:24.921+0000] {dag.py:3677} INFO - Setting next_dagrun for example_sensor_decorator to None, run_after=None
[2024-04-27T14:14:24.951+0000] {processor.py:179} INFO - Processing /home/airflow/.local/lib/python3.8/site-packages/airflow/example_dags/example_sensor_decorator.py took 0.102 seconds
[2024-04-27T14:14:56.311+0000] {processor.py:157} INFO - Started process (PID=478) to work on /home/airflow/.local/lib/python3.8/site-packages/airflow/example_dags/example_sensor_decorator.py
[2024-04-27T14:14:56.315+0000] {processor.py:829} INFO - Processing file /home/airflow/.local/lib/python3.8/site-packages/airflow/example_dags/example_sensor_decorator.py for tasks to queue
[2024-04-27T14:14:56.318+0000] {logging_mixin.py:151} INFO - [2024-04-27T14:14:56.318+0000] {dagbag.py:539} INFO - Filling up the DagBag from /home/airflow/.local/lib/python3.8/site-packages/airflow/example_dags/example_sensor_decorator.py
[2024-04-27T14:14:56.344+0000] {processor.py:839} INFO - DAG(s) dict_keys(['example_sensor_decorator']) retrieved from /home/airflow/.local/lib/python3.8/site-packages/airflow/example_dags/example_sensor_decorator.py
[2024-04-27T14:14:56.382+0000] {logging_mixin.py:151} INFO - [2024-04-27T14:14:56.382+0000] {dag.py:2907} INFO - Sync 1 DAGs
[2024-04-27T14:14:56.409+0000] {logging_mixin.py:151} INFO - [2024-04-27T14:14:56.409+0000] {dag.py:3677} INFO - Setting next_dagrun for example_sensor_decorator to None, run_after=None
[2024-04-27T14:14:56.459+0000] {processor.py:179} INFO - Processing /home/airflow/.local/lib/python3.8/site-packages/airflow/example_dags/example_sensor_decorator.py took 0.161 seconds
[2024-04-27T14:15:26.609+0000] {processor.py:157} INFO - Started process (PID=543) to work on /home/airflow/.local/lib/python3.8/site-packages/airflow/example_dags/example_sensor_decorator.py
[2024-04-27T14:15:26.611+0000] {processor.py:829} INFO - Processing file /home/airflow/.local/lib/python3.8/site-packages/airflow/example_dags/example_sensor_decorator.py for tasks to queue
[2024-04-27T14:15:26.614+0000] {logging_mixin.py:151} INFO - [2024-04-27T14:15:26.613+0000] {dagbag.py:539} INFO - Filling up the DagBag from /home/airflow/.local/lib/python3.8/site-packages/airflow/example_dags/example_sensor_decorator.py
[2024-04-27T14:15:26.627+0000] {processor.py:839} INFO - DAG(s) dict_keys(['example_sensor_decorator']) retrieved from /home/airflow/.local/lib/python3.8/site-packages/airflow/example_dags/example_sensor_decorator.py
[2024-04-27T14:15:26.662+0000] {logging_mixin.py:151} INFO - [2024-04-27T14:15:26.662+0000] {dag.py:2907} INFO - Sync 1 DAGs
[2024-04-27T14:15:26.685+0000] {logging_mixin.py:151} INFO - [2024-04-27T14:15:26.685+0000] {dag.py:3677} INFO - Setting next_dagrun for example_sensor_decorator to None, run_after=None
[2024-04-27T14:15:26.715+0000] {processor.py:179} INFO - Processing /home/airflow/.local/lib/python3.8/site-packages/airflow/example_dags/example_sensor_decorator.py took 0.111 seconds
[2024-04-27T14:15:57.613+0000] {processor.py:157} INFO - Started process (PID=608) to work on /home/airflow/.local/lib/python3.8/site-packages/airflow/example_dags/example_sensor_decorator.py
[2024-04-27T14:15:57.614+0000] {processor.py:829} INFO - Processing file /home/airflow/.local/lib/python3.8/site-packages/airflow/example_dags/example_sensor_decorator.py for tasks to queue
[2024-04-27T14:15:57.618+0000] {logging_mixin.py:151} INFO - [2024-04-27T14:15:57.618+0000] {dagbag.py:539} INFO - Filling up the DagBag from /home/airflow/.local/lib/python3.8/site-packages/airflow/example_dags/example_sensor_decorator.py
[2024-04-27T14:15:57.629+0000] {processor.py:839} INFO - DAG(s) dict_keys(['example_sensor_decorator']) retrieved from /home/airflow/.local/lib/python3.8/site-packages/airflow/example_dags/example_sensor_decorator.py
[2024-04-27T14:15:57.659+0000] {logging_mixin.py:151} INFO - [2024-04-27T14:15:57.659+0000] {dag.py:2907} INFO - Sync 1 DAGs
[2024-04-27T14:15:57.679+0000] {logging_mixin.py:151} INFO - [2024-04-27T14:15:57.678+0000] {dag.py:3677} INFO - Setting next_dagrun for example_sensor_decorator to None, run_after=None
[2024-04-27T14:15:57.709+0000] {processor.py:179} INFO - Processing /home/airflow/.local/lib/python3.8/site-packages/airflow/example_dags/example_sensor_decorator.py took 0.102 seconds
[2024-04-27T14:16:28.039+0000] {processor.py:157} INFO - Started process (PID=680) to work on /home/airflow/.local/lib/python3.8/site-packages/airflow/example_dags/example_sensor_decorator.py
[2024-04-27T14:16:28.041+0000] {processor.py:829} INFO - Processing file /home/airflow/.local/lib/python3.8/site-packages/airflow/example_dags/example_sensor_decorator.py for tasks to queue
[2024-04-27T14:16:28.044+0000] {logging_mixin.py:151} INFO - [2024-04-27T14:16:28.043+0000] {dagbag.py:539} INFO - Filling up the DagBag from /home/airflow/.local/lib/python3.8/site-packages/airflow/example_dags/example_sensor_decorator.py
[2024-04-27T14:16:28.053+0000] {processor.py:839} INFO - DAG(s) dict_keys(['example_sensor_decorator']) retrieved from /home/airflow/.local/lib/python3.8/site-packages/airflow/example_dags/example_sensor_decorator.py
[2024-04-27T14:16:28.108+0000] {logging_mixin.py:151} INFO - [2024-04-27T14:16:28.107+0000] {dag.py:2907} INFO - Sync 1 DAGs
[2024-04-27T14:16:28.151+0000] {logging_mixin.py:151} INFO - [2024-04-27T14:16:28.151+0000] {dag.py:3677} INFO - Setting next_dagrun for example_sensor_decorator to None, run_after=None
[2024-04-27T14:16:28.203+0000] {processor.py:179} INFO - Processing /home/airflow/.local/lib/python3.8/site-packages/airflow/example_dags/example_sensor_decorator.py took 0.169 seconds
[2024-04-27T14:16:59.657+0000] {processor.py:157} INFO - Started process (PID=744) to work on /home/airflow/.local/lib/python3.8/site-packages/airflow/example_dags/example_sensor_decorator.py
[2024-04-27T14:16:59.665+0000] {processor.py:829} INFO - Processing file /home/airflow/.local/lib/python3.8/site-packages/airflow/example_dags/example_sensor_decorator.py for tasks to queue
[2024-04-27T14:16:59.668+0000] {logging_mixin.py:151} INFO - [2024-04-27T14:16:59.668+0000] {dagbag.py:539} INFO - Filling up the DagBag from /home/airflow/.local/lib/python3.8/site-packages/airflow/example_dags/example_sensor_decorator.py
[2024-04-27T14:16:59.688+0000] {processor.py:839} INFO - DAG(s) dict_keys(['example_sensor_decorator']) retrieved from /home/airflow/.local/lib/python3.8/site-packages/airflow/example_dags/example_sensor_decorator.py
[2024-04-27T14:16:59.731+0000] {logging_mixin.py:151} INFO - [2024-04-27T14:16:59.731+0000] {dag.py:2907} INFO - Sync 1 DAGs
[2024-04-27T14:16:59.753+0000] {logging_mixin.py:151} INFO - [2024-04-27T14:16:59.753+0000] {dag.py:3677} INFO - Setting next_dagrun for example_sensor_decorator to None, run_after=None
[2024-04-27T14:16:59.781+0000] {processor.py:179} INFO - Processing /home/airflow/.local/lib/python3.8/site-packages/airflow/example_dags/example_sensor_decorator.py took 0.129 seconds
[2024-04-27T14:17:30.222+0000] {processor.py:157} INFO - Started process (PID=808) to work on /home/airflow/.local/lib/python3.8/site-packages/airflow/example_dags/example_sensor_decorator.py
[2024-04-27T14:17:30.223+0000] {processor.py:829} INFO - Processing file /home/airflow/.local/lib/python3.8/site-packages/airflow/example_dags/example_sensor_decorator.py for tasks to queue
[2024-04-27T14:17:30.226+0000] {logging_mixin.py:151} INFO - [2024-04-27T14:17:30.225+0000] {dagbag.py:539} INFO - Filling up the DagBag from /home/airflow/.local/lib/python3.8/site-packages/airflow/example_dags/example_sensor_decorator.py
[2024-04-27T14:17:30.234+0000] {processor.py:839} INFO - DAG(s) dict_keys(['example_sensor_decorator']) retrieved from /home/airflow/.local/lib/python3.8/site-packages/airflow/example_dags/example_sensor_decorator.py
[2024-04-27T14:17:30.265+0000] {logging_mixin.py:151} INFO - [2024-04-27T14:17:30.265+0000] {dag.py:2907} INFO - Sync 1 DAGs
[2024-04-27T14:17:30.290+0000] {logging_mixin.py:151} INFO - [2024-04-27T14:17:30.290+0000] {dag.py:3677} INFO - Setting next_dagrun for example_sensor_decorator to None, run_after=None
[2024-04-27T14:17:30.318+0000] {processor.py:179} INFO - Processing /home/airflow/.local/lib/python3.8/site-packages/airflow/example_dags/example_sensor_decorator.py took 0.101 seconds
[2024-04-27T14:18:00.939+0000] {processor.py:157} INFO - Started process (PID=872) to work on /home/airflow/.local/lib/python3.8/site-packages/airflow/example_dags/example_sensor_decorator.py
[2024-04-27T14:18:00.940+0000] {processor.py:829} INFO - Processing file /home/airflow/.local/lib/python3.8/site-packages/airflow/example_dags/example_sensor_decorator.py for tasks to queue
[2024-04-27T14:18:00.942+0000] {logging_mixin.py:151} INFO - [2024-04-27T14:18:00.942+0000] {dagbag.py:539} INFO - Filling up the DagBag from /home/airflow/.local/lib/python3.8/site-packages/airflow/example_dags/example_sensor_decorator.py
[2024-04-27T14:18:00.951+0000] {processor.py:839} INFO - DAG(s) dict_keys(['example_sensor_decorator']) retrieved from /home/airflow/.local/lib/python3.8/site-packages/airflow/example_dags/example_sensor_decorator.py
[2024-04-27T14:18:00.983+0000] {logging_mixin.py:151} INFO - [2024-04-27T14:18:00.982+0000] {dag.py:2907} INFO - Sync 1 DAGs
[2024-04-27T14:18:01.005+0000] {logging_mixin.py:151} INFO - [2024-04-27T14:18:01.004+0000] {dag.py:3677} INFO - Setting next_dagrun for example_sensor_decorator to None, run_after=None
[2024-04-27T14:18:01.036+0000] {processor.py:179} INFO - Processing /home/airflow/.local/lib/python3.8/site-packages/airflow/example_dags/example_sensor_decorator.py took 0.101 seconds
[2024-04-27T14:18:31.877+0000] {processor.py:157} INFO - Started process (PID=943) to work on /home/airflow/.local/lib/python3.8/site-packages/airflow/example_dags/example_sensor_decorator.py
[2024-04-27T14:18:31.878+0000] {processor.py:829} INFO - Processing file /home/airflow/.local/lib/python3.8/site-packages/airflow/example_dags/example_sensor_decorator.py for tasks to queue
[2024-04-27T14:18:31.881+0000] {logging_mixin.py:151} INFO - [2024-04-27T14:18:31.880+0000] {dagbag.py:539} INFO - Filling up the DagBag from /home/airflow/.local/lib/python3.8/site-packages/airflow/example_dags/example_sensor_decorator.py
[2024-04-27T14:18:31.890+0000] {processor.py:839} INFO - DAG(s) dict_keys(['example_sensor_decorator']) retrieved from /home/airflow/.local/lib/python3.8/site-packages/airflow/example_dags/example_sensor_decorator.py
[2024-04-27T14:18:31.928+0000] {logging_mixin.py:151} INFO - [2024-04-27T14:18:31.928+0000] {dag.py:2907} INFO - Sync 1 DAGs
[2024-04-27T14:18:31.953+0000] {logging_mixin.py:151} INFO - [2024-04-27T14:18:31.953+0000] {dag.py:3677} INFO - Setting next_dagrun for example_sensor_decorator to None, run_after=None
[2024-04-27T14:18:31.989+0000] {processor.py:179} INFO - Processing /home/airflow/.local/lib/python3.8/site-packages/airflow/example_dags/example_sensor_decorator.py took 0.117 seconds
[2024-04-27T14:19:02.195+0000] {processor.py:157} INFO - Started process (PID=1006) to work on /home/airflow/.local/lib/python3.8/site-packages/airflow/example_dags/example_sensor_decorator.py
[2024-04-27T14:19:02.197+0000] {processor.py:829} INFO - Processing file /home/airflow/.local/lib/python3.8/site-packages/airflow/example_dags/example_sensor_decorator.py for tasks to queue
[2024-04-27T14:19:02.200+0000] {logging_mixin.py:151} INFO - [2024-04-27T14:19:02.199+0000] {dagbag.py:539} INFO - Filling up the DagBag from /home/airflow/.local/lib/python3.8/site-packages/airflow/example_dags/example_sensor_decorator.py
[2024-04-27T14:19:02.211+0000] {processor.py:839} INFO - DAG(s) dict_keys(['example_sensor_decorator']) retrieved from /home/airflow/.local/lib/python3.8/site-packages/airflow/example_dags/example_sensor_decorator.py
[2024-04-27T14:19:02.244+0000] {logging_mixin.py:151} INFO - [2024-04-27T14:19:02.244+0000] {dag.py:2907} INFO - Sync 1 DAGs
[2024-04-27T14:19:02.266+0000] {logging_mixin.py:151} INFO - [2024-04-27T14:19:02.266+0000] {dag.py:3677} INFO - Setting next_dagrun for example_sensor_decorator to None, run_after=None
[2024-04-27T14:19:02.294+0000] {processor.py:179} INFO - Processing /home/airflow/.local/lib/python3.8/site-packages/airflow/example_dags/example_sensor_decorator.py took 0.104 seconds
[2024-04-27T14:19:32.591+0000] {processor.py:157} INFO - Started process (PID=1069) to work on /home/airflow/.local/lib/python3.8/site-packages/airflow/example_dags/example_sensor_decorator.py
[2024-04-27T14:19:32.592+0000] {processor.py:829} INFO - Processing file /home/airflow/.local/lib/python3.8/site-packages/airflow/example_dags/example_sensor_decorator.py for tasks to queue
[2024-04-27T14:19:32.595+0000] {logging_mixin.py:151} INFO - [2024-04-27T14:19:32.595+0000] {dagbag.py:539} INFO - Filling up the DagBag from /home/airflow/.local/lib/python3.8/site-packages/airflow/example_dags/example_sensor_decorator.py
[2024-04-27T14:19:32.605+0000] {processor.py:839} INFO - DAG(s) dict_keys(['example_sensor_decorator']) retrieved from /home/airflow/.local/lib/python3.8/site-packages/airflow/example_dags/example_sensor_decorator.py
[2024-04-27T14:19:32.649+0000] {logging_mixin.py:151} INFO - [2024-04-27T14:19:32.649+0000] {dag.py:2907} INFO - Sync 1 DAGs
[2024-04-27T14:19:32.675+0000] {logging_mixin.py:151} INFO - [2024-04-27T14:19:32.675+0000] {dag.py:3677} INFO - Setting next_dagrun for example_sensor_decorator to None, run_after=None
[2024-04-27T14:19:32.708+0000] {processor.py:179} INFO - Processing /home/airflow/.local/lib/python3.8/site-packages/airflow/example_dags/example_sensor_decorator.py took 0.125 seconds
[2024-04-27T14:20:02.764+0000] {processor.py:157} INFO - Started process (PID=1131) to work on /home/airflow/.local/lib/python3.8/site-packages/airflow/example_dags/example_sensor_decorator.py
[2024-04-27T14:20:02.765+0000] {processor.py:829} INFO - Processing file /home/airflow/.local/lib/python3.8/site-packages/airflow/example_dags/example_sensor_decorator.py for tasks to queue
[2024-04-27T14:20:02.767+0000] {logging_mixin.py:151} INFO - [2024-04-27T14:20:02.767+0000] {dagbag.py:539} INFO - Filling up the DagBag from /home/airflow/.local/lib/python3.8/site-packages/airflow/example_dags/example_sensor_decorator.py
[2024-04-27T14:20:02.774+0000] {processor.py:839} INFO - DAG(s) dict_keys(['example_sensor_decorator']) retrieved from /home/airflow/.local/lib/python3.8/site-packages/airflow/example_dags/example_sensor_decorator.py
[2024-04-27T14:20:02.797+0000] {logging_mixin.py:151} INFO - [2024-04-27T14:20:02.797+0000] {dag.py:2907} INFO - Sync 1 DAGs
[2024-04-27T14:20:02.811+0000] {logging_mixin.py:151} INFO - [2024-04-27T14:20:02.811+0000] {dag.py:3677} INFO - Setting next_dagrun for example_sensor_decorator to None, run_after=None
[2024-04-27T14:20:02.833+0000] {processor.py:179} INFO - Processing /home/airflow/.local/lib/python3.8/site-packages/airflow/example_dags/example_sensor_decorator.py took 0.073 seconds
[2024-04-27T14:20:33.282+0000] {processor.py:157} INFO - Started process (PID=1204) to work on /home/airflow/.local/lib/python3.8/site-packages/airflow/example_dags/example_sensor_decorator.py
[2024-04-27T14:20:33.284+0000] {processor.py:829} INFO - Processing file /home/airflow/.local/lib/python3.8/site-packages/airflow/example_dags/example_sensor_decorator.py for tasks to queue
[2024-04-27T14:20:33.287+0000] {logging_mixin.py:151} INFO - [2024-04-27T14:20:33.287+0000] {dagbag.py:539} INFO - Filling up the DagBag from /home/airflow/.local/lib/python3.8/site-packages/airflow/example_dags/example_sensor_decorator.py
[2024-04-27T14:20:33.297+0000] {processor.py:839} INFO - DAG(s) dict_keys(['example_sensor_decorator']) retrieved from /home/airflow/.local/lib/python3.8/site-packages/airflow/example_dags/example_sensor_decorator.py
[2024-04-27T14:20:33.332+0000] {logging_mixin.py:151} INFO - [2024-04-27T14:20:33.332+0000] {dag.py:2907} INFO - Sync 1 DAGs
[2024-04-27T14:20:33.352+0000] {logging_mixin.py:151} INFO - [2024-04-27T14:20:33.351+0000] {dag.py:3677} INFO - Setting next_dagrun for example_sensor_decorator to None, run_after=None
[2024-04-27T14:20:33.382+0000] {processor.py:179} INFO - Processing /home/airflow/.local/lib/python3.8/site-packages/airflow/example_dags/example_sensor_decorator.py took 0.104 seconds
[2024-04-27T14:21:03.542+0000] {processor.py:157} INFO - Started process (PID=1269) to work on /home/airflow/.local/lib/python3.8/site-packages/airflow/example_dags/example_sensor_decorator.py
[2024-04-27T14:21:03.542+0000] {processor.py:829} INFO - Processing file /home/airflow/.local/lib/python3.8/site-packages/airflow/example_dags/example_sensor_decorator.py for tasks to queue
[2024-04-27T14:21:03.545+0000] {logging_mixin.py:151} INFO - [2024-04-27T14:21:03.544+0000] {dagbag.py:539} INFO - Filling up the DagBag from /home/airflow/.local/lib/python3.8/site-packages/airflow/example_dags/example_sensor_decorator.py
[2024-04-27T14:21:03.553+0000] {processor.py:839} INFO - DAG(s) dict_keys(['example_sensor_decorator']) retrieved from /home/airflow/.local/lib/python3.8/site-packages/airflow/example_dags/example_sensor_decorator.py
[2024-04-27T14:21:03.578+0000] {logging_mixin.py:151} INFO - [2024-04-27T14:21:03.578+0000] {dag.py:2907} INFO - Sync 1 DAGs
[2024-04-27T14:21:03.594+0000] {logging_mixin.py:151} INFO - [2024-04-27T14:21:03.594+0000] {dag.py:3677} INFO - Setting next_dagrun for example_sensor_decorator to None, run_after=None
[2024-04-27T14:21:03.621+0000] {processor.py:179} INFO - Processing /home/airflow/.local/lib/python3.8/site-packages/airflow/example_dags/example_sensor_decorator.py took 0.083 seconds
[2024-04-27T14:21:34.354+0000] {processor.py:157} INFO - Started process (PID=1332) to work on /home/airflow/.local/lib/python3.8/site-packages/airflow/example_dags/example_sensor_decorator.py
[2024-04-27T14:21:34.355+0000] {processor.py:829} INFO - Processing file /home/airflow/.local/lib/python3.8/site-packages/airflow/example_dags/example_sensor_decorator.py for tasks to queue
[2024-04-27T14:21:34.357+0000] {logging_mixin.py:151} INFO - [2024-04-27T14:21:34.357+0000] {dagbag.py:539} INFO - Filling up the DagBag from /home/airflow/.local/lib/python3.8/site-packages/airflow/example_dags/example_sensor_decorator.py
[2024-04-27T14:21:34.366+0000] {processor.py:839} INFO - DAG(s) dict_keys(['example_sensor_decorator']) retrieved from /home/airflow/.local/lib/python3.8/site-packages/airflow/example_dags/example_sensor_decorator.py
[2024-04-27T14:21:34.399+0000] {logging_mixin.py:151} INFO - [2024-04-27T14:21:34.398+0000] {dag.py:2907} INFO - Sync 1 DAGs
[2024-04-27T14:21:34.422+0000] {logging_mixin.py:151} INFO - [2024-04-27T14:21:34.422+0000] {dag.py:3677} INFO - Setting next_dagrun for example_sensor_decorator to None, run_after=None
[2024-04-27T14:21:34.450+0000] {processor.py:179} INFO - Processing /home/airflow/.local/lib/python3.8/site-packages/airflow/example_dags/example_sensor_decorator.py took 0.100 seconds
[2024-04-27T14:22:05.401+0000] {processor.py:157} INFO - Started process (PID=1405) to work on /home/airflow/.local/lib/python3.8/site-packages/airflow/example_dags/example_sensor_decorator.py
[2024-04-27T14:22:05.403+0000] {processor.py:829} INFO - Processing file /home/airflow/.local/lib/python3.8/site-packages/airflow/example_dags/example_sensor_decorator.py for tasks to queue
[2024-04-27T14:22:05.406+0000] {logging_mixin.py:151} INFO - [2024-04-27T14:22:05.405+0000] {dagbag.py:539} INFO - Filling up the DagBag from /home/airflow/.local/lib/python3.8/site-packages/airflow/example_dags/example_sensor_decorator.py
[2024-04-27T14:22:05.424+0000] {processor.py:839} INFO - DAG(s) dict_keys(['example_sensor_decorator']) retrieved from /home/airflow/.local/lib/python3.8/site-packages/airflow/example_dags/example_sensor_decorator.py
[2024-04-27T14:22:05.464+0000] {logging_mixin.py:151} INFO - [2024-04-27T14:22:05.464+0000] {dag.py:2907} INFO - Sync 1 DAGs
[2024-04-27T14:22:05.485+0000] {logging_mixin.py:151} INFO - [2024-04-27T14:22:05.485+0000] {dag.py:3677} INFO - Setting next_dagrun for example_sensor_decorator to None, run_after=None
[2024-04-27T14:22:05.523+0000] {processor.py:179} INFO - Processing /home/airflow/.local/lib/python3.8/site-packages/airflow/example_dags/example_sensor_decorator.py took 0.127 seconds
[2024-04-27T14:22:36.171+0000] {processor.py:157} INFO - Started process (PID=1470) to work on /home/airflow/.local/lib/python3.8/site-packages/airflow/example_dags/example_sensor_decorator.py
[2024-04-27T14:22:36.172+0000] {processor.py:829} INFO - Processing file /home/airflow/.local/lib/python3.8/site-packages/airflow/example_dags/example_sensor_decorator.py for tasks to queue
[2024-04-27T14:22:36.174+0000] {logging_mixin.py:151} INFO - [2024-04-27T14:22:36.174+0000] {dagbag.py:539} INFO - Filling up the DagBag from /home/airflow/.local/lib/python3.8/site-packages/airflow/example_dags/example_sensor_decorator.py
[2024-04-27T14:22:36.181+0000] {processor.py:839} INFO - DAG(s) dict_keys(['example_sensor_decorator']) retrieved from /home/airflow/.local/lib/python3.8/site-packages/airflow/example_dags/example_sensor_decorator.py
[2024-04-27T14:22:36.207+0000] {logging_mixin.py:151} INFO - [2024-04-27T14:22:36.207+0000] {dag.py:2907} INFO - Sync 1 DAGs
[2024-04-27T14:22:36.225+0000] {logging_mixin.py:151} INFO - [2024-04-27T14:22:36.224+0000] {dag.py:3677} INFO - Setting next_dagrun for example_sensor_decorator to None, run_after=None
[2024-04-27T14:22:36.250+0000] {processor.py:179} INFO - Processing /home/airflow/.local/lib/python3.8/site-packages/airflow/example_dags/example_sensor_decorator.py took 0.083 seconds
[2024-04-27T14:23:07.887+0000] {processor.py:157} INFO - Started process (PID=1541) to work on /home/airflow/.local/lib/python3.8/site-packages/airflow/example_dags/example_sensor_decorator.py
[2024-04-27T14:23:07.888+0000] {processor.py:829} INFO - Processing file /home/airflow/.local/lib/python3.8/site-packages/airflow/example_dags/example_sensor_decorator.py for tasks to queue
[2024-04-27T14:23:07.890+0000] {logging_mixin.py:151} INFO - [2024-04-27T14:23:07.890+0000] {dagbag.py:539} INFO - Filling up the DagBag from /home/airflow/.local/lib/python3.8/site-packages/airflow/example_dags/example_sensor_decorator.py
[2024-04-27T14:23:07.898+0000] {processor.py:839} INFO - DAG(s) dict_keys(['example_sensor_decorator']) retrieved from /home/airflow/.local/lib/python3.8/site-packages/airflow/example_dags/example_sensor_decorator.py
[2024-04-27T14:23:07.930+0000] {logging_mixin.py:151} INFO - [2024-04-27T14:23:07.930+0000] {dag.py:2907} INFO - Sync 1 DAGs
[2024-04-27T14:23:07.953+0000] {logging_mixin.py:151} INFO - [2024-04-27T14:23:07.953+0000] {dag.py:3677} INFO - Setting next_dagrun for example_sensor_decorator to None, run_after=None
[2024-04-27T14:23:07.982+0000] {processor.py:179} INFO - Processing /home/airflow/.local/lib/python3.8/site-packages/airflow/example_dags/example_sensor_decorator.py took 0.100 seconds
[2024-04-27T14:23:39.056+0000] {processor.py:157} INFO - Started process (PID=1605) to work on /home/airflow/.local/lib/python3.8/site-packages/airflow/example_dags/example_sensor_decorator.py
[2024-04-27T14:23:39.057+0000] {processor.py:829} INFO - Processing file /home/airflow/.local/lib/python3.8/site-packages/airflow/example_dags/example_sensor_decorator.py for tasks to queue
[2024-04-27T14:23:39.059+0000] {logging_mixin.py:151} INFO - [2024-04-27T14:23:39.059+0000] {dagbag.py:539} INFO - Filling up the DagBag from /home/airflow/.local/lib/python3.8/site-packages/airflow/example_dags/example_sensor_decorator.py
[2024-04-27T14:23:39.066+0000] {processor.py:839} INFO - DAG(s) dict_keys(['example_sensor_decorator']) retrieved from /home/airflow/.local/lib/python3.8/site-packages/airflow/example_dags/example_sensor_decorator.py
[2024-04-27T14:23:39.096+0000] {logging_mixin.py:151} INFO - [2024-04-27T14:23:39.095+0000] {dag.py:2907} INFO - Sync 1 DAGs
[2024-04-27T14:23:39.117+0000] {logging_mixin.py:151} INFO - [2024-04-27T14:23:39.117+0000] {dag.py:3677} INFO - Setting next_dagrun for example_sensor_decorator to None, run_after=None
[2024-04-27T14:23:39.145+0000] {processor.py:179} INFO - Processing /home/airflow/.local/lib/python3.8/site-packages/airflow/example_dags/example_sensor_decorator.py took 0.092 seconds
[2024-04-27T14:24:09.970+0000] {processor.py:157} INFO - Started process (PID=1678) to work on /home/airflow/.local/lib/python3.8/site-packages/airflow/example_dags/example_sensor_decorator.py
[2024-04-27T14:24:09.971+0000] {processor.py:829} INFO - Processing file /home/airflow/.local/lib/python3.8/site-packages/airflow/example_dags/example_sensor_decorator.py for tasks to queue
[2024-04-27T14:24:09.974+0000] {logging_mixin.py:151} INFO - [2024-04-27T14:24:09.974+0000] {dagbag.py:539} INFO - Filling up the DagBag from /home/airflow/.local/lib/python3.8/site-packages/airflow/example_dags/example_sensor_decorator.py
[2024-04-27T14:24:09.984+0000] {processor.py:839} INFO - DAG(s) dict_keys(['example_sensor_decorator']) retrieved from /home/airflow/.local/lib/python3.8/site-packages/airflow/example_dags/example_sensor_decorator.py
[2024-04-27T14:24:10.015+0000] {logging_mixin.py:151} INFO - [2024-04-27T14:24:10.015+0000] {dag.py:2907} INFO - Sync 1 DAGs
[2024-04-27T14:24:10.038+0000] {logging_mixin.py:151} INFO - [2024-04-27T14:24:10.038+0000] {dag.py:3677} INFO - Setting next_dagrun for example_sensor_decorator to None, run_after=None
[2024-04-27T14:24:10.067+0000] {processor.py:179} INFO - Processing /home/airflow/.local/lib/python3.8/site-packages/airflow/example_dags/example_sensor_decorator.py took 0.102 seconds
[2024-04-27T14:24:41.953+0000] {processor.py:157} INFO - Started process (PID=1742) to work on /home/airflow/.local/lib/python3.8/site-packages/airflow/example_dags/example_sensor_decorator.py
[2024-04-27T14:24:41.954+0000] {processor.py:829} INFO - Processing file /home/airflow/.local/lib/python3.8/site-packages/airflow/example_dags/example_sensor_decorator.py for tasks to queue
[2024-04-27T14:24:41.957+0000] {logging_mixin.py:151} INFO - [2024-04-27T14:24:41.957+0000] {dagbag.py:539} INFO - Filling up the DagBag from /home/airflow/.local/lib/python3.8/site-packages/airflow/example_dags/example_sensor_decorator.py
[2024-04-27T14:24:41.967+0000] {processor.py:839} INFO - DAG(s) dict_keys(['example_sensor_decorator']) retrieved from /home/airflow/.local/lib/python3.8/site-packages/airflow/example_dags/example_sensor_decorator.py
[2024-04-27T14:24:41.998+0000] {logging_mixin.py:151} INFO - [2024-04-27T14:24:41.998+0000] {dag.py:2907} INFO - Sync 1 DAGs
[2024-04-27T14:24:42.021+0000] {logging_mixin.py:151} INFO - [2024-04-27T14:24:42.020+0000] {dag.py:3677} INFO - Setting next_dagrun for example_sensor_decorator to None, run_after=None
[2024-04-27T14:24:42.050+0000] {processor.py:179} INFO - Processing /home/airflow/.local/lib/python3.8/site-packages/airflow/example_dags/example_sensor_decorator.py took 0.102 seconds
[2024-04-27T14:25:12.276+0000] {processor.py:157} INFO - Started process (PID=1807) to work on /home/airflow/.local/lib/python3.8/site-packages/airflow/example_dags/example_sensor_decorator.py
[2024-04-27T14:25:12.277+0000] {processor.py:829} INFO - Processing file /home/airflow/.local/lib/python3.8/site-packages/airflow/example_dags/example_sensor_decorator.py for tasks to queue
[2024-04-27T14:25:12.280+0000] {logging_mixin.py:151} INFO - [2024-04-27T14:25:12.280+0000] {dagbag.py:539} INFO - Filling up the DagBag from /home/airflow/.local/lib/python3.8/site-packages/airflow/example_dags/example_sensor_decorator.py
[2024-04-27T14:25:12.287+0000] {processor.py:839} INFO - DAG(s) dict_keys(['example_sensor_decorator']) retrieved from /home/airflow/.local/lib/python3.8/site-packages/airflow/example_dags/example_sensor_decorator.py
[2024-04-27T14:25:12.314+0000] {logging_mixin.py:151} INFO - [2024-04-27T14:25:12.314+0000] {dag.py:2907} INFO - Sync 1 DAGs
[2024-04-27T14:25:12.331+0000] {logging_mixin.py:151} INFO - [2024-04-27T14:25:12.330+0000] {dag.py:3677} INFO - Setting next_dagrun for example_sensor_decorator to None, run_after=None
[2024-04-27T14:25:12.354+0000] {processor.py:179} INFO - Processing /home/airflow/.local/lib/python3.8/site-packages/airflow/example_dags/example_sensor_decorator.py took 0.083 seconds
[2024-04-27T14:25:43.249+0000] {processor.py:157} INFO - Started process (PID=1880) to work on /home/airflow/.local/lib/python3.8/site-packages/airflow/example_dags/example_sensor_decorator.py
[2024-04-27T14:25:43.250+0000] {processor.py:829} INFO - Processing file /home/airflow/.local/lib/python3.8/site-packages/airflow/example_dags/example_sensor_decorator.py for tasks to queue
[2024-04-27T14:25:43.252+0000] {logging_mixin.py:151} INFO - [2024-04-27T14:25:43.252+0000] {dagbag.py:539} INFO - Filling up the DagBag from /home/airflow/.local/lib/python3.8/site-packages/airflow/example_dags/example_sensor_decorator.py
[2024-04-27T14:25:43.259+0000] {processor.py:839} INFO - DAG(s) dict_keys(['example_sensor_decorator']) retrieved from /home/airflow/.local/lib/python3.8/site-packages/airflow/example_dags/example_sensor_decorator.py
[2024-04-27T14:25:43.287+0000] {logging_mixin.py:151} INFO - [2024-04-27T14:25:43.287+0000] {dag.py:2907} INFO - Sync 1 DAGs
[2024-04-27T14:25:43.309+0000] {logging_mixin.py:151} INFO - [2024-04-27T14:25:43.309+0000] {dag.py:3677} INFO - Setting next_dagrun for example_sensor_decorator to None, run_after=None
[2024-04-27T14:25:43.333+0000] {processor.py:179} INFO - Processing /home/airflow/.local/lib/python3.8/site-packages/airflow/example_dags/example_sensor_decorator.py took 0.088 seconds
