[2024-04-27T13:44:20.674+0000] {processor.py:153} INFO - Started process (PID=72) to work on /home/airflow/.local/lib/python3.7/site-packages/airflow/example_dags/example_skip_dag.py
[2024-04-27T13:44:20.702+0000] {processor.py:743} INFO - Processing file /home/airflow/.local/lib/python3.7/site-packages/airflow/example_dags/example_skip_dag.py for tasks to queue
[2024-04-27T13:44:20.704+0000] {logging_mixin.py:137} INFO - [2024-04-27T13:44:20.703+0000] {dagbag.py:538} INFO - Filling up the DagBag from /home/airflow/.local/lib/python3.7/site-packages/airflow/example_dags/example_skip_dag.py
[2024-04-27T13:44:20.779+0000] {processor.py:753} INFO - DAG(s) dict_keys(['example_skip_dag']) retrieved from /home/airflow/.local/lib/python3.7/site-packages/airflow/example_dags/example_skip_dag.py
[2024-04-27T13:44:20.921+0000] {logging_mixin.py:137} INFO - [2024-04-27T13:44:20.921+0000] {dag.py:2690} INFO - Sync 1 DAGs
[2024-04-27T13:44:21.136+0000] {logging_mixin.py:137} INFO - [2024-04-27T13:44:21.135+0000] {dag.py:3441} INFO - Setting next_dagrun for example_skip_dag to 2024-04-26T13:44:21.135436+00:00, run_after=2024-04-27T13:44:21.135436+00:00
[2024-04-27T13:44:21.190+0000] {processor.py:175} INFO - Processing /home/airflow/.local/lib/python3.7/site-packages/airflow/example_dags/example_skip_dag.py took 0.521 seconds
[2024-04-27T13:44:51.482+0000] {processor.py:153} INFO - Started process (PID=135) to work on /home/airflow/.local/lib/python3.7/site-packages/airflow/example_dags/example_skip_dag.py
[2024-04-27T13:44:51.483+0000] {processor.py:743} INFO - Processing file /home/airflow/.local/lib/python3.7/site-packages/airflow/example_dags/example_skip_dag.py for tasks to queue
[2024-04-27T13:44:51.485+0000] {logging_mixin.py:137} INFO - [2024-04-27T13:44:51.485+0000] {dagbag.py:538} INFO - Filling up the DagBag from /home/airflow/.local/lib/python3.7/site-packages/airflow/example_dags/example_skip_dag.py
[2024-04-27T13:44:51.546+0000] {processor.py:753} INFO - DAG(s) dict_keys(['example_skip_dag']) retrieved from /home/airflow/.local/lib/python3.7/site-packages/airflow/example_dags/example_skip_dag.py
[2024-04-27T13:44:51.615+0000] {logging_mixin.py:137} INFO - [2024-04-27T13:44:51.615+0000] {dag.py:2690} INFO - Sync 1 DAGs
[2024-04-27T13:44:51.668+0000] {logging_mixin.py:137} INFO - [2024-04-27T13:44:51.668+0000] {dag.py:3441} INFO - Setting next_dagrun for example_skip_dag to 2024-04-26T13:44:51.668002+00:00, run_after=2024-04-27T13:44:51.668002+00:00
[2024-04-27T13:44:51.704+0000] {processor.py:175} INFO - Processing /home/airflow/.local/lib/python3.7/site-packages/airflow/example_dags/example_skip_dag.py took 0.231 seconds
[2024-04-27T13:45:22.320+0000] {processor.py:153} INFO - Started process (PID=206) to work on /home/airflow/.local/lib/python3.7/site-packages/airflow/example_dags/example_skip_dag.py
[2024-04-27T13:45:22.321+0000] {processor.py:743} INFO - Processing file /home/airflow/.local/lib/python3.7/site-packages/airflow/example_dags/example_skip_dag.py for tasks to queue
[2024-04-27T13:45:22.322+0000] {logging_mixin.py:137} INFO - [2024-04-27T13:45:22.321+0000] {dagbag.py:538} INFO - Filling up the DagBag from /home/airflow/.local/lib/python3.7/site-packages/airflow/example_dags/example_skip_dag.py
[2024-04-27T13:45:22.347+0000] {processor.py:753} INFO - DAG(s) dict_keys(['example_skip_dag']) retrieved from /home/airflow/.local/lib/python3.7/site-packages/airflow/example_dags/example_skip_dag.py
[2024-04-27T13:45:22.391+0000] {logging_mixin.py:137} INFO - [2024-04-27T13:45:22.390+0000] {dag.py:2690} INFO - Sync 1 DAGs
[2024-04-27T13:45:22.461+0000] {logging_mixin.py:137} INFO - [2024-04-27T13:45:22.461+0000] {dag.py:3441} INFO - Setting next_dagrun for example_skip_dag to 2024-04-26T13:45:22.460691+00:00, run_after=2024-04-27T13:45:22.460691+00:00
[2024-04-27T13:45:22.501+0000] {processor.py:175} INFO - Processing /home/airflow/.local/lib/python3.7/site-packages/airflow/example_dags/example_skip_dag.py took 0.187 seconds
[2024-04-27T13:45:52.732+0000] {processor.py:153} INFO - Started process (PID=273) to work on /home/airflow/.local/lib/python3.7/site-packages/airflow/example_dags/example_skip_dag.py
[2024-04-27T13:45:52.733+0000] {processor.py:743} INFO - Processing file /home/airflow/.local/lib/python3.7/site-packages/airflow/example_dags/example_skip_dag.py for tasks to queue
[2024-04-27T13:45:52.733+0000] {logging_mixin.py:137} INFO - [2024-04-27T13:45:52.733+0000] {dagbag.py:538} INFO - Filling up the DagBag from /home/airflow/.local/lib/python3.7/site-packages/airflow/example_dags/example_skip_dag.py
[2024-04-27T13:45:52.754+0000] {processor.py:753} INFO - DAG(s) dict_keys(['example_skip_dag']) retrieved from /home/airflow/.local/lib/python3.7/site-packages/airflow/example_dags/example_skip_dag.py
[2024-04-27T13:45:52.792+0000] {logging_mixin.py:137} INFO - [2024-04-27T13:45:52.792+0000] {dag.py:2690} INFO - Sync 1 DAGs
[2024-04-27T13:45:52.832+0000] {logging_mixin.py:137} INFO - [2024-04-27T13:45:52.831+0000] {dag.py:3441} INFO - Setting next_dagrun for example_skip_dag to 2024-04-26T13:45:52.831718+00:00, run_after=2024-04-27T13:45:52.831718+00:00
[2024-04-27T13:45:52.855+0000] {processor.py:175} INFO - Processing /home/airflow/.local/lib/python3.7/site-packages/airflow/example_dags/example_skip_dag.py took 0.128 seconds
[2024-04-27T13:46:23.112+0000] {processor.py:153} INFO - Started process (PID=337) to work on /home/airflow/.local/lib/python3.7/site-packages/airflow/example_dags/example_skip_dag.py
[2024-04-27T13:46:23.113+0000] {processor.py:743} INFO - Processing file /home/airflow/.local/lib/python3.7/site-packages/airflow/example_dags/example_skip_dag.py for tasks to queue
[2024-04-27T13:46:23.114+0000] {logging_mixin.py:137} INFO - [2024-04-27T13:46:23.114+0000] {dagbag.py:538} INFO - Filling up the DagBag from /home/airflow/.local/lib/python3.7/site-packages/airflow/example_dags/example_skip_dag.py
[2024-04-27T13:46:23.135+0000] {processor.py:753} INFO - DAG(s) dict_keys(['example_skip_dag']) retrieved from /home/airflow/.local/lib/python3.7/site-packages/airflow/example_dags/example_skip_dag.py
[2024-04-27T13:46:23.185+0000] {logging_mixin.py:137} INFO - [2024-04-27T13:46:23.184+0000] {dag.py:2690} INFO - Sync 1 DAGs
[2024-04-27T13:46:23.236+0000] {logging_mixin.py:137} INFO - [2024-04-27T13:46:23.236+0000] {dag.py:3441} INFO - Setting next_dagrun for example_skip_dag to 2024-04-26T13:46:23.235883+00:00, run_after=2024-04-27T13:46:23.235883+00:00
[2024-04-27T13:46:23.261+0000] {processor.py:175} INFO - Processing /home/airflow/.local/lib/python3.7/site-packages/airflow/example_dags/example_skip_dag.py took 0.152 seconds
[2024-04-27T13:46:53.422+0000] {processor.py:153} INFO - Started process (PID=400) to work on /home/airflow/.local/lib/python3.7/site-packages/airflow/example_dags/example_skip_dag.py
[2024-04-27T13:46:53.423+0000] {processor.py:743} INFO - Processing file /home/airflow/.local/lib/python3.7/site-packages/airflow/example_dags/example_skip_dag.py for tasks to queue
[2024-04-27T13:46:53.424+0000] {logging_mixin.py:137} INFO - [2024-04-27T13:46:53.424+0000] {dagbag.py:538} INFO - Filling up the DagBag from /home/airflow/.local/lib/python3.7/site-packages/airflow/example_dags/example_skip_dag.py
[2024-04-27T13:46:53.451+0000] {processor.py:753} INFO - DAG(s) dict_keys(['example_skip_dag']) retrieved from /home/airflow/.local/lib/python3.7/site-packages/airflow/example_dags/example_skip_dag.py
[2024-04-27T13:46:53.517+0000] {logging_mixin.py:137} INFO - [2024-04-27T13:46:53.517+0000] {dag.py:2690} INFO - Sync 1 DAGs
[2024-04-27T13:46:53.576+0000] {logging_mixin.py:137} INFO - [2024-04-27T13:46:53.575+0000] {dag.py:3441} INFO - Setting next_dagrun for example_skip_dag to 2024-04-26T13:46:53.575256+00:00, run_after=2024-04-27T13:46:53.575256+00:00
[2024-04-27T13:46:53.619+0000] {processor.py:175} INFO - Processing /home/airflow/.local/lib/python3.7/site-packages/airflow/example_dags/example_skip_dag.py took 0.203 seconds
[2024-04-27T13:47:24.074+0000] {processor.py:153} INFO - Started process (PID=465) to work on /home/airflow/.local/lib/python3.7/site-packages/airflow/example_dags/example_skip_dag.py
[2024-04-27T13:47:24.074+0000] {processor.py:743} INFO - Processing file /home/airflow/.local/lib/python3.7/site-packages/airflow/example_dags/example_skip_dag.py for tasks to queue
[2024-04-27T13:47:24.076+0000] {logging_mixin.py:137} INFO - [2024-04-27T13:47:24.076+0000] {dagbag.py:538} INFO - Filling up the DagBag from /home/airflow/.local/lib/python3.7/site-packages/airflow/example_dags/example_skip_dag.py
[2024-04-27T13:47:24.096+0000] {processor.py:753} INFO - DAG(s) dict_keys(['example_skip_dag']) retrieved from /home/airflow/.local/lib/python3.7/site-packages/airflow/example_dags/example_skip_dag.py
[2024-04-27T13:47:24.143+0000] {logging_mixin.py:137} INFO - [2024-04-27T13:47:24.143+0000] {dag.py:2690} INFO - Sync 1 DAGs
[2024-04-27T13:47:24.199+0000] {logging_mixin.py:137} INFO - [2024-04-27T13:47:24.199+0000] {dag.py:3441} INFO - Setting next_dagrun for example_skip_dag to 2024-04-26T13:47:24.198721+00:00, run_after=2024-04-27T13:47:24.198721+00:00
[2024-04-27T13:47:24.233+0000] {processor.py:175} INFO - Processing /home/airflow/.local/lib/python3.7/site-packages/airflow/example_dags/example_skip_dag.py took 0.163 seconds
[2024-04-27T13:47:54.856+0000] {processor.py:153} INFO - Started process (PID=541) to work on /home/airflow/.local/lib/python3.7/site-packages/airflow/example_dags/example_skip_dag.py
[2024-04-27T13:47:54.857+0000] {processor.py:743} INFO - Processing file /home/airflow/.local/lib/python3.7/site-packages/airflow/example_dags/example_skip_dag.py for tasks to queue
[2024-04-27T13:47:54.859+0000] {logging_mixin.py:137} INFO - [2024-04-27T13:47:54.858+0000] {dagbag.py:538} INFO - Filling up the DagBag from /home/airflow/.local/lib/python3.7/site-packages/airflow/example_dags/example_skip_dag.py
[2024-04-27T13:47:54.883+0000] {processor.py:753} INFO - DAG(s) dict_keys(['example_skip_dag']) retrieved from /home/airflow/.local/lib/python3.7/site-packages/airflow/example_dags/example_skip_dag.py
[2024-04-27T13:47:54.958+0000] {logging_mixin.py:137} INFO - [2024-04-27T13:47:54.947+0000] {dag.py:2690} INFO - Sync 1 DAGs
[2024-04-27T13:47:55.018+0000] {logging_mixin.py:137} INFO - [2024-04-27T13:47:55.018+0000] {dag.py:3441} INFO - Setting next_dagrun for example_skip_dag to 2024-04-26T13:47:55.017811+00:00, run_after=2024-04-27T13:47:55.017811+00:00
[2024-04-27T13:47:55.052+0000] {processor.py:175} INFO - Processing /home/airflow/.local/lib/python3.7/site-packages/airflow/example_dags/example_skip_dag.py took 0.201 seconds
[2024-04-27T13:48:25.326+0000] {processor.py:153} INFO - Started process (PID=605) to work on /home/airflow/.local/lib/python3.7/site-packages/airflow/example_dags/example_skip_dag.py
[2024-04-27T13:48:25.327+0000] {processor.py:743} INFO - Processing file /home/airflow/.local/lib/python3.7/site-packages/airflow/example_dags/example_skip_dag.py for tasks to queue
[2024-04-27T13:48:25.328+0000] {logging_mixin.py:137} INFO - [2024-04-27T13:48:25.328+0000] {dagbag.py:538} INFO - Filling up the DagBag from /home/airflow/.local/lib/python3.7/site-packages/airflow/example_dags/example_skip_dag.py
[2024-04-27T13:48:25.357+0000] {processor.py:753} INFO - DAG(s) dict_keys(['example_skip_dag']) retrieved from /home/airflow/.local/lib/python3.7/site-packages/airflow/example_dags/example_skip_dag.py
[2024-04-27T13:48:25.403+0000] {logging_mixin.py:137} INFO - [2024-04-27T13:48:25.403+0000] {dag.py:2690} INFO - Sync 1 DAGs
[2024-04-27T13:48:25.468+0000] {logging_mixin.py:137} INFO - [2024-04-27T13:48:25.468+0000] {dag.py:3441} INFO - Setting next_dagrun for example_skip_dag to 2024-04-26T13:48:25.467730+00:00, run_after=2024-04-27T13:48:25.467730+00:00
[2024-04-27T13:48:25.506+0000] {processor.py:175} INFO - Processing /home/airflow/.local/lib/python3.7/site-packages/airflow/example_dags/example_skip_dag.py took 0.186 seconds
[2024-04-27T13:48:55.832+0000] {processor.py:153} INFO - Started process (PID=670) to work on /home/airflow/.local/lib/python3.7/site-packages/airflow/example_dags/example_skip_dag.py
[2024-04-27T13:48:55.833+0000] {processor.py:743} INFO - Processing file /home/airflow/.local/lib/python3.7/site-packages/airflow/example_dags/example_skip_dag.py for tasks to queue
[2024-04-27T13:48:55.834+0000] {logging_mixin.py:137} INFO - [2024-04-27T13:48:55.834+0000] {dagbag.py:538} INFO - Filling up the DagBag from /home/airflow/.local/lib/python3.7/site-packages/airflow/example_dags/example_skip_dag.py
[2024-04-27T13:48:55.852+0000] {processor.py:753} INFO - DAG(s) dict_keys(['example_skip_dag']) retrieved from /home/airflow/.local/lib/python3.7/site-packages/airflow/example_dags/example_skip_dag.py
[2024-04-27T13:48:55.886+0000] {logging_mixin.py:137} INFO - [2024-04-27T13:48:55.886+0000] {dag.py:2690} INFO - Sync 1 DAGs
[2024-04-27T13:48:55.927+0000] {logging_mixin.py:137} INFO - [2024-04-27T13:48:55.927+0000] {dag.py:3441} INFO - Setting next_dagrun for example_skip_dag to 2024-04-26T13:48:55.927021+00:00, run_after=2024-04-27T13:48:55.927021+00:00
[2024-04-27T13:48:55.953+0000] {processor.py:175} INFO - Processing /home/airflow/.local/lib/python3.7/site-packages/airflow/example_dags/example_skip_dag.py took 0.125 seconds
[2024-04-27T13:49:26.726+0000] {processor.py:153} INFO - Started process (PID=734) to work on /home/airflow/.local/lib/python3.7/site-packages/airflow/example_dags/example_skip_dag.py
[2024-04-27T13:49:26.727+0000] {processor.py:743} INFO - Processing file /home/airflow/.local/lib/python3.7/site-packages/airflow/example_dags/example_skip_dag.py for tasks to queue
[2024-04-27T13:49:26.728+0000] {logging_mixin.py:137} INFO - [2024-04-27T13:49:26.728+0000] {dagbag.py:538} INFO - Filling up the DagBag from /home/airflow/.local/lib/python3.7/site-packages/airflow/example_dags/example_skip_dag.py
[2024-04-27T13:49:26.769+0000] {processor.py:753} INFO - DAG(s) dict_keys(['example_skip_dag']) retrieved from /home/airflow/.local/lib/python3.7/site-packages/airflow/example_dags/example_skip_dag.py
[2024-04-27T13:49:26.815+0000] {logging_mixin.py:137} INFO - [2024-04-27T13:49:26.815+0000] {dag.py:2690} INFO - Sync 1 DAGs
[2024-04-27T13:49:26.859+0000] {logging_mixin.py:137} INFO - [2024-04-27T13:49:26.859+0000] {dag.py:3441} INFO - Setting next_dagrun for example_skip_dag to 2024-04-26T13:49:26.859011+00:00, run_after=2024-04-27T13:49:26.859011+00:00
[2024-04-27T13:49:26.885+0000] {processor.py:175} INFO - Processing /home/airflow/.local/lib/python3.7/site-packages/airflow/example_dags/example_skip_dag.py took 0.165 seconds
[2024-04-27T13:49:57.343+0000] {processor.py:153} INFO - Started process (PID=804) to work on /home/airflow/.local/lib/python3.7/site-packages/airflow/example_dags/example_skip_dag.py
[2024-04-27T13:49:57.344+0000] {processor.py:743} INFO - Processing file /home/airflow/.local/lib/python3.7/site-packages/airflow/example_dags/example_skip_dag.py for tasks to queue
[2024-04-27T13:49:57.352+0000] {logging_mixin.py:137} INFO - [2024-04-27T13:49:57.352+0000] {dagbag.py:538} INFO - Filling up the DagBag from /home/airflow/.local/lib/python3.7/site-packages/airflow/example_dags/example_skip_dag.py
[2024-04-27T13:49:57.392+0000] {processor.py:753} INFO - DAG(s) dict_keys(['example_skip_dag']) retrieved from /home/airflow/.local/lib/python3.7/site-packages/airflow/example_dags/example_skip_dag.py
[2024-04-27T13:49:57.440+0000] {logging_mixin.py:137} INFO - [2024-04-27T13:49:57.440+0000] {dag.py:2690} INFO - Sync 1 DAGs
[2024-04-27T13:49:57.494+0000] {logging_mixin.py:137} INFO - [2024-04-27T13:49:57.494+0000] {dag.py:3441} INFO - Setting next_dagrun for example_skip_dag to 2024-04-26T13:49:57.493673+00:00, run_after=2024-04-27T13:49:57.493673+00:00
[2024-04-27T13:49:57.534+0000] {processor.py:175} INFO - Processing /home/airflow/.local/lib/python3.7/site-packages/airflow/example_dags/example_skip_dag.py took 0.201 seconds
[2024-04-27T13:50:27.769+0000] {processor.py:153} INFO - Started process (PID=872) to work on /home/airflow/.local/lib/python3.7/site-packages/airflow/example_dags/example_skip_dag.py
[2024-04-27T13:50:27.770+0000] {processor.py:743} INFO - Processing file /home/airflow/.local/lib/python3.7/site-packages/airflow/example_dags/example_skip_dag.py for tasks to queue
[2024-04-27T13:50:27.771+0000] {logging_mixin.py:137} INFO - [2024-04-27T13:50:27.771+0000] {dagbag.py:538} INFO - Filling up the DagBag from /home/airflow/.local/lib/python3.7/site-packages/airflow/example_dags/example_skip_dag.py
[2024-04-27T13:50:27.798+0000] {processor.py:753} INFO - DAG(s) dict_keys(['example_skip_dag']) retrieved from /home/airflow/.local/lib/python3.7/site-packages/airflow/example_dags/example_skip_dag.py
[2024-04-27T13:50:27.844+0000] {logging_mixin.py:137} INFO - [2024-04-27T13:50:27.844+0000] {dag.py:2690} INFO - Sync 1 DAGs
[2024-04-27T13:50:27.898+0000] {logging_mixin.py:137} INFO - [2024-04-27T13:50:27.898+0000] {dag.py:3441} INFO - Setting next_dagrun for example_skip_dag to 2024-04-26T13:50:27.897969+00:00, run_after=2024-04-27T13:50:27.897969+00:00
[2024-04-27T13:50:27.933+0000] {processor.py:175} INFO - Processing /home/airflow/.local/lib/python3.7/site-packages/airflow/example_dags/example_skip_dag.py took 0.170 seconds
[2024-04-27T13:50:58.570+0000] {processor.py:153} INFO - Started process (PID=935) to work on /home/airflow/.local/lib/python3.7/site-packages/airflow/example_dags/example_skip_dag.py
[2024-04-27T13:50:58.571+0000] {processor.py:743} INFO - Processing file /home/airflow/.local/lib/python3.7/site-packages/airflow/example_dags/example_skip_dag.py for tasks to queue
[2024-04-27T13:50:58.572+0000] {logging_mixin.py:137} INFO - [2024-04-27T13:50:58.572+0000] {dagbag.py:538} INFO - Filling up the DagBag from /home/airflow/.local/lib/python3.7/site-packages/airflow/example_dags/example_skip_dag.py
[2024-04-27T13:50:58.594+0000] {processor.py:753} INFO - DAG(s) dict_keys(['example_skip_dag']) retrieved from /home/airflow/.local/lib/python3.7/site-packages/airflow/example_dags/example_skip_dag.py
[2024-04-27T13:50:58.635+0000] {logging_mixin.py:137} INFO - [2024-04-27T13:50:58.634+0000] {dag.py:2690} INFO - Sync 1 DAGs
[2024-04-27T13:50:58.675+0000] {logging_mixin.py:137} INFO - [2024-04-27T13:50:58.675+0000] {dag.py:3441} INFO - Setting next_dagrun for example_skip_dag to 2024-04-26T13:50:58.675252+00:00, run_after=2024-04-27T13:50:58.675252+00:00
[2024-04-27T13:50:58.703+0000] {processor.py:175} INFO - Processing /home/airflow/.local/lib/python3.7/site-packages/airflow/example_dags/example_skip_dag.py took 0.137 seconds
[2024-04-27T13:51:29.493+0000] {processor.py:153} INFO - Started process (PID=998) to work on /home/airflow/.local/lib/python3.7/site-packages/airflow/example_dags/example_skip_dag.py
[2024-04-27T13:51:29.495+0000] {processor.py:743} INFO - Processing file /home/airflow/.local/lib/python3.7/site-packages/airflow/example_dags/example_skip_dag.py for tasks to queue
[2024-04-27T13:51:29.496+0000] {logging_mixin.py:137} INFO - [2024-04-27T13:51:29.495+0000] {dagbag.py:538} INFO - Filling up the DagBag from /home/airflow/.local/lib/python3.7/site-packages/airflow/example_dags/example_skip_dag.py
[2024-04-27T13:51:29.520+0000] {processor.py:753} INFO - DAG(s) dict_keys(['example_skip_dag']) retrieved from /home/airflow/.local/lib/python3.7/site-packages/airflow/example_dags/example_skip_dag.py
[2024-04-27T13:51:29.557+0000] {logging_mixin.py:137} INFO - [2024-04-27T13:51:29.557+0000] {dag.py:2690} INFO - Sync 1 DAGs
[2024-04-27T13:51:29.592+0000] {logging_mixin.py:137} INFO - [2024-04-27T13:51:29.592+0000] {dag.py:3441} INFO - Setting next_dagrun for example_skip_dag to 2024-04-26T13:51:29.591998+00:00, run_after=2024-04-27T13:51:29.591998+00:00
[2024-04-27T13:51:29.628+0000] {processor.py:175} INFO - Processing /home/airflow/.local/lib/python3.7/site-packages/airflow/example_dags/example_skip_dag.py took 0.139 seconds
[2024-04-27T13:51:59.853+0000] {processor.py:153} INFO - Started process (PID=1067) to work on /home/airflow/.local/lib/python3.7/site-packages/airflow/example_dags/example_skip_dag.py
[2024-04-27T13:51:59.854+0000] {processor.py:743} INFO - Processing file /home/airflow/.local/lib/python3.7/site-packages/airflow/example_dags/example_skip_dag.py for tasks to queue
[2024-04-27T13:51:59.855+0000] {logging_mixin.py:137} INFO - [2024-04-27T13:51:59.854+0000] {dagbag.py:538} INFO - Filling up the DagBag from /home/airflow/.local/lib/python3.7/site-packages/airflow/example_dags/example_skip_dag.py
[2024-04-27T13:51:59.880+0000] {processor.py:753} INFO - DAG(s) dict_keys(['example_skip_dag']) retrieved from /home/airflow/.local/lib/python3.7/site-packages/airflow/example_dags/example_skip_dag.py
[2024-04-27T13:51:59.918+0000] {logging_mixin.py:137} INFO - [2024-04-27T13:51:59.918+0000] {dag.py:2690} INFO - Sync 1 DAGs
[2024-04-27T13:51:59.951+0000] {logging_mixin.py:137} INFO - [2024-04-27T13:51:59.951+0000] {dag.py:3441} INFO - Setting next_dagrun for example_skip_dag to 2024-04-26T13:51:59.951466+00:00, run_after=2024-04-27T13:51:59.951466+00:00
[2024-04-27T13:51:59.985+0000] {processor.py:175} INFO - Processing /home/airflow/.local/lib/python3.7/site-packages/airflow/example_dags/example_skip_dag.py took 0.137 seconds
[2024-04-27T13:52:30.541+0000] {processor.py:153} INFO - Started process (PID=1136) to work on /home/airflow/.local/lib/python3.7/site-packages/airflow/example_dags/example_skip_dag.py
[2024-04-27T13:52:30.542+0000] {processor.py:743} INFO - Processing file /home/airflow/.local/lib/python3.7/site-packages/airflow/example_dags/example_skip_dag.py for tasks to queue
[2024-04-27T13:52:30.543+0000] {logging_mixin.py:137} INFO - [2024-04-27T13:52:30.543+0000] {dagbag.py:538} INFO - Filling up the DagBag from /home/airflow/.local/lib/python3.7/site-packages/airflow/example_dags/example_skip_dag.py
[2024-04-27T13:52:30.561+0000] {processor.py:753} INFO - DAG(s) dict_keys(['example_skip_dag']) retrieved from /home/airflow/.local/lib/python3.7/site-packages/airflow/example_dags/example_skip_dag.py
[2024-04-27T13:52:30.598+0000] {logging_mixin.py:137} INFO - [2024-04-27T13:52:30.597+0000] {dag.py:2690} INFO - Sync 1 DAGs
[2024-04-27T13:52:30.636+0000] {logging_mixin.py:137} INFO - [2024-04-27T13:52:30.636+0000] {dag.py:3441} INFO - Setting next_dagrun for example_skip_dag to 2024-04-26T13:52:30.635796+00:00, run_after=2024-04-27T13:52:30.635796+00:00
[2024-04-27T13:52:30.673+0000] {processor.py:175} INFO - Processing /home/airflow/.local/lib/python3.7/site-packages/airflow/example_dags/example_skip_dag.py took 0.136 seconds
[2024-04-27T13:53:01.310+0000] {processor.py:153} INFO - Started process (PID=1200) to work on /home/airflow/.local/lib/python3.7/site-packages/airflow/example_dags/example_skip_dag.py
[2024-04-27T13:53:01.311+0000] {processor.py:743} INFO - Processing file /home/airflow/.local/lib/python3.7/site-packages/airflow/example_dags/example_skip_dag.py for tasks to queue
[2024-04-27T13:53:01.312+0000] {logging_mixin.py:137} INFO - [2024-04-27T13:53:01.312+0000] {dagbag.py:538} INFO - Filling up the DagBag from /home/airflow/.local/lib/python3.7/site-packages/airflow/example_dags/example_skip_dag.py
[2024-04-27T13:53:01.330+0000] {processor.py:753} INFO - DAG(s) dict_keys(['example_skip_dag']) retrieved from /home/airflow/.local/lib/python3.7/site-packages/airflow/example_dags/example_skip_dag.py
[2024-04-27T13:53:01.362+0000] {logging_mixin.py:137} INFO - [2024-04-27T13:53:01.362+0000] {dag.py:2690} INFO - Sync 1 DAGs
[2024-04-27T13:53:01.399+0000] {logging_mixin.py:137} INFO - [2024-04-27T13:53:01.399+0000] {dag.py:3441} INFO - Setting next_dagrun for example_skip_dag to 2024-04-26T13:53:01.399056+00:00, run_after=2024-04-27T13:53:01.399056+00:00
[2024-04-27T13:53:01.427+0000] {processor.py:175} INFO - Processing /home/airflow/.local/lib/python3.7/site-packages/airflow/example_dags/example_skip_dag.py took 0.121 seconds
[2024-04-27T13:53:32.738+0000] {processor.py:153} INFO - Started process (PID=1263) to work on /home/airflow/.local/lib/python3.7/site-packages/airflow/example_dags/example_skip_dag.py
[2024-04-27T13:53:32.739+0000] {processor.py:743} INFO - Processing file /home/airflow/.local/lib/python3.7/site-packages/airflow/example_dags/example_skip_dag.py for tasks to queue
[2024-04-27T13:53:32.740+0000] {logging_mixin.py:137} INFO - [2024-04-27T13:53:32.740+0000] {dagbag.py:538} INFO - Filling up the DagBag from /home/airflow/.local/lib/python3.7/site-packages/airflow/example_dags/example_skip_dag.py
[2024-04-27T13:53:32.766+0000] {processor.py:753} INFO - DAG(s) dict_keys(['example_skip_dag']) retrieved from /home/airflow/.local/lib/python3.7/site-packages/airflow/example_dags/example_skip_dag.py
[2024-04-27T13:53:32.844+0000] {logging_mixin.py:137} INFO - [2024-04-27T13:53:32.844+0000] {dag.py:2690} INFO - Sync 1 DAGs
[2024-04-27T13:53:32.898+0000] {logging_mixin.py:137} INFO - [2024-04-27T13:53:32.898+0000] {dag.py:3441} INFO - Setting next_dagrun for example_skip_dag to 2024-04-26T13:53:32.897957+00:00, run_after=2024-04-27T13:53:32.897957+00:00
[2024-04-27T13:53:32.942+0000] {processor.py:175} INFO - Processing /home/airflow/.local/lib/python3.7/site-packages/airflow/example_dags/example_skip_dag.py took 0.209 seconds
[2024-04-27T14:03:21.613+0000] {processor.py:157} INFO - Started process (PID=77) to work on /home/airflow/.local/lib/python3.8/site-packages/airflow/example_dags/example_skip_dag.py
[2024-04-27T14:03:21.615+0000] {processor.py:829} INFO - Processing file /home/airflow/.local/lib/python3.8/site-packages/airflow/example_dags/example_skip_dag.py for tasks to queue
[2024-04-27T14:03:21.619+0000] {logging_mixin.py:151} INFO - [2024-04-27T14:03:21.619+0000] {dagbag.py:539} INFO - Filling up the DagBag from /home/airflow/.local/lib/python3.8/site-packages/airflow/example_dags/example_skip_dag.py
[2024-04-27T14:03:21.642+0000] {processor.py:839} INFO - DAG(s) dict_keys(['example_skip_dag']) retrieved from /home/airflow/.local/lib/python3.8/site-packages/airflow/example_dags/example_skip_dag.py
[2024-04-27T14:03:22.046+0000] {logging_mixin.py:151} INFO - [2024-04-27T14:03:22.046+0000] {manager.py:501} INFO - Created Permission View: can read on DAG:example_skip_dag
[2024-04-27T14:03:22.065+0000] {logging_mixin.py:151} INFO - [2024-04-27T14:03:22.064+0000] {manager.py:501} INFO - Created Permission View: can edit on DAG:example_skip_dag
[2024-04-27T14:03:22.081+0000] {logging_mixin.py:151} INFO - [2024-04-27T14:03:22.081+0000] {manager.py:501} INFO - Created Permission View: can delete on DAG:example_skip_dag
[2024-04-27T14:03:22.133+0000] {logging_mixin.py:151} INFO - [2024-04-27T14:03:22.133+0000] {dag.py:2907} INFO - Sync 1 DAGs
[2024-04-27T14:03:22.179+0000] {logging_mixin.py:151} INFO - [2024-04-27T14:03:22.178+0000] {dag.py:2929} INFO - Creating ORM DAG for example_skip_dag
[2024-04-27T14:03:22.232+0000] {logging_mixin.py:151} INFO - [2024-04-27T14:03:22.232+0000] {dag.py:3677} INFO - Setting next_dagrun for example_skip_dag to 2024-04-26T14:03:22.232115+00:00, run_after=2024-04-27T14:03:22.232115+00:00
[2024-04-27T14:03:22.273+0000] {processor.py:179} INFO - Processing /home/airflow/.local/lib/python3.8/site-packages/airflow/example_dags/example_skip_dag.py took 0.666 seconds
[2024-04-27T14:03:52.589+0000] {processor.py:157} INFO - Started process (PID=140) to work on /home/airflow/.local/lib/python3.8/site-packages/airflow/example_dags/example_skip_dag.py
[2024-04-27T14:03:52.590+0000] {processor.py:829} INFO - Processing file /home/airflow/.local/lib/python3.8/site-packages/airflow/example_dags/example_skip_dag.py for tasks to queue
[2024-04-27T14:03:52.594+0000] {logging_mixin.py:151} INFO - [2024-04-27T14:03:52.593+0000] {dagbag.py:539} INFO - Filling up the DagBag from /home/airflow/.local/lib/python3.8/site-packages/airflow/example_dags/example_skip_dag.py
[2024-04-27T14:03:52.602+0000] {processor.py:839} INFO - DAG(s) dict_keys(['example_skip_dag']) retrieved from /home/airflow/.local/lib/python3.8/site-packages/airflow/example_dags/example_skip_dag.py
[2024-04-27T14:03:52.634+0000] {logging_mixin.py:151} INFO - [2024-04-27T14:03:52.634+0000] {dag.py:2907} INFO - Sync 1 DAGs
[2024-04-27T14:03:52.671+0000] {logging_mixin.py:151} INFO - [2024-04-27T14:03:52.671+0000] {dag.py:3677} INFO - Setting next_dagrun for example_skip_dag to 2024-04-26T14:03:52.670993+00:00, run_after=2024-04-27T14:03:52.670993+00:00
[2024-04-27T14:03:52.697+0000] {processor.py:179} INFO - Processing /home/airflow/.local/lib/python3.8/site-packages/airflow/example_dags/example_skip_dag.py took 0.112 seconds
[2024-04-27T14:04:22.983+0000] {processor.py:157} INFO - Started process (PID=210) to work on /home/airflow/.local/lib/python3.8/site-packages/airflow/example_dags/example_skip_dag.py
[2024-04-27T14:04:22.985+0000] {processor.py:829} INFO - Processing file /home/airflow/.local/lib/python3.8/site-packages/airflow/example_dags/example_skip_dag.py for tasks to queue
[2024-04-27T14:04:22.991+0000] {logging_mixin.py:151} INFO - [2024-04-27T14:04:22.990+0000] {dagbag.py:539} INFO - Filling up the DagBag from /home/airflow/.local/lib/python3.8/site-packages/airflow/example_dags/example_skip_dag.py
[2024-04-27T14:04:23.009+0000] {processor.py:839} INFO - DAG(s) dict_keys(['example_skip_dag']) retrieved from /home/airflow/.local/lib/python3.8/site-packages/airflow/example_dags/example_skip_dag.py
[2024-04-27T14:04:23.045+0000] {logging_mixin.py:151} INFO - [2024-04-27T14:04:23.045+0000] {dag.py:2907} INFO - Sync 1 DAGs
[2024-04-27T14:04:23.076+0000] {logging_mixin.py:151} INFO - [2024-04-27T14:04:23.076+0000] {dag.py:3677} INFO - Setting next_dagrun for example_skip_dag to 2024-04-26T14:04:23.076066+00:00, run_after=2024-04-27T14:04:23.076066+00:00
[2024-04-27T14:04:23.103+0000] {processor.py:179} INFO - Processing /home/airflow/.local/lib/python3.8/site-packages/airflow/example_dags/example_skip_dag.py took 0.126 seconds
[2024-04-27T14:04:53.156+0000] {processor.py:157} INFO - Started process (PID=274) to work on /home/airflow/.local/lib/python3.8/site-packages/airflow/example_dags/example_skip_dag.py
[2024-04-27T14:04:53.157+0000] {processor.py:829} INFO - Processing file /home/airflow/.local/lib/python3.8/site-packages/airflow/example_dags/example_skip_dag.py for tasks to queue
[2024-04-27T14:04:53.159+0000] {logging_mixin.py:151} INFO - [2024-04-27T14:04:53.159+0000] {dagbag.py:539} INFO - Filling up the DagBag from /home/airflow/.local/lib/python3.8/site-packages/airflow/example_dags/example_skip_dag.py
[2024-04-27T14:04:53.167+0000] {processor.py:839} INFO - DAG(s) dict_keys(['example_skip_dag']) retrieved from /home/airflow/.local/lib/python3.8/site-packages/airflow/example_dags/example_skip_dag.py
[2024-04-27T14:04:53.195+0000] {logging_mixin.py:151} INFO - [2024-04-27T14:04:53.195+0000] {dag.py:2907} INFO - Sync 1 DAGs
[2024-04-27T14:04:53.224+0000] {logging_mixin.py:151} INFO - [2024-04-27T14:04:53.224+0000] {dag.py:3677} INFO - Setting next_dagrun for example_skip_dag to 2024-04-26T14:04:53.224281+00:00, run_after=2024-04-27T14:04:53.224281+00:00
[2024-04-27T14:04:53.249+0000] {processor.py:179} INFO - Processing /home/airflow/.local/lib/python3.8/site-packages/airflow/example_dags/example_skip_dag.py took 0.097 seconds
[2024-04-27T14:05:23.366+0000] {processor.py:157} INFO - Started process (PID=337) to work on /home/airflow/.local/lib/python3.8/site-packages/airflow/example_dags/example_skip_dag.py
[2024-04-27T14:05:23.368+0000] {processor.py:829} INFO - Processing file /home/airflow/.local/lib/python3.8/site-packages/airflow/example_dags/example_skip_dag.py for tasks to queue
[2024-04-27T14:05:23.371+0000] {logging_mixin.py:151} INFO - [2024-04-27T14:05:23.371+0000] {dagbag.py:539} INFO - Filling up the DagBag from /home/airflow/.local/lib/python3.8/site-packages/airflow/example_dags/example_skip_dag.py
[2024-04-27T14:05:23.390+0000] {processor.py:839} INFO - DAG(s) dict_keys(['example_skip_dag']) retrieved from /home/airflow/.local/lib/python3.8/site-packages/airflow/example_dags/example_skip_dag.py
[2024-04-27T14:05:23.442+0000] {logging_mixin.py:151} INFO - [2024-04-27T14:05:23.442+0000] {dag.py:2907} INFO - Sync 1 DAGs
[2024-04-27T14:05:23.495+0000] {logging_mixin.py:151} INFO - [2024-04-27T14:05:23.494+0000] {dag.py:3677} INFO - Setting next_dagrun for example_skip_dag to 2024-04-26T14:05:23.494371+00:00, run_after=2024-04-27T14:05:23.494371+00:00
[2024-04-27T14:05:23.540+0000] {processor.py:179} INFO - Processing /home/airflow/.local/lib/python3.8/site-packages/airflow/example_dags/example_skip_dag.py took 0.180 seconds
[2024-04-27T14:05:53.602+0000] {processor.py:157} INFO - Started process (PID=401) to work on /home/airflow/.local/lib/python3.8/site-packages/airflow/example_dags/example_skip_dag.py
[2024-04-27T14:05:53.603+0000] {processor.py:829} INFO - Processing file /home/airflow/.local/lib/python3.8/site-packages/airflow/example_dags/example_skip_dag.py for tasks to queue
[2024-04-27T14:05:53.606+0000] {logging_mixin.py:151} INFO - [2024-04-27T14:05:53.605+0000] {dagbag.py:539} INFO - Filling up the DagBag from /home/airflow/.local/lib/python3.8/site-packages/airflow/example_dags/example_skip_dag.py
[2024-04-27T14:05:53.614+0000] {processor.py:839} INFO - DAG(s) dict_keys(['example_skip_dag']) retrieved from /home/airflow/.local/lib/python3.8/site-packages/airflow/example_dags/example_skip_dag.py
[2024-04-27T14:05:53.641+0000] {logging_mixin.py:151} INFO - [2024-04-27T14:05:53.641+0000] {dag.py:2907} INFO - Sync 1 DAGs
[2024-04-27T14:05:53.667+0000] {logging_mixin.py:151} INFO - [2024-04-27T14:05:53.667+0000] {dag.py:3677} INFO - Setting next_dagrun for example_skip_dag to 2024-04-26T14:05:53.666748+00:00, run_after=2024-04-27T14:05:53.666748+00:00
[2024-04-27T14:05:53.686+0000] {processor.py:179} INFO - Processing /home/airflow/.local/lib/python3.8/site-packages/airflow/example_dags/example_skip_dag.py took 0.089 seconds
[2024-04-27T14:06:24.377+0000] {processor.py:157} INFO - Started process (PID=471) to work on /home/airflow/.local/lib/python3.8/site-packages/airflow/example_dags/example_skip_dag.py
[2024-04-27T14:06:24.378+0000] {processor.py:829} INFO - Processing file /home/airflow/.local/lib/python3.8/site-packages/airflow/example_dags/example_skip_dag.py for tasks to queue
[2024-04-27T14:06:24.381+0000] {logging_mixin.py:151} INFO - [2024-04-27T14:06:24.381+0000] {dagbag.py:539} INFO - Filling up the DagBag from /home/airflow/.local/lib/python3.8/site-packages/airflow/example_dags/example_skip_dag.py
[2024-04-27T14:06:24.393+0000] {processor.py:839} INFO - DAG(s) dict_keys(['example_skip_dag']) retrieved from /home/airflow/.local/lib/python3.8/site-packages/airflow/example_dags/example_skip_dag.py
[2024-04-27T14:06:24.434+0000] {logging_mixin.py:151} INFO - [2024-04-27T14:06:24.434+0000] {dag.py:2907} INFO - Sync 1 DAGs
[2024-04-27T14:06:24.474+0000] {logging_mixin.py:151} INFO - [2024-04-27T14:06:24.474+0000] {dag.py:3677} INFO - Setting next_dagrun for example_skip_dag to 2024-04-26T14:06:24.474156+00:00, run_after=2024-04-27T14:06:24.474156+00:00
[2024-04-27T14:06:24.507+0000] {processor.py:179} INFO - Processing /home/airflow/.local/lib/python3.8/site-packages/airflow/example_dags/example_skip_dag.py took 0.135 seconds
[2024-04-27T14:06:54.619+0000] {processor.py:157} INFO - Started process (PID=536) to work on /home/airflow/.local/lib/python3.8/site-packages/airflow/example_dags/example_skip_dag.py
[2024-04-27T14:06:54.620+0000] {processor.py:829} INFO - Processing file /home/airflow/.local/lib/python3.8/site-packages/airflow/example_dags/example_skip_dag.py for tasks to queue
[2024-04-27T14:06:54.623+0000] {logging_mixin.py:151} INFO - [2024-04-27T14:06:54.622+0000] {dagbag.py:539} INFO - Filling up the DagBag from /home/airflow/.local/lib/python3.8/site-packages/airflow/example_dags/example_skip_dag.py
[2024-04-27T14:06:54.631+0000] {processor.py:839} INFO - DAG(s) dict_keys(['example_skip_dag']) retrieved from /home/airflow/.local/lib/python3.8/site-packages/airflow/example_dags/example_skip_dag.py
[2024-04-27T14:06:54.663+0000] {logging_mixin.py:151} INFO - [2024-04-27T14:06:54.663+0000] {dag.py:2907} INFO - Sync 1 DAGs
[2024-04-27T14:06:54.693+0000] {logging_mixin.py:151} INFO - [2024-04-27T14:06:54.692+0000] {dag.py:3677} INFO - Setting next_dagrun for example_skip_dag to 2024-04-26T14:06:54.692514+00:00, run_after=2024-04-27T14:06:54.692514+00:00
[2024-04-27T14:06:54.718+0000] {processor.py:179} INFO - Processing /home/airflow/.local/lib/python3.8/site-packages/airflow/example_dags/example_skip_dag.py took 0.103 seconds
[2024-04-27T14:07:25.479+0000] {processor.py:157} INFO - Started process (PID=601) to work on /home/airflow/.local/lib/python3.8/site-packages/airflow/example_dags/example_skip_dag.py
[2024-04-27T14:07:25.480+0000] {processor.py:829} INFO - Processing file /home/airflow/.local/lib/python3.8/site-packages/airflow/example_dags/example_skip_dag.py for tasks to queue
[2024-04-27T14:07:25.482+0000] {logging_mixin.py:151} INFO - [2024-04-27T14:07:25.482+0000] {dagbag.py:539} INFO - Filling up the DagBag from /home/airflow/.local/lib/python3.8/site-packages/airflow/example_dags/example_skip_dag.py
[2024-04-27T14:07:25.491+0000] {processor.py:839} INFO - DAG(s) dict_keys(['example_skip_dag']) retrieved from /home/airflow/.local/lib/python3.8/site-packages/airflow/example_dags/example_skip_dag.py
[2024-04-27T14:07:25.526+0000] {logging_mixin.py:151} INFO - [2024-04-27T14:07:25.525+0000] {dag.py:2907} INFO - Sync 1 DAGs
[2024-04-27T14:07:25.552+0000] {logging_mixin.py:151} INFO - [2024-04-27T14:07:25.552+0000] {dag.py:3677} INFO - Setting next_dagrun for example_skip_dag to 2024-04-26T14:07:25.551949+00:00, run_after=2024-04-27T14:07:25.551949+00:00
[2024-04-27T14:07:25.575+0000] {processor.py:179} INFO - Processing /home/airflow/.local/lib/python3.8/site-packages/airflow/example_dags/example_skip_dag.py took 0.101 seconds
[2024-04-27T14:11:50.000+0000] {processor.py:157} INFO - Started process (PID=76) to work on /home/airflow/.local/lib/python3.8/site-packages/airflow/example_dags/example_skip_dag.py
[2024-04-27T14:11:50.001+0000] {processor.py:829} INFO - Processing file /home/airflow/.local/lib/python3.8/site-packages/airflow/example_dags/example_skip_dag.py for tasks to queue
[2024-04-27T14:11:50.003+0000] {logging_mixin.py:151} INFO - [2024-04-27T14:11:50.003+0000] {dagbag.py:539} INFO - Filling up the DagBag from /home/airflow/.local/lib/python3.8/site-packages/airflow/example_dags/example_skip_dag.py
[2024-04-27T14:11:50.016+0000] {processor.py:839} INFO - DAG(s) dict_keys(['example_skip_dag']) retrieved from /home/airflow/.local/lib/python3.8/site-packages/airflow/example_dags/example_skip_dag.py
[2024-04-27T14:11:50.167+0000] {logging_mixin.py:151} INFO - [2024-04-27T14:11:50.167+0000] {dag.py:2907} INFO - Sync 1 DAGs
[2024-04-27T14:11:50.202+0000] {logging_mixin.py:151} INFO - [2024-04-27T14:11:50.202+0000] {dag.py:3677} INFO - Setting next_dagrun for example_skip_dag to 2024-04-26T14:11:50.201603+00:00, run_after=2024-04-27T14:11:50.201603+00:00
[2024-04-27T14:11:50.229+0000] {processor.py:179} INFO - Processing /home/airflow/.local/lib/python3.8/site-packages/airflow/example_dags/example_skip_dag.py took 0.234 seconds
[2024-04-27T14:12:20.617+0000] {processor.py:157} INFO - Started process (PID=139) to work on /home/airflow/.local/lib/python3.8/site-packages/airflow/example_dags/example_skip_dag.py
[2024-04-27T14:12:20.619+0000] {processor.py:829} INFO - Processing file /home/airflow/.local/lib/python3.8/site-packages/airflow/example_dags/example_skip_dag.py for tasks to queue
[2024-04-27T14:12:20.623+0000] {logging_mixin.py:151} INFO - [2024-04-27T14:12:20.622+0000] {dagbag.py:539} INFO - Filling up the DagBag from /home/airflow/.local/lib/python3.8/site-packages/airflow/example_dags/example_skip_dag.py
[2024-04-27T14:12:20.635+0000] {processor.py:839} INFO - DAG(s) dict_keys(['example_skip_dag']) retrieved from /home/airflow/.local/lib/python3.8/site-packages/airflow/example_dags/example_skip_dag.py
[2024-04-27T14:12:20.669+0000] {logging_mixin.py:151} INFO - [2024-04-27T14:12:20.668+0000] {dag.py:2907} INFO - Sync 1 DAGs
[2024-04-27T14:12:20.704+0000] {logging_mixin.py:151} INFO - [2024-04-27T14:12:20.704+0000] {dag.py:3677} INFO - Setting next_dagrun for example_skip_dag to 2024-04-26T14:12:20.703790+00:00, run_after=2024-04-27T14:12:20.703790+00:00
[2024-04-27T14:12:20.735+0000] {processor.py:179} INFO - Processing /home/airflow/.local/lib/python3.8/site-packages/airflow/example_dags/example_skip_dag.py took 0.123 seconds
[2024-04-27T14:12:51.704+0000] {processor.py:157} INFO - Started process (PID=202) to work on /home/airflow/.local/lib/python3.8/site-packages/airflow/example_dags/example_skip_dag.py
[2024-04-27T14:12:51.706+0000] {processor.py:829} INFO - Processing file /home/airflow/.local/lib/python3.8/site-packages/airflow/example_dags/example_skip_dag.py for tasks to queue
[2024-04-27T14:12:51.713+0000] {logging_mixin.py:151} INFO - [2024-04-27T14:12:51.713+0000] {dagbag.py:539} INFO - Filling up the DagBag from /home/airflow/.local/lib/python3.8/site-packages/airflow/example_dags/example_skip_dag.py
[2024-04-27T14:12:51.727+0000] {processor.py:839} INFO - DAG(s) dict_keys(['example_skip_dag']) retrieved from /home/airflow/.local/lib/python3.8/site-packages/airflow/example_dags/example_skip_dag.py
[2024-04-27T14:12:51.890+0000] {logging_mixin.py:151} INFO - [2024-04-27T14:12:51.889+0000] {dag.py:2907} INFO - Sync 1 DAGs
[2024-04-27T14:12:51.947+0000] {logging_mixin.py:151} INFO - [2024-04-27T14:12:51.947+0000] {dag.py:3677} INFO - Setting next_dagrun for example_skip_dag to 2024-04-26T14:12:51.946900+00:00, run_after=2024-04-27T14:12:51.946900+00:00
[2024-04-27T14:12:51.984+0000] {processor.py:179} INFO - Processing /home/airflow/.local/lib/python3.8/site-packages/airflow/example_dags/example_skip_dag.py took 0.297 seconds
[2024-04-27T14:13:22.467+0000] {processor.py:157} INFO - Started process (PID=271) to work on /home/airflow/.local/lib/python3.8/site-packages/airflow/example_dags/example_skip_dag.py
[2024-04-27T14:13:22.468+0000] {processor.py:829} INFO - Processing file /home/airflow/.local/lib/python3.8/site-packages/airflow/example_dags/example_skip_dag.py for tasks to queue
[2024-04-27T14:13:22.472+0000] {logging_mixin.py:151} INFO - [2024-04-27T14:13:22.472+0000] {dagbag.py:539} INFO - Filling up the DagBag from /home/airflow/.local/lib/python3.8/site-packages/airflow/example_dags/example_skip_dag.py
[2024-04-27T14:13:22.483+0000] {processor.py:839} INFO - DAG(s) dict_keys(['example_skip_dag']) retrieved from /home/airflow/.local/lib/python3.8/site-packages/airflow/example_dags/example_skip_dag.py
[2024-04-27T14:13:22.523+0000] {logging_mixin.py:151} INFO - [2024-04-27T14:13:22.523+0000] {dag.py:2907} INFO - Sync 1 DAGs
[2024-04-27T14:13:22.554+0000] {logging_mixin.py:151} INFO - [2024-04-27T14:13:22.553+0000] {dag.py:3677} INFO - Setting next_dagrun for example_skip_dag to 2024-04-26T14:13:22.553465+00:00, run_after=2024-04-27T14:13:22.553465+00:00
[2024-04-27T14:13:22.578+0000] {processor.py:179} INFO - Processing /home/airflow/.local/lib/python3.8/site-packages/airflow/example_dags/example_skip_dag.py took 0.117 seconds
[2024-04-27T14:13:53.364+0000] {processor.py:157} INFO - Started process (PID=334) to work on /home/airflow/.local/lib/python3.8/site-packages/airflow/example_dags/example_skip_dag.py
[2024-04-27T14:13:53.365+0000] {processor.py:829} INFO - Processing file /home/airflow/.local/lib/python3.8/site-packages/airflow/example_dags/example_skip_dag.py for tasks to queue
[2024-04-27T14:13:53.368+0000] {logging_mixin.py:151} INFO - [2024-04-27T14:13:53.368+0000] {dagbag.py:539} INFO - Filling up the DagBag from /home/airflow/.local/lib/python3.8/site-packages/airflow/example_dags/example_skip_dag.py
[2024-04-27T14:13:53.376+0000] {processor.py:839} INFO - DAG(s) dict_keys(['example_skip_dag']) retrieved from /home/airflow/.local/lib/python3.8/site-packages/airflow/example_dags/example_skip_dag.py
[2024-04-27T14:13:53.406+0000] {logging_mixin.py:151} INFO - [2024-04-27T14:13:53.405+0000] {dag.py:2907} INFO - Sync 1 DAGs
[2024-04-27T14:13:53.439+0000] {logging_mixin.py:151} INFO - [2024-04-27T14:13:53.439+0000] {dag.py:3677} INFO - Setting next_dagrun for example_skip_dag to 2024-04-26T14:13:53.438822+00:00, run_after=2024-04-27T14:13:53.438822+00:00
[2024-04-27T14:13:53.463+0000] {processor.py:179} INFO - Processing /home/airflow/.local/lib/python3.8/site-packages/airflow/example_dags/example_skip_dag.py took 0.103 seconds
[2024-04-27T14:14:23.949+0000] {processor.py:157} INFO - Started process (PID=398) to work on /home/airflow/.local/lib/python3.8/site-packages/airflow/example_dags/example_skip_dag.py
[2024-04-27T14:14:23.950+0000] {processor.py:829} INFO - Processing file /home/airflow/.local/lib/python3.8/site-packages/airflow/example_dags/example_skip_dag.py for tasks to queue
[2024-04-27T14:14:23.959+0000] {logging_mixin.py:151} INFO - [2024-04-27T14:14:23.958+0000] {dagbag.py:539} INFO - Filling up the DagBag from /home/airflow/.local/lib/python3.8/site-packages/airflow/example_dags/example_skip_dag.py
[2024-04-27T14:14:23.972+0000] {processor.py:839} INFO - DAG(s) dict_keys(['example_skip_dag']) retrieved from /home/airflow/.local/lib/python3.8/site-packages/airflow/example_dags/example_skip_dag.py
[2024-04-27T14:14:24.033+0000] {logging_mixin.py:151} INFO - [2024-04-27T14:14:24.033+0000] {dag.py:2907} INFO - Sync 1 DAGs
[2024-04-27T14:14:24.079+0000] {logging_mixin.py:151} INFO - [2024-04-27T14:14:24.078+0000] {dag.py:3677} INFO - Setting next_dagrun for example_skip_dag to 2024-04-26T14:14:24.078658+00:00, run_after=2024-04-27T14:14:24.078658+00:00
[2024-04-27T14:14:24.107+0000] {processor.py:179} INFO - Processing /home/airflow/.local/lib/python3.8/site-packages/airflow/example_dags/example_skip_dag.py took 0.163 seconds
[2024-04-27T14:14:55.127+0000] {processor.py:157} INFO - Started process (PID=470) to work on /home/airflow/.local/lib/python3.8/site-packages/airflow/example_dags/example_skip_dag.py
[2024-04-27T14:14:55.129+0000] {processor.py:829} INFO - Processing file /home/airflow/.local/lib/python3.8/site-packages/airflow/example_dags/example_skip_dag.py for tasks to queue
[2024-04-27T14:14:55.134+0000] {logging_mixin.py:151} INFO - [2024-04-27T14:14:55.134+0000] {dagbag.py:539} INFO - Filling up the DagBag from /home/airflow/.local/lib/python3.8/site-packages/airflow/example_dags/example_skip_dag.py
[2024-04-27T14:14:55.161+0000] {processor.py:839} INFO - DAG(s) dict_keys(['example_skip_dag']) retrieved from /home/airflow/.local/lib/python3.8/site-packages/airflow/example_dags/example_skip_dag.py
[2024-04-27T14:14:55.205+0000] {logging_mixin.py:151} INFO - [2024-04-27T14:14:55.205+0000] {dag.py:2907} INFO - Sync 1 DAGs
[2024-04-27T14:14:55.251+0000] {logging_mixin.py:151} INFO - [2024-04-27T14:14:55.251+0000] {dag.py:3677} INFO - Setting next_dagrun for example_skip_dag to 2024-04-26T14:14:55.250862+00:00, run_after=2024-04-27T14:14:55.250862+00:00
[2024-04-27T14:14:55.301+0000] {processor.py:179} INFO - Processing /home/airflow/.local/lib/python3.8/site-packages/airflow/example_dags/example_skip_dag.py took 0.179 seconds
[2024-04-27T14:15:25.789+0000] {processor.py:157} INFO - Started process (PID=535) to work on /home/airflow/.local/lib/python3.8/site-packages/airflow/example_dags/example_skip_dag.py
[2024-04-27T14:15:25.790+0000] {processor.py:829} INFO - Processing file /home/airflow/.local/lib/python3.8/site-packages/airflow/example_dags/example_skip_dag.py for tasks to queue
[2024-04-27T14:15:25.796+0000] {logging_mixin.py:151} INFO - [2024-04-27T14:15:25.796+0000] {dagbag.py:539} INFO - Filling up the DagBag from /home/airflow/.local/lib/python3.8/site-packages/airflow/example_dags/example_skip_dag.py
[2024-04-27T14:15:25.809+0000] {processor.py:839} INFO - DAG(s) dict_keys(['example_skip_dag']) retrieved from /home/airflow/.local/lib/python3.8/site-packages/airflow/example_dags/example_skip_dag.py
[2024-04-27T14:15:25.862+0000] {logging_mixin.py:151} INFO - [2024-04-27T14:15:25.861+0000] {dag.py:2907} INFO - Sync 1 DAGs
[2024-04-27T14:15:25.906+0000] {logging_mixin.py:151} INFO - [2024-04-27T14:15:25.906+0000] {dag.py:3677} INFO - Setting next_dagrun for example_skip_dag to 2024-04-26T14:15:25.905635+00:00, run_after=2024-04-27T14:15:25.905635+00:00
[2024-04-27T14:15:25.938+0000] {processor.py:179} INFO - Processing /home/airflow/.local/lib/python3.8/site-packages/airflow/example_dags/example_skip_dag.py took 0.154 seconds
[2024-04-27T14:15:56.032+0000] {processor.py:157} INFO - Started process (PID=600) to work on /home/airflow/.local/lib/python3.8/site-packages/airflow/example_dags/example_skip_dag.py
[2024-04-27T14:15:56.033+0000] {processor.py:829} INFO - Processing file /home/airflow/.local/lib/python3.8/site-packages/airflow/example_dags/example_skip_dag.py for tasks to queue
[2024-04-27T14:15:56.036+0000] {logging_mixin.py:151} INFO - [2024-04-27T14:15:56.035+0000] {dagbag.py:539} INFO - Filling up the DagBag from /home/airflow/.local/lib/python3.8/site-packages/airflow/example_dags/example_skip_dag.py
[2024-04-27T14:15:56.045+0000] {processor.py:839} INFO - DAG(s) dict_keys(['example_skip_dag']) retrieved from /home/airflow/.local/lib/python3.8/site-packages/airflow/example_dags/example_skip_dag.py
[2024-04-27T14:15:56.078+0000] {logging_mixin.py:151} INFO - [2024-04-27T14:15:56.078+0000] {dag.py:2907} INFO - Sync 1 DAGs
[2024-04-27T14:15:56.117+0000] {logging_mixin.py:151} INFO - [2024-04-27T14:15:56.117+0000] {dag.py:3677} INFO - Setting next_dagrun for example_skip_dag to 2024-04-26T14:15:56.117064+00:00, run_after=2024-04-27T14:15:56.117064+00:00
[2024-04-27T14:15:56.142+0000] {processor.py:179} INFO - Processing /home/airflow/.local/lib/python3.8/site-packages/airflow/example_dags/example_skip_dag.py took 0.116 seconds
[2024-04-27T14:16:26.915+0000] {processor.py:157} INFO - Started process (PID=663) to work on /home/airflow/.local/lib/python3.8/site-packages/airflow/example_dags/example_skip_dag.py
[2024-04-27T14:16:26.923+0000] {processor.py:829} INFO - Processing file /home/airflow/.local/lib/python3.8/site-packages/airflow/example_dags/example_skip_dag.py for tasks to queue
[2024-04-27T14:16:26.932+0000] {logging_mixin.py:151} INFO - [2024-04-27T14:16:26.931+0000] {dagbag.py:539} INFO - Filling up the DagBag from /home/airflow/.local/lib/python3.8/site-packages/airflow/example_dags/example_skip_dag.py
[2024-04-27T14:16:26.955+0000] {processor.py:839} INFO - DAG(s) dict_keys(['example_skip_dag']) retrieved from /home/airflow/.local/lib/python3.8/site-packages/airflow/example_dags/example_skip_dag.py
[2024-04-27T14:16:26.994+0000] {logging_mixin.py:151} INFO - [2024-04-27T14:16:26.994+0000] {dag.py:2907} INFO - Sync 1 DAGs
[2024-04-27T14:16:27.033+0000] {logging_mixin.py:151} INFO - [2024-04-27T14:16:27.032+0000] {dag.py:3677} INFO - Setting next_dagrun for example_skip_dag to 2024-04-26T14:16:27.032535+00:00, run_after=2024-04-27T14:16:27.032535+00:00
[2024-04-27T14:16:27.062+0000] {processor.py:179} INFO - Processing /home/airflow/.local/lib/python3.8/site-packages/airflow/example_dags/example_skip_dag.py took 0.158 seconds
[2024-04-27T14:16:57.845+0000] {processor.py:157} INFO - Started process (PID=736) to work on /home/airflow/.local/lib/python3.8/site-packages/airflow/example_dags/example_skip_dag.py
[2024-04-27T14:16:57.853+0000] {processor.py:829} INFO - Processing file /home/airflow/.local/lib/python3.8/site-packages/airflow/example_dags/example_skip_dag.py for tasks to queue
[2024-04-27T14:16:57.857+0000] {logging_mixin.py:151} INFO - [2024-04-27T14:16:57.857+0000] {dagbag.py:539} INFO - Filling up the DagBag from /home/airflow/.local/lib/python3.8/site-packages/airflow/example_dags/example_skip_dag.py
[2024-04-27T14:16:57.883+0000] {processor.py:839} INFO - DAG(s) dict_keys(['example_skip_dag']) retrieved from /home/airflow/.local/lib/python3.8/site-packages/airflow/example_dags/example_skip_dag.py
[2024-04-27T14:16:57.990+0000] {logging_mixin.py:151} INFO - [2024-04-27T14:16:57.987+0000] {dag.py:2907} INFO - Sync 1 DAGs
[2024-04-27T14:16:58.086+0000] {logging_mixin.py:151} INFO - [2024-04-27T14:16:58.086+0000] {dag.py:3677} INFO - Setting next_dagrun for example_skip_dag to 2024-04-26T14:16:58.085833+00:00, run_after=2024-04-27T14:16:58.085833+00:00
[2024-04-27T14:16:58.158+0000] {processor.py:179} INFO - Processing /home/airflow/.local/lib/python3.8/site-packages/airflow/example_dags/example_skip_dag.py took 0.333 seconds
[2024-04-27T14:17:28.577+0000] {processor.py:157} INFO - Started process (PID=800) to work on /home/airflow/.local/lib/python3.8/site-packages/airflow/example_dags/example_skip_dag.py
[2024-04-27T14:17:28.578+0000] {processor.py:829} INFO - Processing file /home/airflow/.local/lib/python3.8/site-packages/airflow/example_dags/example_skip_dag.py for tasks to queue
[2024-04-27T14:17:28.584+0000] {logging_mixin.py:151} INFO - [2024-04-27T14:17:28.583+0000] {dagbag.py:539} INFO - Filling up the DagBag from /home/airflow/.local/lib/python3.8/site-packages/airflow/example_dags/example_skip_dag.py
[2024-04-27T14:17:28.594+0000] {processor.py:839} INFO - DAG(s) dict_keys(['example_skip_dag']) retrieved from /home/airflow/.local/lib/python3.8/site-packages/airflow/example_dags/example_skip_dag.py
[2024-04-27T14:17:28.632+0000] {logging_mixin.py:151} INFO - [2024-04-27T14:17:28.632+0000] {dag.py:2907} INFO - Sync 1 DAGs
[2024-04-27T14:17:28.670+0000] {logging_mixin.py:151} INFO - [2024-04-27T14:17:28.670+0000] {dag.py:3677} INFO - Setting next_dagrun for example_skip_dag to 2024-04-26T14:17:28.669732+00:00, run_after=2024-04-27T14:17:28.669732+00:00
[2024-04-27T14:17:28.700+0000] {processor.py:179} INFO - Processing /home/airflow/.local/lib/python3.8/site-packages/airflow/example_dags/example_skip_dag.py took 0.129 seconds
[2024-04-27T14:17:59.153+0000] {processor.py:157} INFO - Started process (PID=864) to work on /home/airflow/.local/lib/python3.8/site-packages/airflow/example_dags/example_skip_dag.py
[2024-04-27T14:17:59.154+0000] {processor.py:829} INFO - Processing file /home/airflow/.local/lib/python3.8/site-packages/airflow/example_dags/example_skip_dag.py for tasks to queue
[2024-04-27T14:17:59.158+0000] {logging_mixin.py:151} INFO - [2024-04-27T14:17:59.158+0000] {dagbag.py:539} INFO - Filling up the DagBag from /home/airflow/.local/lib/python3.8/site-packages/airflow/example_dags/example_skip_dag.py
[2024-04-27T14:17:59.167+0000] {processor.py:839} INFO - DAG(s) dict_keys(['example_skip_dag']) retrieved from /home/airflow/.local/lib/python3.8/site-packages/airflow/example_dags/example_skip_dag.py
[2024-04-27T14:17:59.199+0000] {logging_mixin.py:151} INFO - [2024-04-27T14:17:59.199+0000] {dag.py:2907} INFO - Sync 1 DAGs
[2024-04-27T14:17:59.245+0000] {logging_mixin.py:151} INFO - [2024-04-27T14:17:59.244+0000] {dag.py:3677} INFO - Setting next_dagrun for example_skip_dag to 2024-04-26T14:17:59.244327+00:00, run_after=2024-04-27T14:17:59.244327+00:00
[2024-04-27T14:17:59.295+0000] {processor.py:179} INFO - Processing /home/airflow/.local/lib/python3.8/site-packages/airflow/example_dags/example_skip_dag.py took 0.147 seconds
[2024-04-27T14:18:30.055+0000] {processor.py:157} INFO - Started process (PID=928) to work on /home/airflow/.local/lib/python3.8/site-packages/airflow/example_dags/example_skip_dag.py
[2024-04-27T14:18:30.056+0000] {processor.py:829} INFO - Processing file /home/airflow/.local/lib/python3.8/site-packages/airflow/example_dags/example_skip_dag.py for tasks to queue
[2024-04-27T14:18:30.059+0000] {logging_mixin.py:151} INFO - [2024-04-27T14:18:30.059+0000] {dagbag.py:539} INFO - Filling up the DagBag from /home/airflow/.local/lib/python3.8/site-packages/airflow/example_dags/example_skip_dag.py
[2024-04-27T14:18:30.067+0000] {processor.py:839} INFO - DAG(s) dict_keys(['example_skip_dag']) retrieved from /home/airflow/.local/lib/python3.8/site-packages/airflow/example_dags/example_skip_dag.py
[2024-04-27T14:18:30.098+0000] {logging_mixin.py:151} INFO - [2024-04-27T14:18:30.098+0000] {dag.py:2907} INFO - Sync 1 DAGs
[2024-04-27T14:18:30.128+0000] {logging_mixin.py:151} INFO - [2024-04-27T14:18:30.128+0000] {dag.py:3677} INFO - Setting next_dagrun for example_skip_dag to 2024-04-26T14:18:30.128182+00:00, run_after=2024-04-27T14:18:30.128182+00:00
[2024-04-27T14:18:30.151+0000] {processor.py:179} INFO - Processing /home/airflow/.local/lib/python3.8/site-packages/airflow/example_dags/example_skip_dag.py took 0.099 seconds
[2024-04-27T14:19:01.243+0000] {processor.py:157} INFO - Started process (PID=998) to work on /home/airflow/.local/lib/python3.8/site-packages/airflow/example_dags/example_skip_dag.py
[2024-04-27T14:19:01.259+0000] {processor.py:829} INFO - Processing file /home/airflow/.local/lib/python3.8/site-packages/airflow/example_dags/example_skip_dag.py for tasks to queue
[2024-04-27T14:19:01.263+0000] {logging_mixin.py:151} INFO - [2024-04-27T14:19:01.263+0000] {dagbag.py:539} INFO - Filling up the DagBag from /home/airflow/.local/lib/python3.8/site-packages/airflow/example_dags/example_skip_dag.py
[2024-04-27T14:19:01.294+0000] {processor.py:839} INFO - DAG(s) dict_keys(['example_skip_dag']) retrieved from /home/airflow/.local/lib/python3.8/site-packages/airflow/example_dags/example_skip_dag.py
[2024-04-27T14:19:01.351+0000] {logging_mixin.py:151} INFO - [2024-04-27T14:19:01.350+0000] {dag.py:2907} INFO - Sync 1 DAGs
[2024-04-27T14:19:01.390+0000] {logging_mixin.py:151} INFO - [2024-04-27T14:19:01.389+0000] {dag.py:3677} INFO - Setting next_dagrun for example_skip_dag to 2024-04-26T14:19:01.389398+00:00, run_after=2024-04-27T14:19:01.389398+00:00
[2024-04-27T14:19:01.419+0000] {processor.py:179} INFO - Processing /home/airflow/.local/lib/python3.8/site-packages/airflow/example_dags/example_skip_dag.py took 0.201 seconds
[2024-04-27T14:19:31.604+0000] {processor.py:157} INFO - Started process (PID=1061) to work on /home/airflow/.local/lib/python3.8/site-packages/airflow/example_dags/example_skip_dag.py
[2024-04-27T14:19:31.605+0000] {processor.py:829} INFO - Processing file /home/airflow/.local/lib/python3.8/site-packages/airflow/example_dags/example_skip_dag.py for tasks to queue
[2024-04-27T14:19:31.609+0000] {logging_mixin.py:151} INFO - [2024-04-27T14:19:31.609+0000] {dagbag.py:539} INFO - Filling up the DagBag from /home/airflow/.local/lib/python3.8/site-packages/airflow/example_dags/example_skip_dag.py
[2024-04-27T14:19:31.620+0000] {processor.py:839} INFO - DAG(s) dict_keys(['example_skip_dag']) retrieved from /home/airflow/.local/lib/python3.8/site-packages/airflow/example_dags/example_skip_dag.py
[2024-04-27T14:19:31.659+0000] {logging_mixin.py:151} INFO - [2024-04-27T14:19:31.658+0000] {dag.py:2907} INFO - Sync 1 DAGs
[2024-04-27T14:19:31.689+0000] {logging_mixin.py:151} INFO - [2024-04-27T14:19:31.688+0000] {dag.py:3677} INFO - Setting next_dagrun for example_skip_dag to 2024-04-26T14:19:31.688676+00:00, run_after=2024-04-27T14:19:31.688676+00:00
[2024-04-27T14:19:31.727+0000] {processor.py:179} INFO - Processing /home/airflow/.local/lib/python3.8/site-packages/airflow/example_dags/example_skip_dag.py took 0.129 seconds
[2024-04-27T14:20:02.120+0000] {processor.py:157} INFO - Started process (PID=1124) to work on /home/airflow/.local/lib/python3.8/site-packages/airflow/example_dags/example_skip_dag.py
[2024-04-27T14:20:02.121+0000] {processor.py:829} INFO - Processing file /home/airflow/.local/lib/python3.8/site-packages/airflow/example_dags/example_skip_dag.py for tasks to queue
[2024-04-27T14:20:02.124+0000] {logging_mixin.py:151} INFO - [2024-04-27T14:20:02.123+0000] {dagbag.py:539} INFO - Filling up the DagBag from /home/airflow/.local/lib/python3.8/site-packages/airflow/example_dags/example_skip_dag.py
[2024-04-27T14:20:02.133+0000] {processor.py:839} INFO - DAG(s) dict_keys(['example_skip_dag']) retrieved from /home/airflow/.local/lib/python3.8/site-packages/airflow/example_dags/example_skip_dag.py
[2024-04-27T14:20:02.165+0000] {logging_mixin.py:151} INFO - [2024-04-27T14:20:02.165+0000] {dag.py:2907} INFO - Sync 1 DAGs
[2024-04-27T14:20:02.194+0000] {logging_mixin.py:151} INFO - [2024-04-27T14:20:02.194+0000] {dag.py:3677} INFO - Setting next_dagrun for example_skip_dag to 2024-04-26T14:20:02.194267+00:00, run_after=2024-04-27T14:20:02.194267+00:00
[2024-04-27T14:20:02.223+0000] {processor.py:179} INFO - Processing /home/airflow/.local/lib/python3.8/site-packages/airflow/example_dags/example_skip_dag.py took 0.107 seconds
[2024-04-27T14:20:32.458+0000] {processor.py:157} INFO - Started process (PID=1197) to work on /home/airflow/.local/lib/python3.8/site-packages/airflow/example_dags/example_skip_dag.py
[2024-04-27T14:20:32.459+0000] {processor.py:829} INFO - Processing file /home/airflow/.local/lib/python3.8/site-packages/airflow/example_dags/example_skip_dag.py for tasks to queue
[2024-04-27T14:20:32.464+0000] {logging_mixin.py:151} INFO - [2024-04-27T14:20:32.463+0000] {dagbag.py:539} INFO - Filling up the DagBag from /home/airflow/.local/lib/python3.8/site-packages/airflow/example_dags/example_skip_dag.py
[2024-04-27T14:20:32.474+0000] {processor.py:839} INFO - DAG(s) dict_keys(['example_skip_dag']) retrieved from /home/airflow/.local/lib/python3.8/site-packages/airflow/example_dags/example_skip_dag.py
[2024-04-27T14:20:32.511+0000] {logging_mixin.py:151} INFO - [2024-04-27T14:20:32.511+0000] {dag.py:2907} INFO - Sync 1 DAGs
[2024-04-27T14:20:32.553+0000] {logging_mixin.py:151} INFO - [2024-04-27T14:20:32.553+0000] {dag.py:3677} INFO - Setting next_dagrun for example_skip_dag to 2024-04-26T14:20:32.553281+00:00, run_after=2024-04-27T14:20:32.553281+00:00
[2024-04-27T14:20:32.584+0000] {processor.py:179} INFO - Processing /home/airflow/.local/lib/python3.8/site-packages/airflow/example_dags/example_skip_dag.py took 0.131 seconds
[2024-04-27T14:21:02.898+0000] {processor.py:157} INFO - Started process (PID=1260) to work on /home/airflow/.local/lib/python3.8/site-packages/airflow/example_dags/example_skip_dag.py
[2024-04-27T14:21:02.899+0000] {processor.py:829} INFO - Processing file /home/airflow/.local/lib/python3.8/site-packages/airflow/example_dags/example_skip_dag.py for tasks to queue
[2024-04-27T14:21:02.903+0000] {logging_mixin.py:151} INFO - [2024-04-27T14:21:02.902+0000] {dagbag.py:539} INFO - Filling up the DagBag from /home/airflow/.local/lib/python3.8/site-packages/airflow/example_dags/example_skip_dag.py
[2024-04-27T14:21:02.915+0000] {processor.py:839} INFO - DAG(s) dict_keys(['example_skip_dag']) retrieved from /home/airflow/.local/lib/python3.8/site-packages/airflow/example_dags/example_skip_dag.py
[2024-04-27T14:21:02.954+0000] {logging_mixin.py:151} INFO - [2024-04-27T14:21:02.954+0000] {dag.py:2907} INFO - Sync 1 DAGs
[2024-04-27T14:21:02.996+0000] {logging_mixin.py:151} INFO - [2024-04-27T14:21:02.995+0000] {dag.py:3677} INFO - Setting next_dagrun for example_skip_dag to 2024-04-26T14:21:02.995591+00:00, run_after=2024-04-27T14:21:02.995591+00:00
[2024-04-27T14:21:03.028+0000] {processor.py:179} INFO - Processing /home/airflow/.local/lib/python3.8/site-packages/airflow/example_dags/example_skip_dag.py took 0.135 seconds
[2024-04-27T14:21:33.795+0000] {processor.py:157} INFO - Started process (PID=1324) to work on /home/airflow/.local/lib/python3.8/site-packages/airflow/example_dags/example_skip_dag.py
[2024-04-27T14:21:33.796+0000] {processor.py:829} INFO - Processing file /home/airflow/.local/lib/python3.8/site-packages/airflow/example_dags/example_skip_dag.py for tasks to queue
[2024-04-27T14:21:33.799+0000] {logging_mixin.py:151} INFO - [2024-04-27T14:21:33.798+0000] {dagbag.py:539} INFO - Filling up the DagBag from /home/airflow/.local/lib/python3.8/site-packages/airflow/example_dags/example_skip_dag.py
[2024-04-27T14:21:33.807+0000] {processor.py:839} INFO - DAG(s) dict_keys(['example_skip_dag']) retrieved from /home/airflow/.local/lib/python3.8/site-packages/airflow/example_dags/example_skip_dag.py
[2024-04-27T14:21:33.843+0000] {logging_mixin.py:151} INFO - [2024-04-27T14:21:33.842+0000] {dag.py:2907} INFO - Sync 1 DAGs
[2024-04-27T14:21:33.879+0000] {logging_mixin.py:151} INFO - [2024-04-27T14:21:33.879+0000] {dag.py:3677} INFO - Setting next_dagrun for example_skip_dag to 2024-04-26T14:21:33.878974+00:00, run_after=2024-04-27T14:21:33.878974+00:00
[2024-04-27T14:21:33.904+0000] {processor.py:179} INFO - Processing /home/airflow/.local/lib/python3.8/site-packages/airflow/example_dags/example_skip_dag.py took 0.113 seconds
[2024-04-27T14:22:04.379+0000] {processor.py:157} INFO - Started process (PID=1397) to work on /home/airflow/.local/lib/python3.8/site-packages/airflow/example_dags/example_skip_dag.py
[2024-04-27T14:22:04.380+0000] {processor.py:829} INFO - Processing file /home/airflow/.local/lib/python3.8/site-packages/airflow/example_dags/example_skip_dag.py for tasks to queue
[2024-04-27T14:22:04.384+0000] {logging_mixin.py:151} INFO - [2024-04-27T14:22:04.383+0000] {dagbag.py:539} INFO - Filling up the DagBag from /home/airflow/.local/lib/python3.8/site-packages/airflow/example_dags/example_skip_dag.py
[2024-04-27T14:22:04.395+0000] {processor.py:839} INFO - DAG(s) dict_keys(['example_skip_dag']) retrieved from /home/airflow/.local/lib/python3.8/site-packages/airflow/example_dags/example_skip_dag.py
[2024-04-27T14:22:04.433+0000] {logging_mixin.py:151} INFO - [2024-04-27T14:22:04.433+0000] {dag.py:2907} INFO - Sync 1 DAGs
[2024-04-27T14:22:04.478+0000] {logging_mixin.py:151} INFO - [2024-04-27T14:22:04.478+0000] {dag.py:3677} INFO - Setting next_dagrun for example_skip_dag to 2024-04-26T14:22:04.477673+00:00, run_after=2024-04-27T14:22:04.477673+00:00
[2024-04-27T14:22:04.510+0000] {processor.py:179} INFO - Processing /home/airflow/.local/lib/python3.8/site-packages/airflow/example_dags/example_skip_dag.py took 0.136 seconds
[2024-04-27T14:22:35.640+0000] {processor.py:157} INFO - Started process (PID=1462) to work on /home/airflow/.local/lib/python3.8/site-packages/airflow/example_dags/example_skip_dag.py
[2024-04-27T14:22:35.640+0000] {processor.py:829} INFO - Processing file /home/airflow/.local/lib/python3.8/site-packages/airflow/example_dags/example_skip_dag.py for tasks to queue
[2024-04-27T14:22:35.643+0000] {logging_mixin.py:151} INFO - [2024-04-27T14:22:35.642+0000] {dagbag.py:539} INFO - Filling up the DagBag from /home/airflow/.local/lib/python3.8/site-packages/airflow/example_dags/example_skip_dag.py
[2024-04-27T14:22:35.651+0000] {processor.py:839} INFO - DAG(s) dict_keys(['example_skip_dag']) retrieved from /home/airflow/.local/lib/python3.8/site-packages/airflow/example_dags/example_skip_dag.py
[2024-04-27T14:22:35.687+0000] {logging_mixin.py:151} INFO - [2024-04-27T14:22:35.686+0000] {dag.py:2907} INFO - Sync 1 DAGs
[2024-04-27T14:22:35.717+0000] {logging_mixin.py:151} INFO - [2024-04-27T14:22:35.717+0000] {dag.py:3677} INFO - Setting next_dagrun for example_skip_dag to 2024-04-26T14:22:35.717448+00:00, run_after=2024-04-27T14:22:35.717448+00:00
[2024-04-27T14:22:35.744+0000] {processor.py:179} INFO - Processing /home/airflow/.local/lib/python3.8/site-packages/airflow/example_dags/example_skip_dag.py took 0.108 seconds
[2024-04-27T14:23:07.161+0000] {processor.py:157} INFO - Started process (PID=1533) to work on /home/airflow/.local/lib/python3.8/site-packages/airflow/example_dags/example_skip_dag.py
[2024-04-27T14:23:07.162+0000] {processor.py:829} INFO - Processing file /home/airflow/.local/lib/python3.8/site-packages/airflow/example_dags/example_skip_dag.py for tasks to queue
[2024-04-27T14:23:07.164+0000] {logging_mixin.py:151} INFO - [2024-04-27T14:23:07.164+0000] {dagbag.py:539} INFO - Filling up the DagBag from /home/airflow/.local/lib/python3.8/site-packages/airflow/example_dags/example_skip_dag.py
[2024-04-27T14:23:07.172+0000] {processor.py:839} INFO - DAG(s) dict_keys(['example_skip_dag']) retrieved from /home/airflow/.local/lib/python3.8/site-packages/airflow/example_dags/example_skip_dag.py
[2024-04-27T14:23:07.203+0000] {logging_mixin.py:151} INFO - [2024-04-27T14:23:07.203+0000] {dag.py:2907} INFO - Sync 1 DAGs
[2024-04-27T14:23:07.234+0000] {logging_mixin.py:151} INFO - [2024-04-27T14:23:07.233+0000] {dag.py:3677} INFO - Setting next_dagrun for example_skip_dag to 2024-04-26T14:23:07.233353+00:00, run_after=2024-04-27T14:23:07.233353+00:00
[2024-04-27T14:23:07.256+0000] {processor.py:179} INFO - Processing /home/airflow/.local/lib/python3.8/site-packages/airflow/example_dags/example_skip_dag.py took 0.099 seconds
[2024-04-27T14:23:38.310+0000] {processor.py:157} INFO - Started process (PID=1597) to work on /home/airflow/.local/lib/python3.8/site-packages/airflow/example_dags/example_skip_dag.py
[2024-04-27T14:23:38.311+0000] {processor.py:829} INFO - Processing file /home/airflow/.local/lib/python3.8/site-packages/airflow/example_dags/example_skip_dag.py for tasks to queue
[2024-04-27T14:23:38.313+0000] {logging_mixin.py:151} INFO - [2024-04-27T14:23:38.313+0000] {dagbag.py:539} INFO - Filling up the DagBag from /home/airflow/.local/lib/python3.8/site-packages/airflow/example_dags/example_skip_dag.py
[2024-04-27T14:23:38.321+0000] {processor.py:839} INFO - DAG(s) dict_keys(['example_skip_dag']) retrieved from /home/airflow/.local/lib/python3.8/site-packages/airflow/example_dags/example_skip_dag.py
[2024-04-27T14:23:38.363+0000] {logging_mixin.py:151} INFO - [2024-04-27T14:23:38.362+0000] {dag.py:2907} INFO - Sync 1 DAGs
[2024-04-27T14:23:38.404+0000] {logging_mixin.py:151} INFO - [2024-04-27T14:23:38.404+0000] {dag.py:3677} INFO - Setting next_dagrun for example_skip_dag to 2024-04-26T14:23:38.404279+00:00, run_after=2024-04-27T14:23:38.404279+00:00
[2024-04-27T14:23:38.435+0000] {processor.py:179} INFO - Processing /home/airflow/.local/lib/python3.8/site-packages/airflow/example_dags/example_skip_dag.py took 0.129 seconds
[2024-04-27T14:24:09.268+0000] {processor.py:157} INFO - Started process (PID=1670) to work on /home/airflow/.local/lib/python3.8/site-packages/airflow/example_dags/example_skip_dag.py
[2024-04-27T14:24:09.269+0000] {processor.py:829} INFO - Processing file /home/airflow/.local/lib/python3.8/site-packages/airflow/example_dags/example_skip_dag.py for tasks to queue
[2024-04-27T14:24:09.272+0000] {logging_mixin.py:151} INFO - [2024-04-27T14:24:09.272+0000] {dagbag.py:539} INFO - Filling up the DagBag from /home/airflow/.local/lib/python3.8/site-packages/airflow/example_dags/example_skip_dag.py
[2024-04-27T14:24:09.284+0000] {processor.py:839} INFO - DAG(s) dict_keys(['example_skip_dag']) retrieved from /home/airflow/.local/lib/python3.8/site-packages/airflow/example_dags/example_skip_dag.py
[2024-04-27T14:24:09.322+0000] {logging_mixin.py:151} INFO - [2024-04-27T14:24:09.322+0000] {dag.py:2907} INFO - Sync 1 DAGs
[2024-04-27T14:24:09.361+0000] {logging_mixin.py:151} INFO - [2024-04-27T14:24:09.360+0000] {dag.py:3677} INFO - Setting next_dagrun for example_skip_dag to 2024-04-26T14:24:09.360572+00:00, run_after=2024-04-27T14:24:09.360572+00:00
[2024-04-27T14:24:09.390+0000] {processor.py:179} INFO - Processing /home/airflow/.local/lib/python3.8/site-packages/airflow/example_dags/example_skip_dag.py took 0.128 seconds
[2024-04-27T14:24:40.875+0000] {processor.py:157} INFO - Started process (PID=1734) to work on /home/airflow/.local/lib/python3.8/site-packages/airflow/example_dags/example_skip_dag.py
[2024-04-27T14:24:40.878+0000] {processor.py:829} INFO - Processing file /home/airflow/.local/lib/python3.8/site-packages/airflow/example_dags/example_skip_dag.py for tasks to queue
[2024-04-27T14:24:40.882+0000] {logging_mixin.py:151} INFO - [2024-04-27T14:24:40.882+0000] {dagbag.py:539} INFO - Filling up the DagBag from /home/airflow/.local/lib/python3.8/site-packages/airflow/example_dags/example_skip_dag.py
[2024-04-27T14:24:40.902+0000] {processor.py:839} INFO - DAG(s) dict_keys(['example_skip_dag']) retrieved from /home/airflow/.local/lib/python3.8/site-packages/airflow/example_dags/example_skip_dag.py
[2024-04-27T14:24:41.079+0000] {logging_mixin.py:151} INFO - [2024-04-27T14:24:41.079+0000] {dag.py:2907} INFO - Sync 1 DAGs
[2024-04-27T14:24:41.135+0000] {logging_mixin.py:151} INFO - [2024-04-27T14:24:41.134+0000] {dag.py:3677} INFO - Setting next_dagrun for example_skip_dag to 2024-04-26T14:24:41.134361+00:00, run_after=2024-04-27T14:24:41.134361+00:00
[2024-04-27T14:24:41.167+0000] {processor.py:179} INFO - Processing /home/airflow/.local/lib/python3.8/site-packages/airflow/example_dags/example_skip_dag.py took 0.298 seconds
[2024-04-27T14:25:11.490+0000] {processor.py:157} INFO - Started process (PID=1799) to work on /home/airflow/.local/lib/python3.8/site-packages/airflow/example_dags/example_skip_dag.py
[2024-04-27T14:25:11.491+0000] {processor.py:829} INFO - Processing file /home/airflow/.local/lib/python3.8/site-packages/airflow/example_dags/example_skip_dag.py for tasks to queue
[2024-04-27T14:25:11.496+0000] {logging_mixin.py:151} INFO - [2024-04-27T14:25:11.495+0000] {dagbag.py:539} INFO - Filling up the DagBag from /home/airflow/.local/lib/python3.8/site-packages/airflow/example_dags/example_skip_dag.py
[2024-04-27T14:25:11.508+0000] {processor.py:839} INFO - DAG(s) dict_keys(['example_skip_dag']) retrieved from /home/airflow/.local/lib/python3.8/site-packages/airflow/example_dags/example_skip_dag.py
[2024-04-27T14:25:11.541+0000] {logging_mixin.py:151} INFO - [2024-04-27T14:25:11.541+0000] {dag.py:2907} INFO - Sync 1 DAGs
[2024-04-27T14:25:11.583+0000] {logging_mixin.py:151} INFO - [2024-04-27T14:25:11.583+0000] {dag.py:3677} INFO - Setting next_dagrun for example_skip_dag to 2024-04-26T14:25:11.582932+00:00, run_after=2024-04-27T14:25:11.582932+00:00
[2024-04-27T14:25:11.616+0000] {processor.py:179} INFO - Processing /home/airflow/.local/lib/python3.8/site-packages/airflow/example_dags/example_skip_dag.py took 0.131 seconds
[2024-04-27T14:25:42.684+0000] {processor.py:157} INFO - Started process (PID=1872) to work on /home/airflow/.local/lib/python3.8/site-packages/airflow/example_dags/example_skip_dag.py
[2024-04-27T14:25:42.685+0000] {processor.py:829} INFO - Processing file /home/airflow/.local/lib/python3.8/site-packages/airflow/example_dags/example_skip_dag.py for tasks to queue
[2024-04-27T14:25:42.687+0000] {logging_mixin.py:151} INFO - [2024-04-27T14:25:42.687+0000] {dagbag.py:539} INFO - Filling up the DagBag from /home/airflow/.local/lib/python3.8/site-packages/airflow/example_dags/example_skip_dag.py
[2024-04-27T14:25:42.696+0000] {processor.py:839} INFO - DAG(s) dict_keys(['example_skip_dag']) retrieved from /home/airflow/.local/lib/python3.8/site-packages/airflow/example_dags/example_skip_dag.py
[2024-04-27T14:25:42.727+0000] {logging_mixin.py:151} INFO - [2024-04-27T14:25:42.727+0000] {dag.py:2907} INFO - Sync 1 DAGs
[2024-04-27T14:25:42.759+0000] {logging_mixin.py:151} INFO - [2024-04-27T14:25:42.759+0000] {dag.py:3677} INFO - Setting next_dagrun for example_skip_dag to 2024-04-26T14:25:42.758921+00:00, run_after=2024-04-27T14:25:42.758921+00:00
[2024-04-27T14:25:42.780+0000] {processor.py:179} INFO - Processing /home/airflow/.local/lib/python3.8/site-packages/airflow/example_dags/example_skip_dag.py took 0.100 seconds
