[2024-04-27T13:44:18.849+0000] {processor.py:153} INFO - Started process (PID=64) to work on /home/airflow/.local/lib/python3.7/site-packages/airflow/example_dags/example_task_group.py
[2024-04-27T13:44:18.852+0000] {processor.py:743} INFO - Processing file /home/airflow/.local/lib/python3.7/site-packages/airflow/example_dags/example_task_group.py for tasks to queue
[2024-04-27T13:44:18.853+0000] {logging_mixin.py:137} INFO - [2024-04-27T13:44:18.853+0000] {dagbag.py:538} INFO - Filling up the DagBag from /home/airflow/.local/lib/python3.7/site-packages/airflow/example_dags/example_task_group.py
[2024-04-27T13:44:18.893+0000] {processor.py:753} INFO - DAG(s) dict_keys(['example_task_group']) retrieved from /home/airflow/.local/lib/python3.7/site-packages/airflow/example_dags/example_task_group.py
[2024-04-27T13:44:18.943+0000] {logging_mixin.py:137} INFO - [2024-04-27T13:44:18.942+0000] {dag.py:2690} INFO - Sync 1 DAGs
[2024-04-27T13:44:18.992+0000] {logging_mixin.py:137} INFO - [2024-04-27T13:44:18.991+0000] {dag.py:3441} INFO - Setting next_dagrun for example_task_group to 2024-04-26T13:44:18.991546+00:00, run_after=2024-04-27T13:44:18.991546+00:00
[2024-04-27T13:44:19.029+0000] {processor.py:175} INFO - Processing /home/airflow/.local/lib/python3.7/site-packages/airflow/example_dags/example_task_group.py took 0.189 seconds
[2024-04-27T13:44:49.451+0000] {processor.py:153} INFO - Started process (PID=127) to work on /home/airflow/.local/lib/python3.7/site-packages/airflow/example_dags/example_task_group.py
[2024-04-27T13:44:49.452+0000] {processor.py:743} INFO - Processing file /home/airflow/.local/lib/python3.7/site-packages/airflow/example_dags/example_task_group.py for tasks to queue
[2024-04-27T13:44:49.452+0000] {logging_mixin.py:137} INFO - [2024-04-27T13:44:49.452+0000] {dagbag.py:538} INFO - Filling up the DagBag from /home/airflow/.local/lib/python3.7/site-packages/airflow/example_dags/example_task_group.py
[2024-04-27T13:44:49.475+0000] {processor.py:753} INFO - DAG(s) dict_keys(['example_task_group']) retrieved from /home/airflow/.local/lib/python3.7/site-packages/airflow/example_dags/example_task_group.py
[2024-04-27T13:44:49.508+0000] {logging_mixin.py:137} INFO - [2024-04-27T13:44:49.508+0000] {dag.py:2690} INFO - Sync 1 DAGs
[2024-04-27T13:44:49.558+0000] {logging_mixin.py:137} INFO - [2024-04-27T13:44:49.558+0000] {dag.py:3441} INFO - Setting next_dagrun for example_task_group to 2024-04-26T13:44:49.558179+00:00, run_after=2024-04-27T13:44:49.558179+00:00
[2024-04-27T13:44:49.594+0000] {processor.py:175} INFO - Processing /home/airflow/.local/lib/python3.7/site-packages/airflow/example_dags/example_task_group.py took 0.147 seconds
[2024-04-27T13:45:20.218+0000] {processor.py:153} INFO - Started process (PID=197) to work on /home/airflow/.local/lib/python3.7/site-packages/airflow/example_dags/example_task_group.py
[2024-04-27T13:45:20.223+0000] {processor.py:743} INFO - Processing file /home/airflow/.local/lib/python3.7/site-packages/airflow/example_dags/example_task_group.py for tasks to queue
[2024-04-27T13:45:20.224+0000] {logging_mixin.py:137} INFO - [2024-04-27T13:45:20.224+0000] {dagbag.py:538} INFO - Filling up the DagBag from /home/airflow/.local/lib/python3.7/site-packages/airflow/example_dags/example_task_group.py
[2024-04-27T13:45:20.258+0000] {processor.py:753} INFO - DAG(s) dict_keys(['example_task_group']) retrieved from /home/airflow/.local/lib/python3.7/site-packages/airflow/example_dags/example_task_group.py
[2024-04-27T13:45:20.305+0000] {logging_mixin.py:137} INFO - [2024-04-27T13:45:20.305+0000] {dag.py:2690} INFO - Sync 1 DAGs
[2024-04-27T13:45:20.358+0000] {logging_mixin.py:137} INFO - [2024-04-27T13:45:20.357+0000] {dag.py:3441} INFO - Setting next_dagrun for example_task_group to 2024-04-26T13:45:20.357457+00:00, run_after=2024-04-27T13:45:20.357457+00:00
[2024-04-27T13:45:20.393+0000] {processor.py:175} INFO - Processing /home/airflow/.local/lib/python3.7/site-packages/airflow/example_dags/example_task_group.py took 0.192 seconds
[2024-04-27T13:45:51.038+0000] {processor.py:153} INFO - Started process (PID=266) to work on /home/airflow/.local/lib/python3.7/site-packages/airflow/example_dags/example_task_group.py
[2024-04-27T13:45:51.039+0000] {processor.py:743} INFO - Processing file /home/airflow/.local/lib/python3.7/site-packages/airflow/example_dags/example_task_group.py for tasks to queue
[2024-04-27T13:45:51.040+0000] {logging_mixin.py:137} INFO - [2024-04-27T13:45:51.040+0000] {dagbag.py:538} INFO - Filling up the DagBag from /home/airflow/.local/lib/python3.7/site-packages/airflow/example_dags/example_task_group.py
[2024-04-27T13:45:51.075+0000] {processor.py:753} INFO - DAG(s) dict_keys(['example_task_group']) retrieved from /home/airflow/.local/lib/python3.7/site-packages/airflow/example_dags/example_task_group.py
[2024-04-27T13:45:51.124+0000] {logging_mixin.py:137} INFO - [2024-04-27T13:45:51.124+0000] {dag.py:2690} INFO - Sync 1 DAGs
[2024-04-27T13:45:51.179+0000] {logging_mixin.py:137} INFO - [2024-04-27T13:45:51.179+0000] {dag.py:3441} INFO - Setting next_dagrun for example_task_group to 2024-04-26T13:45:51.178673+00:00, run_after=2024-04-27T13:45:51.178673+00:00
[2024-04-27T13:45:51.213+0000] {processor.py:175} INFO - Processing /home/airflow/.local/lib/python3.7/site-packages/airflow/example_dags/example_task_group.py took 0.181 seconds
[2024-04-27T13:46:21.243+0000] {processor.py:153} INFO - Started process (PID=330) to work on /home/airflow/.local/lib/python3.7/site-packages/airflow/example_dags/example_task_group.py
[2024-04-27T13:46:21.244+0000] {processor.py:743} INFO - Processing file /home/airflow/.local/lib/python3.7/site-packages/airflow/example_dags/example_task_group.py for tasks to queue
[2024-04-27T13:46:21.245+0000] {logging_mixin.py:137} INFO - [2024-04-27T13:46:21.245+0000] {dagbag.py:538} INFO - Filling up the DagBag from /home/airflow/.local/lib/python3.7/site-packages/airflow/example_dags/example_task_group.py
[2024-04-27T13:46:21.264+0000] {processor.py:753} INFO - DAG(s) dict_keys(['example_task_group']) retrieved from /home/airflow/.local/lib/python3.7/site-packages/airflow/example_dags/example_task_group.py
[2024-04-27T13:46:21.305+0000] {logging_mixin.py:137} INFO - [2024-04-27T13:46:21.304+0000] {dag.py:2690} INFO - Sync 1 DAGs
[2024-04-27T13:46:21.351+0000] {logging_mixin.py:137} INFO - [2024-04-27T13:46:21.350+0000] {dag.py:3441} INFO - Setting next_dagrun for example_task_group to 2024-04-26T13:46:21.350574+00:00, run_after=2024-04-27T13:46:21.350574+00:00
[2024-04-27T13:46:21.376+0000] {processor.py:175} INFO - Processing /home/airflow/.local/lib/python3.7/site-packages/airflow/example_dags/example_task_group.py took 0.137 seconds
[2024-04-27T13:46:51.756+0000] {processor.py:153} INFO - Started process (PID=393) to work on /home/airflow/.local/lib/python3.7/site-packages/airflow/example_dags/example_task_group.py
[2024-04-27T13:46:51.757+0000] {processor.py:743} INFO - Processing file /home/airflow/.local/lib/python3.7/site-packages/airflow/example_dags/example_task_group.py for tasks to queue
[2024-04-27T13:46:51.758+0000] {logging_mixin.py:137} INFO - [2024-04-27T13:46:51.757+0000] {dagbag.py:538} INFO - Filling up the DagBag from /home/airflow/.local/lib/python3.7/site-packages/airflow/example_dags/example_task_group.py
[2024-04-27T13:46:51.787+0000] {processor.py:753} INFO - DAG(s) dict_keys(['example_task_group']) retrieved from /home/airflow/.local/lib/python3.7/site-packages/airflow/example_dags/example_task_group.py
[2024-04-27T13:46:51.831+0000] {logging_mixin.py:137} INFO - [2024-04-27T13:46:51.831+0000] {dag.py:2690} INFO - Sync 1 DAGs
[2024-04-27T13:46:51.881+0000] {logging_mixin.py:137} INFO - [2024-04-27T13:46:51.881+0000] {dag.py:3441} INFO - Setting next_dagrun for example_task_group to 2024-04-26T13:46:51.880700+00:00, run_after=2024-04-27T13:46:51.880700+00:00
[2024-04-27T13:46:51.917+0000] {processor.py:175} INFO - Processing /home/airflow/.local/lib/python3.7/site-packages/airflow/example_dags/example_task_group.py took 0.166 seconds
[2024-04-27T13:47:22.342+0000] {processor.py:153} INFO - Started process (PID=458) to work on /home/airflow/.local/lib/python3.7/site-packages/airflow/example_dags/example_task_group.py
[2024-04-27T13:47:22.343+0000] {processor.py:743} INFO - Processing file /home/airflow/.local/lib/python3.7/site-packages/airflow/example_dags/example_task_group.py for tasks to queue
[2024-04-27T13:47:22.344+0000] {logging_mixin.py:137} INFO - [2024-04-27T13:47:22.344+0000] {dagbag.py:538} INFO - Filling up the DagBag from /home/airflow/.local/lib/python3.7/site-packages/airflow/example_dags/example_task_group.py
[2024-04-27T13:47:22.374+0000] {processor.py:753} INFO - DAG(s) dict_keys(['example_task_group']) retrieved from /home/airflow/.local/lib/python3.7/site-packages/airflow/example_dags/example_task_group.py
[2024-04-27T13:47:22.418+0000] {logging_mixin.py:137} INFO - [2024-04-27T13:47:22.418+0000] {dag.py:2690} INFO - Sync 1 DAGs
[2024-04-27T13:47:22.471+0000] {logging_mixin.py:137} INFO - [2024-04-27T13:47:22.471+0000] {dag.py:3441} INFO - Setting next_dagrun for example_task_group to 2024-04-26T13:47:22.470872+00:00, run_after=2024-04-27T13:47:22.470872+00:00
[2024-04-27T13:47:22.504+0000] {processor.py:175} INFO - Processing /home/airflow/.local/lib/python3.7/site-packages/airflow/example_dags/example_task_group.py took 0.166 seconds
[2024-04-27T13:47:52.894+0000] {processor.py:153} INFO - Started process (PID=531) to work on /home/airflow/.local/lib/python3.7/site-packages/airflow/example_dags/example_task_group.py
[2024-04-27T13:47:52.895+0000] {processor.py:743} INFO - Processing file /home/airflow/.local/lib/python3.7/site-packages/airflow/example_dags/example_task_group.py for tasks to queue
[2024-04-27T13:47:52.896+0000] {logging_mixin.py:137} INFO - [2024-04-27T13:47:52.895+0000] {dagbag.py:538} INFO - Filling up the DagBag from /home/airflow/.local/lib/python3.7/site-packages/airflow/example_dags/example_task_group.py
[2024-04-27T13:47:52.924+0000] {processor.py:753} INFO - DAG(s) dict_keys(['example_task_group']) retrieved from /home/airflow/.local/lib/python3.7/site-packages/airflow/example_dags/example_task_group.py
[2024-04-27T13:47:52.972+0000] {logging_mixin.py:137} INFO - [2024-04-27T13:47:52.972+0000] {dag.py:2690} INFO - Sync 1 DAGs
[2024-04-27T13:47:53.048+0000] {logging_mixin.py:137} INFO - [2024-04-27T13:47:53.048+0000] {dag.py:3441} INFO - Setting next_dagrun for example_task_group to 2024-04-26T13:47:53.047695+00:00, run_after=2024-04-27T13:47:53.047695+00:00
[2024-04-27T13:47:53.090+0000] {processor.py:175} INFO - Processing /home/airflow/.local/lib/python3.7/site-packages/airflow/example_dags/example_task_group.py took 0.202 seconds
[2024-04-27T13:48:24.024+0000] {processor.py:153} INFO - Started process (PID=598) to work on /home/airflow/.local/lib/python3.7/site-packages/airflow/example_dags/example_task_group.py
[2024-04-27T13:48:24.031+0000] {processor.py:743} INFO - Processing file /home/airflow/.local/lib/python3.7/site-packages/airflow/example_dags/example_task_group.py for tasks to queue
[2024-04-27T13:48:24.033+0000] {logging_mixin.py:137} INFO - [2024-04-27T13:48:24.033+0000] {dagbag.py:538} INFO - Filling up the DagBag from /home/airflow/.local/lib/python3.7/site-packages/airflow/example_dags/example_task_group.py
[2024-04-27T13:48:24.125+0000] {processor.py:753} INFO - DAG(s) dict_keys(['example_task_group']) retrieved from /home/airflow/.local/lib/python3.7/site-packages/airflow/example_dags/example_task_group.py
[2024-04-27T13:48:24.179+0000] {logging_mixin.py:137} INFO - [2024-04-27T13:48:24.177+0000] {dag.py:2690} INFO - Sync 1 DAGs
[2024-04-27T13:48:24.232+0000] {logging_mixin.py:137} INFO - [2024-04-27T13:48:24.232+0000] {dag.py:3441} INFO - Setting next_dagrun for example_task_group to 2024-04-26T13:48:24.231647+00:00, run_after=2024-04-27T13:48:24.231647+00:00
[2024-04-27T13:48:24.306+0000] {processor.py:175} INFO - Processing /home/airflow/.local/lib/python3.7/site-packages/airflow/example_dags/example_task_group.py took 0.296 seconds
[2024-04-27T13:48:55.113+0000] {processor.py:153} INFO - Started process (PID=662) to work on /home/airflow/.local/lib/python3.7/site-packages/airflow/example_dags/example_task_group.py
[2024-04-27T13:48:55.114+0000] {processor.py:743} INFO - Processing file /home/airflow/.local/lib/python3.7/site-packages/airflow/example_dags/example_task_group.py for tasks to queue
[2024-04-27T13:48:55.115+0000] {logging_mixin.py:137} INFO - [2024-04-27T13:48:55.115+0000] {dagbag.py:538} INFO - Filling up the DagBag from /home/airflow/.local/lib/python3.7/site-packages/airflow/example_dags/example_task_group.py
[2024-04-27T13:48:55.143+0000] {processor.py:753} INFO - DAG(s) dict_keys(['example_task_group']) retrieved from /home/airflow/.local/lib/python3.7/site-packages/airflow/example_dags/example_task_group.py
[2024-04-27T13:48:55.178+0000] {logging_mixin.py:137} INFO - [2024-04-27T13:48:55.178+0000] {dag.py:2690} INFO - Sync 1 DAGs
[2024-04-27T13:48:55.213+0000] {logging_mixin.py:137} INFO - [2024-04-27T13:48:55.213+0000] {dag.py:3441} INFO - Setting next_dagrun for example_task_group to 2024-04-26T13:48:55.213408+00:00, run_after=2024-04-27T13:48:55.213408+00:00
[2024-04-27T13:48:55.243+0000] {processor.py:175} INFO - Processing /home/airflow/.local/lib/python3.7/site-packages/airflow/example_dags/example_task_group.py took 0.136 seconds
[2024-04-27T13:49:25.692+0000] {processor.py:153} INFO - Started process (PID=726) to work on /home/airflow/.local/lib/python3.7/site-packages/airflow/example_dags/example_task_group.py
[2024-04-27T13:49:25.705+0000] {processor.py:743} INFO - Processing file /home/airflow/.local/lib/python3.7/site-packages/airflow/example_dags/example_task_group.py for tasks to queue
[2024-04-27T13:49:25.706+0000] {logging_mixin.py:137} INFO - [2024-04-27T13:49:25.706+0000] {dagbag.py:538} INFO - Filling up the DagBag from /home/airflow/.local/lib/python3.7/site-packages/airflow/example_dags/example_task_group.py
[2024-04-27T13:49:25.743+0000] {processor.py:753} INFO - DAG(s) dict_keys(['example_task_group']) retrieved from /home/airflow/.local/lib/python3.7/site-packages/airflow/example_dags/example_task_group.py
[2024-04-27T13:49:25.795+0000] {logging_mixin.py:137} INFO - [2024-04-27T13:49:25.795+0000] {dag.py:2690} INFO - Sync 1 DAGs
[2024-04-27T13:49:25.843+0000] {logging_mixin.py:137} INFO - [2024-04-27T13:49:25.842+0000] {dag.py:3441} INFO - Setting next_dagrun for example_task_group to 2024-04-26T13:49:25.842522+00:00, run_after=2024-04-27T13:49:25.842522+00:00
[2024-04-27T13:49:25.878+0000] {processor.py:175} INFO - Processing /home/airflow/.local/lib/python3.7/site-packages/airflow/example_dags/example_task_group.py took 0.192 seconds
[2024-04-27T13:49:56.277+0000] {processor.py:153} INFO - Started process (PID=790) to work on /home/airflow/.local/lib/python3.7/site-packages/airflow/example_dags/example_task_group.py
[2024-04-27T13:49:56.278+0000] {processor.py:743} INFO - Processing file /home/airflow/.local/lib/python3.7/site-packages/airflow/example_dags/example_task_group.py for tasks to queue
[2024-04-27T13:49:56.279+0000] {logging_mixin.py:137} INFO - [2024-04-27T13:49:56.279+0000] {dagbag.py:538} INFO - Filling up the DagBag from /home/airflow/.local/lib/python3.7/site-packages/airflow/example_dags/example_task_group.py
[2024-04-27T13:49:56.309+0000] {processor.py:753} INFO - DAG(s) dict_keys(['example_task_group']) retrieved from /home/airflow/.local/lib/python3.7/site-packages/airflow/example_dags/example_task_group.py
[2024-04-27T13:49:56.354+0000] {logging_mixin.py:137} INFO - [2024-04-27T13:49:56.353+0000] {dag.py:2690} INFO - Sync 1 DAGs
[2024-04-27T13:49:56.404+0000] {logging_mixin.py:137} INFO - [2024-04-27T13:49:56.404+0000] {dag.py:3441} INFO - Setting next_dagrun for example_task_group to 2024-04-26T13:49:56.404044+00:00, run_after=2024-04-27T13:49:56.404044+00:00
[2024-04-27T13:49:56.434+0000] {processor.py:175} INFO - Processing /home/airflow/.local/lib/python3.7/site-packages/airflow/example_dags/example_task_group.py took 0.164 seconds
[2024-04-27T13:50:26.890+0000] {processor.py:153} INFO - Started process (PID=864) to work on /home/airflow/.local/lib/python3.7/site-packages/airflow/example_dags/example_task_group.py
[2024-04-27T13:50:26.891+0000] {processor.py:743} INFO - Processing file /home/airflow/.local/lib/python3.7/site-packages/airflow/example_dags/example_task_group.py for tasks to queue
[2024-04-27T13:50:26.892+0000] {logging_mixin.py:137} INFO - [2024-04-27T13:50:26.892+0000] {dagbag.py:538} INFO - Filling up the DagBag from /home/airflow/.local/lib/python3.7/site-packages/airflow/example_dags/example_task_group.py
[2024-04-27T13:50:26.922+0000] {processor.py:753} INFO - DAG(s) dict_keys(['example_task_group']) retrieved from /home/airflow/.local/lib/python3.7/site-packages/airflow/example_dags/example_task_group.py
[2024-04-27T13:50:26.965+0000] {logging_mixin.py:137} INFO - [2024-04-27T13:50:26.965+0000] {dag.py:2690} INFO - Sync 1 DAGs
[2024-04-27T13:50:27.019+0000] {logging_mixin.py:137} INFO - [2024-04-27T13:50:27.019+0000] {dag.py:3441} INFO - Setting next_dagrun for example_task_group to 2024-04-26T13:50:27.018929+00:00, run_after=2024-04-27T13:50:27.018929+00:00
[2024-04-27T13:50:27.052+0000] {processor.py:175} INFO - Processing /home/airflow/.local/lib/python3.7/site-packages/airflow/example_dags/example_task_group.py took 0.166 seconds
[2024-04-27T13:50:57.661+0000] {processor.py:153} INFO - Started process (PID=927) to work on /home/airflow/.local/lib/python3.7/site-packages/airflow/example_dags/example_task_group.py
[2024-04-27T13:50:57.664+0000] {processor.py:743} INFO - Processing file /home/airflow/.local/lib/python3.7/site-packages/airflow/example_dags/example_task_group.py for tasks to queue
[2024-04-27T13:50:57.666+0000] {logging_mixin.py:137} INFO - [2024-04-27T13:50:57.665+0000] {dagbag.py:538} INFO - Filling up the DagBag from /home/airflow/.local/lib/python3.7/site-packages/airflow/example_dags/example_task_group.py
[2024-04-27T13:50:57.733+0000] {processor.py:753} INFO - DAG(s) dict_keys(['example_task_group']) retrieved from /home/airflow/.local/lib/python3.7/site-packages/airflow/example_dags/example_task_group.py
[2024-04-27T13:50:57.780+0000] {logging_mixin.py:137} INFO - [2024-04-27T13:50:57.780+0000] {dag.py:2690} INFO - Sync 1 DAGs
[2024-04-27T13:50:57.826+0000] {logging_mixin.py:137} INFO - [2024-04-27T13:50:57.826+0000] {dag.py:3441} INFO - Setting next_dagrun for example_task_group to 2024-04-26T13:50:57.826493+00:00, run_after=2024-04-27T13:50:57.826493+00:00
[2024-04-27T13:50:57.856+0000] {processor.py:175} INFO - Processing /home/airflow/.local/lib/python3.7/site-packages/airflow/example_dags/example_task_group.py took 0.209 seconds
[2024-04-27T13:51:28.393+0000] {processor.py:153} INFO - Started process (PID=990) to work on /home/airflow/.local/lib/python3.7/site-packages/airflow/example_dags/example_task_group.py
[2024-04-27T13:51:28.394+0000] {processor.py:743} INFO - Processing file /home/airflow/.local/lib/python3.7/site-packages/airflow/example_dags/example_task_group.py for tasks to queue
[2024-04-27T13:51:28.395+0000] {logging_mixin.py:137} INFO - [2024-04-27T13:51:28.395+0000] {dagbag.py:538} INFO - Filling up the DagBag from /home/airflow/.local/lib/python3.7/site-packages/airflow/example_dags/example_task_group.py
[2024-04-27T13:51:28.424+0000] {processor.py:753} INFO - DAG(s) dict_keys(['example_task_group']) retrieved from /home/airflow/.local/lib/python3.7/site-packages/airflow/example_dags/example_task_group.py
[2024-04-27T13:51:28.471+0000] {logging_mixin.py:137} INFO - [2024-04-27T13:51:28.471+0000] {dag.py:2690} INFO - Sync 1 DAGs
[2024-04-27T13:51:28.525+0000] {logging_mixin.py:137} INFO - [2024-04-27T13:51:28.525+0000] {dag.py:3441} INFO - Setting next_dagrun for example_task_group to 2024-04-26T13:51:28.525211+00:00, run_after=2024-04-27T13:51:28.525211+00:00
[2024-04-27T13:51:28.560+0000] {processor.py:175} INFO - Processing /home/airflow/.local/lib/python3.7/site-packages/airflow/example_dags/example_task_group.py took 0.172 seconds
[2024-04-27T13:51:58.884+0000] {processor.py:153} INFO - Started process (PID=1052) to work on /home/airflow/.local/lib/python3.7/site-packages/airflow/example_dags/example_task_group.py
[2024-04-27T13:51:58.885+0000] {processor.py:743} INFO - Processing file /home/airflow/.local/lib/python3.7/site-packages/airflow/example_dags/example_task_group.py for tasks to queue
[2024-04-27T13:51:58.886+0000] {logging_mixin.py:137} INFO - [2024-04-27T13:51:58.886+0000] {dagbag.py:538} INFO - Filling up the DagBag from /home/airflow/.local/lib/python3.7/site-packages/airflow/example_dags/example_task_group.py
[2024-04-27T13:51:58.906+0000] {processor.py:753} INFO - DAG(s) dict_keys(['example_task_group']) retrieved from /home/airflow/.local/lib/python3.7/site-packages/airflow/example_dags/example_task_group.py
[2024-04-27T13:51:58.949+0000] {logging_mixin.py:137} INFO - [2024-04-27T13:51:58.949+0000] {dag.py:2690} INFO - Sync 1 DAGs
[2024-04-27T13:51:58.988+0000] {logging_mixin.py:137} INFO - [2024-04-27T13:51:58.988+0000] {dag.py:3441} INFO - Setting next_dagrun for example_task_group to 2024-04-26T13:51:58.988152+00:00, run_after=2024-04-27T13:51:58.988152+00:00
[2024-04-27T13:51:59.012+0000] {processor.py:175} INFO - Processing /home/airflow/.local/lib/python3.7/site-packages/airflow/example_dags/example_task_group.py took 0.133 seconds
[2024-04-27T13:52:29.652+0000] {processor.py:153} INFO - Started process (PID=1128) to work on /home/airflow/.local/lib/python3.7/site-packages/airflow/example_dags/example_task_group.py
[2024-04-27T13:52:29.653+0000] {processor.py:743} INFO - Processing file /home/airflow/.local/lib/python3.7/site-packages/airflow/example_dags/example_task_group.py for tasks to queue
[2024-04-27T13:52:29.654+0000] {logging_mixin.py:137} INFO - [2024-04-27T13:52:29.654+0000] {dagbag.py:538} INFO - Filling up the DagBag from /home/airflow/.local/lib/python3.7/site-packages/airflow/example_dags/example_task_group.py
[2024-04-27T13:52:29.684+0000] {processor.py:753} INFO - DAG(s) dict_keys(['example_task_group']) retrieved from /home/airflow/.local/lib/python3.7/site-packages/airflow/example_dags/example_task_group.py
[2024-04-27T13:52:29.733+0000] {logging_mixin.py:137} INFO - [2024-04-27T13:52:29.733+0000] {dag.py:2690} INFO - Sync 1 DAGs
[2024-04-27T13:52:29.781+0000] {logging_mixin.py:137} INFO - [2024-04-27T13:52:29.781+0000] {dag.py:3441} INFO - Setting next_dagrun for example_task_group to 2024-04-26T13:52:29.780748+00:00, run_after=2024-04-27T13:52:29.780748+00:00
[2024-04-27T13:52:29.813+0000] {processor.py:175} INFO - Processing /home/airflow/.local/lib/python3.7/site-packages/airflow/example_dags/example_task_group.py took 0.167 seconds
[2024-04-27T13:53:00.551+0000] {processor.py:153} INFO - Started process (PID=1192) to work on /home/airflow/.local/lib/python3.7/site-packages/airflow/example_dags/example_task_group.py
[2024-04-27T13:53:00.552+0000] {processor.py:743} INFO - Processing file /home/airflow/.local/lib/python3.7/site-packages/airflow/example_dags/example_task_group.py for tasks to queue
[2024-04-27T13:53:00.554+0000] {logging_mixin.py:137} INFO - [2024-04-27T13:53:00.554+0000] {dagbag.py:538} INFO - Filling up the DagBag from /home/airflow/.local/lib/python3.7/site-packages/airflow/example_dags/example_task_group.py
[2024-04-27T13:53:00.585+0000] {processor.py:753} INFO - DAG(s) dict_keys(['example_task_group']) retrieved from /home/airflow/.local/lib/python3.7/site-packages/airflow/example_dags/example_task_group.py
[2024-04-27T13:53:00.634+0000] {logging_mixin.py:137} INFO - [2024-04-27T13:53:00.633+0000] {dag.py:2690} INFO - Sync 1 DAGs
[2024-04-27T13:53:00.681+0000] {logging_mixin.py:137} INFO - [2024-04-27T13:53:00.681+0000] {dag.py:3441} INFO - Setting next_dagrun for example_task_group to 2024-04-26T13:53:00.681118+00:00, run_after=2024-04-27T13:53:00.681118+00:00
[2024-04-27T13:53:00.713+0000] {processor.py:175} INFO - Processing /home/airflow/.local/lib/python3.7/site-packages/airflow/example_dags/example_task_group.py took 0.170 seconds
[2024-04-27T13:53:31.607+0000] {processor.py:153} INFO - Started process (PID=1255) to work on /home/airflow/.local/lib/python3.7/site-packages/airflow/example_dags/example_task_group.py
[2024-04-27T13:53:31.612+0000] {processor.py:743} INFO - Processing file /home/airflow/.local/lib/python3.7/site-packages/airflow/example_dags/example_task_group.py for tasks to queue
[2024-04-27T13:53:31.614+0000] {logging_mixin.py:137} INFO - [2024-04-27T13:53:31.613+0000] {dagbag.py:538} INFO - Filling up the DagBag from /home/airflow/.local/lib/python3.7/site-packages/airflow/example_dags/example_task_group.py
[2024-04-27T13:53:31.646+0000] {processor.py:753} INFO - DAG(s) dict_keys(['example_task_group']) retrieved from /home/airflow/.local/lib/python3.7/site-packages/airflow/example_dags/example_task_group.py
[2024-04-27T13:53:31.720+0000] {logging_mixin.py:137} INFO - [2024-04-27T13:53:31.719+0000] {dag.py:2690} INFO - Sync 1 DAGs
[2024-04-27T13:53:31.791+0000] {logging_mixin.py:137} INFO - [2024-04-27T13:53:31.791+0000] {dag.py:3441} INFO - Setting next_dagrun for example_task_group to 2024-04-26T13:53:31.791103+00:00, run_after=2024-04-27T13:53:31.791103+00:00
[2024-04-27T13:53:31.825+0000] {processor.py:175} INFO - Processing /home/airflow/.local/lib/python3.7/site-packages/airflow/example_dags/example_task_group.py took 0.225 seconds
[2024-04-27T13:54:02.210+0000] {processor.py:153} INFO - Started process (PID=1331) to work on /home/airflow/.local/lib/python3.7/site-packages/airflow/example_dags/example_task_group.py
[2024-04-27T13:54:02.217+0000] {processor.py:743} INFO - Processing file /home/airflow/.local/lib/python3.7/site-packages/airflow/example_dags/example_task_group.py for tasks to queue
[2024-04-27T13:54:02.218+0000] {logging_mixin.py:137} INFO - [2024-04-27T13:54:02.218+0000] {dagbag.py:538} INFO - Filling up the DagBag from /home/airflow/.local/lib/python3.7/site-packages/airflow/example_dags/example_task_group.py
[2024-04-27T13:54:02.273+0000] {processor.py:753} INFO - DAG(s) dict_keys(['example_task_group']) retrieved from /home/airflow/.local/lib/python3.7/site-packages/airflow/example_dags/example_task_group.py
[2024-04-27T13:54:02.332+0000] {logging_mixin.py:137} INFO - [2024-04-27T13:54:02.332+0000] {dag.py:2690} INFO - Sync 1 DAGs
[2024-04-27T13:54:02.384+0000] {logging_mixin.py:137} INFO - [2024-04-27T13:54:02.384+0000] {dag.py:3441} INFO - Setting next_dagrun for example_task_group to 2024-04-26T13:54:02.383754+00:00, run_after=2024-04-27T13:54:02.383754+00:00
[2024-04-27T13:54:02.431+0000] {processor.py:175} INFO - Processing /home/airflow/.local/lib/python3.7/site-packages/airflow/example_dags/example_task_group.py took 0.227 seconds
[2024-04-27T14:03:19.354+0000] {processor.py:157} INFO - Started process (PID=69) to work on /home/airflow/.local/lib/python3.8/site-packages/airflow/example_dags/example_task_group.py
[2024-04-27T14:03:19.355+0000] {processor.py:829} INFO - Processing file /home/airflow/.local/lib/python3.8/site-packages/airflow/example_dags/example_task_group.py for tasks to queue
[2024-04-27T14:03:19.358+0000] {logging_mixin.py:151} INFO - [2024-04-27T14:03:19.358+0000] {dagbag.py:539} INFO - Filling up the DagBag from /home/airflow/.local/lib/python3.8/site-packages/airflow/example_dags/example_task_group.py
[2024-04-27T14:03:19.376+0000] {processor.py:839} INFO - DAG(s) dict_keys(['example_task_group']) retrieved from /home/airflow/.local/lib/python3.8/site-packages/airflow/example_dags/example_task_group.py
[2024-04-27T14:03:19.723+0000] {logging_mixin.py:151} INFO - [2024-04-27T14:03:19.723+0000] {manager.py:501} INFO - Created Permission View: can read on DAG:example_task_group
[2024-04-27T14:03:19.747+0000] {logging_mixin.py:151} INFO - [2024-04-27T14:03:19.747+0000] {manager.py:501} INFO - Created Permission View: can edit on DAG:example_task_group
[2024-04-27T14:03:19.762+0000] {logging_mixin.py:151} INFO - [2024-04-27T14:03:19.761+0000] {manager.py:501} INFO - Created Permission View: can delete on DAG:example_task_group
[2024-04-27T14:03:19.788+0000] {logging_mixin.py:151} INFO - [2024-04-27T14:03:19.788+0000] {dag.py:2907} INFO - Sync 1 DAGs
[2024-04-27T14:03:19.824+0000] {logging_mixin.py:151} INFO - [2024-04-27T14:03:19.824+0000] {dag.py:2929} INFO - Creating ORM DAG for example_task_group
[2024-04-27T14:03:19.842+0000] {logging_mixin.py:151} INFO - [2024-04-27T14:03:19.841+0000] {dag.py:3677} INFO - Setting next_dagrun for example_task_group to 2024-04-26T14:03:19.841503+00:00, run_after=2024-04-27T14:03:19.841503+00:00
[2024-04-27T14:03:19.870+0000] {processor.py:179} INFO - Processing /home/airflow/.local/lib/python3.8/site-packages/airflow/example_dags/example_task_group.py took 0.521 seconds
[2024-04-27T14:03:50.487+0000] {processor.py:157} INFO - Started process (PID=132) to work on /home/airflow/.local/lib/python3.8/site-packages/airflow/example_dags/example_task_group.py
[2024-04-27T14:03:50.488+0000] {processor.py:829} INFO - Processing file /home/airflow/.local/lib/python3.8/site-packages/airflow/example_dags/example_task_group.py for tasks to queue
[2024-04-27T14:03:50.492+0000] {logging_mixin.py:151} INFO - [2024-04-27T14:03:50.492+0000] {dagbag.py:539} INFO - Filling up the DagBag from /home/airflow/.local/lib/python3.8/site-packages/airflow/example_dags/example_task_group.py
[2024-04-27T14:03:50.511+0000] {processor.py:839} INFO - DAG(s) dict_keys(['example_task_group']) retrieved from /home/airflow/.local/lib/python3.8/site-packages/airflow/example_dags/example_task_group.py
[2024-04-27T14:03:50.574+0000] {logging_mixin.py:151} INFO - [2024-04-27T14:03:50.574+0000] {dag.py:2907} INFO - Sync 1 DAGs
[2024-04-27T14:03:50.622+0000] {logging_mixin.py:151} INFO - [2024-04-27T14:03:50.622+0000] {dag.py:3677} INFO - Setting next_dagrun for example_task_group to 2024-04-26T14:03:50.621846+00:00, run_after=2024-04-27T14:03:50.621846+00:00
[2024-04-27T14:03:50.666+0000] {processor.py:179} INFO - Processing /home/airflow/.local/lib/python3.8/site-packages/airflow/example_dags/example_task_group.py took 0.185 seconds
[2024-04-27T14:04:20.900+0000] {processor.py:157} INFO - Started process (PID=194) to work on /home/airflow/.local/lib/python3.8/site-packages/airflow/example_dags/example_task_group.py
[2024-04-27T14:04:20.901+0000] {processor.py:829} INFO - Processing file /home/airflow/.local/lib/python3.8/site-packages/airflow/example_dags/example_task_group.py for tasks to queue
[2024-04-27T14:04:20.904+0000] {logging_mixin.py:151} INFO - [2024-04-27T14:04:20.903+0000] {dagbag.py:539} INFO - Filling up the DagBag from /home/airflow/.local/lib/python3.8/site-packages/airflow/example_dags/example_task_group.py
[2024-04-27T14:04:20.915+0000] {processor.py:839} INFO - DAG(s) dict_keys(['example_task_group']) retrieved from /home/airflow/.local/lib/python3.8/site-packages/airflow/example_dags/example_task_group.py
[2024-04-27T14:04:20.954+0000] {logging_mixin.py:151} INFO - [2024-04-27T14:04:20.953+0000] {dag.py:2907} INFO - Sync 1 DAGs
[2024-04-27T14:04:20.989+0000] {logging_mixin.py:151} INFO - [2024-04-27T14:04:20.989+0000] {dag.py:3677} INFO - Setting next_dagrun for example_task_group to 2024-04-26T14:04:20.989370+00:00, run_after=2024-04-27T14:04:20.989370+00:00
[2024-04-27T14:04:21.018+0000] {processor.py:179} INFO - Processing /home/airflow/.local/lib/python3.8/site-packages/airflow/example_dags/example_task_group.py took 0.123 seconds
[2024-04-27T14:04:51.415+0000] {processor.py:157} INFO - Started process (PID=265) to work on /home/airflow/.local/lib/python3.8/site-packages/airflow/example_dags/example_task_group.py
[2024-04-27T14:04:51.416+0000] {processor.py:829} INFO - Processing file /home/airflow/.local/lib/python3.8/site-packages/airflow/example_dags/example_task_group.py for tasks to queue
[2024-04-27T14:04:51.420+0000] {logging_mixin.py:151} INFO - [2024-04-27T14:04:51.420+0000] {dagbag.py:539} INFO - Filling up the DagBag from /home/airflow/.local/lib/python3.8/site-packages/airflow/example_dags/example_task_group.py
[2024-04-27T14:04:51.437+0000] {processor.py:839} INFO - DAG(s) dict_keys(['example_task_group']) retrieved from /home/airflow/.local/lib/python3.8/site-packages/airflow/example_dags/example_task_group.py
[2024-04-27T14:04:51.477+0000] {logging_mixin.py:151} INFO - [2024-04-27T14:04:51.476+0000] {dag.py:2907} INFO - Sync 1 DAGs
[2024-04-27T14:04:51.517+0000] {logging_mixin.py:151} INFO - [2024-04-27T14:04:51.517+0000] {dag.py:3677} INFO - Setting next_dagrun for example_task_group to 2024-04-26T14:04:51.516787+00:00, run_after=2024-04-27T14:04:51.516787+00:00
[2024-04-27T14:04:51.546+0000] {processor.py:179} INFO - Processing /home/airflow/.local/lib/python3.8/site-packages/airflow/example_dags/example_task_group.py took 0.141 seconds
[2024-04-27T14:05:21.677+0000] {processor.py:157} INFO - Started process (PID=329) to work on /home/airflow/.local/lib/python3.8/site-packages/airflow/example_dags/example_task_group.py
[2024-04-27T14:05:21.679+0000] {processor.py:829} INFO - Processing file /home/airflow/.local/lib/python3.8/site-packages/airflow/example_dags/example_task_group.py for tasks to queue
[2024-04-27T14:05:21.682+0000] {logging_mixin.py:151} INFO - [2024-04-27T14:05:21.682+0000] {dagbag.py:539} INFO - Filling up the DagBag from /home/airflow/.local/lib/python3.8/site-packages/airflow/example_dags/example_task_group.py
[2024-04-27T14:05:21.700+0000] {processor.py:839} INFO - DAG(s) dict_keys(['example_task_group']) retrieved from /home/airflow/.local/lib/python3.8/site-packages/airflow/example_dags/example_task_group.py
[2024-04-27T14:05:21.742+0000] {logging_mixin.py:151} INFO - [2024-04-27T14:05:21.742+0000] {dag.py:2907} INFO - Sync 1 DAGs
[2024-04-27T14:05:21.784+0000] {logging_mixin.py:151} INFO - [2024-04-27T14:05:21.784+0000] {dag.py:3677} INFO - Setting next_dagrun for example_task_group to 2024-04-26T14:05:21.784350+00:00, run_after=2024-04-27T14:05:21.784350+00:00
[2024-04-27T14:05:21.816+0000] {processor.py:179} INFO - Processing /home/airflow/.local/lib/python3.8/site-packages/airflow/example_dags/example_task_group.py took 0.144 seconds
[2024-04-27T14:05:51.973+0000] {processor.py:157} INFO - Started process (PID=393) to work on /home/airflow/.local/lib/python3.8/site-packages/airflow/example_dags/example_task_group.py
[2024-04-27T14:05:51.973+0000] {processor.py:829} INFO - Processing file /home/airflow/.local/lib/python3.8/site-packages/airflow/example_dags/example_task_group.py for tasks to queue
[2024-04-27T14:05:51.976+0000] {logging_mixin.py:151} INFO - [2024-04-27T14:05:51.976+0000] {dagbag.py:539} INFO - Filling up the DagBag from /home/airflow/.local/lib/python3.8/site-packages/airflow/example_dags/example_task_group.py
[2024-04-27T14:05:51.986+0000] {processor.py:839} INFO - DAG(s) dict_keys(['example_task_group']) retrieved from /home/airflow/.local/lib/python3.8/site-packages/airflow/example_dags/example_task_group.py
[2024-04-27T14:05:52.024+0000] {logging_mixin.py:151} INFO - [2024-04-27T14:05:52.023+0000] {dag.py:2907} INFO - Sync 1 DAGs
[2024-04-27T14:05:52.053+0000] {logging_mixin.py:151} INFO - [2024-04-27T14:05:52.053+0000] {dag.py:3677} INFO - Setting next_dagrun for example_task_group to 2024-04-26T14:05:52.053213+00:00, run_after=2024-04-27T14:05:52.053213+00:00
[2024-04-27T14:05:52.079+0000] {processor.py:179} INFO - Processing /home/airflow/.local/lib/python3.8/site-packages/airflow/example_dags/example_task_group.py took 0.111 seconds
[2024-04-27T14:06:22.432+0000] {processor.py:157} INFO - Started process (PID=462) to work on /home/airflow/.local/lib/python3.8/site-packages/airflow/example_dags/example_task_group.py
[2024-04-27T14:06:22.433+0000] {processor.py:829} INFO - Processing file /home/airflow/.local/lib/python3.8/site-packages/airflow/example_dags/example_task_group.py for tasks to queue
[2024-04-27T14:06:22.439+0000] {logging_mixin.py:151} INFO - [2024-04-27T14:06:22.438+0000] {dagbag.py:539} INFO - Filling up the DagBag from /home/airflow/.local/lib/python3.8/site-packages/airflow/example_dags/example_task_group.py
[2024-04-27T14:06:22.453+0000] {processor.py:839} INFO - DAG(s) dict_keys(['example_task_group']) retrieved from /home/airflow/.local/lib/python3.8/site-packages/airflow/example_dags/example_task_group.py
[2024-04-27T14:06:22.495+0000] {logging_mixin.py:151} INFO - [2024-04-27T14:06:22.495+0000] {dag.py:2907} INFO - Sync 1 DAGs
[2024-04-27T14:06:22.536+0000] {logging_mixin.py:151} INFO - [2024-04-27T14:06:22.536+0000] {dag.py:3677} INFO - Setting next_dagrun for example_task_group to 2024-04-26T14:06:22.535852+00:00, run_after=2024-04-27T14:06:22.535852+00:00
[2024-04-27T14:06:22.570+0000] {processor.py:179} INFO - Processing /home/airflow/.local/lib/python3.8/site-packages/airflow/example_dags/example_task_group.py took 0.143 seconds
[2024-04-27T14:06:52.970+0000] {processor.py:157} INFO - Started process (PID=528) to work on /home/airflow/.local/lib/python3.8/site-packages/airflow/example_dags/example_task_group.py
[2024-04-27T14:06:52.971+0000] {processor.py:829} INFO - Processing file /home/airflow/.local/lib/python3.8/site-packages/airflow/example_dags/example_task_group.py for tasks to queue
[2024-04-27T14:06:52.973+0000] {logging_mixin.py:151} INFO - [2024-04-27T14:06:52.973+0000] {dagbag.py:539} INFO - Filling up the DagBag from /home/airflow/.local/lib/python3.8/site-packages/airflow/example_dags/example_task_group.py
[2024-04-27T14:06:52.982+0000] {processor.py:839} INFO - DAG(s) dict_keys(['example_task_group']) retrieved from /home/airflow/.local/lib/python3.8/site-packages/airflow/example_dags/example_task_group.py
[2024-04-27T14:06:53.013+0000] {logging_mixin.py:151} INFO - [2024-04-27T14:06:53.013+0000] {dag.py:2907} INFO - Sync 1 DAGs
[2024-04-27T14:06:53.040+0000] {logging_mixin.py:151} INFO - [2024-04-27T14:06:53.039+0000] {dag.py:3677} INFO - Setting next_dagrun for example_task_group to 2024-04-26T14:06:53.039468+00:00, run_after=2024-04-27T14:06:53.039468+00:00
[2024-04-27T14:06:53.062+0000] {processor.py:179} INFO - Processing /home/airflow/.local/lib/python3.8/site-packages/airflow/example_dags/example_task_group.py took 0.096 seconds
[2024-04-27T14:07:23.831+0000] {processor.py:157} INFO - Started process (PID=593) to work on /home/airflow/.local/lib/python3.8/site-packages/airflow/example_dags/example_task_group.py
[2024-04-27T14:07:23.832+0000] {processor.py:829} INFO - Processing file /home/airflow/.local/lib/python3.8/site-packages/airflow/example_dags/example_task_group.py for tasks to queue
[2024-04-27T14:07:23.834+0000] {logging_mixin.py:151} INFO - [2024-04-27T14:07:23.834+0000] {dagbag.py:539} INFO - Filling up the DagBag from /home/airflow/.local/lib/python3.8/site-packages/airflow/example_dags/example_task_group.py
[2024-04-27T14:07:23.843+0000] {processor.py:839} INFO - DAG(s) dict_keys(['example_task_group']) retrieved from /home/airflow/.local/lib/python3.8/site-packages/airflow/example_dags/example_task_group.py
[2024-04-27T14:07:23.878+0000] {logging_mixin.py:151} INFO - [2024-04-27T14:07:23.878+0000] {dag.py:2907} INFO - Sync 1 DAGs
[2024-04-27T14:07:23.907+0000] {logging_mixin.py:151} INFO - [2024-04-27T14:07:23.907+0000] {dag.py:3677} INFO - Setting next_dagrun for example_task_group to 2024-04-26T14:07:23.906982+00:00, run_after=2024-04-27T14:07:23.906982+00:00
[2024-04-27T14:07:23.934+0000] {processor.py:179} INFO - Processing /home/airflow/.local/lib/python3.8/site-packages/airflow/example_dags/example_task_group.py took 0.108 seconds
[2024-04-27T14:11:47.541+0000] {processor.py:157} INFO - Started process (PID=68) to work on /home/airflow/.local/lib/python3.8/site-packages/airflow/example_dags/example_task_group.py
[2024-04-27T14:11:47.543+0000] {processor.py:829} INFO - Processing file /home/airflow/.local/lib/python3.8/site-packages/airflow/example_dags/example_task_group.py for tasks to queue
[2024-04-27T14:11:47.546+0000] {logging_mixin.py:151} INFO - [2024-04-27T14:11:47.546+0000] {dagbag.py:539} INFO - Filling up the DagBag from /home/airflow/.local/lib/python3.8/site-packages/airflow/example_dags/example_task_group.py
[2024-04-27T14:11:47.589+0000] {processor.py:839} INFO - DAG(s) dict_keys(['example_task_group']) retrieved from /home/airflow/.local/lib/python3.8/site-packages/airflow/example_dags/example_task_group.py
[2024-04-27T14:11:48.067+0000] {logging_mixin.py:151} INFO - [2024-04-27T14:11:48.066+0000] {dag.py:2907} INFO - Sync 1 DAGs
[2024-04-27T14:11:48.129+0000] {logging_mixin.py:151} INFO - [2024-04-27T14:11:48.129+0000] {dag.py:3677} INFO - Setting next_dagrun for example_task_group to 2024-04-26T14:11:48.129255+00:00, run_after=2024-04-27T14:11:48.129255+00:00
[2024-04-27T14:11:48.179+0000] {processor.py:179} INFO - Processing /home/airflow/.local/lib/python3.8/site-packages/airflow/example_dags/example_task_group.py took 0.643 seconds
[2024-04-27T14:12:18.796+0000] {processor.py:157} INFO - Started process (PID=131) to work on /home/airflow/.local/lib/python3.8/site-packages/airflow/example_dags/example_task_group.py
[2024-04-27T14:12:18.797+0000] {processor.py:829} INFO - Processing file /home/airflow/.local/lib/python3.8/site-packages/airflow/example_dags/example_task_group.py for tasks to queue
[2024-04-27T14:12:18.801+0000] {logging_mixin.py:151} INFO - [2024-04-27T14:12:18.800+0000] {dagbag.py:539} INFO - Filling up the DagBag from /home/airflow/.local/lib/python3.8/site-packages/airflow/example_dags/example_task_group.py
[2024-04-27T14:12:18.813+0000] {processor.py:839} INFO - DAG(s) dict_keys(['example_task_group']) retrieved from /home/airflow/.local/lib/python3.8/site-packages/airflow/example_dags/example_task_group.py
[2024-04-27T14:12:18.850+0000] {logging_mixin.py:151} INFO - [2024-04-27T14:12:18.850+0000] {dag.py:2907} INFO - Sync 1 DAGs
[2024-04-27T14:12:18.891+0000] {logging_mixin.py:151} INFO - [2024-04-27T14:12:18.890+0000] {dag.py:3677} INFO - Setting next_dagrun for example_task_group to 2024-04-26T14:12:18.890483+00:00, run_after=2024-04-27T14:12:18.890483+00:00
[2024-04-27T14:12:18.922+0000] {processor.py:179} INFO - Processing /home/airflow/.local/lib/python3.8/site-packages/airflow/example_dags/example_task_group.py took 0.132 seconds
[2024-04-27T14:12:49.357+0000] {processor.py:157} INFO - Started process (PID=193) to work on /home/airflow/.local/lib/python3.8/site-packages/airflow/example_dags/example_task_group.py
[2024-04-27T14:12:49.359+0000] {processor.py:829} INFO - Processing file /home/airflow/.local/lib/python3.8/site-packages/airflow/example_dags/example_task_group.py for tasks to queue
[2024-04-27T14:12:49.362+0000] {logging_mixin.py:151} INFO - [2024-04-27T14:12:49.362+0000] {dagbag.py:539} INFO - Filling up the DagBag from /home/airflow/.local/lib/python3.8/site-packages/airflow/example_dags/example_task_group.py
[2024-04-27T14:12:49.382+0000] {processor.py:839} INFO - DAG(s) dict_keys(['example_task_group']) retrieved from /home/airflow/.local/lib/python3.8/site-packages/airflow/example_dags/example_task_group.py
[2024-04-27T14:12:49.424+0000] {logging_mixin.py:151} INFO - [2024-04-27T14:12:49.424+0000] {dag.py:2907} INFO - Sync 1 DAGs
[2024-04-27T14:12:49.476+0000] {logging_mixin.py:151} INFO - [2024-04-27T14:12:49.476+0000] {dag.py:3677} INFO - Setting next_dagrun for example_task_group to 2024-04-26T14:12:49.475602+00:00, run_after=2024-04-27T14:12:49.475602+00:00
[2024-04-27T14:12:49.525+0000] {processor.py:179} INFO - Processing /home/airflow/.local/lib/python3.8/site-packages/airflow/example_dags/example_task_group.py took 0.174 seconds
[2024-04-27T14:13:20.440+0000] {processor.py:157} INFO - Started process (PID=263) to work on /home/airflow/.local/lib/python3.8/site-packages/airflow/example_dags/example_task_group.py
[2024-04-27T14:13:20.442+0000] {processor.py:829} INFO - Processing file /home/airflow/.local/lib/python3.8/site-packages/airflow/example_dags/example_task_group.py for tasks to queue
[2024-04-27T14:13:20.444+0000] {logging_mixin.py:151} INFO - [2024-04-27T14:13:20.444+0000] {dagbag.py:539} INFO - Filling up the DagBag from /home/airflow/.local/lib/python3.8/site-packages/airflow/example_dags/example_task_group.py
[2024-04-27T14:13:20.457+0000] {processor.py:839} INFO - DAG(s) dict_keys(['example_task_group']) retrieved from /home/airflow/.local/lib/python3.8/site-packages/airflow/example_dags/example_task_group.py
[2024-04-27T14:13:20.495+0000] {logging_mixin.py:151} INFO - [2024-04-27T14:13:20.494+0000] {dag.py:2907} INFO - Sync 1 DAGs
[2024-04-27T14:13:20.535+0000] {logging_mixin.py:151} INFO - [2024-04-27T14:13:20.534+0000] {dag.py:3677} INFO - Setting next_dagrun for example_task_group to 2024-04-26T14:13:20.534623+00:00, run_after=2024-04-27T14:13:20.534623+00:00
[2024-04-27T14:13:20.566+0000] {processor.py:179} INFO - Processing /home/airflow/.local/lib/python3.8/site-packages/airflow/example_dags/example_task_group.py took 0.131 seconds
[2024-04-27T14:13:50.646+0000] {processor.py:157} INFO - Started process (PID=325) to work on /home/airflow/.local/lib/python3.8/site-packages/airflow/example_dags/example_task_group.py
[2024-04-27T14:13:50.647+0000] {processor.py:829} INFO - Processing file /home/airflow/.local/lib/python3.8/site-packages/airflow/example_dags/example_task_group.py for tasks to queue
[2024-04-27T14:13:50.650+0000] {logging_mixin.py:151} INFO - [2024-04-27T14:13:50.649+0000] {dagbag.py:539} INFO - Filling up the DagBag from /home/airflow/.local/lib/python3.8/site-packages/airflow/example_dags/example_task_group.py
[2024-04-27T14:13:50.659+0000] {processor.py:839} INFO - DAG(s) dict_keys(['example_task_group']) retrieved from /home/airflow/.local/lib/python3.8/site-packages/airflow/example_dags/example_task_group.py
[2024-04-27T14:13:50.696+0000] {logging_mixin.py:151} INFO - [2024-04-27T14:13:50.695+0000] {dag.py:2907} INFO - Sync 1 DAGs
[2024-04-27T14:13:50.724+0000] {logging_mixin.py:151} INFO - [2024-04-27T14:13:50.724+0000] {dag.py:3677} INFO - Setting next_dagrun for example_task_group to 2024-04-26T14:13:50.723949+00:00, run_after=2024-04-27T14:13:50.723949+00:00
[2024-04-27T14:13:50.748+0000] {processor.py:179} INFO - Processing /home/airflow/.local/lib/python3.8/site-packages/airflow/example_dags/example_task_group.py took 0.106 seconds
[2024-04-27T14:14:21.019+0000] {processor.py:157} INFO - Started process (PID=389) to work on /home/airflow/.local/lib/python3.8/site-packages/airflow/example_dags/example_task_group.py
[2024-04-27T14:14:21.022+0000] {processor.py:829} INFO - Processing file /home/airflow/.local/lib/python3.8/site-packages/airflow/example_dags/example_task_group.py for tasks to queue
[2024-04-27T14:14:21.033+0000] {logging_mixin.py:151} INFO - [2024-04-27T14:14:21.030+0000] {dagbag.py:539} INFO - Filling up the DagBag from /home/airflow/.local/lib/python3.8/site-packages/airflow/example_dags/example_task_group.py
[2024-04-27T14:14:21.071+0000] {processor.py:839} INFO - DAG(s) dict_keys(['example_task_group']) retrieved from /home/airflow/.local/lib/python3.8/site-packages/airflow/example_dags/example_task_group.py
[2024-04-27T14:14:21.128+0000] {logging_mixin.py:151} INFO - [2024-04-27T14:14:21.128+0000] {dag.py:2907} INFO - Sync 1 DAGs
[2024-04-27T14:14:21.170+0000] {logging_mixin.py:151} INFO - [2024-04-27T14:14:21.169+0000] {dag.py:3677} INFO - Setting next_dagrun for example_task_group to 2024-04-26T14:14:21.169492+00:00, run_after=2024-04-27T14:14:21.169492+00:00
[2024-04-27T14:14:21.202+0000] {processor.py:179} INFO - Processing /home/airflow/.local/lib/python3.8/site-packages/airflow/example_dags/example_task_group.py took 0.203 seconds
[2024-04-27T14:14:51.839+0000] {processor.py:157} INFO - Started process (PID=454) to work on /home/airflow/.local/lib/python3.8/site-packages/airflow/example_dags/example_task_group.py
[2024-04-27T14:14:51.840+0000] {processor.py:829} INFO - Processing file /home/airflow/.local/lib/python3.8/site-packages/airflow/example_dags/example_task_group.py for tasks to queue
[2024-04-27T14:14:51.844+0000] {logging_mixin.py:151} INFO - [2024-04-27T14:14:51.843+0000] {dagbag.py:539} INFO - Filling up the DagBag from /home/airflow/.local/lib/python3.8/site-packages/airflow/example_dags/example_task_group.py
[2024-04-27T14:14:51.856+0000] {processor.py:839} INFO - DAG(s) dict_keys(['example_task_group']) retrieved from /home/airflow/.local/lib/python3.8/site-packages/airflow/example_dags/example_task_group.py
[2024-04-27T14:14:51.899+0000] {logging_mixin.py:151} INFO - [2024-04-27T14:14:51.899+0000] {dag.py:2907} INFO - Sync 1 DAGs
[2024-04-27T14:14:51.939+0000] {logging_mixin.py:151} INFO - [2024-04-27T14:14:51.939+0000] {dag.py:3677} INFO - Setting next_dagrun for example_task_group to 2024-04-26T14:14:51.939230+00:00, run_after=2024-04-27T14:14:51.939230+00:00
[2024-04-27T14:14:51.993+0000] {processor.py:179} INFO - Processing /home/airflow/.local/lib/python3.8/site-packages/airflow/example_dags/example_task_group.py took 0.160 seconds
[2024-04-27T14:15:22.725+0000] {processor.py:157} INFO - Started process (PID=527) to work on /home/airflow/.local/lib/python3.8/site-packages/airflow/example_dags/example_task_group.py
[2024-04-27T14:15:22.726+0000] {processor.py:829} INFO - Processing file /home/airflow/.local/lib/python3.8/site-packages/airflow/example_dags/example_task_group.py for tasks to queue
[2024-04-27T14:15:22.729+0000] {logging_mixin.py:151} INFO - [2024-04-27T14:15:22.729+0000] {dagbag.py:539} INFO - Filling up the DagBag from /home/airflow/.local/lib/python3.8/site-packages/airflow/example_dags/example_task_group.py
[2024-04-27T14:15:22.742+0000] {processor.py:839} INFO - DAG(s) dict_keys(['example_task_group']) retrieved from /home/airflow/.local/lib/python3.8/site-packages/airflow/example_dags/example_task_group.py
[2024-04-27T14:15:22.938+0000] {logging_mixin.py:151} INFO - [2024-04-27T14:15:22.938+0000] {dag.py:2907} INFO - Sync 1 DAGs
[2024-04-27T14:15:23.045+0000] {logging_mixin.py:151} INFO - [2024-04-27T14:15:23.044+0000] {dag.py:3677} INFO - Setting next_dagrun for example_task_group to 2024-04-26T14:15:23.044224+00:00, run_after=2024-04-27T14:15:23.044224+00:00
[2024-04-27T14:15:23.081+0000] {processor.py:179} INFO - Processing /home/airflow/.local/lib/python3.8/site-packages/airflow/example_dags/example_task_group.py took 0.362 seconds
[2024-04-27T14:15:53.395+0000] {processor.py:157} INFO - Started process (PID=592) to work on /home/airflow/.local/lib/python3.8/site-packages/airflow/example_dags/example_task_group.py
[2024-04-27T14:15:53.396+0000] {processor.py:829} INFO - Processing file /home/airflow/.local/lib/python3.8/site-packages/airflow/example_dags/example_task_group.py for tasks to queue
[2024-04-27T14:15:53.399+0000] {logging_mixin.py:151} INFO - [2024-04-27T14:15:53.399+0000] {dagbag.py:539} INFO - Filling up the DagBag from /home/airflow/.local/lib/python3.8/site-packages/airflow/example_dags/example_task_group.py
[2024-04-27T14:15:53.412+0000] {processor.py:839} INFO - DAG(s) dict_keys(['example_task_group']) retrieved from /home/airflow/.local/lib/python3.8/site-packages/airflow/example_dags/example_task_group.py
[2024-04-27T14:15:53.452+0000] {logging_mixin.py:151} INFO - [2024-04-27T14:15:53.452+0000] {dag.py:2907} INFO - Sync 1 DAGs
[2024-04-27T14:15:53.492+0000] {logging_mixin.py:151} INFO - [2024-04-27T14:15:53.492+0000] {dag.py:3677} INFO - Setting next_dagrun for example_task_group to 2024-04-26T14:15:53.491750+00:00, run_after=2024-04-27T14:15:53.491750+00:00
[2024-04-27T14:15:53.523+0000] {processor.py:179} INFO - Processing /home/airflow/.local/lib/python3.8/site-packages/airflow/example_dags/example_task_group.py took 0.134 seconds
[2024-04-27T14:16:23.916+0000] {processor.py:157} INFO - Started process (PID=655) to work on /home/airflow/.local/lib/python3.8/site-packages/airflow/example_dags/example_task_group.py
[2024-04-27T14:16:23.917+0000] {processor.py:829} INFO - Processing file /home/airflow/.local/lib/python3.8/site-packages/airflow/example_dags/example_task_group.py for tasks to queue
[2024-04-27T14:16:23.919+0000] {logging_mixin.py:151} INFO - [2024-04-27T14:16:23.919+0000] {dagbag.py:539} INFO - Filling up the DagBag from /home/airflow/.local/lib/python3.8/site-packages/airflow/example_dags/example_task_group.py
[2024-04-27T14:16:23.929+0000] {processor.py:839} INFO - DAG(s) dict_keys(['example_task_group']) retrieved from /home/airflow/.local/lib/python3.8/site-packages/airflow/example_dags/example_task_group.py
[2024-04-27T14:16:23.966+0000] {logging_mixin.py:151} INFO - [2024-04-27T14:16:23.966+0000] {dag.py:2907} INFO - Sync 1 DAGs
[2024-04-27T14:16:24.000+0000] {logging_mixin.py:151} INFO - [2024-04-27T14:16:23.999+0000] {dag.py:3677} INFO - Setting next_dagrun for example_task_group to 2024-04-26T14:16:23.999589+00:00, run_after=2024-04-27T14:16:23.999589+00:00
[2024-04-27T14:16:24.034+0000] {processor.py:179} INFO - Processing /home/airflow/.local/lib/python3.8/site-packages/airflow/example_dags/example_task_group.py took 0.123 seconds
[2024-04-27T14:16:54.134+0000] {processor.py:157} INFO - Started process (PID=719) to work on /home/airflow/.local/lib/python3.8/site-packages/airflow/example_dags/example_task_group.py
[2024-04-27T14:16:54.136+0000] {processor.py:829} INFO - Processing file /home/airflow/.local/lib/python3.8/site-packages/airflow/example_dags/example_task_group.py for tasks to queue
[2024-04-27T14:16:54.138+0000] {logging_mixin.py:151} INFO - [2024-04-27T14:16:54.138+0000] {dagbag.py:539} INFO - Filling up the DagBag from /home/airflow/.local/lib/python3.8/site-packages/airflow/example_dags/example_task_group.py
[2024-04-27T14:16:54.151+0000] {processor.py:839} INFO - DAG(s) dict_keys(['example_task_group']) retrieved from /home/airflow/.local/lib/python3.8/site-packages/airflow/example_dags/example_task_group.py
[2024-04-27T14:16:54.189+0000] {logging_mixin.py:151} INFO - [2024-04-27T14:16:54.189+0000] {dag.py:2907} INFO - Sync 1 DAGs
[2024-04-27T14:16:54.229+0000] {logging_mixin.py:151} INFO - [2024-04-27T14:16:54.229+0000] {dag.py:3677} INFO - Setting next_dagrun for example_task_group to 2024-04-26T14:16:54.228920+00:00, run_after=2024-04-27T14:16:54.228920+00:00
[2024-04-27T14:16:54.270+0000] {processor.py:179} INFO - Processing /home/airflow/.local/lib/python3.8/site-packages/airflow/example_dags/example_task_group.py took 0.140 seconds
[2024-04-27T14:17:25.353+0000] {processor.py:157} INFO - Started process (PID=792) to work on /home/airflow/.local/lib/python3.8/site-packages/airflow/example_dags/example_task_group.py
[2024-04-27T14:17:25.354+0000] {processor.py:829} INFO - Processing file /home/airflow/.local/lib/python3.8/site-packages/airflow/example_dags/example_task_group.py for tasks to queue
[2024-04-27T14:17:25.363+0000] {logging_mixin.py:151} INFO - [2024-04-27T14:17:25.362+0000] {dagbag.py:539} INFO - Filling up the DagBag from /home/airflow/.local/lib/python3.8/site-packages/airflow/example_dags/example_task_group.py
[2024-04-27T14:17:25.376+0000] {processor.py:839} INFO - DAG(s) dict_keys(['example_task_group']) retrieved from /home/airflow/.local/lib/python3.8/site-packages/airflow/example_dags/example_task_group.py
[2024-04-27T14:17:25.412+0000] {logging_mixin.py:151} INFO - [2024-04-27T14:17:25.412+0000] {dag.py:2907} INFO - Sync 1 DAGs
[2024-04-27T14:17:25.450+0000] {logging_mixin.py:151} INFO - [2024-04-27T14:17:25.449+0000] {dag.py:3677} INFO - Setting next_dagrun for example_task_group to 2024-04-26T14:17:25.449428+00:00, run_after=2024-04-27T14:17:25.449428+00:00
[2024-04-27T14:17:25.478+0000] {processor.py:179} INFO - Processing /home/airflow/.local/lib/python3.8/site-packages/airflow/example_dags/example_task_group.py took 0.130 seconds
[2024-04-27T14:17:56.467+0000] {processor.py:157} INFO - Started process (PID=856) to work on /home/airflow/.local/lib/python3.8/site-packages/airflow/example_dags/example_task_group.py
[2024-04-27T14:17:56.468+0000] {processor.py:829} INFO - Processing file /home/airflow/.local/lib/python3.8/site-packages/airflow/example_dags/example_task_group.py for tasks to queue
[2024-04-27T14:17:56.472+0000] {logging_mixin.py:151} INFO - [2024-04-27T14:17:56.471+0000] {dagbag.py:539} INFO - Filling up the DagBag from /home/airflow/.local/lib/python3.8/site-packages/airflow/example_dags/example_task_group.py
[2024-04-27T14:17:56.486+0000] {processor.py:839} INFO - DAG(s) dict_keys(['example_task_group']) retrieved from /home/airflow/.local/lib/python3.8/site-packages/airflow/example_dags/example_task_group.py
[2024-04-27T14:17:56.549+0000] {logging_mixin.py:151} INFO - [2024-04-27T14:17:56.549+0000] {dag.py:2907} INFO - Sync 1 DAGs
[2024-04-27T14:17:56.595+0000] {logging_mixin.py:151} INFO - [2024-04-27T14:17:56.595+0000] {dag.py:3677} INFO - Setting next_dagrun for example_task_group to 2024-04-26T14:17:56.595151+00:00, run_after=2024-04-27T14:17:56.595151+00:00
[2024-04-27T14:17:56.628+0000] {processor.py:179} INFO - Processing /home/airflow/.local/lib/python3.8/site-packages/airflow/example_dags/example_task_group.py took 0.164 seconds
[2024-04-27T14:18:27.019+0000] {processor.py:157} INFO - Started process (PID=920) to work on /home/airflow/.local/lib/python3.8/site-packages/airflow/example_dags/example_task_group.py
[2024-04-27T14:18:27.027+0000] {processor.py:829} INFO - Processing file /home/airflow/.local/lib/python3.8/site-packages/airflow/example_dags/example_task_group.py for tasks to queue
[2024-04-27T14:18:27.031+0000] {logging_mixin.py:151} INFO - [2024-04-27T14:18:27.030+0000] {dagbag.py:539} INFO - Filling up the DagBag from /home/airflow/.local/lib/python3.8/site-packages/airflow/example_dags/example_task_group.py
[2024-04-27T14:18:27.068+0000] {processor.py:839} INFO - DAG(s) dict_keys(['example_task_group']) retrieved from /home/airflow/.local/lib/python3.8/site-packages/airflow/example_dags/example_task_group.py
[2024-04-27T14:18:27.156+0000] {logging_mixin.py:151} INFO - [2024-04-27T14:18:27.156+0000] {dag.py:2907} INFO - Sync 1 DAGs
[2024-04-27T14:18:27.196+0000] {logging_mixin.py:151} INFO - [2024-04-27T14:18:27.196+0000] {dag.py:3677} INFO - Setting next_dagrun for example_task_group to 2024-04-26T14:18:27.196236+00:00, run_after=2024-04-27T14:18:27.196236+00:00
[2024-04-27T14:18:27.253+0000] {processor.py:179} INFO - Processing /home/airflow/.local/lib/python3.8/site-packages/airflow/example_dags/example_task_group.py took 0.242 seconds
[2024-04-27T14:18:58.112+0000] {processor.py:157} INFO - Started process (PID=990) to work on /home/airflow/.local/lib/python3.8/site-packages/airflow/example_dags/example_task_group.py
[2024-04-27T14:18:58.113+0000] {processor.py:829} INFO - Processing file /home/airflow/.local/lib/python3.8/site-packages/airflow/example_dags/example_task_group.py for tasks to queue
[2024-04-27T14:18:58.116+0000] {logging_mixin.py:151} INFO - [2024-04-27T14:18:58.116+0000] {dagbag.py:539} INFO - Filling up the DagBag from /home/airflow/.local/lib/python3.8/site-packages/airflow/example_dags/example_task_group.py
[2024-04-27T14:18:58.128+0000] {processor.py:839} INFO - DAG(s) dict_keys(['example_task_group']) retrieved from /home/airflow/.local/lib/python3.8/site-packages/airflow/example_dags/example_task_group.py
[2024-04-27T14:18:58.169+0000] {logging_mixin.py:151} INFO - [2024-04-27T14:18:58.168+0000] {dag.py:2907} INFO - Sync 1 DAGs
[2024-04-27T14:18:58.210+0000] {logging_mixin.py:151} INFO - [2024-04-27T14:18:58.210+0000] {dag.py:3677} INFO - Setting next_dagrun for example_task_group to 2024-04-26T14:18:58.210011+00:00, run_after=2024-04-27T14:18:58.210011+00:00
[2024-04-27T14:18:58.240+0000] {processor.py:179} INFO - Processing /home/airflow/.local/lib/python3.8/site-packages/airflow/example_dags/example_task_group.py took 0.133 seconds
[2024-04-27T14:19:28.459+0000] {processor.py:157} INFO - Started process (PID=1053) to work on /home/airflow/.local/lib/python3.8/site-packages/airflow/example_dags/example_task_group.py
[2024-04-27T14:19:28.460+0000] {processor.py:829} INFO - Processing file /home/airflow/.local/lib/python3.8/site-packages/airflow/example_dags/example_task_group.py for tasks to queue
[2024-04-27T14:19:28.463+0000] {logging_mixin.py:151} INFO - [2024-04-27T14:19:28.463+0000] {dagbag.py:539} INFO - Filling up the DagBag from /home/airflow/.local/lib/python3.8/site-packages/airflow/example_dags/example_task_group.py
[2024-04-27T14:19:28.474+0000] {processor.py:839} INFO - DAG(s) dict_keys(['example_task_group']) retrieved from /home/airflow/.local/lib/python3.8/site-packages/airflow/example_dags/example_task_group.py
[2024-04-27T14:19:28.513+0000] {logging_mixin.py:151} INFO - [2024-04-27T14:19:28.512+0000] {dag.py:2907} INFO - Sync 1 DAGs
[2024-04-27T14:19:28.551+0000] {logging_mixin.py:151} INFO - [2024-04-27T14:19:28.550+0000] {dag.py:3677} INFO - Setting next_dagrun for example_task_group to 2024-04-26T14:19:28.550466+00:00, run_after=2024-04-27T14:19:28.550466+00:00
[2024-04-27T14:19:28.580+0000] {processor.py:179} INFO - Processing /home/airflow/.local/lib/python3.8/site-packages/airflow/example_dags/example_task_group.py took 0.125 seconds
[2024-04-27T14:19:59.307+0000] {processor.py:157} INFO - Started process (PID=1116) to work on /home/airflow/.local/lib/python3.8/site-packages/airflow/example_dags/example_task_group.py
[2024-04-27T14:19:59.308+0000] {processor.py:829} INFO - Processing file /home/airflow/.local/lib/python3.8/site-packages/airflow/example_dags/example_task_group.py for tasks to queue
[2024-04-27T14:19:59.311+0000] {logging_mixin.py:151} INFO - [2024-04-27T14:19:59.310+0000] {dagbag.py:539} INFO - Filling up the DagBag from /home/airflow/.local/lib/python3.8/site-packages/airflow/example_dags/example_task_group.py
[2024-04-27T14:19:59.320+0000] {processor.py:839} INFO - DAG(s) dict_keys(['example_task_group']) retrieved from /home/airflow/.local/lib/python3.8/site-packages/airflow/example_dags/example_task_group.py
[2024-04-27T14:19:59.378+0000] {logging_mixin.py:151} INFO - [2024-04-27T14:19:59.378+0000] {dag.py:2907} INFO - Sync 1 DAGs
[2024-04-27T14:19:59.440+0000] {logging_mixin.py:151} INFO - [2024-04-27T14:19:59.440+0000] {dag.py:3677} INFO - Setting next_dagrun for example_task_group to 2024-04-26T14:19:59.439846+00:00, run_after=2024-04-27T14:19:59.439846+00:00
[2024-04-27T14:19:59.471+0000] {processor.py:179} INFO - Processing /home/airflow/.local/lib/python3.8/site-packages/airflow/example_dags/example_task_group.py took 0.169 seconds
[2024-04-27T14:20:29.657+0000] {processor.py:157} INFO - Started process (PID=1180) to work on /home/airflow/.local/lib/python3.8/site-packages/airflow/example_dags/example_task_group.py
[2024-04-27T14:20:29.657+0000] {processor.py:829} INFO - Processing file /home/airflow/.local/lib/python3.8/site-packages/airflow/example_dags/example_task_group.py for tasks to queue
[2024-04-27T14:20:29.660+0000] {logging_mixin.py:151} INFO - [2024-04-27T14:20:29.660+0000] {dagbag.py:539} INFO - Filling up the DagBag from /home/airflow/.local/lib/python3.8/site-packages/airflow/example_dags/example_task_group.py
[2024-04-27T14:20:29.673+0000] {processor.py:839} INFO - DAG(s) dict_keys(['example_task_group']) retrieved from /home/airflow/.local/lib/python3.8/site-packages/airflow/example_dags/example_task_group.py
[2024-04-27T14:20:29.701+0000] {logging_mixin.py:151} INFO - [2024-04-27T14:20:29.700+0000] {dag.py:2907} INFO - Sync 1 DAGs
[2024-04-27T14:20:29.728+0000] {logging_mixin.py:151} INFO - [2024-04-27T14:20:29.727+0000] {dag.py:3677} INFO - Setting next_dagrun for example_task_group to 2024-04-26T14:20:29.727622+00:00, run_after=2024-04-27T14:20:29.727622+00:00
[2024-04-27T14:20:29.751+0000] {processor.py:179} INFO - Processing /home/airflow/.local/lib/python3.8/site-packages/airflow/example_dags/example_task_group.py took 0.098 seconds
[2024-04-27T14:21:01.129+0000] {processor.py:157} INFO - Started process (PID=1252) to work on /home/airflow/.local/lib/python3.8/site-packages/airflow/example_dags/example_task_group.py
[2024-04-27T14:21:01.130+0000] {processor.py:829} INFO - Processing file /home/airflow/.local/lib/python3.8/site-packages/airflow/example_dags/example_task_group.py for tasks to queue
[2024-04-27T14:21:01.134+0000] {logging_mixin.py:151} INFO - [2024-04-27T14:21:01.133+0000] {dagbag.py:539} INFO - Filling up the DagBag from /home/airflow/.local/lib/python3.8/site-packages/airflow/example_dags/example_task_group.py
[2024-04-27T14:21:01.147+0000] {processor.py:839} INFO - DAG(s) dict_keys(['example_task_group']) retrieved from /home/airflow/.local/lib/python3.8/site-packages/airflow/example_dags/example_task_group.py
[2024-04-27T14:21:01.189+0000] {logging_mixin.py:151} INFO - [2024-04-27T14:21:01.188+0000] {dag.py:2907} INFO - Sync 1 DAGs
[2024-04-27T14:21:01.229+0000] {logging_mixin.py:151} INFO - [2024-04-27T14:21:01.229+0000] {dag.py:3677} INFO - Setting next_dagrun for example_task_group to 2024-04-26T14:21:01.229121+00:00, run_after=2024-04-27T14:21:01.229121+00:00
[2024-04-27T14:21:01.259+0000] {processor.py:179} INFO - Processing /home/airflow/.local/lib/python3.8/site-packages/airflow/example_dags/example_task_group.py took 0.136 seconds
[2024-04-27T14:21:32.000+0000] {processor.py:157} INFO - Started process (PID=1316) to work on /home/airflow/.local/lib/python3.8/site-packages/airflow/example_dags/example_task_group.py
[2024-04-27T14:21:32.001+0000] {processor.py:829} INFO - Processing file /home/airflow/.local/lib/python3.8/site-packages/airflow/example_dags/example_task_group.py for tasks to queue
[2024-04-27T14:21:32.003+0000] {logging_mixin.py:151} INFO - [2024-04-27T14:21:32.003+0000] {dagbag.py:539} INFO - Filling up the DagBag from /home/airflow/.local/lib/python3.8/site-packages/airflow/example_dags/example_task_group.py
[2024-04-27T14:21:32.013+0000] {processor.py:839} INFO - DAG(s) dict_keys(['example_task_group']) retrieved from /home/airflow/.local/lib/python3.8/site-packages/airflow/example_dags/example_task_group.py
[2024-04-27T14:21:32.048+0000] {logging_mixin.py:151} INFO - [2024-04-27T14:21:32.048+0000] {dag.py:2907} INFO - Sync 1 DAGs
[2024-04-27T14:21:32.077+0000] {logging_mixin.py:151} INFO - [2024-04-27T14:21:32.077+0000] {dag.py:3677} INFO - Setting next_dagrun for example_task_group to 2024-04-26T14:21:32.077164+00:00, run_after=2024-04-27T14:21:32.077164+00:00
[2024-04-27T14:21:32.099+0000] {processor.py:179} INFO - Processing /home/airflow/.local/lib/python3.8/site-packages/airflow/example_dags/example_task_group.py took 0.103 seconds
[2024-04-27T14:22:03.612+0000] {processor.py:157} INFO - Started process (PID=1389) to work on /home/airflow/.local/lib/python3.8/site-packages/airflow/example_dags/example_task_group.py
[2024-04-27T14:22:03.613+0000] {processor.py:829} INFO - Processing file /home/airflow/.local/lib/python3.8/site-packages/airflow/example_dags/example_task_group.py for tasks to queue
[2024-04-27T14:22:03.616+0000] {logging_mixin.py:151} INFO - [2024-04-27T14:22:03.615+0000] {dagbag.py:539} INFO - Filling up the DagBag from /home/airflow/.local/lib/python3.8/site-packages/airflow/example_dags/example_task_group.py
[2024-04-27T14:22:03.624+0000] {processor.py:839} INFO - DAG(s) dict_keys(['example_task_group']) retrieved from /home/airflow/.local/lib/python3.8/site-packages/airflow/example_dags/example_task_group.py
[2024-04-27T14:22:03.654+0000] {logging_mixin.py:151} INFO - [2024-04-27T14:22:03.654+0000] {dag.py:2907} INFO - Sync 1 DAGs
[2024-04-27T14:22:03.685+0000] {logging_mixin.py:151} INFO - [2024-04-27T14:22:03.684+0000] {dag.py:3677} INFO - Setting next_dagrun for example_task_group to 2024-04-26T14:22:03.684613+00:00, run_after=2024-04-27T14:22:03.684613+00:00
[2024-04-27T14:22:03.707+0000] {processor.py:179} INFO - Processing /home/airflow/.local/lib/python3.8/site-packages/airflow/example_dags/example_task_group.py took 0.101 seconds
[2024-04-27T14:22:34.912+0000] {processor.py:157} INFO - Started process (PID=1454) to work on /home/airflow/.local/lib/python3.8/site-packages/airflow/example_dags/example_task_group.py
[2024-04-27T14:22:34.914+0000] {processor.py:829} INFO - Processing file /home/airflow/.local/lib/python3.8/site-packages/airflow/example_dags/example_task_group.py for tasks to queue
[2024-04-27T14:22:34.917+0000] {logging_mixin.py:151} INFO - [2024-04-27T14:22:34.916+0000] {dagbag.py:539} INFO - Filling up the DagBag from /home/airflow/.local/lib/python3.8/site-packages/airflow/example_dags/example_task_group.py
[2024-04-27T14:22:34.929+0000] {processor.py:839} INFO - DAG(s) dict_keys(['example_task_group']) retrieved from /home/airflow/.local/lib/python3.8/site-packages/airflow/example_dags/example_task_group.py
[2024-04-27T14:22:34.963+0000] {logging_mixin.py:151} INFO - [2024-04-27T14:22:34.963+0000] {dag.py:2907} INFO - Sync 1 DAGs
[2024-04-27T14:22:35.001+0000] {logging_mixin.py:151} INFO - [2024-04-27T14:22:35.000+0000] {dag.py:3677} INFO - Setting next_dagrun for example_task_group to 2024-04-26T14:22:35.000478+00:00, run_after=2024-04-27T14:22:35.000478+00:00
[2024-04-27T14:22:35.023+0000] {processor.py:179} INFO - Processing /home/airflow/.local/lib/python3.8/site-packages/airflow/example_dags/example_task_group.py took 0.116 seconds
[2024-04-27T14:23:06.435+0000] {processor.py:157} INFO - Started process (PID=1525) to work on /home/airflow/.local/lib/python3.8/site-packages/airflow/example_dags/example_task_group.py
[2024-04-27T14:23:06.436+0000] {processor.py:829} INFO - Processing file /home/airflow/.local/lib/python3.8/site-packages/airflow/example_dags/example_task_group.py for tasks to queue
[2024-04-27T14:23:06.438+0000] {logging_mixin.py:151} INFO - [2024-04-27T14:23:06.438+0000] {dagbag.py:539} INFO - Filling up the DagBag from /home/airflow/.local/lib/python3.8/site-packages/airflow/example_dags/example_task_group.py
[2024-04-27T14:23:06.447+0000] {processor.py:839} INFO - DAG(s) dict_keys(['example_task_group']) retrieved from /home/airflow/.local/lib/python3.8/site-packages/airflow/example_dags/example_task_group.py
[2024-04-27T14:23:06.479+0000] {logging_mixin.py:151} INFO - [2024-04-27T14:23:06.479+0000] {dag.py:2907} INFO - Sync 1 DAGs
[2024-04-27T14:23:06.521+0000] {logging_mixin.py:151} INFO - [2024-04-27T14:23:06.520+0000] {dag.py:3677} INFO - Setting next_dagrun for example_task_group to 2024-04-26T14:23:06.520594+00:00, run_after=2024-04-27T14:23:06.520594+00:00
[2024-04-27T14:23:06.546+0000] {processor.py:179} INFO - Processing /home/airflow/.local/lib/python3.8/site-packages/airflow/example_dags/example_task_group.py took 0.117 seconds
[2024-04-27T14:23:37.630+0000] {processor.py:157} INFO - Started process (PID=1589) to work on /home/airflow/.local/lib/python3.8/site-packages/airflow/example_dags/example_task_group.py
[2024-04-27T14:23:37.631+0000] {processor.py:829} INFO - Processing file /home/airflow/.local/lib/python3.8/site-packages/airflow/example_dags/example_task_group.py for tasks to queue
[2024-04-27T14:23:37.635+0000] {logging_mixin.py:151} INFO - [2024-04-27T14:23:37.635+0000] {dagbag.py:539} INFO - Filling up the DagBag from /home/airflow/.local/lib/python3.8/site-packages/airflow/example_dags/example_task_group.py
[2024-04-27T14:23:37.649+0000] {processor.py:839} INFO - DAG(s) dict_keys(['example_task_group']) retrieved from /home/airflow/.local/lib/python3.8/site-packages/airflow/example_dags/example_task_group.py
[2024-04-27T14:23:37.694+0000] {logging_mixin.py:151} INFO - [2024-04-27T14:23:37.694+0000] {dag.py:2907} INFO - Sync 1 DAGs
[2024-04-27T14:23:37.739+0000] {logging_mixin.py:151} INFO - [2024-04-27T14:23:37.738+0000] {dag.py:3677} INFO - Setting next_dagrun for example_task_group to 2024-04-26T14:23:37.738444+00:00, run_after=2024-04-27T14:23:37.738444+00:00
[2024-04-27T14:23:37.775+0000] {processor.py:179} INFO - Processing /home/airflow/.local/lib/python3.8/site-packages/airflow/example_dags/example_task_group.py took 0.152 seconds
[2024-04-27T14:24:08.306+0000] {processor.py:157} INFO - Started process (PID=1661) to work on /home/airflow/.local/lib/python3.8/site-packages/airflow/example_dags/example_task_group.py
[2024-04-27T14:24:08.307+0000] {processor.py:829} INFO - Processing file /home/airflow/.local/lib/python3.8/site-packages/airflow/example_dags/example_task_group.py for tasks to queue
[2024-04-27T14:24:08.310+0000] {logging_mixin.py:151} INFO - [2024-04-27T14:24:08.310+0000] {dagbag.py:539} INFO - Filling up the DagBag from /home/airflow/.local/lib/python3.8/site-packages/airflow/example_dags/example_task_group.py
[2024-04-27T14:24:08.322+0000] {processor.py:839} INFO - DAG(s) dict_keys(['example_task_group']) retrieved from /home/airflow/.local/lib/python3.8/site-packages/airflow/example_dags/example_task_group.py
[2024-04-27T14:24:08.358+0000] {logging_mixin.py:151} INFO - [2024-04-27T14:24:08.358+0000] {dag.py:2907} INFO - Sync 1 DAGs
[2024-04-27T14:24:08.396+0000] {logging_mixin.py:151} INFO - [2024-04-27T14:24:08.396+0000] {dag.py:3677} INFO - Setting next_dagrun for example_task_group to 2024-04-26T14:24:08.395676+00:00, run_after=2024-04-27T14:24:08.395676+00:00
[2024-04-27T14:24:08.427+0000] {processor.py:179} INFO - Processing /home/airflow/.local/lib/python3.8/site-packages/airflow/example_dags/example_task_group.py took 0.127 seconds
[2024-04-27T14:24:39.851+0000] {processor.py:157} INFO - Started process (PID=1726) to work on /home/airflow/.local/lib/python3.8/site-packages/airflow/example_dags/example_task_group.py
[2024-04-27T14:24:39.853+0000] {processor.py:829} INFO - Processing file /home/airflow/.local/lib/python3.8/site-packages/airflow/example_dags/example_task_group.py for tasks to queue
[2024-04-27T14:24:39.856+0000] {logging_mixin.py:151} INFO - [2024-04-27T14:24:39.855+0000] {dagbag.py:539} INFO - Filling up the DagBag from /home/airflow/.local/lib/python3.8/site-packages/airflow/example_dags/example_task_group.py
[2024-04-27T14:24:39.871+0000] {processor.py:839} INFO - DAG(s) dict_keys(['example_task_group']) retrieved from /home/airflow/.local/lib/python3.8/site-packages/airflow/example_dags/example_task_group.py
[2024-04-27T14:24:39.911+0000] {logging_mixin.py:151} INFO - [2024-04-27T14:24:39.911+0000] {dag.py:2907} INFO - Sync 1 DAGs
[2024-04-27T14:24:39.949+0000] {logging_mixin.py:151} INFO - [2024-04-27T14:24:39.949+0000] {dag.py:3677} INFO - Setting next_dagrun for example_task_group to 2024-04-26T14:24:39.948785+00:00, run_after=2024-04-27T14:24:39.948785+00:00
[2024-04-27T14:24:39.973+0000] {processor.py:179} INFO - Processing /home/airflow/.local/lib/python3.8/site-packages/airflow/example_dags/example_task_group.py took 0.128 seconds
[2024-04-27T14:25:10.718+0000] {processor.py:157} INFO - Started process (PID=1791) to work on /home/airflow/.local/lib/python3.8/site-packages/airflow/example_dags/example_task_group.py
[2024-04-27T14:25:10.719+0000] {processor.py:829} INFO - Processing file /home/airflow/.local/lib/python3.8/site-packages/airflow/example_dags/example_task_group.py for tasks to queue
[2024-04-27T14:25:10.722+0000] {logging_mixin.py:151} INFO - [2024-04-27T14:25:10.721+0000] {dagbag.py:539} INFO - Filling up the DagBag from /home/airflow/.local/lib/python3.8/site-packages/airflow/example_dags/example_task_group.py
[2024-04-27T14:25:10.733+0000] {processor.py:839} INFO - DAG(s) dict_keys(['example_task_group']) retrieved from /home/airflow/.local/lib/python3.8/site-packages/airflow/example_dags/example_task_group.py
[2024-04-27T14:25:10.763+0000] {logging_mixin.py:151} INFO - [2024-04-27T14:25:10.763+0000] {dag.py:2907} INFO - Sync 1 DAGs
[2024-04-27T14:25:10.794+0000] {logging_mixin.py:151} INFO - [2024-04-27T14:25:10.794+0000] {dag.py:3677} INFO - Setting next_dagrun for example_task_group to 2024-04-26T14:25:10.794178+00:00, run_after=2024-04-27T14:25:10.794178+00:00
[2024-04-27T14:25:10.821+0000] {processor.py:179} INFO - Processing /home/airflow/.local/lib/python3.8/site-packages/airflow/example_dags/example_task_group.py took 0.107 seconds
[2024-04-27T14:25:42.057+0000] {processor.py:157} INFO - Started process (PID=1864) to work on /home/airflow/.local/lib/python3.8/site-packages/airflow/example_dags/example_task_group.py
[2024-04-27T14:25:42.058+0000] {processor.py:829} INFO - Processing file /home/airflow/.local/lib/python3.8/site-packages/airflow/example_dags/example_task_group.py for tasks to queue
[2024-04-27T14:25:42.061+0000] {logging_mixin.py:151} INFO - [2024-04-27T14:25:42.060+0000] {dagbag.py:539} INFO - Filling up the DagBag from /home/airflow/.local/lib/python3.8/site-packages/airflow/example_dags/example_task_group.py
[2024-04-27T14:25:42.070+0000] {processor.py:839} INFO - DAG(s) dict_keys(['example_task_group']) retrieved from /home/airflow/.local/lib/python3.8/site-packages/airflow/example_dags/example_task_group.py
[2024-04-27T14:25:42.102+0000] {logging_mixin.py:151} INFO - [2024-04-27T14:25:42.101+0000] {dag.py:2907} INFO - Sync 1 DAGs
[2024-04-27T14:25:42.130+0000] {logging_mixin.py:151} INFO - [2024-04-27T14:25:42.130+0000] {dag.py:3677} INFO - Setting next_dagrun for example_task_group to 2024-04-26T14:25:42.130378+00:00, run_after=2024-04-27T14:25:42.130378+00:00
[2024-04-27T14:25:42.157+0000] {processor.py:179} INFO - Processing /home/airflow/.local/lib/python3.8/site-packages/airflow/example_dags/example_task_group.py took 0.103 seconds
