[2024-04-27T13:44:21.505+0000] {processor.py:153} INFO - Started process (PID=82) to work on /home/airflow/.local/lib/python3.7/site-packages/airflow/example_dags/example_complex.py
[2024-04-27T13:44:21.507+0000] {processor.py:743} INFO - Processing file /home/airflow/.local/lib/python3.7/site-packages/airflow/example_dags/example_complex.py for tasks to queue
[2024-04-27T13:44:21.508+0000] {logging_mixin.py:137} INFO - [2024-04-27T13:44:21.507+0000] {dagbag.py:538} INFO - Filling up the DagBag from /home/airflow/.local/lib/python3.7/site-packages/airflow/example_dags/example_complex.py
[2024-04-27T13:44:21.581+0000] {logging_mixin.py:137} INFO - [2024-04-27T13:44:21.580+0000] {taskmixin.py:205} WARNING - Dependency <Task(BashOperator): create_entry_group>, delete_entry_group already registered for DAG: example_complex
[2024-04-27T13:44:21.581+0000] {logging_mixin.py:137} INFO - [2024-04-27T13:44:21.581+0000] {taskmixin.py:205} WARNING - Dependency <Task(BashOperator): delete_entry_group>, create_entry_group already registered for DAG: example_complex
[2024-04-27T13:44:21.581+0000] {logging_mixin.py:137} INFO - [2024-04-27T13:44:21.581+0000] {taskmixin.py:205} WARNING - Dependency <Task(BashOperator): create_entry_gcs>, delete_entry already registered for DAG: example_complex
[2024-04-27T13:44:21.582+0000] {logging_mixin.py:137} INFO - [2024-04-27T13:44:21.582+0000] {taskmixin.py:205} WARNING - Dependency <Task(BashOperator): delete_entry>, create_entry_gcs already registered for DAG: example_complex
[2024-04-27T13:44:21.583+0000] {logging_mixin.py:137} INFO - [2024-04-27T13:44:21.582+0000] {taskmixin.py:205} WARNING - Dependency <Task(BashOperator): create_tag>, delete_tag already registered for DAG: example_complex
[2024-04-27T13:44:21.583+0000] {logging_mixin.py:137} INFO - [2024-04-27T13:44:21.583+0000] {taskmixin.py:205} WARNING - Dependency <Task(BashOperator): delete_tag>, create_tag already registered for DAG: example_complex
[2024-04-27T13:44:21.601+0000] {processor.py:753} INFO - DAG(s) dict_keys(['example_complex']) retrieved from /home/airflow/.local/lib/python3.7/site-packages/airflow/example_dags/example_complex.py
[2024-04-27T13:44:21.744+0000] {logging_mixin.py:137} INFO - [2024-04-27T13:44:21.743+0000] {dag.py:2690} INFO - Sync 1 DAGs
[2024-04-27T13:44:21.910+0000] {logging_mixin.py:137} INFO - [2024-04-27T13:44:21.909+0000] {dag.py:3441} INFO - Setting next_dagrun for example_complex to None, run_after=None
[2024-04-27T13:44:22.024+0000] {processor.py:175} INFO - Processing /home/airflow/.local/lib/python3.7/site-packages/airflow/example_dags/example_complex.py took 0.549 seconds
[2024-04-27T13:44:52.795+0000] {processor.py:153} INFO - Started process (PID=147) to work on /home/airflow/.local/lib/python3.7/site-packages/airflow/example_dags/example_complex.py
[2024-04-27T13:44:52.796+0000] {processor.py:743} INFO - Processing file /home/airflow/.local/lib/python3.7/site-packages/airflow/example_dags/example_complex.py for tasks to queue
[2024-04-27T13:44:52.805+0000] {logging_mixin.py:137} INFO - [2024-04-27T13:44:52.804+0000] {dagbag.py:538} INFO - Filling up the DagBag from /home/airflow/.local/lib/python3.7/site-packages/airflow/example_dags/example_complex.py
[2024-04-27T13:44:52.865+0000] {logging_mixin.py:137} INFO - [2024-04-27T13:44:52.865+0000] {taskmixin.py:205} WARNING - Dependency <Task(BashOperator): create_entry_group>, delete_entry_group already registered for DAG: example_complex
[2024-04-27T13:44:52.865+0000] {logging_mixin.py:137} INFO - [2024-04-27T13:44:52.865+0000] {taskmixin.py:205} WARNING - Dependency <Task(BashOperator): delete_entry_group>, create_entry_group already registered for DAG: example_complex
[2024-04-27T13:44:52.866+0000] {logging_mixin.py:137} INFO - [2024-04-27T13:44:52.866+0000] {taskmixin.py:205} WARNING - Dependency <Task(BashOperator): create_entry_gcs>, delete_entry already registered for DAG: example_complex
[2024-04-27T13:44:52.866+0000] {logging_mixin.py:137} INFO - [2024-04-27T13:44:52.866+0000] {taskmixin.py:205} WARNING - Dependency <Task(BashOperator): delete_entry>, create_entry_gcs already registered for DAG: example_complex
[2024-04-27T13:44:52.870+0000] {logging_mixin.py:137} INFO - [2024-04-27T13:44:52.867+0000] {taskmixin.py:205} WARNING - Dependency <Task(BashOperator): create_tag>, delete_tag already registered for DAG: example_complex
[2024-04-27T13:44:52.871+0000] {logging_mixin.py:137} INFO - [2024-04-27T13:44:52.870+0000] {taskmixin.py:205} WARNING - Dependency <Task(BashOperator): delete_tag>, create_tag already registered for DAG: example_complex
[2024-04-27T13:44:52.908+0000] {processor.py:753} INFO - DAG(s) dict_keys(['example_complex']) retrieved from /home/airflow/.local/lib/python3.7/site-packages/airflow/example_dags/example_complex.py
[2024-04-27T13:44:53.042+0000] {logging_mixin.py:137} INFO - [2024-04-27T13:44:53.042+0000] {dag.py:2690} INFO - Sync 1 DAGs
[2024-04-27T13:44:53.097+0000] {logging_mixin.py:137} INFO - [2024-04-27T13:44:53.096+0000] {dag.py:3441} INFO - Setting next_dagrun for example_complex to None, run_after=None
[2024-04-27T13:44:53.150+0000] {processor.py:175} INFO - Processing /home/airflow/.local/lib/python3.7/site-packages/airflow/example_dags/example_complex.py took 0.360 seconds
[2024-04-27T13:45:23.833+0000] {processor.py:153} INFO - Started process (PID=213) to work on /home/airflow/.local/lib/python3.7/site-packages/airflow/example_dags/example_complex.py
[2024-04-27T13:45:23.834+0000] {processor.py:743} INFO - Processing file /home/airflow/.local/lib/python3.7/site-packages/airflow/example_dags/example_complex.py for tasks to queue
[2024-04-27T13:45:23.835+0000] {logging_mixin.py:137} INFO - [2024-04-27T13:45:23.835+0000] {dagbag.py:538} INFO - Filling up the DagBag from /home/airflow/.local/lib/python3.7/site-packages/airflow/example_dags/example_complex.py
[2024-04-27T13:45:23.861+0000] {logging_mixin.py:137} INFO - [2024-04-27T13:45:23.860+0000] {taskmixin.py:205} WARNING - Dependency <Task(BashOperator): create_entry_group>, delete_entry_group already registered for DAG: example_complex
[2024-04-27T13:45:23.861+0000] {logging_mixin.py:137} INFO - [2024-04-27T13:45:23.861+0000] {taskmixin.py:205} WARNING - Dependency <Task(BashOperator): delete_entry_group>, create_entry_group already registered for DAG: example_complex
[2024-04-27T13:45:23.861+0000] {logging_mixin.py:137} INFO - [2024-04-27T13:45:23.861+0000] {taskmixin.py:205} WARNING - Dependency <Task(BashOperator): create_entry_gcs>, delete_entry already registered for DAG: example_complex
[2024-04-27T13:45:23.862+0000] {logging_mixin.py:137} INFO - [2024-04-27T13:45:23.862+0000] {taskmixin.py:205} WARNING - Dependency <Task(BashOperator): delete_entry>, create_entry_gcs already registered for DAG: example_complex
[2024-04-27T13:45:23.863+0000] {logging_mixin.py:137} INFO - [2024-04-27T13:45:23.862+0000] {taskmixin.py:205} WARNING - Dependency <Task(BashOperator): create_tag>, delete_tag already registered for DAG: example_complex
[2024-04-27T13:45:23.863+0000] {logging_mixin.py:137} INFO - [2024-04-27T13:45:23.863+0000] {taskmixin.py:205} WARNING - Dependency <Task(BashOperator): delete_tag>, create_tag already registered for DAG: example_complex
[2024-04-27T13:45:23.877+0000] {processor.py:753} INFO - DAG(s) dict_keys(['example_complex']) retrieved from /home/airflow/.local/lib/python3.7/site-packages/airflow/example_dags/example_complex.py
[2024-04-27T13:45:23.939+0000] {logging_mixin.py:137} INFO - [2024-04-27T13:45:23.939+0000] {dag.py:2690} INFO - Sync 1 DAGs
[2024-04-27T13:45:23.992+0000] {logging_mixin.py:137} INFO - [2024-04-27T13:45:23.992+0000] {dag.py:3441} INFO - Setting next_dagrun for example_complex to None, run_after=None
[2024-04-27T13:45:24.026+0000] {processor.py:175} INFO - Processing /home/airflow/.local/lib/python3.7/site-packages/airflow/example_dags/example_complex.py took 0.199 seconds
[2024-04-27T13:45:54.089+0000] {processor.py:153} INFO - Started process (PID=277) to work on /home/airflow/.local/lib/python3.7/site-packages/airflow/example_dags/example_complex.py
[2024-04-27T13:45:54.090+0000] {processor.py:743} INFO - Processing file /home/airflow/.local/lib/python3.7/site-packages/airflow/example_dags/example_complex.py for tasks to queue
[2024-04-27T13:45:54.091+0000] {logging_mixin.py:137} INFO - [2024-04-27T13:45:54.090+0000] {dagbag.py:538} INFO - Filling up the DagBag from /home/airflow/.local/lib/python3.7/site-packages/airflow/example_dags/example_complex.py
[2024-04-27T13:45:54.107+0000] {logging_mixin.py:137} INFO - [2024-04-27T13:45:54.107+0000] {taskmixin.py:205} WARNING - Dependency <Task(BashOperator): create_entry_group>, delete_entry_group already registered for DAG: example_complex
[2024-04-27T13:45:54.108+0000] {logging_mixin.py:137} INFO - [2024-04-27T13:45:54.108+0000] {taskmixin.py:205} WARNING - Dependency <Task(BashOperator): delete_entry_group>, create_entry_group already registered for DAG: example_complex
[2024-04-27T13:45:54.108+0000] {logging_mixin.py:137} INFO - [2024-04-27T13:45:54.108+0000] {taskmixin.py:205} WARNING - Dependency <Task(BashOperator): create_entry_gcs>, delete_entry already registered for DAG: example_complex
[2024-04-27T13:45:54.108+0000] {logging_mixin.py:137} INFO - [2024-04-27T13:45:54.108+0000] {taskmixin.py:205} WARNING - Dependency <Task(BashOperator): delete_entry>, create_entry_gcs already registered for DAG: example_complex
[2024-04-27T13:45:54.109+0000] {logging_mixin.py:137} INFO - [2024-04-27T13:45:54.109+0000] {taskmixin.py:205} WARNING - Dependency <Task(BashOperator): create_tag>, delete_tag already registered for DAG: example_complex
[2024-04-27T13:45:54.109+0000] {logging_mixin.py:137} INFO - [2024-04-27T13:45:54.109+0000] {taskmixin.py:205} WARNING - Dependency <Task(BashOperator): delete_tag>, create_tag already registered for DAG: example_complex
[2024-04-27T13:45:54.119+0000] {processor.py:753} INFO - DAG(s) dict_keys(['example_complex']) retrieved from /home/airflow/.local/lib/python3.7/site-packages/airflow/example_dags/example_complex.py
[2024-04-27T13:45:54.161+0000] {logging_mixin.py:137} INFO - [2024-04-27T13:45:54.161+0000] {dag.py:2690} INFO - Sync 1 DAGs
[2024-04-27T13:45:54.196+0000] {logging_mixin.py:137} INFO - [2024-04-27T13:45:54.196+0000] {dag.py:3441} INFO - Setting next_dagrun for example_complex to None, run_after=None
[2024-04-27T13:45:54.221+0000] {processor.py:175} INFO - Processing /home/airflow/.local/lib/python3.7/site-packages/airflow/example_dags/example_complex.py took 0.139 seconds
[2024-04-27T13:46:24.428+0000] {processor.py:153} INFO - Started process (PID=341) to work on /home/airflow/.local/lib/python3.7/site-packages/airflow/example_dags/example_complex.py
[2024-04-27T13:46:24.429+0000] {processor.py:743} INFO - Processing file /home/airflow/.local/lib/python3.7/site-packages/airflow/example_dags/example_complex.py for tasks to queue
[2024-04-27T13:46:24.430+0000] {logging_mixin.py:137} INFO - [2024-04-27T13:46:24.430+0000] {dagbag.py:538} INFO - Filling up the DagBag from /home/airflow/.local/lib/python3.7/site-packages/airflow/example_dags/example_complex.py
[2024-04-27T13:46:24.455+0000] {logging_mixin.py:137} INFO - [2024-04-27T13:46:24.454+0000] {taskmixin.py:205} WARNING - Dependency <Task(BashOperator): create_entry_group>, delete_entry_group already registered for DAG: example_complex
[2024-04-27T13:46:24.455+0000] {logging_mixin.py:137} INFO - [2024-04-27T13:46:24.455+0000] {taskmixin.py:205} WARNING - Dependency <Task(BashOperator): delete_entry_group>, create_entry_group already registered for DAG: example_complex
[2024-04-27T13:46:24.455+0000] {logging_mixin.py:137} INFO - [2024-04-27T13:46:24.455+0000] {taskmixin.py:205} WARNING - Dependency <Task(BashOperator): create_entry_gcs>, delete_entry already registered for DAG: example_complex
[2024-04-27T13:46:24.456+0000] {logging_mixin.py:137} INFO - [2024-04-27T13:46:24.456+0000] {taskmixin.py:205} WARNING - Dependency <Task(BashOperator): delete_entry>, create_entry_gcs already registered for DAG: example_complex
[2024-04-27T13:46:24.457+0000] {logging_mixin.py:137} INFO - [2024-04-27T13:46:24.456+0000] {taskmixin.py:205} WARNING - Dependency <Task(BashOperator): create_tag>, delete_tag already registered for DAG: example_complex
[2024-04-27T13:46:24.457+0000] {logging_mixin.py:137} INFO - [2024-04-27T13:46:24.457+0000] {taskmixin.py:205} WARNING - Dependency <Task(BashOperator): delete_tag>, create_tag already registered for DAG: example_complex
[2024-04-27T13:46:24.471+0000] {processor.py:753} INFO - DAG(s) dict_keys(['example_complex']) retrieved from /home/airflow/.local/lib/python3.7/site-packages/airflow/example_dags/example_complex.py
[2024-04-27T13:46:24.530+0000] {logging_mixin.py:137} INFO - [2024-04-27T13:46:24.530+0000] {dag.py:2690} INFO - Sync 1 DAGs
[2024-04-27T13:46:24.625+0000] {logging_mixin.py:137} INFO - [2024-04-27T13:46:24.625+0000] {dag.py:3441} INFO - Setting next_dagrun for example_complex to None, run_after=None
[2024-04-27T13:46:24.662+0000] {processor.py:175} INFO - Processing /home/airflow/.local/lib/python3.7/site-packages/airflow/example_dags/example_complex.py took 0.239 seconds
[2024-04-27T13:46:54.961+0000] {processor.py:153} INFO - Started process (PID=404) to work on /home/airflow/.local/lib/python3.7/site-packages/airflow/example_dags/example_complex.py
[2024-04-27T13:46:54.963+0000] {processor.py:743} INFO - Processing file /home/airflow/.local/lib/python3.7/site-packages/airflow/example_dags/example_complex.py for tasks to queue
[2024-04-27T13:46:54.966+0000] {logging_mixin.py:137} INFO - [2024-04-27T13:46:54.965+0000] {dagbag.py:538} INFO - Filling up the DagBag from /home/airflow/.local/lib/python3.7/site-packages/airflow/example_dags/example_complex.py
[2024-04-27T13:46:55.008+0000] {logging_mixin.py:137} INFO - [2024-04-27T13:46:55.008+0000] {taskmixin.py:205} WARNING - Dependency <Task(BashOperator): create_entry_group>, delete_entry_group already registered for DAG: example_complex
[2024-04-27T13:46:55.008+0000] {logging_mixin.py:137} INFO - [2024-04-27T13:46:55.008+0000] {taskmixin.py:205} WARNING - Dependency <Task(BashOperator): delete_entry_group>, create_entry_group already registered for DAG: example_complex
[2024-04-27T13:46:55.009+0000] {logging_mixin.py:137} INFO - [2024-04-27T13:46:55.008+0000] {taskmixin.py:205} WARNING - Dependency <Task(BashOperator): create_entry_gcs>, delete_entry already registered for DAG: example_complex
[2024-04-27T13:46:55.009+0000] {logging_mixin.py:137} INFO - [2024-04-27T13:46:55.009+0000] {taskmixin.py:205} WARNING - Dependency <Task(BashOperator): delete_entry>, create_entry_gcs already registered for DAG: example_complex
[2024-04-27T13:46:55.009+0000] {logging_mixin.py:137} INFO - [2024-04-27T13:46:55.009+0000] {taskmixin.py:205} WARNING - Dependency <Task(BashOperator): create_tag>, delete_tag already registered for DAG: example_complex
[2024-04-27T13:46:55.010+0000] {logging_mixin.py:137} INFO - [2024-04-27T13:46:55.010+0000] {taskmixin.py:205} WARNING - Dependency <Task(BashOperator): delete_tag>, create_tag already registered for DAG: example_complex
[2024-04-27T13:46:55.024+0000] {processor.py:753} INFO - DAG(s) dict_keys(['example_complex']) retrieved from /home/airflow/.local/lib/python3.7/site-packages/airflow/example_dags/example_complex.py
[2024-04-27T13:46:55.101+0000] {logging_mixin.py:137} INFO - [2024-04-27T13:46:55.100+0000] {dag.py:2690} INFO - Sync 1 DAGs
[2024-04-27T13:46:55.153+0000] {logging_mixin.py:137} INFO - [2024-04-27T13:46:55.153+0000] {dag.py:3441} INFO - Setting next_dagrun for example_complex to None, run_after=None
[2024-04-27T13:46:55.194+0000] {processor.py:175} INFO - Processing /home/airflow/.local/lib/python3.7/site-packages/airflow/example_dags/example_complex.py took 0.253 seconds
[2024-04-27T13:47:25.383+0000] {processor.py:153} INFO - Started process (PID=478) to work on /home/airflow/.local/lib/python3.7/site-packages/airflow/example_dags/example_complex.py
[2024-04-27T13:47:25.384+0000] {processor.py:743} INFO - Processing file /home/airflow/.local/lib/python3.7/site-packages/airflow/example_dags/example_complex.py for tasks to queue
[2024-04-27T13:47:25.385+0000] {logging_mixin.py:137} INFO - [2024-04-27T13:47:25.385+0000] {dagbag.py:538} INFO - Filling up the DagBag from /home/airflow/.local/lib/python3.7/site-packages/airflow/example_dags/example_complex.py
[2024-04-27T13:47:25.408+0000] {logging_mixin.py:137} INFO - [2024-04-27T13:47:25.408+0000] {taskmixin.py:205} WARNING - Dependency <Task(BashOperator): create_entry_group>, delete_entry_group already registered for DAG: example_complex
[2024-04-27T13:47:25.408+0000] {logging_mixin.py:137} INFO - [2024-04-27T13:47:25.408+0000] {taskmixin.py:205} WARNING - Dependency <Task(BashOperator): delete_entry_group>, create_entry_group already registered for DAG: example_complex
[2024-04-27T13:47:25.409+0000] {logging_mixin.py:137} INFO - [2024-04-27T13:47:25.409+0000] {taskmixin.py:205} WARNING - Dependency <Task(BashOperator): create_entry_gcs>, delete_entry already registered for DAG: example_complex
[2024-04-27T13:47:25.409+0000] {logging_mixin.py:137} INFO - [2024-04-27T13:47:25.409+0000] {taskmixin.py:205} WARNING - Dependency <Task(BashOperator): delete_entry>, create_entry_gcs already registered for DAG: example_complex
[2024-04-27T13:47:25.410+0000] {logging_mixin.py:137} INFO - [2024-04-27T13:47:25.410+0000] {taskmixin.py:205} WARNING - Dependency <Task(BashOperator): create_tag>, delete_tag already registered for DAG: example_complex
[2024-04-27T13:47:25.410+0000] {logging_mixin.py:137} INFO - [2024-04-27T13:47:25.410+0000] {taskmixin.py:205} WARNING - Dependency <Task(BashOperator): delete_tag>, create_tag already registered for DAG: example_complex
[2024-04-27T13:47:25.426+0000] {processor.py:753} INFO - DAG(s) dict_keys(['example_complex']) retrieved from /home/airflow/.local/lib/python3.7/site-packages/airflow/example_dags/example_complex.py
[2024-04-27T13:47:25.492+0000] {logging_mixin.py:137} INFO - [2024-04-27T13:47:25.492+0000] {dag.py:2690} INFO - Sync 1 DAGs
[2024-04-27T13:47:25.547+0000] {logging_mixin.py:137} INFO - [2024-04-27T13:47:25.547+0000] {dag.py:3441} INFO - Setting next_dagrun for example_complex to None, run_after=None
[2024-04-27T13:47:25.593+0000] {processor.py:175} INFO - Processing /home/airflow/.local/lib/python3.7/site-packages/airflow/example_dags/example_complex.py took 0.215 seconds
[2024-04-27T13:47:56.325+0000] {processor.py:153} INFO - Started process (PID=545) to work on /home/airflow/.local/lib/python3.7/site-packages/airflow/example_dags/example_complex.py
[2024-04-27T13:47:56.326+0000] {processor.py:743} INFO - Processing file /home/airflow/.local/lib/python3.7/site-packages/airflow/example_dags/example_complex.py for tasks to queue
[2024-04-27T13:47:56.327+0000] {logging_mixin.py:137} INFO - [2024-04-27T13:47:56.327+0000] {dagbag.py:538} INFO - Filling up the DagBag from /home/airflow/.local/lib/python3.7/site-packages/airflow/example_dags/example_complex.py
[2024-04-27T13:47:56.378+0000] {logging_mixin.py:137} INFO - [2024-04-27T13:47:56.378+0000] {taskmixin.py:205} WARNING - Dependency <Task(BashOperator): create_entry_group>, delete_entry_group already registered for DAG: example_complex
[2024-04-27T13:47:56.378+0000] {logging_mixin.py:137} INFO - [2024-04-27T13:47:56.378+0000] {taskmixin.py:205} WARNING - Dependency <Task(BashOperator): delete_entry_group>, create_entry_group already registered for DAG: example_complex
[2024-04-27T13:47:56.379+0000] {logging_mixin.py:137} INFO - [2024-04-27T13:47:56.379+0000] {taskmixin.py:205} WARNING - Dependency <Task(BashOperator): create_entry_gcs>, delete_entry already registered for DAG: example_complex
[2024-04-27T13:47:56.379+0000] {logging_mixin.py:137} INFO - [2024-04-27T13:47:56.379+0000] {taskmixin.py:205} WARNING - Dependency <Task(BashOperator): delete_entry>, create_entry_gcs already registered for DAG: example_complex
[2024-04-27T13:47:56.380+0000] {logging_mixin.py:137} INFO - [2024-04-27T13:47:56.380+0000] {taskmixin.py:205} WARNING - Dependency <Task(BashOperator): create_tag>, delete_tag already registered for DAG: example_complex
[2024-04-27T13:47:56.380+0000] {logging_mixin.py:137} INFO - [2024-04-27T13:47:56.380+0000] {taskmixin.py:205} WARNING - Dependency <Task(BashOperator): delete_tag>, create_tag already registered for DAG: example_complex
[2024-04-27T13:47:56.421+0000] {processor.py:753} INFO - DAG(s) dict_keys(['example_complex']) retrieved from /home/airflow/.local/lib/python3.7/site-packages/airflow/example_dags/example_complex.py
[2024-04-27T13:47:56.485+0000] {logging_mixin.py:137} INFO - [2024-04-27T13:47:56.485+0000] {dag.py:2690} INFO - Sync 1 DAGs
[2024-04-27T13:47:56.535+0000] {logging_mixin.py:137} INFO - [2024-04-27T13:47:56.535+0000] {dag.py:3441} INFO - Setting next_dagrun for example_complex to None, run_after=None
[2024-04-27T13:47:56.569+0000] {processor.py:175} INFO - Processing /home/airflow/.local/lib/python3.7/site-packages/airflow/example_dags/example_complex.py took 0.248 seconds
[2024-04-27T13:48:26.707+0000] {processor.py:153} INFO - Started process (PID=609) to work on /home/airflow/.local/lib/python3.7/site-packages/airflow/example_dags/example_complex.py
[2024-04-27T13:48:26.708+0000] {processor.py:743} INFO - Processing file /home/airflow/.local/lib/python3.7/site-packages/airflow/example_dags/example_complex.py for tasks to queue
[2024-04-27T13:48:26.709+0000] {logging_mixin.py:137} INFO - [2024-04-27T13:48:26.709+0000] {dagbag.py:538} INFO - Filling up the DagBag from /home/airflow/.local/lib/python3.7/site-packages/airflow/example_dags/example_complex.py
[2024-04-27T13:48:26.727+0000] {logging_mixin.py:137} INFO - [2024-04-27T13:48:26.727+0000] {taskmixin.py:205} WARNING - Dependency <Task(BashOperator): create_entry_group>, delete_entry_group already registered for DAG: example_complex
[2024-04-27T13:48:26.728+0000] {logging_mixin.py:137} INFO - [2024-04-27T13:48:26.728+0000] {taskmixin.py:205} WARNING - Dependency <Task(BashOperator): delete_entry_group>, create_entry_group already registered for DAG: example_complex
[2024-04-27T13:48:26.728+0000] {logging_mixin.py:137} INFO - [2024-04-27T13:48:26.728+0000] {taskmixin.py:205} WARNING - Dependency <Task(BashOperator): create_entry_gcs>, delete_entry already registered for DAG: example_complex
[2024-04-27T13:48:26.728+0000] {logging_mixin.py:137} INFO - [2024-04-27T13:48:26.728+0000] {taskmixin.py:205} WARNING - Dependency <Task(BashOperator): delete_entry>, create_entry_gcs already registered for DAG: example_complex
[2024-04-27T13:48:26.729+0000] {logging_mixin.py:137} INFO - [2024-04-27T13:48:26.729+0000] {taskmixin.py:205} WARNING - Dependency <Task(BashOperator): create_tag>, delete_tag already registered for DAG: example_complex
[2024-04-27T13:48:26.729+0000] {logging_mixin.py:137} INFO - [2024-04-27T13:48:26.729+0000] {taskmixin.py:205} WARNING - Dependency <Task(BashOperator): delete_tag>, create_tag already registered for DAG: example_complex
[2024-04-27T13:48:26.744+0000] {processor.py:753} INFO - DAG(s) dict_keys(['example_complex']) retrieved from /home/airflow/.local/lib/python3.7/site-packages/airflow/example_dags/example_complex.py
[2024-04-27T13:48:26.790+0000] {logging_mixin.py:137} INFO - [2024-04-27T13:48:26.790+0000] {dag.py:2690} INFO - Sync 1 DAGs
[2024-04-27T13:48:26.829+0000] {logging_mixin.py:137} INFO - [2024-04-27T13:48:26.829+0000] {dag.py:3441} INFO - Setting next_dagrun for example_complex to None, run_after=None
[2024-04-27T13:48:26.876+0000] {processor.py:175} INFO - Processing /home/airflow/.local/lib/python3.7/site-packages/airflow/example_dags/example_complex.py took 0.172 seconds
[2024-04-27T13:48:56.998+0000] {processor.py:153} INFO - Started process (PID=673) to work on /home/airflow/.local/lib/python3.7/site-packages/airflow/example_dags/example_complex.py
[2024-04-27T13:48:56.999+0000] {processor.py:743} INFO - Processing file /home/airflow/.local/lib/python3.7/site-packages/airflow/example_dags/example_complex.py for tasks to queue
[2024-04-27T13:48:57.000+0000] {logging_mixin.py:137} INFO - [2024-04-27T13:48:56.999+0000] {dagbag.py:538} INFO - Filling up the DagBag from /home/airflow/.local/lib/python3.7/site-packages/airflow/example_dags/example_complex.py
[2024-04-27T13:48:57.017+0000] {logging_mixin.py:137} INFO - [2024-04-27T13:48:57.017+0000] {taskmixin.py:205} WARNING - Dependency <Task(BashOperator): create_entry_group>, delete_entry_group already registered for DAG: example_complex
[2024-04-27T13:48:57.017+0000] {logging_mixin.py:137} INFO - [2024-04-27T13:48:57.017+0000] {taskmixin.py:205} WARNING - Dependency <Task(BashOperator): delete_entry_group>, create_entry_group already registered for DAG: example_complex
[2024-04-27T13:48:57.018+0000] {logging_mixin.py:137} INFO - [2024-04-27T13:48:57.018+0000] {taskmixin.py:205} WARNING - Dependency <Task(BashOperator): create_entry_gcs>, delete_entry already registered for DAG: example_complex
[2024-04-27T13:48:57.018+0000] {logging_mixin.py:137} INFO - [2024-04-27T13:48:57.018+0000] {taskmixin.py:205} WARNING - Dependency <Task(BashOperator): delete_entry>, create_entry_gcs already registered for DAG: example_complex
[2024-04-27T13:48:57.018+0000] {logging_mixin.py:137} INFO - [2024-04-27T13:48:57.018+0000] {taskmixin.py:205} WARNING - Dependency <Task(BashOperator): create_tag>, delete_tag already registered for DAG: example_complex
[2024-04-27T13:48:57.019+0000] {logging_mixin.py:137} INFO - [2024-04-27T13:48:57.018+0000] {taskmixin.py:205} WARNING - Dependency <Task(BashOperator): delete_tag>, create_tag already registered for DAG: example_complex
[2024-04-27T13:48:57.030+0000] {processor.py:753} INFO - DAG(s) dict_keys(['example_complex']) retrieved from /home/airflow/.local/lib/python3.7/site-packages/airflow/example_dags/example_complex.py
[2024-04-27T13:48:57.080+0000] {logging_mixin.py:137} INFO - [2024-04-27T13:48:57.079+0000] {dag.py:2690} INFO - Sync 1 DAGs
[2024-04-27T13:48:57.118+0000] {logging_mixin.py:137} INFO - [2024-04-27T13:48:57.118+0000] {dag.py:3441} INFO - Setting next_dagrun for example_complex to None, run_after=None
[2024-04-27T13:48:57.152+0000] {processor.py:175} INFO - Processing /home/airflow/.local/lib/python3.7/site-packages/airflow/example_dags/example_complex.py took 0.158 seconds
[2024-04-27T13:49:27.936+0000] {processor.py:153} INFO - Started process (PID=737) to work on /home/airflow/.local/lib/python3.7/site-packages/airflow/example_dags/example_complex.py
[2024-04-27T13:49:27.938+0000] {processor.py:743} INFO - Processing file /home/airflow/.local/lib/python3.7/site-packages/airflow/example_dags/example_complex.py for tasks to queue
[2024-04-27T13:49:27.939+0000] {logging_mixin.py:137} INFO - [2024-04-27T13:49:27.939+0000] {dagbag.py:538} INFO - Filling up the DagBag from /home/airflow/.local/lib/python3.7/site-packages/airflow/example_dags/example_complex.py
[2024-04-27T13:49:27.971+0000] {logging_mixin.py:137} INFO - [2024-04-27T13:49:27.970+0000] {taskmixin.py:205} WARNING - Dependency <Task(BashOperator): create_entry_group>, delete_entry_group already registered for DAG: example_complex
[2024-04-27T13:49:27.971+0000] {logging_mixin.py:137} INFO - [2024-04-27T13:49:27.971+0000] {taskmixin.py:205} WARNING - Dependency <Task(BashOperator): delete_entry_group>, create_entry_group already registered for DAG: example_complex
[2024-04-27T13:49:27.971+0000] {logging_mixin.py:137} INFO - [2024-04-27T13:49:27.971+0000] {taskmixin.py:205} WARNING - Dependency <Task(BashOperator): create_entry_gcs>, delete_entry already registered for DAG: example_complex
[2024-04-27T13:49:27.972+0000] {logging_mixin.py:137} INFO - [2024-04-27T13:49:27.972+0000] {taskmixin.py:205} WARNING - Dependency <Task(BashOperator): delete_entry>, create_entry_gcs already registered for DAG: example_complex
[2024-04-27T13:49:27.973+0000] {logging_mixin.py:137} INFO - [2024-04-27T13:49:27.972+0000] {taskmixin.py:205} WARNING - Dependency <Task(BashOperator): create_tag>, delete_tag already registered for DAG: example_complex
[2024-04-27T13:49:27.973+0000] {logging_mixin.py:137} INFO - [2024-04-27T13:49:27.973+0000] {taskmixin.py:205} WARNING - Dependency <Task(BashOperator): delete_tag>, create_tag already registered for DAG: example_complex
[2024-04-27T13:49:27.992+0000] {processor.py:753} INFO - DAG(s) dict_keys(['example_complex']) retrieved from /home/airflow/.local/lib/python3.7/site-packages/airflow/example_dags/example_complex.py
[2024-04-27T13:49:28.063+0000] {logging_mixin.py:137} INFO - [2024-04-27T13:49:28.063+0000] {dag.py:2690} INFO - Sync 1 DAGs
[2024-04-27T13:49:28.136+0000] {logging_mixin.py:137} INFO - [2024-04-27T13:49:28.135+0000] {dag.py:3441} INFO - Setting next_dagrun for example_complex to None, run_after=None
[2024-04-27T13:49:28.229+0000] {processor.py:175} INFO - Processing /home/airflow/.local/lib/python3.7/site-packages/airflow/example_dags/example_complex.py took 0.302 seconds
[2024-04-27T13:49:58.609+0000] {processor.py:153} INFO - Started process (PID=809) to work on /home/airflow/.local/lib/python3.7/site-packages/airflow/example_dags/example_complex.py
[2024-04-27T13:49:58.610+0000] {processor.py:743} INFO - Processing file /home/airflow/.local/lib/python3.7/site-packages/airflow/example_dags/example_complex.py for tasks to queue
[2024-04-27T13:49:58.611+0000] {logging_mixin.py:137} INFO - [2024-04-27T13:49:58.611+0000] {dagbag.py:538} INFO - Filling up the DagBag from /home/airflow/.local/lib/python3.7/site-packages/airflow/example_dags/example_complex.py
[2024-04-27T13:49:58.643+0000] {logging_mixin.py:137} INFO - [2024-04-27T13:49:58.643+0000] {taskmixin.py:205} WARNING - Dependency <Task(BashOperator): create_entry_group>, delete_entry_group already registered for DAG: example_complex
[2024-04-27T13:49:58.645+0000] {logging_mixin.py:137} INFO - [2024-04-27T13:49:58.645+0000] {taskmixin.py:205} WARNING - Dependency <Task(BashOperator): delete_entry_group>, create_entry_group already registered for DAG: example_complex
[2024-04-27T13:49:58.646+0000] {logging_mixin.py:137} INFO - [2024-04-27T13:49:58.646+0000] {taskmixin.py:205} WARNING - Dependency <Task(BashOperator): create_entry_gcs>, delete_entry already registered for DAG: example_complex
[2024-04-27T13:49:58.646+0000] {logging_mixin.py:137} INFO - [2024-04-27T13:49:58.646+0000] {taskmixin.py:205} WARNING - Dependency <Task(BashOperator): delete_entry>, create_entry_gcs already registered for DAG: example_complex
[2024-04-27T13:49:58.647+0000] {logging_mixin.py:137} INFO - [2024-04-27T13:49:58.647+0000] {taskmixin.py:205} WARNING - Dependency <Task(BashOperator): create_tag>, delete_tag already registered for DAG: example_complex
[2024-04-27T13:49:58.647+0000] {logging_mixin.py:137} INFO - [2024-04-27T13:49:58.647+0000] {taskmixin.py:205} WARNING - Dependency <Task(BashOperator): delete_tag>, create_tag already registered for DAG: example_complex
[2024-04-27T13:49:58.662+0000] {processor.py:753} INFO - DAG(s) dict_keys(['example_complex']) retrieved from /home/airflow/.local/lib/python3.7/site-packages/airflow/example_dags/example_complex.py
[2024-04-27T13:49:58.724+0000] {logging_mixin.py:137} INFO - [2024-04-27T13:49:58.724+0000] {dag.py:2690} INFO - Sync 1 DAGs
[2024-04-27T13:49:58.776+0000] {logging_mixin.py:137} INFO - [2024-04-27T13:49:58.776+0000] {dag.py:3441} INFO - Setting next_dagrun for example_complex to None, run_after=None
[2024-04-27T13:49:58.815+0000] {processor.py:175} INFO - Processing /home/airflow/.local/lib/python3.7/site-packages/airflow/example_dags/example_complex.py took 0.216 seconds
[2024-04-27T13:50:28.998+0000] {processor.py:153} INFO - Started process (PID=875) to work on /home/airflow/.local/lib/python3.7/site-packages/airflow/example_dags/example_complex.py
[2024-04-27T13:50:28.999+0000] {processor.py:743} INFO - Processing file /home/airflow/.local/lib/python3.7/site-packages/airflow/example_dags/example_complex.py for tasks to queue
[2024-04-27T13:50:29.000+0000] {logging_mixin.py:137} INFO - [2024-04-27T13:50:28.999+0000] {dagbag.py:538} INFO - Filling up the DagBag from /home/airflow/.local/lib/python3.7/site-packages/airflow/example_dags/example_complex.py
[2024-04-27T13:50:29.015+0000] {logging_mixin.py:137} INFO - [2024-04-27T13:50:29.015+0000] {taskmixin.py:205} WARNING - Dependency <Task(BashOperator): create_entry_group>, delete_entry_group already registered for DAG: example_complex
[2024-04-27T13:50:29.016+0000] {logging_mixin.py:137} INFO - [2024-04-27T13:50:29.016+0000] {taskmixin.py:205} WARNING - Dependency <Task(BashOperator): delete_entry_group>, create_entry_group already registered for DAG: example_complex
[2024-04-27T13:50:29.016+0000] {logging_mixin.py:137} INFO - [2024-04-27T13:50:29.016+0000] {taskmixin.py:205} WARNING - Dependency <Task(BashOperator): create_entry_gcs>, delete_entry already registered for DAG: example_complex
[2024-04-27T13:50:29.016+0000] {logging_mixin.py:137} INFO - [2024-04-27T13:50:29.016+0000] {taskmixin.py:205} WARNING - Dependency <Task(BashOperator): delete_entry>, create_entry_gcs already registered for DAG: example_complex
[2024-04-27T13:50:29.017+0000] {logging_mixin.py:137} INFO - [2024-04-27T13:50:29.017+0000] {taskmixin.py:205} WARNING - Dependency <Task(BashOperator): create_tag>, delete_tag already registered for DAG: example_complex
[2024-04-27T13:50:29.017+0000] {logging_mixin.py:137} INFO - [2024-04-27T13:50:29.017+0000] {taskmixin.py:205} WARNING - Dependency <Task(BashOperator): delete_tag>, create_tag already registered for DAG: example_complex
[2024-04-27T13:50:29.027+0000] {processor.py:753} INFO - DAG(s) dict_keys(['example_complex']) retrieved from /home/airflow/.local/lib/python3.7/site-packages/airflow/example_dags/example_complex.py
[2024-04-27T13:50:29.073+0000] {logging_mixin.py:137} INFO - [2024-04-27T13:50:29.073+0000] {dag.py:2690} INFO - Sync 1 DAGs
[2024-04-27T13:50:29.110+0000] {logging_mixin.py:137} INFO - [2024-04-27T13:50:29.109+0000] {dag.py:3441} INFO - Setting next_dagrun for example_complex to None, run_after=None
[2024-04-27T13:50:29.139+0000] {processor.py:175} INFO - Processing /home/airflow/.local/lib/python3.7/site-packages/airflow/example_dags/example_complex.py took 0.145 seconds
[2024-04-27T13:50:59.779+0000] {processor.py:153} INFO - Started process (PID=938) to work on /home/airflow/.local/lib/python3.7/site-packages/airflow/example_dags/example_complex.py
[2024-04-27T13:50:59.780+0000] {processor.py:743} INFO - Processing file /home/airflow/.local/lib/python3.7/site-packages/airflow/example_dags/example_complex.py for tasks to queue
[2024-04-27T13:50:59.781+0000] {logging_mixin.py:137} INFO - [2024-04-27T13:50:59.781+0000] {dagbag.py:538} INFO - Filling up the DagBag from /home/airflow/.local/lib/python3.7/site-packages/airflow/example_dags/example_complex.py
[2024-04-27T13:50:59.816+0000] {logging_mixin.py:137} INFO - [2024-04-27T13:50:59.816+0000] {taskmixin.py:205} WARNING - Dependency <Task(BashOperator): create_entry_group>, delete_entry_group already registered for DAG: example_complex
[2024-04-27T13:50:59.816+0000] {logging_mixin.py:137} INFO - [2024-04-27T13:50:59.816+0000] {taskmixin.py:205} WARNING - Dependency <Task(BashOperator): delete_entry_group>, create_entry_group already registered for DAG: example_complex
[2024-04-27T13:50:59.817+0000] {logging_mixin.py:137} INFO - [2024-04-27T13:50:59.816+0000] {taskmixin.py:205} WARNING - Dependency <Task(BashOperator): create_entry_gcs>, delete_entry already registered for DAG: example_complex
[2024-04-27T13:50:59.817+0000] {logging_mixin.py:137} INFO - [2024-04-27T13:50:59.817+0000] {taskmixin.py:205} WARNING - Dependency <Task(BashOperator): delete_entry>, create_entry_gcs already registered for DAG: example_complex
[2024-04-27T13:50:59.819+0000] {logging_mixin.py:137} INFO - [2024-04-27T13:50:59.819+0000] {taskmixin.py:205} WARNING - Dependency <Task(BashOperator): create_tag>, delete_tag already registered for DAG: example_complex
[2024-04-27T13:50:59.819+0000] {logging_mixin.py:137} INFO - [2024-04-27T13:50:59.819+0000] {taskmixin.py:205} WARNING - Dependency <Task(BashOperator): delete_tag>, create_tag already registered for DAG: example_complex
[2024-04-27T13:50:59.841+0000] {processor.py:753} INFO - DAG(s) dict_keys(['example_complex']) retrieved from /home/airflow/.local/lib/python3.7/site-packages/airflow/example_dags/example_complex.py
[2024-04-27T13:50:59.911+0000] {logging_mixin.py:137} INFO - [2024-04-27T13:50:59.911+0000] {dag.py:2690} INFO - Sync 1 DAGs
[2024-04-27T13:50:59.965+0000] {logging_mixin.py:137} INFO - [2024-04-27T13:50:59.964+0000] {dag.py:3441} INFO - Setting next_dagrun for example_complex to None, run_after=None
[2024-04-27T13:51:00.004+0000] {processor.py:175} INFO - Processing /home/airflow/.local/lib/python3.7/site-packages/airflow/example_dags/example_complex.py took 0.235 seconds
[2024-04-27T13:51:30.671+0000] {processor.py:153} INFO - Started process (PID=1001) to work on /home/airflow/.local/lib/python3.7/site-packages/airflow/example_dags/example_complex.py
[2024-04-27T13:51:30.673+0000] {processor.py:743} INFO - Processing file /home/airflow/.local/lib/python3.7/site-packages/airflow/example_dags/example_complex.py for tasks to queue
[2024-04-27T13:51:30.674+0000] {logging_mixin.py:137} INFO - [2024-04-27T13:51:30.673+0000] {dagbag.py:538} INFO - Filling up the DagBag from /home/airflow/.local/lib/python3.7/site-packages/airflow/example_dags/example_complex.py
[2024-04-27T13:51:30.697+0000] {logging_mixin.py:137} INFO - [2024-04-27T13:51:30.697+0000] {taskmixin.py:205} WARNING - Dependency <Task(BashOperator): create_entry_group>, delete_entry_group already registered for DAG: example_complex
[2024-04-27T13:51:30.698+0000] {logging_mixin.py:137} INFO - [2024-04-27T13:51:30.698+0000] {taskmixin.py:205} WARNING - Dependency <Task(BashOperator): delete_entry_group>, create_entry_group already registered for DAG: example_complex
[2024-04-27T13:51:30.698+0000] {logging_mixin.py:137} INFO - [2024-04-27T13:51:30.698+0000] {taskmixin.py:205} WARNING - Dependency <Task(BashOperator): create_entry_gcs>, delete_entry already registered for DAG: example_complex
[2024-04-27T13:51:30.698+0000] {logging_mixin.py:137} INFO - [2024-04-27T13:51:30.698+0000] {taskmixin.py:205} WARNING - Dependency <Task(BashOperator): delete_entry>, create_entry_gcs already registered for DAG: example_complex
[2024-04-27T13:51:30.699+0000] {logging_mixin.py:137} INFO - [2024-04-27T13:51:30.699+0000] {taskmixin.py:205} WARNING - Dependency <Task(BashOperator): create_tag>, delete_tag already registered for DAG: example_complex
[2024-04-27T13:51:30.700+0000] {logging_mixin.py:137} INFO - [2024-04-27T13:51:30.699+0000] {taskmixin.py:205} WARNING - Dependency <Task(BashOperator): delete_tag>, create_tag already registered for DAG: example_complex
[2024-04-27T13:51:30.713+0000] {processor.py:753} INFO - DAG(s) dict_keys(['example_complex']) retrieved from /home/airflow/.local/lib/python3.7/site-packages/airflow/example_dags/example_complex.py
[2024-04-27T13:51:30.776+0000] {logging_mixin.py:137} INFO - [2024-04-27T13:51:30.776+0000] {dag.py:2690} INFO - Sync 1 DAGs
[2024-04-27T13:51:30.844+0000] {logging_mixin.py:137} INFO - [2024-04-27T13:51:30.844+0000] {dag.py:3441} INFO - Setting next_dagrun for example_complex to None, run_after=None
[2024-04-27T13:51:30.890+0000] {processor.py:175} INFO - Processing /home/airflow/.local/lib/python3.7/site-packages/airflow/example_dags/example_complex.py took 0.224 seconds
[2024-04-27T13:52:01.037+0000] {processor.py:153} INFO - Started process (PID=1072) to work on /home/airflow/.local/lib/python3.7/site-packages/airflow/example_dags/example_complex.py
[2024-04-27T13:52:01.038+0000] {processor.py:743} INFO - Processing file /home/airflow/.local/lib/python3.7/site-packages/airflow/example_dags/example_complex.py for tasks to queue
[2024-04-27T13:52:01.039+0000] {logging_mixin.py:137} INFO - [2024-04-27T13:52:01.039+0000] {dagbag.py:538} INFO - Filling up the DagBag from /home/airflow/.local/lib/python3.7/site-packages/airflow/example_dags/example_complex.py
[2024-04-27T13:52:01.066+0000] {logging_mixin.py:137} INFO - [2024-04-27T13:52:01.066+0000] {taskmixin.py:205} WARNING - Dependency <Task(BashOperator): create_entry_group>, delete_entry_group already registered for DAG: example_complex
[2024-04-27T13:52:01.066+0000] {logging_mixin.py:137} INFO - [2024-04-27T13:52:01.066+0000] {taskmixin.py:205} WARNING - Dependency <Task(BashOperator): delete_entry_group>, create_entry_group already registered for DAG: example_complex
[2024-04-27T13:52:01.067+0000] {logging_mixin.py:137} INFO - [2024-04-27T13:52:01.066+0000] {taskmixin.py:205} WARNING - Dependency <Task(BashOperator): create_entry_gcs>, delete_entry already registered for DAG: example_complex
[2024-04-27T13:52:01.067+0000] {logging_mixin.py:137} INFO - [2024-04-27T13:52:01.067+0000] {taskmixin.py:205} WARNING - Dependency <Task(BashOperator): delete_entry>, create_entry_gcs already registered for DAG: example_complex
[2024-04-27T13:52:01.068+0000] {logging_mixin.py:137} INFO - [2024-04-27T13:52:01.068+0000] {taskmixin.py:205} WARNING - Dependency <Task(BashOperator): create_tag>, delete_tag already registered for DAG: example_complex
[2024-04-27T13:52:01.068+0000] {logging_mixin.py:137} INFO - [2024-04-27T13:52:01.068+0000] {taskmixin.py:205} WARNING - Dependency <Task(BashOperator): delete_tag>, create_tag already registered for DAG: example_complex
[2024-04-27T13:52:01.085+0000] {processor.py:753} INFO - DAG(s) dict_keys(['example_complex']) retrieved from /home/airflow/.local/lib/python3.7/site-packages/airflow/example_dags/example_complex.py
[2024-04-27T13:52:01.157+0000] {logging_mixin.py:137} INFO - [2024-04-27T13:52:01.157+0000] {dag.py:2690} INFO - Sync 1 DAGs
[2024-04-27T13:52:01.207+0000] {logging_mixin.py:137} INFO - [2024-04-27T13:52:01.207+0000] {dag.py:3441} INFO - Setting next_dagrun for example_complex to None, run_after=None
[2024-04-27T13:52:01.238+0000] {processor.py:175} INFO - Processing /home/airflow/.local/lib/python3.7/site-packages/airflow/example_dags/example_complex.py took 0.208 seconds
[2024-04-27T13:52:31.738+0000] {processor.py:153} INFO - Started process (PID=1139) to work on /home/airflow/.local/lib/python3.7/site-packages/airflow/example_dags/example_complex.py
[2024-04-27T13:52:31.739+0000] {processor.py:743} INFO - Processing file /home/airflow/.local/lib/python3.7/site-packages/airflow/example_dags/example_complex.py for tasks to queue
[2024-04-27T13:52:31.739+0000] {logging_mixin.py:137} INFO - [2024-04-27T13:52:31.739+0000] {dagbag.py:538} INFO - Filling up the DagBag from /home/airflow/.local/lib/python3.7/site-packages/airflow/example_dags/example_complex.py
[2024-04-27T13:52:31.756+0000] {logging_mixin.py:137} INFO - [2024-04-27T13:52:31.756+0000] {taskmixin.py:205} WARNING - Dependency <Task(BashOperator): create_entry_group>, delete_entry_group already registered for DAG: example_complex
[2024-04-27T13:52:31.756+0000] {logging_mixin.py:137} INFO - [2024-04-27T13:52:31.756+0000] {taskmixin.py:205} WARNING - Dependency <Task(BashOperator): delete_entry_group>, create_entry_group already registered for DAG: example_complex
[2024-04-27T13:52:31.757+0000] {logging_mixin.py:137} INFO - [2024-04-27T13:52:31.757+0000] {taskmixin.py:205} WARNING - Dependency <Task(BashOperator): create_entry_gcs>, delete_entry already registered for DAG: example_complex
[2024-04-27T13:52:31.757+0000] {logging_mixin.py:137} INFO - [2024-04-27T13:52:31.757+0000] {taskmixin.py:205} WARNING - Dependency <Task(BashOperator): delete_entry>, create_entry_gcs already registered for DAG: example_complex
[2024-04-27T13:52:31.758+0000] {logging_mixin.py:137} INFO - [2024-04-27T13:52:31.757+0000] {taskmixin.py:205} WARNING - Dependency <Task(BashOperator): create_tag>, delete_tag already registered for DAG: example_complex
[2024-04-27T13:52:31.758+0000] {logging_mixin.py:137} INFO - [2024-04-27T13:52:31.758+0000] {taskmixin.py:205} WARNING - Dependency <Task(BashOperator): delete_tag>, create_tag already registered for DAG: example_complex
[2024-04-27T13:52:31.768+0000] {processor.py:753} INFO - DAG(s) dict_keys(['example_complex']) retrieved from /home/airflow/.local/lib/python3.7/site-packages/airflow/example_dags/example_complex.py
[2024-04-27T13:52:31.811+0000] {logging_mixin.py:137} INFO - [2024-04-27T13:52:31.811+0000] {dag.py:2690} INFO - Sync 1 DAGs
[2024-04-27T13:52:31.851+0000] {logging_mixin.py:137} INFO - [2024-04-27T13:52:31.851+0000] {dag.py:3441} INFO - Setting next_dagrun for example_complex to None, run_after=None
[2024-04-27T13:52:31.885+0000] {processor.py:175} INFO - Processing /home/airflow/.local/lib/python3.7/site-packages/airflow/example_dags/example_complex.py took 0.153 seconds
[2024-04-27T13:53:02.490+0000] {processor.py:153} INFO - Started process (PID=1203) to work on /home/airflow/.local/lib/python3.7/site-packages/airflow/example_dags/example_complex.py
[2024-04-27T13:53:02.491+0000] {processor.py:743} INFO - Processing file /home/airflow/.local/lib/python3.7/site-packages/airflow/example_dags/example_complex.py for tasks to queue
[2024-04-27T13:53:02.492+0000] {logging_mixin.py:137} INFO - [2024-04-27T13:53:02.492+0000] {dagbag.py:538} INFO - Filling up the DagBag from /home/airflow/.local/lib/python3.7/site-packages/airflow/example_dags/example_complex.py
[2024-04-27T13:53:02.517+0000] {logging_mixin.py:137} INFO - [2024-04-27T13:53:02.517+0000] {taskmixin.py:205} WARNING - Dependency <Task(BashOperator): create_entry_group>, delete_entry_group already registered for DAG: example_complex
[2024-04-27T13:53:02.517+0000] {logging_mixin.py:137} INFO - [2024-04-27T13:53:02.517+0000] {taskmixin.py:205} WARNING - Dependency <Task(BashOperator): delete_entry_group>, create_entry_group already registered for DAG: example_complex
[2024-04-27T13:53:02.518+0000] {logging_mixin.py:137} INFO - [2024-04-27T13:53:02.518+0000] {taskmixin.py:205} WARNING - Dependency <Task(BashOperator): create_entry_gcs>, delete_entry already registered for DAG: example_complex
[2024-04-27T13:53:02.518+0000] {logging_mixin.py:137} INFO - [2024-04-27T13:53:02.518+0000] {taskmixin.py:205} WARNING - Dependency <Task(BashOperator): delete_entry>, create_entry_gcs already registered for DAG: example_complex
[2024-04-27T13:53:02.519+0000] {logging_mixin.py:137} INFO - [2024-04-27T13:53:02.519+0000] {taskmixin.py:205} WARNING - Dependency <Task(BashOperator): create_tag>, delete_tag already registered for DAG: example_complex
[2024-04-27T13:53:02.520+0000] {logging_mixin.py:137} INFO - [2024-04-27T13:53:02.520+0000] {taskmixin.py:205} WARNING - Dependency <Task(BashOperator): delete_tag>, create_tag already registered for DAG: example_complex
[2024-04-27T13:53:02.535+0000] {processor.py:753} INFO - DAG(s) dict_keys(['example_complex']) retrieved from /home/airflow/.local/lib/python3.7/site-packages/airflow/example_dags/example_complex.py
[2024-04-27T13:53:02.638+0000] {logging_mixin.py:137} INFO - [2024-04-27T13:53:02.638+0000] {dag.py:2690} INFO - Sync 1 DAGs
[2024-04-27T13:53:02.699+0000] {logging_mixin.py:137} INFO - [2024-04-27T13:53:02.698+0000] {dag.py:3441} INFO - Setting next_dagrun for example_complex to None, run_after=None
[2024-04-27T13:53:02.736+0000] {processor.py:175} INFO - Processing /home/airflow/.local/lib/python3.7/site-packages/airflow/example_dags/example_complex.py took 0.257 seconds
[2024-04-27T13:53:33.119+0000] {processor.py:153} INFO - Started process (PID=1266) to work on /home/airflow/.local/lib/python3.7/site-packages/airflow/example_dags/example_complex.py
[2024-04-27T13:53:33.120+0000] {processor.py:743} INFO - Processing file /home/airflow/.local/lib/python3.7/site-packages/airflow/example_dags/example_complex.py for tasks to queue
[2024-04-27T13:53:33.121+0000] {logging_mixin.py:137} INFO - [2024-04-27T13:53:33.121+0000] {dagbag.py:538} INFO - Filling up the DagBag from /home/airflow/.local/lib/python3.7/site-packages/airflow/example_dags/example_complex.py
[2024-04-27T13:53:33.140+0000] {logging_mixin.py:137} INFO - [2024-04-27T13:53:33.140+0000] {taskmixin.py:205} WARNING - Dependency <Task(BashOperator): create_entry_group>, delete_entry_group already registered for DAG: example_complex
[2024-04-27T13:53:33.140+0000] {logging_mixin.py:137} INFO - [2024-04-27T13:53:33.140+0000] {taskmixin.py:205} WARNING - Dependency <Task(BashOperator): delete_entry_group>, create_entry_group already registered for DAG: example_complex
[2024-04-27T13:53:33.141+0000] {logging_mixin.py:137} INFO - [2024-04-27T13:53:33.140+0000] {taskmixin.py:205} WARNING - Dependency <Task(BashOperator): create_entry_gcs>, delete_entry already registered for DAG: example_complex
[2024-04-27T13:53:33.141+0000] {logging_mixin.py:137} INFO - [2024-04-27T13:53:33.141+0000] {taskmixin.py:205} WARNING - Dependency <Task(BashOperator): delete_entry>, create_entry_gcs already registered for DAG: example_complex
[2024-04-27T13:53:33.141+0000] {logging_mixin.py:137} INFO - [2024-04-27T13:53:33.141+0000] {taskmixin.py:205} WARNING - Dependency <Task(BashOperator): create_tag>, delete_tag already registered for DAG: example_complex
[2024-04-27T13:53:33.141+0000] {logging_mixin.py:137} INFO - [2024-04-27T13:53:33.141+0000] {taskmixin.py:205} WARNING - Dependency <Task(BashOperator): delete_tag>, create_tag already registered for DAG: example_complex
[2024-04-27T13:53:33.155+0000] {processor.py:753} INFO - DAG(s) dict_keys(['example_complex']) retrieved from /home/airflow/.local/lib/python3.7/site-packages/airflow/example_dags/example_complex.py
[2024-04-27T13:53:33.200+0000] {logging_mixin.py:137} INFO - [2024-04-27T13:53:33.200+0000] {dag.py:2690} INFO - Sync 1 DAGs
[2024-04-27T13:53:33.252+0000] {logging_mixin.py:137} INFO - [2024-04-27T13:53:33.252+0000] {dag.py:3441} INFO - Setting next_dagrun for example_complex to None, run_after=None
[2024-04-27T13:53:33.315+0000] {processor.py:175} INFO - Processing /home/airflow/.local/lib/python3.7/site-packages/airflow/example_dags/example_complex.py took 0.201 seconds
[2024-04-27T14:03:22.972+0000] {processor.py:157} INFO - Started process (PID=80) to work on /home/airflow/.local/lib/python3.8/site-packages/airflow/example_dags/example_complex.py
[2024-04-27T14:03:22.974+0000] {processor.py:829} INFO - Processing file /home/airflow/.local/lib/python3.8/site-packages/airflow/example_dags/example_complex.py for tasks to queue
[2024-04-27T14:03:22.977+0000] {logging_mixin.py:151} INFO - [2024-04-27T14:03:22.977+0000] {dagbag.py:539} INFO - Filling up the DagBag from /home/airflow/.local/lib/python3.8/site-packages/airflow/example_dags/example_complex.py
[2024-04-27T14:03:23.194+0000] {processor.py:839} INFO - DAG(s) dict_keys(['example_complex']) retrieved from /home/airflow/.local/lib/python3.8/site-packages/airflow/example_dags/example_complex.py
[2024-04-27T14:03:23.408+0000] {logging_mixin.py:151} INFO - [2024-04-27T14:03:23.408+0000] {manager.py:501} INFO - Created Permission View: can read on DAG:example_complex
[2024-04-27T14:03:23.424+0000] {logging_mixin.py:151} INFO - [2024-04-27T14:03:23.424+0000] {manager.py:501} INFO - Created Permission View: can edit on DAG:example_complex
[2024-04-27T14:03:23.439+0000] {logging_mixin.py:151} INFO - [2024-04-27T14:03:23.439+0000] {manager.py:501} INFO - Created Permission View: can delete on DAG:example_complex
[2024-04-27T14:03:23.462+0000] {logging_mixin.py:151} INFO - [2024-04-27T14:03:23.461+0000] {dag.py:2907} INFO - Sync 1 DAGs
[2024-04-27T14:03:23.480+0000] {logging_mixin.py:151} INFO - [2024-04-27T14:03:23.479+0000] {dag.py:2929} INFO - Creating ORM DAG for example_complex
[2024-04-27T14:03:23.481+0000] {logging_mixin.py:151} INFO - [2024-04-27T14:03:23.480+0000] {dag.py:3677} INFO - Setting next_dagrun for example_complex to None, run_after=None
[2024-04-27T14:03:23.509+0000] {processor.py:179} INFO - Processing /home/airflow/.local/lib/python3.8/site-packages/airflow/example_dags/example_complex.py took 0.542 seconds
[2024-04-27T14:03:53.778+0000] {processor.py:157} INFO - Started process (PID=143) to work on /home/airflow/.local/lib/python3.8/site-packages/airflow/example_dags/example_complex.py
[2024-04-27T14:03:53.779+0000] {processor.py:829} INFO - Processing file /home/airflow/.local/lib/python3.8/site-packages/airflow/example_dags/example_complex.py for tasks to queue
[2024-04-27T14:03:53.782+0000] {logging_mixin.py:151} INFO - [2024-04-27T14:03:53.782+0000] {dagbag.py:539} INFO - Filling up the DagBag from /home/airflow/.local/lib/python3.8/site-packages/airflow/example_dags/example_complex.py
[2024-04-27T14:03:53.804+0000] {processor.py:839} INFO - DAG(s) dict_keys(['example_complex']) retrieved from /home/airflow/.local/lib/python3.8/site-packages/airflow/example_dags/example_complex.py
[2024-04-27T14:03:53.859+0000] {logging_mixin.py:151} INFO - [2024-04-27T14:03:53.859+0000] {dag.py:2907} INFO - Sync 1 DAGs
[2024-04-27T14:03:53.874+0000] {logging_mixin.py:151} INFO - [2024-04-27T14:03:53.874+0000] {dag.py:3677} INFO - Setting next_dagrun for example_complex to None, run_after=None
[2024-04-27T14:03:53.894+0000] {processor.py:179} INFO - Processing /home/airflow/.local/lib/python3.8/site-packages/airflow/example_dags/example_complex.py took 0.122 seconds
[2024-04-27T14:04:24.209+0000] {processor.py:157} INFO - Started process (PID=213) to work on /home/airflow/.local/lib/python3.8/site-packages/airflow/example_dags/example_complex.py
[2024-04-27T14:04:24.210+0000] {processor.py:829} INFO - Processing file /home/airflow/.local/lib/python3.8/site-packages/airflow/example_dags/example_complex.py for tasks to queue
[2024-04-27T14:04:24.213+0000] {logging_mixin.py:151} INFO - [2024-04-27T14:04:24.213+0000] {dagbag.py:539} INFO - Filling up the DagBag from /home/airflow/.local/lib/python3.8/site-packages/airflow/example_dags/example_complex.py
[2024-04-27T14:04:24.243+0000] {processor.py:839} INFO - DAG(s) dict_keys(['example_complex']) retrieved from /home/airflow/.local/lib/python3.8/site-packages/airflow/example_dags/example_complex.py
[2024-04-27T14:04:24.318+0000] {logging_mixin.py:151} INFO - [2024-04-27T14:04:24.318+0000] {dag.py:2907} INFO - Sync 1 DAGs
[2024-04-27T14:04:24.343+0000] {logging_mixin.py:151} INFO - [2024-04-27T14:04:24.342+0000] {dag.py:3677} INFO - Setting next_dagrun for example_complex to None, run_after=None
[2024-04-27T14:04:24.373+0000] {processor.py:179} INFO - Processing /home/airflow/.local/lib/python3.8/site-packages/airflow/example_dags/example_complex.py took 0.169 seconds
[2024-04-27T14:04:54.441+0000] {processor.py:157} INFO - Started process (PID=277) to work on /home/airflow/.local/lib/python3.8/site-packages/airflow/example_dags/example_complex.py
[2024-04-27T14:04:54.442+0000] {processor.py:829} INFO - Processing file /home/airflow/.local/lib/python3.8/site-packages/airflow/example_dags/example_complex.py for tasks to queue
[2024-04-27T14:04:54.444+0000] {logging_mixin.py:151} INFO - [2024-04-27T14:04:54.444+0000] {dagbag.py:539} INFO - Filling up the DagBag from /home/airflow/.local/lib/python3.8/site-packages/airflow/example_dags/example_complex.py
[2024-04-27T14:04:54.467+0000] {processor.py:839} INFO - DAG(s) dict_keys(['example_complex']) retrieved from /home/airflow/.local/lib/python3.8/site-packages/airflow/example_dags/example_complex.py
[2024-04-27T14:04:54.513+0000] {logging_mixin.py:151} INFO - [2024-04-27T14:04:54.513+0000] {dag.py:2907} INFO - Sync 1 DAGs
[2024-04-27T14:04:54.532+0000] {logging_mixin.py:151} INFO - [2024-04-27T14:04:54.531+0000] {dag.py:3677} INFO - Setting next_dagrun for example_complex to None, run_after=None
[2024-04-27T14:04:54.561+0000] {processor.py:179} INFO - Processing /home/airflow/.local/lib/python3.8/site-packages/airflow/example_dags/example_complex.py took 0.124 seconds
[2024-04-27T14:05:24.849+0000] {processor.py:157} INFO - Started process (PID=341) to work on /home/airflow/.local/lib/python3.8/site-packages/airflow/example_dags/example_complex.py
[2024-04-27T14:05:24.850+0000] {processor.py:829} INFO - Processing file /home/airflow/.local/lib/python3.8/site-packages/airflow/example_dags/example_complex.py for tasks to queue
[2024-04-27T14:05:24.853+0000] {logging_mixin.py:151} INFO - [2024-04-27T14:05:24.853+0000] {dagbag.py:539} INFO - Filling up the DagBag from /home/airflow/.local/lib/python3.8/site-packages/airflow/example_dags/example_complex.py
[2024-04-27T14:05:24.879+0000] {processor.py:839} INFO - DAG(s) dict_keys(['example_complex']) retrieved from /home/airflow/.local/lib/python3.8/site-packages/airflow/example_dags/example_complex.py
[2024-04-27T14:05:24.953+0000] {logging_mixin.py:151} INFO - [2024-04-27T14:05:24.953+0000] {dag.py:2907} INFO - Sync 1 DAGs
[2024-04-27T14:05:24.974+0000] {logging_mixin.py:151} INFO - [2024-04-27T14:05:24.974+0000] {dag.py:3677} INFO - Setting next_dagrun for example_complex to None, run_after=None
[2024-04-27T14:05:25.008+0000] {processor.py:179} INFO - Processing /home/airflow/.local/lib/python3.8/site-packages/airflow/example_dags/example_complex.py took 0.164 seconds
[2024-04-27T14:05:55.115+0000] {processor.py:157} INFO - Started process (PID=405) to work on /home/airflow/.local/lib/python3.8/site-packages/airflow/example_dags/example_complex.py
[2024-04-27T14:05:55.116+0000] {processor.py:829} INFO - Processing file /home/airflow/.local/lib/python3.8/site-packages/airflow/example_dags/example_complex.py for tasks to queue
[2024-04-27T14:05:55.118+0000] {logging_mixin.py:151} INFO - [2024-04-27T14:05:55.118+0000] {dagbag.py:539} INFO - Filling up the DagBag from /home/airflow/.local/lib/python3.8/site-packages/airflow/example_dags/example_complex.py
[2024-04-27T14:05:55.140+0000] {processor.py:839} INFO - DAG(s) dict_keys(['example_complex']) retrieved from /home/airflow/.local/lib/python3.8/site-packages/airflow/example_dags/example_complex.py
[2024-04-27T14:05:55.184+0000] {logging_mixin.py:151} INFO - [2024-04-27T14:05:55.184+0000] {dag.py:2907} INFO - Sync 1 DAGs
[2024-04-27T14:05:55.199+0000] {logging_mixin.py:151} INFO - [2024-04-27T14:05:55.199+0000] {dag.py:3677} INFO - Setting next_dagrun for example_complex to None, run_after=None
[2024-04-27T14:05:55.221+0000] {processor.py:179} INFO - Processing /home/airflow/.local/lib/python3.8/site-packages/airflow/example_dags/example_complex.py took 0.110 seconds
[2024-04-27T14:06:25.693+0000] {processor.py:157} INFO - Started process (PID=475) to work on /home/airflow/.local/lib/python3.8/site-packages/airflow/example_dags/example_complex.py
[2024-04-27T14:06:25.694+0000] {processor.py:829} INFO - Processing file /home/airflow/.local/lib/python3.8/site-packages/airflow/example_dags/example_complex.py for tasks to queue
[2024-04-27T14:06:25.697+0000] {logging_mixin.py:151} INFO - [2024-04-27T14:06:25.696+0000] {dagbag.py:539} INFO - Filling up the DagBag from /home/airflow/.local/lib/python3.8/site-packages/airflow/example_dags/example_complex.py
[2024-04-27T14:06:25.714+0000] {processor.py:839} INFO - DAG(s) dict_keys(['example_complex']) retrieved from /home/airflow/.local/lib/python3.8/site-packages/airflow/example_dags/example_complex.py
[2024-04-27T14:06:25.761+0000] {logging_mixin.py:151} INFO - [2024-04-27T14:06:25.760+0000] {dag.py:2907} INFO - Sync 1 DAGs
[2024-04-27T14:06:25.778+0000] {logging_mixin.py:151} INFO - [2024-04-27T14:06:25.778+0000] {dag.py:3677} INFO - Setting next_dagrun for example_complex to None, run_after=None
[2024-04-27T14:06:25.803+0000] {processor.py:179} INFO - Processing /home/airflow/.local/lib/python3.8/site-packages/airflow/example_dags/example_complex.py took 0.114 seconds
[2024-04-27T14:06:55.926+0000] {processor.py:157} INFO - Started process (PID=540) to work on /home/airflow/.local/lib/python3.8/site-packages/airflow/example_dags/example_complex.py
[2024-04-27T14:06:55.926+0000] {processor.py:829} INFO - Processing file /home/airflow/.local/lib/python3.8/site-packages/airflow/example_dags/example_complex.py for tasks to queue
[2024-04-27T14:06:55.929+0000] {logging_mixin.py:151} INFO - [2024-04-27T14:06:55.928+0000] {dagbag.py:539} INFO - Filling up the DagBag from /home/airflow/.local/lib/python3.8/site-packages/airflow/example_dags/example_complex.py
[2024-04-27T14:06:55.945+0000] {processor.py:839} INFO - DAG(s) dict_keys(['example_complex']) retrieved from /home/airflow/.local/lib/python3.8/site-packages/airflow/example_dags/example_complex.py
[2024-04-27T14:06:55.995+0000] {logging_mixin.py:151} INFO - [2024-04-27T14:06:55.995+0000] {dag.py:2907} INFO - Sync 1 DAGs
[2024-04-27T14:06:56.012+0000] {logging_mixin.py:151} INFO - [2024-04-27T14:06:56.012+0000] {dag.py:3677} INFO - Setting next_dagrun for example_complex to None, run_after=None
[2024-04-27T14:06:56.039+0000] {processor.py:179} INFO - Processing /home/airflow/.local/lib/python3.8/site-packages/airflow/example_dags/example_complex.py took 0.118 seconds
[2024-04-27T14:07:26.834+0000] {processor.py:157} INFO - Started process (PID=605) to work on /home/airflow/.local/lib/python3.8/site-packages/airflow/example_dags/example_complex.py
[2024-04-27T14:07:26.835+0000] {processor.py:829} INFO - Processing file /home/airflow/.local/lib/python3.8/site-packages/airflow/example_dags/example_complex.py for tasks to queue
[2024-04-27T14:07:26.838+0000] {logging_mixin.py:151} INFO - [2024-04-27T14:07:26.837+0000] {dagbag.py:539} INFO - Filling up the DagBag from /home/airflow/.local/lib/python3.8/site-packages/airflow/example_dags/example_complex.py
[2024-04-27T14:07:26.858+0000] {processor.py:839} INFO - DAG(s) dict_keys(['example_complex']) retrieved from /home/airflow/.local/lib/python3.8/site-packages/airflow/example_dags/example_complex.py
[2024-04-27T14:07:26.913+0000] {logging_mixin.py:151} INFO - [2024-04-27T14:07:26.912+0000] {dag.py:2907} INFO - Sync 1 DAGs
[2024-04-27T14:07:26.931+0000] {logging_mixin.py:151} INFO - [2024-04-27T14:07:26.931+0000] {dag.py:3677} INFO - Setting next_dagrun for example_complex to None, run_after=None
[2024-04-27T14:07:26.956+0000] {processor.py:179} INFO - Processing /home/airflow/.local/lib/python3.8/site-packages/airflow/example_dags/example_complex.py took 0.126 seconds
[2024-04-27T14:11:50.518+0000] {processor.py:157} INFO - Started process (PID=79) to work on /home/airflow/.local/lib/python3.8/site-packages/airflow/example_dags/example_complex.py
[2024-04-27T14:11:50.520+0000] {processor.py:829} INFO - Processing file /home/airflow/.local/lib/python3.8/site-packages/airflow/example_dags/example_complex.py for tasks to queue
[2024-04-27T14:11:50.527+0000] {logging_mixin.py:151} INFO - [2024-04-27T14:11:50.523+0000] {dagbag.py:539} INFO - Filling up the DagBag from /home/airflow/.local/lib/python3.8/site-packages/airflow/example_dags/example_complex.py
[2024-04-27T14:11:50.745+0000] {processor.py:839} INFO - DAG(s) dict_keys(['example_complex']) retrieved from /home/airflow/.local/lib/python3.8/site-packages/airflow/example_dags/example_complex.py
[2024-04-27T14:11:50.807+0000] {logging_mixin.py:151} INFO - [2024-04-27T14:11:50.807+0000] {dag.py:2907} INFO - Sync 1 DAGs
[2024-04-27T14:11:50.827+0000] {logging_mixin.py:151} INFO - [2024-04-27T14:11:50.827+0000] {dag.py:3677} INFO - Setting next_dagrun for example_complex to None, run_after=None
[2024-04-27T14:11:50.855+0000] {processor.py:179} INFO - Processing /home/airflow/.local/lib/python3.8/site-packages/airflow/example_dags/example_complex.py took 0.341 seconds
[2024-04-27T14:12:20.924+0000] {processor.py:157} INFO - Started process (PID=142) to work on /home/airflow/.local/lib/python3.8/site-packages/airflow/example_dags/example_complex.py
[2024-04-27T14:12:20.925+0000] {processor.py:829} INFO - Processing file /home/airflow/.local/lib/python3.8/site-packages/airflow/example_dags/example_complex.py for tasks to queue
[2024-04-27T14:12:20.928+0000] {logging_mixin.py:151} INFO - [2024-04-27T14:12:20.928+0000] {dagbag.py:539} INFO - Filling up the DagBag from /home/airflow/.local/lib/python3.8/site-packages/airflow/example_dags/example_complex.py
[2024-04-27T14:12:20.952+0000] {processor.py:839} INFO - DAG(s) dict_keys(['example_complex']) retrieved from /home/airflow/.local/lib/python3.8/site-packages/airflow/example_dags/example_complex.py
[2024-04-27T14:12:21.006+0000] {logging_mixin.py:151} INFO - [2024-04-27T14:12:21.006+0000] {dag.py:2907} INFO - Sync 1 DAGs
[2024-04-27T14:12:21.029+0000] {logging_mixin.py:151} INFO - [2024-04-27T14:12:21.029+0000] {dag.py:3677} INFO - Setting next_dagrun for example_complex to None, run_after=None
[2024-04-27T14:12:21.055+0000] {processor.py:179} INFO - Processing /home/airflow/.local/lib/python3.8/site-packages/airflow/example_dags/example_complex.py took 0.136 seconds
[2024-04-27T14:12:52.140+0000] {processor.py:157} INFO - Started process (PID=205) to work on /home/airflow/.local/lib/python3.8/site-packages/airflow/example_dags/example_complex.py
[2024-04-27T14:12:52.141+0000] {processor.py:829} INFO - Processing file /home/airflow/.local/lib/python3.8/site-packages/airflow/example_dags/example_complex.py for tasks to queue
[2024-04-27T14:12:52.144+0000] {logging_mixin.py:151} INFO - [2024-04-27T14:12:52.144+0000] {dagbag.py:539} INFO - Filling up the DagBag from /home/airflow/.local/lib/python3.8/site-packages/airflow/example_dags/example_complex.py
[2024-04-27T14:12:52.175+0000] {processor.py:839} INFO - DAG(s) dict_keys(['example_complex']) retrieved from /home/airflow/.local/lib/python3.8/site-packages/airflow/example_dags/example_complex.py
[2024-04-27T14:12:52.264+0000] {logging_mixin.py:151} INFO - [2024-04-27T14:12:52.264+0000] {dag.py:2907} INFO - Sync 1 DAGs
[2024-04-27T14:12:52.291+0000] {logging_mixin.py:151} INFO - [2024-04-27T14:12:52.291+0000] {dag.py:3677} INFO - Setting next_dagrun for example_complex to None, run_after=None
[2024-04-27T14:12:52.341+0000] {processor.py:179} INFO - Processing /home/airflow/.local/lib/python3.8/site-packages/airflow/example_dags/example_complex.py took 0.209 seconds
[2024-04-27T14:13:22.730+0000] {processor.py:157} INFO - Started process (PID=274) to work on /home/airflow/.local/lib/python3.8/site-packages/airflow/example_dags/example_complex.py
[2024-04-27T14:13:22.732+0000] {processor.py:829} INFO - Processing file /home/airflow/.local/lib/python3.8/site-packages/airflow/example_dags/example_complex.py for tasks to queue
[2024-04-27T14:13:22.735+0000] {logging_mixin.py:151} INFO - [2024-04-27T14:13:22.734+0000] {dagbag.py:539} INFO - Filling up the DagBag from /home/airflow/.local/lib/python3.8/site-packages/airflow/example_dags/example_complex.py
[2024-04-27T14:13:22.758+0000] {processor.py:839} INFO - DAG(s) dict_keys(['example_complex']) retrieved from /home/airflow/.local/lib/python3.8/site-packages/airflow/example_dags/example_complex.py
[2024-04-27T14:13:22.824+0000] {logging_mixin.py:151} INFO - [2024-04-27T14:13:22.824+0000] {dag.py:2907} INFO - Sync 1 DAGs
[2024-04-27T14:13:22.847+0000] {logging_mixin.py:151} INFO - [2024-04-27T14:13:22.847+0000] {dag.py:3677} INFO - Setting next_dagrun for example_complex to None, run_after=None
[2024-04-27T14:13:22.879+0000] {processor.py:179} INFO - Processing /home/airflow/.local/lib/python3.8/site-packages/airflow/example_dags/example_complex.py took 0.153 seconds
[2024-04-27T14:13:53.709+0000] {processor.py:157} INFO - Started process (PID=337) to work on /home/airflow/.local/lib/python3.8/site-packages/airflow/example_dags/example_complex.py
[2024-04-27T14:13:53.711+0000] {processor.py:829} INFO - Processing file /home/airflow/.local/lib/python3.8/site-packages/airflow/example_dags/example_complex.py for tasks to queue
[2024-04-27T14:13:53.714+0000] {logging_mixin.py:151} INFO - [2024-04-27T14:13:53.713+0000] {dagbag.py:539} INFO - Filling up the DagBag from /home/airflow/.local/lib/python3.8/site-packages/airflow/example_dags/example_complex.py
[2024-04-27T14:13:53.737+0000] {processor.py:839} INFO - DAG(s) dict_keys(['example_complex']) retrieved from /home/airflow/.local/lib/python3.8/site-packages/airflow/example_dags/example_complex.py
[2024-04-27T14:13:53.797+0000] {logging_mixin.py:151} INFO - [2024-04-27T14:13:53.797+0000] {dag.py:2907} INFO - Sync 1 DAGs
[2024-04-27T14:13:53.819+0000] {logging_mixin.py:151} INFO - [2024-04-27T14:13:53.819+0000] {dag.py:3677} INFO - Setting next_dagrun for example_complex to None, run_after=None
[2024-04-27T14:13:53.841+0000] {processor.py:179} INFO - Processing /home/airflow/.local/lib/python3.8/site-packages/airflow/example_dags/example_complex.py took 0.137 seconds
[2024-04-27T14:14:24.318+0000] {processor.py:157} INFO - Started process (PID=401) to work on /home/airflow/.local/lib/python3.8/site-packages/airflow/example_dags/example_complex.py
[2024-04-27T14:14:24.318+0000] {processor.py:829} INFO - Processing file /home/airflow/.local/lib/python3.8/site-packages/airflow/example_dags/example_complex.py for tasks to queue
[2024-04-27T14:14:24.321+0000] {logging_mixin.py:151} INFO - [2024-04-27T14:14:24.321+0000] {dagbag.py:539} INFO - Filling up the DagBag from /home/airflow/.local/lib/python3.8/site-packages/airflow/example_dags/example_complex.py
[2024-04-27T14:14:24.340+0000] {processor.py:839} INFO - DAG(s) dict_keys(['example_complex']) retrieved from /home/airflow/.local/lib/python3.8/site-packages/airflow/example_dags/example_complex.py
[2024-04-27T14:14:24.399+0000] {logging_mixin.py:151} INFO - [2024-04-27T14:14:24.398+0000] {dag.py:2907} INFO - Sync 1 DAGs
[2024-04-27T14:14:24.422+0000] {logging_mixin.py:151} INFO - [2024-04-27T14:14:24.421+0000] {dag.py:3677} INFO - Setting next_dagrun for example_complex to None, run_after=None
[2024-04-27T14:14:24.453+0000] {processor.py:179} INFO - Processing /home/airflow/.local/lib/python3.8/site-packages/airflow/example_dags/example_complex.py took 0.140 seconds
[2024-04-27T14:14:55.637+0000] {processor.py:157} INFO - Started process (PID=473) to work on /home/airflow/.local/lib/python3.8/site-packages/airflow/example_dags/example_complex.py
[2024-04-27T14:14:55.644+0000] {processor.py:829} INFO - Processing file /home/airflow/.local/lib/python3.8/site-packages/airflow/example_dags/example_complex.py for tasks to queue
[2024-04-27T14:14:55.647+0000] {logging_mixin.py:151} INFO - [2024-04-27T14:14:55.646+0000] {dagbag.py:539} INFO - Filling up the DagBag from /home/airflow/.local/lib/python3.8/site-packages/airflow/example_dags/example_complex.py
[2024-04-27T14:14:55.688+0000] {processor.py:839} INFO - DAG(s) dict_keys(['example_complex']) retrieved from /home/airflow/.local/lib/python3.8/site-packages/airflow/example_dags/example_complex.py
[2024-04-27T14:14:55.767+0000] {logging_mixin.py:151} INFO - [2024-04-27T14:14:55.767+0000] {dag.py:2907} INFO - Sync 1 DAGs
[2024-04-27T14:14:55.793+0000] {logging_mixin.py:151} INFO - [2024-04-27T14:14:55.792+0000] {dag.py:3677} INFO - Setting next_dagrun for example_complex to None, run_after=None
[2024-04-27T14:14:55.859+0000] {processor.py:179} INFO - Processing /home/airflow/.local/lib/python3.8/site-packages/airflow/example_dags/example_complex.py took 0.249 seconds
[2024-04-27T14:15:26.079+0000] {processor.py:157} INFO - Started process (PID=538) to work on /home/airflow/.local/lib/python3.8/site-packages/airflow/example_dags/example_complex.py
[2024-04-27T14:15:26.080+0000] {processor.py:829} INFO - Processing file /home/airflow/.local/lib/python3.8/site-packages/airflow/example_dags/example_complex.py for tasks to queue
[2024-04-27T14:15:26.084+0000] {logging_mixin.py:151} INFO - [2024-04-27T14:15:26.083+0000] {dagbag.py:539} INFO - Filling up the DagBag from /home/airflow/.local/lib/python3.8/site-packages/airflow/example_dags/example_complex.py
[2024-04-27T14:15:26.108+0000] {processor.py:839} INFO - DAG(s) dict_keys(['example_complex']) retrieved from /home/airflow/.local/lib/python3.8/site-packages/airflow/example_dags/example_complex.py
[2024-04-27T14:15:26.173+0000] {logging_mixin.py:151} INFO - [2024-04-27T14:15:26.173+0000] {dag.py:2907} INFO - Sync 1 DAGs
[2024-04-27T14:15:26.196+0000] {logging_mixin.py:151} INFO - [2024-04-27T14:15:26.196+0000] {dag.py:3677} INFO - Setting next_dagrun for example_complex to None, run_after=None
[2024-04-27T14:15:26.227+0000] {processor.py:179} INFO - Processing /home/airflow/.local/lib/python3.8/site-packages/airflow/example_dags/example_complex.py took 0.153 seconds
[2024-04-27T14:15:56.283+0000] {processor.py:157} INFO - Started process (PID=603) to work on /home/airflow/.local/lib/python3.8/site-packages/airflow/example_dags/example_complex.py
[2024-04-27T14:15:56.284+0000] {processor.py:829} INFO - Processing file /home/airflow/.local/lib/python3.8/site-packages/airflow/example_dags/example_complex.py for tasks to queue
[2024-04-27T14:15:56.287+0000] {logging_mixin.py:151} INFO - [2024-04-27T14:15:56.286+0000] {dagbag.py:539} INFO - Filling up the DagBag from /home/airflow/.local/lib/python3.8/site-packages/airflow/example_dags/example_complex.py
[2024-04-27T14:15:56.306+0000] {processor.py:839} INFO - DAG(s) dict_keys(['example_complex']) retrieved from /home/airflow/.local/lib/python3.8/site-packages/airflow/example_dags/example_complex.py
[2024-04-27T14:15:56.356+0000] {logging_mixin.py:151} INFO - [2024-04-27T14:15:56.356+0000] {dag.py:2907} INFO - Sync 1 DAGs
[2024-04-27T14:15:56.377+0000] {logging_mixin.py:151} INFO - [2024-04-27T14:15:56.377+0000] {dag.py:3677} INFO - Setting next_dagrun for example_complex to None, run_after=None
[2024-04-27T14:15:56.403+0000] {processor.py:179} INFO - Processing /home/airflow/.local/lib/python3.8/site-packages/airflow/example_dags/example_complex.py took 0.125 seconds
[2024-04-27T14:16:27.343+0000] {processor.py:157} INFO - Started process (PID=674) to work on /home/airflow/.local/lib/python3.8/site-packages/airflow/example_dags/example_complex.py
[2024-04-27T14:16:27.344+0000] {processor.py:829} INFO - Processing file /home/airflow/.local/lib/python3.8/site-packages/airflow/example_dags/example_complex.py for tasks to queue
[2024-04-27T14:16:27.347+0000] {logging_mixin.py:151} INFO - [2024-04-27T14:16:27.347+0000] {dagbag.py:539} INFO - Filling up the DagBag from /home/airflow/.local/lib/python3.8/site-packages/airflow/example_dags/example_complex.py
[2024-04-27T14:16:27.370+0000] {processor.py:839} INFO - DAG(s) dict_keys(['example_complex']) retrieved from /home/airflow/.local/lib/python3.8/site-packages/airflow/example_dags/example_complex.py
[2024-04-27T14:16:27.480+0000] {logging_mixin.py:151} INFO - [2024-04-27T14:16:27.479+0000] {dag.py:2907} INFO - Sync 1 DAGs
[2024-04-27T14:16:27.510+0000] {logging_mixin.py:151} INFO - [2024-04-27T14:16:27.509+0000] {dag.py:3677} INFO - Setting next_dagrun for example_complex to None, run_after=None
[2024-04-27T14:16:27.575+0000] {processor.py:179} INFO - Processing /home/airflow/.local/lib/python3.8/site-packages/airflow/example_dags/example_complex.py took 0.237 seconds
[2024-04-27T14:16:58.523+0000] {processor.py:157} INFO - Started process (PID=739) to work on /home/airflow/.local/lib/python3.8/site-packages/airflow/example_dags/example_complex.py
[2024-04-27T14:16:58.533+0000] {processor.py:829} INFO - Processing file /home/airflow/.local/lib/python3.8/site-packages/airflow/example_dags/example_complex.py for tasks to queue
[2024-04-27T14:16:58.546+0000] {logging_mixin.py:151} INFO - [2024-04-27T14:16:58.546+0000] {dagbag.py:539} INFO - Filling up the DagBag from /home/airflow/.local/lib/python3.8/site-packages/airflow/example_dags/example_complex.py
[2024-04-27T14:16:58.629+0000] {processor.py:839} INFO - DAG(s) dict_keys(['example_complex']) retrieved from /home/airflow/.local/lib/python3.8/site-packages/airflow/example_dags/example_complex.py
[2024-04-27T14:16:58.747+0000] {logging_mixin.py:151} INFO - [2024-04-27T14:16:58.747+0000] {dag.py:2907} INFO - Sync 1 DAGs
[2024-04-27T14:16:58.806+0000] {logging_mixin.py:151} INFO - [2024-04-27T14:16:58.806+0000] {dag.py:3677} INFO - Setting next_dagrun for example_complex to None, run_after=None
[2024-04-27T14:16:58.928+0000] {processor.py:179} INFO - Processing /home/airflow/.local/lib/python3.8/site-packages/airflow/example_dags/example_complex.py took 0.410 seconds
[2024-04-27T14:17:29.805+0000] {processor.py:157} INFO - Started process (PID=803) to work on /home/airflow/.local/lib/python3.8/site-packages/airflow/example_dags/example_complex.py
[2024-04-27T14:17:29.808+0000] {processor.py:829} INFO - Processing file /home/airflow/.local/lib/python3.8/site-packages/airflow/example_dags/example_complex.py for tasks to queue
[2024-04-27T14:17:29.811+0000] {logging_mixin.py:151} INFO - [2024-04-27T14:17:29.811+0000] {dagbag.py:539} INFO - Filling up the DagBag from /home/airflow/.local/lib/python3.8/site-packages/airflow/example_dags/example_complex.py
[2024-04-27T14:17:29.831+0000] {processor.py:839} INFO - DAG(s) dict_keys(['example_complex']) retrieved from /home/airflow/.local/lib/python3.8/site-packages/airflow/example_dags/example_complex.py
[2024-04-27T14:17:29.891+0000] {logging_mixin.py:151} INFO - [2024-04-27T14:17:29.890+0000] {dag.py:2907} INFO - Sync 1 DAGs
[2024-04-27T14:17:29.913+0000] {logging_mixin.py:151} INFO - [2024-04-27T14:17:29.913+0000] {dag.py:3677} INFO - Setting next_dagrun for example_complex to None, run_after=None
[2024-04-27T14:17:29.939+0000] {processor.py:179} INFO - Processing /home/airflow/.local/lib/python3.8/site-packages/airflow/example_dags/example_complex.py took 0.145 seconds
[2024-04-27T14:18:00.532+0000] {processor.py:157} INFO - Started process (PID=867) to work on /home/airflow/.local/lib/python3.8/site-packages/airflow/example_dags/example_complex.py
[2024-04-27T14:18:00.533+0000] {processor.py:829} INFO - Processing file /home/airflow/.local/lib/python3.8/site-packages/airflow/example_dags/example_complex.py for tasks to queue
[2024-04-27T14:18:00.537+0000] {logging_mixin.py:151} INFO - [2024-04-27T14:18:00.536+0000] {dagbag.py:539} INFO - Filling up the DagBag from /home/airflow/.local/lib/python3.8/site-packages/airflow/example_dags/example_complex.py
[2024-04-27T14:18:00.563+0000] {processor.py:839} INFO - DAG(s) dict_keys(['example_complex']) retrieved from /home/airflow/.local/lib/python3.8/site-packages/airflow/example_dags/example_complex.py
[2024-04-27T14:18:00.628+0000] {logging_mixin.py:151} INFO - [2024-04-27T14:18:00.627+0000] {dag.py:2907} INFO - Sync 1 DAGs
[2024-04-27T14:18:00.657+0000] {logging_mixin.py:151} INFO - [2024-04-27T14:18:00.656+0000] {dag.py:3677} INFO - Setting next_dagrun for example_complex to None, run_after=None
[2024-04-27T14:18:00.694+0000] {processor.py:179} INFO - Processing /home/airflow/.local/lib/python3.8/site-packages/airflow/example_dags/example_complex.py took 0.168 seconds
[2024-04-27T14:18:31.393+0000] {processor.py:157} INFO - Started process (PID=938) to work on /home/airflow/.local/lib/python3.8/site-packages/airflow/example_dags/example_complex.py
[2024-04-27T14:18:31.395+0000] {processor.py:829} INFO - Processing file /home/airflow/.local/lib/python3.8/site-packages/airflow/example_dags/example_complex.py for tasks to queue
[2024-04-27T14:18:31.399+0000] {logging_mixin.py:151} INFO - [2024-04-27T14:18:31.398+0000] {dagbag.py:539} INFO - Filling up the DagBag from /home/airflow/.local/lib/python3.8/site-packages/airflow/example_dags/example_complex.py
[2024-04-27T14:18:31.428+0000] {processor.py:839} INFO - DAG(s) dict_keys(['example_complex']) retrieved from /home/airflow/.local/lib/python3.8/site-packages/airflow/example_dags/example_complex.py
[2024-04-27T14:18:31.502+0000] {logging_mixin.py:151} INFO - [2024-04-27T14:18:31.501+0000] {dag.py:2907} INFO - Sync 1 DAGs
[2024-04-27T14:18:31.531+0000] {logging_mixin.py:151} INFO - [2024-04-27T14:18:31.531+0000] {dag.py:3677} INFO - Setting next_dagrun for example_complex to None, run_after=None
[2024-04-27T14:18:31.566+0000] {processor.py:179} INFO - Processing /home/airflow/.local/lib/python3.8/site-packages/airflow/example_dags/example_complex.py took 0.178 seconds
[2024-04-27T14:19:01.613+0000] {processor.py:157} INFO - Started process (PID=1001) to work on /home/airflow/.local/lib/python3.8/site-packages/airflow/example_dags/example_complex.py
[2024-04-27T14:19:01.616+0000] {processor.py:829} INFO - Processing file /home/airflow/.local/lib/python3.8/site-packages/airflow/example_dags/example_complex.py for tasks to queue
[2024-04-27T14:19:01.630+0000] {logging_mixin.py:151} INFO - [2024-04-27T14:19:01.629+0000] {dagbag.py:539} INFO - Filling up the DagBag from /home/airflow/.local/lib/python3.8/site-packages/airflow/example_dags/example_complex.py
[2024-04-27T14:19:01.654+0000] {processor.py:839} INFO - DAG(s) dict_keys(['example_complex']) retrieved from /home/airflow/.local/lib/python3.8/site-packages/airflow/example_dags/example_complex.py
[2024-04-27T14:19:01.732+0000] {logging_mixin.py:151} INFO - [2024-04-27T14:19:01.731+0000] {dag.py:2907} INFO - Sync 1 DAGs
[2024-04-27T14:19:01.754+0000] {logging_mixin.py:151} INFO - [2024-04-27T14:19:01.754+0000] {dag.py:3677} INFO - Setting next_dagrun for example_complex to None, run_after=None
[2024-04-27T14:19:01.784+0000] {processor.py:179} INFO - Processing /home/airflow/.local/lib/python3.8/site-packages/airflow/example_dags/example_complex.py took 0.177 seconds
[2024-04-27T14:19:31.957+0000] {processor.py:157} INFO - Started process (PID=1064) to work on /home/airflow/.local/lib/python3.8/site-packages/airflow/example_dags/example_complex.py
[2024-04-27T14:19:31.958+0000] {processor.py:829} INFO - Processing file /home/airflow/.local/lib/python3.8/site-packages/airflow/example_dags/example_complex.py for tasks to queue
[2024-04-27T14:19:31.980+0000] {logging_mixin.py:151} INFO - [2024-04-27T14:19:31.979+0000] {dagbag.py:539} INFO - Filling up the DagBag from /home/airflow/.local/lib/python3.8/site-packages/airflow/example_dags/example_complex.py
[2024-04-27T14:19:32.041+0000] {processor.py:839} INFO - DAG(s) dict_keys(['example_complex']) retrieved from /home/airflow/.local/lib/python3.8/site-packages/airflow/example_dags/example_complex.py
[2024-04-27T14:19:32.117+0000] {logging_mixin.py:151} INFO - [2024-04-27T14:19:32.117+0000] {dag.py:2907} INFO - Sync 1 DAGs
[2024-04-27T14:19:32.141+0000] {logging_mixin.py:151} INFO - [2024-04-27T14:19:32.140+0000] {dag.py:3677} INFO - Setting next_dagrun for example_complex to None, run_after=None
[2024-04-27T14:19:32.191+0000] {processor.py:179} INFO - Processing /home/airflow/.local/lib/python3.8/site-packages/airflow/example_dags/example_complex.py took 0.251 seconds
[2024-04-27T14:20:02.384+0000] {processor.py:157} INFO - Started process (PID=1127) to work on /home/airflow/.local/lib/python3.8/site-packages/airflow/example_dags/example_complex.py
[2024-04-27T14:20:02.385+0000] {processor.py:829} INFO - Processing file /home/airflow/.local/lib/python3.8/site-packages/airflow/example_dags/example_complex.py for tasks to queue
[2024-04-27T14:20:02.387+0000] {logging_mixin.py:151} INFO - [2024-04-27T14:20:02.387+0000] {dagbag.py:539} INFO - Filling up the DagBag from /home/airflow/.local/lib/python3.8/site-packages/airflow/example_dags/example_complex.py
[2024-04-27T14:20:02.402+0000] {processor.py:839} INFO - DAG(s) dict_keys(['example_complex']) retrieved from /home/airflow/.local/lib/python3.8/site-packages/airflow/example_dags/example_complex.py
[2024-04-27T14:20:02.444+0000] {logging_mixin.py:151} INFO - [2024-04-27T14:20:02.444+0000] {dag.py:2907} INFO - Sync 1 DAGs
[2024-04-27T14:20:02.458+0000] {logging_mixin.py:151} INFO - [2024-04-27T14:20:02.458+0000] {dag.py:3677} INFO - Setting next_dagrun for example_complex to None, run_after=None
[2024-04-27T14:20:02.481+0000] {processor.py:179} INFO - Processing /home/airflow/.local/lib/python3.8/site-packages/airflow/example_dags/example_complex.py took 0.101 seconds
[2024-04-27T14:20:32.768+0000] {processor.py:157} INFO - Started process (PID=1200) to work on /home/airflow/.local/lib/python3.8/site-packages/airflow/example_dags/example_complex.py
[2024-04-27T14:20:32.769+0000] {processor.py:829} INFO - Processing file /home/airflow/.local/lib/python3.8/site-packages/airflow/example_dags/example_complex.py for tasks to queue
[2024-04-27T14:20:32.772+0000] {logging_mixin.py:151} INFO - [2024-04-27T14:20:32.771+0000] {dagbag.py:539} INFO - Filling up the DagBag from /home/airflow/.local/lib/python3.8/site-packages/airflow/example_dags/example_complex.py
[2024-04-27T14:20:32.796+0000] {processor.py:839} INFO - DAG(s) dict_keys(['example_complex']) retrieved from /home/airflow/.local/lib/python3.8/site-packages/airflow/example_dags/example_complex.py
[2024-04-27T14:20:32.858+0000] {logging_mixin.py:151} INFO - [2024-04-27T14:20:32.858+0000] {dag.py:2907} INFO - Sync 1 DAGs
[2024-04-27T14:20:32.880+0000] {logging_mixin.py:151} INFO - [2024-04-27T14:20:32.880+0000] {dag.py:3677} INFO - Setting next_dagrun for example_complex to None, run_after=None
[2024-04-27T14:20:32.911+0000] {processor.py:179} INFO - Processing /home/airflow/.local/lib/python3.8/site-packages/airflow/example_dags/example_complex.py took 0.148 seconds
[2024-04-27T14:21:03.178+0000] {processor.py:157} INFO - Started process (PID=1263) to work on /home/airflow/.local/lib/python3.8/site-packages/airflow/example_dags/example_complex.py
[2024-04-27T14:21:03.179+0000] {processor.py:829} INFO - Processing file /home/airflow/.local/lib/python3.8/site-packages/airflow/example_dags/example_complex.py for tasks to queue
[2024-04-27T14:21:03.182+0000] {logging_mixin.py:151} INFO - [2024-04-27T14:21:03.182+0000] {dagbag.py:539} INFO - Filling up the DagBag from /home/airflow/.local/lib/python3.8/site-packages/airflow/example_dags/example_complex.py
[2024-04-27T14:21:03.206+0000] {processor.py:839} INFO - DAG(s) dict_keys(['example_complex']) retrieved from /home/airflow/.local/lib/python3.8/site-packages/airflow/example_dags/example_complex.py
[2024-04-27T14:21:03.270+0000] {logging_mixin.py:151} INFO - [2024-04-27T14:21:03.270+0000] {dag.py:2907} INFO - Sync 1 DAGs
[2024-04-27T14:21:03.292+0000] {logging_mixin.py:151} INFO - [2024-04-27T14:21:03.291+0000] {dag.py:3677} INFO - Setting next_dagrun for example_complex to None, run_after=None
[2024-04-27T14:21:03.320+0000] {processor.py:179} INFO - Processing /home/airflow/.local/lib/python3.8/site-packages/airflow/example_dags/example_complex.py took 0.148 seconds
[2024-04-27T14:21:33.974+0000] {processor.py:157} INFO - Started process (PID=1327) to work on /home/airflow/.local/lib/python3.8/site-packages/airflow/example_dags/example_complex.py
[2024-04-27T14:21:33.975+0000] {processor.py:829} INFO - Processing file /home/airflow/.local/lib/python3.8/site-packages/airflow/example_dags/example_complex.py for tasks to queue
[2024-04-27T14:21:33.977+0000] {logging_mixin.py:151} INFO - [2024-04-27T14:21:33.977+0000] {dagbag.py:539} INFO - Filling up the DagBag from /home/airflow/.local/lib/python3.8/site-packages/airflow/example_dags/example_complex.py
[2024-04-27T14:21:33.993+0000] {processor.py:839} INFO - DAG(s) dict_keys(['example_complex']) retrieved from /home/airflow/.local/lib/python3.8/site-packages/airflow/example_dags/example_complex.py
[2024-04-27T14:21:34.048+0000] {logging_mixin.py:151} INFO - [2024-04-27T14:21:34.048+0000] {dag.py:2907} INFO - Sync 1 DAGs
[2024-04-27T14:21:34.065+0000] {logging_mixin.py:151} INFO - [2024-04-27T14:21:34.065+0000] {dag.py:3677} INFO - Setting next_dagrun for example_complex to None, run_after=None
[2024-04-27T14:21:34.092+0000] {processor.py:179} INFO - Processing /home/airflow/.local/lib/python3.8/site-packages/airflow/example_dags/example_complex.py took 0.122 seconds
[2024-04-27T14:22:04.731+0000] {processor.py:157} INFO - Started process (PID=1400) to work on /home/airflow/.local/lib/python3.8/site-packages/airflow/example_dags/example_complex.py
[2024-04-27T14:22:04.736+0000] {processor.py:829} INFO - Processing file /home/airflow/.local/lib/python3.8/site-packages/airflow/example_dags/example_complex.py for tasks to queue
[2024-04-27T14:22:04.739+0000] {logging_mixin.py:151} INFO - [2024-04-27T14:22:04.738+0000] {dagbag.py:539} INFO - Filling up the DagBag from /home/airflow/.local/lib/python3.8/site-packages/airflow/example_dags/example_complex.py
[2024-04-27T14:22:04.762+0000] {processor.py:839} INFO - DAG(s) dict_keys(['example_complex']) retrieved from /home/airflow/.local/lib/python3.8/site-packages/airflow/example_dags/example_complex.py
[2024-04-27T14:22:04.836+0000] {logging_mixin.py:151} INFO - [2024-04-27T14:22:04.836+0000] {dag.py:2907} INFO - Sync 1 DAGs
[2024-04-27T14:22:04.916+0000] {logging_mixin.py:151} INFO - [2024-04-27T14:22:04.916+0000] {dag.py:3677} INFO - Setting next_dagrun for example_complex to None, run_after=None
[2024-04-27T14:22:04.988+0000] {processor.py:179} INFO - Processing /home/airflow/.local/lib/python3.8/site-packages/airflow/example_dags/example_complex.py took 0.263 seconds
[2024-04-27T14:22:35.867+0000] {processor.py:157} INFO - Started process (PID=1465) to work on /home/airflow/.local/lib/python3.8/site-packages/airflow/example_dags/example_complex.py
[2024-04-27T14:22:35.868+0000] {processor.py:829} INFO - Processing file /home/airflow/.local/lib/python3.8/site-packages/airflow/example_dags/example_complex.py for tasks to queue
[2024-04-27T14:22:35.870+0000] {logging_mixin.py:151} INFO - [2024-04-27T14:22:35.870+0000] {dagbag.py:539} INFO - Filling up the DagBag from /home/airflow/.local/lib/python3.8/site-packages/airflow/example_dags/example_complex.py
[2024-04-27T14:22:35.893+0000] {processor.py:839} INFO - DAG(s) dict_keys(['example_complex']) retrieved from /home/airflow/.local/lib/python3.8/site-packages/airflow/example_dags/example_complex.py
[2024-04-27T14:22:35.940+0000] {logging_mixin.py:151} INFO - [2024-04-27T14:22:35.940+0000] {dag.py:2907} INFO - Sync 1 DAGs
[2024-04-27T14:22:35.956+0000] {logging_mixin.py:151} INFO - [2024-04-27T14:22:35.956+0000] {dag.py:3677} INFO - Setting next_dagrun for example_complex to None, run_after=None
[2024-04-27T14:22:35.978+0000] {processor.py:179} INFO - Processing /home/airflow/.local/lib/python3.8/site-packages/airflow/example_dags/example_complex.py took 0.115 seconds
[2024-04-27T14:23:07.416+0000] {processor.py:157} INFO - Started process (PID=1536) to work on /home/airflow/.local/lib/python3.8/site-packages/airflow/example_dags/example_complex.py
[2024-04-27T14:23:07.417+0000] {processor.py:829} INFO - Processing file /home/airflow/.local/lib/python3.8/site-packages/airflow/example_dags/example_complex.py for tasks to queue
[2024-04-27T14:23:07.419+0000] {logging_mixin.py:151} INFO - [2024-04-27T14:23:07.419+0000] {dagbag.py:539} INFO - Filling up the DagBag from /home/airflow/.local/lib/python3.8/site-packages/airflow/example_dags/example_complex.py
[2024-04-27T14:23:07.434+0000] {processor.py:839} INFO - DAG(s) dict_keys(['example_complex']) retrieved from /home/airflow/.local/lib/python3.8/site-packages/airflow/example_dags/example_complex.py
[2024-04-27T14:23:07.476+0000] {logging_mixin.py:151} INFO - [2024-04-27T14:23:07.475+0000] {dag.py:2907} INFO - Sync 1 DAGs
[2024-04-27T14:23:07.490+0000] {logging_mixin.py:151} INFO - [2024-04-27T14:23:07.490+0000] {dag.py:3677} INFO - Setting next_dagrun for example_complex to None, run_after=None
[2024-04-27T14:23:07.512+0000] {processor.py:179} INFO - Processing /home/airflow/.local/lib/python3.8/site-packages/airflow/example_dags/example_complex.py took 0.100 seconds
[2024-04-27T14:23:38.626+0000] {processor.py:157} INFO - Started process (PID=1600) to work on /home/airflow/.local/lib/python3.8/site-packages/airflow/example_dags/example_complex.py
[2024-04-27T14:23:38.627+0000] {processor.py:829} INFO - Processing file /home/airflow/.local/lib/python3.8/site-packages/airflow/example_dags/example_complex.py for tasks to queue
[2024-04-27T14:23:38.630+0000] {logging_mixin.py:151} INFO - [2024-04-27T14:23:38.629+0000] {dagbag.py:539} INFO - Filling up the DagBag from /home/airflow/.local/lib/python3.8/site-packages/airflow/example_dags/example_complex.py
[2024-04-27T14:23:38.649+0000] {processor.py:839} INFO - DAG(s) dict_keys(['example_complex']) retrieved from /home/airflow/.local/lib/python3.8/site-packages/airflow/example_dags/example_complex.py
[2024-04-27T14:23:38.704+0000] {logging_mixin.py:151} INFO - [2024-04-27T14:23:38.703+0000] {dag.py:2907} INFO - Sync 1 DAGs
[2024-04-27T14:23:38.727+0000] {logging_mixin.py:151} INFO - [2024-04-27T14:23:38.726+0000] {dag.py:3677} INFO - Setting next_dagrun for example_complex to None, run_after=None
[2024-04-27T14:23:38.752+0000] {processor.py:179} INFO - Processing /home/airflow/.local/lib/python3.8/site-packages/airflow/example_dags/example_complex.py took 0.130 seconds
[2024-04-27T14:24:09.511+0000] {processor.py:157} INFO - Started process (PID=1673) to work on /home/airflow/.local/lib/python3.8/site-packages/airflow/example_dags/example_complex.py
[2024-04-27T14:24:09.512+0000] {processor.py:829} INFO - Processing file /home/airflow/.local/lib/python3.8/site-packages/airflow/example_dags/example_complex.py for tasks to queue
[2024-04-27T14:24:09.515+0000] {logging_mixin.py:151} INFO - [2024-04-27T14:24:09.514+0000] {dagbag.py:539} INFO - Filling up the DagBag from /home/airflow/.local/lib/python3.8/site-packages/airflow/example_dags/example_complex.py
[2024-04-27T14:24:09.539+0000] {processor.py:839} INFO - DAG(s) dict_keys(['example_complex']) retrieved from /home/airflow/.local/lib/python3.8/site-packages/airflow/example_dags/example_complex.py
[2024-04-27T14:24:09.601+0000] {logging_mixin.py:151} INFO - [2024-04-27T14:24:09.601+0000] {dag.py:2907} INFO - Sync 1 DAGs
[2024-04-27T14:24:09.633+0000] {logging_mixin.py:151} INFO - [2024-04-27T14:24:09.632+0000] {dag.py:3677} INFO - Setting next_dagrun for example_complex to None, run_after=None
[2024-04-27T14:24:09.663+0000] {processor.py:179} INFO - Processing /home/airflow/.local/lib/python3.8/site-packages/airflow/example_dags/example_complex.py took 0.158 seconds
[2024-04-27T14:24:41.374+0000] {processor.py:157} INFO - Started process (PID=1737) to work on /home/airflow/.local/lib/python3.8/site-packages/airflow/example_dags/example_complex.py
[2024-04-27T14:24:41.375+0000] {processor.py:829} INFO - Processing file /home/airflow/.local/lib/python3.8/site-packages/airflow/example_dags/example_complex.py for tasks to queue
[2024-04-27T14:24:41.378+0000] {logging_mixin.py:151} INFO - [2024-04-27T14:24:41.378+0000] {dagbag.py:539} INFO - Filling up the DagBag from /home/airflow/.local/lib/python3.8/site-packages/airflow/example_dags/example_complex.py
[2024-04-27T14:24:41.402+0000] {processor.py:839} INFO - DAG(s) dict_keys(['example_complex']) retrieved from /home/airflow/.local/lib/python3.8/site-packages/airflow/example_dags/example_complex.py
[2024-04-27T14:24:41.466+0000] {logging_mixin.py:151} INFO - [2024-04-27T14:24:41.465+0000] {dag.py:2907} INFO - Sync 1 DAGs
[2024-04-27T14:24:41.487+0000] {logging_mixin.py:151} INFO - [2024-04-27T14:24:41.487+0000] {dag.py:3677} INFO - Setting next_dagrun for example_complex to None, run_after=None
[2024-04-27T14:24:41.520+0000] {processor.py:179} INFO - Processing /home/airflow/.local/lib/python3.8/site-packages/airflow/example_dags/example_complex.py took 0.151 seconds
[2024-04-27T14:25:11.765+0000] {processor.py:157} INFO - Started process (PID=1802) to work on /home/airflow/.local/lib/python3.8/site-packages/airflow/example_dags/example_complex.py
[2024-04-27T14:25:11.766+0000] {processor.py:829} INFO - Processing file /home/airflow/.local/lib/python3.8/site-packages/airflow/example_dags/example_complex.py for tasks to queue
[2024-04-27T14:25:11.768+0000] {logging_mixin.py:151} INFO - [2024-04-27T14:25:11.768+0000] {dagbag.py:539} INFO - Filling up the DagBag from /home/airflow/.local/lib/python3.8/site-packages/airflow/example_dags/example_complex.py
[2024-04-27T14:25:11.785+0000] {processor.py:839} INFO - DAG(s) dict_keys(['example_complex']) retrieved from /home/airflow/.local/lib/python3.8/site-packages/airflow/example_dags/example_complex.py
[2024-04-27T14:25:11.829+0000] {logging_mixin.py:151} INFO - [2024-04-27T14:25:11.829+0000] {dag.py:2907} INFO - Sync 1 DAGs
[2024-04-27T14:25:11.844+0000] {logging_mixin.py:151} INFO - [2024-04-27T14:25:11.844+0000] {dag.py:3677} INFO - Setting next_dagrun for example_complex to None, run_after=None
[2024-04-27T14:25:11.865+0000] {processor.py:179} INFO - Processing /home/airflow/.local/lib/python3.8/site-packages/airflow/example_dags/example_complex.py took 0.104 seconds
[2024-04-27T14:25:42.888+0000] {processor.py:157} INFO - Started process (PID=1875) to work on /home/airflow/.local/lib/python3.8/site-packages/airflow/example_dags/example_complex.py
[2024-04-27T14:25:42.890+0000] {processor.py:829} INFO - Processing file /home/airflow/.local/lib/python3.8/site-packages/airflow/example_dags/example_complex.py for tasks to queue
[2024-04-27T14:25:42.893+0000] {logging_mixin.py:151} INFO - [2024-04-27T14:25:42.892+0000] {dagbag.py:539} INFO - Filling up the DagBag from /home/airflow/.local/lib/python3.8/site-packages/airflow/example_dags/example_complex.py
[2024-04-27T14:25:42.916+0000] {processor.py:839} INFO - DAG(s) dict_keys(['example_complex']) retrieved from /home/airflow/.local/lib/python3.8/site-packages/airflow/example_dags/example_complex.py
[2024-04-27T14:25:42.969+0000] {logging_mixin.py:151} INFO - [2024-04-27T14:25:42.968+0000] {dag.py:2907} INFO - Sync 1 DAGs
[2024-04-27T14:25:42.986+0000] {logging_mixin.py:151} INFO - [2024-04-27T14:25:42.986+0000] {dag.py:3677} INFO - Setting next_dagrun for example_complex to None, run_after=None
[2024-04-27T14:25:43.012+0000] {processor.py:179} INFO - Processing /home/airflow/.local/lib/python3.8/site-packages/airflow/example_dags/example_complex.py took 0.128 seconds
