[2024-04-27T13:44:22.088+0000] {processor.py:153} INFO - Started process (PID=83) to work on /home/airflow/.local/lib/python3.7/site-packages/airflow/example_dags/example_short_circuit_operator.py
[2024-04-27T13:44:22.089+0000] {processor.py:743} INFO - Processing file /home/airflow/.local/lib/python3.7/site-packages/airflow/example_dags/example_short_circuit_operator.py for tasks to queue
[2024-04-27T13:44:22.090+0000] {logging_mixin.py:137} INFO - [2024-04-27T13:44:22.090+0000] {dagbag.py:538} INFO - Filling up the DagBag from /home/airflow/.local/lib/python3.7/site-packages/airflow/example_dags/example_short_circuit_operator.py
[2024-04-27T13:44:22.212+0000] {processor.py:753} INFO - DAG(s) dict_keys(['example_short_circuit_operator']) retrieved from /home/airflow/.local/lib/python3.7/site-packages/airflow/example_dags/example_short_circuit_operator.py
[2024-04-27T13:44:22.340+0000] {logging_mixin.py:137} INFO - [2024-04-27T13:44:22.339+0000] {dag.py:2690} INFO - Sync 1 DAGs
[2024-04-27T13:44:22.497+0000] {logging_mixin.py:137} INFO - [2024-04-27T13:44:22.496+0000] {dag.py:3441} INFO - Setting next_dagrun for example_short_circuit_operator to 2024-04-26T13:44:22.496425+00:00, run_after=2024-04-27T13:44:22.496425+00:00
[2024-04-27T13:44:22.597+0000] {processor.py:175} INFO - Processing /home/airflow/.local/lib/python3.7/site-packages/airflow/example_dags/example_short_circuit_operator.py took 0.529 seconds
[2024-04-27T13:44:53.156+0000] {processor.py:153} INFO - Started process (PID=148) to work on /home/airflow/.local/lib/python3.7/site-packages/airflow/example_dags/example_short_circuit_operator.py
[2024-04-27T13:44:53.157+0000] {processor.py:743} INFO - Processing file /home/airflow/.local/lib/python3.7/site-packages/airflow/example_dags/example_short_circuit_operator.py for tasks to queue
[2024-04-27T13:44:53.158+0000] {logging_mixin.py:137} INFO - [2024-04-27T13:44:53.158+0000] {dagbag.py:538} INFO - Filling up the DagBag from /home/airflow/.local/lib/python3.7/site-packages/airflow/example_dags/example_short_circuit_operator.py
[2024-04-27T13:44:53.200+0000] {processor.py:753} INFO - DAG(s) dict_keys(['example_short_circuit_operator']) retrieved from /home/airflow/.local/lib/python3.7/site-packages/airflow/example_dags/example_short_circuit_operator.py
[2024-04-27T13:44:53.286+0000] {logging_mixin.py:137} INFO - [2024-04-27T13:44:53.286+0000] {dag.py:2690} INFO - Sync 1 DAGs
[2024-04-27T13:44:53.376+0000] {logging_mixin.py:137} INFO - [2024-04-27T13:44:53.376+0000] {dag.py:3441} INFO - Setting next_dagrun for example_short_circuit_operator to 2024-04-26T13:44:53.376073+00:00, run_after=2024-04-27T13:44:53.376073+00:00
[2024-04-27T13:44:53.461+0000] {processor.py:175} INFO - Processing /home/airflow/.local/lib/python3.7/site-packages/airflow/example_dags/example_short_circuit_operator.py took 0.311 seconds
[2024-04-27T13:45:24.006+0000] {processor.py:153} INFO - Started process (PID=214) to work on /home/airflow/.local/lib/python3.7/site-packages/airflow/example_dags/example_short_circuit_operator.py
[2024-04-27T13:45:24.008+0000] {processor.py:743} INFO - Processing file /home/airflow/.local/lib/python3.7/site-packages/airflow/example_dags/example_short_circuit_operator.py for tasks to queue
[2024-04-27T13:45:24.009+0000] {logging_mixin.py:137} INFO - [2024-04-27T13:45:24.008+0000] {dagbag.py:538} INFO - Filling up the DagBag from /home/airflow/.local/lib/python3.7/site-packages/airflow/example_dags/example_short_circuit_operator.py
[2024-04-27T13:45:24.042+0000] {processor.py:753} INFO - DAG(s) dict_keys(['example_short_circuit_operator']) retrieved from /home/airflow/.local/lib/python3.7/site-packages/airflow/example_dags/example_short_circuit_operator.py
[2024-04-27T13:45:24.092+0000] {logging_mixin.py:137} INFO - [2024-04-27T13:45:24.092+0000] {dag.py:2690} INFO - Sync 1 DAGs
[2024-04-27T13:45:24.132+0000] {logging_mixin.py:137} INFO - [2024-04-27T13:45:24.132+0000] {dag.py:3441} INFO - Setting next_dagrun for example_short_circuit_operator to 2024-04-26T13:45:24.132439+00:00, run_after=2024-04-27T13:45:24.132439+00:00
[2024-04-27T13:45:24.157+0000] {processor.py:175} INFO - Processing /home/airflow/.local/lib/python3.7/site-packages/airflow/example_dags/example_short_circuit_operator.py took 0.156 seconds
[2024-04-27T13:45:54.241+0000] {processor.py:153} INFO - Started process (PID=278) to work on /home/airflow/.local/lib/python3.7/site-packages/airflow/example_dags/example_short_circuit_operator.py
[2024-04-27T13:45:54.241+0000] {processor.py:743} INFO - Processing file /home/airflow/.local/lib/python3.7/site-packages/airflow/example_dags/example_short_circuit_operator.py for tasks to queue
[2024-04-27T13:45:54.242+0000] {logging_mixin.py:137} INFO - [2024-04-27T13:45:54.242+0000] {dagbag.py:538} INFO - Filling up the DagBag from /home/airflow/.local/lib/python3.7/site-packages/airflow/example_dags/example_short_circuit_operator.py
[2024-04-27T13:45:54.270+0000] {processor.py:753} INFO - DAG(s) dict_keys(['example_short_circuit_operator']) retrieved from /home/airflow/.local/lib/python3.7/site-packages/airflow/example_dags/example_short_circuit_operator.py
[2024-04-27T13:45:54.304+0000] {logging_mixin.py:137} INFO - [2024-04-27T13:45:54.304+0000] {dag.py:2690} INFO - Sync 1 DAGs
[2024-04-27T13:45:54.336+0000] {logging_mixin.py:137} INFO - [2024-04-27T13:45:54.336+0000] {dag.py:3441} INFO - Setting next_dagrun for example_short_circuit_operator to 2024-04-26T13:45:54.336144+00:00, run_after=2024-04-27T13:45:54.336144+00:00
[2024-04-27T13:45:54.360+0000] {processor.py:175} INFO - Processing /home/airflow/.local/lib/python3.7/site-packages/airflow/example_dags/example_short_circuit_operator.py took 0.123 seconds
[2024-04-27T13:46:24.631+0000] {processor.py:153} INFO - Started process (PID=342) to work on /home/airflow/.local/lib/python3.7/site-packages/airflow/example_dags/example_short_circuit_operator.py
[2024-04-27T13:46:24.632+0000] {processor.py:743} INFO - Processing file /home/airflow/.local/lib/python3.7/site-packages/airflow/example_dags/example_short_circuit_operator.py for tasks to queue
[2024-04-27T13:46:24.633+0000] {logging_mixin.py:137} INFO - [2024-04-27T13:46:24.633+0000] {dagbag.py:538} INFO - Filling up the DagBag from /home/airflow/.local/lib/python3.7/site-packages/airflow/example_dags/example_short_circuit_operator.py
[2024-04-27T13:46:24.666+0000] {processor.py:753} INFO - DAG(s) dict_keys(['example_short_circuit_operator']) retrieved from /home/airflow/.local/lib/python3.7/site-packages/airflow/example_dags/example_short_circuit_operator.py
[2024-04-27T13:46:24.719+0000] {logging_mixin.py:137} INFO - [2024-04-27T13:46:24.719+0000] {dag.py:2690} INFO - Sync 1 DAGs
[2024-04-27T13:46:24.773+0000] {logging_mixin.py:137} INFO - [2024-04-27T13:46:24.773+0000] {dag.py:3441} INFO - Setting next_dagrun for example_short_circuit_operator to 2024-04-26T13:46:24.773182+00:00, run_after=2024-04-27T13:46:24.773182+00:00
[2024-04-27T13:46:24.807+0000] {processor.py:175} INFO - Processing /home/airflow/.local/lib/python3.7/site-packages/airflow/example_dags/example_short_circuit_operator.py took 0.181 seconds
[2024-04-27T13:46:55.189+0000] {processor.py:153} INFO - Started process (PID=405) to work on /home/airflow/.local/lib/python3.7/site-packages/airflow/example_dags/example_short_circuit_operator.py
[2024-04-27T13:46:55.190+0000] {processor.py:743} INFO - Processing file /home/airflow/.local/lib/python3.7/site-packages/airflow/example_dags/example_short_circuit_operator.py for tasks to queue
[2024-04-27T13:46:55.191+0000] {logging_mixin.py:137} INFO - [2024-04-27T13:46:55.191+0000] {dagbag.py:538} INFO - Filling up the DagBag from /home/airflow/.local/lib/python3.7/site-packages/airflow/example_dags/example_short_circuit_operator.py
[2024-04-27T13:46:55.231+0000] {processor.py:753} INFO - DAG(s) dict_keys(['example_short_circuit_operator']) retrieved from /home/airflow/.local/lib/python3.7/site-packages/airflow/example_dags/example_short_circuit_operator.py
[2024-04-27T13:46:55.284+0000] {logging_mixin.py:137} INFO - [2024-04-27T13:46:55.283+0000] {dag.py:2690} INFO - Sync 1 DAGs
[2024-04-27T13:46:55.337+0000] {logging_mixin.py:137} INFO - [2024-04-27T13:46:55.337+0000] {dag.py:3441} INFO - Setting next_dagrun for example_short_circuit_operator to 2024-04-26T13:46:55.336769+00:00, run_after=2024-04-27T13:46:55.336769+00:00
[2024-04-27T13:46:55.396+0000] {processor.py:175} INFO - Processing /home/airflow/.local/lib/python3.7/site-packages/airflow/example_dags/example_short_circuit_operator.py took 0.212 seconds
[2024-04-27T13:47:25.625+0000] {processor.py:153} INFO - Started process (PID=479) to work on /home/airflow/.local/lib/python3.7/site-packages/airflow/example_dags/example_short_circuit_operator.py
[2024-04-27T13:47:25.626+0000] {processor.py:743} INFO - Processing file /home/airflow/.local/lib/python3.7/site-packages/airflow/example_dags/example_short_circuit_operator.py for tasks to queue
[2024-04-27T13:47:25.627+0000] {logging_mixin.py:137} INFO - [2024-04-27T13:47:25.627+0000] {dagbag.py:538} INFO - Filling up the DagBag from /home/airflow/.local/lib/python3.7/site-packages/airflow/example_dags/example_short_circuit_operator.py
[2024-04-27T13:47:25.658+0000] {processor.py:753} INFO - DAG(s) dict_keys(['example_short_circuit_operator']) retrieved from /home/airflow/.local/lib/python3.7/site-packages/airflow/example_dags/example_short_circuit_operator.py
[2024-04-27T13:47:25.707+0000] {logging_mixin.py:137} INFO - [2024-04-27T13:47:25.707+0000] {dag.py:2690} INFO - Sync 1 DAGs
[2024-04-27T13:47:25.759+0000] {logging_mixin.py:137} INFO - [2024-04-27T13:47:25.759+0000] {dag.py:3441} INFO - Setting next_dagrun for example_short_circuit_operator to 2024-04-26T13:47:25.759005+00:00, run_after=2024-04-27T13:47:25.759005+00:00
[2024-04-27T13:47:25.797+0000] {processor.py:175} INFO - Processing /home/airflow/.local/lib/python3.7/site-packages/airflow/example_dags/example_short_circuit_operator.py took 0.176 seconds
[2024-04-27T13:47:56.596+0000] {processor.py:153} INFO - Started process (PID=546) to work on /home/airflow/.local/lib/python3.7/site-packages/airflow/example_dags/example_short_circuit_operator.py
[2024-04-27T13:47:56.597+0000] {processor.py:743} INFO - Processing file /home/airflow/.local/lib/python3.7/site-packages/airflow/example_dags/example_short_circuit_operator.py for tasks to queue
[2024-04-27T13:47:56.598+0000] {logging_mixin.py:137} INFO - [2024-04-27T13:47:56.598+0000] {dagbag.py:538} INFO - Filling up the DagBag from /home/airflow/.local/lib/python3.7/site-packages/airflow/example_dags/example_short_circuit_operator.py
[2024-04-27T13:47:56.629+0000] {processor.py:753} INFO - DAG(s) dict_keys(['example_short_circuit_operator']) retrieved from /home/airflow/.local/lib/python3.7/site-packages/airflow/example_dags/example_short_circuit_operator.py
[2024-04-27T13:47:56.676+0000] {logging_mixin.py:137} INFO - [2024-04-27T13:47:56.675+0000] {dag.py:2690} INFO - Sync 1 DAGs
[2024-04-27T13:47:56.726+0000] {logging_mixin.py:137} INFO - [2024-04-27T13:47:56.726+0000] {dag.py:3441} INFO - Setting next_dagrun for example_short_circuit_operator to 2024-04-26T13:47:56.726198+00:00, run_after=2024-04-27T13:47:56.726198+00:00
[2024-04-27T13:47:56.760+0000] {processor.py:175} INFO - Processing /home/airflow/.local/lib/python3.7/site-packages/airflow/example_dags/example_short_circuit_operator.py took 0.170 seconds
[2024-04-27T13:48:26.915+0000] {processor.py:153} INFO - Started process (PID=610) to work on /home/airflow/.local/lib/python3.7/site-packages/airflow/example_dags/example_short_circuit_operator.py
[2024-04-27T13:48:26.917+0000] {processor.py:743} INFO - Processing file /home/airflow/.local/lib/python3.7/site-packages/airflow/example_dags/example_short_circuit_operator.py for tasks to queue
[2024-04-27T13:48:26.919+0000] {logging_mixin.py:137} INFO - [2024-04-27T13:48:26.918+0000] {dagbag.py:538} INFO - Filling up the DagBag from /home/airflow/.local/lib/python3.7/site-packages/airflow/example_dags/example_short_circuit_operator.py
[2024-04-27T13:48:26.949+0000] {processor.py:753} INFO - DAG(s) dict_keys(['example_short_circuit_operator']) retrieved from /home/airflow/.local/lib/python3.7/site-packages/airflow/example_dags/example_short_circuit_operator.py
[2024-04-27T13:48:26.985+0000] {logging_mixin.py:137} INFO - [2024-04-27T13:48:26.984+0000] {dag.py:2690} INFO - Sync 1 DAGs
[2024-04-27T13:48:27.021+0000] {logging_mixin.py:137} INFO - [2024-04-27T13:48:27.021+0000] {dag.py:3441} INFO - Setting next_dagrun for example_short_circuit_operator to 2024-04-26T13:48:27.021369+00:00, run_after=2024-04-27T13:48:27.021369+00:00
[2024-04-27T13:48:27.053+0000] {processor.py:175} INFO - Processing /home/airflow/.local/lib/python3.7/site-packages/airflow/example_dags/example_short_circuit_operator.py took 0.143 seconds
[2024-04-27T13:48:57.174+0000] {processor.py:153} INFO - Started process (PID=674) to work on /home/airflow/.local/lib/python3.7/site-packages/airflow/example_dags/example_short_circuit_operator.py
[2024-04-27T13:48:57.175+0000] {processor.py:743} INFO - Processing file /home/airflow/.local/lib/python3.7/site-packages/airflow/example_dags/example_short_circuit_operator.py for tasks to queue
[2024-04-27T13:48:57.176+0000] {logging_mixin.py:137} INFO - [2024-04-27T13:48:57.176+0000] {dagbag.py:538} INFO - Filling up the DagBag from /home/airflow/.local/lib/python3.7/site-packages/airflow/example_dags/example_short_circuit_operator.py
[2024-04-27T13:48:57.195+0000] {processor.py:753} INFO - DAG(s) dict_keys(['example_short_circuit_operator']) retrieved from /home/airflow/.local/lib/python3.7/site-packages/airflow/example_dags/example_short_circuit_operator.py
[2024-04-27T13:48:57.226+0000] {logging_mixin.py:137} INFO - [2024-04-27T13:48:57.226+0000] {dag.py:2690} INFO - Sync 1 DAGs
[2024-04-27T13:48:57.257+0000] {logging_mixin.py:137} INFO - [2024-04-27T13:48:57.257+0000] {dag.py:3441} INFO - Setting next_dagrun for example_short_circuit_operator to 2024-04-26T13:48:57.257151+00:00, run_after=2024-04-27T13:48:57.257151+00:00
[2024-04-27T13:48:57.281+0000] {processor.py:175} INFO - Processing /home/airflow/.local/lib/python3.7/site-packages/airflow/example_dags/example_short_circuit_operator.py took 0.110 seconds
[2024-04-27T13:49:28.209+0000] {processor.py:153} INFO - Started process (PID=738) to work on /home/airflow/.local/lib/python3.7/site-packages/airflow/example_dags/example_short_circuit_operator.py
[2024-04-27T13:49:28.214+0000] {processor.py:743} INFO - Processing file /home/airflow/.local/lib/python3.7/site-packages/airflow/example_dags/example_short_circuit_operator.py for tasks to queue
[2024-04-27T13:49:28.215+0000] {logging_mixin.py:137} INFO - [2024-04-27T13:49:28.214+0000] {dagbag.py:538} INFO - Filling up the DagBag from /home/airflow/.local/lib/python3.7/site-packages/airflow/example_dags/example_short_circuit_operator.py
[2024-04-27T13:49:28.272+0000] {processor.py:753} INFO - DAG(s) dict_keys(['example_short_circuit_operator']) retrieved from /home/airflow/.local/lib/python3.7/site-packages/airflow/example_dags/example_short_circuit_operator.py
[2024-04-27T13:49:28.368+0000] {logging_mixin.py:137} INFO - [2024-04-27T13:49:28.367+0000] {dag.py:2690} INFO - Sync 1 DAGs
[2024-04-27T13:49:28.434+0000] {logging_mixin.py:137} INFO - [2024-04-27T13:49:28.433+0000] {dag.py:3441} INFO - Setting next_dagrun for example_short_circuit_operator to 2024-04-26T13:49:28.433328+00:00, run_after=2024-04-27T13:49:28.433328+00:00
[2024-04-27T13:49:28.471+0000] {processor.py:175} INFO - Processing /home/airflow/.local/lib/python3.7/site-packages/airflow/example_dags/example_short_circuit_operator.py took 0.276 seconds
[2024-04-27T13:49:58.849+0000] {processor.py:153} INFO - Started process (PID=810) to work on /home/airflow/.local/lib/python3.7/site-packages/airflow/example_dags/example_short_circuit_operator.py
[2024-04-27T13:49:58.849+0000] {processor.py:743} INFO - Processing file /home/airflow/.local/lib/python3.7/site-packages/airflow/example_dags/example_short_circuit_operator.py for tasks to queue
[2024-04-27T13:49:58.850+0000] {logging_mixin.py:137} INFO - [2024-04-27T13:49:58.850+0000] {dagbag.py:538} INFO - Filling up the DagBag from /home/airflow/.local/lib/python3.7/site-packages/airflow/example_dags/example_short_circuit_operator.py
[2024-04-27T13:49:58.878+0000] {processor.py:753} INFO - DAG(s) dict_keys(['example_short_circuit_operator']) retrieved from /home/airflow/.local/lib/python3.7/site-packages/airflow/example_dags/example_short_circuit_operator.py
[2024-04-27T13:49:58.927+0000] {logging_mixin.py:137} INFO - [2024-04-27T13:49:58.927+0000] {dag.py:2690} INFO - Sync 1 DAGs
[2024-04-27T13:49:59.011+0000] {logging_mixin.py:137} INFO - [2024-04-27T13:49:59.010+0000] {dag.py:3441} INFO - Setting next_dagrun for example_short_circuit_operator to 2024-04-26T13:49:59.010248+00:00, run_after=2024-04-27T13:49:59.010248+00:00
[2024-04-27T13:49:59.095+0000] {processor.py:175} INFO - Processing /home/airflow/.local/lib/python3.7/site-packages/airflow/example_dags/example_short_circuit_operator.py took 0.251 seconds
[2024-04-27T13:50:29.160+0000] {processor.py:153} INFO - Started process (PID=876) to work on /home/airflow/.local/lib/python3.7/site-packages/airflow/example_dags/example_short_circuit_operator.py
[2024-04-27T13:50:29.161+0000] {processor.py:743} INFO - Processing file /home/airflow/.local/lib/python3.7/site-packages/airflow/example_dags/example_short_circuit_operator.py for tasks to queue
[2024-04-27T13:50:29.162+0000] {logging_mixin.py:137} INFO - [2024-04-27T13:50:29.162+0000] {dagbag.py:538} INFO - Filling up the DagBag from /home/airflow/.local/lib/python3.7/site-packages/airflow/example_dags/example_short_circuit_operator.py
[2024-04-27T13:50:29.182+0000] {processor.py:753} INFO - DAG(s) dict_keys(['example_short_circuit_operator']) retrieved from /home/airflow/.local/lib/python3.7/site-packages/airflow/example_dags/example_short_circuit_operator.py
[2024-04-27T13:50:29.214+0000] {logging_mixin.py:137} INFO - [2024-04-27T13:50:29.214+0000] {dag.py:2690} INFO - Sync 1 DAGs
[2024-04-27T13:50:29.247+0000] {logging_mixin.py:137} INFO - [2024-04-27T13:50:29.246+0000] {dag.py:3441} INFO - Setting next_dagrun for example_short_circuit_operator to 2024-04-26T13:50:29.246702+00:00, run_after=2024-04-27T13:50:29.246702+00:00
[2024-04-27T13:50:29.271+0000] {processor.py:175} INFO - Processing /home/airflow/.local/lib/python3.7/site-packages/airflow/example_dags/example_short_circuit_operator.py took 0.114 seconds
[2024-04-27T13:50:59.994+0000] {processor.py:153} INFO - Started process (PID=939) to work on /home/airflow/.local/lib/python3.7/site-packages/airflow/example_dags/example_short_circuit_operator.py
[2024-04-27T13:50:59.995+0000] {processor.py:743} INFO - Processing file /home/airflow/.local/lib/python3.7/site-packages/airflow/example_dags/example_short_circuit_operator.py for tasks to queue
[2024-04-27T13:50:59.996+0000] {logging_mixin.py:137} INFO - [2024-04-27T13:50:59.996+0000] {dagbag.py:538} INFO - Filling up the DagBag from /home/airflow/.local/lib/python3.7/site-packages/airflow/example_dags/example_short_circuit_operator.py
[2024-04-27T13:51:00.025+0000] {processor.py:753} INFO - DAG(s) dict_keys(['example_short_circuit_operator']) retrieved from /home/airflow/.local/lib/python3.7/site-packages/airflow/example_dags/example_short_circuit_operator.py
[2024-04-27T13:51:00.068+0000] {logging_mixin.py:137} INFO - [2024-04-27T13:51:00.068+0000] {dag.py:2690} INFO - Sync 1 DAGs
[2024-04-27T13:51:00.111+0000] {logging_mixin.py:137} INFO - [2024-04-27T13:51:00.111+0000] {dag.py:3441} INFO - Setting next_dagrun for example_short_circuit_operator to 2024-04-26T13:51:00.111308+00:00, run_after=2024-04-27T13:51:00.111308+00:00
[2024-04-27T13:51:00.141+0000] {processor.py:175} INFO - Processing /home/airflow/.local/lib/python3.7/site-packages/airflow/example_dags/example_short_circuit_operator.py took 0.152 seconds
[2024-04-27T13:51:30.911+0000] {processor.py:153} INFO - Started process (PID=1002) to work on /home/airflow/.local/lib/python3.7/site-packages/airflow/example_dags/example_short_circuit_operator.py
[2024-04-27T13:51:30.912+0000] {processor.py:743} INFO - Processing file /home/airflow/.local/lib/python3.7/site-packages/airflow/example_dags/example_short_circuit_operator.py for tasks to queue
[2024-04-27T13:51:30.914+0000] {logging_mixin.py:137} INFO - [2024-04-27T13:51:30.913+0000] {dagbag.py:538} INFO - Filling up the DagBag from /home/airflow/.local/lib/python3.7/site-packages/airflow/example_dags/example_short_circuit_operator.py
[2024-04-27T13:51:30.960+0000] {processor.py:753} INFO - DAG(s) dict_keys(['example_short_circuit_operator']) retrieved from /home/airflow/.local/lib/python3.7/site-packages/airflow/example_dags/example_short_circuit_operator.py
[2024-04-27T13:51:30.993+0000] {logging_mixin.py:137} INFO - [2024-04-27T13:51:30.993+0000] {dag.py:2690} INFO - Sync 1 DAGs
[2024-04-27T13:51:31.026+0000] {logging_mixin.py:137} INFO - [2024-04-27T13:51:31.026+0000] {dag.py:3441} INFO - Setting next_dagrun for example_short_circuit_operator to 2024-04-26T13:51:31.025982+00:00, run_after=2024-04-27T13:51:31.025982+00:00
[2024-04-27T13:51:31.050+0000] {processor.py:175} INFO - Processing /home/airflow/.local/lib/python3.7/site-packages/airflow/example_dags/example_short_circuit_operator.py took 0.154 seconds
[2024-04-27T13:52:01.251+0000] {processor.py:153} INFO - Started process (PID=1073) to work on /home/airflow/.local/lib/python3.7/site-packages/airflow/example_dags/example_short_circuit_operator.py
[2024-04-27T13:52:01.252+0000] {processor.py:743} INFO - Processing file /home/airflow/.local/lib/python3.7/site-packages/airflow/example_dags/example_short_circuit_operator.py for tasks to queue
[2024-04-27T13:52:01.253+0000] {logging_mixin.py:137} INFO - [2024-04-27T13:52:01.253+0000] {dagbag.py:538} INFO - Filling up the DagBag from /home/airflow/.local/lib/python3.7/site-packages/airflow/example_dags/example_short_circuit_operator.py
[2024-04-27T13:52:01.282+0000] {processor.py:753} INFO - DAG(s) dict_keys(['example_short_circuit_operator']) retrieved from /home/airflow/.local/lib/python3.7/site-packages/airflow/example_dags/example_short_circuit_operator.py
[2024-04-27T13:52:01.321+0000] {logging_mixin.py:137} INFO - [2024-04-27T13:52:01.321+0000] {dag.py:2690} INFO - Sync 1 DAGs
[2024-04-27T13:52:01.369+0000] {logging_mixin.py:137} INFO - [2024-04-27T13:52:01.369+0000] {dag.py:3441} INFO - Setting next_dagrun for example_short_circuit_operator to 2024-04-26T13:52:01.368965+00:00, run_after=2024-04-27T13:52:01.368965+00:00
[2024-04-27T13:52:01.416+0000] {processor.py:175} INFO - Processing /home/airflow/.local/lib/python3.7/site-packages/airflow/example_dags/example_short_circuit_operator.py took 0.170 seconds
[2024-04-27T13:52:31.902+0000] {processor.py:153} INFO - Started process (PID=1140) to work on /home/airflow/.local/lib/python3.7/site-packages/airflow/example_dags/example_short_circuit_operator.py
[2024-04-27T13:52:31.903+0000] {processor.py:743} INFO - Processing file /home/airflow/.local/lib/python3.7/site-packages/airflow/example_dags/example_short_circuit_operator.py for tasks to queue
[2024-04-27T13:52:31.904+0000] {logging_mixin.py:137} INFO - [2024-04-27T13:52:31.904+0000] {dagbag.py:538} INFO - Filling up the DagBag from /home/airflow/.local/lib/python3.7/site-packages/airflow/example_dags/example_short_circuit_operator.py
[2024-04-27T13:52:31.925+0000] {processor.py:753} INFO - DAG(s) dict_keys(['example_short_circuit_operator']) retrieved from /home/airflow/.local/lib/python3.7/site-packages/airflow/example_dags/example_short_circuit_operator.py
[2024-04-27T13:52:31.961+0000] {logging_mixin.py:137} INFO - [2024-04-27T13:52:31.961+0000] {dag.py:2690} INFO - Sync 1 DAGs
[2024-04-27T13:52:31.995+0000] {logging_mixin.py:137} INFO - [2024-04-27T13:52:31.994+0000] {dag.py:3441} INFO - Setting next_dagrun for example_short_circuit_operator to 2024-04-26T13:52:31.994589+00:00, run_after=2024-04-27T13:52:31.994589+00:00
[2024-04-27T13:52:32.021+0000] {processor.py:175} INFO - Processing /home/airflow/.local/lib/python3.7/site-packages/airflow/example_dags/example_short_circuit_operator.py took 0.123 seconds
[2024-04-27T13:53:02.716+0000] {processor.py:153} INFO - Started process (PID=1204) to work on /home/airflow/.local/lib/python3.7/site-packages/airflow/example_dags/example_short_circuit_operator.py
[2024-04-27T13:53:02.718+0000] {processor.py:743} INFO - Processing file /home/airflow/.local/lib/python3.7/site-packages/airflow/example_dags/example_short_circuit_operator.py for tasks to queue
[2024-04-27T13:53:02.719+0000] {logging_mixin.py:137} INFO - [2024-04-27T13:53:02.719+0000] {dagbag.py:538} INFO - Filling up the DagBag from /home/airflow/.local/lib/python3.7/site-packages/airflow/example_dags/example_short_circuit_operator.py
[2024-04-27T13:53:02.755+0000] {processor.py:753} INFO - DAG(s) dict_keys(['example_short_circuit_operator']) retrieved from /home/airflow/.local/lib/python3.7/site-packages/airflow/example_dags/example_short_circuit_operator.py
[2024-04-27T13:53:02.801+0000] {logging_mixin.py:137} INFO - [2024-04-27T13:53:02.801+0000] {dag.py:2690} INFO - Sync 1 DAGs
[2024-04-27T13:53:02.854+0000] {logging_mixin.py:137} INFO - [2024-04-27T13:53:02.854+0000] {dag.py:3441} INFO - Setting next_dagrun for example_short_circuit_operator to 2024-04-26T13:53:02.854146+00:00, run_after=2024-04-27T13:53:02.854146+00:00
[2024-04-27T13:53:02.889+0000] {processor.py:175} INFO - Processing /home/airflow/.local/lib/python3.7/site-packages/airflow/example_dags/example_short_circuit_operator.py took 0.179 seconds
[2024-04-27T13:53:33.168+0000] {processor.py:153} INFO - Started process (PID=1267) to work on /home/airflow/.local/lib/python3.7/site-packages/airflow/example_dags/example_short_circuit_operator.py
[2024-04-27T13:53:33.169+0000] {processor.py:743} INFO - Processing file /home/airflow/.local/lib/python3.7/site-packages/airflow/example_dags/example_short_circuit_operator.py for tasks to queue
[2024-04-27T13:53:33.170+0000] {logging_mixin.py:137} INFO - [2024-04-27T13:53:33.170+0000] {dagbag.py:538} INFO - Filling up the DagBag from /home/airflow/.local/lib/python3.7/site-packages/airflow/example_dags/example_short_circuit_operator.py
[2024-04-27T13:53:33.200+0000] {processor.py:753} INFO - DAG(s) dict_keys(['example_short_circuit_operator']) retrieved from /home/airflow/.local/lib/python3.7/site-packages/airflow/example_dags/example_short_circuit_operator.py
[2024-04-27T13:53:33.252+0000] {logging_mixin.py:137} INFO - [2024-04-27T13:53:33.252+0000] {dag.py:2690} INFO - Sync 1 DAGs
[2024-04-27T13:53:33.330+0000] {logging_mixin.py:137} INFO - [2024-04-27T13:53:33.330+0000] {dag.py:3441} INFO - Setting next_dagrun for example_short_circuit_operator to 2024-04-26T13:53:33.329961+00:00, run_after=2024-04-27T13:53:33.329961+00:00
[2024-04-27T13:53:33.366+0000] {processor.py:175} INFO - Processing /home/airflow/.local/lib/python3.7/site-packages/airflow/example_dags/example_short_circuit_operator.py took 0.203 seconds
[2024-04-27T14:03:23.258+0000] {processor.py:157} INFO - Started process (PID=81) to work on /home/airflow/.local/lib/python3.8/site-packages/airflow/example_dags/example_short_circuit_operator.py
[2024-04-27T14:03:23.259+0000] {processor.py:829} INFO - Processing file /home/airflow/.local/lib/python3.8/site-packages/airflow/example_dags/example_short_circuit_operator.py for tasks to queue
[2024-04-27T14:03:23.262+0000] {logging_mixin.py:151} INFO - [2024-04-27T14:03:23.262+0000] {dagbag.py:539} INFO - Filling up the DagBag from /home/airflow/.local/lib/python3.8/site-packages/airflow/example_dags/example_short_circuit_operator.py
[2024-04-27T14:03:23.426+0000] {processor.py:839} INFO - DAG(s) dict_keys(['example_short_circuit_operator']) retrieved from /home/airflow/.local/lib/python3.8/site-packages/airflow/example_dags/example_short_circuit_operator.py
[2024-04-27T14:03:23.632+0000] {logging_mixin.py:151} INFO - [2024-04-27T14:03:23.631+0000] {manager.py:501} INFO - Created Permission View: can read on DAG:example_short_circuit_operator
[2024-04-27T14:03:23.660+0000] {logging_mixin.py:151} INFO - [2024-04-27T14:03:23.660+0000] {manager.py:501} INFO - Created Permission View: can edit on DAG:example_short_circuit_operator
[2024-04-27T14:03:23.675+0000] {logging_mixin.py:151} INFO - [2024-04-27T14:03:23.674+0000] {manager.py:501} INFO - Created Permission View: can delete on DAG:example_short_circuit_operator
[2024-04-27T14:03:23.700+0000] {logging_mixin.py:151} INFO - [2024-04-27T14:03:23.700+0000] {dag.py:2907} INFO - Sync 1 DAGs
[2024-04-27T14:03:23.720+0000] {logging_mixin.py:151} INFO - [2024-04-27T14:03:23.720+0000] {dag.py:2929} INFO - Creating ORM DAG for example_short_circuit_operator
[2024-04-27T14:03:23.737+0000] {logging_mixin.py:151} INFO - [2024-04-27T14:03:23.737+0000] {dag.py:3677} INFO - Setting next_dagrun for example_short_circuit_operator to 2024-04-26T14:03:23.737338+00:00, run_after=2024-04-27T14:03:23.737338+00:00
[2024-04-27T14:03:23.771+0000] {processor.py:179} INFO - Processing /home/airflow/.local/lib/python3.8/site-packages/airflow/example_dags/example_short_circuit_operator.py took 0.518 seconds
[2024-04-27T14:03:53.915+0000] {processor.py:157} INFO - Started process (PID=144) to work on /home/airflow/.local/lib/python3.8/site-packages/airflow/example_dags/example_short_circuit_operator.py
[2024-04-27T14:03:53.916+0000] {processor.py:829} INFO - Processing file /home/airflow/.local/lib/python3.8/site-packages/airflow/example_dags/example_short_circuit_operator.py for tasks to queue
[2024-04-27T14:03:53.918+0000] {logging_mixin.py:151} INFO - [2024-04-27T14:03:53.918+0000] {dagbag.py:539} INFO - Filling up the DagBag from /home/airflow/.local/lib/python3.8/site-packages/airflow/example_dags/example_short_circuit_operator.py
[2024-04-27T14:03:53.927+0000] {processor.py:839} INFO - DAG(s) dict_keys(['example_short_circuit_operator']) retrieved from /home/airflow/.local/lib/python3.8/site-packages/airflow/example_dags/example_short_circuit_operator.py
[2024-04-27T14:03:53.971+0000] {logging_mixin.py:151} INFO - [2024-04-27T14:03:53.970+0000] {dag.py:2907} INFO - Sync 1 DAGs
[2024-04-27T14:03:53.998+0000] {logging_mixin.py:151} INFO - [2024-04-27T14:03:53.998+0000] {dag.py:3677} INFO - Setting next_dagrun for example_short_circuit_operator to 2024-04-26T14:03:53.998122+00:00, run_after=2024-04-27T14:03:53.998122+00:00
[2024-04-27T14:03:54.019+0000] {processor.py:179} INFO - Processing /home/airflow/.local/lib/python3.8/site-packages/airflow/example_dags/example_short_circuit_operator.py took 0.108 seconds
[2024-04-27T14:04:24.259+0000] {processor.py:157} INFO - Started process (PID=214) to work on /home/airflow/.local/lib/python3.8/site-packages/airflow/example_dags/example_short_circuit_operator.py
[2024-04-27T14:04:24.260+0000] {processor.py:829} INFO - Processing file /home/airflow/.local/lib/python3.8/site-packages/airflow/example_dags/example_short_circuit_operator.py for tasks to queue
[2024-04-27T14:04:24.263+0000] {logging_mixin.py:151} INFO - [2024-04-27T14:04:24.263+0000] {dagbag.py:539} INFO - Filling up the DagBag from /home/airflow/.local/lib/python3.8/site-packages/airflow/example_dags/example_short_circuit_operator.py
[2024-04-27T14:04:24.279+0000] {processor.py:839} INFO - DAG(s) dict_keys(['example_short_circuit_operator']) retrieved from /home/airflow/.local/lib/python3.8/site-packages/airflow/example_dags/example_short_circuit_operator.py
[2024-04-27T14:04:24.330+0000] {logging_mixin.py:151} INFO - [2024-04-27T14:04:24.329+0000] {dag.py:2907} INFO - Sync 1 DAGs
[2024-04-27T14:04:24.372+0000] {logging_mixin.py:151} INFO - [2024-04-27T14:04:24.372+0000] {dag.py:3677} INFO - Setting next_dagrun for example_short_circuit_operator to 2024-04-26T14:04:24.372045+00:00, run_after=2024-04-27T14:04:24.372045+00:00
[2024-04-27T14:04:24.402+0000] {processor.py:179} INFO - Processing /home/airflow/.local/lib/python3.8/site-packages/airflow/example_dags/example_short_circuit_operator.py took 0.149 seconds
[2024-04-27T14:04:54.471+0000] {processor.py:157} INFO - Started process (PID=278) to work on /home/airflow/.local/lib/python3.8/site-packages/airflow/example_dags/example_short_circuit_operator.py
[2024-04-27T14:04:54.472+0000] {processor.py:829} INFO - Processing file /home/airflow/.local/lib/python3.8/site-packages/airflow/example_dags/example_short_circuit_operator.py for tasks to queue
[2024-04-27T14:04:54.475+0000] {logging_mixin.py:151} INFO - [2024-04-27T14:04:54.475+0000] {dagbag.py:539} INFO - Filling up the DagBag from /home/airflow/.local/lib/python3.8/site-packages/airflow/example_dags/example_short_circuit_operator.py
[2024-04-27T14:04:54.487+0000] {processor.py:839} INFO - DAG(s) dict_keys(['example_short_circuit_operator']) retrieved from /home/airflow/.local/lib/python3.8/site-packages/airflow/example_dags/example_short_circuit_operator.py
[2024-04-27T14:04:54.524+0000] {logging_mixin.py:151} INFO - [2024-04-27T14:04:54.524+0000] {dag.py:2907} INFO - Sync 1 DAGs
[2024-04-27T14:04:54.562+0000] {logging_mixin.py:151} INFO - [2024-04-27T14:04:54.562+0000] {dag.py:3677} INFO - Setting next_dagrun for example_short_circuit_operator to 2024-04-26T14:04:54.561594+00:00, run_after=2024-04-27T14:04:54.561594+00:00
[2024-04-27T14:04:54.585+0000] {processor.py:179} INFO - Processing /home/airflow/.local/lib/python3.8/site-packages/airflow/example_dags/example_short_circuit_operator.py took 0.119 seconds
[2024-04-27T14:05:24.867+0000] {processor.py:157} INFO - Started process (PID=342) to work on /home/airflow/.local/lib/python3.8/site-packages/airflow/example_dags/example_short_circuit_operator.py
[2024-04-27T14:05:24.869+0000] {processor.py:829} INFO - Processing file /home/airflow/.local/lib/python3.8/site-packages/airflow/example_dags/example_short_circuit_operator.py for tasks to queue
[2024-04-27T14:05:24.872+0000] {logging_mixin.py:151} INFO - [2024-04-27T14:05:24.871+0000] {dagbag.py:539} INFO - Filling up the DagBag from /home/airflow/.local/lib/python3.8/site-packages/airflow/example_dags/example_short_circuit_operator.py
[2024-04-27T14:05:24.885+0000] {processor.py:839} INFO - DAG(s) dict_keys(['example_short_circuit_operator']) retrieved from /home/airflow/.local/lib/python3.8/site-packages/airflow/example_dags/example_short_circuit_operator.py
[2024-04-27T14:05:24.926+0000] {logging_mixin.py:151} INFO - [2024-04-27T14:05:24.926+0000] {dag.py:2907} INFO - Sync 1 DAGs
[2024-04-27T14:05:24.967+0000] {logging_mixin.py:151} INFO - [2024-04-27T14:05:24.966+0000] {dag.py:3677} INFO - Setting next_dagrun for example_short_circuit_operator to 2024-04-26T14:05:24.966523+00:00, run_after=2024-04-27T14:05:24.966523+00:00
[2024-04-27T14:05:24.991+0000] {processor.py:179} INFO - Processing /home/airflow/.local/lib/python3.8/site-packages/airflow/example_dags/example_short_circuit_operator.py took 0.129 seconds
[2024-04-27T14:05:55.140+0000] {processor.py:157} INFO - Started process (PID=406) to work on /home/airflow/.local/lib/python3.8/site-packages/airflow/example_dags/example_short_circuit_operator.py
[2024-04-27T14:05:55.141+0000] {processor.py:829} INFO - Processing file /home/airflow/.local/lib/python3.8/site-packages/airflow/example_dags/example_short_circuit_operator.py for tasks to queue
[2024-04-27T14:05:55.143+0000] {logging_mixin.py:151} INFO - [2024-04-27T14:05:55.143+0000] {dagbag.py:539} INFO - Filling up the DagBag from /home/airflow/.local/lib/python3.8/site-packages/airflow/example_dags/example_short_circuit_operator.py
[2024-04-27T14:05:55.154+0000] {processor.py:839} INFO - DAG(s) dict_keys(['example_short_circuit_operator']) retrieved from /home/airflow/.local/lib/python3.8/site-packages/airflow/example_dags/example_short_circuit_operator.py
[2024-04-27T14:05:55.184+0000] {logging_mixin.py:151} INFO - [2024-04-27T14:05:55.184+0000] {dag.py:2907} INFO - Sync 1 DAGs
[2024-04-27T14:05:55.212+0000] {logging_mixin.py:151} INFO - [2024-04-27T14:05:55.212+0000] {dag.py:3677} INFO - Setting next_dagrun for example_short_circuit_operator to 2024-04-26T14:05:55.211854+00:00, run_after=2024-04-27T14:05:55.211854+00:00
[2024-04-27T14:05:55.234+0000] {processor.py:179} INFO - Processing /home/airflow/.local/lib/python3.8/site-packages/airflow/example_dags/example_short_circuit_operator.py took 0.098 seconds
[2024-04-27T14:06:25.770+0000] {processor.py:157} INFO - Started process (PID=476) to work on /home/airflow/.local/lib/python3.8/site-packages/airflow/example_dags/example_short_circuit_operator.py
[2024-04-27T14:06:25.772+0000] {processor.py:829} INFO - Processing file /home/airflow/.local/lib/python3.8/site-packages/airflow/example_dags/example_short_circuit_operator.py for tasks to queue
[2024-04-27T14:06:25.775+0000] {logging_mixin.py:151} INFO - [2024-04-27T14:06:25.775+0000] {dagbag.py:539} INFO - Filling up the DagBag from /home/airflow/.local/lib/python3.8/site-packages/airflow/example_dags/example_short_circuit_operator.py
[2024-04-27T14:06:25.786+0000] {processor.py:839} INFO - DAG(s) dict_keys(['example_short_circuit_operator']) retrieved from /home/airflow/.local/lib/python3.8/site-packages/airflow/example_dags/example_short_circuit_operator.py
[2024-04-27T14:06:25.822+0000] {logging_mixin.py:151} INFO - [2024-04-27T14:06:25.822+0000] {dag.py:2907} INFO - Sync 1 DAGs
[2024-04-27T14:06:25.849+0000] {logging_mixin.py:151} INFO - [2024-04-27T14:06:25.848+0000] {dag.py:3677} INFO - Setting next_dagrun for example_short_circuit_operator to 2024-04-26T14:06:25.848689+00:00, run_after=2024-04-27T14:06:25.848689+00:00
[2024-04-27T14:06:25.871+0000] {processor.py:179} INFO - Processing /home/airflow/.local/lib/python3.8/site-packages/airflow/example_dags/example_short_circuit_operator.py took 0.105 seconds
[2024-04-27T14:06:56.066+0000] {processor.py:157} INFO - Started process (PID=541) to work on /home/airflow/.local/lib/python3.8/site-packages/airflow/example_dags/example_short_circuit_operator.py
[2024-04-27T14:06:56.066+0000] {processor.py:829} INFO - Processing file /home/airflow/.local/lib/python3.8/site-packages/airflow/example_dags/example_short_circuit_operator.py for tasks to queue
[2024-04-27T14:06:56.069+0000] {logging_mixin.py:151} INFO - [2024-04-27T14:06:56.068+0000] {dagbag.py:539} INFO - Filling up the DagBag from /home/airflow/.local/lib/python3.8/site-packages/airflow/example_dags/example_short_circuit_operator.py
[2024-04-27T14:06:56.078+0000] {processor.py:839} INFO - DAG(s) dict_keys(['example_short_circuit_operator']) retrieved from /home/airflow/.local/lib/python3.8/site-packages/airflow/example_dags/example_short_circuit_operator.py
[2024-04-27T14:06:56.108+0000] {logging_mixin.py:151} INFO - [2024-04-27T14:06:56.108+0000] {dag.py:2907} INFO - Sync 1 DAGs
[2024-04-27T14:06:56.135+0000] {logging_mixin.py:151} INFO - [2024-04-27T14:06:56.135+0000] {dag.py:3677} INFO - Setting next_dagrun for example_short_circuit_operator to 2024-04-26T14:06:56.134831+00:00, run_after=2024-04-27T14:06:56.134831+00:00
[2024-04-27T14:06:56.158+0000] {processor.py:179} INFO - Processing /home/airflow/.local/lib/python3.8/site-packages/airflow/example_dags/example_short_circuit_operator.py took 0.096 seconds
[2024-04-27T14:07:26.927+0000] {processor.py:157} INFO - Started process (PID=606) to work on /home/airflow/.local/lib/python3.8/site-packages/airflow/example_dags/example_short_circuit_operator.py
[2024-04-27T14:07:26.928+0000] {processor.py:829} INFO - Processing file /home/airflow/.local/lib/python3.8/site-packages/airflow/example_dags/example_short_circuit_operator.py for tasks to queue
[2024-04-27T14:07:26.930+0000] {logging_mixin.py:151} INFO - [2024-04-27T14:07:26.930+0000] {dagbag.py:539} INFO - Filling up the DagBag from /home/airflow/.local/lib/python3.8/site-packages/airflow/example_dags/example_short_circuit_operator.py
[2024-04-27T14:07:26.940+0000] {processor.py:839} INFO - DAG(s) dict_keys(['example_short_circuit_operator']) retrieved from /home/airflow/.local/lib/python3.8/site-packages/airflow/example_dags/example_short_circuit_operator.py
[2024-04-27T14:07:26.979+0000] {logging_mixin.py:151} INFO - [2024-04-27T14:07:26.978+0000] {dag.py:2907} INFO - Sync 1 DAGs
[2024-04-27T14:07:27.004+0000] {logging_mixin.py:151} INFO - [2024-04-27T14:07:27.004+0000] {dag.py:3677} INFO - Setting next_dagrun for example_short_circuit_operator to 2024-04-26T14:07:27.004303+00:00, run_after=2024-04-27T14:07:27.004303+00:00
[2024-04-27T14:07:27.024+0000] {processor.py:179} INFO - Processing /home/airflow/.local/lib/python3.8/site-packages/airflow/example_dags/example_short_circuit_operator.py took 0.101 seconds
[2024-04-27T14:11:50.717+0000] {processor.py:157} INFO - Started process (PID=80) to work on /home/airflow/.local/lib/python3.8/site-packages/airflow/example_dags/example_short_circuit_operator.py
[2024-04-27T14:11:50.718+0000] {processor.py:829} INFO - Processing file /home/airflow/.local/lib/python3.8/site-packages/airflow/example_dags/example_short_circuit_operator.py for tasks to queue
[2024-04-27T14:11:50.720+0000] {logging_mixin.py:151} INFO - [2024-04-27T14:11:50.720+0000] {dagbag.py:539} INFO - Filling up the DagBag from /home/airflow/.local/lib/python3.8/site-packages/airflow/example_dags/example_short_circuit_operator.py
[2024-04-27T14:11:50.878+0000] {processor.py:839} INFO - DAG(s) dict_keys(['example_short_circuit_operator']) retrieved from /home/airflow/.local/lib/python3.8/site-packages/airflow/example_dags/example_short_circuit_operator.py
[2024-04-27T14:11:50.926+0000] {logging_mixin.py:151} INFO - [2024-04-27T14:11:50.925+0000] {dag.py:2907} INFO - Sync 1 DAGs
[2024-04-27T14:11:50.968+0000] {logging_mixin.py:151} INFO - [2024-04-27T14:11:50.968+0000] {dag.py:3677} INFO - Setting next_dagrun for example_short_circuit_operator to 2024-04-26T14:11:50.968253+00:00, run_after=2024-04-27T14:11:50.968253+00:00
[2024-04-27T14:11:50.994+0000] {processor.py:179} INFO - Processing /home/airflow/.local/lib/python3.8/site-packages/airflow/example_dags/example_short_circuit_operator.py took 0.281 seconds
[2024-04-27T14:12:21.084+0000] {processor.py:157} INFO - Started process (PID=143) to work on /home/airflow/.local/lib/python3.8/site-packages/airflow/example_dags/example_short_circuit_operator.py
[2024-04-27T14:12:21.085+0000] {processor.py:829} INFO - Processing file /home/airflow/.local/lib/python3.8/site-packages/airflow/example_dags/example_short_circuit_operator.py for tasks to queue
[2024-04-27T14:12:21.088+0000] {logging_mixin.py:151} INFO - [2024-04-27T14:12:21.087+0000] {dagbag.py:539} INFO - Filling up the DagBag from /home/airflow/.local/lib/python3.8/site-packages/airflow/example_dags/example_short_circuit_operator.py
[2024-04-27T14:12:21.114+0000] {processor.py:839} INFO - DAG(s) dict_keys(['example_short_circuit_operator']) retrieved from /home/airflow/.local/lib/python3.8/site-packages/airflow/example_dags/example_short_circuit_operator.py
[2024-04-27T14:12:21.170+0000] {logging_mixin.py:151} INFO - [2024-04-27T14:12:21.170+0000] {dag.py:2907} INFO - Sync 1 DAGs
[2024-04-27T14:12:21.209+0000] {logging_mixin.py:151} INFO - [2024-04-27T14:12:21.209+0000] {dag.py:3677} INFO - Setting next_dagrun for example_short_circuit_operator to 2024-04-26T14:12:21.209200+00:00, run_after=2024-04-27T14:12:21.209200+00:00
[2024-04-27T14:12:21.261+0000] {processor.py:179} INFO - Processing /home/airflow/.local/lib/python3.8/site-packages/airflow/example_dags/example_short_circuit_operator.py took 0.182 seconds
[2024-04-27T14:12:52.269+0000] {processor.py:157} INFO - Started process (PID=206) to work on /home/airflow/.local/lib/python3.8/site-packages/airflow/example_dags/example_short_circuit_operator.py
[2024-04-27T14:12:52.270+0000] {processor.py:829} INFO - Processing file /home/airflow/.local/lib/python3.8/site-packages/airflow/example_dags/example_short_circuit_operator.py for tasks to queue
[2024-04-27T14:12:52.276+0000] {logging_mixin.py:151} INFO - [2024-04-27T14:12:52.275+0000] {dagbag.py:539} INFO - Filling up the DagBag from /home/airflow/.local/lib/python3.8/site-packages/airflow/example_dags/example_short_circuit_operator.py
[2024-04-27T14:12:52.290+0000] {processor.py:839} INFO - DAG(s) dict_keys(['example_short_circuit_operator']) retrieved from /home/airflow/.local/lib/python3.8/site-packages/airflow/example_dags/example_short_circuit_operator.py
[2024-04-27T14:12:52.337+0000] {logging_mixin.py:151} INFO - [2024-04-27T14:12:52.336+0000] {dag.py:2907} INFO - Sync 1 DAGs
[2024-04-27T14:12:52.400+0000] {logging_mixin.py:151} INFO - [2024-04-27T14:12:52.400+0000] {dag.py:3677} INFO - Setting next_dagrun for example_short_circuit_operator to 2024-04-26T14:12:52.400209+00:00, run_after=2024-04-27T14:12:52.400209+00:00
[2024-04-27T14:12:52.442+0000] {processor.py:179} INFO - Processing /home/airflow/.local/lib/python3.8/site-packages/airflow/example_dags/example_short_circuit_operator.py took 0.179 seconds
[2024-04-27T14:13:22.743+0000] {processor.py:157} INFO - Started process (PID=275) to work on /home/airflow/.local/lib/python3.8/site-packages/airflow/example_dags/example_short_circuit_operator.py
[2024-04-27T14:13:22.743+0000] {processor.py:829} INFO - Processing file /home/airflow/.local/lib/python3.8/site-packages/airflow/example_dags/example_short_circuit_operator.py for tasks to queue
[2024-04-27T14:13:22.746+0000] {logging_mixin.py:151} INFO - [2024-04-27T14:13:22.745+0000] {dagbag.py:539} INFO - Filling up the DagBag from /home/airflow/.local/lib/python3.8/site-packages/airflow/example_dags/example_short_circuit_operator.py
[2024-04-27T14:13:22.755+0000] {processor.py:839} INFO - DAG(s) dict_keys(['example_short_circuit_operator']) retrieved from /home/airflow/.local/lib/python3.8/site-packages/airflow/example_dags/example_short_circuit_operator.py
[2024-04-27T14:13:22.795+0000] {logging_mixin.py:151} INFO - [2024-04-27T14:13:22.795+0000] {dag.py:2907} INFO - Sync 1 DAGs
[2024-04-27T14:13:22.824+0000] {logging_mixin.py:151} INFO - [2024-04-27T14:13:22.824+0000] {dag.py:3677} INFO - Setting next_dagrun for example_short_circuit_operator to 2024-04-26T14:13:22.824290+00:00, run_after=2024-04-27T14:13:22.824290+00:00
[2024-04-27T14:13:22.849+0000] {processor.py:179} INFO - Processing /home/airflow/.local/lib/python3.8/site-packages/airflow/example_dags/example_short_circuit_operator.py took 0.111 seconds
[2024-04-27T14:13:53.751+0000] {processor.py:157} INFO - Started process (PID=338) to work on /home/airflow/.local/lib/python3.8/site-packages/airflow/example_dags/example_short_circuit_operator.py
[2024-04-27T14:13:53.752+0000] {processor.py:829} INFO - Processing file /home/airflow/.local/lib/python3.8/site-packages/airflow/example_dags/example_short_circuit_operator.py for tasks to queue
[2024-04-27T14:13:53.755+0000] {logging_mixin.py:151} INFO - [2024-04-27T14:13:53.755+0000] {dagbag.py:539} INFO - Filling up the DagBag from /home/airflow/.local/lib/python3.8/site-packages/airflow/example_dags/example_short_circuit_operator.py
[2024-04-27T14:13:53.764+0000] {processor.py:839} INFO - DAG(s) dict_keys(['example_short_circuit_operator']) retrieved from /home/airflow/.local/lib/python3.8/site-packages/airflow/example_dags/example_short_circuit_operator.py
[2024-04-27T14:13:53.795+0000] {logging_mixin.py:151} INFO - [2024-04-27T14:13:53.795+0000] {dag.py:2907} INFO - Sync 1 DAGs
[2024-04-27T14:13:53.827+0000] {logging_mixin.py:151} INFO - [2024-04-27T14:13:53.827+0000] {dag.py:3677} INFO - Setting next_dagrun for example_short_circuit_operator to 2024-04-26T14:13:53.827292+00:00, run_after=2024-04-27T14:13:53.827292+00:00
[2024-04-27T14:13:53.857+0000] {processor.py:179} INFO - Processing /home/airflow/.local/lib/python3.8/site-packages/airflow/example_dags/example_short_circuit_operator.py took 0.111 seconds
[2024-04-27T14:14:24.453+0000] {processor.py:157} INFO - Started process (PID=402) to work on /home/airflow/.local/lib/python3.8/site-packages/airflow/example_dags/example_short_circuit_operator.py
[2024-04-27T14:14:24.454+0000] {processor.py:829} INFO - Processing file /home/airflow/.local/lib/python3.8/site-packages/airflow/example_dags/example_short_circuit_operator.py for tasks to queue
[2024-04-27T14:14:24.457+0000] {logging_mixin.py:151} INFO - [2024-04-27T14:14:24.456+0000] {dagbag.py:539} INFO - Filling up the DagBag from /home/airflow/.local/lib/python3.8/site-packages/airflow/example_dags/example_short_circuit_operator.py
[2024-04-27T14:14:24.469+0000] {processor.py:839} INFO - DAG(s) dict_keys(['example_short_circuit_operator']) retrieved from /home/airflow/.local/lib/python3.8/site-packages/airflow/example_dags/example_short_circuit_operator.py
[2024-04-27T14:14:24.511+0000] {logging_mixin.py:151} INFO - [2024-04-27T14:14:24.511+0000] {dag.py:2907} INFO - Sync 1 DAGs
[2024-04-27T14:14:24.580+0000] {logging_mixin.py:151} INFO - [2024-04-27T14:14:24.580+0000] {dag.py:3677} INFO - Setting next_dagrun for example_short_circuit_operator to 2024-04-26T14:14:24.580139+00:00, run_after=2024-04-27T14:14:24.580139+00:00
[2024-04-27T14:14:24.612+0000] {processor.py:179} INFO - Processing /home/airflow/.local/lib/python3.8/site-packages/airflow/example_dags/example_short_circuit_operator.py took 0.164 seconds
[2024-04-27T14:14:55.654+0000] {processor.py:157} INFO - Started process (PID=474) to work on /home/airflow/.local/lib/python3.8/site-packages/airflow/example_dags/example_short_circuit_operator.py
[2024-04-27T14:14:55.667+0000] {processor.py:829} INFO - Processing file /home/airflow/.local/lib/python3.8/site-packages/airflow/example_dags/example_short_circuit_operator.py for tasks to queue
[2024-04-27T14:14:55.670+0000] {logging_mixin.py:151} INFO - [2024-04-27T14:14:55.670+0000] {dagbag.py:539} INFO - Filling up the DagBag from /home/airflow/.local/lib/python3.8/site-packages/airflow/example_dags/example_short_circuit_operator.py
[2024-04-27T14:14:55.693+0000] {processor.py:839} INFO - DAG(s) dict_keys(['example_short_circuit_operator']) retrieved from /home/airflow/.local/lib/python3.8/site-packages/airflow/example_dags/example_short_circuit_operator.py
[2024-04-27T14:14:55.776+0000] {logging_mixin.py:151} INFO - [2024-04-27T14:14:55.776+0000] {dag.py:2907} INFO - Sync 1 DAGs
[2024-04-27T14:14:55.854+0000] {logging_mixin.py:151} INFO - [2024-04-27T14:14:55.853+0000] {dag.py:3677} INFO - Setting next_dagrun for example_short_circuit_operator to 2024-04-26T14:14:55.853533+00:00, run_after=2024-04-27T14:14:55.853533+00:00
[2024-04-27T14:14:55.934+0000] {processor.py:179} INFO - Processing /home/airflow/.local/lib/python3.8/site-packages/airflow/example_dags/example_short_circuit_operator.py took 0.285 seconds
[2024-04-27T14:15:26.135+0000] {processor.py:157} INFO - Started process (PID=539) to work on /home/airflow/.local/lib/python3.8/site-packages/airflow/example_dags/example_short_circuit_operator.py
[2024-04-27T14:15:26.136+0000] {processor.py:829} INFO - Processing file /home/airflow/.local/lib/python3.8/site-packages/airflow/example_dags/example_short_circuit_operator.py for tasks to queue
[2024-04-27T14:15:26.139+0000] {logging_mixin.py:151} INFO - [2024-04-27T14:15:26.138+0000] {dagbag.py:539} INFO - Filling up the DagBag from /home/airflow/.local/lib/python3.8/site-packages/airflow/example_dags/example_short_circuit_operator.py
[2024-04-27T14:15:26.150+0000] {processor.py:839} INFO - DAG(s) dict_keys(['example_short_circuit_operator']) retrieved from /home/airflow/.local/lib/python3.8/site-packages/airflow/example_dags/example_short_circuit_operator.py
[2024-04-27T14:15:26.183+0000] {logging_mixin.py:151} INFO - [2024-04-27T14:15:26.182+0000] {dag.py:2907} INFO - Sync 1 DAGs
[2024-04-27T14:15:26.226+0000] {logging_mixin.py:151} INFO - [2024-04-27T14:15:26.226+0000] {dag.py:3677} INFO - Setting next_dagrun for example_short_circuit_operator to 2024-04-26T14:15:26.226307+00:00, run_after=2024-04-27T14:15:26.226307+00:00
[2024-04-27T14:15:26.258+0000] {processor.py:179} INFO - Processing /home/airflow/.local/lib/python3.8/site-packages/airflow/example_dags/example_short_circuit_operator.py took 0.127 seconds
[2024-04-27T14:15:56.303+0000] {processor.py:157} INFO - Started process (PID=604) to work on /home/airflow/.local/lib/python3.8/site-packages/airflow/example_dags/example_short_circuit_operator.py
[2024-04-27T14:15:56.304+0000] {processor.py:829} INFO - Processing file /home/airflow/.local/lib/python3.8/site-packages/airflow/example_dags/example_short_circuit_operator.py for tasks to queue
[2024-04-27T14:15:56.306+0000] {logging_mixin.py:151} INFO - [2024-04-27T14:15:56.306+0000] {dagbag.py:539} INFO - Filling up the DagBag from /home/airflow/.local/lib/python3.8/site-packages/airflow/example_dags/example_short_circuit_operator.py
[2024-04-27T14:15:56.317+0000] {processor.py:839} INFO - DAG(s) dict_keys(['example_short_circuit_operator']) retrieved from /home/airflow/.local/lib/python3.8/site-packages/airflow/example_dags/example_short_circuit_operator.py
[2024-04-27T14:15:56.350+0000] {logging_mixin.py:151} INFO - [2024-04-27T14:15:56.350+0000] {dag.py:2907} INFO - Sync 1 DAGs
[2024-04-27T14:15:56.382+0000] {logging_mixin.py:151} INFO - [2024-04-27T14:15:56.382+0000] {dag.py:3677} INFO - Setting next_dagrun for example_short_circuit_operator to 2024-04-26T14:15:56.382169+00:00, run_after=2024-04-27T14:15:56.382169+00:00
[2024-04-27T14:15:56.412+0000] {processor.py:179} INFO - Processing /home/airflow/.local/lib/python3.8/site-packages/airflow/example_dags/example_short_circuit_operator.py took 0.113 seconds
[2024-04-27T14:16:27.469+0000] {processor.py:157} INFO - Started process (PID=675) to work on /home/airflow/.local/lib/python3.8/site-packages/airflow/example_dags/example_short_circuit_operator.py
[2024-04-27T14:16:27.470+0000] {processor.py:829} INFO - Processing file /home/airflow/.local/lib/python3.8/site-packages/airflow/example_dags/example_short_circuit_operator.py for tasks to queue
[2024-04-27T14:16:27.473+0000] {logging_mixin.py:151} INFO - [2024-04-27T14:16:27.472+0000] {dagbag.py:539} INFO - Filling up the DagBag from /home/airflow/.local/lib/python3.8/site-packages/airflow/example_dags/example_short_circuit_operator.py
[2024-04-27T14:16:27.504+0000] {processor.py:839} INFO - DAG(s) dict_keys(['example_short_circuit_operator']) retrieved from /home/airflow/.local/lib/python3.8/site-packages/airflow/example_dags/example_short_circuit_operator.py
[2024-04-27T14:16:27.603+0000] {logging_mixin.py:151} INFO - [2024-04-27T14:16:27.603+0000] {dag.py:2907} INFO - Sync 1 DAGs
[2024-04-27T14:16:27.643+0000] {logging_mixin.py:151} INFO - [2024-04-27T14:16:27.642+0000] {dag.py:3677} INFO - Setting next_dagrun for example_short_circuit_operator to 2024-04-26T14:16:27.642539+00:00, run_after=2024-04-27T14:16:27.642539+00:00
[2024-04-27T14:16:27.687+0000] {processor.py:179} INFO - Processing /home/airflow/.local/lib/python3.8/site-packages/airflow/example_dags/example_short_circuit_operator.py took 0.235 seconds
[2024-04-27T14:16:58.684+0000] {processor.py:157} INFO - Started process (PID=740) to work on /home/airflow/.local/lib/python3.8/site-packages/airflow/example_dags/example_short_circuit_operator.py
[2024-04-27T14:16:58.691+0000] {processor.py:829} INFO - Processing file /home/airflow/.local/lib/python3.8/site-packages/airflow/example_dags/example_short_circuit_operator.py for tasks to queue
[2024-04-27T14:16:58.694+0000] {logging_mixin.py:151} INFO - [2024-04-27T14:16:58.694+0000] {dagbag.py:539} INFO - Filling up the DagBag from /home/airflow/.local/lib/python3.8/site-packages/airflow/example_dags/example_short_circuit_operator.py
[2024-04-27T14:16:58.723+0000] {processor.py:839} INFO - DAG(s) dict_keys(['example_short_circuit_operator']) retrieved from /home/airflow/.local/lib/python3.8/site-packages/airflow/example_dags/example_short_circuit_operator.py
[2024-04-27T14:16:58.819+0000] {logging_mixin.py:151} INFO - [2024-04-27T14:16:58.819+0000] {dag.py:2907} INFO - Sync 1 DAGs
[2024-04-27T14:16:58.973+0000] {logging_mixin.py:151} INFO - [2024-04-27T14:16:58.972+0000] {dag.py:3677} INFO - Setting next_dagrun for example_short_circuit_operator to 2024-04-26T14:16:58.972383+00:00, run_after=2024-04-27T14:16:58.972383+00:00
[2024-04-27T14:16:59.091+0000] {processor.py:179} INFO - Processing /home/airflow/.local/lib/python3.8/site-packages/airflow/example_dags/example_short_circuit_operator.py took 0.414 seconds
[2024-04-27T14:17:29.816+0000] {processor.py:157} INFO - Started process (PID=804) to work on /home/airflow/.local/lib/python3.8/site-packages/airflow/example_dags/example_short_circuit_operator.py
[2024-04-27T14:17:29.817+0000] {processor.py:829} INFO - Processing file /home/airflow/.local/lib/python3.8/site-packages/airflow/example_dags/example_short_circuit_operator.py for tasks to queue
[2024-04-27T14:17:29.820+0000] {logging_mixin.py:151} INFO - [2024-04-27T14:17:29.820+0000] {dagbag.py:539} INFO - Filling up the DagBag from /home/airflow/.local/lib/python3.8/site-packages/airflow/example_dags/example_short_circuit_operator.py
[2024-04-27T14:17:29.830+0000] {processor.py:839} INFO - DAG(s) dict_keys(['example_short_circuit_operator']) retrieved from /home/airflow/.local/lib/python3.8/site-packages/airflow/example_dags/example_short_circuit_operator.py
[2024-04-27T14:17:29.869+0000] {logging_mixin.py:151} INFO - [2024-04-27T14:17:29.868+0000] {dag.py:2907} INFO - Sync 1 DAGs
[2024-04-27T14:17:29.909+0000] {logging_mixin.py:151} INFO - [2024-04-27T14:17:29.908+0000] {dag.py:3677} INFO - Setting next_dagrun for example_short_circuit_operator to 2024-04-26T14:17:29.908606+00:00, run_after=2024-04-27T14:17:29.908606+00:00
[2024-04-27T14:17:29.933+0000] {processor.py:179} INFO - Processing /home/airflow/.local/lib/python3.8/site-packages/airflow/example_dags/example_short_circuit_operator.py took 0.123 seconds
[2024-04-27T14:18:00.544+0000] {processor.py:157} INFO - Started process (PID=868) to work on /home/airflow/.local/lib/python3.8/site-packages/airflow/example_dags/example_short_circuit_operator.py
[2024-04-27T14:18:00.545+0000] {processor.py:829} INFO - Processing file /home/airflow/.local/lib/python3.8/site-packages/airflow/example_dags/example_short_circuit_operator.py for tasks to queue
[2024-04-27T14:18:00.548+0000] {logging_mixin.py:151} INFO - [2024-04-27T14:18:00.548+0000] {dagbag.py:539} INFO - Filling up the DagBag from /home/airflow/.local/lib/python3.8/site-packages/airflow/example_dags/example_short_circuit_operator.py
[2024-04-27T14:18:00.561+0000] {processor.py:839} INFO - DAG(s) dict_keys(['example_short_circuit_operator']) retrieved from /home/airflow/.local/lib/python3.8/site-packages/airflow/example_dags/example_short_circuit_operator.py
[2024-04-27T14:18:00.605+0000] {logging_mixin.py:151} INFO - [2024-04-27T14:18:00.605+0000] {dag.py:2907} INFO - Sync 1 DAGs
[2024-04-27T14:18:00.649+0000] {logging_mixin.py:151} INFO - [2024-04-27T14:18:00.648+0000] {dag.py:3677} INFO - Setting next_dagrun for example_short_circuit_operator to 2024-04-26T14:18:00.648516+00:00, run_after=2024-04-27T14:18:00.648516+00:00
[2024-04-27T14:18:00.681+0000] {processor.py:179} INFO - Processing /home/airflow/.local/lib/python3.8/site-packages/airflow/example_dags/example_short_circuit_operator.py took 0.144 seconds
[2024-04-27T14:18:31.436+0000] {processor.py:157} INFO - Started process (PID=939) to work on /home/airflow/.local/lib/python3.8/site-packages/airflow/example_dags/example_short_circuit_operator.py
[2024-04-27T14:18:31.439+0000] {processor.py:829} INFO - Processing file /home/airflow/.local/lib/python3.8/site-packages/airflow/example_dags/example_short_circuit_operator.py for tasks to queue
[2024-04-27T14:18:31.443+0000] {logging_mixin.py:151} INFO - [2024-04-27T14:18:31.442+0000] {dagbag.py:539} INFO - Filling up the DagBag from /home/airflow/.local/lib/python3.8/site-packages/airflow/example_dags/example_short_circuit_operator.py
[2024-04-27T14:18:31.467+0000] {processor.py:839} INFO - DAG(s) dict_keys(['example_short_circuit_operator']) retrieved from /home/airflow/.local/lib/python3.8/site-packages/airflow/example_dags/example_short_circuit_operator.py
[2024-04-27T14:18:31.514+0000] {logging_mixin.py:151} INFO - [2024-04-27T14:18:31.513+0000] {dag.py:2907} INFO - Sync 1 DAGs
[2024-04-27T14:18:31.560+0000] {logging_mixin.py:151} INFO - [2024-04-27T14:18:31.560+0000] {dag.py:3677} INFO - Setting next_dagrun for example_short_circuit_operator to 2024-04-26T14:18:31.559663+00:00, run_after=2024-04-27T14:18:31.559663+00:00
[2024-04-27T14:18:31.598+0000] {processor.py:179} INFO - Processing /home/airflow/.local/lib/python3.8/site-packages/airflow/example_dags/example_short_circuit_operator.py took 0.174 seconds
[2024-04-27T14:19:01.646+0000] {processor.py:157} INFO - Started process (PID=1002) to work on /home/airflow/.local/lib/python3.8/site-packages/airflow/example_dags/example_short_circuit_operator.py
[2024-04-27T14:19:01.647+0000] {processor.py:829} INFO - Processing file /home/airflow/.local/lib/python3.8/site-packages/airflow/example_dags/example_short_circuit_operator.py for tasks to queue
[2024-04-27T14:19:01.650+0000] {logging_mixin.py:151} INFO - [2024-04-27T14:19:01.650+0000] {dagbag.py:539} INFO - Filling up the DagBag from /home/airflow/.local/lib/python3.8/site-packages/airflow/example_dags/example_short_circuit_operator.py
[2024-04-27T14:19:01.670+0000] {processor.py:839} INFO - DAG(s) dict_keys(['example_short_circuit_operator']) retrieved from /home/airflow/.local/lib/python3.8/site-packages/airflow/example_dags/example_short_circuit_operator.py
[2024-04-27T14:19:01.713+0000] {logging_mixin.py:151} INFO - [2024-04-27T14:19:01.713+0000] {dag.py:2907} INFO - Sync 1 DAGs
[2024-04-27T14:19:01.754+0000] {logging_mixin.py:151} INFO - [2024-04-27T14:19:01.753+0000] {dag.py:3677} INFO - Setting next_dagrun for example_short_circuit_operator to 2024-04-26T14:19:01.753450+00:00, run_after=2024-04-27T14:19:01.753450+00:00
[2024-04-27T14:19:01.786+0000] {processor.py:179} INFO - Processing /home/airflow/.local/lib/python3.8/site-packages/airflow/example_dags/example_short_circuit_operator.py took 0.145 seconds
[2024-04-27T14:19:32.036+0000] {processor.py:157} INFO - Started process (PID=1065) to work on /home/airflow/.local/lib/python3.8/site-packages/airflow/example_dags/example_short_circuit_operator.py
[2024-04-27T14:19:32.038+0000] {processor.py:829} INFO - Processing file /home/airflow/.local/lib/python3.8/site-packages/airflow/example_dags/example_short_circuit_operator.py for tasks to queue
[2024-04-27T14:19:32.048+0000] {logging_mixin.py:151} INFO - [2024-04-27T14:19:32.048+0000] {dagbag.py:539} INFO - Filling up the DagBag from /home/airflow/.local/lib/python3.8/site-packages/airflow/example_dags/example_short_circuit_operator.py
[2024-04-27T14:19:32.066+0000] {processor.py:839} INFO - DAG(s) dict_keys(['example_short_circuit_operator']) retrieved from /home/airflow/.local/lib/python3.8/site-packages/airflow/example_dags/example_short_circuit_operator.py
[2024-04-27T14:19:32.148+0000] {logging_mixin.py:151} INFO - [2024-04-27T14:19:32.148+0000] {dag.py:2907} INFO - Sync 1 DAGs
[2024-04-27T14:19:32.199+0000] {logging_mixin.py:151} INFO - [2024-04-27T14:19:32.199+0000] {dag.py:3677} INFO - Setting next_dagrun for example_short_circuit_operator to 2024-04-26T14:19:32.199172+00:00, run_after=2024-04-27T14:19:32.199172+00:00
[2024-04-27T14:19:32.229+0000] {processor.py:179} INFO - Processing /home/airflow/.local/lib/python3.8/site-packages/airflow/example_dags/example_short_circuit_operator.py took 0.201 seconds
[2024-04-27T14:20:02.505+0000] {processor.py:157} INFO - Started process (PID=1128) to work on /home/airflow/.local/lib/python3.8/site-packages/airflow/example_dags/example_short_circuit_operator.py
[2024-04-27T14:20:02.506+0000] {processor.py:829} INFO - Processing file /home/airflow/.local/lib/python3.8/site-packages/airflow/example_dags/example_short_circuit_operator.py for tasks to queue
[2024-04-27T14:20:02.508+0000] {logging_mixin.py:151} INFO - [2024-04-27T14:20:02.508+0000] {dagbag.py:539} INFO - Filling up the DagBag from /home/airflow/.local/lib/python3.8/site-packages/airflow/example_dags/example_short_circuit_operator.py
[2024-04-27T14:20:02.518+0000] {processor.py:839} INFO - DAG(s) dict_keys(['example_short_circuit_operator']) retrieved from /home/airflow/.local/lib/python3.8/site-packages/airflow/example_dags/example_short_circuit_operator.py
[2024-04-27T14:20:02.551+0000] {logging_mixin.py:151} INFO - [2024-04-27T14:20:02.551+0000] {dag.py:2907} INFO - Sync 1 DAGs
[2024-04-27T14:20:02.578+0000] {logging_mixin.py:151} INFO - [2024-04-27T14:20:02.577+0000] {dag.py:3677} INFO - Setting next_dagrun for example_short_circuit_operator to 2024-04-26T14:20:02.577524+00:00, run_after=2024-04-27T14:20:02.577524+00:00
[2024-04-27T14:20:02.600+0000] {processor.py:179} INFO - Processing /home/airflow/.local/lib/python3.8/site-packages/airflow/example_dags/example_short_circuit_operator.py took 0.099 seconds
[2024-04-27T14:20:32.944+0000] {processor.py:157} INFO - Started process (PID=1201) to work on /home/airflow/.local/lib/python3.8/site-packages/airflow/example_dags/example_short_circuit_operator.py
[2024-04-27T14:20:32.945+0000] {processor.py:829} INFO - Processing file /home/airflow/.local/lib/python3.8/site-packages/airflow/example_dags/example_short_circuit_operator.py for tasks to queue
[2024-04-27T14:20:32.948+0000] {logging_mixin.py:151} INFO - [2024-04-27T14:20:32.948+0000] {dagbag.py:539} INFO - Filling up the DagBag from /home/airflow/.local/lib/python3.8/site-packages/airflow/example_dags/example_short_circuit_operator.py
[2024-04-27T14:20:32.962+0000] {processor.py:839} INFO - DAG(s) dict_keys(['example_short_circuit_operator']) retrieved from /home/airflow/.local/lib/python3.8/site-packages/airflow/example_dags/example_short_circuit_operator.py
[2024-04-27T14:20:33.012+0000] {logging_mixin.py:151} INFO - [2024-04-27T14:20:33.012+0000] {dag.py:2907} INFO - Sync 1 DAGs
[2024-04-27T14:20:33.054+0000] {logging_mixin.py:151} INFO - [2024-04-27T14:20:33.054+0000] {dag.py:3677} INFO - Setting next_dagrun for example_short_circuit_operator to 2024-04-26T14:20:33.054022+00:00, run_after=2024-04-27T14:20:33.054022+00:00
[2024-04-27T14:20:33.091+0000] {processor.py:179} INFO - Processing /home/airflow/.local/lib/python3.8/site-packages/airflow/example_dags/example_short_circuit_operator.py took 0.153 seconds
[2024-04-27T14:21:03.199+0000] {processor.py:157} INFO - Started process (PID=1264) to work on /home/airflow/.local/lib/python3.8/site-packages/airflow/example_dags/example_short_circuit_operator.py
[2024-04-27T14:21:03.200+0000] {processor.py:829} INFO - Processing file /home/airflow/.local/lib/python3.8/site-packages/airflow/example_dags/example_short_circuit_operator.py for tasks to queue
[2024-04-27T14:21:03.202+0000] {logging_mixin.py:151} INFO - [2024-04-27T14:21:03.202+0000] {dagbag.py:539} INFO - Filling up the DagBag from /home/airflow/.local/lib/python3.8/site-packages/airflow/example_dags/example_short_circuit_operator.py
[2024-04-27T14:21:03.213+0000] {processor.py:839} INFO - DAG(s) dict_keys(['example_short_circuit_operator']) retrieved from /home/airflow/.local/lib/python3.8/site-packages/airflow/example_dags/example_short_circuit_operator.py
[2024-04-27T14:21:03.248+0000] {logging_mixin.py:151} INFO - [2024-04-27T14:21:03.248+0000] {dag.py:2907} INFO - Sync 1 DAGs
[2024-04-27T14:21:03.275+0000] {logging_mixin.py:151} INFO - [2024-04-27T14:21:03.275+0000] {dag.py:3677} INFO - Setting next_dagrun for example_short_circuit_operator to 2024-04-26T14:21:03.275165+00:00, run_after=2024-04-27T14:21:03.275165+00:00
[2024-04-27T14:21:03.297+0000] {processor.py:179} INFO - Processing /home/airflow/.local/lib/python3.8/site-packages/airflow/example_dags/example_short_circuit_operator.py took 0.102 seconds
[2024-04-27T14:21:34.053+0000] {processor.py:157} INFO - Started process (PID=1328) to work on /home/airflow/.local/lib/python3.8/site-packages/airflow/example_dags/example_short_circuit_operator.py
[2024-04-27T14:21:34.054+0000] {processor.py:829} INFO - Processing file /home/airflow/.local/lib/python3.8/site-packages/airflow/example_dags/example_short_circuit_operator.py for tasks to queue
[2024-04-27T14:21:34.056+0000] {logging_mixin.py:151} INFO - [2024-04-27T14:21:34.056+0000] {dagbag.py:539} INFO - Filling up the DagBag from /home/airflow/.local/lib/python3.8/site-packages/airflow/example_dags/example_short_circuit_operator.py
[2024-04-27T14:21:34.066+0000] {processor.py:839} INFO - DAG(s) dict_keys(['example_short_circuit_operator']) retrieved from /home/airflow/.local/lib/python3.8/site-packages/airflow/example_dags/example_short_circuit_operator.py
[2024-04-27T14:21:34.106+0000] {logging_mixin.py:151} INFO - [2024-04-27T14:21:34.105+0000] {dag.py:2907} INFO - Sync 1 DAGs
[2024-04-27T14:21:34.133+0000] {logging_mixin.py:151} INFO - [2024-04-27T14:21:34.133+0000] {dag.py:3677} INFO - Setting next_dagrun for example_short_circuit_operator to 2024-04-26T14:21:34.133376+00:00, run_after=2024-04-27T14:21:34.133376+00:00
[2024-04-27T14:21:34.160+0000] {processor.py:179} INFO - Processing /home/airflow/.local/lib/python3.8/site-packages/airflow/example_dags/example_short_circuit_operator.py took 0.111 seconds
[2024-04-27T14:22:04.757+0000] {processor.py:157} INFO - Started process (PID=1401) to work on /home/airflow/.local/lib/python3.8/site-packages/airflow/example_dags/example_short_circuit_operator.py
[2024-04-27T14:22:04.758+0000] {processor.py:829} INFO - Processing file /home/airflow/.local/lib/python3.8/site-packages/airflow/example_dags/example_short_circuit_operator.py for tasks to queue
[2024-04-27T14:22:04.773+0000] {logging_mixin.py:151} INFO - [2024-04-27T14:22:04.773+0000] {dagbag.py:539} INFO - Filling up the DagBag from /home/airflow/.local/lib/python3.8/site-packages/airflow/example_dags/example_short_circuit_operator.py
[2024-04-27T14:22:04.816+0000] {processor.py:839} INFO - DAG(s) dict_keys(['example_short_circuit_operator']) retrieved from /home/airflow/.local/lib/python3.8/site-packages/airflow/example_dags/example_short_circuit_operator.py
[2024-04-27T14:22:04.900+0000] {logging_mixin.py:151} INFO - [2024-04-27T14:22:04.899+0000] {dag.py:2907} INFO - Sync 1 DAGs
[2024-04-27T14:22:04.975+0000] {logging_mixin.py:151} INFO - [2024-04-27T14:22:04.975+0000] {dag.py:3677} INFO - Setting next_dagrun for example_short_circuit_operator to 2024-04-26T14:22:04.975108+00:00, run_after=2024-04-27T14:22:04.975108+00:00
[2024-04-27T14:22:05.073+0000] {processor.py:179} INFO - Processing /home/airflow/.local/lib/python3.8/site-packages/airflow/example_dags/example_short_circuit_operator.py took 0.322 seconds
[2024-04-27T14:22:35.899+0000] {processor.py:157} INFO - Started process (PID=1466) to work on /home/airflow/.local/lib/python3.8/site-packages/airflow/example_dags/example_short_circuit_operator.py
[2024-04-27T14:22:35.900+0000] {processor.py:829} INFO - Processing file /home/airflow/.local/lib/python3.8/site-packages/airflow/example_dags/example_short_circuit_operator.py for tasks to queue
[2024-04-27T14:22:35.903+0000] {logging_mixin.py:151} INFO - [2024-04-27T14:22:35.902+0000] {dagbag.py:539} INFO - Filling up the DagBag from /home/airflow/.local/lib/python3.8/site-packages/airflow/example_dags/example_short_circuit_operator.py
[2024-04-27T14:22:35.914+0000] {processor.py:839} INFO - DAG(s) dict_keys(['example_short_circuit_operator']) retrieved from /home/airflow/.local/lib/python3.8/site-packages/airflow/example_dags/example_short_circuit_operator.py
[2024-04-27T14:22:35.944+0000] {logging_mixin.py:151} INFO - [2024-04-27T14:22:35.943+0000] {dag.py:2907} INFO - Sync 1 DAGs
[2024-04-27T14:22:35.970+0000] {logging_mixin.py:151} INFO - [2024-04-27T14:22:35.970+0000] {dag.py:3677} INFO - Setting next_dagrun for example_short_circuit_operator to 2024-04-26T14:22:35.970266+00:00, run_after=2024-04-27T14:22:35.970266+00:00
[2024-04-27T14:22:35.992+0000] {processor.py:179} INFO - Processing /home/airflow/.local/lib/python3.8/site-packages/airflow/example_dags/example_short_circuit_operator.py took 0.098 seconds
[2024-04-27T14:23:07.556+0000] {processor.py:157} INFO - Started process (PID=1537) to work on /home/airflow/.local/lib/python3.8/site-packages/airflow/example_dags/example_short_circuit_operator.py
[2024-04-27T14:23:07.558+0000] {processor.py:829} INFO - Processing file /home/airflow/.local/lib/python3.8/site-packages/airflow/example_dags/example_short_circuit_operator.py for tasks to queue
[2024-04-27T14:23:07.561+0000] {logging_mixin.py:151} INFO - [2024-04-27T14:23:07.560+0000] {dagbag.py:539} INFO - Filling up the DagBag from /home/airflow/.local/lib/python3.8/site-packages/airflow/example_dags/example_short_circuit_operator.py
[2024-04-27T14:23:07.574+0000] {processor.py:839} INFO - DAG(s) dict_keys(['example_short_circuit_operator']) retrieved from /home/airflow/.local/lib/python3.8/site-packages/airflow/example_dags/example_short_circuit_operator.py
[2024-04-27T14:23:07.614+0000] {logging_mixin.py:151} INFO - [2024-04-27T14:23:07.614+0000] {dag.py:2907} INFO - Sync 1 DAGs
[2024-04-27T14:23:07.643+0000] {logging_mixin.py:151} INFO - [2024-04-27T14:23:07.643+0000] {dag.py:3677} INFO - Setting next_dagrun for example_short_circuit_operator to 2024-04-26T14:23:07.643121+00:00, run_after=2024-04-27T14:23:07.643121+00:00
[2024-04-27T14:23:07.673+0000] {processor.py:179} INFO - Processing /home/airflow/.local/lib/python3.8/site-packages/airflow/example_dags/example_short_circuit_operator.py took 0.122 seconds
[2024-04-27T14:23:38.777+0000] {processor.py:157} INFO - Started process (PID=1601) to work on /home/airflow/.local/lib/python3.8/site-packages/airflow/example_dags/example_short_circuit_operator.py
[2024-04-27T14:23:38.778+0000] {processor.py:829} INFO - Processing file /home/airflow/.local/lib/python3.8/site-packages/airflow/example_dags/example_short_circuit_operator.py for tasks to queue
[2024-04-27T14:23:38.781+0000] {logging_mixin.py:151} INFO - [2024-04-27T14:23:38.780+0000] {dagbag.py:539} INFO - Filling up the DagBag from /home/airflow/.local/lib/python3.8/site-packages/airflow/example_dags/example_short_circuit_operator.py
[2024-04-27T14:23:38.791+0000] {processor.py:839} INFO - DAG(s) dict_keys(['example_short_circuit_operator']) retrieved from /home/airflow/.local/lib/python3.8/site-packages/airflow/example_dags/example_short_circuit_operator.py
[2024-04-27T14:23:38.827+0000] {logging_mixin.py:151} INFO - [2024-04-27T14:23:38.827+0000] {dag.py:2907} INFO - Sync 1 DAGs
[2024-04-27T14:23:38.858+0000] {logging_mixin.py:151} INFO - [2024-04-27T14:23:38.858+0000] {dag.py:3677} INFO - Setting next_dagrun for example_short_circuit_operator to 2024-04-26T14:23:38.857959+00:00, run_after=2024-04-27T14:23:38.857959+00:00
[2024-04-27T14:23:38.887+0000] {processor.py:179} INFO - Processing /home/airflow/.local/lib/python3.8/site-packages/airflow/example_dags/example_short_circuit_operator.py took 0.113 seconds
[2024-04-27T14:24:09.561+0000] {processor.py:157} INFO - Started process (PID=1674) to work on /home/airflow/.local/lib/python3.8/site-packages/airflow/example_dags/example_short_circuit_operator.py
[2024-04-27T14:24:09.562+0000] {processor.py:829} INFO - Processing file /home/airflow/.local/lib/python3.8/site-packages/airflow/example_dags/example_short_circuit_operator.py for tasks to queue
[2024-04-27T14:24:09.564+0000] {logging_mixin.py:151} INFO - [2024-04-27T14:24:09.564+0000] {dagbag.py:539} INFO - Filling up the DagBag from /home/airflow/.local/lib/python3.8/site-packages/airflow/example_dags/example_short_circuit_operator.py
[2024-04-27T14:24:09.574+0000] {processor.py:839} INFO - DAG(s) dict_keys(['example_short_circuit_operator']) retrieved from /home/airflow/.local/lib/python3.8/site-packages/airflow/example_dags/example_short_circuit_operator.py
[2024-04-27T14:24:09.604+0000] {logging_mixin.py:151} INFO - [2024-04-27T14:24:09.603+0000] {dag.py:2907} INFO - Sync 1 DAGs
[2024-04-27T14:24:09.635+0000] {logging_mixin.py:151} INFO - [2024-04-27T14:24:09.634+0000] {dag.py:3677} INFO - Setting next_dagrun for example_short_circuit_operator to 2024-04-26T14:24:09.634582+00:00, run_after=2024-04-27T14:24:09.634582+00:00
[2024-04-27T14:24:09.662+0000] {processor.py:179} INFO - Processing /home/airflow/.local/lib/python3.8/site-packages/airflow/example_dags/example_short_circuit_operator.py took 0.106 seconds
[2024-04-27T14:24:41.553+0000] {processor.py:157} INFO - Started process (PID=1738) to work on /home/airflow/.local/lib/python3.8/site-packages/airflow/example_dags/example_short_circuit_operator.py
[2024-04-27T14:24:41.554+0000] {processor.py:829} INFO - Processing file /home/airflow/.local/lib/python3.8/site-packages/airflow/example_dags/example_short_circuit_operator.py for tasks to queue
[2024-04-27T14:24:41.556+0000] {logging_mixin.py:151} INFO - [2024-04-27T14:24:41.556+0000] {dagbag.py:539} INFO - Filling up the DagBag from /home/airflow/.local/lib/python3.8/site-packages/airflow/example_dags/example_short_circuit_operator.py
[2024-04-27T14:24:41.570+0000] {processor.py:839} INFO - DAG(s) dict_keys(['example_short_circuit_operator']) retrieved from /home/airflow/.local/lib/python3.8/site-packages/airflow/example_dags/example_short_circuit_operator.py
[2024-04-27T14:24:41.613+0000] {logging_mixin.py:151} INFO - [2024-04-27T14:24:41.612+0000] {dag.py:2907} INFO - Sync 1 DAGs
[2024-04-27T14:24:41.648+0000] {logging_mixin.py:151} INFO - [2024-04-27T14:24:41.648+0000] {dag.py:3677} INFO - Setting next_dagrun for example_short_circuit_operator to 2024-04-26T14:24:41.647750+00:00, run_after=2024-04-27T14:24:41.647750+00:00
[2024-04-27T14:24:41.682+0000] {processor.py:179} INFO - Processing /home/airflow/.local/lib/python3.8/site-packages/airflow/example_dags/example_short_circuit_operator.py took 0.135 seconds
[2024-04-27T14:25:11.890+0000] {processor.py:157} INFO - Started process (PID=1803) to work on /home/airflow/.local/lib/python3.8/site-packages/airflow/example_dags/example_short_circuit_operator.py
[2024-04-27T14:25:11.891+0000] {processor.py:829} INFO - Processing file /home/airflow/.local/lib/python3.8/site-packages/airflow/example_dags/example_short_circuit_operator.py for tasks to queue
[2024-04-27T14:25:11.893+0000] {logging_mixin.py:151} INFO - [2024-04-27T14:25:11.893+0000] {dagbag.py:539} INFO - Filling up the DagBag from /home/airflow/.local/lib/python3.8/site-packages/airflow/example_dags/example_short_circuit_operator.py
[2024-04-27T14:25:11.903+0000] {processor.py:839} INFO - DAG(s) dict_keys(['example_short_circuit_operator']) retrieved from /home/airflow/.local/lib/python3.8/site-packages/airflow/example_dags/example_short_circuit_operator.py
[2024-04-27T14:25:11.933+0000] {logging_mixin.py:151} INFO - [2024-04-27T14:25:11.933+0000] {dag.py:2907} INFO - Sync 1 DAGs
[2024-04-27T14:25:11.975+0000] {logging_mixin.py:151} INFO - [2024-04-27T14:25:11.975+0000] {dag.py:3677} INFO - Setting next_dagrun for example_short_circuit_operator to 2024-04-26T14:25:11.975252+00:00, run_after=2024-04-27T14:25:11.975252+00:00
[2024-04-27T14:25:12.008+0000] {processor.py:179} INFO - Processing /home/airflow/.local/lib/python3.8/site-packages/airflow/example_dags/example_short_circuit_operator.py took 0.123 seconds
[2024-04-27T14:25:42.946+0000] {processor.py:157} INFO - Started process (PID=1876) to work on /home/airflow/.local/lib/python3.8/site-packages/airflow/example_dags/example_short_circuit_operator.py
[2024-04-27T14:25:42.947+0000] {processor.py:829} INFO - Processing file /home/airflow/.local/lib/python3.8/site-packages/airflow/example_dags/example_short_circuit_operator.py for tasks to queue
[2024-04-27T14:25:42.950+0000] {logging_mixin.py:151} INFO - [2024-04-27T14:25:42.949+0000] {dagbag.py:539} INFO - Filling up the DagBag from /home/airflow/.local/lib/python3.8/site-packages/airflow/example_dags/example_short_circuit_operator.py
[2024-04-27T14:25:42.960+0000] {processor.py:839} INFO - DAG(s) dict_keys(['example_short_circuit_operator']) retrieved from /home/airflow/.local/lib/python3.8/site-packages/airflow/example_dags/example_short_circuit_operator.py
[2024-04-27T14:25:42.992+0000] {logging_mixin.py:151} INFO - [2024-04-27T14:25:42.992+0000] {dag.py:2907} INFO - Sync 1 DAGs
[2024-04-27T14:25:43.028+0000] {logging_mixin.py:151} INFO - [2024-04-27T14:25:43.028+0000] {dag.py:3677} INFO - Setting next_dagrun for example_short_circuit_operator to 2024-04-26T14:25:43.027937+00:00, run_after=2024-04-27T14:25:43.027937+00:00
[2024-04-27T14:25:43.054+0000] {processor.py:179} INFO - Processing /home/airflow/.local/lib/python3.8/site-packages/airflow/example_dags/example_short_circuit_operator.py took 0.112 seconds
