[2024-04-27T13:44:16.706+0000] {processor.py:153} INFO - Started process (PID=51) to work on /home/airflow/.local/lib/python3.7/site-packages/airflow/example_dags/example_branch_day_of_week_operator.py
[2024-04-27T13:44:16.707+0000] {processor.py:743} INFO - Processing file /home/airflow/.local/lib/python3.7/site-packages/airflow/example_dags/example_branch_day_of_week_operator.py for tasks to queue
[2024-04-27T13:44:16.708+0000] {logging_mixin.py:137} INFO - [2024-04-27T13:44:16.708+0000] {dagbag.py:538} INFO - Filling up the DagBag from /home/airflow/.local/lib/python3.7/site-packages/airflow/example_dags/example_branch_day_of_week_operator.py
[2024-04-27T13:44:16.742+0000] {processor.py:753} INFO - DAG(s) dict_keys(['example_weekday_branch_operator']) retrieved from /home/airflow/.local/lib/python3.7/site-packages/airflow/example_dags/example_branch_day_of_week_operator.py
[2024-04-27T13:44:16.789+0000] {logging_mixin.py:137} INFO - [2024-04-27T13:44:16.788+0000] {dag.py:2690} INFO - Sync 1 DAGs
[2024-04-27T13:44:16.854+0000] {logging_mixin.py:137} INFO - [2024-04-27T13:44:16.853+0000] {dag.py:3441} INFO - Setting next_dagrun for example_weekday_branch_operator to 2024-04-26T00:00:00+00:00, run_after=2024-04-27T00:00:00+00:00
[2024-04-27T13:44:16.901+0000] {processor.py:175} INFO - Processing /home/airflow/.local/lib/python3.7/site-packages/airflow/example_dags/example_branch_day_of_week_operator.py took 0.201 seconds
[2024-04-27T13:44:47.206+0000] {processor.py:153} INFO - Started process (PID=114) to work on /home/airflow/.local/lib/python3.7/site-packages/airflow/example_dags/example_branch_day_of_week_operator.py
[2024-04-27T13:44:47.207+0000] {processor.py:743} INFO - Processing file /home/airflow/.local/lib/python3.7/site-packages/airflow/example_dags/example_branch_day_of_week_operator.py for tasks to queue
[2024-04-27T13:44:47.208+0000] {logging_mixin.py:137} INFO - [2024-04-27T13:44:47.208+0000] {dagbag.py:538} INFO - Filling up the DagBag from /home/airflow/.local/lib/python3.7/site-packages/airflow/example_dags/example_branch_day_of_week_operator.py
[2024-04-27T13:44:47.238+0000] {processor.py:753} INFO - DAG(s) dict_keys(['example_weekday_branch_operator']) retrieved from /home/airflow/.local/lib/python3.7/site-packages/airflow/example_dags/example_branch_day_of_week_operator.py
[2024-04-27T13:44:47.291+0000] {logging_mixin.py:137} INFO - [2024-04-27T13:44:47.290+0000] {dag.py:2690} INFO - Sync 1 DAGs
[2024-04-27T13:44:47.334+0000] {logging_mixin.py:137} INFO - [2024-04-27T13:44:47.334+0000] {dag.py:3441} INFO - Setting next_dagrun for example_weekday_branch_operator to 2024-04-26T00:00:00+00:00, run_after=2024-04-27T00:00:00+00:00
[2024-04-27T13:44:47.362+0000] {processor.py:175} INFO - Processing /home/airflow/.local/lib/python3.7/site-packages/airflow/example_dags/example_branch_day_of_week_operator.py took 0.162 seconds
[2024-04-27T13:45:17.765+0000] {processor.py:153} INFO - Started process (PID=178) to work on /home/airflow/.local/lib/python3.7/site-packages/airflow/example_dags/example_branch_day_of_week_operator.py
[2024-04-27T13:45:17.766+0000] {processor.py:743} INFO - Processing file /home/airflow/.local/lib/python3.7/site-packages/airflow/example_dags/example_branch_day_of_week_operator.py for tasks to queue
[2024-04-27T13:45:17.767+0000] {logging_mixin.py:137} INFO - [2024-04-27T13:45:17.767+0000] {dagbag.py:538} INFO - Filling up the DagBag from /home/airflow/.local/lib/python3.7/site-packages/airflow/example_dags/example_branch_day_of_week_operator.py
[2024-04-27T13:45:17.795+0000] {processor.py:753} INFO - DAG(s) dict_keys(['example_weekday_branch_operator']) retrieved from /home/airflow/.local/lib/python3.7/site-packages/airflow/example_dags/example_branch_day_of_week_operator.py
[2024-04-27T13:45:17.853+0000] {logging_mixin.py:137} INFO - [2024-04-27T13:45:17.852+0000] {dag.py:2690} INFO - Sync 1 DAGs
[2024-04-27T13:45:17.908+0000] {logging_mixin.py:137} INFO - [2024-04-27T13:45:17.908+0000] {dag.py:3441} INFO - Setting next_dagrun for example_weekday_branch_operator to 2024-04-26T00:00:00+00:00, run_after=2024-04-27T00:00:00+00:00
[2024-04-27T13:45:17.943+0000] {processor.py:175} INFO - Processing /home/airflow/.local/lib/python3.7/site-packages/airflow/example_dags/example_branch_day_of_week_operator.py took 0.183 seconds
[2024-04-27T13:45:48.436+0000] {processor.py:153} INFO - Started process (PID=248) to work on /home/airflow/.local/lib/python3.7/site-packages/airflow/example_dags/example_branch_day_of_week_operator.py
[2024-04-27T13:45:48.437+0000] {processor.py:743} INFO - Processing file /home/airflow/.local/lib/python3.7/site-packages/airflow/example_dags/example_branch_day_of_week_operator.py for tasks to queue
[2024-04-27T13:45:48.438+0000] {logging_mixin.py:137} INFO - [2024-04-27T13:45:48.438+0000] {dagbag.py:538} INFO - Filling up the DagBag from /home/airflow/.local/lib/python3.7/site-packages/airflow/example_dags/example_branch_day_of_week_operator.py
[2024-04-27T13:45:48.482+0000] {processor.py:753} INFO - DAG(s) dict_keys(['example_weekday_branch_operator']) retrieved from /home/airflow/.local/lib/python3.7/site-packages/airflow/example_dags/example_branch_day_of_week_operator.py
[2024-04-27T13:45:48.530+0000] {logging_mixin.py:137} INFO - [2024-04-27T13:45:48.529+0000] {dag.py:2690} INFO - Sync 1 DAGs
[2024-04-27T13:45:48.620+0000] {logging_mixin.py:137} INFO - [2024-04-27T13:45:48.620+0000] {dag.py:3441} INFO - Setting next_dagrun for example_weekday_branch_operator to 2024-04-26T00:00:00+00:00, run_after=2024-04-27T00:00:00+00:00
[2024-04-27T13:45:48.686+0000] {processor.py:175} INFO - Processing /home/airflow/.local/lib/python3.7/site-packages/airflow/example_dags/example_branch_day_of_week_operator.py took 0.255 seconds
[2024-04-27T13:46:18.831+0000] {processor.py:153} INFO - Started process (PID=317) to work on /home/airflow/.local/lib/python3.7/site-packages/airflow/example_dags/example_branch_day_of_week_operator.py
[2024-04-27T13:46:18.832+0000] {processor.py:743} INFO - Processing file /home/airflow/.local/lib/python3.7/site-packages/airflow/example_dags/example_branch_day_of_week_operator.py for tasks to queue
[2024-04-27T13:46:18.832+0000] {logging_mixin.py:137} INFO - [2024-04-27T13:46:18.832+0000] {dagbag.py:538} INFO - Filling up the DagBag from /home/airflow/.local/lib/python3.7/site-packages/airflow/example_dags/example_branch_day_of_week_operator.py
[2024-04-27T13:46:18.854+0000] {processor.py:753} INFO - DAG(s) dict_keys(['example_weekday_branch_operator']) retrieved from /home/airflow/.local/lib/python3.7/site-packages/airflow/example_dags/example_branch_day_of_week_operator.py
[2024-04-27T13:46:18.891+0000] {logging_mixin.py:137} INFO - [2024-04-27T13:46:18.891+0000] {dag.py:2690} INFO - Sync 1 DAGs
[2024-04-27T13:46:18.930+0000] {logging_mixin.py:137} INFO - [2024-04-27T13:46:18.930+0000] {dag.py:3441} INFO - Setting next_dagrun for example_weekday_branch_operator to 2024-04-26T00:00:00+00:00, run_after=2024-04-27T00:00:00+00:00
[2024-04-27T13:46:18.958+0000] {processor.py:175} INFO - Processing /home/airflow/.local/lib/python3.7/site-packages/airflow/example_dags/example_branch_day_of_week_operator.py took 0.131 seconds
[2024-04-27T13:46:49.032+0000] {processor.py:153} INFO - Started process (PID=380) to work on /home/airflow/.local/lib/python3.7/site-packages/airflow/example_dags/example_branch_day_of_week_operator.py
[2024-04-27T13:46:49.032+0000] {processor.py:743} INFO - Processing file /home/airflow/.local/lib/python3.7/site-packages/airflow/example_dags/example_branch_day_of_week_operator.py for tasks to queue
[2024-04-27T13:46:49.033+0000] {logging_mixin.py:137} INFO - [2024-04-27T13:46:49.033+0000] {dagbag.py:538} INFO - Filling up the DagBag from /home/airflow/.local/lib/python3.7/site-packages/airflow/example_dags/example_branch_day_of_week_operator.py
[2024-04-27T13:46:49.052+0000] {processor.py:753} INFO - DAG(s) dict_keys(['example_weekday_branch_operator']) retrieved from /home/airflow/.local/lib/python3.7/site-packages/airflow/example_dags/example_branch_day_of_week_operator.py
[2024-04-27T13:46:49.086+0000] {logging_mixin.py:137} INFO - [2024-04-27T13:46:49.085+0000] {dag.py:2690} INFO - Sync 1 DAGs
[2024-04-27T13:46:49.122+0000] {logging_mixin.py:137} INFO - [2024-04-27T13:46:49.122+0000] {dag.py:3441} INFO - Setting next_dagrun for example_weekday_branch_operator to 2024-04-26T00:00:00+00:00, run_after=2024-04-27T00:00:00+00:00
[2024-04-27T13:46:49.146+0000] {processor.py:175} INFO - Processing /home/airflow/.local/lib/python3.7/site-packages/airflow/example_dags/example_branch_day_of_week_operator.py took 0.118 seconds
[2024-04-27T13:47:19.928+0000] {processor.py:153} INFO - Started process (PID=445) to work on /home/airflow/.local/lib/python3.7/site-packages/airflow/example_dags/example_branch_day_of_week_operator.py
[2024-04-27T13:47:19.929+0000] {processor.py:743} INFO - Processing file /home/airflow/.local/lib/python3.7/site-packages/airflow/example_dags/example_branch_day_of_week_operator.py for tasks to queue
[2024-04-27T13:47:19.930+0000] {logging_mixin.py:137} INFO - [2024-04-27T13:47:19.930+0000] {dagbag.py:538} INFO - Filling up the DagBag from /home/airflow/.local/lib/python3.7/site-packages/airflow/example_dags/example_branch_day_of_week_operator.py
[2024-04-27T13:47:19.948+0000] {processor.py:753} INFO - DAG(s) dict_keys(['example_weekday_branch_operator']) retrieved from /home/airflow/.local/lib/python3.7/site-packages/airflow/example_dags/example_branch_day_of_week_operator.py
[2024-04-27T13:47:19.983+0000] {logging_mixin.py:137} INFO - [2024-04-27T13:47:19.983+0000] {dag.py:2690} INFO - Sync 1 DAGs
[2024-04-27T13:47:20.033+0000] {logging_mixin.py:137} INFO - [2024-04-27T13:47:20.033+0000] {dag.py:3441} INFO - Setting next_dagrun for example_weekday_branch_operator to 2024-04-26T00:00:00+00:00, run_after=2024-04-27T00:00:00+00:00
[2024-04-27T13:47:20.076+0000] {processor.py:175} INFO - Processing /home/airflow/.local/lib/python3.7/site-packages/airflow/example_dags/example_branch_day_of_week_operator.py took 0.152 seconds
[2024-04-27T13:47:50.490+0000] {processor.py:153} INFO - Started process (PID=509) to work on /home/airflow/.local/lib/python3.7/site-packages/airflow/example_dags/example_branch_day_of_week_operator.py
[2024-04-27T13:47:50.491+0000] {processor.py:743} INFO - Processing file /home/airflow/.local/lib/python3.7/site-packages/airflow/example_dags/example_branch_day_of_week_operator.py for tasks to queue
[2024-04-27T13:47:50.492+0000] {logging_mixin.py:137} INFO - [2024-04-27T13:47:50.492+0000] {dagbag.py:538} INFO - Filling up the DagBag from /home/airflow/.local/lib/python3.7/site-packages/airflow/example_dags/example_branch_day_of_week_operator.py
[2024-04-27T13:47:50.522+0000] {processor.py:753} INFO - DAG(s) dict_keys(['example_weekday_branch_operator']) retrieved from /home/airflow/.local/lib/python3.7/site-packages/airflow/example_dags/example_branch_day_of_week_operator.py
[2024-04-27T13:47:50.575+0000] {logging_mixin.py:137} INFO - [2024-04-27T13:47:50.575+0000] {dag.py:2690} INFO - Sync 1 DAGs
[2024-04-27T13:47:50.643+0000] {logging_mixin.py:137} INFO - [2024-04-27T13:47:50.643+0000] {dag.py:3441} INFO - Setting next_dagrun for example_weekday_branch_operator to 2024-04-26T00:00:00+00:00, run_after=2024-04-27T00:00:00+00:00
[2024-04-27T13:47:50.672+0000] {processor.py:175} INFO - Processing /home/airflow/.local/lib/python3.7/site-packages/airflow/example_dags/example_branch_day_of_week_operator.py took 0.188 seconds
[2024-04-27T13:48:21.433+0000] {processor.py:153} INFO - Started process (PID=582) to work on /home/airflow/.local/lib/python3.7/site-packages/airflow/example_dags/example_branch_day_of_week_operator.py
[2024-04-27T13:48:21.434+0000] {processor.py:743} INFO - Processing file /home/airflow/.local/lib/python3.7/site-packages/airflow/example_dags/example_branch_day_of_week_operator.py for tasks to queue
[2024-04-27T13:48:21.435+0000] {logging_mixin.py:137} INFO - [2024-04-27T13:48:21.435+0000] {dagbag.py:538} INFO - Filling up the DagBag from /home/airflow/.local/lib/python3.7/site-packages/airflow/example_dags/example_branch_day_of_week_operator.py
[2024-04-27T13:48:21.458+0000] {processor.py:753} INFO - DAG(s) dict_keys(['example_weekday_branch_operator']) retrieved from /home/airflow/.local/lib/python3.7/site-packages/airflow/example_dags/example_branch_day_of_week_operator.py
[2024-04-27T13:48:21.497+0000] {logging_mixin.py:137} INFO - [2024-04-27T13:48:21.497+0000] {dag.py:2690} INFO - Sync 1 DAGs
[2024-04-27T13:48:21.559+0000] {logging_mixin.py:137} INFO - [2024-04-27T13:48:21.559+0000] {dag.py:3441} INFO - Setting next_dagrun for example_weekday_branch_operator to 2024-04-26T00:00:00+00:00, run_after=2024-04-27T00:00:00+00:00
[2024-04-27T13:48:21.601+0000] {processor.py:175} INFO - Processing /home/airflow/.local/lib/python3.7/site-packages/airflow/example_dags/example_branch_day_of_week_operator.py took 0.171 seconds
[2024-04-27T13:48:51.731+0000] {processor.py:153} INFO - Started process (PID=649) to work on /home/airflow/.local/lib/python3.7/site-packages/airflow/example_dags/example_branch_day_of_week_operator.py
[2024-04-27T13:48:51.732+0000] {processor.py:743} INFO - Processing file /home/airflow/.local/lib/python3.7/site-packages/airflow/example_dags/example_branch_day_of_week_operator.py for tasks to queue
[2024-04-27T13:48:51.733+0000] {logging_mixin.py:137} INFO - [2024-04-27T13:48:51.733+0000] {dagbag.py:538} INFO - Filling up the DagBag from /home/airflow/.local/lib/python3.7/site-packages/airflow/example_dags/example_branch_day_of_week_operator.py
[2024-04-27T13:48:51.774+0000] {processor.py:753} INFO - DAG(s) dict_keys(['example_weekday_branch_operator']) retrieved from /home/airflow/.local/lib/python3.7/site-packages/airflow/example_dags/example_branch_day_of_week_operator.py
[2024-04-27T13:48:51.836+0000] {logging_mixin.py:137} INFO - [2024-04-27T13:48:51.835+0000] {dag.py:2690} INFO - Sync 1 DAGs
[2024-04-27T13:48:51.882+0000] {logging_mixin.py:137} INFO - [2024-04-27T13:48:51.882+0000] {dag.py:3441} INFO - Setting next_dagrun for example_weekday_branch_operator to 2024-04-26T00:00:00+00:00, run_after=2024-04-27T00:00:00+00:00
[2024-04-27T13:48:51.906+0000] {processor.py:175} INFO - Processing /home/airflow/.local/lib/python3.7/site-packages/airflow/example_dags/example_branch_day_of_week_operator.py took 0.189 seconds
[2024-04-27T13:49:22.493+0000] {processor.py:153} INFO - Started process (PID=713) to work on /home/airflow/.local/lib/python3.7/site-packages/airflow/example_dags/example_branch_day_of_week_operator.py
[2024-04-27T13:49:22.494+0000] {processor.py:743} INFO - Processing file /home/airflow/.local/lib/python3.7/site-packages/airflow/example_dags/example_branch_day_of_week_operator.py for tasks to queue
[2024-04-27T13:49:22.495+0000] {logging_mixin.py:137} INFO - [2024-04-27T13:49:22.495+0000] {dagbag.py:538} INFO - Filling up the DagBag from /home/airflow/.local/lib/python3.7/site-packages/airflow/example_dags/example_branch_day_of_week_operator.py
[2024-04-27T13:49:22.521+0000] {processor.py:753} INFO - DAG(s) dict_keys(['example_weekday_branch_operator']) retrieved from /home/airflow/.local/lib/python3.7/site-packages/airflow/example_dags/example_branch_day_of_week_operator.py
[2024-04-27T13:49:22.558+0000] {logging_mixin.py:137} INFO - [2024-04-27T13:49:22.557+0000] {dag.py:2690} INFO - Sync 1 DAGs
[2024-04-27T13:49:22.600+0000] {logging_mixin.py:137} INFO - [2024-04-27T13:49:22.600+0000] {dag.py:3441} INFO - Setting next_dagrun for example_weekday_branch_operator to 2024-04-26T00:00:00+00:00, run_after=2024-04-27T00:00:00+00:00
[2024-04-27T13:49:22.630+0000] {processor.py:175} INFO - Processing /home/airflow/.local/lib/python3.7/site-packages/airflow/example_dags/example_branch_day_of_week_operator.py took 0.140 seconds
[2024-04-27T13:49:53.012+0000] {processor.py:153} INFO - Started process (PID=777) to work on /home/airflow/.local/lib/python3.7/site-packages/airflow/example_dags/example_branch_day_of_week_operator.py
[2024-04-27T13:49:53.013+0000] {processor.py:743} INFO - Processing file /home/airflow/.local/lib/python3.7/site-packages/airflow/example_dags/example_branch_day_of_week_operator.py for tasks to queue
[2024-04-27T13:49:53.014+0000] {logging_mixin.py:137} INFO - [2024-04-27T13:49:53.014+0000] {dagbag.py:538} INFO - Filling up the DagBag from /home/airflow/.local/lib/python3.7/site-packages/airflow/example_dags/example_branch_day_of_week_operator.py
[2024-04-27T13:49:53.044+0000] {processor.py:753} INFO - DAG(s) dict_keys(['example_weekday_branch_operator']) retrieved from /home/airflow/.local/lib/python3.7/site-packages/airflow/example_dags/example_branch_day_of_week_operator.py
[2024-04-27T13:49:53.084+0000] {logging_mixin.py:137} INFO - [2024-04-27T13:49:53.084+0000] {dag.py:2690} INFO - Sync 1 DAGs
[2024-04-27T13:49:53.131+0000] {logging_mixin.py:137} INFO - [2024-04-27T13:49:53.130+0000] {dag.py:3441} INFO - Setting next_dagrun for example_weekday_branch_operator to 2024-04-26T00:00:00+00:00, run_after=2024-04-27T00:00:00+00:00
[2024-04-27T13:49:53.161+0000] {processor.py:175} INFO - Processing /home/airflow/.local/lib/python3.7/site-packages/airflow/example_dags/example_branch_day_of_week_operator.py took 0.156 seconds
[2024-04-27T13:50:23.545+0000] {processor.py:153} INFO - Started process (PID=839) to work on /home/airflow/.local/lib/python3.7/site-packages/airflow/example_dags/example_branch_day_of_week_operator.py
[2024-04-27T13:50:23.546+0000] {processor.py:743} INFO - Processing file /home/airflow/.local/lib/python3.7/site-packages/airflow/example_dags/example_branch_day_of_week_operator.py for tasks to queue
[2024-04-27T13:50:23.547+0000] {logging_mixin.py:137} INFO - [2024-04-27T13:50:23.547+0000] {dagbag.py:538} INFO - Filling up the DagBag from /home/airflow/.local/lib/python3.7/site-packages/airflow/example_dags/example_branch_day_of_week_operator.py
[2024-04-27T13:50:23.575+0000] {processor.py:753} INFO - DAG(s) dict_keys(['example_weekday_branch_operator']) retrieved from /home/airflow/.local/lib/python3.7/site-packages/airflow/example_dags/example_branch_day_of_week_operator.py
[2024-04-27T13:50:23.619+0000] {logging_mixin.py:137} INFO - [2024-04-27T13:50:23.619+0000] {dag.py:2690} INFO - Sync 1 DAGs
[2024-04-27T13:50:23.676+0000] {logging_mixin.py:137} INFO - [2024-04-27T13:50:23.676+0000] {dag.py:3441} INFO - Setting next_dagrun for example_weekday_branch_operator to 2024-04-26T00:00:00+00:00, run_after=2024-04-27T00:00:00+00:00
[2024-04-27T13:50:23.709+0000] {processor.py:175} INFO - Processing /home/airflow/.local/lib/python3.7/site-packages/airflow/example_dags/example_branch_day_of_week_operator.py took 0.169 seconds
[2024-04-27T13:50:54.476+0000] {processor.py:153} INFO - Started process (PID=914) to work on /home/airflow/.local/lib/python3.7/site-packages/airflow/example_dags/example_branch_day_of_week_operator.py
[2024-04-27T13:50:54.477+0000] {processor.py:743} INFO - Processing file /home/airflow/.local/lib/python3.7/site-packages/airflow/example_dags/example_branch_day_of_week_operator.py for tasks to queue
[2024-04-27T13:50:54.479+0000] {logging_mixin.py:137} INFO - [2024-04-27T13:50:54.478+0000] {dagbag.py:538} INFO - Filling up the DagBag from /home/airflow/.local/lib/python3.7/site-packages/airflow/example_dags/example_branch_day_of_week_operator.py
[2024-04-27T13:50:54.509+0000] {processor.py:753} INFO - DAG(s) dict_keys(['example_weekday_branch_operator']) retrieved from /home/airflow/.local/lib/python3.7/site-packages/airflow/example_dags/example_branch_day_of_week_operator.py
[2024-04-27T13:50:54.565+0000] {logging_mixin.py:137} INFO - [2024-04-27T13:50:54.565+0000] {dag.py:2690} INFO - Sync 1 DAGs
[2024-04-27T13:50:54.618+0000] {logging_mixin.py:137} INFO - [2024-04-27T13:50:54.618+0000] {dag.py:3441} INFO - Setting next_dagrun for example_weekday_branch_operator to 2024-04-26T00:00:00+00:00, run_after=2024-04-27T00:00:00+00:00
[2024-04-27T13:50:54.658+0000] {processor.py:175} INFO - Processing /home/airflow/.local/lib/python3.7/site-packages/airflow/example_dags/example_branch_day_of_week_operator.py took 0.188 seconds
[2024-04-27T13:51:25.367+0000] {processor.py:153} INFO - Started process (PID=977) to work on /home/airflow/.local/lib/python3.7/site-packages/airflow/example_dags/example_branch_day_of_week_operator.py
[2024-04-27T13:51:25.368+0000] {processor.py:743} INFO - Processing file /home/airflow/.local/lib/python3.7/site-packages/airflow/example_dags/example_branch_day_of_week_operator.py for tasks to queue
[2024-04-27T13:51:25.369+0000] {logging_mixin.py:137} INFO - [2024-04-27T13:51:25.369+0000] {dagbag.py:538} INFO - Filling up the DagBag from /home/airflow/.local/lib/python3.7/site-packages/airflow/example_dags/example_branch_day_of_week_operator.py
[2024-04-27T13:51:25.392+0000] {processor.py:753} INFO - DAG(s) dict_keys(['example_weekday_branch_operator']) retrieved from /home/airflow/.local/lib/python3.7/site-packages/airflow/example_dags/example_branch_day_of_week_operator.py
[2024-04-27T13:51:25.424+0000] {logging_mixin.py:137} INFO - [2024-04-27T13:51:25.424+0000] {dag.py:2690} INFO - Sync 1 DAGs
[2024-04-27T13:51:25.460+0000] {logging_mixin.py:137} INFO - [2024-04-27T13:51:25.460+0000] {dag.py:3441} INFO - Setting next_dagrun for example_weekday_branch_operator to 2024-04-26T00:00:00+00:00, run_after=2024-04-27T00:00:00+00:00
[2024-04-27T13:51:25.490+0000] {processor.py:175} INFO - Processing /home/airflow/.local/lib/python3.7/site-packages/airflow/example_dags/example_branch_day_of_week_operator.py took 0.126 seconds
[2024-04-27T13:51:56.231+0000] {processor.py:153} INFO - Started process (PID=1039) to work on /home/airflow/.local/lib/python3.7/site-packages/airflow/example_dags/example_branch_day_of_week_operator.py
[2024-04-27T13:51:56.232+0000] {processor.py:743} INFO - Processing file /home/airflow/.local/lib/python3.7/site-packages/airflow/example_dags/example_branch_day_of_week_operator.py for tasks to queue
[2024-04-27T13:51:56.233+0000] {logging_mixin.py:137} INFO - [2024-04-27T13:51:56.233+0000] {dagbag.py:538} INFO - Filling up the DagBag from /home/airflow/.local/lib/python3.7/site-packages/airflow/example_dags/example_branch_day_of_week_operator.py
[2024-04-27T13:51:56.277+0000] {processor.py:753} INFO - DAG(s) dict_keys(['example_weekday_branch_operator']) retrieved from /home/airflow/.local/lib/python3.7/site-packages/airflow/example_dags/example_branch_day_of_week_operator.py
[2024-04-27T13:51:56.349+0000] {logging_mixin.py:137} INFO - [2024-04-27T13:51:56.349+0000] {dag.py:2690} INFO - Sync 1 DAGs
[2024-04-27T13:51:56.446+0000] {logging_mixin.py:137} INFO - [2024-04-27T13:51:56.446+0000] {dag.py:3441} INFO - Setting next_dagrun for example_weekday_branch_operator to 2024-04-26T00:00:00+00:00, run_after=2024-04-27T00:00:00+00:00
[2024-04-27T13:51:56.530+0000] {processor.py:175} INFO - Processing /home/airflow/.local/lib/python3.7/site-packages/airflow/example_dags/example_branch_day_of_week_operator.py took 0.305 seconds
[2024-04-27T13:52:27.475+0000] {processor.py:153} INFO - Started process (PID=1112) to work on /home/airflow/.local/lib/python3.7/site-packages/airflow/example_dags/example_branch_day_of_week_operator.py
[2024-04-27T13:52:27.476+0000] {processor.py:743} INFO - Processing file /home/airflow/.local/lib/python3.7/site-packages/airflow/example_dags/example_branch_day_of_week_operator.py for tasks to queue
[2024-04-27T13:52:27.477+0000] {logging_mixin.py:137} INFO - [2024-04-27T13:52:27.477+0000] {dagbag.py:538} INFO - Filling up the DagBag from /home/airflow/.local/lib/python3.7/site-packages/airflow/example_dags/example_branch_day_of_week_operator.py
[2024-04-27T13:52:27.505+0000] {processor.py:753} INFO - DAG(s) dict_keys(['example_weekday_branch_operator']) retrieved from /home/airflow/.local/lib/python3.7/site-packages/airflow/example_dags/example_branch_day_of_week_operator.py
[2024-04-27T13:52:27.548+0000] {logging_mixin.py:137} INFO - [2024-04-27T13:52:27.548+0000] {dag.py:2690} INFO - Sync 1 DAGs
[2024-04-27T13:52:27.603+0000] {logging_mixin.py:137} INFO - [2024-04-27T13:52:27.603+0000] {dag.py:3441} INFO - Setting next_dagrun for example_weekday_branch_operator to 2024-04-26T00:00:00+00:00, run_after=2024-04-27T00:00:00+00:00
[2024-04-27T13:52:27.640+0000] {processor.py:175} INFO - Processing /home/airflow/.local/lib/python3.7/site-packages/airflow/example_dags/example_branch_day_of_week_operator.py took 0.171 seconds
[2024-04-27T13:52:58.334+0000] {processor.py:153} INFO - Started process (PID=1179) to work on /home/airflow/.local/lib/python3.7/site-packages/airflow/example_dags/example_branch_day_of_week_operator.py
[2024-04-27T13:52:58.335+0000] {processor.py:743} INFO - Processing file /home/airflow/.local/lib/python3.7/site-packages/airflow/example_dags/example_branch_day_of_week_operator.py for tasks to queue
[2024-04-27T13:52:58.336+0000] {logging_mixin.py:137} INFO - [2024-04-27T13:52:58.336+0000] {dagbag.py:538} INFO - Filling up the DagBag from /home/airflow/.local/lib/python3.7/site-packages/airflow/example_dags/example_branch_day_of_week_operator.py
[2024-04-27T13:52:58.359+0000] {processor.py:753} INFO - DAG(s) dict_keys(['example_weekday_branch_operator']) retrieved from /home/airflow/.local/lib/python3.7/site-packages/airflow/example_dags/example_branch_day_of_week_operator.py
[2024-04-27T13:52:58.401+0000] {logging_mixin.py:137} INFO - [2024-04-27T13:52:58.400+0000] {dag.py:2690} INFO - Sync 1 DAGs
[2024-04-27T13:52:58.453+0000] {logging_mixin.py:137} INFO - [2024-04-27T13:52:58.452+0000] {dag.py:3441} INFO - Setting next_dagrun for example_weekday_branch_operator to 2024-04-26T00:00:00+00:00, run_after=2024-04-27T00:00:00+00:00
[2024-04-27T13:52:58.485+0000] {processor.py:175} INFO - Processing /home/airflow/.local/lib/python3.7/site-packages/airflow/example_dags/example_branch_day_of_week_operator.py took 0.155 seconds
[2024-04-27T13:53:29.125+0000] {processor.py:153} INFO - Started process (PID=1242) to work on /home/airflow/.local/lib/python3.7/site-packages/airflow/example_dags/example_branch_day_of_week_operator.py
[2024-04-27T13:53:29.126+0000] {processor.py:743} INFO - Processing file /home/airflow/.local/lib/python3.7/site-packages/airflow/example_dags/example_branch_day_of_week_operator.py for tasks to queue
[2024-04-27T13:53:29.127+0000] {logging_mixin.py:137} INFO - [2024-04-27T13:53:29.127+0000] {dagbag.py:538} INFO - Filling up the DagBag from /home/airflow/.local/lib/python3.7/site-packages/airflow/example_dags/example_branch_day_of_week_operator.py
[2024-04-27T13:53:29.155+0000] {processor.py:753} INFO - DAG(s) dict_keys(['example_weekday_branch_operator']) retrieved from /home/airflow/.local/lib/python3.7/site-packages/airflow/example_dags/example_branch_day_of_week_operator.py
[2024-04-27T13:53:29.197+0000] {logging_mixin.py:137} INFO - [2024-04-27T13:53:29.197+0000] {dag.py:2690} INFO - Sync 1 DAGs
[2024-04-27T13:53:29.274+0000] {logging_mixin.py:137} INFO - [2024-04-27T13:53:29.273+0000] {dag.py:3441} INFO - Setting next_dagrun for example_weekday_branch_operator to 2024-04-26T00:00:00+00:00, run_after=2024-04-27T00:00:00+00:00
[2024-04-27T13:53:29.315+0000] {processor.py:175} INFO - Processing /home/airflow/.local/lib/python3.7/site-packages/airflow/example_dags/example_branch_day_of_week_operator.py took 0.195 seconds
[2024-04-27T13:53:59.591+0000] {processor.py:153} INFO - Started process (PID=1306) to work on /home/airflow/.local/lib/python3.7/site-packages/airflow/example_dags/example_branch_day_of_week_operator.py
[2024-04-27T13:53:59.592+0000] {processor.py:743} INFO - Processing file /home/airflow/.local/lib/python3.7/site-packages/airflow/example_dags/example_branch_day_of_week_operator.py for tasks to queue
[2024-04-27T13:53:59.593+0000] {logging_mixin.py:137} INFO - [2024-04-27T13:53:59.593+0000] {dagbag.py:538} INFO - Filling up the DagBag from /home/airflow/.local/lib/python3.7/site-packages/airflow/example_dags/example_branch_day_of_week_operator.py
[2024-04-27T13:53:59.621+0000] {processor.py:753} INFO - DAG(s) dict_keys(['example_weekday_branch_operator']) retrieved from /home/airflow/.local/lib/python3.7/site-packages/airflow/example_dags/example_branch_day_of_week_operator.py
[2024-04-27T13:53:59.667+0000] {logging_mixin.py:137} INFO - [2024-04-27T13:53:59.667+0000] {dag.py:2690} INFO - Sync 1 DAGs
[2024-04-27T13:53:59.723+0000] {logging_mixin.py:137} INFO - [2024-04-27T13:53:59.723+0000] {dag.py:3441} INFO - Setting next_dagrun for example_weekday_branch_operator to 2024-04-26T00:00:00+00:00, run_after=2024-04-27T00:00:00+00:00
[2024-04-27T13:53:59.789+0000] {processor.py:175} INFO - Processing /home/airflow/.local/lib/python3.7/site-packages/airflow/example_dags/example_branch_day_of_week_operator.py took 0.203 seconds
[2024-04-27T14:03:11.907+0000] {processor.py:157} INFO - Started process (PID=51) to work on /home/airflow/.local/lib/python3.8/site-packages/airflow/example_dags/example_branch_day_of_week_operator.py
[2024-04-27T14:03:11.915+0000] {processor.py:829} INFO - Processing file /home/airflow/.local/lib/python3.8/site-packages/airflow/example_dags/example_branch_day_of_week_operator.py for tasks to queue
[2024-04-27T14:03:11.918+0000] {logging_mixin.py:151} INFO - [2024-04-27T14:03:11.918+0000] {dagbag.py:539} INFO - Filling up the DagBag from /home/airflow/.local/lib/python3.8/site-packages/airflow/example_dags/example_branch_day_of_week_operator.py
[2024-04-27T14:03:11.953+0000] {processor.py:839} INFO - DAG(s) dict_keys(['example_weekday_branch_operator']) retrieved from /home/airflow/.local/lib/python3.8/site-packages/airflow/example_dags/example_branch_day_of_week_operator.py
[2024-04-27T14:03:12.711+0000] {logging_mixin.py:151} INFO - [2024-04-27T14:03:12.711+0000] {manager.py:501} INFO - Created Permission View: can read on DAG:example_weekday_branch_operator
[2024-04-27T14:03:12.751+0000] {logging_mixin.py:151} INFO - [2024-04-27T14:03:12.751+0000] {manager.py:501} INFO - Created Permission View: can edit on DAG:example_weekday_branch_operator
[2024-04-27T14:03:12.792+0000] {logging_mixin.py:151} INFO - [2024-04-27T14:03:12.791+0000] {manager.py:501} INFO - Created Permission View: can delete on DAG:example_weekday_branch_operator
[2024-04-27T14:03:12.880+0000] {logging_mixin.py:151} INFO - [2024-04-27T14:03:12.880+0000] {dag.py:2907} INFO - Sync 1 DAGs
[2024-04-27T14:03:12.957+0000] {logging_mixin.py:151} INFO - [2024-04-27T14:03:12.956+0000] {dag.py:2929} INFO - Creating ORM DAG for example_weekday_branch_operator
[2024-04-27T14:03:13.074+0000] {logging_mixin.py:151} INFO - [2024-04-27T14:03:13.074+0000] {dag.py:3677} INFO - Setting next_dagrun for example_weekday_branch_operator to 2024-04-26T00:00:00+00:00, run_after=2024-04-27T00:00:00+00:00
[2024-04-27T14:03:13.196+0000] {processor.py:179} INFO - Processing /home/airflow/.local/lib/python3.8/site-packages/airflow/example_dags/example_branch_day_of_week_operator.py took 1.294 seconds
[2024-04-27T14:03:44.038+0000] {processor.py:157} INFO - Started process (PID=114) to work on /home/airflow/.local/lib/python3.8/site-packages/airflow/example_dags/example_branch_day_of_week_operator.py
[2024-04-27T14:03:44.041+0000] {processor.py:829} INFO - Processing file /home/airflow/.local/lib/python3.8/site-packages/airflow/example_dags/example_branch_day_of_week_operator.py for tasks to queue
[2024-04-27T14:03:44.045+0000] {logging_mixin.py:151} INFO - [2024-04-27T14:03:44.044+0000] {dagbag.py:539} INFO - Filling up the DagBag from /home/airflow/.local/lib/python3.8/site-packages/airflow/example_dags/example_branch_day_of_week_operator.py
[2024-04-27T14:03:44.060+0000] {processor.py:839} INFO - DAG(s) dict_keys(['example_weekday_branch_operator']) retrieved from /home/airflow/.local/lib/python3.8/site-packages/airflow/example_dags/example_branch_day_of_week_operator.py
[2024-04-27T14:03:44.104+0000] {logging_mixin.py:151} INFO - [2024-04-27T14:03:44.104+0000] {dag.py:2907} INFO - Sync 1 DAGs
[2024-04-27T14:03:44.147+0000] {logging_mixin.py:151} INFO - [2024-04-27T14:03:44.146+0000] {dag.py:3677} INFO - Setting next_dagrun for example_weekday_branch_operator to 2024-04-26T00:00:00+00:00, run_after=2024-04-27T00:00:00+00:00
[2024-04-27T14:03:44.189+0000] {processor.py:179} INFO - Processing /home/airflow/.local/lib/python3.8/site-packages/airflow/example_dags/example_branch_day_of_week_operator.py took 0.156 seconds
[2024-04-27T14:04:14.587+0000] {processor.py:157} INFO - Started process (PID=177) to work on /home/airflow/.local/lib/python3.8/site-packages/airflow/example_dags/example_branch_day_of_week_operator.py
[2024-04-27T14:04:14.590+0000] {processor.py:829} INFO - Processing file /home/airflow/.local/lib/python3.8/site-packages/airflow/example_dags/example_branch_day_of_week_operator.py for tasks to queue
[2024-04-27T14:04:14.596+0000] {logging_mixin.py:151} INFO - [2024-04-27T14:04:14.595+0000] {dagbag.py:539} INFO - Filling up the DagBag from /home/airflow/.local/lib/python3.8/site-packages/airflow/example_dags/example_branch_day_of_week_operator.py
[2024-04-27T14:04:14.609+0000] {processor.py:839} INFO - DAG(s) dict_keys(['example_weekday_branch_operator']) retrieved from /home/airflow/.local/lib/python3.8/site-packages/airflow/example_dags/example_branch_day_of_week_operator.py
[2024-04-27T14:04:14.637+0000] {logging_mixin.py:151} INFO - [2024-04-27T14:04:14.637+0000] {dag.py:2907} INFO - Sync 1 DAGs
[2024-04-27T14:04:14.665+0000] {logging_mixin.py:151} INFO - [2024-04-27T14:04:14.665+0000] {dag.py:3677} INFO - Setting next_dagrun for example_weekday_branch_operator to 2024-04-26T00:00:00+00:00, run_after=2024-04-27T00:00:00+00:00
[2024-04-27T14:04:14.687+0000] {processor.py:179} INFO - Processing /home/airflow/.local/lib/python3.8/site-packages/airflow/example_dags/example_branch_day_of_week_operator.py took 0.114 seconds
[2024-04-27T14:04:44.936+0000] {processor.py:157} INFO - Started process (PID=240) to work on /home/airflow/.local/lib/python3.8/site-packages/airflow/example_dags/example_branch_day_of_week_operator.py
[2024-04-27T14:04:44.937+0000] {processor.py:829} INFO - Processing file /home/airflow/.local/lib/python3.8/site-packages/airflow/example_dags/example_branch_day_of_week_operator.py for tasks to queue
[2024-04-27T14:04:44.940+0000] {logging_mixin.py:151} INFO - [2024-04-27T14:04:44.939+0000] {dagbag.py:539} INFO - Filling up the DagBag from /home/airflow/.local/lib/python3.8/site-packages/airflow/example_dags/example_branch_day_of_week_operator.py
[2024-04-27T14:04:44.949+0000] {processor.py:839} INFO - DAG(s) dict_keys(['example_weekday_branch_operator']) retrieved from /home/airflow/.local/lib/python3.8/site-packages/airflow/example_dags/example_branch_day_of_week_operator.py
[2024-04-27T14:04:44.974+0000] {logging_mixin.py:151} INFO - [2024-04-27T14:04:44.974+0000] {dag.py:2907} INFO - Sync 1 DAGs
[2024-04-27T14:04:45.002+0000] {logging_mixin.py:151} INFO - [2024-04-27T14:04:45.002+0000] {dag.py:3677} INFO - Setting next_dagrun for example_weekday_branch_operator to 2024-04-26T00:00:00+00:00, run_after=2024-04-27T00:00:00+00:00
[2024-04-27T14:04:45.022+0000] {processor.py:179} INFO - Processing /home/airflow/.local/lib/python3.8/site-packages/airflow/example_dags/example_branch_day_of_week_operator.py took 0.090 seconds
[2024-04-27T14:05:15.806+0000] {processor.py:157} INFO - Started process (PID=312) to work on /home/airflow/.local/lib/python3.8/site-packages/airflow/example_dags/example_branch_day_of_week_operator.py
[2024-04-27T14:05:15.812+0000] {processor.py:829} INFO - Processing file /home/airflow/.local/lib/python3.8/site-packages/airflow/example_dags/example_branch_day_of_week_operator.py for tasks to queue
[2024-04-27T14:05:15.816+0000] {logging_mixin.py:151} INFO - [2024-04-27T14:05:15.815+0000] {dagbag.py:539} INFO - Filling up the DagBag from /home/airflow/.local/lib/python3.8/site-packages/airflow/example_dags/example_branch_day_of_week_operator.py
[2024-04-27T14:05:15.830+0000] {processor.py:839} INFO - DAG(s) dict_keys(['example_weekday_branch_operator']) retrieved from /home/airflow/.local/lib/python3.8/site-packages/airflow/example_dags/example_branch_day_of_week_operator.py
[2024-04-27T14:05:15.865+0000] {logging_mixin.py:151} INFO - [2024-04-27T14:05:15.865+0000] {dag.py:2907} INFO - Sync 1 DAGs
[2024-04-27T14:05:15.910+0000] {logging_mixin.py:151} INFO - [2024-04-27T14:05:15.909+0000] {dag.py:3677} INFO - Setting next_dagrun for example_weekday_branch_operator to 2024-04-26T00:00:00+00:00, run_after=2024-04-27T00:00:00+00:00
[2024-04-27T14:05:15.941+0000] {processor.py:179} INFO - Processing /home/airflow/.local/lib/python3.8/site-packages/airflow/example_dags/example_branch_day_of_week_operator.py took 0.140 seconds
[2024-04-27T14:05:46.186+0000] {processor.py:157} INFO - Started process (PID=375) to work on /home/airflow/.local/lib/python3.8/site-packages/airflow/example_dags/example_branch_day_of_week_operator.py
[2024-04-27T14:05:46.187+0000] {processor.py:829} INFO - Processing file /home/airflow/.local/lib/python3.8/site-packages/airflow/example_dags/example_branch_day_of_week_operator.py for tasks to queue
[2024-04-27T14:05:46.191+0000] {logging_mixin.py:151} INFO - [2024-04-27T14:05:46.191+0000] {dagbag.py:539} INFO - Filling up the DagBag from /home/airflow/.local/lib/python3.8/site-packages/airflow/example_dags/example_branch_day_of_week_operator.py
[2024-04-27T14:05:46.203+0000] {processor.py:839} INFO - DAG(s) dict_keys(['example_weekday_branch_operator']) retrieved from /home/airflow/.local/lib/python3.8/site-packages/airflow/example_dags/example_branch_day_of_week_operator.py
[2024-04-27T14:05:46.233+0000] {logging_mixin.py:151} INFO - [2024-04-27T14:05:46.233+0000] {dag.py:2907} INFO - Sync 1 DAGs
[2024-04-27T14:05:46.265+0000] {logging_mixin.py:151} INFO - [2024-04-27T14:05:46.265+0000] {dag.py:3677} INFO - Setting next_dagrun for example_weekday_branch_operator to 2024-04-26T00:00:00+00:00, run_after=2024-04-27T00:00:00+00:00
[2024-04-27T14:05:46.298+0000] {processor.py:179} INFO - Processing /home/airflow/.local/lib/python3.8/site-packages/airflow/example_dags/example_branch_day_of_week_operator.py took 0.117 seconds
[2024-04-27T14:06:16.467+0000] {processor.py:157} INFO - Started process (PID=438) to work on /home/airflow/.local/lib/python3.8/site-packages/airflow/example_dags/example_branch_day_of_week_operator.py
[2024-04-27T14:06:16.468+0000] {processor.py:829} INFO - Processing file /home/airflow/.local/lib/python3.8/site-packages/airflow/example_dags/example_branch_day_of_week_operator.py for tasks to queue
[2024-04-27T14:06:16.470+0000] {logging_mixin.py:151} INFO - [2024-04-27T14:06:16.470+0000] {dagbag.py:539} INFO - Filling up the DagBag from /home/airflow/.local/lib/python3.8/site-packages/airflow/example_dags/example_branch_day_of_week_operator.py
[2024-04-27T14:06:16.481+0000] {processor.py:839} INFO - DAG(s) dict_keys(['example_weekday_branch_operator']) retrieved from /home/airflow/.local/lib/python3.8/site-packages/airflow/example_dags/example_branch_day_of_week_operator.py
[2024-04-27T14:06:16.516+0000] {logging_mixin.py:151} INFO - [2024-04-27T14:06:16.516+0000] {dag.py:2907} INFO - Sync 1 DAGs
[2024-04-27T14:06:16.545+0000] {logging_mixin.py:151} INFO - [2024-04-27T14:06:16.545+0000] {dag.py:3677} INFO - Setting next_dagrun for example_weekday_branch_operator to 2024-04-26T00:00:00+00:00, run_after=2024-04-27T00:00:00+00:00
[2024-04-27T14:06:16.567+0000] {processor.py:179} INFO - Processing /home/airflow/.local/lib/python3.8/site-packages/airflow/example_dags/example_branch_day_of_week_operator.py took 0.104 seconds
[2024-04-27T14:06:46.880+0000] {processor.py:157} INFO - Started process (PID=502) to work on /home/airflow/.local/lib/python3.8/site-packages/airflow/example_dags/example_branch_day_of_week_operator.py
[2024-04-27T14:06:46.882+0000] {processor.py:829} INFO - Processing file /home/airflow/.local/lib/python3.8/site-packages/airflow/example_dags/example_branch_day_of_week_operator.py for tasks to queue
[2024-04-27T14:06:46.885+0000] {logging_mixin.py:151} INFO - [2024-04-27T14:06:46.884+0000] {dagbag.py:539} INFO - Filling up the DagBag from /home/airflow/.local/lib/python3.8/site-packages/airflow/example_dags/example_branch_day_of_week_operator.py
[2024-04-27T14:06:46.895+0000] {processor.py:839} INFO - DAG(s) dict_keys(['example_weekday_branch_operator']) retrieved from /home/airflow/.local/lib/python3.8/site-packages/airflow/example_dags/example_branch_day_of_week_operator.py
[2024-04-27T14:06:46.919+0000] {logging_mixin.py:151} INFO - [2024-04-27T14:06:46.919+0000] {dag.py:2907} INFO - Sync 1 DAGs
[2024-04-27T14:06:46.947+0000] {logging_mixin.py:151} INFO - [2024-04-27T14:06:46.947+0000] {dag.py:3677} INFO - Setting next_dagrun for example_weekday_branch_operator to 2024-04-26T00:00:00+00:00, run_after=2024-04-27T00:00:00+00:00
[2024-04-27T14:06:46.967+0000] {processor.py:179} INFO - Processing /home/airflow/.local/lib/python3.8/site-packages/airflow/example_dags/example_branch_day_of_week_operator.py took 0.092 seconds
[2024-04-27T14:07:17.175+0000] {processor.py:157} INFO - Started process (PID=575) to work on /home/airflow/.local/lib/python3.8/site-packages/airflow/example_dags/example_branch_day_of_week_operator.py
[2024-04-27T14:07:17.176+0000] {processor.py:829} INFO - Processing file /home/airflow/.local/lib/python3.8/site-packages/airflow/example_dags/example_branch_day_of_week_operator.py for tasks to queue
[2024-04-27T14:07:17.178+0000] {logging_mixin.py:151} INFO - [2024-04-27T14:07:17.178+0000] {dagbag.py:539} INFO - Filling up the DagBag from /home/airflow/.local/lib/python3.8/site-packages/airflow/example_dags/example_branch_day_of_week_operator.py
[2024-04-27T14:07:17.188+0000] {processor.py:839} INFO - DAG(s) dict_keys(['example_weekday_branch_operator']) retrieved from /home/airflow/.local/lib/python3.8/site-packages/airflow/example_dags/example_branch_day_of_week_operator.py
[2024-04-27T14:07:17.220+0000] {logging_mixin.py:151} INFO - [2024-04-27T14:07:17.219+0000] {dag.py:2907} INFO - Sync 1 DAGs
[2024-04-27T14:07:17.259+0000] {logging_mixin.py:151} INFO - [2024-04-27T14:07:17.258+0000] {dag.py:3677} INFO - Setting next_dagrun for example_weekday_branch_operator to 2024-04-26T00:00:00+00:00, run_after=2024-04-27T00:00:00+00:00
[2024-04-27T14:07:17.287+0000] {processor.py:179} INFO - Processing /home/airflow/.local/lib/python3.8/site-packages/airflow/example_dags/example_branch_day_of_week_operator.py took 0.117 seconds
[2024-04-27T14:07:47.620+0000] {processor.py:157} INFO - Started process (PID=639) to work on /home/airflow/.local/lib/python3.8/site-packages/airflow/example_dags/example_branch_day_of_week_operator.py
[2024-04-27T14:07:47.622+0000] {processor.py:829} INFO - Processing file /home/airflow/.local/lib/python3.8/site-packages/airflow/example_dags/example_branch_day_of_week_operator.py for tasks to queue
[2024-04-27T14:07:47.625+0000] {logging_mixin.py:151} INFO - [2024-04-27T14:07:47.624+0000] {dagbag.py:539} INFO - Filling up the DagBag from /home/airflow/.local/lib/python3.8/site-packages/airflow/example_dags/example_branch_day_of_week_operator.py
[2024-04-27T14:07:47.636+0000] {processor.py:839} INFO - DAG(s) dict_keys(['example_weekday_branch_operator']) retrieved from /home/airflow/.local/lib/python3.8/site-packages/airflow/example_dags/example_branch_day_of_week_operator.py
[2024-04-27T14:07:47.661+0000] {logging_mixin.py:151} INFO - [2024-04-27T14:07:47.661+0000] {dag.py:2907} INFO - Sync 1 DAGs
[2024-04-27T14:07:47.690+0000] {logging_mixin.py:151} INFO - [2024-04-27T14:07:47.690+0000] {dag.py:3677} INFO - Setting next_dagrun for example_weekday_branch_operator to 2024-04-26T00:00:00+00:00, run_after=2024-04-27T00:00:00+00:00
[2024-04-27T14:07:47.713+0000] {processor.py:179} INFO - Processing /home/airflow/.local/lib/python3.8/site-packages/airflow/example_dags/example_branch_day_of_week_operator.py took 0.100 seconds
[2024-04-27T14:11:39.602+0000] {processor.py:157} INFO - Started process (PID=43) to work on /home/airflow/.local/lib/python3.8/site-packages/airflow/example_dags/example_branch_day_of_week_operator.py
[2024-04-27T14:11:39.604+0000] {processor.py:829} INFO - Processing file /home/airflow/.local/lib/python3.8/site-packages/airflow/example_dags/example_branch_day_of_week_operator.py for tasks to queue
[2024-04-27T14:11:39.607+0000] {logging_mixin.py:151} INFO - [2024-04-27T14:11:39.607+0000] {dagbag.py:539} INFO - Filling up the DagBag from /home/airflow/.local/lib/python3.8/site-packages/airflow/example_dags/example_branch_day_of_week_operator.py
[2024-04-27T14:11:39.625+0000] {processor.py:839} INFO - DAG(s) dict_keys(['example_weekday_branch_operator']) retrieved from /home/airflow/.local/lib/python3.8/site-packages/airflow/example_dags/example_branch_day_of_week_operator.py
[2024-04-27T14:11:39.702+0000] {logging_mixin.py:151} INFO - [2024-04-27T14:11:39.702+0000] {dag.py:2907} INFO - Sync 1 DAGs
[2024-04-27T14:11:39.902+0000] {logging_mixin.py:151} INFO - [2024-04-27T14:11:39.902+0000] {dag.py:3677} INFO - Setting next_dagrun for example_weekday_branch_operator to 2024-04-26T00:00:00+00:00, run_after=2024-04-27T00:00:00+00:00
[2024-04-27T14:11:39.965+0000] {processor.py:179} INFO - Processing /home/airflow/.local/lib/python3.8/site-packages/airflow/example_dags/example_branch_day_of_week_operator.py took 0.368 seconds
[2024-04-27T14:12:10.934+0000] {processor.py:157} INFO - Started process (PID=105) to work on /home/airflow/.local/lib/python3.8/site-packages/airflow/example_dags/example_branch_day_of_week_operator.py
[2024-04-27T14:12:10.935+0000] {processor.py:829} INFO - Processing file /home/airflow/.local/lib/python3.8/site-packages/airflow/example_dags/example_branch_day_of_week_operator.py for tasks to queue
[2024-04-27T14:12:10.938+0000] {logging_mixin.py:151} INFO - [2024-04-27T14:12:10.938+0000] {dagbag.py:539} INFO - Filling up the DagBag from /home/airflow/.local/lib/python3.8/site-packages/airflow/example_dags/example_branch_day_of_week_operator.py
[2024-04-27T14:12:10.953+0000] {processor.py:839} INFO - DAG(s) dict_keys(['example_weekday_branch_operator']) retrieved from /home/airflow/.local/lib/python3.8/site-packages/airflow/example_dags/example_branch_day_of_week_operator.py
[2024-04-27T14:12:10.997+0000] {logging_mixin.py:151} INFO - [2024-04-27T14:12:10.997+0000] {dag.py:2907} INFO - Sync 1 DAGs
[2024-04-27T14:12:11.044+0000] {logging_mixin.py:151} INFO - [2024-04-27T14:12:11.044+0000] {dag.py:3677} INFO - Setting next_dagrun for example_weekday_branch_operator to 2024-04-26T00:00:00+00:00, run_after=2024-04-27T00:00:00+00:00
[2024-04-27T14:12:11.078+0000] {processor.py:179} INFO - Processing /home/airflow/.local/lib/python3.8/site-packages/airflow/example_dags/example_branch_day_of_week_operator.py took 0.149 seconds
[2024-04-27T14:12:41.213+0000] {processor.py:157} INFO - Started process (PID=175) to work on /home/airflow/.local/lib/python3.8/site-packages/airflow/example_dags/example_branch_day_of_week_operator.py
[2024-04-27T14:12:41.215+0000] {processor.py:829} INFO - Processing file /home/airflow/.local/lib/python3.8/site-packages/airflow/example_dags/example_branch_day_of_week_operator.py for tasks to queue
[2024-04-27T14:12:41.220+0000] {logging_mixin.py:151} INFO - [2024-04-27T14:12:41.219+0000] {dagbag.py:539} INFO - Filling up the DagBag from /home/airflow/.local/lib/python3.8/site-packages/airflow/example_dags/example_branch_day_of_week_operator.py
[2024-04-27T14:12:41.234+0000] {processor.py:839} INFO - DAG(s) dict_keys(['example_weekday_branch_operator']) retrieved from /home/airflow/.local/lib/python3.8/site-packages/airflow/example_dags/example_branch_day_of_week_operator.py
[2024-04-27T14:12:41.272+0000] {logging_mixin.py:151} INFO - [2024-04-27T14:12:41.272+0000] {dag.py:2907} INFO - Sync 1 DAGs
[2024-04-27T14:12:41.315+0000] {logging_mixin.py:151} INFO - [2024-04-27T14:12:41.315+0000] {dag.py:3677} INFO - Setting next_dagrun for example_weekday_branch_operator to 2024-04-26T00:00:00+00:00, run_after=2024-04-27T00:00:00+00:00
[2024-04-27T14:12:41.344+0000] {processor.py:179} INFO - Processing /home/airflow/.local/lib/python3.8/site-packages/airflow/example_dags/example_branch_day_of_week_operator.py took 0.140 seconds
[2024-04-27T14:13:11.565+0000] {processor.py:157} INFO - Started process (PID=237) to work on /home/airflow/.local/lib/python3.8/site-packages/airflow/example_dags/example_branch_day_of_week_operator.py
[2024-04-27T14:13:11.566+0000] {processor.py:829} INFO - Processing file /home/airflow/.local/lib/python3.8/site-packages/airflow/example_dags/example_branch_day_of_week_operator.py for tasks to queue
[2024-04-27T14:13:11.570+0000] {logging_mixin.py:151} INFO - [2024-04-27T14:13:11.569+0000] {dagbag.py:539} INFO - Filling up the DagBag from /home/airflow/.local/lib/python3.8/site-packages/airflow/example_dags/example_branch_day_of_week_operator.py
[2024-04-27T14:13:11.582+0000] {processor.py:839} INFO - DAG(s) dict_keys(['example_weekday_branch_operator']) retrieved from /home/airflow/.local/lib/python3.8/site-packages/airflow/example_dags/example_branch_day_of_week_operator.py
[2024-04-27T14:13:11.608+0000] {logging_mixin.py:151} INFO - [2024-04-27T14:13:11.608+0000] {dag.py:2907} INFO - Sync 1 DAGs
[2024-04-27T14:13:11.642+0000] {logging_mixin.py:151} INFO - [2024-04-27T14:13:11.642+0000] {dag.py:3677} INFO - Setting next_dagrun for example_weekday_branch_operator to 2024-04-26T00:00:00+00:00, run_after=2024-04-27T00:00:00+00:00
[2024-04-27T14:13:11.665+0000] {processor.py:179} INFO - Processing /home/airflow/.local/lib/python3.8/site-packages/airflow/example_dags/example_branch_day_of_week_operator.py took 0.107 seconds
[2024-04-27T14:13:41.954+0000] {processor.py:157} INFO - Started process (PID=299) to work on /home/airflow/.local/lib/python3.8/site-packages/airflow/example_dags/example_branch_day_of_week_operator.py
[2024-04-27T14:13:41.956+0000] {processor.py:829} INFO - Processing file /home/airflow/.local/lib/python3.8/site-packages/airflow/example_dags/example_branch_day_of_week_operator.py for tasks to queue
[2024-04-27T14:13:41.959+0000] {logging_mixin.py:151} INFO - [2024-04-27T14:13:41.959+0000] {dagbag.py:539} INFO - Filling up the DagBag from /home/airflow/.local/lib/python3.8/site-packages/airflow/example_dags/example_branch_day_of_week_operator.py
[2024-04-27T14:13:41.970+0000] {processor.py:839} INFO - DAG(s) dict_keys(['example_weekday_branch_operator']) retrieved from /home/airflow/.local/lib/python3.8/site-packages/airflow/example_dags/example_branch_day_of_week_operator.py
[2024-04-27T14:13:42.002+0000] {logging_mixin.py:151} INFO - [2024-04-27T14:13:42.001+0000] {dag.py:2907} INFO - Sync 1 DAGs
[2024-04-27T14:13:42.042+0000] {logging_mixin.py:151} INFO - [2024-04-27T14:13:42.042+0000] {dag.py:3677} INFO - Setting next_dagrun for example_weekday_branch_operator to 2024-04-26T00:00:00+00:00, run_after=2024-04-27T00:00:00+00:00
[2024-04-27T14:13:42.069+0000] {processor.py:179} INFO - Processing /home/airflow/.local/lib/python3.8/site-packages/airflow/example_dags/example_branch_day_of_week_operator.py took 0.119 seconds
[2024-04-27T14:14:12.301+0000] {processor.py:157} INFO - Started process (PID=363) to work on /home/airflow/.local/lib/python3.8/site-packages/airflow/example_dags/example_branch_day_of_week_operator.py
[2024-04-27T14:14:12.302+0000] {processor.py:829} INFO - Processing file /home/airflow/.local/lib/python3.8/site-packages/airflow/example_dags/example_branch_day_of_week_operator.py for tasks to queue
[2024-04-27T14:14:12.305+0000] {logging_mixin.py:151} INFO - [2024-04-27T14:14:12.304+0000] {dagbag.py:539} INFO - Filling up the DagBag from /home/airflow/.local/lib/python3.8/site-packages/airflow/example_dags/example_branch_day_of_week_operator.py
[2024-04-27T14:14:12.315+0000] {processor.py:839} INFO - DAG(s) dict_keys(['example_weekday_branch_operator']) retrieved from /home/airflow/.local/lib/python3.8/site-packages/airflow/example_dags/example_branch_day_of_week_operator.py
[2024-04-27T14:14:12.340+0000] {logging_mixin.py:151} INFO - [2024-04-27T14:14:12.340+0000] {dag.py:2907} INFO - Sync 1 DAGs
[2024-04-27T14:14:12.371+0000] {logging_mixin.py:151} INFO - [2024-04-27T14:14:12.370+0000] {dag.py:3677} INFO - Setting next_dagrun for example_weekday_branch_operator to 2024-04-26T00:00:00+00:00, run_after=2024-04-27T00:00:00+00:00
[2024-04-27T14:14:12.395+0000] {processor.py:179} INFO - Processing /home/airflow/.local/lib/python3.8/site-packages/airflow/example_dags/example_branch_day_of_week_operator.py took 0.100 seconds
[2024-04-27T14:14:42.701+0000] {processor.py:157} INFO - Started process (PID=435) to work on /home/airflow/.local/lib/python3.8/site-packages/airflow/example_dags/example_branch_day_of_week_operator.py
[2024-04-27T14:14:42.703+0000] {processor.py:829} INFO - Processing file /home/airflow/.local/lib/python3.8/site-packages/airflow/example_dags/example_branch_day_of_week_operator.py for tasks to queue
[2024-04-27T14:14:42.706+0000] {logging_mixin.py:151} INFO - [2024-04-27T14:14:42.706+0000] {dagbag.py:539} INFO - Filling up the DagBag from /home/airflow/.local/lib/python3.8/site-packages/airflow/example_dags/example_branch_day_of_week_operator.py
[2024-04-27T14:14:42.721+0000] {processor.py:839} INFO - DAG(s) dict_keys(['example_weekday_branch_operator']) retrieved from /home/airflow/.local/lib/python3.8/site-packages/airflow/example_dags/example_branch_day_of_week_operator.py
[2024-04-27T14:14:42.759+0000] {logging_mixin.py:151} INFO - [2024-04-27T14:14:42.759+0000] {dag.py:2907} INFO - Sync 1 DAGs
[2024-04-27T14:14:42.805+0000] {logging_mixin.py:151} INFO - [2024-04-27T14:14:42.805+0000] {dag.py:3677} INFO - Setting next_dagrun for example_weekday_branch_operator to 2024-04-26T00:00:00+00:00, run_after=2024-04-27T00:00:00+00:00
[2024-04-27T14:14:42.845+0000] {processor.py:179} INFO - Processing /home/airflow/.local/lib/python3.8/site-packages/airflow/example_dags/example_branch_day_of_week_operator.py took 0.149 seconds
[2024-04-27T14:15:12.883+0000] {processor.py:157} INFO - Started process (PID=499) to work on /home/airflow/.local/lib/python3.8/site-packages/airflow/example_dags/example_branch_day_of_week_operator.py
[2024-04-27T14:15:12.884+0000] {processor.py:829} INFO - Processing file /home/airflow/.local/lib/python3.8/site-packages/airflow/example_dags/example_branch_day_of_week_operator.py for tasks to queue
[2024-04-27T14:15:12.886+0000] {logging_mixin.py:151} INFO - [2024-04-27T14:15:12.886+0000] {dagbag.py:539} INFO - Filling up the DagBag from /home/airflow/.local/lib/python3.8/site-packages/airflow/example_dags/example_branch_day_of_week_operator.py
[2024-04-27T14:15:12.896+0000] {processor.py:839} INFO - DAG(s) dict_keys(['example_weekday_branch_operator']) retrieved from /home/airflow/.local/lib/python3.8/site-packages/airflow/example_dags/example_branch_day_of_week_operator.py
[2024-04-27T14:15:12.927+0000] {logging_mixin.py:151} INFO - [2024-04-27T14:15:12.927+0000] {dag.py:2907} INFO - Sync 1 DAGs
[2024-04-27T14:15:12.959+0000] {logging_mixin.py:151} INFO - [2024-04-27T14:15:12.959+0000] {dag.py:3677} INFO - Setting next_dagrun for example_weekday_branch_operator to 2024-04-26T00:00:00+00:00, run_after=2024-04-27T00:00:00+00:00
[2024-04-27T14:15:12.982+0000] {processor.py:179} INFO - Processing /home/airflow/.local/lib/python3.8/site-packages/airflow/example_dags/example_branch_day_of_week_operator.py took 0.103 seconds
[2024-04-27T14:15:43.477+0000] {processor.py:157} INFO - Started process (PID=565) to work on /home/airflow/.local/lib/python3.8/site-packages/airflow/example_dags/example_branch_day_of_week_operator.py
[2024-04-27T14:15:43.478+0000] {processor.py:829} INFO - Processing file /home/airflow/.local/lib/python3.8/site-packages/airflow/example_dags/example_branch_day_of_week_operator.py for tasks to queue
[2024-04-27T14:15:43.482+0000] {logging_mixin.py:151} INFO - [2024-04-27T14:15:43.481+0000] {dagbag.py:539} INFO - Filling up the DagBag from /home/airflow/.local/lib/python3.8/site-packages/airflow/example_dags/example_branch_day_of_week_operator.py
[2024-04-27T14:15:43.494+0000] {processor.py:839} INFO - DAG(s) dict_keys(['example_weekday_branch_operator']) retrieved from /home/airflow/.local/lib/python3.8/site-packages/airflow/example_dags/example_branch_day_of_week_operator.py
[2024-04-27T14:15:43.519+0000] {logging_mixin.py:151} INFO - [2024-04-27T14:15:43.519+0000] {dag.py:2907} INFO - Sync 1 DAGs
[2024-04-27T14:15:43.552+0000] {logging_mixin.py:151} INFO - [2024-04-27T14:15:43.552+0000] {dag.py:3677} INFO - Setting next_dagrun for example_weekday_branch_operator to 2024-04-26T00:00:00+00:00, run_after=2024-04-27T00:00:00+00:00
[2024-04-27T14:15:43.572+0000] {processor.py:179} INFO - Processing /home/airflow/.local/lib/python3.8/site-packages/airflow/example_dags/example_branch_day_of_week_operator.py took 0.100 seconds
[2024-04-27T14:16:13.999+0000] {processor.py:157} INFO - Started process (PID=636) to work on /home/airflow/.local/lib/python3.8/site-packages/airflow/example_dags/example_branch_day_of_week_operator.py
[2024-04-27T14:16:14.002+0000] {processor.py:829} INFO - Processing file /home/airflow/.local/lib/python3.8/site-packages/airflow/example_dags/example_branch_day_of_week_operator.py for tasks to queue
[2024-04-27T14:16:14.005+0000] {logging_mixin.py:151} INFO - [2024-04-27T14:16:14.005+0000] {dagbag.py:539} INFO - Filling up the DagBag from /home/airflow/.local/lib/python3.8/site-packages/airflow/example_dags/example_branch_day_of_week_operator.py
[2024-04-27T14:16:14.019+0000] {processor.py:839} INFO - DAG(s) dict_keys(['example_weekday_branch_operator']) retrieved from /home/airflow/.local/lib/python3.8/site-packages/airflow/example_dags/example_branch_day_of_week_operator.py
[2024-04-27T14:16:14.057+0000] {logging_mixin.py:151} INFO - [2024-04-27T14:16:14.056+0000] {dag.py:2907} INFO - Sync 1 DAGs
[2024-04-27T14:16:14.101+0000] {logging_mixin.py:151} INFO - [2024-04-27T14:16:14.101+0000] {dag.py:3677} INFO - Setting next_dagrun for example_weekday_branch_operator to 2024-04-26T00:00:00+00:00, run_after=2024-04-27T00:00:00+00:00
[2024-04-27T14:16:14.127+0000] {processor.py:179} INFO - Processing /home/airflow/.local/lib/python3.8/site-packages/airflow/example_dags/example_branch_day_of_week_operator.py took 0.135 seconds
[2024-04-27T14:16:44.757+0000] {processor.py:157} INFO - Started process (PID=701) to work on /home/airflow/.local/lib/python3.8/site-packages/airflow/example_dags/example_branch_day_of_week_operator.py
[2024-04-27T14:16:44.760+0000] {processor.py:829} INFO - Processing file /home/airflow/.local/lib/python3.8/site-packages/airflow/example_dags/example_branch_day_of_week_operator.py for tasks to queue
[2024-04-27T14:16:44.772+0000] {logging_mixin.py:151} INFO - [2024-04-27T14:16:44.768+0000] {dagbag.py:539} INFO - Filling up the DagBag from /home/airflow/.local/lib/python3.8/site-packages/airflow/example_dags/example_branch_day_of_week_operator.py
[2024-04-27T14:16:44.789+0000] {processor.py:839} INFO - DAG(s) dict_keys(['example_weekday_branch_operator']) retrieved from /home/airflow/.local/lib/python3.8/site-packages/airflow/example_dags/example_branch_day_of_week_operator.py
[2024-04-27T14:16:44.834+0000] {logging_mixin.py:151} INFO - [2024-04-27T14:16:44.833+0000] {dag.py:2907} INFO - Sync 1 DAGs
[2024-04-27T14:16:44.893+0000] {logging_mixin.py:151} INFO - [2024-04-27T14:16:44.892+0000] {dag.py:3677} INFO - Setting next_dagrun for example_weekday_branch_operator to 2024-04-26T00:00:00+00:00, run_after=2024-04-27T00:00:00+00:00
[2024-04-27T14:16:44.936+0000] {processor.py:179} INFO - Processing /home/airflow/.local/lib/python3.8/site-packages/airflow/example_dags/example_branch_day_of_week_operator.py took 0.185 seconds
[2024-04-27T14:17:15.063+0000] {processor.py:157} INFO - Started process (PID=765) to work on /home/airflow/.local/lib/python3.8/site-packages/airflow/example_dags/example_branch_day_of_week_operator.py
[2024-04-27T14:17:15.064+0000] {processor.py:829} INFO - Processing file /home/airflow/.local/lib/python3.8/site-packages/airflow/example_dags/example_branch_day_of_week_operator.py for tasks to queue
[2024-04-27T14:17:15.066+0000] {logging_mixin.py:151} INFO - [2024-04-27T14:17:15.066+0000] {dagbag.py:539} INFO - Filling up the DagBag from /home/airflow/.local/lib/python3.8/site-packages/airflow/example_dags/example_branch_day_of_week_operator.py
[2024-04-27T14:17:15.077+0000] {processor.py:839} INFO - DAG(s) dict_keys(['example_weekday_branch_operator']) retrieved from /home/airflow/.local/lib/python3.8/site-packages/airflow/example_dags/example_branch_day_of_week_operator.py
[2024-04-27T14:17:15.102+0000] {logging_mixin.py:151} INFO - [2024-04-27T14:17:15.102+0000] {dag.py:2907} INFO - Sync 1 DAGs
[2024-04-27T14:17:15.130+0000] {logging_mixin.py:151} INFO - [2024-04-27T14:17:15.129+0000] {dag.py:3677} INFO - Setting next_dagrun for example_weekday_branch_operator to 2024-04-26T00:00:00+00:00, run_after=2024-04-27T00:00:00+00:00
[2024-04-27T14:17:15.152+0000] {processor.py:179} INFO - Processing /home/airflow/.local/lib/python3.8/site-packages/airflow/example_dags/example_branch_day_of_week_operator.py took 0.094 seconds
[2024-04-27T14:17:45.424+0000] {processor.py:157} INFO - Started process (PID=829) to work on /home/airflow/.local/lib/python3.8/site-packages/airflow/example_dags/example_branch_day_of_week_operator.py
[2024-04-27T14:17:45.426+0000] {processor.py:829} INFO - Processing file /home/airflow/.local/lib/python3.8/site-packages/airflow/example_dags/example_branch_day_of_week_operator.py for tasks to queue
[2024-04-27T14:17:45.428+0000] {logging_mixin.py:151} INFO - [2024-04-27T14:17:45.428+0000] {dagbag.py:539} INFO - Filling up the DagBag from /home/airflow/.local/lib/python3.8/site-packages/airflow/example_dags/example_branch_day_of_week_operator.py
[2024-04-27T14:17:45.439+0000] {processor.py:839} INFO - DAG(s) dict_keys(['example_weekday_branch_operator']) retrieved from /home/airflow/.local/lib/python3.8/site-packages/airflow/example_dags/example_branch_day_of_week_operator.py
[2024-04-27T14:17:45.467+0000] {logging_mixin.py:151} INFO - [2024-04-27T14:17:45.467+0000] {dag.py:2907} INFO - Sync 1 DAGs
[2024-04-27T14:17:45.495+0000] {logging_mixin.py:151} INFO - [2024-04-27T14:17:45.494+0000] {dag.py:3677} INFO - Setting next_dagrun for example_weekday_branch_operator to 2024-04-26T00:00:00+00:00, run_after=2024-04-27T00:00:00+00:00
[2024-04-27T14:17:45.516+0000] {processor.py:179} INFO - Processing /home/airflow/.local/lib/python3.8/site-packages/airflow/example_dags/example_branch_day_of_week_operator.py took 0.096 seconds
[2024-04-27T14:18:15.848+0000] {processor.py:157} INFO - Started process (PID=893) to work on /home/airflow/.local/lib/python3.8/site-packages/airflow/example_dags/example_branch_day_of_week_operator.py
[2024-04-27T14:18:15.849+0000] {processor.py:829} INFO - Processing file /home/airflow/.local/lib/python3.8/site-packages/airflow/example_dags/example_branch_day_of_week_operator.py for tasks to queue
[2024-04-27T14:18:15.852+0000] {logging_mixin.py:151} INFO - [2024-04-27T14:18:15.852+0000] {dagbag.py:539} INFO - Filling up the DagBag from /home/airflow/.local/lib/python3.8/site-packages/airflow/example_dags/example_branch_day_of_week_operator.py
[2024-04-27T14:18:15.863+0000] {processor.py:839} INFO - DAG(s) dict_keys(['example_weekday_branch_operator']) retrieved from /home/airflow/.local/lib/python3.8/site-packages/airflow/example_dags/example_branch_day_of_week_operator.py
[2024-04-27T14:18:15.889+0000] {logging_mixin.py:151} INFO - [2024-04-27T14:18:15.889+0000] {dag.py:2907} INFO - Sync 1 DAGs
[2024-04-27T14:18:15.917+0000] {logging_mixin.py:151} INFO - [2024-04-27T14:18:15.917+0000] {dag.py:3677} INFO - Setting next_dagrun for example_weekday_branch_operator to 2024-04-26T00:00:00+00:00, run_after=2024-04-27T00:00:00+00:00
[2024-04-27T14:18:15.939+0000] {processor.py:179} INFO - Processing /home/airflow/.local/lib/python3.8/site-packages/airflow/example_dags/example_branch_day_of_week_operator.py took 0.097 seconds
[2024-04-27T14:18:46.031+0000] {processor.py:157} INFO - Started process (PID=963) to work on /home/airflow/.local/lib/python3.8/site-packages/airflow/example_dags/example_branch_day_of_week_operator.py
[2024-04-27T14:18:46.032+0000] {processor.py:829} INFO - Processing file /home/airflow/.local/lib/python3.8/site-packages/airflow/example_dags/example_branch_day_of_week_operator.py for tasks to queue
[2024-04-27T14:18:46.036+0000] {logging_mixin.py:151} INFO - [2024-04-27T14:18:46.035+0000] {dagbag.py:539} INFO - Filling up the DagBag from /home/airflow/.local/lib/python3.8/site-packages/airflow/example_dags/example_branch_day_of_week_operator.py
[2024-04-27T14:18:46.050+0000] {processor.py:839} INFO - DAG(s) dict_keys(['example_weekday_branch_operator']) retrieved from /home/airflow/.local/lib/python3.8/site-packages/airflow/example_dags/example_branch_day_of_week_operator.py
[2024-04-27T14:18:46.087+0000] {logging_mixin.py:151} INFO - [2024-04-27T14:18:46.087+0000] {dag.py:2907} INFO - Sync 1 DAGs
[2024-04-27T14:18:46.131+0000] {logging_mixin.py:151} INFO - [2024-04-27T14:18:46.131+0000] {dag.py:3677} INFO - Setting next_dagrun for example_weekday_branch_operator to 2024-04-26T00:00:00+00:00, run_after=2024-04-27T00:00:00+00:00
[2024-04-27T14:18:46.163+0000] {processor.py:179} INFO - Processing /home/airflow/.local/lib/python3.8/site-packages/airflow/example_dags/example_branch_day_of_week_operator.py took 0.136 seconds
[2024-04-27T14:19:17.024+0000] {processor.py:157} INFO - Started process (PID=1027) to work on /home/airflow/.local/lib/python3.8/site-packages/airflow/example_dags/example_branch_day_of_week_operator.py
[2024-04-27T14:19:17.026+0000] {processor.py:829} INFO - Processing file /home/airflow/.local/lib/python3.8/site-packages/airflow/example_dags/example_branch_day_of_week_operator.py for tasks to queue
[2024-04-27T14:19:17.030+0000] {logging_mixin.py:151} INFO - [2024-04-27T14:19:17.030+0000] {dagbag.py:539} INFO - Filling up the DagBag from /home/airflow/.local/lib/python3.8/site-packages/airflow/example_dags/example_branch_day_of_week_operator.py
[2024-04-27T14:19:17.044+0000] {processor.py:839} INFO - DAG(s) dict_keys(['example_weekday_branch_operator']) retrieved from /home/airflow/.local/lib/python3.8/site-packages/airflow/example_dags/example_branch_day_of_week_operator.py
[2024-04-27T14:19:17.073+0000] {logging_mixin.py:151} INFO - [2024-04-27T14:19:17.072+0000] {dag.py:2907} INFO - Sync 1 DAGs
[2024-04-27T14:19:17.110+0000] {logging_mixin.py:151} INFO - [2024-04-27T14:19:17.109+0000] {dag.py:3677} INFO - Setting next_dagrun for example_weekday_branch_operator to 2024-04-26T00:00:00+00:00, run_after=2024-04-27T00:00:00+00:00
[2024-04-27T14:19:17.133+0000] {processor.py:179} INFO - Processing /home/airflow/.local/lib/python3.8/site-packages/airflow/example_dags/example_branch_day_of_week_operator.py took 0.114 seconds
[2024-04-27T14:19:47.232+0000] {processor.py:157} INFO - Started process (PID=1089) to work on /home/airflow/.local/lib/python3.8/site-packages/airflow/example_dags/example_branch_day_of_week_operator.py
[2024-04-27T14:19:47.234+0000] {processor.py:829} INFO - Processing file /home/airflow/.local/lib/python3.8/site-packages/airflow/example_dags/example_branch_day_of_week_operator.py for tasks to queue
[2024-04-27T14:19:47.239+0000] {logging_mixin.py:151} INFO - [2024-04-27T14:19:47.239+0000] {dagbag.py:539} INFO - Filling up the DagBag from /home/airflow/.local/lib/python3.8/site-packages/airflow/example_dags/example_branch_day_of_week_operator.py
[2024-04-27T14:19:47.254+0000] {processor.py:839} INFO - DAG(s) dict_keys(['example_weekday_branch_operator']) retrieved from /home/airflow/.local/lib/python3.8/site-packages/airflow/example_dags/example_branch_day_of_week_operator.py
[2024-04-27T14:19:47.284+0000] {logging_mixin.py:151} INFO - [2024-04-27T14:19:47.283+0000] {dag.py:2907} INFO - Sync 1 DAGs
[2024-04-27T14:19:47.318+0000] {logging_mixin.py:151} INFO - [2024-04-27T14:19:47.318+0000] {dag.py:3677} INFO - Setting next_dagrun for example_weekday_branch_operator to 2024-04-26T00:00:00+00:00, run_after=2024-04-27T00:00:00+00:00
[2024-04-27T14:19:47.347+0000] {processor.py:179} INFO - Processing /home/airflow/.local/lib/python3.8/site-packages/airflow/example_dags/example_branch_day_of_week_operator.py took 0.128 seconds
[2024-04-27T14:20:17.643+0000] {processor.py:157} INFO - Started process (PID=1160) to work on /home/airflow/.local/lib/python3.8/site-packages/airflow/example_dags/example_branch_day_of_week_operator.py
[2024-04-27T14:20:17.645+0000] {processor.py:829} INFO - Processing file /home/airflow/.local/lib/python3.8/site-packages/airflow/example_dags/example_branch_day_of_week_operator.py for tasks to queue
[2024-04-27T14:20:17.648+0000] {logging_mixin.py:151} INFO - [2024-04-27T14:20:17.648+0000] {dagbag.py:539} INFO - Filling up the DagBag from /home/airflow/.local/lib/python3.8/site-packages/airflow/example_dags/example_branch_day_of_week_operator.py
[2024-04-27T14:20:17.657+0000] {processor.py:839} INFO - DAG(s) dict_keys(['example_weekday_branch_operator']) retrieved from /home/airflow/.local/lib/python3.8/site-packages/airflow/example_dags/example_branch_day_of_week_operator.py
[2024-04-27T14:20:17.683+0000] {logging_mixin.py:151} INFO - [2024-04-27T14:20:17.683+0000] {dag.py:2907} INFO - Sync 1 DAGs
[2024-04-27T14:20:17.713+0000] {logging_mixin.py:151} INFO - [2024-04-27T14:20:17.713+0000] {dag.py:3677} INFO - Setting next_dagrun for example_weekday_branch_operator to 2024-04-26T00:00:00+00:00, run_after=2024-04-27T00:00:00+00:00
[2024-04-27T14:20:17.734+0000] {processor.py:179} INFO - Processing /home/airflow/.local/lib/python3.8/site-packages/airflow/example_dags/example_branch_day_of_week_operator.py took 0.096 seconds
[2024-04-27T14:20:47.826+0000] {processor.py:157} INFO - Started process (PID=1226) to work on /home/airflow/.local/lib/python3.8/site-packages/airflow/example_dags/example_branch_day_of_week_operator.py
[2024-04-27T14:20:47.827+0000] {processor.py:829} INFO - Processing file /home/airflow/.local/lib/python3.8/site-packages/airflow/example_dags/example_branch_day_of_week_operator.py for tasks to queue
[2024-04-27T14:20:47.831+0000] {logging_mixin.py:151} INFO - [2024-04-27T14:20:47.831+0000] {dagbag.py:539} INFO - Filling up the DagBag from /home/airflow/.local/lib/python3.8/site-packages/airflow/example_dags/example_branch_day_of_week_operator.py
[2024-04-27T14:20:47.844+0000] {processor.py:839} INFO - DAG(s) dict_keys(['example_weekday_branch_operator']) retrieved from /home/airflow/.local/lib/python3.8/site-packages/airflow/example_dags/example_branch_day_of_week_operator.py
[2024-04-27T14:20:47.885+0000] {logging_mixin.py:151} INFO - [2024-04-27T14:20:47.885+0000] {dag.py:2907} INFO - Sync 1 DAGs
[2024-04-27T14:20:47.940+0000] {logging_mixin.py:151} INFO - [2024-04-27T14:20:47.938+0000] {dag.py:3677} INFO - Setting next_dagrun for example_weekday_branch_operator to 2024-04-26T00:00:00+00:00, run_after=2024-04-27T00:00:00+00:00
[2024-04-27T14:20:47.973+0000] {processor.py:179} INFO - Processing /home/airflow/.local/lib/python3.8/site-packages/airflow/example_dags/example_branch_day_of_week_operator.py took 0.153 seconds
[2024-04-27T14:21:18.298+0000] {processor.py:157} INFO - Started process (PID=1289) to work on /home/airflow/.local/lib/python3.8/site-packages/airflow/example_dags/example_branch_day_of_week_operator.py
[2024-04-27T14:21:18.299+0000] {processor.py:829} INFO - Processing file /home/airflow/.local/lib/python3.8/site-packages/airflow/example_dags/example_branch_day_of_week_operator.py for tasks to queue
[2024-04-27T14:21:18.302+0000] {logging_mixin.py:151} INFO - [2024-04-27T14:21:18.302+0000] {dagbag.py:539} INFO - Filling up the DagBag from /home/airflow/.local/lib/python3.8/site-packages/airflow/example_dags/example_branch_day_of_week_operator.py
[2024-04-27T14:21:18.312+0000] {processor.py:839} INFO - DAG(s) dict_keys(['example_weekday_branch_operator']) retrieved from /home/airflow/.local/lib/python3.8/site-packages/airflow/example_dags/example_branch_day_of_week_operator.py
[2024-04-27T14:21:18.338+0000] {logging_mixin.py:151} INFO - [2024-04-27T14:21:18.338+0000] {dag.py:2907} INFO - Sync 1 DAGs
[2024-04-27T14:21:18.368+0000] {logging_mixin.py:151} INFO - [2024-04-27T14:21:18.368+0000] {dag.py:3677} INFO - Setting next_dagrun for example_weekday_branch_operator to 2024-04-26T00:00:00+00:00, run_after=2024-04-27T00:00:00+00:00
[2024-04-27T14:21:18.394+0000] {processor.py:179} INFO - Processing /home/airflow/.local/lib/python3.8/site-packages/airflow/example_dags/example_branch_day_of_week_operator.py took 0.101 seconds
[2024-04-27T14:21:48.482+0000] {processor.py:157} INFO - Started process (PID=1362) to work on /home/airflow/.local/lib/python3.8/site-packages/airflow/example_dags/example_branch_day_of_week_operator.py
[2024-04-27T14:21:48.483+0000] {processor.py:829} INFO - Processing file /home/airflow/.local/lib/python3.8/site-packages/airflow/example_dags/example_branch_day_of_week_operator.py for tasks to queue
[2024-04-27T14:21:48.487+0000] {logging_mixin.py:151} INFO - [2024-04-27T14:21:48.487+0000] {dagbag.py:539} INFO - Filling up the DagBag from /home/airflow/.local/lib/python3.8/site-packages/airflow/example_dags/example_branch_day_of_week_operator.py
[2024-04-27T14:21:48.500+0000] {processor.py:839} INFO - DAG(s) dict_keys(['example_weekday_branch_operator']) retrieved from /home/airflow/.local/lib/python3.8/site-packages/airflow/example_dags/example_branch_day_of_week_operator.py
[2024-04-27T14:21:48.535+0000] {logging_mixin.py:151} INFO - [2024-04-27T14:21:48.535+0000] {dag.py:2907} INFO - Sync 1 DAGs
[2024-04-27T14:21:48.610+0000] {logging_mixin.py:151} INFO - [2024-04-27T14:21:48.610+0000] {dag.py:3677} INFO - Setting next_dagrun for example_weekday_branch_operator to 2024-04-26T00:00:00+00:00, run_after=2024-04-27T00:00:00+00:00
[2024-04-27T14:21:48.646+0000] {processor.py:179} INFO - Processing /home/airflow/.local/lib/python3.8/site-packages/airflow/example_dags/example_branch_day_of_week_operator.py took 0.169 seconds
[2024-04-27T14:22:18.975+0000] {processor.py:157} INFO - Started process (PID=1427) to work on /home/airflow/.local/lib/python3.8/site-packages/airflow/example_dags/example_branch_day_of_week_operator.py
[2024-04-27T14:22:18.976+0000] {processor.py:829} INFO - Processing file /home/airflow/.local/lib/python3.8/site-packages/airflow/example_dags/example_branch_day_of_week_operator.py for tasks to queue
[2024-04-27T14:22:18.980+0000] {logging_mixin.py:151} INFO - [2024-04-27T14:22:18.979+0000] {dagbag.py:539} INFO - Filling up the DagBag from /home/airflow/.local/lib/python3.8/site-packages/airflow/example_dags/example_branch_day_of_week_operator.py
[2024-04-27T14:22:18.990+0000] {processor.py:839} INFO - DAG(s) dict_keys(['example_weekday_branch_operator']) retrieved from /home/airflow/.local/lib/python3.8/site-packages/airflow/example_dags/example_branch_day_of_week_operator.py
[2024-04-27T14:22:19.016+0000] {logging_mixin.py:151} INFO - [2024-04-27T14:22:19.016+0000] {dag.py:2907} INFO - Sync 1 DAGs
[2024-04-27T14:22:19.047+0000] {logging_mixin.py:151} INFO - [2024-04-27T14:22:19.047+0000] {dag.py:3677} INFO - Setting next_dagrun for example_weekday_branch_operator to 2024-04-26T00:00:00+00:00, run_after=2024-04-27T00:00:00+00:00
[2024-04-27T14:22:19.071+0000] {processor.py:179} INFO - Processing /home/airflow/.local/lib/python3.8/site-packages/airflow/example_dags/example_branch_day_of_week_operator.py took 0.102 seconds
[2024-04-27T14:22:49.332+0000] {processor.py:157} INFO - Started process (PID=1490) to work on /home/airflow/.local/lib/python3.8/site-packages/airflow/example_dags/example_branch_day_of_week_operator.py
[2024-04-27T14:22:49.333+0000] {processor.py:829} INFO - Processing file /home/airflow/.local/lib/python3.8/site-packages/airflow/example_dags/example_branch_day_of_week_operator.py for tasks to queue
[2024-04-27T14:22:49.337+0000] {logging_mixin.py:151} INFO - [2024-04-27T14:22:49.336+0000] {dagbag.py:539} INFO - Filling up the DagBag from /home/airflow/.local/lib/python3.8/site-packages/airflow/example_dags/example_branch_day_of_week_operator.py
[2024-04-27T14:22:49.349+0000] {processor.py:839} INFO - DAG(s) dict_keys(['example_weekday_branch_operator']) retrieved from /home/airflow/.local/lib/python3.8/site-packages/airflow/example_dags/example_branch_day_of_week_operator.py
[2024-04-27T14:22:49.373+0000] {logging_mixin.py:151} INFO - [2024-04-27T14:22:49.373+0000] {dag.py:2907} INFO - Sync 1 DAGs
[2024-04-27T14:22:49.401+0000] {logging_mixin.py:151} INFO - [2024-04-27T14:22:49.400+0000] {dag.py:3677} INFO - Setting next_dagrun for example_weekday_branch_operator to 2024-04-26T00:00:00+00:00, run_after=2024-04-27T00:00:00+00:00
[2024-04-27T14:22:49.422+0000] {processor.py:179} INFO - Processing /home/airflow/.local/lib/python3.8/site-packages/airflow/example_dags/example_branch_day_of_week_operator.py took 0.093 seconds
[2024-04-27T14:23:19.602+0000] {processor.py:157} INFO - Started process (PID=1562) to work on /home/airflow/.local/lib/python3.8/site-packages/airflow/example_dags/example_branch_day_of_week_operator.py
[2024-04-27T14:23:19.603+0000] {processor.py:829} INFO - Processing file /home/airflow/.local/lib/python3.8/site-packages/airflow/example_dags/example_branch_day_of_week_operator.py for tasks to queue
[2024-04-27T14:23:19.605+0000] {logging_mixin.py:151} INFO - [2024-04-27T14:23:19.605+0000] {dagbag.py:539} INFO - Filling up the DagBag from /home/airflow/.local/lib/python3.8/site-packages/airflow/example_dags/example_branch_day_of_week_operator.py
[2024-04-27T14:23:19.616+0000] {processor.py:839} INFO - DAG(s) dict_keys(['example_weekday_branch_operator']) retrieved from /home/airflow/.local/lib/python3.8/site-packages/airflow/example_dags/example_branch_day_of_week_operator.py
[2024-04-27T14:23:19.647+0000] {logging_mixin.py:151} INFO - [2024-04-27T14:23:19.647+0000] {dag.py:2907} INFO - Sync 1 DAGs
[2024-04-27T14:23:19.676+0000] {logging_mixin.py:151} INFO - [2024-04-27T14:23:19.676+0000] {dag.py:3677} INFO - Setting next_dagrun for example_weekday_branch_operator to 2024-04-26T00:00:00+00:00, run_after=2024-04-27T00:00:00+00:00
[2024-04-27T14:23:19.699+0000] {processor.py:179} INFO - Processing /home/airflow/.local/lib/python3.8/site-packages/airflow/example_dags/example_branch_day_of_week_operator.py took 0.102 seconds
[2024-04-27T14:23:50.239+0000] {processor.py:157} INFO - Started process (PID=1627) to work on /home/airflow/.local/lib/python3.8/site-packages/airflow/example_dags/example_branch_day_of_week_operator.py
[2024-04-27T14:23:50.240+0000] {processor.py:829} INFO - Processing file /home/airflow/.local/lib/python3.8/site-packages/airflow/example_dags/example_branch_day_of_week_operator.py for tasks to queue
[2024-04-27T14:23:50.244+0000] {logging_mixin.py:151} INFO - [2024-04-27T14:23:50.244+0000] {dagbag.py:539} INFO - Filling up the DagBag from /home/airflow/.local/lib/python3.8/site-packages/airflow/example_dags/example_branch_day_of_week_operator.py
[2024-04-27T14:23:50.258+0000] {processor.py:839} INFO - DAG(s) dict_keys(['example_weekday_branch_operator']) retrieved from /home/airflow/.local/lib/python3.8/site-packages/airflow/example_dags/example_branch_day_of_week_operator.py
[2024-04-27T14:23:50.304+0000] {logging_mixin.py:151} INFO - [2024-04-27T14:23:50.303+0000] {dag.py:2907} INFO - Sync 1 DAGs
[2024-04-27T14:23:50.351+0000] {logging_mixin.py:151} INFO - [2024-04-27T14:23:50.350+0000] {dag.py:3677} INFO - Setting next_dagrun for example_weekday_branch_operator to 2024-04-26T00:00:00+00:00, run_after=2024-04-27T00:00:00+00:00
[2024-04-27T14:23:50.382+0000] {processor.py:179} INFO - Processing /home/airflow/.local/lib/python3.8/site-packages/airflow/example_dags/example_branch_day_of_week_operator.py took 0.148 seconds
[2024-04-27T14:24:20.749+0000] {processor.py:157} INFO - Started process (PID=1691) to work on /home/airflow/.local/lib/python3.8/site-packages/airflow/example_dags/example_branch_day_of_week_operator.py
[2024-04-27T14:24:20.750+0000] {processor.py:829} INFO - Processing file /home/airflow/.local/lib/python3.8/site-packages/airflow/example_dags/example_branch_day_of_week_operator.py for tasks to queue
[2024-04-27T14:24:20.753+0000] {logging_mixin.py:151} INFO - [2024-04-27T14:24:20.752+0000] {dagbag.py:539} INFO - Filling up the DagBag from /home/airflow/.local/lib/python3.8/site-packages/airflow/example_dags/example_branch_day_of_week_operator.py
[2024-04-27T14:24:20.765+0000] {processor.py:839} INFO - DAG(s) dict_keys(['example_weekday_branch_operator']) retrieved from /home/airflow/.local/lib/python3.8/site-packages/airflow/example_dags/example_branch_day_of_week_operator.py
[2024-04-27T14:24:20.797+0000] {logging_mixin.py:151} INFO - [2024-04-27T14:24:20.797+0000] {dag.py:2907} INFO - Sync 1 DAGs
[2024-04-27T14:24:20.830+0000] {logging_mixin.py:151} INFO - [2024-04-27T14:24:20.830+0000] {dag.py:3677} INFO - Setting next_dagrun for example_weekday_branch_operator to 2024-04-26T00:00:00+00:00, run_after=2024-04-27T00:00:00+00:00
[2024-04-27T14:24:20.854+0000] {processor.py:179} INFO - Processing /home/airflow/.local/lib/python3.8/site-packages/airflow/example_dags/example_branch_day_of_week_operator.py took 0.112 seconds
[2024-04-27T14:24:51.344+0000] {processor.py:157} INFO - Started process (PID=1763) to work on /home/airflow/.local/lib/python3.8/site-packages/airflow/example_dags/example_branch_day_of_week_operator.py
[2024-04-27T14:24:51.345+0000] {processor.py:829} INFO - Processing file /home/airflow/.local/lib/python3.8/site-packages/airflow/example_dags/example_branch_day_of_week_operator.py for tasks to queue
[2024-04-27T14:24:51.348+0000] {logging_mixin.py:151} INFO - [2024-04-27T14:24:51.348+0000] {dagbag.py:539} INFO - Filling up the DagBag from /home/airflow/.local/lib/python3.8/site-packages/airflow/example_dags/example_branch_day_of_week_operator.py
[2024-04-27T14:24:51.364+0000] {processor.py:839} INFO - DAG(s) dict_keys(['example_weekday_branch_operator']) retrieved from /home/airflow/.local/lib/python3.8/site-packages/airflow/example_dags/example_branch_day_of_week_operator.py
[2024-04-27T14:24:51.400+0000] {logging_mixin.py:151} INFO - [2024-04-27T14:24:51.400+0000] {dag.py:2907} INFO - Sync 1 DAGs
[2024-04-27T14:24:51.447+0000] {logging_mixin.py:151} INFO - [2024-04-27T14:24:51.446+0000] {dag.py:3677} INFO - Setting next_dagrun for example_weekday_branch_operator to 2024-04-26T00:00:00+00:00, run_after=2024-04-27T00:00:00+00:00
[2024-04-27T14:24:51.476+0000] {processor.py:179} INFO - Processing /home/airflow/.local/lib/python3.8/site-packages/airflow/example_dags/example_branch_day_of_week_operator.py took 0.138 seconds
[2024-04-27T14:25:21.957+0000] {processor.py:157} INFO - Started process (PID=1826) to work on /home/airflow/.local/lib/python3.8/site-packages/airflow/example_dags/example_branch_day_of_week_operator.py
[2024-04-27T14:25:21.958+0000] {processor.py:829} INFO - Processing file /home/airflow/.local/lib/python3.8/site-packages/airflow/example_dags/example_branch_day_of_week_operator.py for tasks to queue
[2024-04-27T14:25:21.960+0000] {logging_mixin.py:151} INFO - [2024-04-27T14:25:21.960+0000] {dagbag.py:539} INFO - Filling up the DagBag from /home/airflow/.local/lib/python3.8/site-packages/airflow/example_dags/example_branch_day_of_week_operator.py
[2024-04-27T14:25:21.970+0000] {processor.py:839} INFO - DAG(s) dict_keys(['example_weekday_branch_operator']) retrieved from /home/airflow/.local/lib/python3.8/site-packages/airflow/example_dags/example_branch_day_of_week_operator.py
[2024-04-27T14:25:22.000+0000] {logging_mixin.py:151} INFO - [2024-04-27T14:25:22.000+0000] {dag.py:2907} INFO - Sync 1 DAGs
[2024-04-27T14:25:22.031+0000] {logging_mixin.py:151} INFO - [2024-04-27T14:25:22.030+0000] {dag.py:3677} INFO - Setting next_dagrun for example_weekday_branch_operator to 2024-04-26T00:00:00+00:00, run_after=2024-04-27T00:00:00+00:00
[2024-04-27T14:25:22.054+0000] {processor.py:179} INFO - Processing /home/airflow/.local/lib/python3.8/site-packages/airflow/example_dags/example_branch_day_of_week_operator.py took 0.100 seconds
[2024-04-27T14:25:52.918+0000] {processor.py:157} INFO - Started process (PID=1900) to work on /home/airflow/.local/lib/python3.8/site-packages/airflow/example_dags/example_branch_day_of_week_operator.py
[2024-04-27T14:25:52.919+0000] {processor.py:829} INFO - Processing file /home/airflow/.local/lib/python3.8/site-packages/airflow/example_dags/example_branch_day_of_week_operator.py for tasks to queue
[2024-04-27T14:25:52.922+0000] {logging_mixin.py:151} INFO - [2024-04-27T14:25:52.922+0000] {dagbag.py:539} INFO - Filling up the DagBag from /home/airflow/.local/lib/python3.8/site-packages/airflow/example_dags/example_branch_day_of_week_operator.py
[2024-04-27T14:25:52.940+0000] {processor.py:839} INFO - DAG(s) dict_keys(['example_weekday_branch_operator']) retrieved from /home/airflow/.local/lib/python3.8/site-packages/airflow/example_dags/example_branch_day_of_week_operator.py
[2024-04-27T14:25:52.983+0000] {logging_mixin.py:151} INFO - [2024-04-27T14:25:52.983+0000] {dag.py:2907} INFO - Sync 1 DAGs
[2024-04-27T14:25:53.030+0000] {logging_mixin.py:151} INFO - [2024-04-27T14:25:53.030+0000] {dag.py:3677} INFO - Setting next_dagrun for example_weekday_branch_operator to 2024-04-26T00:00:00+00:00, run_after=2024-04-27T00:00:00+00:00
[2024-04-27T14:25:53.059+0000] {processor.py:179} INFO - Processing /home/airflow/.local/lib/python3.8/site-packages/airflow/example_dags/example_branch_day_of_week_operator.py took 0.148 seconds
