[2024-04-27T14:03:19.318+0000] {processor.py:157} INFO - Started process (PID=68) to work on /home/airflow/.local/lib/python3.8/site-packages/airflow/example_dags/example_params_ui_tutorial.py
[2024-04-27T14:03:19.319+0000] {processor.py:829} INFO - Processing file /home/airflow/.local/lib/python3.8/site-packages/airflow/example_dags/example_params_ui_tutorial.py for tasks to queue
[2024-04-27T14:03:19.323+0000] {logging_mixin.py:151} INFO - [2024-04-27T14:03:19.322+0000] {dagbag.py:539} INFO - Filling up the DagBag from /home/airflow/.local/lib/python3.8/site-packages/airflow/example_dags/example_params_ui_tutorial.py
[2024-04-27T14:03:19.391+0000] {processor.py:839} INFO - DAG(s) dict_keys(['example_params_ui_tutorial']) retrieved from /home/airflow/.local/lib/python3.8/site-packages/airflow/example_dags/example_params_ui_tutorial.py
[2024-04-27T14:03:19.721+0000] {logging_mixin.py:151} INFO - [2024-04-27T14:03:19.721+0000] {manager.py:501} INFO - Created Permission View: can read on DAG:example_params_ui_tutorial
[2024-04-27T14:03:19.740+0000] {logging_mixin.py:151} INFO - [2024-04-27T14:03:19.739+0000] {manager.py:501} INFO - Created Permission View: can edit on DAG:example_params_ui_tutorial
[2024-04-27T14:03:19.754+0000] {logging_mixin.py:151} INFO - [2024-04-27T14:03:19.753+0000] {manager.py:501} INFO - Created Permission View: can delete on DAG:example_params_ui_tutorial
[2024-04-27T14:03:19.786+0000] {logging_mixin.py:151} INFO - [2024-04-27T14:03:19.785+0000] {dag.py:2907} INFO - Sync 1 DAGs
[2024-04-27T14:03:19.811+0000] {logging_mixin.py:151} INFO - [2024-04-27T14:03:19.810+0000] {dag.py:2929} INFO - Creating ORM DAG for example_params_ui_tutorial
[2024-04-27T14:03:19.812+0000] {logging_mixin.py:151} INFO - [2024-04-27T14:03:19.812+0000] {dag.py:3677} INFO - Setting next_dagrun for example_params_ui_tutorial to None, run_after=None
[2024-04-27T14:03:19.840+0000] {processor.py:179} INFO - Processing /home/airflow/.local/lib/python3.8/site-packages/airflow/example_dags/example_params_ui_tutorial.py took 0.528 seconds
[2024-04-27T14:03:50.408+0000] {processor.py:157} INFO - Started process (PID=131) to work on /home/airflow/.local/lib/python3.8/site-packages/airflow/example_dags/example_params_ui_tutorial.py
[2024-04-27T14:03:50.409+0000] {processor.py:829} INFO - Processing file /home/airflow/.local/lib/python3.8/site-packages/airflow/example_dags/example_params_ui_tutorial.py for tasks to queue
[2024-04-27T14:03:50.413+0000] {logging_mixin.py:151} INFO - [2024-04-27T14:03:50.412+0000] {dagbag.py:539} INFO - Filling up the DagBag from /home/airflow/.local/lib/python3.8/site-packages/airflow/example_dags/example_params_ui_tutorial.py
[2024-04-27T14:03:50.502+0000] {processor.py:839} INFO - DAG(s) dict_keys(['example_params_ui_tutorial']) retrieved from /home/airflow/.local/lib/python3.8/site-packages/airflow/example_dags/example_params_ui_tutorial.py
[2024-04-27T14:03:50.715+0000] {logging_mixin.py:151} INFO - [2024-04-27T14:03:50.715+0000] {dag.py:2907} INFO - Sync 1 DAGs
[2024-04-27T14:03:50.748+0000] {logging_mixin.py:151} INFO - [2024-04-27T14:03:50.747+0000] {dag.py:3677} INFO - Setting next_dagrun for example_params_ui_tutorial to None, run_after=None
[2024-04-27T14:03:50.801+0000] {processor.py:179} INFO - Processing /home/airflow/.local/lib/python3.8/site-packages/airflow/example_dags/example_params_ui_tutorial.py took 0.399 seconds
[2024-04-27T14:04:20.955+0000] {processor.py:157} INFO - Started process (PID=195) to work on /home/airflow/.local/lib/python3.8/site-packages/airflow/example_dags/example_params_ui_tutorial.py
[2024-04-27T14:04:20.956+0000] {processor.py:829} INFO - Processing file /home/airflow/.local/lib/python3.8/site-packages/airflow/example_dags/example_params_ui_tutorial.py for tasks to queue
[2024-04-27T14:04:20.962+0000] {logging_mixin.py:151} INFO - [2024-04-27T14:04:20.962+0000] {dagbag.py:539} INFO - Filling up the DagBag from /home/airflow/.local/lib/python3.8/site-packages/airflow/example_dags/example_params_ui_tutorial.py
[2024-04-27T14:04:21.033+0000] {processor.py:839} INFO - DAG(s) dict_keys(['example_params_ui_tutorial']) retrieved from /home/airflow/.local/lib/python3.8/site-packages/airflow/example_dags/example_params_ui_tutorial.py
[2024-04-27T14:04:21.141+0000] {logging_mixin.py:151} INFO - [2024-04-27T14:04:21.140+0000] {dag.py:2907} INFO - Sync 1 DAGs
[2024-04-27T14:04:21.161+0000] {logging_mixin.py:151} INFO - [2024-04-27T14:04:21.161+0000] {dag.py:3677} INFO - Setting next_dagrun for example_params_ui_tutorial to None, run_after=None
[2024-04-27T14:04:21.191+0000] {processor.py:179} INFO - Processing /home/airflow/.local/lib/python3.8/site-packages/airflow/example_dags/example_params_ui_tutorial.py took 0.239 seconds
[2024-04-27T14:04:51.586+0000] {processor.py:157} INFO - Started process (PID=267) to work on /home/airflow/.local/lib/python3.8/site-packages/airflow/example_dags/example_params_ui_tutorial.py
[2024-04-27T14:04:51.587+0000] {processor.py:829} INFO - Processing file /home/airflow/.local/lib/python3.8/site-packages/airflow/example_dags/example_params_ui_tutorial.py for tasks to queue
[2024-04-27T14:04:51.590+0000] {logging_mixin.py:151} INFO - [2024-04-27T14:04:51.590+0000] {dagbag.py:539} INFO - Filling up the DagBag from /home/airflow/.local/lib/python3.8/site-packages/airflow/example_dags/example_params_ui_tutorial.py
[2024-04-27T14:04:51.685+0000] {processor.py:839} INFO - DAG(s) dict_keys(['example_params_ui_tutorial']) retrieved from /home/airflow/.local/lib/python3.8/site-packages/airflow/example_dags/example_params_ui_tutorial.py
[2024-04-27T14:04:51.825+0000] {logging_mixin.py:151} INFO - [2024-04-27T14:04:51.825+0000] {dag.py:2907} INFO - Sync 1 DAGs
[2024-04-27T14:04:51.845+0000] {logging_mixin.py:151} INFO - [2024-04-27T14:04:51.844+0000] {dag.py:3677} INFO - Setting next_dagrun for example_params_ui_tutorial to None, run_after=None
[2024-04-27T14:04:51.875+0000] {processor.py:179} INFO - Processing /home/airflow/.local/lib/python3.8/site-packages/airflow/example_dags/example_params_ui_tutorial.py took 0.294 seconds
[2024-04-27T14:05:22.027+0000] {processor.py:157} INFO - Started process (PID=332) to work on /home/airflow/.local/lib/python3.8/site-packages/airflow/example_dags/example_params_ui_tutorial.py
[2024-04-27T14:05:22.028+0000] {processor.py:829} INFO - Processing file /home/airflow/.local/lib/python3.8/site-packages/airflow/example_dags/example_params_ui_tutorial.py for tasks to queue
[2024-04-27T14:05:22.032+0000] {logging_mixin.py:151} INFO - [2024-04-27T14:05:22.031+0000] {dagbag.py:539} INFO - Filling up the DagBag from /home/airflow/.local/lib/python3.8/site-packages/airflow/example_dags/example_params_ui_tutorial.py
[2024-04-27T14:05:22.126+0000] {processor.py:839} INFO - DAG(s) dict_keys(['example_params_ui_tutorial']) retrieved from /home/airflow/.local/lib/python3.8/site-packages/airflow/example_dags/example_params_ui_tutorial.py
[2024-04-27T14:05:22.264+0000] {logging_mixin.py:151} INFO - [2024-04-27T14:05:22.264+0000] {dag.py:2907} INFO - Sync 1 DAGs
[2024-04-27T14:05:22.286+0000] {logging_mixin.py:151} INFO - [2024-04-27T14:05:22.286+0000] {dag.py:3677} INFO - Setting next_dagrun for example_params_ui_tutorial to None, run_after=None
[2024-04-27T14:05:22.315+0000] {processor.py:179} INFO - Processing /home/airflow/.local/lib/python3.8/site-packages/airflow/example_dags/example_params_ui_tutorial.py took 0.294 seconds
[2024-04-27T14:05:53.246+0000] {processor.py:157} INFO - Started process (PID=396) to work on /home/airflow/.local/lib/python3.8/site-packages/airflow/example_dags/example_params_ui_tutorial.py
[2024-04-27T14:05:53.248+0000] {processor.py:829} INFO - Processing file /home/airflow/.local/lib/python3.8/site-packages/airflow/example_dags/example_params_ui_tutorial.py for tasks to queue
[2024-04-27T14:05:53.251+0000] {logging_mixin.py:151} INFO - [2024-04-27T14:05:53.250+0000] {dagbag.py:539} INFO - Filling up the DagBag from /home/airflow/.local/lib/python3.8/site-packages/airflow/example_dags/example_params_ui_tutorial.py
[2024-04-27T14:05:53.309+0000] {processor.py:839} INFO - DAG(s) dict_keys(['example_params_ui_tutorial']) retrieved from /home/airflow/.local/lib/python3.8/site-packages/airflow/example_dags/example_params_ui_tutorial.py
[2024-04-27T14:05:53.405+0000] {logging_mixin.py:151} INFO - [2024-04-27T14:05:53.404+0000] {dag.py:2907} INFO - Sync 1 DAGs
[2024-04-27T14:05:53.426+0000] {logging_mixin.py:151} INFO - [2024-04-27T14:05:53.425+0000] {dag.py:3677} INFO - Setting next_dagrun for example_params_ui_tutorial to None, run_after=None
[2024-04-27T14:05:53.452+0000] {processor.py:179} INFO - Processing /home/airflow/.local/lib/python3.8/site-packages/airflow/example_dags/example_params_ui_tutorial.py took 0.213 seconds
[2024-04-27T14:06:23.704+0000] {processor.py:157} INFO - Started process (PID=466) to work on /home/airflow/.local/lib/python3.8/site-packages/airflow/example_dags/example_params_ui_tutorial.py
[2024-04-27T14:06:23.705+0000] {processor.py:829} INFO - Processing file /home/airflow/.local/lib/python3.8/site-packages/airflow/example_dags/example_params_ui_tutorial.py for tasks to queue
[2024-04-27T14:06:23.709+0000] {logging_mixin.py:151} INFO - [2024-04-27T14:06:23.708+0000] {dagbag.py:539} INFO - Filling up the DagBag from /home/airflow/.local/lib/python3.8/site-packages/airflow/example_dags/example_params_ui_tutorial.py
[2024-04-27T14:06:23.798+0000] {processor.py:839} INFO - DAG(s) dict_keys(['example_params_ui_tutorial']) retrieved from /home/airflow/.local/lib/python3.8/site-packages/airflow/example_dags/example_params_ui_tutorial.py
[2024-04-27T14:06:23.938+0000] {logging_mixin.py:151} INFO - [2024-04-27T14:06:23.938+0000] {dag.py:2907} INFO - Sync 1 DAGs
[2024-04-27T14:06:23.962+0000] {logging_mixin.py:151} INFO - [2024-04-27T14:06:23.962+0000] {dag.py:3677} INFO - Setting next_dagrun for example_params_ui_tutorial to None, run_after=None
[2024-04-27T14:06:24.000+0000] {processor.py:179} INFO - Processing /home/airflow/.local/lib/python3.8/site-packages/airflow/example_dags/example_params_ui_tutorial.py took 0.302 seconds
[2024-04-27T14:06:54.223+0000] {processor.py:157} INFO - Started process (PID=531) to work on /home/airflow/.local/lib/python3.8/site-packages/airflow/example_dags/example_params_ui_tutorial.py
[2024-04-27T14:06:54.223+0000] {processor.py:829} INFO - Processing file /home/airflow/.local/lib/python3.8/site-packages/airflow/example_dags/example_params_ui_tutorial.py for tasks to queue
[2024-04-27T14:06:54.226+0000] {logging_mixin.py:151} INFO - [2024-04-27T14:06:54.225+0000] {dagbag.py:539} INFO - Filling up the DagBag from /home/airflow/.local/lib/python3.8/site-packages/airflow/example_dags/example_params_ui_tutorial.py
[2024-04-27T14:06:54.289+0000] {processor.py:839} INFO - DAG(s) dict_keys(['example_params_ui_tutorial']) retrieved from /home/airflow/.local/lib/python3.8/site-packages/airflow/example_dags/example_params_ui_tutorial.py
[2024-04-27T14:06:54.417+0000] {logging_mixin.py:151} INFO - [2024-04-27T14:06:54.417+0000] {dag.py:2907} INFO - Sync 1 DAGs
[2024-04-27T14:06:54.440+0000] {logging_mixin.py:151} INFO - [2024-04-27T14:06:54.440+0000] {dag.py:3677} INFO - Setting next_dagrun for example_params_ui_tutorial to None, run_after=None
[2024-04-27T14:06:54.463+0000] {processor.py:179} INFO - Processing /home/airflow/.local/lib/python3.8/site-packages/airflow/example_dags/example_params_ui_tutorial.py took 0.247 seconds
[2024-04-27T14:07:25.096+0000] {processor.py:157} INFO - Started process (PID=596) to work on /home/airflow/.local/lib/python3.8/site-packages/airflow/example_dags/example_params_ui_tutorial.py
[2024-04-27T14:07:25.098+0000] {processor.py:829} INFO - Processing file /home/airflow/.local/lib/python3.8/site-packages/airflow/example_dags/example_params_ui_tutorial.py for tasks to queue
[2024-04-27T14:07:25.101+0000] {logging_mixin.py:151} INFO - [2024-04-27T14:07:25.101+0000] {dagbag.py:539} INFO - Filling up the DagBag from /home/airflow/.local/lib/python3.8/site-packages/airflow/example_dags/example_params_ui_tutorial.py
[2024-04-27T14:07:25.178+0000] {processor.py:839} INFO - DAG(s) dict_keys(['example_params_ui_tutorial']) retrieved from /home/airflow/.local/lib/python3.8/site-packages/airflow/example_dags/example_params_ui_tutorial.py
[2024-04-27T14:07:25.276+0000] {logging_mixin.py:151} INFO - [2024-04-27T14:07:25.275+0000] {dag.py:2907} INFO - Sync 1 DAGs
[2024-04-27T14:07:25.295+0000] {logging_mixin.py:151} INFO - [2024-04-27T14:07:25.295+0000] {dag.py:3677} INFO - Setting next_dagrun for example_params_ui_tutorial to None, run_after=None
[2024-04-27T14:07:25.323+0000] {processor.py:179} INFO - Processing /home/airflow/.local/lib/python3.8/site-packages/airflow/example_dags/example_params_ui_tutorial.py took 0.234 seconds
[2024-04-27T14:11:47.534+0000] {processor.py:157} INFO - Started process (PID=67) to work on /home/airflow/.local/lib/python3.8/site-packages/airflow/example_dags/example_params_ui_tutorial.py
[2024-04-27T14:11:47.542+0000] {processor.py:829} INFO - Processing file /home/airflow/.local/lib/python3.8/site-packages/airflow/example_dags/example_params_ui_tutorial.py for tasks to queue
[2024-04-27T14:11:47.549+0000] {logging_mixin.py:151} INFO - [2024-04-27T14:11:47.549+0000] {dagbag.py:539} INFO - Filling up the DagBag from /home/airflow/.local/lib/python3.8/site-packages/airflow/example_dags/example_params_ui_tutorial.py
[2024-04-27T14:11:47.822+0000] {processor.py:839} INFO - DAG(s) dict_keys(['example_params_ui_tutorial']) retrieved from /home/airflow/.local/lib/python3.8/site-packages/airflow/example_dags/example_params_ui_tutorial.py
[2024-04-27T14:11:48.101+0000] {logging_mixin.py:151} INFO - [2024-04-27T14:11:48.101+0000] {dag.py:2907} INFO - Sync 1 DAGs
[2024-04-27T14:11:48.136+0000] {logging_mixin.py:151} INFO - [2024-04-27T14:11:48.135+0000] {dag.py:3677} INFO - Setting next_dagrun for example_params_ui_tutorial to None, run_after=None
[2024-04-27T14:11:48.188+0000] {processor.py:179} INFO - Processing /home/airflow/.local/lib/python3.8/site-packages/airflow/example_dags/example_params_ui_tutorial.py took 0.673 seconds
[2024-04-27T14:12:18.697+0000] {processor.py:157} INFO - Started process (PID=130) to work on /home/airflow/.local/lib/python3.8/site-packages/airflow/example_dags/example_params_ui_tutorial.py
[2024-04-27T14:12:18.698+0000] {processor.py:829} INFO - Processing file /home/airflow/.local/lib/python3.8/site-packages/airflow/example_dags/example_params_ui_tutorial.py for tasks to queue
[2024-04-27T14:12:18.709+0000] {logging_mixin.py:151} INFO - [2024-04-27T14:12:18.708+0000] {dagbag.py:539} INFO - Filling up the DagBag from /home/airflow/.local/lib/python3.8/site-packages/airflow/example_dags/example_params_ui_tutorial.py
[2024-04-27T14:12:18.815+0000] {processor.py:839} INFO - DAG(s) dict_keys(['example_params_ui_tutorial']) retrieved from /home/airflow/.local/lib/python3.8/site-packages/airflow/example_dags/example_params_ui_tutorial.py
[2024-04-27T14:12:18.931+0000] {logging_mixin.py:151} INFO - [2024-04-27T14:12:18.930+0000] {dag.py:2907} INFO - Sync 1 DAGs
[2024-04-27T14:12:18.958+0000] {logging_mixin.py:151} INFO - [2024-04-27T14:12:18.958+0000] {dag.py:3677} INFO - Setting next_dagrun for example_params_ui_tutorial to None, run_after=None
[2024-04-27T14:12:18.992+0000] {processor.py:179} INFO - Processing /home/airflow/.local/lib/python3.8/site-packages/airflow/example_dags/example_params_ui_tutorial.py took 0.309 seconds
[2024-04-27T14:12:49.447+0000] {processor.py:157} INFO - Started process (PID=194) to work on /home/airflow/.local/lib/python3.8/site-packages/airflow/example_dags/example_params_ui_tutorial.py
[2024-04-27T14:12:49.449+0000] {processor.py:829} INFO - Processing file /home/airflow/.local/lib/python3.8/site-packages/airflow/example_dags/example_params_ui_tutorial.py for tasks to queue
[2024-04-27T14:12:49.453+0000] {logging_mixin.py:151} INFO - [2024-04-27T14:12:49.452+0000] {dagbag.py:539} INFO - Filling up the DagBag from /home/airflow/.local/lib/python3.8/site-packages/airflow/example_dags/example_params_ui_tutorial.py
[2024-04-27T14:12:49.560+0000] {processor.py:839} INFO - DAG(s) dict_keys(['example_params_ui_tutorial']) retrieved from /home/airflow/.local/lib/python3.8/site-packages/airflow/example_dags/example_params_ui_tutorial.py
[2024-04-27T14:12:49.746+0000] {logging_mixin.py:151} INFO - [2024-04-27T14:12:49.745+0000] {dag.py:2907} INFO - Sync 1 DAGs
[2024-04-27T14:12:49.779+0000] {logging_mixin.py:151} INFO - [2024-04-27T14:12:49.779+0000] {dag.py:3677} INFO - Setting next_dagrun for example_params_ui_tutorial to None, run_after=None
[2024-04-27T14:12:49.815+0000] {processor.py:179} INFO - Processing /home/airflow/.local/lib/python3.8/site-packages/airflow/example_dags/example_params_ui_tutorial.py took 0.374 seconds
[2024-04-27T14:13:20.392+0000] {processor.py:157} INFO - Started process (PID=262) to work on /home/airflow/.local/lib/python3.8/site-packages/airflow/example_dags/example_params_ui_tutorial.py
[2024-04-27T14:13:20.393+0000] {processor.py:829} INFO - Processing file /home/airflow/.local/lib/python3.8/site-packages/airflow/example_dags/example_params_ui_tutorial.py for tasks to queue
[2024-04-27T14:13:20.396+0000] {logging_mixin.py:151} INFO - [2024-04-27T14:13:20.396+0000] {dagbag.py:539} INFO - Filling up the DagBag from /home/airflow/.local/lib/python3.8/site-packages/airflow/example_dags/example_params_ui_tutorial.py
[2024-04-27T14:13:20.479+0000] {processor.py:839} INFO - DAG(s) dict_keys(['example_params_ui_tutorial']) retrieved from /home/airflow/.local/lib/python3.8/site-packages/airflow/example_dags/example_params_ui_tutorial.py
[2024-04-27T14:13:20.606+0000] {logging_mixin.py:151} INFO - [2024-04-27T14:13:20.606+0000] {dag.py:2907} INFO - Sync 1 DAGs
[2024-04-27T14:13:20.629+0000] {logging_mixin.py:151} INFO - [2024-04-27T14:13:20.629+0000] {dag.py:3677} INFO - Setting next_dagrun for example_params_ui_tutorial to None, run_after=None
[2024-04-27T14:13:20.658+0000] {processor.py:179} INFO - Processing /home/airflow/.local/lib/python3.8/site-packages/airflow/example_dags/example_params_ui_tutorial.py took 0.275 seconds
[2024-04-27T14:13:50.694+0000] {processor.py:157} INFO - Started process (PID=326) to work on /home/airflow/.local/lib/python3.8/site-packages/airflow/example_dags/example_params_ui_tutorial.py
[2024-04-27T14:13:50.696+0000] {processor.py:829} INFO - Processing file /home/airflow/.local/lib/python3.8/site-packages/airflow/example_dags/example_params_ui_tutorial.py for tasks to queue
[2024-04-27T14:13:50.698+0000] {logging_mixin.py:151} INFO - [2024-04-27T14:13:50.698+0000] {dagbag.py:539} INFO - Filling up the DagBag from /home/airflow/.local/lib/python3.8/site-packages/airflow/example_dags/example_params_ui_tutorial.py
[2024-04-27T14:13:50.757+0000] {processor.py:839} INFO - DAG(s) dict_keys(['example_params_ui_tutorial']) retrieved from /home/airflow/.local/lib/python3.8/site-packages/airflow/example_dags/example_params_ui_tutorial.py
[2024-04-27T14:13:50.850+0000] {logging_mixin.py:151} INFO - [2024-04-27T14:13:50.850+0000] {dag.py:2907} INFO - Sync 1 DAGs
[2024-04-27T14:13:50.871+0000] {logging_mixin.py:151} INFO - [2024-04-27T14:13:50.870+0000] {dag.py:3677} INFO - Setting next_dagrun for example_params_ui_tutorial to None, run_after=None
[2024-04-27T14:13:50.898+0000] {processor.py:179} INFO - Processing /home/airflow/.local/lib/python3.8/site-packages/airflow/example_dags/example_params_ui_tutorial.py took 0.208 seconds
[2024-04-27T14:14:21.112+0000] {processor.py:157} INFO - Started process (PID=390) to work on /home/airflow/.local/lib/python3.8/site-packages/airflow/example_dags/example_params_ui_tutorial.py
[2024-04-27T14:14:21.114+0000] {processor.py:829} INFO - Processing file /home/airflow/.local/lib/python3.8/site-packages/airflow/example_dags/example_params_ui_tutorial.py for tasks to queue
[2024-04-27T14:14:21.118+0000] {logging_mixin.py:151} INFO - [2024-04-27T14:14:21.117+0000] {dagbag.py:539} INFO - Filling up the DagBag from /home/airflow/.local/lib/python3.8/site-packages/airflow/example_dags/example_params_ui_tutorial.py
[2024-04-27T14:14:21.202+0000] {processor.py:839} INFO - DAG(s) dict_keys(['example_params_ui_tutorial']) retrieved from /home/airflow/.local/lib/python3.8/site-packages/airflow/example_dags/example_params_ui_tutorial.py
[2024-04-27T14:14:21.345+0000] {logging_mixin.py:151} INFO - [2024-04-27T14:14:21.345+0000] {dag.py:2907} INFO - Sync 1 DAGs
[2024-04-27T14:14:21.368+0000] {logging_mixin.py:151} INFO - [2024-04-27T14:14:21.368+0000] {dag.py:3677} INFO - Setting next_dagrun for example_params_ui_tutorial to None, run_after=None
[2024-04-27T14:14:21.402+0000] {processor.py:179} INFO - Processing /home/airflow/.local/lib/python3.8/site-packages/airflow/example_dags/example_params_ui_tutorial.py took 0.314 seconds
[2024-04-27T14:14:51.786+0000] {processor.py:157} INFO - Started process (PID=453) to work on /home/airflow/.local/lib/python3.8/site-packages/airflow/example_dags/example_params_ui_tutorial.py
[2024-04-27T14:14:51.787+0000] {processor.py:829} INFO - Processing file /home/airflow/.local/lib/python3.8/site-packages/airflow/example_dags/example_params_ui_tutorial.py for tasks to queue
[2024-04-27T14:14:51.791+0000] {logging_mixin.py:151} INFO - [2024-04-27T14:14:51.790+0000] {dagbag.py:539} INFO - Filling up the DagBag from /home/airflow/.local/lib/python3.8/site-packages/airflow/example_dags/example_params_ui_tutorial.py
[2024-04-27T14:14:51.881+0000] {processor.py:839} INFO - DAG(s) dict_keys(['example_params_ui_tutorial']) retrieved from /home/airflow/.local/lib/python3.8/site-packages/airflow/example_dags/example_params_ui_tutorial.py
[2024-04-27T14:14:52.042+0000] {logging_mixin.py:151} INFO - [2024-04-27T14:14:52.041+0000] {dag.py:2907} INFO - Sync 1 DAGs
[2024-04-27T14:14:52.067+0000] {logging_mixin.py:151} INFO - [2024-04-27T14:14:52.067+0000] {dag.py:3677} INFO - Setting next_dagrun for example_params_ui_tutorial to None, run_after=None
[2024-04-27T14:14:52.100+0000] {processor.py:179} INFO - Processing /home/airflow/.local/lib/python3.8/site-packages/airflow/example_dags/example_params_ui_tutorial.py took 0.319 seconds
[2024-04-27T14:15:22.595+0000] {processor.py:157} INFO - Started process (PID=526) to work on /home/airflow/.local/lib/python3.8/site-packages/airflow/example_dags/example_params_ui_tutorial.py
[2024-04-27T14:15:22.596+0000] {processor.py:829} INFO - Processing file /home/airflow/.local/lib/python3.8/site-packages/airflow/example_dags/example_params_ui_tutorial.py for tasks to queue
[2024-04-27T14:15:22.599+0000] {logging_mixin.py:151} INFO - [2024-04-27T14:15:22.599+0000] {dagbag.py:539} INFO - Filling up the DagBag from /home/airflow/.local/lib/python3.8/site-packages/airflow/example_dags/example_params_ui_tutorial.py
[2024-04-27T14:15:22.696+0000] {processor.py:839} INFO - DAG(s) dict_keys(['example_params_ui_tutorial']) retrieved from /home/airflow/.local/lib/python3.8/site-packages/airflow/example_dags/example_params_ui_tutorial.py
[2024-04-27T14:15:22.885+0000] {logging_mixin.py:151} INFO - [2024-04-27T14:15:22.885+0000] {dag.py:2907} INFO - Sync 1 DAGs
[2024-04-27T14:15:22.908+0000] {logging_mixin.py:151} INFO - [2024-04-27T14:15:22.908+0000] {dag.py:3677} INFO - Setting next_dagrun for example_params_ui_tutorial to None, run_after=None
[2024-04-27T14:15:22.976+0000] {processor.py:179} INFO - Processing /home/airflow/.local/lib/python3.8/site-packages/airflow/example_dags/example_params_ui_tutorial.py took 0.386 seconds
[2024-04-27T14:15:53.379+0000] {processor.py:157} INFO - Started process (PID=591) to work on /home/airflow/.local/lib/python3.8/site-packages/airflow/example_dags/example_params_ui_tutorial.py
[2024-04-27T14:15:53.380+0000] {processor.py:829} INFO - Processing file /home/airflow/.local/lib/python3.8/site-packages/airflow/example_dags/example_params_ui_tutorial.py for tasks to queue
[2024-04-27T14:15:53.383+0000] {logging_mixin.py:151} INFO - [2024-04-27T14:15:53.383+0000] {dagbag.py:539} INFO - Filling up the DagBag from /home/airflow/.local/lib/python3.8/site-packages/airflow/example_dags/example_params_ui_tutorial.py
[2024-04-27T14:15:53.468+0000] {processor.py:839} INFO - DAG(s) dict_keys(['example_params_ui_tutorial']) retrieved from /home/airflow/.local/lib/python3.8/site-packages/airflow/example_dags/example_params_ui_tutorial.py
[2024-04-27T14:15:53.618+0000] {logging_mixin.py:151} INFO - [2024-04-27T14:15:53.618+0000] {dag.py:2907} INFO - Sync 1 DAGs
[2024-04-27T14:15:53.640+0000] {logging_mixin.py:151} INFO - [2024-04-27T14:15:53.640+0000] {dag.py:3677} INFO - Setting next_dagrun for example_params_ui_tutorial to None, run_after=None
[2024-04-27T14:15:53.676+0000] {processor.py:179} INFO - Processing /home/airflow/.local/lib/python3.8/site-packages/airflow/example_dags/example_params_ui_tutorial.py took 0.302 seconds
[2024-04-27T14:16:23.887+0000] {processor.py:157} INFO - Started process (PID=654) to work on /home/airflow/.local/lib/python3.8/site-packages/airflow/example_dags/example_params_ui_tutorial.py
[2024-04-27T14:16:23.888+0000] {processor.py:829} INFO - Processing file /home/airflow/.local/lib/python3.8/site-packages/airflow/example_dags/example_params_ui_tutorial.py for tasks to queue
[2024-04-27T14:16:23.891+0000] {logging_mixin.py:151} INFO - [2024-04-27T14:16:23.891+0000] {dagbag.py:539} INFO - Filling up the DagBag from /home/airflow/.local/lib/python3.8/site-packages/airflow/example_dags/example_params_ui_tutorial.py
[2024-04-27T14:16:23.961+0000] {processor.py:839} INFO - DAG(s) dict_keys(['example_params_ui_tutorial']) retrieved from /home/airflow/.local/lib/python3.8/site-packages/airflow/example_dags/example_params_ui_tutorial.py
[2024-04-27T14:16:24.059+0000] {logging_mixin.py:151} INFO - [2024-04-27T14:16:24.059+0000] {dag.py:2907} INFO - Sync 1 DAGs
[2024-04-27T14:16:24.083+0000] {logging_mixin.py:151} INFO - [2024-04-27T14:16:24.083+0000] {dag.py:3677} INFO - Setting next_dagrun for example_params_ui_tutorial to None, run_after=None
[2024-04-27T14:16:24.119+0000] {processor.py:179} INFO - Processing /home/airflow/.local/lib/python3.8/site-packages/airflow/example_dags/example_params_ui_tutorial.py took 0.237 seconds
[2024-04-27T14:16:54.195+0000] {processor.py:157} INFO - Started process (PID=720) to work on /home/airflow/.local/lib/python3.8/site-packages/airflow/example_dags/example_params_ui_tutorial.py
[2024-04-27T14:16:54.197+0000] {processor.py:829} INFO - Processing file /home/airflow/.local/lib/python3.8/site-packages/airflow/example_dags/example_params_ui_tutorial.py for tasks to queue
[2024-04-27T14:16:54.200+0000] {logging_mixin.py:151} INFO - [2024-04-27T14:16:54.199+0000] {dagbag.py:539} INFO - Filling up the DagBag from /home/airflow/.local/lib/python3.8/site-packages/airflow/example_dags/example_params_ui_tutorial.py
[2024-04-27T14:16:54.309+0000] {processor.py:839} INFO - DAG(s) dict_keys(['example_params_ui_tutorial']) retrieved from /home/airflow/.local/lib/python3.8/site-packages/airflow/example_dags/example_params_ui_tutorial.py
[2024-04-27T14:16:54.495+0000] {logging_mixin.py:151} INFO - [2024-04-27T14:16:54.495+0000] {dag.py:2907} INFO - Sync 1 DAGs
[2024-04-27T14:16:54.518+0000] {logging_mixin.py:151} INFO - [2024-04-27T14:16:54.518+0000] {dag.py:3677} INFO - Setting next_dagrun for example_params_ui_tutorial to None, run_after=None
[2024-04-27T14:16:54.570+0000] {processor.py:179} INFO - Processing /home/airflow/.local/lib/python3.8/site-packages/airflow/example_dags/example_params_ui_tutorial.py took 0.380 seconds
[2024-04-27T14:17:25.265+0000] {processor.py:157} INFO - Started process (PID=791) to work on /home/airflow/.local/lib/python3.8/site-packages/airflow/example_dags/example_params_ui_tutorial.py
[2024-04-27T14:17:25.266+0000] {processor.py:829} INFO - Processing file /home/airflow/.local/lib/python3.8/site-packages/airflow/example_dags/example_params_ui_tutorial.py for tasks to queue
[2024-04-27T14:17:25.269+0000] {logging_mixin.py:151} INFO - [2024-04-27T14:17:25.269+0000] {dagbag.py:539} INFO - Filling up the DagBag from /home/airflow/.local/lib/python3.8/site-packages/airflow/example_dags/example_params_ui_tutorial.py
[2024-04-27T14:17:25.350+0000] {processor.py:839} INFO - DAG(s) dict_keys(['example_params_ui_tutorial']) retrieved from /home/airflow/.local/lib/python3.8/site-packages/airflow/example_dags/example_params_ui_tutorial.py
[2024-04-27T14:17:25.473+0000] {logging_mixin.py:151} INFO - [2024-04-27T14:17:25.472+0000] {dag.py:2907} INFO - Sync 1 DAGs
[2024-04-27T14:17:25.494+0000] {logging_mixin.py:151} INFO - [2024-04-27T14:17:25.494+0000] {dag.py:3677} INFO - Setting next_dagrun for example_params_ui_tutorial to None, run_after=None
[2024-04-27T14:17:25.546+0000] {processor.py:179} INFO - Processing /home/airflow/.local/lib/python3.8/site-packages/airflow/example_dags/example_params_ui_tutorial.py took 0.286 seconds
[2024-04-27T14:17:56.260+0000] {processor.py:157} INFO - Started process (PID=855) to work on /home/airflow/.local/lib/python3.8/site-packages/airflow/example_dags/example_params_ui_tutorial.py
[2024-04-27T14:17:56.261+0000] {processor.py:829} INFO - Processing file /home/airflow/.local/lib/python3.8/site-packages/airflow/example_dags/example_params_ui_tutorial.py for tasks to queue
[2024-04-27T14:17:56.263+0000] {logging_mixin.py:151} INFO - [2024-04-27T14:17:56.263+0000] {dagbag.py:539} INFO - Filling up the DagBag from /home/airflow/.local/lib/python3.8/site-packages/airflow/example_dags/example_params_ui_tutorial.py
[2024-04-27T14:17:56.318+0000] {processor.py:839} INFO - DAG(s) dict_keys(['example_params_ui_tutorial']) retrieved from /home/airflow/.local/lib/python3.8/site-packages/airflow/example_dags/example_params_ui_tutorial.py
[2024-04-27T14:17:56.404+0000] {logging_mixin.py:151} INFO - [2024-04-27T14:17:56.404+0000] {dag.py:2907} INFO - Sync 1 DAGs
[2024-04-27T14:17:56.420+0000] {logging_mixin.py:151} INFO - [2024-04-27T14:17:56.420+0000] {dag.py:3677} INFO - Setting next_dagrun for example_params_ui_tutorial to None, run_after=None
[2024-04-27T14:17:56.442+0000] {processor.py:179} INFO - Processing /home/airflow/.local/lib/python3.8/site-packages/airflow/example_dags/example_params_ui_tutorial.py took 0.186 seconds
[2024-04-27T14:18:26.976+0000] {processor.py:157} INFO - Started process (PID=919) to work on /home/airflow/.local/lib/python3.8/site-packages/airflow/example_dags/example_params_ui_tutorial.py
[2024-04-27T14:18:26.978+0000] {processor.py:829} INFO - Processing file /home/airflow/.local/lib/python3.8/site-packages/airflow/example_dags/example_params_ui_tutorial.py for tasks to queue
[2024-04-27T14:18:26.989+0000] {logging_mixin.py:151} INFO - [2024-04-27T14:18:26.989+0000] {dagbag.py:539} INFO - Filling up the DagBag from /home/airflow/.local/lib/python3.8/site-packages/airflow/example_dags/example_params_ui_tutorial.py
[2024-04-27T14:18:27.108+0000] {processor.py:839} INFO - DAG(s) dict_keys(['example_params_ui_tutorial']) retrieved from /home/airflow/.local/lib/python3.8/site-packages/airflow/example_dags/example_params_ui_tutorial.py
[2024-04-27T14:18:27.258+0000] {logging_mixin.py:151} INFO - [2024-04-27T14:18:27.258+0000] {dag.py:2907} INFO - Sync 1 DAGs
[2024-04-27T14:18:27.284+0000] {logging_mixin.py:151} INFO - [2024-04-27T14:18:27.283+0000] {dag.py:3677} INFO - Setting next_dagrun for example_params_ui_tutorial to None, run_after=None
[2024-04-27T14:18:27.316+0000] {processor.py:179} INFO - Processing /home/airflow/.local/lib/python3.8/site-packages/airflow/example_dags/example_params_ui_tutorial.py took 0.346 seconds
[2024-04-27T14:18:58.052+0000] {processor.py:157} INFO - Started process (PID=989) to work on /home/airflow/.local/lib/python3.8/site-packages/airflow/example_dags/example_params_ui_tutorial.py
[2024-04-27T14:18:58.053+0000] {processor.py:829} INFO - Processing file /home/airflow/.local/lib/python3.8/site-packages/airflow/example_dags/example_params_ui_tutorial.py for tasks to queue
[2024-04-27T14:18:58.057+0000] {logging_mixin.py:151} INFO - [2024-04-27T14:18:58.056+0000] {dagbag.py:539} INFO - Filling up the DagBag from /home/airflow/.local/lib/python3.8/site-packages/airflow/example_dags/example_params_ui_tutorial.py
[2024-04-27T14:18:58.139+0000] {processor.py:839} INFO - DAG(s) dict_keys(['example_params_ui_tutorial']) retrieved from /home/airflow/.local/lib/python3.8/site-packages/airflow/example_dags/example_params_ui_tutorial.py
[2024-04-27T14:18:58.261+0000] {logging_mixin.py:151} INFO - [2024-04-27T14:18:58.261+0000] {dag.py:2907} INFO - Sync 1 DAGs
[2024-04-27T14:18:58.284+0000] {logging_mixin.py:151} INFO - [2024-04-27T14:18:58.283+0000] {dag.py:3677} INFO - Setting next_dagrun for example_params_ui_tutorial to None, run_after=None
[2024-04-27T14:18:58.313+0000] {processor.py:179} INFO - Processing /home/airflow/.local/lib/python3.8/site-packages/airflow/example_dags/example_params_ui_tutorial.py took 0.266 seconds
[2024-04-27T14:19:28.451+0000] {processor.py:157} INFO - Started process (PID=1052) to work on /home/airflow/.local/lib/python3.8/site-packages/airflow/example_dags/example_params_ui_tutorial.py
[2024-04-27T14:19:28.452+0000] {processor.py:829} INFO - Processing file /home/airflow/.local/lib/python3.8/site-packages/airflow/example_dags/example_params_ui_tutorial.py for tasks to queue
[2024-04-27T14:19:28.454+0000] {logging_mixin.py:151} INFO - [2024-04-27T14:19:28.454+0000] {dagbag.py:539} INFO - Filling up the DagBag from /home/airflow/.local/lib/python3.8/site-packages/airflow/example_dags/example_params_ui_tutorial.py
[2024-04-27T14:19:28.524+0000] {processor.py:839} INFO - DAG(s) dict_keys(['example_params_ui_tutorial']) retrieved from /home/airflow/.local/lib/python3.8/site-packages/airflow/example_dags/example_params_ui_tutorial.py
[2024-04-27T14:19:28.647+0000] {logging_mixin.py:151} INFO - [2024-04-27T14:19:28.647+0000] {dag.py:2907} INFO - Sync 1 DAGs
[2024-04-27T14:19:28.670+0000] {logging_mixin.py:151} INFO - [2024-04-27T14:19:28.669+0000] {dag.py:3677} INFO - Setting next_dagrun for example_params_ui_tutorial to None, run_after=None
[2024-04-27T14:19:28.700+0000] {processor.py:179} INFO - Processing /home/airflow/.local/lib/python3.8/site-packages/airflow/example_dags/example_params_ui_tutorial.py took 0.255 seconds
[2024-04-27T14:19:59.149+0000] {processor.py:157} INFO - Started process (PID=1115) to work on /home/airflow/.local/lib/python3.8/site-packages/airflow/example_dags/example_params_ui_tutorial.py
[2024-04-27T14:19:59.150+0000] {processor.py:829} INFO - Processing file /home/airflow/.local/lib/python3.8/site-packages/airflow/example_dags/example_params_ui_tutorial.py for tasks to queue
[2024-04-27T14:19:59.153+0000] {logging_mixin.py:151} INFO - [2024-04-27T14:19:59.153+0000] {dagbag.py:539} INFO - Filling up the DagBag from /home/airflow/.local/lib/python3.8/site-packages/airflow/example_dags/example_params_ui_tutorial.py
[2024-04-27T14:19:59.230+0000] {processor.py:839} INFO - DAG(s) dict_keys(['example_params_ui_tutorial']) retrieved from /home/airflow/.local/lib/python3.8/site-packages/airflow/example_dags/example_params_ui_tutorial.py
[2024-04-27T14:19:59.391+0000] {logging_mixin.py:151} INFO - [2024-04-27T14:19:59.391+0000] {dag.py:2907} INFO - Sync 1 DAGs
[2024-04-27T14:19:59.420+0000] {logging_mixin.py:151} INFO - [2024-04-27T14:19:59.420+0000] {dag.py:3677} INFO - Setting next_dagrun for example_params_ui_tutorial to None, run_after=None
[2024-04-27T14:19:59.470+0000] {processor.py:179} INFO - Processing /home/airflow/.local/lib/python3.8/site-packages/airflow/example_dags/example_params_ui_tutorial.py took 0.326 seconds
[2024-04-27T14:20:29.566+0000] {processor.py:157} INFO - Started process (PID=1179) to work on /home/airflow/.local/lib/python3.8/site-packages/airflow/example_dags/example_params_ui_tutorial.py
[2024-04-27T14:20:29.567+0000] {processor.py:829} INFO - Processing file /home/airflow/.local/lib/python3.8/site-packages/airflow/example_dags/example_params_ui_tutorial.py for tasks to queue
[2024-04-27T14:20:29.569+0000] {logging_mixin.py:151} INFO - [2024-04-27T14:20:29.569+0000] {dagbag.py:539} INFO - Filling up the DagBag from /home/airflow/.local/lib/python3.8/site-packages/airflow/example_dags/example_params_ui_tutorial.py
[2024-04-27T14:20:29.622+0000] {processor.py:839} INFO - DAG(s) dict_keys(['example_params_ui_tutorial']) retrieved from /home/airflow/.local/lib/python3.8/site-packages/airflow/example_dags/example_params_ui_tutorial.py
[2024-04-27T14:20:29.717+0000] {logging_mixin.py:151} INFO - [2024-04-27T14:20:29.716+0000] {dag.py:2907} INFO - Sync 1 DAGs
[2024-04-27T14:20:29.733+0000] {logging_mixin.py:151} INFO - [2024-04-27T14:20:29.732+0000] {dag.py:3677} INFO - Setting next_dagrun for example_params_ui_tutorial to None, run_after=None
[2024-04-27T14:20:29.754+0000] {processor.py:179} INFO - Processing /home/airflow/.local/lib/python3.8/site-packages/airflow/example_dags/example_params_ui_tutorial.py took 0.192 seconds
[2024-04-27T14:21:00.928+0000] {processor.py:157} INFO - Started process (PID=1251) to work on /home/airflow/.local/lib/python3.8/site-packages/airflow/example_dags/example_params_ui_tutorial.py
[2024-04-27T14:21:00.929+0000] {processor.py:829} INFO - Processing file /home/airflow/.local/lib/python3.8/site-packages/airflow/example_dags/example_params_ui_tutorial.py for tasks to queue
[2024-04-27T14:21:00.931+0000] {logging_mixin.py:151} INFO - [2024-04-27T14:21:00.930+0000] {dagbag.py:539} INFO - Filling up the DagBag from /home/airflow/.local/lib/python3.8/site-packages/airflow/example_dags/example_params_ui_tutorial.py
[2024-04-27T14:21:00.983+0000] {processor.py:839} INFO - DAG(s) dict_keys(['example_params_ui_tutorial']) retrieved from /home/airflow/.local/lib/python3.8/site-packages/airflow/example_dags/example_params_ui_tutorial.py
[2024-04-27T14:21:01.064+0000] {logging_mixin.py:151} INFO - [2024-04-27T14:21:01.064+0000] {dag.py:2907} INFO - Sync 1 DAGs
[2024-04-27T14:21:01.079+0000] {logging_mixin.py:151} INFO - [2024-04-27T14:21:01.079+0000] {dag.py:3677} INFO - Setting next_dagrun for example_params_ui_tutorial to None, run_after=None
[2024-04-27T14:21:01.101+0000] {processor.py:179} INFO - Processing /home/airflow/.local/lib/python3.8/site-packages/airflow/example_dags/example_params_ui_tutorial.py took 0.177 seconds
[2024-04-27T14:21:31.971+0000] {processor.py:157} INFO - Started process (PID=1315) to work on /home/airflow/.local/lib/python3.8/site-packages/airflow/example_dags/example_params_ui_tutorial.py
[2024-04-27T14:21:31.972+0000] {processor.py:829} INFO - Processing file /home/airflow/.local/lib/python3.8/site-packages/airflow/example_dags/example_params_ui_tutorial.py for tasks to queue
[2024-04-27T14:21:31.975+0000] {logging_mixin.py:151} INFO - [2024-04-27T14:21:31.975+0000] {dagbag.py:539} INFO - Filling up the DagBag from /home/airflow/.local/lib/python3.8/site-packages/airflow/example_dags/example_params_ui_tutorial.py
[2024-04-27T14:21:32.039+0000] {processor.py:839} INFO - DAG(s) dict_keys(['example_params_ui_tutorial']) retrieved from /home/airflow/.local/lib/python3.8/site-packages/airflow/example_dags/example_params_ui_tutorial.py
[2024-04-27T14:21:32.130+0000] {logging_mixin.py:151} INFO - [2024-04-27T14:21:32.130+0000] {dag.py:2907} INFO - Sync 1 DAGs
[2024-04-27T14:21:32.148+0000] {logging_mixin.py:151} INFO - [2024-04-27T14:21:32.148+0000] {dag.py:3677} INFO - Setting next_dagrun for example_params_ui_tutorial to None, run_after=None
[2024-04-27T14:21:32.176+0000] {processor.py:179} INFO - Processing /home/airflow/.local/lib/python3.8/site-packages/airflow/example_dags/example_params_ui_tutorial.py took 0.209 seconds
[2024-04-27T14:22:03.407+0000] {processor.py:157} INFO - Started process (PID=1388) to work on /home/airflow/.local/lib/python3.8/site-packages/airflow/example_dags/example_params_ui_tutorial.py
[2024-04-27T14:22:03.408+0000] {processor.py:829} INFO - Processing file /home/airflow/.local/lib/python3.8/site-packages/airflow/example_dags/example_params_ui_tutorial.py for tasks to queue
[2024-04-27T14:22:03.410+0000] {logging_mixin.py:151} INFO - [2024-04-27T14:22:03.410+0000] {dagbag.py:539} INFO - Filling up the DagBag from /home/airflow/.local/lib/python3.8/site-packages/airflow/example_dags/example_params_ui_tutorial.py
[2024-04-27T14:22:03.463+0000] {processor.py:839} INFO - DAG(s) dict_keys(['example_params_ui_tutorial']) retrieved from /home/airflow/.local/lib/python3.8/site-packages/airflow/example_dags/example_params_ui_tutorial.py
[2024-04-27T14:22:03.546+0000] {logging_mixin.py:151} INFO - [2024-04-27T14:22:03.545+0000] {dag.py:2907} INFO - Sync 1 DAGs
[2024-04-27T14:22:03.563+0000] {logging_mixin.py:151} INFO - [2024-04-27T14:22:03.563+0000] {dag.py:3677} INFO - Setting next_dagrun for example_params_ui_tutorial to None, run_after=None
[2024-04-27T14:22:03.585+0000] {processor.py:179} INFO - Processing /home/airflow/.local/lib/python3.8/site-packages/airflow/example_dags/example_params_ui_tutorial.py took 0.182 seconds
[2024-04-27T14:22:34.898+0000] {processor.py:157} INFO - Started process (PID=1453) to work on /home/airflow/.local/lib/python3.8/site-packages/airflow/example_dags/example_params_ui_tutorial.py
[2024-04-27T14:22:34.899+0000] {processor.py:829} INFO - Processing file /home/airflow/.local/lib/python3.8/site-packages/airflow/example_dags/example_params_ui_tutorial.py for tasks to queue
[2024-04-27T14:22:34.904+0000] {logging_mixin.py:151} INFO - [2024-04-27T14:22:34.903+0000] {dagbag.py:539} INFO - Filling up the DagBag from /home/airflow/.local/lib/python3.8/site-packages/airflow/example_dags/example_params_ui_tutorial.py
[2024-04-27T14:22:34.982+0000] {processor.py:839} INFO - DAG(s) dict_keys(['example_params_ui_tutorial']) retrieved from /home/airflow/.local/lib/python3.8/site-packages/airflow/example_dags/example_params_ui_tutorial.py
[2024-04-27T14:22:35.073+0000] {logging_mixin.py:151} INFO - [2024-04-27T14:22:35.073+0000] {dag.py:2907} INFO - Sync 1 DAGs
[2024-04-27T14:22:35.090+0000] {logging_mixin.py:151} INFO - [2024-04-27T14:22:35.090+0000] {dag.py:3677} INFO - Setting next_dagrun for example_params_ui_tutorial to None, run_after=None
[2024-04-27T14:22:35.113+0000] {processor.py:179} INFO - Processing /home/airflow/.local/lib/python3.8/site-packages/airflow/example_dags/example_params_ui_tutorial.py took 0.220 seconds
[2024-04-27T14:23:06.218+0000] {processor.py:157} INFO - Started process (PID=1524) to work on /home/airflow/.local/lib/python3.8/site-packages/airflow/example_dags/example_params_ui_tutorial.py
[2024-04-27T14:23:06.219+0000] {processor.py:829} INFO - Processing file /home/airflow/.local/lib/python3.8/site-packages/airflow/example_dags/example_params_ui_tutorial.py for tasks to queue
[2024-04-27T14:23:06.221+0000] {logging_mixin.py:151} INFO - [2024-04-27T14:23:06.221+0000] {dagbag.py:539} INFO - Filling up the DagBag from /home/airflow/.local/lib/python3.8/site-packages/airflow/example_dags/example_params_ui_tutorial.py
[2024-04-27T14:23:06.277+0000] {processor.py:839} INFO - DAG(s) dict_keys(['example_params_ui_tutorial']) retrieved from /home/airflow/.local/lib/python3.8/site-packages/airflow/example_dags/example_params_ui_tutorial.py
[2024-04-27T14:23:06.368+0000] {logging_mixin.py:151} INFO - [2024-04-27T14:23:06.368+0000] {dag.py:2907} INFO - Sync 1 DAGs
[2024-04-27T14:23:06.384+0000] {logging_mixin.py:151} INFO - [2024-04-27T14:23:06.384+0000] {dag.py:3677} INFO - Setting next_dagrun for example_params_ui_tutorial to None, run_after=None
[2024-04-27T14:23:06.408+0000] {processor.py:179} INFO - Processing /home/airflow/.local/lib/python3.8/site-packages/airflow/example_dags/example_params_ui_tutorial.py took 0.194 seconds
[2024-04-27T14:23:37.415+0000] {processor.py:157} INFO - Started process (PID=1588) to work on /home/airflow/.local/lib/python3.8/site-packages/airflow/example_dags/example_params_ui_tutorial.py
[2024-04-27T14:23:37.416+0000] {processor.py:829} INFO - Processing file /home/airflow/.local/lib/python3.8/site-packages/airflow/example_dags/example_params_ui_tutorial.py for tasks to queue
[2024-04-27T14:23:37.418+0000] {logging_mixin.py:151} INFO - [2024-04-27T14:23:37.418+0000] {dagbag.py:539} INFO - Filling up the DagBag from /home/airflow/.local/lib/python3.8/site-packages/airflow/example_dags/example_params_ui_tutorial.py
[2024-04-27T14:23:37.477+0000] {processor.py:839} INFO - DAG(s) dict_keys(['example_params_ui_tutorial']) retrieved from /home/airflow/.local/lib/python3.8/site-packages/airflow/example_dags/example_params_ui_tutorial.py
[2024-04-27T14:23:37.560+0000] {logging_mixin.py:151} INFO - [2024-04-27T14:23:37.560+0000] {dag.py:2907} INFO - Sync 1 DAGs
[2024-04-27T14:23:37.579+0000] {logging_mixin.py:151} INFO - [2024-04-27T14:23:37.579+0000] {dag.py:3677} INFO - Setting next_dagrun for example_params_ui_tutorial to None, run_after=None
[2024-04-27T14:23:37.602+0000] {processor.py:179} INFO - Processing /home/airflow/.local/lib/python3.8/site-packages/airflow/example_dags/example_params_ui_tutorial.py took 0.191 seconds
[2024-04-27T14:24:08.230+0000] {processor.py:157} INFO - Started process (PID=1660) to work on /home/airflow/.local/lib/python3.8/site-packages/airflow/example_dags/example_params_ui_tutorial.py
[2024-04-27T14:24:08.231+0000] {processor.py:829} INFO - Processing file /home/airflow/.local/lib/python3.8/site-packages/airflow/example_dags/example_params_ui_tutorial.py for tasks to queue
[2024-04-27T14:24:08.233+0000] {logging_mixin.py:151} INFO - [2024-04-27T14:24:08.233+0000] {dagbag.py:539} INFO - Filling up the DagBag from /home/airflow/.local/lib/python3.8/site-packages/airflow/example_dags/example_params_ui_tutorial.py
[2024-04-27T14:24:08.303+0000] {processor.py:839} INFO - DAG(s) dict_keys(['example_params_ui_tutorial']) retrieved from /home/airflow/.local/lib/python3.8/site-packages/airflow/example_dags/example_params_ui_tutorial.py
[2024-04-27T14:24:08.395+0000] {logging_mixin.py:151} INFO - [2024-04-27T14:24:08.395+0000] {dag.py:2907} INFO - Sync 1 DAGs
[2024-04-27T14:24:08.415+0000] {logging_mixin.py:151} INFO - [2024-04-27T14:24:08.415+0000] {dag.py:3677} INFO - Setting next_dagrun for example_params_ui_tutorial to None, run_after=None
[2024-04-27T14:24:08.448+0000] {processor.py:179} INFO - Processing /home/airflow/.local/lib/python3.8/site-packages/airflow/example_dags/example_params_ui_tutorial.py took 0.222 seconds
[2024-04-27T14:24:39.822+0000] {processor.py:157} INFO - Started process (PID=1725) to work on /home/airflow/.local/lib/python3.8/site-packages/airflow/example_dags/example_params_ui_tutorial.py
[2024-04-27T14:24:39.824+0000] {processor.py:829} INFO - Processing file /home/airflow/.local/lib/python3.8/site-packages/airflow/example_dags/example_params_ui_tutorial.py for tasks to queue
[2024-04-27T14:24:39.827+0000] {logging_mixin.py:151} INFO - [2024-04-27T14:24:39.827+0000] {dagbag.py:539} INFO - Filling up the DagBag from /home/airflow/.local/lib/python3.8/site-packages/airflow/example_dags/example_params_ui_tutorial.py
[2024-04-27T14:24:39.916+0000] {processor.py:839} INFO - DAG(s) dict_keys(['example_params_ui_tutorial']) retrieved from /home/airflow/.local/lib/python3.8/site-packages/airflow/example_dags/example_params_ui_tutorial.py
[2024-04-27T14:24:40.058+0000] {logging_mixin.py:151} INFO - [2024-04-27T14:24:40.057+0000] {dag.py:2907} INFO - Sync 1 DAGs
[2024-04-27T14:24:40.083+0000] {logging_mixin.py:151} INFO - [2024-04-27T14:24:40.083+0000] {dag.py:3677} INFO - Setting next_dagrun for example_params_ui_tutorial to None, run_after=None
[2024-04-27T14:24:40.113+0000] {processor.py:179} INFO - Processing /home/airflow/.local/lib/python3.8/site-packages/airflow/example_dags/example_params_ui_tutorial.py took 0.299 seconds
[2024-04-27T14:25:10.680+0000] {processor.py:157} INFO - Started process (PID=1790) to work on /home/airflow/.local/lib/python3.8/site-packages/airflow/example_dags/example_params_ui_tutorial.py
[2024-04-27T14:25:10.681+0000] {processor.py:829} INFO - Processing file /home/airflow/.local/lib/python3.8/site-packages/airflow/example_dags/example_params_ui_tutorial.py for tasks to queue
[2024-04-27T14:25:10.685+0000] {logging_mixin.py:151} INFO - [2024-04-27T14:25:10.684+0000] {dagbag.py:539} INFO - Filling up the DagBag from /home/airflow/.local/lib/python3.8/site-packages/airflow/example_dags/example_params_ui_tutorial.py
[2024-04-27T14:25:10.754+0000] {processor.py:839} INFO - DAG(s) dict_keys(['example_params_ui_tutorial']) retrieved from /home/airflow/.local/lib/python3.8/site-packages/airflow/example_dags/example_params_ui_tutorial.py
[2024-04-27T14:25:10.850+0000] {logging_mixin.py:151} INFO - [2024-04-27T14:25:10.850+0000] {dag.py:2907} INFO - Sync 1 DAGs
[2024-04-27T14:25:10.866+0000] {logging_mixin.py:151} INFO - [2024-04-27T14:25:10.866+0000] {dag.py:3677} INFO - Setting next_dagrun for example_params_ui_tutorial to None, run_after=None
[2024-04-27T14:25:10.890+0000] {processor.py:179} INFO - Processing /home/airflow/.local/lib/python3.8/site-packages/airflow/example_dags/example_params_ui_tutorial.py took 0.216 seconds
[2024-04-27T14:25:41.861+0000] {processor.py:157} INFO - Started process (PID=1863) to work on /home/airflow/.local/lib/python3.8/site-packages/airflow/example_dags/example_params_ui_tutorial.py
[2024-04-27T14:25:41.862+0000] {processor.py:829} INFO - Processing file /home/airflow/.local/lib/python3.8/site-packages/airflow/example_dags/example_params_ui_tutorial.py for tasks to queue
[2024-04-27T14:25:41.864+0000] {logging_mixin.py:151} INFO - [2024-04-27T14:25:41.864+0000] {dagbag.py:539} INFO - Filling up the DagBag from /home/airflow/.local/lib/python3.8/site-packages/airflow/example_dags/example_params_ui_tutorial.py
[2024-04-27T14:25:41.916+0000] {processor.py:839} INFO - DAG(s) dict_keys(['example_params_ui_tutorial']) retrieved from /home/airflow/.local/lib/python3.8/site-packages/airflow/example_dags/example_params_ui_tutorial.py
[2024-04-27T14:25:41.998+0000] {logging_mixin.py:151} INFO - [2024-04-27T14:25:41.997+0000] {dag.py:2907} INFO - Sync 1 DAGs
[2024-04-27T14:25:42.012+0000] {logging_mixin.py:151} INFO - [2024-04-27T14:25:42.012+0000] {dag.py:3677} INFO - Setting next_dagrun for example_params_ui_tutorial to None, run_after=None
[2024-04-27T14:25:42.033+0000] {processor.py:179} INFO - Processing /home/airflow/.local/lib/python3.8/site-packages/airflow/example_dags/example_params_ui_tutorial.py took 0.176 seconds
