[2024-04-27T13:44:19.927+0000] {processor.py:153} INFO - Started process (PID=69) to work on /home/airflow/.local/lib/python3.7/site-packages/airflow/example_dags/example_time_delta_sensor_async.py
[2024-04-27T13:44:19.929+0000] {processor.py:743} INFO - Processing file /home/airflow/.local/lib/python3.7/site-packages/airflow/example_dags/example_time_delta_sensor_async.py for tasks to queue
[2024-04-27T13:44:19.930+0000] {logging_mixin.py:137} INFO - [2024-04-27T13:44:19.930+0000] {dagbag.py:538} INFO - Filling up the DagBag from /home/airflow/.local/lib/python3.7/site-packages/airflow/example_dags/example_time_delta_sensor_async.py
[2024-04-27T13:44:19.956+0000] {processor.py:753} INFO - DAG(s) dict_keys(['example_time_delta_sensor_async']) retrieved from /home/airflow/.local/lib/python3.7/site-packages/airflow/example_dags/example_time_delta_sensor_async.py
[2024-04-27T13:44:20.015+0000] {logging_mixin.py:137} INFO - [2024-04-27T13:44:20.014+0000] {dag.py:2690} INFO - Sync 1 DAGs
[2024-04-27T13:44:20.092+0000] {logging_mixin.py:137} INFO - [2024-04-27T13:44:20.092+0000] {dag.py:3441} INFO - Setting next_dagrun for example_time_delta_sensor_async to None, run_after=None
[2024-04-27T13:44:20.144+0000] {processor.py:175} INFO - Processing /home/airflow/.local/lib/python3.7/site-packages/airflow/example_dags/example_time_delta_sensor_async.py took 0.245 seconds
[2024-04-27T13:44:51.131+0000] {processor.py:153} INFO - Started process (PID=132) to work on /home/airflow/.local/lib/python3.7/site-packages/airflow/example_dags/example_time_delta_sensor_async.py
[2024-04-27T13:44:51.132+0000] {processor.py:743} INFO - Processing file /home/airflow/.local/lib/python3.7/site-packages/airflow/example_dags/example_time_delta_sensor_async.py for tasks to queue
[2024-04-27T13:44:51.133+0000] {logging_mixin.py:137} INFO - [2024-04-27T13:44:51.133+0000] {dagbag.py:538} INFO - Filling up the DagBag from /home/airflow/.local/lib/python3.7/site-packages/airflow/example_dags/example_time_delta_sensor_async.py
[2024-04-27T13:44:51.165+0000] {processor.py:753} INFO - DAG(s) dict_keys(['example_time_delta_sensor_async']) retrieved from /home/airflow/.local/lib/python3.7/site-packages/airflow/example_dags/example_time_delta_sensor_async.py
[2024-04-27T13:44:51.214+0000] {logging_mixin.py:137} INFO - [2024-04-27T13:44:51.214+0000] {dag.py:2690} INFO - Sync 1 DAGs
[2024-04-27T13:44:51.314+0000] {logging_mixin.py:137} INFO - [2024-04-27T13:44:51.314+0000] {dag.py:3441} INFO - Setting next_dagrun for example_time_delta_sensor_async to None, run_after=None
[2024-04-27T13:44:51.386+0000] {processor.py:175} INFO - Processing /home/airflow/.local/lib/python3.7/site-packages/airflow/example_dags/example_time_delta_sensor_async.py took 0.260 seconds
[2024-04-27T13:45:22.123+0000] {processor.py:153} INFO - Started process (PID=204) to work on /home/airflow/.local/lib/python3.7/site-packages/airflow/example_dags/example_time_delta_sensor_async.py
[2024-04-27T13:45:22.124+0000] {processor.py:743} INFO - Processing file /home/airflow/.local/lib/python3.7/site-packages/airflow/example_dags/example_time_delta_sensor_async.py for tasks to queue
[2024-04-27T13:45:22.125+0000] {logging_mixin.py:137} INFO - [2024-04-27T13:45:22.125+0000] {dagbag.py:538} INFO - Filling up the DagBag from /home/airflow/.local/lib/python3.7/site-packages/airflow/example_dags/example_time_delta_sensor_async.py
[2024-04-27T13:45:22.147+0000] {processor.py:753} INFO - DAG(s) dict_keys(['example_time_delta_sensor_async']) retrieved from /home/airflow/.local/lib/python3.7/site-packages/airflow/example_dags/example_time_delta_sensor_async.py
[2024-04-27T13:45:22.191+0000] {logging_mixin.py:137} INFO - [2024-04-27T13:45:22.191+0000] {dag.py:2690} INFO - Sync 1 DAGs
[2024-04-27T13:45:22.249+0000] {logging_mixin.py:137} INFO - [2024-04-27T13:45:22.249+0000] {dag.py:3441} INFO - Setting next_dagrun for example_time_delta_sensor_async to None, run_after=None
[2024-04-27T13:45:22.287+0000] {processor.py:175} INFO - Processing /home/airflow/.local/lib/python3.7/site-packages/airflow/example_dags/example_time_delta_sensor_async.py took 0.170 seconds
[2024-04-27T13:45:52.574+0000] {processor.py:153} INFO - Started process (PID=271) to work on /home/airflow/.local/lib/python3.7/site-packages/airflow/example_dags/example_time_delta_sensor_async.py
[2024-04-27T13:45:52.575+0000] {processor.py:743} INFO - Processing file /home/airflow/.local/lib/python3.7/site-packages/airflow/example_dags/example_time_delta_sensor_async.py for tasks to queue
[2024-04-27T13:45:52.576+0000] {logging_mixin.py:137} INFO - [2024-04-27T13:45:52.576+0000] {dagbag.py:538} INFO - Filling up the DagBag from /home/airflow/.local/lib/python3.7/site-packages/airflow/example_dags/example_time_delta_sensor_async.py
[2024-04-27T13:45:52.592+0000] {processor.py:753} INFO - DAG(s) dict_keys(['example_time_delta_sensor_async']) retrieved from /home/airflow/.local/lib/python3.7/site-packages/airflow/example_dags/example_time_delta_sensor_async.py
[2024-04-27T13:45:52.631+0000] {logging_mixin.py:137} INFO - [2024-04-27T13:45:52.630+0000] {dag.py:2690} INFO - Sync 1 DAGs
[2024-04-27T13:45:52.670+0000] {logging_mixin.py:137} INFO - [2024-04-27T13:45:52.670+0000] {dag.py:3441} INFO - Setting next_dagrun for example_time_delta_sensor_async to None, run_after=None
[2024-04-27T13:45:52.704+0000] {processor.py:175} INFO - Processing /home/airflow/.local/lib/python3.7/site-packages/airflow/example_dags/example_time_delta_sensor_async.py took 0.135 seconds
[2024-04-27T13:46:22.817+0000] {processor.py:153} INFO - Started process (PID=335) to work on /home/airflow/.local/lib/python3.7/site-packages/airflow/example_dags/example_time_delta_sensor_async.py
[2024-04-27T13:46:22.818+0000] {processor.py:743} INFO - Processing file /home/airflow/.local/lib/python3.7/site-packages/airflow/example_dags/example_time_delta_sensor_async.py for tasks to queue
[2024-04-27T13:46:22.819+0000] {logging_mixin.py:137} INFO - [2024-04-27T13:46:22.819+0000] {dagbag.py:538} INFO - Filling up the DagBag from /home/airflow/.local/lib/python3.7/site-packages/airflow/example_dags/example_time_delta_sensor_async.py
[2024-04-27T13:46:22.842+0000] {processor.py:753} INFO - DAG(s) dict_keys(['example_time_delta_sensor_async']) retrieved from /home/airflow/.local/lib/python3.7/site-packages/airflow/example_dags/example_time_delta_sensor_async.py
[2024-04-27T13:46:22.885+0000] {logging_mixin.py:137} INFO - [2024-04-27T13:46:22.885+0000] {dag.py:2690} INFO - Sync 1 DAGs
[2024-04-27T13:46:22.938+0000] {logging_mixin.py:137} INFO - [2024-04-27T13:46:22.938+0000] {dag.py:3441} INFO - Setting next_dagrun for example_time_delta_sensor_async to None, run_after=None
[2024-04-27T13:46:22.971+0000] {processor.py:175} INFO - Processing /home/airflow/.local/lib/python3.7/site-packages/airflow/example_dags/example_time_delta_sensor_async.py took 0.160 seconds
[2024-04-27T13:46:53.208+0000] {processor.py:153} INFO - Started process (PID=398) to work on /home/airflow/.local/lib/python3.7/site-packages/airflow/example_dags/example_time_delta_sensor_async.py
[2024-04-27T13:46:53.208+0000] {processor.py:743} INFO - Processing file /home/airflow/.local/lib/python3.7/site-packages/airflow/example_dags/example_time_delta_sensor_async.py for tasks to queue
[2024-04-27T13:46:53.209+0000] {logging_mixin.py:137} INFO - [2024-04-27T13:46:53.209+0000] {dagbag.py:538} INFO - Filling up the DagBag from /home/airflow/.local/lib/python3.7/site-packages/airflow/example_dags/example_time_delta_sensor_async.py
[2024-04-27T13:46:53.226+0000] {processor.py:753} INFO - DAG(s) dict_keys(['example_time_delta_sensor_async']) retrieved from /home/airflow/.local/lib/python3.7/site-packages/airflow/example_dags/example_time_delta_sensor_async.py
[2024-04-27T13:46:53.268+0000] {logging_mixin.py:137} INFO - [2024-04-27T13:46:53.267+0000] {dag.py:2690} INFO - Sync 1 DAGs
[2024-04-27T13:46:53.313+0000] {logging_mixin.py:137} INFO - [2024-04-27T13:46:53.312+0000] {dag.py:3441} INFO - Setting next_dagrun for example_time_delta_sensor_async to None, run_after=None
[2024-04-27T13:46:53.342+0000] {processor.py:175} INFO - Processing /home/airflow/.local/lib/python3.7/site-packages/airflow/example_dags/example_time_delta_sensor_async.py took 0.139 seconds
[2024-04-27T13:47:23.900+0000] {processor.py:153} INFO - Started process (PID=463) to work on /home/airflow/.local/lib/python3.7/site-packages/airflow/example_dags/example_time_delta_sensor_async.py
[2024-04-27T13:47:23.901+0000] {processor.py:743} INFO - Processing file /home/airflow/.local/lib/python3.7/site-packages/airflow/example_dags/example_time_delta_sensor_async.py for tasks to queue
[2024-04-27T13:47:23.902+0000] {logging_mixin.py:137} INFO - [2024-04-27T13:47:23.901+0000] {dagbag.py:538} INFO - Filling up the DagBag from /home/airflow/.local/lib/python3.7/site-packages/airflow/example_dags/example_time_delta_sensor_async.py
[2024-04-27T13:47:23.923+0000] {processor.py:753} INFO - DAG(s) dict_keys(['example_time_delta_sensor_async']) retrieved from /home/airflow/.local/lib/python3.7/site-packages/airflow/example_dags/example_time_delta_sensor_async.py
[2024-04-27T13:47:23.963+0000] {logging_mixin.py:137} INFO - [2024-04-27T13:47:23.963+0000] {dag.py:2690} INFO - Sync 1 DAGs
[2024-04-27T13:47:24.015+0000] {logging_mixin.py:137} INFO - [2024-04-27T13:47:24.014+0000] {dag.py:3441} INFO - Setting next_dagrun for example_time_delta_sensor_async to None, run_after=None
[2024-04-27T13:47:24.047+0000] {processor.py:175} INFO - Processing /home/airflow/.local/lib/python3.7/site-packages/airflow/example_dags/example_time_delta_sensor_async.py took 0.152 seconds
[2024-04-27T13:47:54.655+0000] {processor.py:153} INFO - Started process (PID=539) to work on /home/airflow/.local/lib/python3.7/site-packages/airflow/example_dags/example_time_delta_sensor_async.py
[2024-04-27T13:47:54.656+0000] {processor.py:743} INFO - Processing file /home/airflow/.local/lib/python3.7/site-packages/airflow/example_dags/example_time_delta_sensor_async.py for tasks to queue
[2024-04-27T13:47:54.657+0000] {logging_mixin.py:137} INFO - [2024-04-27T13:47:54.657+0000] {dagbag.py:538} INFO - Filling up the DagBag from /home/airflow/.local/lib/python3.7/site-packages/airflow/example_dags/example_time_delta_sensor_async.py
[2024-04-27T13:47:54.682+0000] {processor.py:753} INFO - DAG(s) dict_keys(['example_time_delta_sensor_async']) retrieved from /home/airflow/.local/lib/python3.7/site-packages/airflow/example_dags/example_time_delta_sensor_async.py
[2024-04-27T13:47:54.734+0000] {logging_mixin.py:137} INFO - [2024-04-27T13:47:54.734+0000] {dag.py:2690} INFO - Sync 1 DAGs
[2024-04-27T13:47:54.793+0000] {logging_mixin.py:137} INFO - [2024-04-27T13:47:54.792+0000] {dag.py:3441} INFO - Setting next_dagrun for example_time_delta_sensor_async to None, run_after=None
[2024-04-27T13:47:54.824+0000] {processor.py:175} INFO - Processing /home/airflow/.local/lib/python3.7/site-packages/airflow/example_dags/example_time_delta_sensor_async.py took 0.177 seconds
[2024-04-27T13:48:24.927+0000] {processor.py:153} INFO - Started process (PID=603) to work on /home/airflow/.local/lib/python3.7/site-packages/airflow/example_dags/example_time_delta_sensor_async.py
[2024-04-27T13:48:24.928+0000] {processor.py:743} INFO - Processing file /home/airflow/.local/lib/python3.7/site-packages/airflow/example_dags/example_time_delta_sensor_async.py for tasks to queue
[2024-04-27T13:48:24.929+0000] {logging_mixin.py:137} INFO - [2024-04-27T13:48:24.929+0000] {dagbag.py:538} INFO - Filling up the DagBag from /home/airflow/.local/lib/python3.7/site-packages/airflow/example_dags/example_time_delta_sensor_async.py
[2024-04-27T13:48:24.951+0000] {processor.py:753} INFO - DAG(s) dict_keys(['example_time_delta_sensor_async']) retrieved from /home/airflow/.local/lib/python3.7/site-packages/airflow/example_dags/example_time_delta_sensor_async.py
[2024-04-27T13:48:25.000+0000] {logging_mixin.py:137} INFO - [2024-04-27T13:48:25.000+0000] {dag.py:2690} INFO - Sync 1 DAGs
[2024-04-27T13:48:25.085+0000] {logging_mixin.py:137} INFO - [2024-04-27T13:48:25.085+0000] {dag.py:3441} INFO - Setting next_dagrun for example_time_delta_sensor_async to None, run_after=None
[2024-04-27T13:48:25.145+0000] {processor.py:175} INFO - Processing /home/airflow/.local/lib/python3.7/site-packages/airflow/example_dags/example_time_delta_sensor_async.py took 0.223 seconds
[2024-04-27T13:48:55.594+0000] {processor.py:153} INFO - Started process (PID=667) to work on /home/airflow/.local/lib/python3.7/site-packages/airflow/example_dags/example_time_delta_sensor_async.py
[2024-04-27T13:48:55.595+0000] {processor.py:743} INFO - Processing file /home/airflow/.local/lib/python3.7/site-packages/airflow/example_dags/example_time_delta_sensor_async.py for tasks to queue
[2024-04-27T13:48:55.596+0000] {logging_mixin.py:137} INFO - [2024-04-27T13:48:55.595+0000] {dagbag.py:538} INFO - Filling up the DagBag from /home/airflow/.local/lib/python3.7/site-packages/airflow/example_dags/example_time_delta_sensor_async.py
[2024-04-27T13:48:55.610+0000] {processor.py:753} INFO - DAG(s) dict_keys(['example_time_delta_sensor_async']) retrieved from /home/airflow/.local/lib/python3.7/site-packages/airflow/example_dags/example_time_delta_sensor_async.py
[2024-04-27T13:48:55.643+0000] {logging_mixin.py:137} INFO - [2024-04-27T13:48:55.643+0000] {dag.py:2690} INFO - Sync 1 DAGs
[2024-04-27T13:48:55.681+0000] {logging_mixin.py:137} INFO - [2024-04-27T13:48:55.681+0000] {dag.py:3441} INFO - Setting next_dagrun for example_time_delta_sensor_async to None, run_after=None
[2024-04-27T13:48:55.707+0000] {processor.py:175} INFO - Processing /home/airflow/.local/lib/python3.7/site-packages/airflow/example_dags/example_time_delta_sensor_async.py took 0.116 seconds
[2024-04-27T13:49:26.348+0000] {processor.py:153} INFO - Started process (PID=731) to work on /home/airflow/.local/lib/python3.7/site-packages/airflow/example_dags/example_time_delta_sensor_async.py
[2024-04-27T13:49:26.349+0000] {processor.py:743} INFO - Processing file /home/airflow/.local/lib/python3.7/site-packages/airflow/example_dags/example_time_delta_sensor_async.py for tasks to queue
[2024-04-27T13:49:26.350+0000] {logging_mixin.py:137} INFO - [2024-04-27T13:49:26.349+0000] {dagbag.py:538} INFO - Filling up the DagBag from /home/airflow/.local/lib/python3.7/site-packages/airflow/example_dags/example_time_delta_sensor_async.py
[2024-04-27T13:49:26.368+0000] {processor.py:753} INFO - DAG(s) dict_keys(['example_time_delta_sensor_async']) retrieved from /home/airflow/.local/lib/python3.7/site-packages/airflow/example_dags/example_time_delta_sensor_async.py
[2024-04-27T13:49:26.405+0000] {logging_mixin.py:137} INFO - [2024-04-27T13:49:26.405+0000] {dag.py:2690} INFO - Sync 1 DAGs
[2024-04-27T13:49:26.445+0000] {logging_mixin.py:137} INFO - [2024-04-27T13:49:26.445+0000] {dag.py:3441} INFO - Setting next_dagrun for example_time_delta_sensor_async to None, run_after=None
[2024-04-27T13:49:26.478+0000] {processor.py:175} INFO - Processing /home/airflow/.local/lib/python3.7/site-packages/airflow/example_dags/example_time_delta_sensor_async.py took 0.136 seconds
[2024-04-27T13:49:56.934+0000] {processor.py:153} INFO - Started process (PID=801) to work on /home/airflow/.local/lib/python3.7/site-packages/airflow/example_dags/example_time_delta_sensor_async.py
[2024-04-27T13:49:56.935+0000] {processor.py:743} INFO - Processing file /home/airflow/.local/lib/python3.7/site-packages/airflow/example_dags/example_time_delta_sensor_async.py for tasks to queue
[2024-04-27T13:49:56.936+0000] {logging_mixin.py:137} INFO - [2024-04-27T13:49:56.936+0000] {dagbag.py:538} INFO - Filling up the DagBag from /home/airflow/.local/lib/python3.7/site-packages/airflow/example_dags/example_time_delta_sensor_async.py
[2024-04-27T13:49:56.961+0000] {processor.py:753} INFO - DAG(s) dict_keys(['example_time_delta_sensor_async']) retrieved from /home/airflow/.local/lib/python3.7/site-packages/airflow/example_dags/example_time_delta_sensor_async.py
[2024-04-27T13:49:57.007+0000] {logging_mixin.py:137} INFO - [2024-04-27T13:49:57.006+0000] {dag.py:2690} INFO - Sync 1 DAGs
[2024-04-27T13:49:57.059+0000] {logging_mixin.py:137} INFO - [2024-04-27T13:49:57.059+0000] {dag.py:3441} INFO - Setting next_dagrun for example_time_delta_sensor_async to None, run_after=None
[2024-04-27T13:49:57.098+0000] {processor.py:175} INFO - Processing /home/airflow/.local/lib/python3.7/site-packages/airflow/example_dags/example_time_delta_sensor_async.py took 0.169 seconds
[2024-04-27T13:50:27.526+0000] {processor.py:153} INFO - Started process (PID=869) to work on /home/airflow/.local/lib/python3.7/site-packages/airflow/example_dags/example_time_delta_sensor_async.py
[2024-04-27T13:50:27.527+0000] {processor.py:743} INFO - Processing file /home/airflow/.local/lib/python3.7/site-packages/airflow/example_dags/example_time_delta_sensor_async.py for tasks to queue
[2024-04-27T13:50:27.528+0000] {logging_mixin.py:137} INFO - [2024-04-27T13:50:27.527+0000] {dagbag.py:538} INFO - Filling up the DagBag from /home/airflow/.local/lib/python3.7/site-packages/airflow/example_dags/example_time_delta_sensor_async.py
[2024-04-27T13:50:27.550+0000] {processor.py:753} INFO - DAG(s) dict_keys(['example_time_delta_sensor_async']) retrieved from /home/airflow/.local/lib/python3.7/site-packages/airflow/example_dags/example_time_delta_sensor_async.py
[2024-04-27T13:50:27.591+0000] {logging_mixin.py:137} INFO - [2024-04-27T13:50:27.591+0000] {dag.py:2690} INFO - Sync 1 DAGs
[2024-04-27T13:50:27.637+0000] {logging_mixin.py:137} INFO - [2024-04-27T13:50:27.637+0000] {dag.py:3441} INFO - Setting next_dagrun for example_time_delta_sensor_async to None, run_after=None
[2024-04-27T13:50:27.662+0000] {processor.py:175} INFO - Processing /home/airflow/.local/lib/python3.7/site-packages/airflow/example_dags/example_time_delta_sensor_async.py took 0.142 seconds
[2024-04-27T13:50:58.384+0000] {processor.py:153} INFO - Started process (PID=932) to work on /home/airflow/.local/lib/python3.7/site-packages/airflow/example_dags/example_time_delta_sensor_async.py
[2024-04-27T13:50:58.385+0000] {processor.py:743} INFO - Processing file /home/airflow/.local/lib/python3.7/site-packages/airflow/example_dags/example_time_delta_sensor_async.py for tasks to queue
[2024-04-27T13:50:58.386+0000] {logging_mixin.py:137} INFO - [2024-04-27T13:50:58.386+0000] {dagbag.py:538} INFO - Filling up the DagBag from /home/airflow/.local/lib/python3.7/site-packages/airflow/example_dags/example_time_delta_sensor_async.py
[2024-04-27T13:50:58.403+0000] {processor.py:753} INFO - DAG(s) dict_keys(['example_time_delta_sensor_async']) retrieved from /home/airflow/.local/lib/python3.7/site-packages/airflow/example_dags/example_time_delta_sensor_async.py
[2024-04-27T13:50:58.435+0000] {logging_mixin.py:137} INFO - [2024-04-27T13:50:58.434+0000] {dag.py:2690} INFO - Sync 1 DAGs
[2024-04-27T13:50:58.482+0000] {logging_mixin.py:137} INFO - [2024-04-27T13:50:58.481+0000] {dag.py:3441} INFO - Setting next_dagrun for example_time_delta_sensor_async to None, run_after=None
[2024-04-27T13:50:58.510+0000] {processor.py:175} INFO - Processing /home/airflow/.local/lib/python3.7/site-packages/airflow/example_dags/example_time_delta_sensor_async.py took 0.130 seconds
[2024-04-27T13:51:29.089+0000] {processor.py:153} INFO - Started process (PID=995) to work on /home/airflow/.local/lib/python3.7/site-packages/airflow/example_dags/example_time_delta_sensor_async.py
[2024-04-27T13:51:29.090+0000] {processor.py:743} INFO - Processing file /home/airflow/.local/lib/python3.7/site-packages/airflow/example_dags/example_time_delta_sensor_async.py for tasks to queue
[2024-04-27T13:51:29.091+0000] {logging_mixin.py:137} INFO - [2024-04-27T13:51:29.091+0000] {dagbag.py:538} INFO - Filling up the DagBag from /home/airflow/.local/lib/python3.7/site-packages/airflow/example_dags/example_time_delta_sensor_async.py
[2024-04-27T13:51:29.112+0000] {processor.py:753} INFO - DAG(s) dict_keys(['example_time_delta_sensor_async']) retrieved from /home/airflow/.local/lib/python3.7/site-packages/airflow/example_dags/example_time_delta_sensor_async.py
[2024-04-27T13:51:29.161+0000] {logging_mixin.py:137} INFO - [2024-04-27T13:51:29.161+0000] {dag.py:2690} INFO - Sync 1 DAGs
[2024-04-27T13:51:29.212+0000] {logging_mixin.py:137} INFO - [2024-04-27T13:51:29.212+0000] {dag.py:3441} INFO - Setting next_dagrun for example_time_delta_sensor_async to None, run_after=None
[2024-04-27T13:51:29.248+0000] {processor.py:175} INFO - Processing /home/airflow/.local/lib/python3.7/site-packages/airflow/example_dags/example_time_delta_sensor_async.py took 0.164 seconds
[2024-04-27T13:51:59.370+0000] {processor.py:153} INFO - Started process (PID=1056) to work on /home/airflow/.local/lib/python3.7/site-packages/airflow/example_dags/example_time_delta_sensor_async.py
[2024-04-27T13:51:59.371+0000] {processor.py:743} INFO - Processing file /home/airflow/.local/lib/python3.7/site-packages/airflow/example_dags/example_time_delta_sensor_async.py for tasks to queue
[2024-04-27T13:51:59.371+0000] {logging_mixin.py:137} INFO - [2024-04-27T13:51:59.371+0000] {dagbag.py:538} INFO - Filling up the DagBag from /home/airflow/.local/lib/python3.7/site-packages/airflow/example_dags/example_time_delta_sensor_async.py
[2024-04-27T13:51:59.385+0000] {processor.py:753} INFO - DAG(s) dict_keys(['example_time_delta_sensor_async']) retrieved from /home/airflow/.local/lib/python3.7/site-packages/airflow/example_dags/example_time_delta_sensor_async.py
[2024-04-27T13:51:59.415+0000] {logging_mixin.py:137} INFO - [2024-04-27T13:51:59.414+0000] {dag.py:2690} INFO - Sync 1 DAGs
[2024-04-27T13:51:59.446+0000] {logging_mixin.py:137} INFO - [2024-04-27T13:51:59.446+0000] {dag.py:3441} INFO - Setting next_dagrun for example_time_delta_sensor_async to None, run_after=None
[2024-04-27T13:51:59.473+0000] {processor.py:175} INFO - Processing /home/airflow/.local/lib/python3.7/site-packages/airflow/example_dags/example_time_delta_sensor_async.py took 0.107 seconds
[2024-04-27T13:52:30.058+0000] {processor.py:153} INFO - Started process (PID=1132) to work on /home/airflow/.local/lib/python3.7/site-packages/airflow/example_dags/example_time_delta_sensor_async.py
[2024-04-27T13:52:30.059+0000] {processor.py:743} INFO - Processing file /home/airflow/.local/lib/python3.7/site-packages/airflow/example_dags/example_time_delta_sensor_async.py for tasks to queue
[2024-04-27T13:52:30.061+0000] {logging_mixin.py:137} INFO - [2024-04-27T13:52:30.060+0000] {dagbag.py:538} INFO - Filling up the DagBag from /home/airflow/.local/lib/python3.7/site-packages/airflow/example_dags/example_time_delta_sensor_async.py
[2024-04-27T13:52:30.081+0000] {processor.py:753} INFO - DAG(s) dict_keys(['example_time_delta_sensor_async']) retrieved from /home/airflow/.local/lib/python3.7/site-packages/airflow/example_dags/example_time_delta_sensor_async.py
[2024-04-27T13:52:30.123+0000] {logging_mixin.py:137} INFO - [2024-04-27T13:52:30.123+0000] {dag.py:2690} INFO - Sync 1 DAGs
[2024-04-27T13:52:30.168+0000] {logging_mixin.py:137} INFO - [2024-04-27T13:52:30.168+0000] {dag.py:3441} INFO - Setting next_dagrun for example_time_delta_sensor_async to None, run_after=None
[2024-04-27T13:52:30.199+0000] {processor.py:175} INFO - Processing /home/airflow/.local/lib/python3.7/site-packages/airflow/example_dags/example_time_delta_sensor_async.py took 0.147 seconds
[2024-04-27T13:53:01.109+0000] {processor.py:153} INFO - Started process (PID=1197) to work on /home/airflow/.local/lib/python3.7/site-packages/airflow/example_dags/example_time_delta_sensor_async.py
[2024-04-27T13:53:01.110+0000] {processor.py:743} INFO - Processing file /home/airflow/.local/lib/python3.7/site-packages/airflow/example_dags/example_time_delta_sensor_async.py for tasks to queue
[2024-04-27T13:53:01.110+0000] {logging_mixin.py:137} INFO - [2024-04-27T13:53:01.110+0000] {dagbag.py:538} INFO - Filling up the DagBag from /home/airflow/.local/lib/python3.7/site-packages/airflow/example_dags/example_time_delta_sensor_async.py
[2024-04-27T13:53:01.127+0000] {processor.py:753} INFO - DAG(s) dict_keys(['example_time_delta_sensor_async']) retrieved from /home/airflow/.local/lib/python3.7/site-packages/airflow/example_dags/example_time_delta_sensor_async.py
[2024-04-27T13:53:01.165+0000] {logging_mixin.py:137} INFO - [2024-04-27T13:53:01.165+0000] {dag.py:2690} INFO - Sync 1 DAGs
[2024-04-27T13:53:01.202+0000] {logging_mixin.py:137} INFO - [2024-04-27T13:53:01.202+0000] {dag.py:3441} INFO - Setting next_dagrun for example_time_delta_sensor_async to None, run_after=None
[2024-04-27T13:53:01.226+0000] {processor.py:175} INFO - Processing /home/airflow/.local/lib/python3.7/site-packages/airflow/example_dags/example_time_delta_sensor_async.py took 0.122 seconds
[2024-04-27T13:53:32.339+0000] {processor.py:153} INFO - Started process (PID=1260) to work on /home/airflow/.local/lib/python3.7/site-packages/airflow/example_dags/example_time_delta_sensor_async.py
[2024-04-27T13:53:32.340+0000] {processor.py:743} INFO - Processing file /home/airflow/.local/lib/python3.7/site-packages/airflow/example_dags/example_time_delta_sensor_async.py for tasks to queue
[2024-04-27T13:53:32.342+0000] {logging_mixin.py:137} INFO - [2024-04-27T13:53:32.341+0000] {dagbag.py:538} INFO - Filling up the DagBag from /home/airflow/.local/lib/python3.7/site-packages/airflow/example_dags/example_time_delta_sensor_async.py
[2024-04-27T13:53:32.363+0000] {processor.py:753} INFO - DAG(s) dict_keys(['example_time_delta_sensor_async']) retrieved from /home/airflow/.local/lib/python3.7/site-packages/airflow/example_dags/example_time_delta_sensor_async.py
[2024-04-27T13:53:32.409+0000] {logging_mixin.py:137} INFO - [2024-04-27T13:53:32.409+0000] {dag.py:2690} INFO - Sync 1 DAGs
[2024-04-27T13:53:32.463+0000] {logging_mixin.py:137} INFO - [2024-04-27T13:53:32.463+0000] {dag.py:3441} INFO - Setting next_dagrun for example_time_delta_sensor_async to None, run_after=None
[2024-04-27T13:53:32.497+0000] {processor.py:175} INFO - Processing /home/airflow/.local/lib/python3.7/site-packages/airflow/example_dags/example_time_delta_sensor_async.py took 0.164 seconds
[2024-04-27T13:54:03.270+0000] {processor.py:153} INFO - Started process (PID=1336) to work on /home/airflow/.local/lib/python3.7/site-packages/airflow/example_dags/example_time_delta_sensor_async.py
[2024-04-27T13:54:03.271+0000] {processor.py:743} INFO - Processing file /home/airflow/.local/lib/python3.7/site-packages/airflow/example_dags/example_time_delta_sensor_async.py for tasks to queue
[2024-04-27T13:54:03.281+0000] {logging_mixin.py:137} INFO - [2024-04-27T13:54:03.280+0000] {dagbag.py:538} INFO - Filling up the DagBag from /home/airflow/.local/lib/python3.7/site-packages/airflow/example_dags/example_time_delta_sensor_async.py
[2024-04-27T13:54:03.320+0000] {processor.py:753} INFO - DAG(s) dict_keys(['example_time_delta_sensor_async']) retrieved from /home/airflow/.local/lib/python3.7/site-packages/airflow/example_dags/example_time_delta_sensor_async.py
[2024-04-27T13:54:03.384+0000] {logging_mixin.py:137} INFO - [2024-04-27T13:54:03.384+0000] {dag.py:2690} INFO - Sync 1 DAGs
[2024-04-27T13:54:03.450+0000] {logging_mixin.py:137} INFO - [2024-04-27T13:54:03.450+0000] {dag.py:3441} INFO - Setting next_dagrun for example_time_delta_sensor_async to None, run_after=None
[2024-04-27T13:54:03.527+0000] {processor.py:175} INFO - Processing /home/airflow/.local/lib/python3.7/site-packages/airflow/example_dags/example_time_delta_sensor_async.py took 0.279 seconds
[2024-04-27T14:03:21.065+0000] {processor.py:157} INFO - Started process (PID=74) to work on /home/airflow/.local/lib/python3.8/site-packages/airflow/example_dags/example_time_delta_sensor_async.py
[2024-04-27T14:03:21.066+0000] {processor.py:829} INFO - Processing file /home/airflow/.local/lib/python3.8/site-packages/airflow/example_dags/example_time_delta_sensor_async.py for tasks to queue
[2024-04-27T14:03:21.070+0000] {logging_mixin.py:151} INFO - [2024-04-27T14:03:21.069+0000] {dagbag.py:539} INFO - Filling up the DagBag from /home/airflow/.local/lib/python3.8/site-packages/airflow/example_dags/example_time_delta_sensor_async.py
[2024-04-27T14:03:21.081+0000] {processor.py:839} INFO - DAG(s) dict_keys(['example_time_delta_sensor_async']) retrieved from /home/airflow/.local/lib/python3.8/site-packages/airflow/example_dags/example_time_delta_sensor_async.py
[2024-04-27T14:03:21.439+0000] {logging_mixin.py:151} INFO - [2024-04-27T14:03:21.439+0000] {manager.py:501} INFO - Created Permission View: can read on DAG:example_time_delta_sensor_async
[2024-04-27T14:03:21.459+0000] {logging_mixin.py:151} INFO - [2024-04-27T14:03:21.459+0000] {manager.py:501} INFO - Created Permission View: can edit on DAG:example_time_delta_sensor_async
[2024-04-27T14:03:21.478+0000] {logging_mixin.py:151} INFO - [2024-04-27T14:03:21.478+0000] {manager.py:501} INFO - Created Permission View: can delete on DAG:example_time_delta_sensor_async
[2024-04-27T14:03:21.508+0000] {logging_mixin.py:151} INFO - [2024-04-27T14:03:21.508+0000] {dag.py:2907} INFO - Sync 1 DAGs
[2024-04-27T14:03:21.532+0000] {logging_mixin.py:151} INFO - [2024-04-27T14:03:21.532+0000] {dag.py:2929} INFO - Creating ORM DAG for example_time_delta_sensor_async
[2024-04-27T14:03:21.533+0000] {logging_mixin.py:151} INFO - [2024-04-27T14:03:21.533+0000] {dag.py:3677} INFO - Setting next_dagrun for example_time_delta_sensor_async to None, run_after=None
[2024-04-27T14:03:21.565+0000] {processor.py:179} INFO - Processing /home/airflow/.local/lib/python3.8/site-packages/airflow/example_dags/example_time_delta_sensor_async.py took 0.505 seconds
[2024-04-27T14:03:52.175+0000] {processor.py:157} INFO - Started process (PID=137) to work on /home/airflow/.local/lib/python3.8/site-packages/airflow/example_dags/example_time_delta_sensor_async.py
[2024-04-27T14:03:52.177+0000] {processor.py:829} INFO - Processing file /home/airflow/.local/lib/python3.8/site-packages/airflow/example_dags/example_time_delta_sensor_async.py for tasks to queue
[2024-04-27T14:03:52.182+0000] {logging_mixin.py:151} INFO - [2024-04-27T14:03:52.182+0000] {dagbag.py:539} INFO - Filling up the DagBag from /home/airflow/.local/lib/python3.8/site-packages/airflow/example_dags/example_time_delta_sensor_async.py
[2024-04-27T14:03:52.188+0000] {processor.py:839} INFO - DAG(s) dict_keys(['example_time_delta_sensor_async']) retrieved from /home/airflow/.local/lib/python3.8/site-packages/airflow/example_dags/example_time_delta_sensor_async.py
[2024-04-27T14:03:52.223+0000] {logging_mixin.py:151} INFO - [2024-04-27T14:03:52.223+0000] {dag.py:2907} INFO - Sync 1 DAGs
[2024-04-27T14:03:52.245+0000] {logging_mixin.py:151} INFO - [2024-04-27T14:03:52.245+0000] {dag.py:3677} INFO - Setting next_dagrun for example_time_delta_sensor_async to None, run_after=None
[2024-04-27T14:03:52.272+0000] {processor.py:179} INFO - Processing /home/airflow/.local/lib/python3.8/site-packages/airflow/example_dags/example_time_delta_sensor_async.py took 0.102 seconds
[2024-04-27T14:04:22.352+0000] {processor.py:157} INFO - Started process (PID=206) to work on /home/airflow/.local/lib/python3.8/site-packages/airflow/example_dags/example_time_delta_sensor_async.py
[2024-04-27T14:04:22.354+0000] {processor.py:829} INFO - Processing file /home/airflow/.local/lib/python3.8/site-packages/airflow/example_dags/example_time_delta_sensor_async.py for tasks to queue
[2024-04-27T14:04:22.357+0000] {logging_mixin.py:151} INFO - [2024-04-27T14:04:22.357+0000] {dagbag.py:539} INFO - Filling up the DagBag from /home/airflow/.local/lib/python3.8/site-packages/airflow/example_dags/example_time_delta_sensor_async.py
[2024-04-27T14:04:22.365+0000] {processor.py:839} INFO - DAG(s) dict_keys(['example_time_delta_sensor_async']) retrieved from /home/airflow/.local/lib/python3.8/site-packages/airflow/example_dags/example_time_delta_sensor_async.py
[2024-04-27T14:04:22.401+0000] {logging_mixin.py:151} INFO - [2024-04-27T14:04:22.401+0000] {dag.py:2907} INFO - Sync 1 DAGs
[2024-04-27T14:04:22.424+0000] {logging_mixin.py:151} INFO - [2024-04-27T14:04:22.424+0000] {dag.py:3677} INFO - Setting next_dagrun for example_time_delta_sensor_async to None, run_after=None
[2024-04-27T14:04:22.455+0000] {processor.py:179} INFO - Processing /home/airflow/.local/lib/python3.8/site-packages/airflow/example_dags/example_time_delta_sensor_async.py took 0.108 seconds
[2024-04-27T14:04:52.847+0000] {processor.py:157} INFO - Started process (PID=270) to work on /home/airflow/.local/lib/python3.8/site-packages/airflow/example_dags/example_time_delta_sensor_async.py
[2024-04-27T14:04:52.848+0000] {processor.py:829} INFO - Processing file /home/airflow/.local/lib/python3.8/site-packages/airflow/example_dags/example_time_delta_sensor_async.py for tasks to queue
[2024-04-27T14:04:52.851+0000] {logging_mixin.py:151} INFO - [2024-04-27T14:04:52.851+0000] {dagbag.py:539} INFO - Filling up the DagBag from /home/airflow/.local/lib/python3.8/site-packages/airflow/example_dags/example_time_delta_sensor_async.py
[2024-04-27T14:04:52.858+0000] {processor.py:839} INFO - DAG(s) dict_keys(['example_time_delta_sensor_async']) retrieved from /home/airflow/.local/lib/python3.8/site-packages/airflow/example_dags/example_time_delta_sensor_async.py
[2024-04-27T14:04:52.884+0000] {logging_mixin.py:151} INFO - [2024-04-27T14:04:52.884+0000] {dag.py:2907} INFO - Sync 1 DAGs
[2024-04-27T14:04:52.905+0000] {logging_mixin.py:151} INFO - [2024-04-27T14:04:52.905+0000] {dag.py:3677} INFO - Setting next_dagrun for example_time_delta_sensor_async to None, run_after=None
[2024-04-27T14:04:52.929+0000] {processor.py:179} INFO - Processing /home/airflow/.local/lib/python3.8/site-packages/airflow/example_dags/example_time_delta_sensor_async.py took 0.089 seconds
[2024-04-27T14:05:23.045+0000] {processor.py:157} INFO - Started process (PID=334) to work on /home/airflow/.local/lib/python3.8/site-packages/airflow/example_dags/example_time_delta_sensor_async.py
[2024-04-27T14:05:23.046+0000] {processor.py:829} INFO - Processing file /home/airflow/.local/lib/python3.8/site-packages/airflow/example_dags/example_time_delta_sensor_async.py for tasks to queue
[2024-04-27T14:05:23.050+0000] {logging_mixin.py:151} INFO - [2024-04-27T14:05:23.049+0000] {dagbag.py:539} INFO - Filling up the DagBag from /home/airflow/.local/lib/python3.8/site-packages/airflow/example_dags/example_time_delta_sensor_async.py
[2024-04-27T14:05:23.057+0000] {processor.py:839} INFO - DAG(s) dict_keys(['example_time_delta_sensor_async']) retrieved from /home/airflow/.local/lib/python3.8/site-packages/airflow/example_dags/example_time_delta_sensor_async.py
[2024-04-27T14:05:23.088+0000] {logging_mixin.py:151} INFO - [2024-04-27T14:05:23.087+0000] {dag.py:2907} INFO - Sync 1 DAGs
[2024-04-27T14:05:23.110+0000] {logging_mixin.py:151} INFO - [2024-04-27T14:05:23.110+0000] {dag.py:3677} INFO - Setting next_dagrun for example_time_delta_sensor_async to None, run_after=None
[2024-04-27T14:05:23.138+0000] {processor.py:179} INFO - Processing /home/airflow/.local/lib/python3.8/site-packages/airflow/example_dags/example_time_delta_sensor_async.py took 0.098 seconds
[2024-04-27T14:05:53.390+0000] {processor.py:157} INFO - Started process (PID=398) to work on /home/airflow/.local/lib/python3.8/site-packages/airflow/example_dags/example_time_delta_sensor_async.py
[2024-04-27T14:05:53.391+0000] {processor.py:829} INFO - Processing file /home/airflow/.local/lib/python3.8/site-packages/airflow/example_dags/example_time_delta_sensor_async.py for tasks to queue
[2024-04-27T14:05:53.393+0000] {logging_mixin.py:151} INFO - [2024-04-27T14:05:53.393+0000] {dagbag.py:539} INFO - Filling up the DagBag from /home/airflow/.local/lib/python3.8/site-packages/airflow/example_dags/example_time_delta_sensor_async.py
[2024-04-27T14:05:53.398+0000] {processor.py:839} INFO - DAG(s) dict_keys(['example_time_delta_sensor_async']) retrieved from /home/airflow/.local/lib/python3.8/site-packages/airflow/example_dags/example_time_delta_sensor_async.py
[2024-04-27T14:05:53.427+0000] {logging_mixin.py:151} INFO - [2024-04-27T14:05:53.426+0000] {dag.py:2907} INFO - Sync 1 DAGs
[2024-04-27T14:05:53.447+0000] {logging_mixin.py:151} INFO - [2024-04-27T14:05:53.446+0000] {dag.py:3677} INFO - Setting next_dagrun for example_time_delta_sensor_async to None, run_after=None
[2024-04-27T14:05:53.476+0000] {processor.py:179} INFO - Processing /home/airflow/.local/lib/python3.8/site-packages/airflow/example_dags/example_time_delta_sensor_async.py took 0.090 seconds
[2024-04-27T14:06:23.905+0000] {processor.py:157} INFO - Started process (PID=468) to work on /home/airflow/.local/lib/python3.8/site-packages/airflow/example_dags/example_time_delta_sensor_async.py
[2024-04-27T14:06:23.906+0000] {processor.py:829} INFO - Processing file /home/airflow/.local/lib/python3.8/site-packages/airflow/example_dags/example_time_delta_sensor_async.py for tasks to queue
[2024-04-27T14:06:23.909+0000] {logging_mixin.py:151} INFO - [2024-04-27T14:06:23.909+0000] {dagbag.py:539} INFO - Filling up the DagBag from /home/airflow/.local/lib/python3.8/site-packages/airflow/example_dags/example_time_delta_sensor_async.py
[2024-04-27T14:06:23.917+0000] {processor.py:839} INFO - DAG(s) dict_keys(['example_time_delta_sensor_async']) retrieved from /home/airflow/.local/lib/python3.8/site-packages/airflow/example_dags/example_time_delta_sensor_async.py
[2024-04-27T14:06:23.949+0000] {logging_mixin.py:151} INFO - [2024-04-27T14:06:23.949+0000] {dag.py:2907} INFO - Sync 1 DAGs
[2024-04-27T14:06:23.973+0000] {logging_mixin.py:151} INFO - [2024-04-27T14:06:23.973+0000] {dag.py:3677} INFO - Setting next_dagrun for example_time_delta_sensor_async to None, run_after=None
[2024-04-27T14:06:24.009+0000] {processor.py:179} INFO - Processing /home/airflow/.local/lib/python3.8/site-packages/airflow/example_dags/example_time_delta_sensor_async.py took 0.109 seconds
[2024-04-27T14:06:54.414+0000] {processor.py:157} INFO - Started process (PID=533) to work on /home/airflow/.local/lib/python3.8/site-packages/airflow/example_dags/example_time_delta_sensor_async.py
[2024-04-27T14:06:54.415+0000] {processor.py:829} INFO - Processing file /home/airflow/.local/lib/python3.8/site-packages/airflow/example_dags/example_time_delta_sensor_async.py for tasks to queue
[2024-04-27T14:06:54.418+0000] {logging_mixin.py:151} INFO - [2024-04-27T14:06:54.418+0000] {dagbag.py:539} INFO - Filling up the DagBag from /home/airflow/.local/lib/python3.8/site-packages/airflow/example_dags/example_time_delta_sensor_async.py
[2024-04-27T14:06:54.426+0000] {processor.py:839} INFO - DAG(s) dict_keys(['example_time_delta_sensor_async']) retrieved from /home/airflow/.local/lib/python3.8/site-packages/airflow/example_dags/example_time_delta_sensor_async.py
[2024-04-27T14:06:54.461+0000] {logging_mixin.py:151} INFO - [2024-04-27T14:06:54.461+0000] {dag.py:2907} INFO - Sync 1 DAGs
[2024-04-27T14:06:54.486+0000] {logging_mixin.py:151} INFO - [2024-04-27T14:06:54.486+0000] {dag.py:3677} INFO - Setting next_dagrun for example_time_delta_sensor_async to None, run_after=None
[2024-04-27T14:06:54.510+0000] {processor.py:179} INFO - Processing /home/airflow/.local/lib/python3.8/site-packages/airflow/example_dags/example_time_delta_sensor_async.py took 0.102 seconds
[2024-04-27T14:07:25.262+0000] {processor.py:157} INFO - Started process (PID=598) to work on /home/airflow/.local/lib/python3.8/site-packages/airflow/example_dags/example_time_delta_sensor_async.py
[2024-04-27T14:07:25.263+0000] {processor.py:829} INFO - Processing file /home/airflow/.local/lib/python3.8/site-packages/airflow/example_dags/example_time_delta_sensor_async.py for tasks to queue
[2024-04-27T14:07:25.265+0000] {logging_mixin.py:151} INFO - [2024-04-27T14:07:25.265+0000] {dagbag.py:539} INFO - Filling up the DagBag from /home/airflow/.local/lib/python3.8/site-packages/airflow/example_dags/example_time_delta_sensor_async.py
[2024-04-27T14:07:25.271+0000] {processor.py:839} INFO - DAG(s) dict_keys(['example_time_delta_sensor_async']) retrieved from /home/airflow/.local/lib/python3.8/site-packages/airflow/example_dags/example_time_delta_sensor_async.py
[2024-04-27T14:07:25.299+0000] {logging_mixin.py:151} INFO - [2024-04-27T14:07:25.299+0000] {dag.py:2907} INFO - Sync 1 DAGs
[2024-04-27T14:07:25.320+0000] {logging_mixin.py:151} INFO - [2024-04-27T14:07:25.320+0000] {dag.py:3677} INFO - Setting next_dagrun for example_time_delta_sensor_async to None, run_after=None
[2024-04-27T14:07:25.346+0000] {processor.py:179} INFO - Processing /home/airflow/.local/lib/python3.8/site-packages/airflow/example_dags/example_time_delta_sensor_async.py took 0.087 seconds
[2024-04-27T14:11:49.556+0000] {processor.py:157} INFO - Started process (PID=73) to work on /home/airflow/.local/lib/python3.8/site-packages/airflow/example_dags/example_time_delta_sensor_async.py
[2024-04-27T14:11:49.557+0000] {processor.py:829} INFO - Processing file /home/airflow/.local/lib/python3.8/site-packages/airflow/example_dags/example_time_delta_sensor_async.py for tasks to queue
[2024-04-27T14:11:49.561+0000] {logging_mixin.py:151} INFO - [2024-04-27T14:11:49.560+0000] {dagbag.py:539} INFO - Filling up the DagBag from /home/airflow/.local/lib/python3.8/site-packages/airflow/example_dags/example_time_delta_sensor_async.py
[2024-04-27T14:11:49.573+0000] {processor.py:839} INFO - DAG(s) dict_keys(['example_time_delta_sensor_async']) retrieved from /home/airflow/.local/lib/python3.8/site-packages/airflow/example_dags/example_time_delta_sensor_async.py
[2024-04-27T14:11:49.791+0000] {logging_mixin.py:151} INFO - [2024-04-27T14:11:49.791+0000] {dag.py:2907} INFO - Sync 1 DAGs
[2024-04-27T14:11:49.813+0000] {logging_mixin.py:151} INFO - [2024-04-27T14:11:49.813+0000] {dag.py:3677} INFO - Setting next_dagrun for example_time_delta_sensor_async to None, run_after=None
[2024-04-27T14:11:49.844+0000] {processor.py:179} INFO - Processing /home/airflow/.local/lib/python3.8/site-packages/airflow/example_dags/example_time_delta_sensor_async.py took 0.293 seconds
[2024-04-27T14:12:20.349+0000] {processor.py:157} INFO - Started process (PID=136) to work on /home/airflow/.local/lib/python3.8/site-packages/airflow/example_dags/example_time_delta_sensor_async.py
[2024-04-27T14:12:20.350+0000] {processor.py:829} INFO - Processing file /home/airflow/.local/lib/python3.8/site-packages/airflow/example_dags/example_time_delta_sensor_async.py for tasks to queue
[2024-04-27T14:12:20.353+0000] {logging_mixin.py:151} INFO - [2024-04-27T14:12:20.352+0000] {dagbag.py:539} INFO - Filling up the DagBag from /home/airflow/.local/lib/python3.8/site-packages/airflow/example_dags/example_time_delta_sensor_async.py
[2024-04-27T14:12:20.360+0000] {processor.py:839} INFO - DAG(s) dict_keys(['example_time_delta_sensor_async']) retrieved from /home/airflow/.local/lib/python3.8/site-packages/airflow/example_dags/example_time_delta_sensor_async.py
[2024-04-27T14:12:20.397+0000] {logging_mixin.py:151} INFO - [2024-04-27T14:12:20.396+0000] {dag.py:2907} INFO - Sync 1 DAGs
[2024-04-27T14:12:20.420+0000] {logging_mixin.py:151} INFO - [2024-04-27T14:12:20.420+0000] {dag.py:3677} INFO - Setting next_dagrun for example_time_delta_sensor_async to None, run_after=None
[2024-04-27T14:12:20.449+0000] {processor.py:179} INFO - Processing /home/airflow/.local/lib/python3.8/site-packages/airflow/example_dags/example_time_delta_sensor_async.py took 0.105 seconds
[2024-04-27T14:12:51.270+0000] {processor.py:157} INFO - Started process (PID=199) to work on /home/airflow/.local/lib/python3.8/site-packages/airflow/example_dags/example_time_delta_sensor_async.py
[2024-04-27T14:12:51.281+0000] {processor.py:829} INFO - Processing file /home/airflow/.local/lib/python3.8/site-packages/airflow/example_dags/example_time_delta_sensor_async.py for tasks to queue
[2024-04-27T14:12:51.285+0000] {logging_mixin.py:151} INFO - [2024-04-27T14:12:51.284+0000] {dagbag.py:539} INFO - Filling up the DagBag from /home/airflow/.local/lib/python3.8/site-packages/airflow/example_dags/example_time_delta_sensor_async.py
[2024-04-27T14:12:51.300+0000] {processor.py:839} INFO - DAG(s) dict_keys(['example_time_delta_sensor_async']) retrieved from /home/airflow/.local/lib/python3.8/site-packages/airflow/example_dags/example_time_delta_sensor_async.py
[2024-04-27T14:12:51.344+0000] {logging_mixin.py:151} INFO - [2024-04-27T14:12:51.344+0000] {dag.py:2907} INFO - Sync 1 DAGs
[2024-04-27T14:12:51.399+0000] {logging_mixin.py:151} INFO - [2024-04-27T14:12:51.399+0000] {dag.py:3677} INFO - Setting next_dagrun for example_time_delta_sensor_async to None, run_after=None
[2024-04-27T14:12:51.475+0000] {processor.py:179} INFO - Processing /home/airflow/.local/lib/python3.8/site-packages/airflow/example_dags/example_time_delta_sensor_async.py took 0.220 seconds
[2024-04-27T14:13:22.081+0000] {processor.py:157} INFO - Started process (PID=268) to work on /home/airflow/.local/lib/python3.8/site-packages/airflow/example_dags/example_time_delta_sensor_async.py
[2024-04-27T14:13:22.082+0000] {processor.py:829} INFO - Processing file /home/airflow/.local/lib/python3.8/site-packages/airflow/example_dags/example_time_delta_sensor_async.py for tasks to queue
[2024-04-27T14:13:22.086+0000] {logging_mixin.py:151} INFO - [2024-04-27T14:13:22.085+0000] {dagbag.py:539} INFO - Filling up the DagBag from /home/airflow/.local/lib/python3.8/site-packages/airflow/example_dags/example_time_delta_sensor_async.py
[2024-04-27T14:13:22.094+0000] {processor.py:839} INFO - DAG(s) dict_keys(['example_time_delta_sensor_async']) retrieved from /home/airflow/.local/lib/python3.8/site-packages/airflow/example_dags/example_time_delta_sensor_async.py
[2024-04-27T14:13:22.132+0000] {logging_mixin.py:151} INFO - [2024-04-27T14:13:22.132+0000] {dag.py:2907} INFO - Sync 1 DAGs
[2024-04-27T14:13:22.155+0000] {logging_mixin.py:151} INFO - [2024-04-27T14:13:22.155+0000] {dag.py:3677} INFO - Setting next_dagrun for example_time_delta_sensor_async to None, run_after=None
[2024-04-27T14:13:22.185+0000] {processor.py:179} INFO - Processing /home/airflow/.local/lib/python3.8/site-packages/airflow/example_dags/example_time_delta_sensor_async.py took 0.110 seconds
[2024-04-27T14:13:53.099+0000] {processor.py:157} INFO - Started process (PID=331) to work on /home/airflow/.local/lib/python3.8/site-packages/airflow/example_dags/example_time_delta_sensor_async.py
[2024-04-27T14:13:53.100+0000] {processor.py:829} INFO - Processing file /home/airflow/.local/lib/python3.8/site-packages/airflow/example_dags/example_time_delta_sensor_async.py for tasks to queue
[2024-04-27T14:13:53.102+0000] {logging_mixin.py:151} INFO - [2024-04-27T14:13:53.102+0000] {dagbag.py:539} INFO - Filling up the DagBag from /home/airflow/.local/lib/python3.8/site-packages/airflow/example_dags/example_time_delta_sensor_async.py
[2024-04-27T14:13:53.108+0000] {processor.py:839} INFO - DAG(s) dict_keys(['example_time_delta_sensor_async']) retrieved from /home/airflow/.local/lib/python3.8/site-packages/airflow/example_dags/example_time_delta_sensor_async.py
[2024-04-27T14:13:53.133+0000] {logging_mixin.py:151} INFO - [2024-04-27T14:13:53.133+0000] {dag.py:2907} INFO - Sync 1 DAGs
[2024-04-27T14:13:53.150+0000] {logging_mixin.py:151} INFO - [2024-04-27T14:13:53.150+0000] {dag.py:3677} INFO - Setting next_dagrun for example_time_delta_sensor_async to None, run_after=None
[2024-04-27T14:13:53.174+0000] {processor.py:179} INFO - Processing /home/airflow/.local/lib/python3.8/site-packages/airflow/example_dags/example_time_delta_sensor_async.py took 0.080 seconds
[2024-04-27T14:14:23.645+0000] {processor.py:157} INFO - Started process (PID=395) to work on /home/airflow/.local/lib/python3.8/site-packages/airflow/example_dags/example_time_delta_sensor_async.py
[2024-04-27T14:14:23.646+0000] {processor.py:829} INFO - Processing file /home/airflow/.local/lib/python3.8/site-packages/airflow/example_dags/example_time_delta_sensor_async.py for tasks to queue
[2024-04-27T14:14:23.649+0000] {logging_mixin.py:151} INFO - [2024-04-27T14:14:23.649+0000] {dagbag.py:539} INFO - Filling up the DagBag from /home/airflow/.local/lib/python3.8/site-packages/airflow/example_dags/example_time_delta_sensor_async.py
[2024-04-27T14:14:23.657+0000] {processor.py:839} INFO - DAG(s) dict_keys(['example_time_delta_sensor_async']) retrieved from /home/airflow/.local/lib/python3.8/site-packages/airflow/example_dags/example_time_delta_sensor_async.py
[2024-04-27T14:14:23.694+0000] {logging_mixin.py:151} INFO - [2024-04-27T14:14:23.693+0000] {dag.py:2907} INFO - Sync 1 DAGs
[2024-04-27T14:14:23.711+0000] {logging_mixin.py:151} INFO - [2024-04-27T14:14:23.711+0000] {dag.py:3677} INFO - Setting next_dagrun for example_time_delta_sensor_async to None, run_after=None
[2024-04-27T14:14:23.735+0000] {processor.py:179} INFO - Processing /home/airflow/.local/lib/python3.8/site-packages/airflow/example_dags/example_time_delta_sensor_async.py took 0.095 seconds
[2024-04-27T14:14:54.606+0000] {processor.py:157} INFO - Started process (PID=467) to work on /home/airflow/.local/lib/python3.8/site-packages/airflow/example_dags/example_time_delta_sensor_async.py
[2024-04-27T14:14:54.608+0000] {processor.py:829} INFO - Processing file /home/airflow/.local/lib/python3.8/site-packages/airflow/example_dags/example_time_delta_sensor_async.py for tasks to queue
[2024-04-27T14:14:54.619+0000] {logging_mixin.py:151} INFO - [2024-04-27T14:14:54.618+0000] {dagbag.py:539} INFO - Filling up the DagBag from /home/airflow/.local/lib/python3.8/site-packages/airflow/example_dags/example_time_delta_sensor_async.py
[2024-04-27T14:14:54.637+0000] {processor.py:839} INFO - DAG(s) dict_keys(['example_time_delta_sensor_async']) retrieved from /home/airflow/.local/lib/python3.8/site-packages/airflow/example_dags/example_time_delta_sensor_async.py
[2024-04-27T14:14:54.684+0000] {logging_mixin.py:151} INFO - [2024-04-27T14:14:54.683+0000] {dag.py:2907} INFO - Sync 1 DAGs
[2024-04-27T14:14:54.737+0000] {logging_mixin.py:151} INFO - [2024-04-27T14:14:54.737+0000] {dag.py:3677} INFO - Setting next_dagrun for example_time_delta_sensor_async to None, run_after=None
[2024-04-27T14:14:54.790+0000] {processor.py:179} INFO - Processing /home/airflow/.local/lib/python3.8/site-packages/airflow/example_dags/example_time_delta_sensor_async.py took 0.196 seconds
[2024-04-27T14:15:25.367+0000] {processor.py:157} INFO - Started process (PID=532) to work on /home/airflow/.local/lib/python3.8/site-packages/airflow/example_dags/example_time_delta_sensor_async.py
[2024-04-27T14:15:25.368+0000] {processor.py:829} INFO - Processing file /home/airflow/.local/lib/python3.8/site-packages/airflow/example_dags/example_time_delta_sensor_async.py for tasks to queue
[2024-04-27T14:15:25.371+0000] {logging_mixin.py:151} INFO - [2024-04-27T14:15:25.370+0000] {dagbag.py:539} INFO - Filling up the DagBag from /home/airflow/.local/lib/python3.8/site-packages/airflow/example_dags/example_time_delta_sensor_async.py
[2024-04-27T14:15:25.376+0000] {processor.py:839} INFO - DAG(s) dict_keys(['example_time_delta_sensor_async']) retrieved from /home/airflow/.local/lib/python3.8/site-packages/airflow/example_dags/example_time_delta_sensor_async.py
[2024-04-27T14:15:25.400+0000] {logging_mixin.py:151} INFO - [2024-04-27T14:15:25.400+0000] {dag.py:2907} INFO - Sync 1 DAGs
[2024-04-27T14:15:25.416+0000] {logging_mixin.py:151} INFO - [2024-04-27T14:15:25.416+0000] {dag.py:3677} INFO - Setting next_dagrun for example_time_delta_sensor_async to None, run_after=None
[2024-04-27T14:15:25.446+0000] {processor.py:179} INFO - Processing /home/airflow/.local/lib/python3.8/site-packages/airflow/example_dags/example_time_delta_sensor_async.py took 0.083 seconds
[2024-04-27T14:15:55.587+0000] {processor.py:157} INFO - Started process (PID=596) to work on /home/airflow/.local/lib/python3.8/site-packages/airflow/example_dags/example_time_delta_sensor_async.py
[2024-04-27T14:15:55.588+0000] {processor.py:829} INFO - Processing file /home/airflow/.local/lib/python3.8/site-packages/airflow/example_dags/example_time_delta_sensor_async.py for tasks to queue
[2024-04-27T14:15:55.591+0000] {logging_mixin.py:151} INFO - [2024-04-27T14:15:55.590+0000] {dagbag.py:539} INFO - Filling up the DagBag from /home/airflow/.local/lib/python3.8/site-packages/airflow/example_dags/example_time_delta_sensor_async.py
[2024-04-27T14:15:55.597+0000] {processor.py:839} INFO - DAG(s) dict_keys(['example_time_delta_sensor_async']) retrieved from /home/airflow/.local/lib/python3.8/site-packages/airflow/example_dags/example_time_delta_sensor_async.py
[2024-04-27T14:15:55.628+0000] {logging_mixin.py:151} INFO - [2024-04-27T14:15:55.628+0000] {dag.py:2907} INFO - Sync 1 DAGs
[2024-04-27T14:15:55.645+0000] {logging_mixin.py:151} INFO - [2024-04-27T14:15:55.645+0000] {dag.py:3677} INFO - Setting next_dagrun for example_time_delta_sensor_async to None, run_after=None
[2024-04-27T14:15:55.669+0000] {processor.py:179} INFO - Processing /home/airflow/.local/lib/python3.8/site-packages/airflow/example_dags/example_time_delta_sensor_async.py took 0.086 seconds
[2024-04-27T14:16:26.435+0000] {processor.py:157} INFO - Started process (PID=660) to work on /home/airflow/.local/lib/python3.8/site-packages/airflow/example_dags/example_time_delta_sensor_async.py
[2024-04-27T14:16:26.436+0000] {processor.py:829} INFO - Processing file /home/airflow/.local/lib/python3.8/site-packages/airflow/example_dags/example_time_delta_sensor_async.py for tasks to queue
[2024-04-27T14:16:26.439+0000] {logging_mixin.py:151} INFO - [2024-04-27T14:16:26.439+0000] {dagbag.py:539} INFO - Filling up the DagBag from /home/airflow/.local/lib/python3.8/site-packages/airflow/example_dags/example_time_delta_sensor_async.py
[2024-04-27T14:16:26.447+0000] {processor.py:839} INFO - DAG(s) dict_keys(['example_time_delta_sensor_async']) retrieved from /home/airflow/.local/lib/python3.8/site-packages/airflow/example_dags/example_time_delta_sensor_async.py
[2024-04-27T14:16:26.479+0000] {logging_mixin.py:151} INFO - [2024-04-27T14:16:26.479+0000] {dag.py:2907} INFO - Sync 1 DAGs
[2024-04-27T14:16:26.502+0000] {logging_mixin.py:151} INFO - [2024-04-27T14:16:26.501+0000] {dag.py:3677} INFO - Setting next_dagrun for example_time_delta_sensor_async to None, run_after=None
[2024-04-27T14:16:26.531+0000] {processor.py:179} INFO - Processing /home/airflow/.local/lib/python3.8/site-packages/airflow/example_dags/example_time_delta_sensor_async.py took 0.101 seconds
[2024-04-27T14:16:56.726+0000] {processor.py:157} INFO - Started process (PID=732) to work on /home/airflow/.local/lib/python3.8/site-packages/airflow/example_dags/example_time_delta_sensor_async.py
[2024-04-27T14:16:56.736+0000] {processor.py:829} INFO - Processing file /home/airflow/.local/lib/python3.8/site-packages/airflow/example_dags/example_time_delta_sensor_async.py for tasks to queue
[2024-04-27T14:16:56.739+0000] {logging_mixin.py:151} INFO - [2024-04-27T14:16:56.739+0000] {dagbag.py:539} INFO - Filling up the DagBag from /home/airflow/.local/lib/python3.8/site-packages/airflow/example_dags/example_time_delta_sensor_async.py
[2024-04-27T14:16:56.772+0000] {processor.py:839} INFO - DAG(s) dict_keys(['example_time_delta_sensor_async']) retrieved from /home/airflow/.local/lib/python3.8/site-packages/airflow/example_dags/example_time_delta_sensor_async.py
[2024-04-27T14:16:56.892+0000] {logging_mixin.py:151} INFO - [2024-04-27T14:16:56.891+0000] {dag.py:2907} INFO - Sync 1 DAGs
[2024-04-27T14:16:56.939+0000] {logging_mixin.py:151} INFO - [2024-04-27T14:16:56.939+0000] {dag.py:3677} INFO - Setting next_dagrun for example_time_delta_sensor_async to None, run_after=None
[2024-04-27T14:16:57.030+0000] {processor.py:179} INFO - Processing /home/airflow/.local/lib/python3.8/site-packages/airflow/example_dags/example_time_delta_sensor_async.py took 0.316 seconds
[2024-04-27T14:17:27.697+0000] {processor.py:157} INFO - Started process (PID=796) to work on /home/airflow/.local/lib/python3.8/site-packages/airflow/example_dags/example_time_delta_sensor_async.py
[2024-04-27T14:17:27.698+0000] {processor.py:829} INFO - Processing file /home/airflow/.local/lib/python3.8/site-packages/airflow/example_dags/example_time_delta_sensor_async.py for tasks to queue
[2024-04-27T14:17:27.701+0000] {logging_mixin.py:151} INFO - [2024-04-27T14:17:27.701+0000] {dagbag.py:539} INFO - Filling up the DagBag from /home/airflow/.local/lib/python3.8/site-packages/airflow/example_dags/example_time_delta_sensor_async.py
[2024-04-27T14:17:27.709+0000] {processor.py:839} INFO - DAG(s) dict_keys(['example_time_delta_sensor_async']) retrieved from /home/airflow/.local/lib/python3.8/site-packages/airflow/example_dags/example_time_delta_sensor_async.py
[2024-04-27T14:17:27.742+0000] {logging_mixin.py:151} INFO - [2024-04-27T14:17:27.742+0000] {dag.py:2907} INFO - Sync 1 DAGs
[2024-04-27T14:17:27.770+0000] {logging_mixin.py:151} INFO - [2024-04-27T14:17:27.770+0000] {dag.py:3677} INFO - Setting next_dagrun for example_time_delta_sensor_async to None, run_after=None
[2024-04-27T14:17:27.799+0000] {processor.py:179} INFO - Processing /home/airflow/.local/lib/python3.8/site-packages/airflow/example_dags/example_time_delta_sensor_async.py took 0.108 seconds
[2024-04-27T14:17:58.887+0000] {processor.py:157} INFO - Started process (PID=861) to work on /home/airflow/.local/lib/python3.8/site-packages/airflow/example_dags/example_time_delta_sensor_async.py
[2024-04-27T14:17:58.888+0000] {processor.py:829} INFO - Processing file /home/airflow/.local/lib/python3.8/site-packages/airflow/example_dags/example_time_delta_sensor_async.py for tasks to queue
[2024-04-27T14:17:58.891+0000] {logging_mixin.py:151} INFO - [2024-04-27T14:17:58.890+0000] {dagbag.py:539} INFO - Filling up the DagBag from /home/airflow/.local/lib/python3.8/site-packages/airflow/example_dags/example_time_delta_sensor_async.py
[2024-04-27T14:17:58.897+0000] {processor.py:839} INFO - DAG(s) dict_keys(['example_time_delta_sensor_async']) retrieved from /home/airflow/.local/lib/python3.8/site-packages/airflow/example_dags/example_time_delta_sensor_async.py
[2024-04-27T14:17:58.921+0000] {logging_mixin.py:151} INFO - [2024-04-27T14:17:58.921+0000] {dag.py:2907} INFO - Sync 1 DAGs
[2024-04-27T14:17:58.940+0000] {logging_mixin.py:151} INFO - [2024-04-27T14:17:58.940+0000] {dag.py:3677} INFO - Setting next_dagrun for example_time_delta_sensor_async to None, run_after=None
[2024-04-27T14:17:58.961+0000] {processor.py:179} INFO - Processing /home/airflow/.local/lib/python3.8/site-packages/airflow/example_dags/example_time_delta_sensor_async.py took 0.078 seconds
[2024-04-27T14:18:29.651+0000] {processor.py:157} INFO - Started process (PID=925) to work on /home/airflow/.local/lib/python3.8/site-packages/airflow/example_dags/example_time_delta_sensor_async.py
[2024-04-27T14:18:29.652+0000] {processor.py:829} INFO - Processing file /home/airflow/.local/lib/python3.8/site-packages/airflow/example_dags/example_time_delta_sensor_async.py for tasks to queue
[2024-04-27T14:18:29.655+0000] {logging_mixin.py:151} INFO - [2024-04-27T14:18:29.655+0000] {dagbag.py:539} INFO - Filling up the DagBag from /home/airflow/.local/lib/python3.8/site-packages/airflow/example_dags/example_time_delta_sensor_async.py
[2024-04-27T14:18:29.663+0000] {processor.py:839} INFO - DAG(s) dict_keys(['example_time_delta_sensor_async']) retrieved from /home/airflow/.local/lib/python3.8/site-packages/airflow/example_dags/example_time_delta_sensor_async.py
[2024-04-27T14:18:29.694+0000] {logging_mixin.py:151} INFO - [2024-04-27T14:18:29.694+0000] {dag.py:2907} INFO - Sync 1 DAGs
[2024-04-27T14:18:29.716+0000] {logging_mixin.py:151} INFO - [2024-04-27T14:18:29.716+0000] {dag.py:3677} INFO - Setting next_dagrun for example_time_delta_sensor_async to None, run_after=None
[2024-04-27T14:18:29.746+0000] {processor.py:179} INFO - Processing /home/airflow/.local/lib/python3.8/site-packages/airflow/example_dags/example_time_delta_sensor_async.py took 0.100 seconds
[2024-04-27T14:19:00.826+0000] {processor.py:157} INFO - Started process (PID=995) to work on /home/airflow/.local/lib/python3.8/site-packages/airflow/example_dags/example_time_delta_sensor_async.py
[2024-04-27T14:19:00.827+0000] {processor.py:829} INFO - Processing file /home/airflow/.local/lib/python3.8/site-packages/airflow/example_dags/example_time_delta_sensor_async.py for tasks to queue
[2024-04-27T14:19:00.830+0000] {logging_mixin.py:151} INFO - [2024-04-27T14:19:00.830+0000] {dagbag.py:539} INFO - Filling up the DagBag from /home/airflow/.local/lib/python3.8/site-packages/airflow/example_dags/example_time_delta_sensor_async.py
[2024-04-27T14:19:00.838+0000] {processor.py:839} INFO - DAG(s) dict_keys(['example_time_delta_sensor_async']) retrieved from /home/airflow/.local/lib/python3.8/site-packages/airflow/example_dags/example_time_delta_sensor_async.py
[2024-04-27T14:19:00.901+0000] {logging_mixin.py:151} INFO - [2024-04-27T14:19:00.901+0000] {dag.py:2907} INFO - Sync 1 DAGs
[2024-04-27T14:19:00.942+0000] {logging_mixin.py:151} INFO - [2024-04-27T14:19:00.941+0000] {dag.py:3677} INFO - Setting next_dagrun for example_time_delta_sensor_async to None, run_after=None
[2024-04-27T14:19:00.990+0000] {processor.py:179} INFO - Processing /home/airflow/.local/lib/python3.8/site-packages/airflow/example_dags/example_time_delta_sensor_async.py took 0.169 seconds
[2024-04-27T14:19:31.164+0000] {processor.py:157} INFO - Started process (PID=1058) to work on /home/airflow/.local/lib/python3.8/site-packages/airflow/example_dags/example_time_delta_sensor_async.py
[2024-04-27T14:19:31.165+0000] {processor.py:829} INFO - Processing file /home/airflow/.local/lib/python3.8/site-packages/airflow/example_dags/example_time_delta_sensor_async.py for tasks to queue
[2024-04-27T14:19:31.171+0000] {logging_mixin.py:151} INFO - [2024-04-27T14:19:31.169+0000] {dagbag.py:539} INFO - Filling up the DagBag from /home/airflow/.local/lib/python3.8/site-packages/airflow/example_dags/example_time_delta_sensor_async.py
[2024-04-27T14:19:31.179+0000] {processor.py:839} INFO - DAG(s) dict_keys(['example_time_delta_sensor_async']) retrieved from /home/airflow/.local/lib/python3.8/site-packages/airflow/example_dags/example_time_delta_sensor_async.py
[2024-04-27T14:19:31.215+0000] {logging_mixin.py:151} INFO - [2024-04-27T14:19:31.215+0000] {dag.py:2907} INFO - Sync 1 DAGs
[2024-04-27T14:19:31.252+0000] {logging_mixin.py:151} INFO - [2024-04-27T14:19:31.252+0000] {dag.py:3677} INFO - Setting next_dagrun for example_time_delta_sensor_async to None, run_after=None
[2024-04-27T14:19:31.294+0000] {processor.py:179} INFO - Processing /home/airflow/.local/lib/python3.8/site-packages/airflow/example_dags/example_time_delta_sensor_async.py took 0.135 seconds
[2024-04-27T14:20:01.778+0000] {processor.py:157} INFO - Started process (PID=1121) to work on /home/airflow/.local/lib/python3.8/site-packages/airflow/example_dags/example_time_delta_sensor_async.py
[2024-04-27T14:20:01.779+0000] {processor.py:829} INFO - Processing file /home/airflow/.local/lib/python3.8/site-packages/airflow/example_dags/example_time_delta_sensor_async.py for tasks to queue
[2024-04-27T14:20:01.781+0000] {logging_mixin.py:151} INFO - [2024-04-27T14:20:01.781+0000] {dagbag.py:539} INFO - Filling up the DagBag from /home/airflow/.local/lib/python3.8/site-packages/airflow/example_dags/example_time_delta_sensor_async.py
[2024-04-27T14:20:01.786+0000] {processor.py:839} INFO - DAG(s) dict_keys(['example_time_delta_sensor_async']) retrieved from /home/airflow/.local/lib/python3.8/site-packages/airflow/example_dags/example_time_delta_sensor_async.py
[2024-04-27T14:20:01.812+0000] {logging_mixin.py:151} INFO - [2024-04-27T14:20:01.812+0000] {dag.py:2907} INFO - Sync 1 DAGs
[2024-04-27T14:20:01.828+0000] {logging_mixin.py:151} INFO - [2024-04-27T14:20:01.828+0000] {dag.py:3677} INFO - Setting next_dagrun for example_time_delta_sensor_async to None, run_after=None
[2024-04-27T14:20:01.851+0000] {processor.py:179} INFO - Processing /home/airflow/.local/lib/python3.8/site-packages/airflow/example_dags/example_time_delta_sensor_async.py took 0.077 seconds
[2024-04-27T14:20:31.932+0000] {processor.py:157} INFO - Started process (PID=1193) to work on /home/airflow/.local/lib/python3.8/site-packages/airflow/example_dags/example_time_delta_sensor_async.py
[2024-04-27T14:20:31.933+0000] {processor.py:829} INFO - Processing file /home/airflow/.local/lib/python3.8/site-packages/airflow/example_dags/example_time_delta_sensor_async.py for tasks to queue
[2024-04-27T14:20:31.936+0000] {logging_mixin.py:151} INFO - [2024-04-27T14:20:31.935+0000] {dagbag.py:539} INFO - Filling up the DagBag from /home/airflow/.local/lib/python3.8/site-packages/airflow/example_dags/example_time_delta_sensor_async.py
[2024-04-27T14:20:31.943+0000] {processor.py:839} INFO - DAG(s) dict_keys(['example_time_delta_sensor_async']) retrieved from /home/airflow/.local/lib/python3.8/site-packages/airflow/example_dags/example_time_delta_sensor_async.py
[2024-04-27T14:20:31.975+0000] {logging_mixin.py:151} INFO - [2024-04-27T14:20:31.975+0000] {dag.py:2907} INFO - Sync 1 DAGs
[2024-04-27T14:20:31.999+0000] {logging_mixin.py:151} INFO - [2024-04-27T14:20:31.999+0000] {dag.py:3677} INFO - Setting next_dagrun for example_time_delta_sensor_async to None, run_after=None
[2024-04-27T14:20:32.029+0000] {processor.py:179} INFO - Processing /home/airflow/.local/lib/python3.8/site-packages/airflow/example_dags/example_time_delta_sensor_async.py took 0.106 seconds
[2024-04-27T14:21:02.353+0000] {processor.py:157} INFO - Started process (PID=1256) to work on /home/airflow/.local/lib/python3.8/site-packages/airflow/example_dags/example_time_delta_sensor_async.py
[2024-04-27T14:21:02.354+0000] {processor.py:829} INFO - Processing file /home/airflow/.local/lib/python3.8/site-packages/airflow/example_dags/example_time_delta_sensor_async.py for tasks to queue
[2024-04-27T14:21:02.357+0000] {logging_mixin.py:151} INFO - [2024-04-27T14:21:02.357+0000] {dagbag.py:539} INFO - Filling up the DagBag from /home/airflow/.local/lib/python3.8/site-packages/airflow/example_dags/example_time_delta_sensor_async.py
[2024-04-27T14:21:02.365+0000] {processor.py:839} INFO - DAG(s) dict_keys(['example_time_delta_sensor_async']) retrieved from /home/airflow/.local/lib/python3.8/site-packages/airflow/example_dags/example_time_delta_sensor_async.py
[2024-04-27T14:21:02.401+0000] {logging_mixin.py:151} INFO - [2024-04-27T14:21:02.401+0000] {dag.py:2907} INFO - Sync 1 DAGs
[2024-04-27T14:21:02.460+0000] {logging_mixin.py:151} INFO - [2024-04-27T14:21:02.459+0000] {dag.py:3677} INFO - Setting next_dagrun for example_time_delta_sensor_async to None, run_after=None
[2024-04-27T14:21:02.507+0000] {processor.py:179} INFO - Processing /home/airflow/.local/lib/python3.8/site-packages/airflow/example_dags/example_time_delta_sensor_async.py took 0.161 seconds
[2024-04-27T14:21:33.429+0000] {processor.py:157} INFO - Started process (PID=1321) to work on /home/airflow/.local/lib/python3.8/site-packages/airflow/example_dags/example_time_delta_sensor_async.py
[2024-04-27T14:21:33.430+0000] {processor.py:829} INFO - Processing file /home/airflow/.local/lib/python3.8/site-packages/airflow/example_dags/example_time_delta_sensor_async.py for tasks to queue
[2024-04-27T14:21:33.432+0000] {logging_mixin.py:151} INFO - [2024-04-27T14:21:33.432+0000] {dagbag.py:539} INFO - Filling up the DagBag from /home/airflow/.local/lib/python3.8/site-packages/airflow/example_dags/example_time_delta_sensor_async.py
[2024-04-27T14:21:33.438+0000] {processor.py:839} INFO - DAG(s) dict_keys(['example_time_delta_sensor_async']) retrieved from /home/airflow/.local/lib/python3.8/site-packages/airflow/example_dags/example_time_delta_sensor_async.py
[2024-04-27T14:21:33.466+0000] {logging_mixin.py:151} INFO - [2024-04-27T14:21:33.466+0000] {dag.py:2907} INFO - Sync 1 DAGs
[2024-04-27T14:21:33.487+0000] {logging_mixin.py:151} INFO - [2024-04-27T14:21:33.487+0000] {dag.py:3677} INFO - Setting next_dagrun for example_time_delta_sensor_async to None, run_after=None
[2024-04-27T14:21:33.514+0000] {processor.py:179} INFO - Processing /home/airflow/.local/lib/python3.8/site-packages/airflow/example_dags/example_time_delta_sensor_async.py took 0.089 seconds
[2024-04-27T14:22:04.123+0000] {processor.py:157} INFO - Started process (PID=1394) to work on /home/airflow/.local/lib/python3.8/site-packages/airflow/example_dags/example_time_delta_sensor_async.py
[2024-04-27T14:22:04.130+0000] {processor.py:829} INFO - Processing file /home/airflow/.local/lib/python3.8/site-packages/airflow/example_dags/example_time_delta_sensor_async.py for tasks to queue
[2024-04-27T14:22:04.133+0000] {logging_mixin.py:151} INFO - [2024-04-27T14:22:04.133+0000] {dagbag.py:539} INFO - Filling up the DagBag from /home/airflow/.local/lib/python3.8/site-packages/airflow/example_dags/example_time_delta_sensor_async.py
[2024-04-27T14:22:04.141+0000] {processor.py:839} INFO - DAG(s) dict_keys(['example_time_delta_sensor_async']) retrieved from /home/airflow/.local/lib/python3.8/site-packages/airflow/example_dags/example_time_delta_sensor_async.py
[2024-04-27T14:22:04.170+0000] {logging_mixin.py:151} INFO - [2024-04-27T14:22:04.170+0000] {dag.py:2907} INFO - Sync 1 DAGs
[2024-04-27T14:22:04.187+0000] {logging_mixin.py:151} INFO - [2024-04-27T14:22:04.187+0000] {dag.py:3677} INFO - Setting next_dagrun for example_time_delta_sensor_async to None, run_after=None
[2024-04-27T14:22:04.213+0000] {processor.py:179} INFO - Processing /home/airflow/.local/lib/python3.8/site-packages/airflow/example_dags/example_time_delta_sensor_async.py took 0.095 seconds
[2024-04-27T14:22:35.407+0000] {processor.py:157} INFO - Started process (PID=1459) to work on /home/airflow/.local/lib/python3.8/site-packages/airflow/example_dags/example_time_delta_sensor_async.py
[2024-04-27T14:22:35.408+0000] {processor.py:829} INFO - Processing file /home/airflow/.local/lib/python3.8/site-packages/airflow/example_dags/example_time_delta_sensor_async.py for tasks to queue
[2024-04-27T14:22:35.411+0000] {logging_mixin.py:151} INFO - [2024-04-27T14:22:35.410+0000] {dagbag.py:539} INFO - Filling up the DagBag from /home/airflow/.local/lib/python3.8/site-packages/airflow/example_dags/example_time_delta_sensor_async.py
[2024-04-27T14:22:35.416+0000] {processor.py:839} INFO - DAG(s) dict_keys(['example_time_delta_sensor_async']) retrieved from /home/airflow/.local/lib/python3.8/site-packages/airflow/example_dags/example_time_delta_sensor_async.py
[2024-04-27T14:22:35.444+0000] {logging_mixin.py:151} INFO - [2024-04-27T14:22:35.444+0000] {dag.py:2907} INFO - Sync 1 DAGs
[2024-04-27T14:22:35.464+0000] {logging_mixin.py:151} INFO - [2024-04-27T14:22:35.464+0000] {dag.py:3677} INFO - Setting next_dagrun for example_time_delta_sensor_async to None, run_after=None
[2024-04-27T14:22:35.491+0000] {processor.py:179} INFO - Processing /home/airflow/.local/lib/python3.8/site-packages/airflow/example_dags/example_time_delta_sensor_async.py took 0.087 seconds
[2024-04-27T14:23:06.933+0000] {processor.py:157} INFO - Started process (PID=1530) to work on /home/airflow/.local/lib/python3.8/site-packages/airflow/example_dags/example_time_delta_sensor_async.py
[2024-04-27T14:23:06.934+0000] {processor.py:829} INFO - Processing file /home/airflow/.local/lib/python3.8/site-packages/airflow/example_dags/example_time_delta_sensor_async.py for tasks to queue
[2024-04-27T14:23:06.938+0000] {logging_mixin.py:151} INFO - [2024-04-27T14:23:06.937+0000] {dagbag.py:539} INFO - Filling up the DagBag from /home/airflow/.local/lib/python3.8/site-packages/airflow/example_dags/example_time_delta_sensor_async.py
[2024-04-27T14:23:06.946+0000] {processor.py:839} INFO - DAG(s) dict_keys(['example_time_delta_sensor_async']) retrieved from /home/airflow/.local/lib/python3.8/site-packages/airflow/example_dags/example_time_delta_sensor_async.py
[2024-04-27T14:23:06.974+0000] {logging_mixin.py:151} INFO - [2024-04-27T14:23:06.974+0000] {dag.py:2907} INFO - Sync 1 DAGs
[2024-04-27T14:23:06.997+0000] {logging_mixin.py:151} INFO - [2024-04-27T14:23:06.996+0000] {dag.py:3677} INFO - Setting next_dagrun for example_time_delta_sensor_async to None, run_after=None
[2024-04-27T14:23:07.023+0000] {processor.py:179} INFO - Processing /home/airflow/.local/lib/python3.8/site-packages/airflow/example_dags/example_time_delta_sensor_async.py took 0.096 seconds
[2024-04-27T14:23:38.108+0000] {processor.py:157} INFO - Started process (PID=1594) to work on /home/airflow/.local/lib/python3.8/site-packages/airflow/example_dags/example_time_delta_sensor_async.py
[2024-04-27T14:23:38.109+0000] {processor.py:829} INFO - Processing file /home/airflow/.local/lib/python3.8/site-packages/airflow/example_dags/example_time_delta_sensor_async.py for tasks to queue
[2024-04-27T14:23:38.113+0000] {logging_mixin.py:151} INFO - [2024-04-27T14:23:38.112+0000] {dagbag.py:539} INFO - Filling up the DagBag from /home/airflow/.local/lib/python3.8/site-packages/airflow/example_dags/example_time_delta_sensor_async.py
[2024-04-27T14:23:38.121+0000] {processor.py:839} INFO - DAG(s) dict_keys(['example_time_delta_sensor_async']) retrieved from /home/airflow/.local/lib/python3.8/site-packages/airflow/example_dags/example_time_delta_sensor_async.py
[2024-04-27T14:23:38.156+0000] {logging_mixin.py:151} INFO - [2024-04-27T14:23:38.156+0000] {dag.py:2907} INFO - Sync 1 DAGs
[2024-04-27T14:23:38.177+0000] {logging_mixin.py:151} INFO - [2024-04-27T14:23:38.177+0000] {dag.py:3677} INFO - Setting next_dagrun for example_time_delta_sensor_async to None, run_after=None
[2024-04-27T14:23:38.210+0000] {processor.py:179} INFO - Processing /home/airflow/.local/lib/python3.8/site-packages/airflow/example_dags/example_time_delta_sensor_async.py took 0.108 seconds
[2024-04-27T14:24:09.006+0000] {processor.py:157} INFO - Started process (PID=1667) to work on /home/airflow/.local/lib/python3.8/site-packages/airflow/example_dags/example_time_delta_sensor_async.py
[2024-04-27T14:24:09.008+0000] {processor.py:829} INFO - Processing file /home/airflow/.local/lib/python3.8/site-packages/airflow/example_dags/example_time_delta_sensor_async.py for tasks to queue
[2024-04-27T14:24:09.011+0000] {logging_mixin.py:151} INFO - [2024-04-27T14:24:09.010+0000] {dagbag.py:539} INFO - Filling up the DagBag from /home/airflow/.local/lib/python3.8/site-packages/airflow/example_dags/example_time_delta_sensor_async.py
[2024-04-27T14:24:09.018+0000] {processor.py:839} INFO - DAG(s) dict_keys(['example_time_delta_sensor_async']) retrieved from /home/airflow/.local/lib/python3.8/site-packages/airflow/example_dags/example_time_delta_sensor_async.py
[2024-04-27T14:24:09.053+0000] {logging_mixin.py:151} INFO - [2024-04-27T14:24:09.053+0000] {dag.py:2907} INFO - Sync 1 DAGs
[2024-04-27T14:24:09.075+0000] {logging_mixin.py:151} INFO - [2024-04-27T14:24:09.074+0000] {dag.py:3677} INFO - Setting next_dagrun for example_time_delta_sensor_async to None, run_after=None
[2024-04-27T14:24:09.105+0000] {processor.py:179} INFO - Processing /home/airflow/.local/lib/python3.8/site-packages/airflow/example_dags/example_time_delta_sensor_async.py took 0.104 seconds
[2024-04-27T14:24:40.488+0000] {processor.py:157} INFO - Started process (PID=1731) to work on /home/airflow/.local/lib/python3.8/site-packages/airflow/example_dags/example_time_delta_sensor_async.py
[2024-04-27T14:24:40.489+0000] {processor.py:829} INFO - Processing file /home/airflow/.local/lib/python3.8/site-packages/airflow/example_dags/example_time_delta_sensor_async.py for tasks to queue
[2024-04-27T14:24:40.493+0000] {logging_mixin.py:151} INFO - [2024-04-27T14:24:40.492+0000] {dagbag.py:539} INFO - Filling up the DagBag from /home/airflow/.local/lib/python3.8/site-packages/airflow/example_dags/example_time_delta_sensor_async.py
[2024-04-27T14:24:40.500+0000] {processor.py:839} INFO - DAG(s) dict_keys(['example_time_delta_sensor_async']) retrieved from /home/airflow/.local/lib/python3.8/site-packages/airflow/example_dags/example_time_delta_sensor_async.py
[2024-04-27T14:24:40.533+0000] {logging_mixin.py:151} INFO - [2024-04-27T14:24:40.532+0000] {dag.py:2907} INFO - Sync 1 DAGs
[2024-04-27T14:24:40.556+0000] {logging_mixin.py:151} INFO - [2024-04-27T14:24:40.555+0000] {dag.py:3677} INFO - Setting next_dagrun for example_time_delta_sensor_async to None, run_after=None
[2024-04-27T14:24:40.588+0000] {processor.py:179} INFO - Processing /home/airflow/.local/lib/python3.8/site-packages/airflow/example_dags/example_time_delta_sensor_async.py took 0.106 seconds
[2024-04-27T14:25:11.204+0000] {processor.py:157} INFO - Started process (PID=1796) to work on /home/airflow/.local/lib/python3.8/site-packages/airflow/example_dags/example_time_delta_sensor_async.py
[2024-04-27T14:25:11.205+0000] {processor.py:829} INFO - Processing file /home/airflow/.local/lib/python3.8/site-packages/airflow/example_dags/example_time_delta_sensor_async.py for tasks to queue
[2024-04-27T14:25:11.207+0000] {logging_mixin.py:151} INFO - [2024-04-27T14:25:11.207+0000] {dagbag.py:539} INFO - Filling up the DagBag from /home/airflow/.local/lib/python3.8/site-packages/airflow/example_dags/example_time_delta_sensor_async.py
[2024-04-27T14:25:11.213+0000] {processor.py:839} INFO - DAG(s) dict_keys(['example_time_delta_sensor_async']) retrieved from /home/airflow/.local/lib/python3.8/site-packages/airflow/example_dags/example_time_delta_sensor_async.py
[2024-04-27T14:25:11.238+0000] {logging_mixin.py:151} INFO - [2024-04-27T14:25:11.237+0000] {dag.py:2907} INFO - Sync 1 DAGs
[2024-04-27T14:25:11.254+0000] {logging_mixin.py:151} INFO - [2024-04-27T14:25:11.254+0000] {dag.py:3677} INFO - Setting next_dagrun for example_time_delta_sensor_async to None, run_after=None
[2024-04-27T14:25:11.276+0000] {processor.py:179} INFO - Processing /home/airflow/.local/lib/python3.8/site-packages/airflow/example_dags/example_time_delta_sensor_async.py took 0.076 seconds
[2024-04-27T14:25:42.465+0000] {processor.py:157} INFO - Started process (PID=1869) to work on /home/airflow/.local/lib/python3.8/site-packages/airflow/example_dags/example_time_delta_sensor_async.py
[2024-04-27T14:25:42.466+0000] {processor.py:829} INFO - Processing file /home/airflow/.local/lib/python3.8/site-packages/airflow/example_dags/example_time_delta_sensor_async.py for tasks to queue
[2024-04-27T14:25:42.469+0000] {logging_mixin.py:151} INFO - [2024-04-27T14:25:42.468+0000] {dagbag.py:539} INFO - Filling up the DagBag from /home/airflow/.local/lib/python3.8/site-packages/airflow/example_dags/example_time_delta_sensor_async.py
[2024-04-27T14:25:42.475+0000] {processor.py:839} INFO - DAG(s) dict_keys(['example_time_delta_sensor_async']) retrieved from /home/airflow/.local/lib/python3.8/site-packages/airflow/example_dags/example_time_delta_sensor_async.py
[2024-04-27T14:25:42.500+0000] {logging_mixin.py:151} INFO - [2024-04-27T14:25:42.500+0000] {dag.py:2907} INFO - Sync 1 DAGs
[2024-04-27T14:25:42.517+0000] {logging_mixin.py:151} INFO - [2024-04-27T14:25:42.516+0000] {dag.py:3677} INFO - Setting next_dagrun for example_time_delta_sensor_async to None, run_after=None
[2024-04-27T14:25:42.540+0000] {processor.py:179} INFO - Processing /home/airflow/.local/lib/python3.8/site-packages/airflow/example_dags/example_time_delta_sensor_async.py took 0.080 seconds
