[2024-04-27T13:44:19.576+0000] {processor.py:153} INFO - Started process (PID=68) to work on /home/airflow/.local/lib/python3.7/site-packages/airflow/example_dags/example_task_group_decorator.py
[2024-04-27T13:44:19.577+0000] {processor.py:743} INFO - Processing file /home/airflow/.local/lib/python3.7/site-packages/airflow/example_dags/example_task_group_decorator.py for tasks to queue
[2024-04-27T13:44:19.578+0000] {logging_mixin.py:137} INFO - [2024-04-27T13:44:19.577+0000] {dagbag.py:538} INFO - Filling up the DagBag from /home/airflow/.local/lib/python3.7/site-packages/airflow/example_dags/example_task_group_decorator.py
[2024-04-27T13:44:19.672+0000] {processor.py:753} INFO - DAG(s) dict_keys(['example_task_group_decorator']) retrieved from /home/airflow/.local/lib/python3.7/site-packages/airflow/example_dags/example_task_group_decorator.py
[2024-04-27T13:44:19.753+0000] {logging_mixin.py:137} INFO - [2024-04-27T13:44:19.753+0000] {dag.py:2690} INFO - Sync 1 DAGs
[2024-04-27T13:44:19.803+0000] {logging_mixin.py:137} INFO - [2024-04-27T13:44:19.803+0000] {dag.py:3441} INFO - Setting next_dagrun for example_task_group_decorator to 2024-04-26T13:44:19.802645+00:00, run_after=2024-04-27T13:44:19.802645+00:00
[2024-04-27T13:44:19.844+0000] {processor.py:175} INFO - Processing /home/airflow/.local/lib/python3.7/site-packages/airflow/example_dags/example_task_group_decorator.py took 0.274 seconds
[2024-04-27T13:44:50.794+0000] {processor.py:153} INFO - Started process (PID=131) to work on /home/airflow/.local/lib/python3.7/site-packages/airflow/example_dags/example_task_group_decorator.py
[2024-04-27T13:44:50.801+0000] {processor.py:743} INFO - Processing file /home/airflow/.local/lib/python3.7/site-packages/airflow/example_dags/example_task_group_decorator.py for tasks to queue
[2024-04-27T13:44:50.802+0000] {logging_mixin.py:137} INFO - [2024-04-27T13:44:50.802+0000] {dagbag.py:538} INFO - Filling up the DagBag from /home/airflow/.local/lib/python3.7/site-packages/airflow/example_dags/example_task_group_decorator.py
[2024-04-27T13:44:50.928+0000] {processor.py:753} INFO - DAG(s) dict_keys(['example_task_group_decorator']) retrieved from /home/airflow/.local/lib/python3.7/site-packages/airflow/example_dags/example_task_group_decorator.py
[2024-04-27T13:44:51.013+0000] {logging_mixin.py:137} INFO - [2024-04-27T13:44:51.012+0000] {dag.py:2690} INFO - Sync 1 DAGs
[2024-04-27T13:44:51.063+0000] {logging_mixin.py:137} INFO - [2024-04-27T13:44:51.063+0000] {dag.py:3441} INFO - Setting next_dagrun for example_task_group_decorator to 2024-04-26T13:44:51.063303+00:00, run_after=2024-04-27T13:44:51.063303+00:00
[2024-04-27T13:44:51.098+0000] {processor.py:175} INFO - Processing /home/airflow/.local/lib/python3.7/site-packages/airflow/example_dags/example_task_group_decorator.py took 0.309 seconds
[2024-04-27T13:45:21.758+0000] {processor.py:153} INFO - Started process (PID=203) to work on /home/airflow/.local/lib/python3.7/site-packages/airflow/example_dags/example_task_group_decorator.py
[2024-04-27T13:45:21.759+0000] {processor.py:743} INFO - Processing file /home/airflow/.local/lib/python3.7/site-packages/airflow/example_dags/example_task_group_decorator.py for tasks to queue
[2024-04-27T13:45:21.760+0000] {logging_mixin.py:137} INFO - [2024-04-27T13:45:21.760+0000] {dagbag.py:538} INFO - Filling up the DagBag from /home/airflow/.local/lib/python3.7/site-packages/airflow/example_dags/example_task_group_decorator.py
[2024-04-27T13:45:21.876+0000] {processor.py:753} INFO - DAG(s) dict_keys(['example_task_group_decorator']) retrieved from /home/airflow/.local/lib/python3.7/site-packages/airflow/example_dags/example_task_group_decorator.py
[2024-04-27T13:45:21.982+0000] {logging_mixin.py:137} INFO - [2024-04-27T13:45:21.982+0000] {dag.py:2690} INFO - Sync 1 DAGs
[2024-04-27T13:45:22.034+0000] {logging_mixin.py:137} INFO - [2024-04-27T13:45:22.034+0000] {dag.py:3441} INFO - Setting next_dagrun for example_task_group_decorator to 2024-04-26T13:45:22.034088+00:00, run_after=2024-04-27T13:45:22.034088+00:00
[2024-04-27T13:45:22.088+0000] {processor.py:175} INFO - Processing /home/airflow/.local/lib/python3.7/site-packages/airflow/example_dags/example_task_group_decorator.py took 0.336 seconds
[2024-04-27T13:45:52.385+0000] {processor.py:153} INFO - Started process (PID=270) to work on /home/airflow/.local/lib/python3.7/site-packages/airflow/example_dags/example_task_group_decorator.py
[2024-04-27T13:45:52.387+0000] {processor.py:743} INFO - Processing file /home/airflow/.local/lib/python3.7/site-packages/airflow/example_dags/example_task_group_decorator.py for tasks to queue
[2024-04-27T13:45:52.388+0000] {logging_mixin.py:137} INFO - [2024-04-27T13:45:52.388+0000] {dagbag.py:538} INFO - Filling up the DagBag from /home/airflow/.local/lib/python3.7/site-packages/airflow/example_dags/example_task_group_decorator.py
[2024-04-27T13:45:52.440+0000] {processor.py:753} INFO - DAG(s) dict_keys(['example_task_group_decorator']) retrieved from /home/airflow/.local/lib/python3.7/site-packages/airflow/example_dags/example_task_group_decorator.py
[2024-04-27T13:45:52.479+0000] {logging_mixin.py:137} INFO - [2024-04-27T13:45:52.479+0000] {dag.py:2690} INFO - Sync 1 DAGs
[2024-04-27T13:45:52.517+0000] {logging_mixin.py:137} INFO - [2024-04-27T13:45:52.517+0000] {dag.py:3441} INFO - Setting next_dagrun for example_task_group_decorator to 2024-04-26T13:45:52.517102+00:00, run_after=2024-04-27T13:45:52.517102+00:00
[2024-04-27T13:45:52.550+0000] {processor.py:175} INFO - Processing /home/airflow/.local/lib/python3.7/site-packages/airflow/example_dags/example_task_group_decorator.py took 0.170 seconds
[2024-04-27T13:46:22.606+0000] {processor.py:153} INFO - Started process (PID=333) to work on /home/airflow/.local/lib/python3.7/site-packages/airflow/example_dags/example_task_group_decorator.py
[2024-04-27T13:46:22.607+0000] {processor.py:743} INFO - Processing file /home/airflow/.local/lib/python3.7/site-packages/airflow/example_dags/example_task_group_decorator.py for tasks to queue
[2024-04-27T13:46:22.609+0000] {logging_mixin.py:137} INFO - [2024-04-27T13:46:22.608+0000] {dagbag.py:538} INFO - Filling up the DagBag from /home/airflow/.local/lib/python3.7/site-packages/airflow/example_dags/example_task_group_decorator.py
[2024-04-27T13:46:22.661+0000] {processor.py:753} INFO - DAG(s) dict_keys(['example_task_group_decorator']) retrieved from /home/airflow/.local/lib/python3.7/site-packages/airflow/example_dags/example_task_group_decorator.py
[2024-04-27T13:46:22.697+0000] {logging_mixin.py:137} INFO - [2024-04-27T13:46:22.697+0000] {dag.py:2690} INFO - Sync 1 DAGs
[2024-04-27T13:46:22.729+0000] {logging_mixin.py:137} INFO - [2024-04-27T13:46:22.729+0000] {dag.py:3441} INFO - Setting next_dagrun for example_task_group_decorator to 2024-04-26T13:46:22.729442+00:00, run_after=2024-04-27T13:46:22.729442+00:00
[2024-04-27T13:46:22.760+0000] {processor.py:175} INFO - Processing /home/airflow/.local/lib/python3.7/site-packages/airflow/example_dags/example_task_group_decorator.py took 0.169 seconds
[2024-04-27T13:46:52.992+0000] {processor.py:153} INFO - Started process (PID=396) to work on /home/airflow/.local/lib/python3.7/site-packages/airflow/example_dags/example_task_group_decorator.py
[2024-04-27T13:46:52.994+0000] {processor.py:743} INFO - Processing file /home/airflow/.local/lib/python3.7/site-packages/airflow/example_dags/example_task_group_decorator.py for tasks to queue
[2024-04-27T13:46:52.997+0000] {logging_mixin.py:137} INFO - [2024-04-27T13:46:52.996+0000] {dagbag.py:538} INFO - Filling up the DagBag from /home/airflow/.local/lib/python3.7/site-packages/airflow/example_dags/example_task_group_decorator.py
[2024-04-27T13:46:53.058+0000] {processor.py:753} INFO - DAG(s) dict_keys(['example_task_group_decorator']) retrieved from /home/airflow/.local/lib/python3.7/site-packages/airflow/example_dags/example_task_group_decorator.py
[2024-04-27T13:46:53.102+0000] {logging_mixin.py:137} INFO - [2024-04-27T13:46:53.101+0000] {dag.py:2690} INFO - Sync 1 DAGs
[2024-04-27T13:46:53.143+0000] {logging_mixin.py:137} INFO - [2024-04-27T13:46:53.143+0000] {dag.py:3441} INFO - Setting next_dagrun for example_task_group_decorator to 2024-04-26T13:46:53.142777+00:00, run_after=2024-04-27T13:46:53.142777+00:00
[2024-04-27T13:46:53.178+0000] {processor.py:175} INFO - Processing /home/airflow/.local/lib/python3.7/site-packages/airflow/example_dags/example_task_group_decorator.py took 0.197 seconds
[2024-04-27T13:47:23.677+0000] {processor.py:153} INFO - Started process (PID=462) to work on /home/airflow/.local/lib/python3.7/site-packages/airflow/example_dags/example_task_group_decorator.py
[2024-04-27T13:47:23.681+0000] {processor.py:743} INFO - Processing file /home/airflow/.local/lib/python3.7/site-packages/airflow/example_dags/example_task_group_decorator.py for tasks to queue
[2024-04-27T13:47:23.683+0000] {logging_mixin.py:137} INFO - [2024-04-27T13:47:23.682+0000] {dagbag.py:538} INFO - Filling up the DagBag from /home/airflow/.local/lib/python3.7/site-packages/airflow/example_dags/example_task_group_decorator.py
[2024-04-27T13:47:23.742+0000] {processor.py:753} INFO - DAG(s) dict_keys(['example_task_group_decorator']) retrieved from /home/airflow/.local/lib/python3.7/site-packages/airflow/example_dags/example_task_group_decorator.py
[2024-04-27T13:47:23.791+0000] {logging_mixin.py:137} INFO - [2024-04-27T13:47:23.790+0000] {dag.py:2690} INFO - Sync 1 DAGs
[2024-04-27T13:47:23.841+0000] {logging_mixin.py:137} INFO - [2024-04-27T13:47:23.841+0000] {dag.py:3441} INFO - Setting next_dagrun for example_task_group_decorator to 2024-04-26T13:47:23.841132+00:00, run_after=2024-04-27T13:47:23.841132+00:00
[2024-04-27T13:47:23.873+0000] {processor.py:175} INFO - Processing /home/airflow/.local/lib/python3.7/site-packages/airflow/example_dags/example_task_group_decorator.py took 0.201 seconds
[2024-04-27T13:47:54.306+0000] {processor.py:153} INFO - Started process (PID=535) to work on /home/airflow/.local/lib/python3.7/site-packages/airflow/example_dags/example_task_group_decorator.py
[2024-04-27T13:47:54.307+0000] {processor.py:743} INFO - Processing file /home/airflow/.local/lib/python3.7/site-packages/airflow/example_dags/example_task_group_decorator.py for tasks to queue
[2024-04-27T13:47:54.308+0000] {logging_mixin.py:137} INFO - [2024-04-27T13:47:54.308+0000] {dagbag.py:538} INFO - Filling up the DagBag from /home/airflow/.local/lib/python3.7/site-packages/airflow/example_dags/example_task_group_decorator.py
[2024-04-27T13:47:54.381+0000] {processor.py:753} INFO - DAG(s) dict_keys(['example_task_group_decorator']) retrieved from /home/airflow/.local/lib/python3.7/site-packages/airflow/example_dags/example_task_group_decorator.py
[2024-04-27T13:47:54.504+0000] {logging_mixin.py:137} INFO - [2024-04-27T13:47:54.504+0000] {dag.py:2690} INFO - Sync 1 DAGs
[2024-04-27T13:47:54.580+0000] {logging_mixin.py:137} INFO - [2024-04-27T13:47:54.579+0000] {dag.py:3441} INFO - Setting next_dagrun for example_task_group_decorator to 2024-04-26T13:47:54.579567+00:00, run_after=2024-04-27T13:47:54.579567+00:00
[2024-04-27T13:47:54.619+0000] {processor.py:175} INFO - Processing /home/airflow/.local/lib/python3.7/site-packages/airflow/example_dags/example_task_group_decorator.py took 0.319 seconds
[2024-04-27T13:48:24.692+0000] {processor.py:153} INFO - Started process (PID=601) to work on /home/airflow/.local/lib/python3.7/site-packages/airflow/example_dags/example_task_group_decorator.py
[2024-04-27T13:48:24.693+0000] {processor.py:743} INFO - Processing file /home/airflow/.local/lib/python3.7/site-packages/airflow/example_dags/example_task_group_decorator.py for tasks to queue
[2024-04-27T13:48:24.694+0000] {logging_mixin.py:137} INFO - [2024-04-27T13:48:24.693+0000] {dagbag.py:538} INFO - Filling up the DagBag from /home/airflow/.local/lib/python3.7/site-packages/airflow/example_dags/example_task_group_decorator.py
[2024-04-27T13:48:24.751+0000] {processor.py:753} INFO - DAG(s) dict_keys(['example_task_group_decorator']) retrieved from /home/airflow/.local/lib/python3.7/site-packages/airflow/example_dags/example_task_group_decorator.py
[2024-04-27T13:48:24.803+0000] {logging_mixin.py:137} INFO - [2024-04-27T13:48:24.803+0000] {dag.py:2690} INFO - Sync 1 DAGs
[2024-04-27T13:48:24.854+0000] {logging_mixin.py:137} INFO - [2024-04-27T13:48:24.853+0000] {dag.py:3441} INFO - Setting next_dagrun for example_task_group_decorator to 2024-04-26T13:48:24.853498+00:00, run_after=2024-04-27T13:48:24.853498+00:00
[2024-04-27T13:48:24.887+0000] {processor.py:175} INFO - Processing /home/airflow/.local/lib/python3.7/site-packages/airflow/example_dags/example_task_group_decorator.py took 0.201 seconds
[2024-04-27T13:48:55.430+0000] {processor.py:153} INFO - Started process (PID=665) to work on /home/airflow/.local/lib/python3.7/site-packages/airflow/example_dags/example_task_group_decorator.py
[2024-04-27T13:48:55.431+0000] {processor.py:743} INFO - Processing file /home/airflow/.local/lib/python3.7/site-packages/airflow/example_dags/example_task_group_decorator.py for tasks to queue
[2024-04-27T13:48:55.432+0000] {logging_mixin.py:137} INFO - [2024-04-27T13:48:55.432+0000] {dagbag.py:538} INFO - Filling up the DagBag from /home/airflow/.local/lib/python3.7/site-packages/airflow/example_dags/example_task_group_decorator.py
[2024-04-27T13:48:55.475+0000] {processor.py:753} INFO - DAG(s) dict_keys(['example_task_group_decorator']) retrieved from /home/airflow/.local/lib/python3.7/site-packages/airflow/example_dags/example_task_group_decorator.py
[2024-04-27T13:48:55.510+0000] {logging_mixin.py:137} INFO - [2024-04-27T13:48:55.510+0000] {dag.py:2690} INFO - Sync 1 DAGs
[2024-04-27T13:48:55.545+0000] {logging_mixin.py:137} INFO - [2024-04-27T13:48:55.545+0000] {dag.py:3441} INFO - Setting next_dagrun for example_task_group_decorator to 2024-04-26T13:48:55.545243+00:00, run_after=2024-04-27T13:48:55.545243+00:00
[2024-04-27T13:48:55.569+0000] {processor.py:175} INFO - Processing /home/airflow/.local/lib/python3.7/site-packages/airflow/example_dags/example_task_group_decorator.py took 0.144 seconds
[2024-04-27T13:49:26.128+0000] {processor.py:153} INFO - Started process (PID=729) to work on /home/airflow/.local/lib/python3.7/site-packages/airflow/example_dags/example_task_group_decorator.py
[2024-04-27T13:49:26.128+0000] {processor.py:743} INFO - Processing file /home/airflow/.local/lib/python3.7/site-packages/airflow/example_dags/example_task_group_decorator.py for tasks to queue
[2024-04-27T13:49:26.129+0000] {logging_mixin.py:137} INFO - [2024-04-27T13:49:26.129+0000] {dagbag.py:538} INFO - Filling up the DagBag from /home/airflow/.local/lib/python3.7/site-packages/airflow/example_dags/example_task_group_decorator.py
[2024-04-27T13:49:26.192+0000] {processor.py:753} INFO - DAG(s) dict_keys(['example_task_group_decorator']) retrieved from /home/airflow/.local/lib/python3.7/site-packages/airflow/example_dags/example_task_group_decorator.py
[2024-04-27T13:49:26.243+0000] {logging_mixin.py:137} INFO - [2024-04-27T13:49:26.243+0000] {dag.py:2690} INFO - Sync 1 DAGs
[2024-04-27T13:49:26.289+0000] {logging_mixin.py:137} INFO - [2024-04-27T13:49:26.289+0000] {dag.py:3441} INFO - Setting next_dagrun for example_task_group_decorator to 2024-04-26T13:49:26.289299+00:00, run_after=2024-04-27T13:49:26.289299+00:00
[2024-04-27T13:49:26.319+0000] {processor.py:175} INFO - Processing /home/airflow/.local/lib/python3.7/site-packages/airflow/example_dags/example_task_group_decorator.py took 0.195 seconds
[2024-04-27T13:49:56.694+0000] {processor.py:153} INFO - Started process (PID=794) to work on /home/airflow/.local/lib/python3.7/site-packages/airflow/example_dags/example_task_group_decorator.py
[2024-04-27T13:49:56.695+0000] {processor.py:743} INFO - Processing file /home/airflow/.local/lib/python3.7/site-packages/airflow/example_dags/example_task_group_decorator.py for tasks to queue
[2024-04-27T13:49:56.695+0000] {logging_mixin.py:137} INFO - [2024-04-27T13:49:56.695+0000] {dagbag.py:538} INFO - Filling up the DagBag from /home/airflow/.local/lib/python3.7/site-packages/airflow/example_dags/example_task_group_decorator.py
[2024-04-27T13:49:56.747+0000] {processor.py:753} INFO - DAG(s) dict_keys(['example_task_group_decorator']) retrieved from /home/airflow/.local/lib/python3.7/site-packages/airflow/example_dags/example_task_group_decorator.py
[2024-04-27T13:49:56.809+0000] {logging_mixin.py:137} INFO - [2024-04-27T13:49:56.809+0000] {dag.py:2690} INFO - Sync 1 DAGs
[2024-04-27T13:49:56.863+0000] {logging_mixin.py:137} INFO - [2024-04-27T13:49:56.863+0000] {dag.py:3441} INFO - Setting next_dagrun for example_task_group_decorator to 2024-04-26T13:49:56.863008+00:00, run_after=2024-04-27T13:49:56.863008+00:00
[2024-04-27T13:49:56.898+0000] {processor.py:175} INFO - Processing /home/airflow/.local/lib/python3.7/site-packages/airflow/example_dags/example_task_group_decorator.py took 0.208 seconds
[2024-04-27T13:50:27.304+0000] {processor.py:153} INFO - Started process (PID=868) to work on /home/airflow/.local/lib/python3.7/site-packages/airflow/example_dags/example_task_group_decorator.py
[2024-04-27T13:50:27.305+0000] {processor.py:743} INFO - Processing file /home/airflow/.local/lib/python3.7/site-packages/airflow/example_dags/example_task_group_decorator.py for tasks to queue
[2024-04-27T13:50:27.306+0000] {logging_mixin.py:137} INFO - [2024-04-27T13:50:27.306+0000] {dagbag.py:538} INFO - Filling up the DagBag from /home/airflow/.local/lib/python3.7/site-packages/airflow/example_dags/example_task_group_decorator.py
[2024-04-27T13:50:27.363+0000] {processor.py:753} INFO - DAG(s) dict_keys(['example_task_group_decorator']) retrieved from /home/airflow/.local/lib/python3.7/site-packages/airflow/example_dags/example_task_group_decorator.py
[2024-04-27T13:50:27.414+0000] {logging_mixin.py:137} INFO - [2024-04-27T13:50:27.414+0000] {dag.py:2690} INFO - Sync 1 DAGs
[2024-04-27T13:50:27.464+0000] {logging_mixin.py:137} INFO - [2024-04-27T13:50:27.464+0000] {dag.py:3441} INFO - Setting next_dagrun for example_task_group_decorator to 2024-04-26T13:50:27.464092+00:00, run_after=2024-04-27T13:50:27.464092+00:00
[2024-04-27T13:50:27.493+0000] {processor.py:175} INFO - Processing /home/airflow/.local/lib/python3.7/site-packages/airflow/example_dags/example_task_group_decorator.py took 0.195 seconds
[2024-04-27T13:50:58.192+0000] {processor.py:153} INFO - Started process (PID=931) to work on /home/airflow/.local/lib/python3.7/site-packages/airflow/example_dags/example_task_group_decorator.py
[2024-04-27T13:50:58.193+0000] {processor.py:743} INFO - Processing file /home/airflow/.local/lib/python3.7/site-packages/airflow/example_dags/example_task_group_decorator.py for tasks to queue
[2024-04-27T13:50:58.194+0000] {logging_mixin.py:137} INFO - [2024-04-27T13:50:58.194+0000] {dagbag.py:538} INFO - Filling up the DagBag from /home/airflow/.local/lib/python3.7/site-packages/airflow/example_dags/example_task_group_decorator.py
[2024-04-27T13:50:58.247+0000] {processor.py:753} INFO - DAG(s) dict_keys(['example_task_group_decorator']) retrieved from /home/airflow/.local/lib/python3.7/site-packages/airflow/example_dags/example_task_group_decorator.py
[2024-04-27T13:50:58.289+0000] {logging_mixin.py:137} INFO - [2024-04-27T13:50:58.288+0000] {dag.py:2690} INFO - Sync 1 DAGs
[2024-04-27T13:50:58.332+0000] {logging_mixin.py:137} INFO - [2024-04-27T13:50:58.332+0000] {dag.py:3441} INFO - Setting next_dagrun for example_task_group_decorator to 2024-04-26T13:50:58.332159+00:00, run_after=2024-04-27T13:50:58.332159+00:00
[2024-04-27T13:50:58.358+0000] {processor.py:175} INFO - Processing /home/airflow/.local/lib/python3.7/site-packages/airflow/example_dags/example_task_group_decorator.py took 0.173 seconds
[2024-04-27T13:51:28.837+0000] {processor.py:153} INFO - Started process (PID=993) to work on /home/airflow/.local/lib/python3.7/site-packages/airflow/example_dags/example_task_group_decorator.py
[2024-04-27T13:51:28.838+0000] {processor.py:743} INFO - Processing file /home/airflow/.local/lib/python3.7/site-packages/airflow/example_dags/example_task_group_decorator.py for tasks to queue
[2024-04-27T13:51:28.849+0000] {logging_mixin.py:137} INFO - [2024-04-27T13:51:28.849+0000] {dagbag.py:538} INFO - Filling up the DagBag from /home/airflow/.local/lib/python3.7/site-packages/airflow/example_dags/example_task_group_decorator.py
[2024-04-27T13:51:28.907+0000] {processor.py:753} INFO - DAG(s) dict_keys(['example_task_group_decorator']) retrieved from /home/airflow/.local/lib/python3.7/site-packages/airflow/example_dags/example_task_group_decorator.py
[2024-04-27T13:51:28.959+0000] {logging_mixin.py:137} INFO - [2024-04-27T13:51:28.958+0000] {dag.py:2690} INFO - Sync 1 DAGs
[2024-04-27T13:51:29.010+0000] {logging_mixin.py:137} INFO - [2024-04-27T13:51:29.010+0000] {dag.py:3441} INFO - Setting next_dagrun for example_task_group_decorator to 2024-04-26T13:51:29.010238+00:00, run_after=2024-04-27T13:51:29.010238+00:00
[2024-04-27T13:51:29.051+0000] {processor.py:175} INFO - Processing /home/airflow/.local/lib/python3.7/site-packages/airflow/example_dags/example_task_group_decorator.py took 0.220 seconds
[2024-04-27T13:51:59.201+0000] {processor.py:153} INFO - Started process (PID=1055) to work on /home/airflow/.local/lib/python3.7/site-packages/airflow/example_dags/example_task_group_decorator.py
[2024-04-27T13:51:59.202+0000] {processor.py:743} INFO - Processing file /home/airflow/.local/lib/python3.7/site-packages/airflow/example_dags/example_task_group_decorator.py for tasks to queue
[2024-04-27T13:51:59.203+0000] {logging_mixin.py:137} INFO - [2024-04-27T13:51:59.203+0000] {dagbag.py:538} INFO - Filling up the DagBag from /home/airflow/.local/lib/python3.7/site-packages/airflow/example_dags/example_task_group_decorator.py
[2024-04-27T13:51:59.251+0000] {processor.py:753} INFO - DAG(s) dict_keys(['example_task_group_decorator']) retrieved from /home/airflow/.local/lib/python3.7/site-packages/airflow/example_dags/example_task_group_decorator.py
[2024-04-27T13:51:59.290+0000] {logging_mixin.py:137} INFO - [2024-04-27T13:51:59.290+0000] {dag.py:2690} INFO - Sync 1 DAGs
[2024-04-27T13:51:59.323+0000] {logging_mixin.py:137} INFO - [2024-04-27T13:51:59.323+0000] {dag.py:3441} INFO - Setting next_dagrun for example_task_group_decorator to 2024-04-26T13:51:59.323162+00:00, run_after=2024-04-27T13:51:59.323162+00:00
[2024-04-27T13:51:59.348+0000] {processor.py:175} INFO - Processing /home/airflow/.local/lib/python3.7/site-packages/airflow/example_dags/example_task_group_decorator.py took 0.153 seconds
[2024-04-27T13:52:30.036+0000] {processor.py:153} INFO - Started process (PID=1131) to work on /home/airflow/.local/lib/python3.7/site-packages/airflow/example_dags/example_task_group_decorator.py
[2024-04-27T13:52:30.037+0000] {processor.py:743} INFO - Processing file /home/airflow/.local/lib/python3.7/site-packages/airflow/example_dags/example_task_group_decorator.py for tasks to queue
[2024-04-27T13:52:30.039+0000] {logging_mixin.py:137} INFO - [2024-04-27T13:52:30.038+0000] {dagbag.py:538} INFO - Filling up the DagBag from /home/airflow/.local/lib/python3.7/site-packages/airflow/example_dags/example_task_group_decorator.py
[2024-04-27T13:52:30.081+0000] {processor.py:753} INFO - DAG(s) dict_keys(['example_task_group_decorator']) retrieved from /home/airflow/.local/lib/python3.7/site-packages/airflow/example_dags/example_task_group_decorator.py
[2024-04-27T13:52:30.129+0000] {logging_mixin.py:137} INFO - [2024-04-27T13:52:30.129+0000] {dag.py:2690} INFO - Sync 1 DAGs
[2024-04-27T13:52:30.174+0000] {logging_mixin.py:137} INFO - [2024-04-27T13:52:30.174+0000] {dag.py:3441} INFO - Setting next_dagrun for example_task_group_decorator to 2024-04-26T13:52:30.173976+00:00, run_after=2024-04-27T13:52:30.173976+00:00
[2024-04-27T13:52:30.217+0000] {processor.py:175} INFO - Processing /home/airflow/.local/lib/python3.7/site-packages/airflow/example_dags/example_task_group_decorator.py took 0.186 seconds
[2024-04-27T13:53:00.944+0000] {processor.py:153} INFO - Started process (PID=1196) to work on /home/airflow/.local/lib/python3.7/site-packages/airflow/example_dags/example_task_group_decorator.py
[2024-04-27T13:53:00.945+0000] {processor.py:743} INFO - Processing file /home/airflow/.local/lib/python3.7/site-packages/airflow/example_dags/example_task_group_decorator.py for tasks to queue
[2024-04-27T13:53:00.946+0000] {logging_mixin.py:137} INFO - [2024-04-27T13:53:00.946+0000] {dagbag.py:538} INFO - Filling up the DagBag from /home/airflow/.local/lib/python3.7/site-packages/airflow/example_dags/example_task_group_decorator.py
[2024-04-27T13:53:00.986+0000] {processor.py:753} INFO - DAG(s) dict_keys(['example_task_group_decorator']) retrieved from /home/airflow/.local/lib/python3.7/site-packages/airflow/example_dags/example_task_group_decorator.py
[2024-04-27T13:53:01.021+0000] {logging_mixin.py:137} INFO - [2024-04-27T13:53:01.021+0000] {dag.py:2690} INFO - Sync 1 DAGs
[2024-04-27T13:53:01.058+0000] {logging_mixin.py:137} INFO - [2024-04-27T13:53:01.058+0000] {dag.py:3441} INFO - Setting next_dagrun for example_task_group_decorator to 2024-04-26T13:53:01.058247+00:00, run_after=2024-04-27T13:53:01.058247+00:00
[2024-04-27T13:53:01.083+0000] {processor.py:175} INFO - Processing /home/airflow/.local/lib/python3.7/site-packages/airflow/example_dags/example_task_group_decorator.py took 0.142 seconds
[2024-04-27T13:53:32.331+0000] {processor.py:153} INFO - Started process (PID=1259) to work on /home/airflow/.local/lib/python3.7/site-packages/airflow/example_dags/example_task_group_decorator.py
[2024-04-27T13:53:32.332+0000] {processor.py:743} INFO - Processing file /home/airflow/.local/lib/python3.7/site-packages/airflow/example_dags/example_task_group_decorator.py for tasks to queue
[2024-04-27T13:53:32.333+0000] {logging_mixin.py:137} INFO - [2024-04-27T13:53:32.333+0000] {dagbag.py:538} INFO - Filling up the DagBag from /home/airflow/.local/lib/python3.7/site-packages/airflow/example_dags/example_task_group_decorator.py
[2024-04-27T13:53:32.396+0000] {processor.py:753} INFO - DAG(s) dict_keys(['example_task_group_decorator']) retrieved from /home/airflow/.local/lib/python3.7/site-packages/airflow/example_dags/example_task_group_decorator.py
[2024-04-27T13:53:32.448+0000] {logging_mixin.py:137} INFO - [2024-04-27T13:53:32.448+0000] {dag.py:2690} INFO - Sync 1 DAGs
[2024-04-27T13:53:32.501+0000] {logging_mixin.py:137} INFO - [2024-04-27T13:53:32.501+0000] {dag.py:3441} INFO - Setting next_dagrun for example_task_group_decorator to 2024-04-26T13:53:32.501256+00:00, run_after=2024-04-27T13:53:32.501256+00:00
[2024-04-27T13:53:32.542+0000] {processor.py:175} INFO - Processing /home/airflow/.local/lib/python3.7/site-packages/airflow/example_dags/example_task_group_decorator.py took 0.217 seconds
[2024-04-27T13:54:02.867+0000] {processor.py:153} INFO - Started process (PID=1335) to work on /home/airflow/.local/lib/python3.7/site-packages/airflow/example_dags/example_task_group_decorator.py
[2024-04-27T13:54:02.879+0000] {processor.py:743} INFO - Processing file /home/airflow/.local/lib/python3.7/site-packages/airflow/example_dags/example_task_group_decorator.py for tasks to queue
[2024-04-27T13:54:02.880+0000] {logging_mixin.py:137} INFO - [2024-04-27T13:54:02.880+0000] {dagbag.py:538} INFO - Filling up the DagBag from /home/airflow/.local/lib/python3.7/site-packages/airflow/example_dags/example_task_group_decorator.py
[2024-04-27T13:54:03.044+0000] {processor.py:753} INFO - DAG(s) dict_keys(['example_task_group_decorator']) retrieved from /home/airflow/.local/lib/python3.7/site-packages/airflow/example_dags/example_task_group_decorator.py
[2024-04-27T13:54:03.158+0000] {logging_mixin.py:137} INFO - [2024-04-27T13:54:03.157+0000] {dag.py:2690} INFO - Sync 1 DAGs
[2024-04-27T13:54:03.268+0000] {logging_mixin.py:137} INFO - [2024-04-27T13:54:03.268+0000] {dag.py:3441} INFO - Setting next_dagrun for example_task_group_decorator to 2024-04-26T13:54:03.268068+00:00, run_after=2024-04-27T13:54:03.268068+00:00
[2024-04-27T13:54:03.319+0000] {processor.py:175} INFO - Processing /home/airflow/.local/lib/python3.7/site-packages/airflow/example_dags/example_task_group_decorator.py took 0.459 seconds
[2024-04-27T14:03:20.409+0000] {processor.py:157} INFO - Started process (PID=73) to work on /home/airflow/.local/lib/python3.8/site-packages/airflow/example_dags/example_task_group_decorator.py
[2024-04-27T14:03:20.411+0000] {processor.py:829} INFO - Processing file /home/airflow/.local/lib/python3.8/site-packages/airflow/example_dags/example_task_group_decorator.py for tasks to queue
[2024-04-27T14:03:20.414+0000] {logging_mixin.py:151} INFO - [2024-04-27T14:03:20.413+0000] {dagbag.py:539} INFO - Filling up the DagBag from /home/airflow/.local/lib/python3.8/site-packages/airflow/example_dags/example_task_group_decorator.py
[2024-04-27T14:03:20.448+0000] {processor.py:839} INFO - DAG(s) dict_keys(['example_task_group_decorator']) retrieved from /home/airflow/.local/lib/python3.8/site-packages/airflow/example_dags/example_task_group_decorator.py
[2024-04-27T14:03:20.900+0000] {logging_mixin.py:151} INFO - [2024-04-27T14:03:20.900+0000] {manager.py:501} INFO - Created Permission View: can read on DAG:example_task_group_decorator
[2024-04-27T14:03:20.931+0000] {logging_mixin.py:151} INFO - [2024-04-27T14:03:20.931+0000] {manager.py:501} INFO - Created Permission View: can edit on DAG:example_task_group_decorator
[2024-04-27T14:03:20.943+0000] {logging_mixin.py:151} INFO - [2024-04-27T14:03:20.943+0000] {manager.py:501} INFO - Created Permission View: can delete on DAG:example_task_group_decorator
[2024-04-27T14:03:20.970+0000] {logging_mixin.py:151} INFO - [2024-04-27T14:03:20.969+0000] {dag.py:2907} INFO - Sync 1 DAGs
[2024-04-27T14:03:20.987+0000] {logging_mixin.py:151} INFO - [2024-04-27T14:03:20.987+0000] {dag.py:2929} INFO - Creating ORM DAG for example_task_group_decorator
[2024-04-27T14:03:21.002+0000] {logging_mixin.py:151} INFO - [2024-04-27T14:03:21.002+0000] {dag.py:3677} INFO - Setting next_dagrun for example_task_group_decorator to 2024-04-26T14:03:21.002223+00:00, run_after=2024-04-27T14:03:21.002223+00:00
[2024-04-27T14:03:21.031+0000] {processor.py:179} INFO - Processing /home/airflow/.local/lib/python3.8/site-packages/airflow/example_dags/example_task_group_decorator.py took 0.628 seconds
[2024-04-27T14:03:51.980+0000] {processor.py:157} INFO - Started process (PID=136) to work on /home/airflow/.local/lib/python3.8/site-packages/airflow/example_dags/example_task_group_decorator.py
[2024-04-27T14:03:51.982+0000] {processor.py:829} INFO - Processing file /home/airflow/.local/lib/python3.8/site-packages/airflow/example_dags/example_task_group_decorator.py for tasks to queue
[2024-04-27T14:03:51.985+0000] {logging_mixin.py:151} INFO - [2024-04-27T14:03:51.984+0000] {dagbag.py:539} INFO - Filling up the DagBag from /home/airflow/.local/lib/python3.8/site-packages/airflow/example_dags/example_task_group_decorator.py
[2024-04-27T14:03:52.013+0000] {processor.py:839} INFO - DAG(s) dict_keys(['example_task_group_decorator']) retrieved from /home/airflow/.local/lib/python3.8/site-packages/airflow/example_dags/example_task_group_decorator.py
[2024-04-27T14:03:52.068+0000] {logging_mixin.py:151} INFO - [2024-04-27T14:03:52.068+0000] {dag.py:2907} INFO - Sync 1 DAGs
[2024-04-27T14:03:52.109+0000] {logging_mixin.py:151} INFO - [2024-04-27T14:03:52.109+0000] {dag.py:3677} INFO - Setting next_dagrun for example_task_group_decorator to 2024-04-26T14:03:52.109207+00:00, run_after=2024-04-27T14:03:52.109207+00:00
[2024-04-27T14:03:52.140+0000] {processor.py:179} INFO - Processing /home/airflow/.local/lib/python3.8/site-packages/airflow/example_dags/example_task_group_decorator.py took 0.164 seconds
[2024-04-27T14:04:22.229+0000] {processor.py:157} INFO - Started process (PID=205) to work on /home/airflow/.local/lib/python3.8/site-packages/airflow/example_dags/example_task_group_decorator.py
[2024-04-27T14:04:22.231+0000] {processor.py:829} INFO - Processing file /home/airflow/.local/lib/python3.8/site-packages/airflow/example_dags/example_task_group_decorator.py for tasks to queue
[2024-04-27T14:04:22.234+0000] {logging_mixin.py:151} INFO - [2024-04-27T14:04:22.234+0000] {dagbag.py:539} INFO - Filling up the DagBag from /home/airflow/.local/lib/python3.8/site-packages/airflow/example_dags/example_task_group_decorator.py
[2024-04-27T14:04:22.263+0000] {processor.py:839} INFO - DAG(s) dict_keys(['example_task_group_decorator']) retrieved from /home/airflow/.local/lib/python3.8/site-packages/airflow/example_dags/example_task_group_decorator.py
[2024-04-27T14:04:22.308+0000] {logging_mixin.py:151} INFO - [2024-04-27T14:04:22.308+0000] {dag.py:2907} INFO - Sync 1 DAGs
[2024-04-27T14:04:22.349+0000] {logging_mixin.py:151} INFO - [2024-04-27T14:04:22.348+0000] {dag.py:3677} INFO - Setting next_dagrun for example_task_group_decorator to 2024-04-26T14:04:22.348428+00:00, run_after=2024-04-27T14:04:22.348428+00:00
[2024-04-27T14:04:22.379+0000] {processor.py:179} INFO - Processing /home/airflow/.local/lib/python3.8/site-packages/airflow/example_dags/example_task_group_decorator.py took 0.154 seconds
[2024-04-27T14:04:52.837+0000] {processor.py:157} INFO - Started process (PID=269) to work on /home/airflow/.local/lib/python3.8/site-packages/airflow/example_dags/example_task_group_decorator.py
[2024-04-27T14:04:52.838+0000] {processor.py:829} INFO - Processing file /home/airflow/.local/lib/python3.8/site-packages/airflow/example_dags/example_task_group_decorator.py for tasks to queue
[2024-04-27T14:04:52.842+0000] {logging_mixin.py:151} INFO - [2024-04-27T14:04:52.842+0000] {dagbag.py:539} INFO - Filling up the DagBag from /home/airflow/.local/lib/python3.8/site-packages/airflow/example_dags/example_task_group_decorator.py
[2024-04-27T14:04:52.871+0000] {processor.py:839} INFO - DAG(s) dict_keys(['example_task_group_decorator']) retrieved from /home/airflow/.local/lib/python3.8/site-packages/airflow/example_dags/example_task_group_decorator.py
[2024-04-27T14:04:52.913+0000] {logging_mixin.py:151} INFO - [2024-04-27T14:04:52.913+0000] {dag.py:2907} INFO - Sync 1 DAGs
[2024-04-27T14:04:52.943+0000] {logging_mixin.py:151} INFO - [2024-04-27T14:04:52.943+0000] {dag.py:3677} INFO - Setting next_dagrun for example_task_group_decorator to 2024-04-26T14:04:52.943014+00:00, run_after=2024-04-27T14:04:52.943014+00:00
[2024-04-27T14:04:52.972+0000] {processor.py:179} INFO - Processing /home/airflow/.local/lib/python3.8/site-packages/airflow/example_dags/example_task_group_decorator.py took 0.142 seconds
[2024-04-27T14:05:23.035+0000] {processor.py:157} INFO - Started process (PID=333) to work on /home/airflow/.local/lib/python3.8/site-packages/airflow/example_dags/example_task_group_decorator.py
[2024-04-27T14:05:23.037+0000] {processor.py:829} INFO - Processing file /home/airflow/.local/lib/python3.8/site-packages/airflow/example_dags/example_task_group_decorator.py for tasks to queue
[2024-04-27T14:05:23.041+0000] {logging_mixin.py:151} INFO - [2024-04-27T14:05:23.040+0000] {dagbag.py:539} INFO - Filling up the DagBag from /home/airflow/.local/lib/python3.8/site-packages/airflow/example_dags/example_task_group_decorator.py
[2024-04-27T14:05:23.069+0000] {processor.py:839} INFO - DAG(s) dict_keys(['example_task_group_decorator']) retrieved from /home/airflow/.local/lib/python3.8/site-packages/airflow/example_dags/example_task_group_decorator.py
[2024-04-27T14:05:23.113+0000] {logging_mixin.py:151} INFO - [2024-04-27T14:05:23.113+0000] {dag.py:2907} INFO - Sync 1 DAGs
[2024-04-27T14:05:23.151+0000] {logging_mixin.py:151} INFO - [2024-04-27T14:05:23.150+0000] {dag.py:3677} INFO - Setting next_dagrun for example_task_group_decorator to 2024-04-26T14:05:23.150577+00:00, run_after=2024-04-27T14:05:23.150577+00:00
[2024-04-27T14:05:23.180+0000] {processor.py:179} INFO - Processing /home/airflow/.local/lib/python3.8/site-packages/airflow/example_dags/example_task_group_decorator.py took 0.150 seconds
[2024-04-27T14:05:53.255+0000] {processor.py:157} INFO - Started process (PID=397) to work on /home/airflow/.local/lib/python3.8/site-packages/airflow/example_dags/example_task_group_decorator.py
[2024-04-27T14:05:53.256+0000] {processor.py:829} INFO - Processing file /home/airflow/.local/lib/python3.8/site-packages/airflow/example_dags/example_task_group_decorator.py for tasks to queue
[2024-04-27T14:05:53.258+0000] {logging_mixin.py:151} INFO - [2024-04-27T14:05:53.258+0000] {dagbag.py:539} INFO - Filling up the DagBag from /home/airflow/.local/lib/python3.8/site-packages/airflow/example_dags/example_task_group_decorator.py
[2024-04-27T14:05:53.277+0000] {processor.py:839} INFO - DAG(s) dict_keys(['example_task_group_decorator']) retrieved from /home/airflow/.local/lib/python3.8/site-packages/airflow/example_dags/example_task_group_decorator.py
[2024-04-27T14:05:53.313+0000] {logging_mixin.py:151} INFO - [2024-04-27T14:05:53.313+0000] {dag.py:2907} INFO - Sync 1 DAGs
[2024-04-27T14:05:53.345+0000] {logging_mixin.py:151} INFO - [2024-04-27T14:05:53.345+0000] {dag.py:3677} INFO - Setting next_dagrun for example_task_group_decorator to 2024-04-26T14:05:53.345120+00:00, run_after=2024-04-27T14:05:53.345120+00:00
[2024-04-27T14:05:53.368+0000] {processor.py:179} INFO - Processing /home/airflow/.local/lib/python3.8/site-packages/airflow/example_dags/example_task_group_decorator.py took 0.118 seconds
[2024-04-27T14:06:23.718+0000] {processor.py:157} INFO - Started process (PID=467) to work on /home/airflow/.local/lib/python3.8/site-packages/airflow/example_dags/example_task_group_decorator.py
[2024-04-27T14:06:23.720+0000] {processor.py:829} INFO - Processing file /home/airflow/.local/lib/python3.8/site-packages/airflow/example_dags/example_task_group_decorator.py for tasks to queue
[2024-04-27T14:06:23.723+0000] {logging_mixin.py:151} INFO - [2024-04-27T14:06:23.722+0000] {dagbag.py:539} INFO - Filling up the DagBag from /home/airflow/.local/lib/python3.8/site-packages/airflow/example_dags/example_task_group_decorator.py
[2024-04-27T14:06:23.753+0000] {processor.py:839} INFO - DAG(s) dict_keys(['example_task_group_decorator']) retrieved from /home/airflow/.local/lib/python3.8/site-packages/airflow/example_dags/example_task_group_decorator.py
[2024-04-27T14:06:23.800+0000] {logging_mixin.py:151} INFO - [2024-04-27T14:06:23.800+0000] {dag.py:2907} INFO - Sync 1 DAGs
[2024-04-27T14:06:23.843+0000] {logging_mixin.py:151} INFO - [2024-04-27T14:06:23.842+0000] {dag.py:3677} INFO - Setting next_dagrun for example_task_group_decorator to 2024-04-26T14:06:23.842421+00:00, run_after=2024-04-27T14:06:23.842421+00:00
[2024-04-27T14:06:23.874+0000] {processor.py:179} INFO - Processing /home/airflow/.local/lib/python3.8/site-packages/airflow/example_dags/example_task_group_decorator.py took 0.164 seconds
[2024-04-27T14:06:54.230+0000] {processor.py:157} INFO - Started process (PID=532) to work on /home/airflow/.local/lib/python3.8/site-packages/airflow/example_dags/example_task_group_decorator.py
[2024-04-27T14:06:54.232+0000] {processor.py:829} INFO - Processing file /home/airflow/.local/lib/python3.8/site-packages/airflow/example_dags/example_task_group_decorator.py for tasks to queue
[2024-04-27T14:06:54.235+0000] {logging_mixin.py:151} INFO - [2024-04-27T14:06:54.235+0000] {dagbag.py:539} INFO - Filling up the DagBag from /home/airflow/.local/lib/python3.8/site-packages/airflow/example_dags/example_task_group_decorator.py
[2024-04-27T14:06:54.264+0000] {processor.py:839} INFO - DAG(s) dict_keys(['example_task_group_decorator']) retrieved from /home/airflow/.local/lib/python3.8/site-packages/airflow/example_dags/example_task_group_decorator.py
[2024-04-27T14:06:54.313+0000] {logging_mixin.py:151} INFO - [2024-04-27T14:06:54.313+0000] {dag.py:2907} INFO - Sync 1 DAGs
[2024-04-27T14:06:54.354+0000] {logging_mixin.py:151} INFO - [2024-04-27T14:06:54.353+0000] {dag.py:3677} INFO - Setting next_dagrun for example_task_group_decorator to 2024-04-26T14:06:54.353579+00:00, run_after=2024-04-27T14:06:54.353579+00:00
[2024-04-27T14:06:54.385+0000] {processor.py:179} INFO - Processing /home/airflow/.local/lib/python3.8/site-packages/airflow/example_dags/example_task_group_decorator.py took 0.160 seconds
[2024-04-27T14:07:25.106+0000] {processor.py:157} INFO - Started process (PID=597) to work on /home/airflow/.local/lib/python3.8/site-packages/airflow/example_dags/example_task_group_decorator.py
[2024-04-27T14:07:25.107+0000] {processor.py:829} INFO - Processing file /home/airflow/.local/lib/python3.8/site-packages/airflow/example_dags/example_task_group_decorator.py for tasks to queue
[2024-04-27T14:07:25.111+0000] {logging_mixin.py:151} INFO - [2024-04-27T14:07:25.110+0000] {dagbag.py:539} INFO - Filling up the DagBag from /home/airflow/.local/lib/python3.8/site-packages/airflow/example_dags/example_task_group_decorator.py
[2024-04-27T14:07:25.139+0000] {processor.py:839} INFO - DAG(s) dict_keys(['example_task_group_decorator']) retrieved from /home/airflow/.local/lib/python3.8/site-packages/airflow/example_dags/example_task_group_decorator.py
[2024-04-27T14:07:25.181+0000] {logging_mixin.py:151} INFO - [2024-04-27T14:07:25.181+0000] {dag.py:2907} INFO - Sync 1 DAGs
[2024-04-27T14:07:25.219+0000] {logging_mixin.py:151} INFO - [2024-04-27T14:07:25.218+0000] {dag.py:3677} INFO - Setting next_dagrun for example_task_group_decorator to 2024-04-26T14:07:25.218582+00:00, run_after=2024-04-27T14:07:25.218582+00:00
[2024-04-27T14:07:25.242+0000] {processor.py:179} INFO - Processing /home/airflow/.local/lib/python3.8/site-packages/airflow/example_dags/example_task_group_decorator.py took 0.141 seconds
[2024-04-27T14:11:49.193+0000] {processor.py:157} INFO - Started process (PID=72) to work on /home/airflow/.local/lib/python3.8/site-packages/airflow/example_dags/example_task_group_decorator.py
[2024-04-27T14:11:49.199+0000] {processor.py:829} INFO - Processing file /home/airflow/.local/lib/python3.8/site-packages/airflow/example_dags/example_task_group_decorator.py for tasks to queue
[2024-04-27T14:11:49.213+0000] {logging_mixin.py:151} INFO - [2024-04-27T14:11:49.213+0000] {dagbag.py:539} INFO - Filling up the DagBag from /home/airflow/.local/lib/python3.8/site-packages/airflow/example_dags/example_task_group_decorator.py
[2024-04-27T14:11:49.259+0000] {processor.py:839} INFO - DAG(s) dict_keys(['example_task_group_decorator']) retrieved from /home/airflow/.local/lib/python3.8/site-packages/airflow/example_dags/example_task_group_decorator.py
[2024-04-27T14:11:49.449+0000] {logging_mixin.py:151} INFO - [2024-04-27T14:11:49.448+0000] {dag.py:2907} INFO - Sync 1 DAGs
[2024-04-27T14:11:49.485+0000] {logging_mixin.py:151} INFO - [2024-04-27T14:11:49.485+0000] {dag.py:3677} INFO - Setting next_dagrun for example_task_group_decorator to 2024-04-26T14:11:49.485174+00:00, run_after=2024-04-27T14:11:49.485174+00:00
[2024-04-27T14:11:49.513+0000] {processor.py:179} INFO - Processing /home/airflow/.local/lib/python3.8/site-packages/airflow/example_dags/example_task_group_decorator.py took 0.327 seconds
[2024-04-27T14:12:20.180+0000] {processor.py:157} INFO - Started process (PID=135) to work on /home/airflow/.local/lib/python3.8/site-packages/airflow/example_dags/example_task_group_decorator.py
[2024-04-27T14:12:20.181+0000] {processor.py:829} INFO - Processing file /home/airflow/.local/lib/python3.8/site-packages/airflow/example_dags/example_task_group_decorator.py for tasks to queue
[2024-04-27T14:12:20.184+0000] {logging_mixin.py:151} INFO - [2024-04-27T14:12:20.184+0000] {dagbag.py:539} INFO - Filling up the DagBag from /home/airflow/.local/lib/python3.8/site-packages/airflow/example_dags/example_task_group_decorator.py
[2024-04-27T14:12:20.208+0000] {processor.py:839} INFO - DAG(s) dict_keys(['example_task_group_decorator']) retrieved from /home/airflow/.local/lib/python3.8/site-packages/airflow/example_dags/example_task_group_decorator.py
[2024-04-27T14:12:20.246+0000] {logging_mixin.py:151} INFO - [2024-04-27T14:12:20.246+0000] {dag.py:2907} INFO - Sync 1 DAGs
[2024-04-27T14:12:20.285+0000] {logging_mixin.py:151} INFO - [2024-04-27T14:12:20.285+0000] {dag.py:3677} INFO - Setting next_dagrun for example_task_group_decorator to 2024-04-26T14:12:20.285298+00:00, run_after=2024-04-27T14:12:20.285298+00:00
[2024-04-27T14:12:20.316+0000] {processor.py:179} INFO - Processing /home/airflow/.local/lib/python3.8/site-packages/airflow/example_dags/example_task_group_decorator.py took 0.141 seconds
[2024-04-27T14:12:51.036+0000] {processor.py:157} INFO - Started process (PID=198) to work on /home/airflow/.local/lib/python3.8/site-packages/airflow/example_dags/example_task_group_decorator.py
[2024-04-27T14:12:51.038+0000] {processor.py:829} INFO - Processing file /home/airflow/.local/lib/python3.8/site-packages/airflow/example_dags/example_task_group_decorator.py for tasks to queue
[2024-04-27T14:12:51.041+0000] {logging_mixin.py:151} INFO - [2024-04-27T14:12:51.040+0000] {dagbag.py:539} INFO - Filling up the DagBag from /home/airflow/.local/lib/python3.8/site-packages/airflow/example_dags/example_task_group_decorator.py
[2024-04-27T14:12:51.079+0000] {processor.py:839} INFO - DAG(s) dict_keys(['example_task_group_decorator']) retrieved from /home/airflow/.local/lib/python3.8/site-packages/airflow/example_dags/example_task_group_decorator.py
[2024-04-27T14:12:51.127+0000] {logging_mixin.py:151} INFO - [2024-04-27T14:12:51.127+0000] {dag.py:2907} INFO - Sync 1 DAGs
[2024-04-27T14:12:51.168+0000] {logging_mixin.py:151} INFO - [2024-04-27T14:12:51.168+0000] {dag.py:3677} INFO - Setting next_dagrun for example_task_group_decorator to 2024-04-26T14:12:51.168274+00:00, run_after=2024-04-27T14:12:51.168274+00:00
[2024-04-27T14:12:51.210+0000] {processor.py:179} INFO - Processing /home/airflow/.local/lib/python3.8/site-packages/airflow/example_dags/example_task_group_decorator.py took 0.179 seconds
[2024-04-27T14:13:21.891+0000] {processor.py:157} INFO - Started process (PID=267) to work on /home/airflow/.local/lib/python3.8/site-packages/airflow/example_dags/example_task_group_decorator.py
[2024-04-27T14:13:21.892+0000] {processor.py:829} INFO - Processing file /home/airflow/.local/lib/python3.8/site-packages/airflow/example_dags/example_task_group_decorator.py for tasks to queue
[2024-04-27T14:13:21.895+0000] {logging_mixin.py:151} INFO - [2024-04-27T14:13:21.894+0000] {dagbag.py:539} INFO - Filling up the DagBag from /home/airflow/.local/lib/python3.8/site-packages/airflow/example_dags/example_task_group_decorator.py
[2024-04-27T14:13:21.928+0000] {processor.py:839} INFO - DAG(s) dict_keys(['example_task_group_decorator']) retrieved from /home/airflow/.local/lib/python3.8/site-packages/airflow/example_dags/example_task_group_decorator.py
[2024-04-27T14:13:21.974+0000] {logging_mixin.py:151} INFO - [2024-04-27T14:13:21.974+0000] {dag.py:2907} INFO - Sync 1 DAGs
[2024-04-27T14:13:22.013+0000] {logging_mixin.py:151} INFO - [2024-04-27T14:13:22.012+0000] {dag.py:3677} INFO - Setting next_dagrun for example_task_group_decorator to 2024-04-26T14:13:22.012414+00:00, run_after=2024-04-27T14:13:22.012414+00:00
[2024-04-27T14:13:22.045+0000] {processor.py:179} INFO - Processing /home/airflow/.local/lib/python3.8/site-packages/airflow/example_dags/example_task_group_decorator.py took 0.160 seconds
[2024-04-27T14:13:52.962+0000] {processor.py:157} INFO - Started process (PID=330) to work on /home/airflow/.local/lib/python3.8/site-packages/airflow/example_dags/example_task_group_decorator.py
[2024-04-27T14:13:52.963+0000] {processor.py:829} INFO - Processing file /home/airflow/.local/lib/python3.8/site-packages/airflow/example_dags/example_task_group_decorator.py for tasks to queue
[2024-04-27T14:13:52.965+0000] {logging_mixin.py:151} INFO - [2024-04-27T14:13:52.965+0000] {dagbag.py:539} INFO - Filling up the DagBag from /home/airflow/.local/lib/python3.8/site-packages/airflow/example_dags/example_task_group_decorator.py
[2024-04-27T14:13:52.986+0000] {processor.py:839} INFO - DAG(s) dict_keys(['example_task_group_decorator']) retrieved from /home/airflow/.local/lib/python3.8/site-packages/airflow/example_dags/example_task_group_decorator.py
[2024-04-27T14:13:53.019+0000] {logging_mixin.py:151} INFO - [2024-04-27T14:13:53.019+0000] {dag.py:2907} INFO - Sync 1 DAGs
[2024-04-27T14:13:53.048+0000] {logging_mixin.py:151} INFO - [2024-04-27T14:13:53.048+0000] {dag.py:3677} INFO - Setting next_dagrun for example_task_group_decorator to 2024-04-26T14:13:53.048081+00:00, run_after=2024-04-27T14:13:53.048081+00:00
[2024-04-27T14:13:53.074+0000] {processor.py:179} INFO - Processing /home/airflow/.local/lib/python3.8/site-packages/airflow/example_dags/example_task_group_decorator.py took 0.116 seconds
[2024-04-27T14:14:23.487+0000] {processor.py:157} INFO - Started process (PID=394) to work on /home/airflow/.local/lib/python3.8/site-packages/airflow/example_dags/example_task_group_decorator.py
[2024-04-27T14:14:23.489+0000] {processor.py:829} INFO - Processing file /home/airflow/.local/lib/python3.8/site-packages/airflow/example_dags/example_task_group_decorator.py for tasks to queue
[2024-04-27T14:14:23.492+0000] {logging_mixin.py:151} INFO - [2024-04-27T14:14:23.491+0000] {dagbag.py:539} INFO - Filling up the DagBag from /home/airflow/.local/lib/python3.8/site-packages/airflow/example_dags/example_task_group_decorator.py
[2024-04-27T14:14:23.517+0000] {processor.py:839} INFO - DAG(s) dict_keys(['example_task_group_decorator']) retrieved from /home/airflow/.local/lib/python3.8/site-packages/airflow/example_dags/example_task_group_decorator.py
[2024-04-27T14:14:23.561+0000] {logging_mixin.py:151} INFO - [2024-04-27T14:14:23.561+0000] {dag.py:2907} INFO - Sync 1 DAGs
[2024-04-27T14:14:23.591+0000] {logging_mixin.py:151} INFO - [2024-04-27T14:14:23.591+0000] {dag.py:3677} INFO - Setting next_dagrun for example_task_group_decorator to 2024-04-26T14:14:23.591221+00:00, run_after=2024-04-27T14:14:23.591221+00:00
[2024-04-27T14:14:23.618+0000] {processor.py:179} INFO - Processing /home/airflow/.local/lib/python3.8/site-packages/airflow/example_dags/example_task_group_decorator.py took 0.135 seconds
[2024-04-27T14:14:54.273+0000] {processor.py:157} INFO - Started process (PID=466) to work on /home/airflow/.local/lib/python3.8/site-packages/airflow/example_dags/example_task_group_decorator.py
[2024-04-27T14:14:54.290+0000] {processor.py:829} INFO - Processing file /home/airflow/.local/lib/python3.8/site-packages/airflow/example_dags/example_task_group_decorator.py for tasks to queue
[2024-04-27T14:14:54.314+0000] {logging_mixin.py:151} INFO - [2024-04-27T14:14:54.314+0000] {dagbag.py:539} INFO - Filling up the DagBag from /home/airflow/.local/lib/python3.8/site-packages/airflow/example_dags/example_task_group_decorator.py
[2024-04-27T14:14:54.353+0000] {processor.py:839} INFO - DAG(s) dict_keys(['example_task_group_decorator']) retrieved from /home/airflow/.local/lib/python3.8/site-packages/airflow/example_dags/example_task_group_decorator.py
[2024-04-27T14:14:54.437+0000] {logging_mixin.py:151} INFO - [2024-04-27T14:14:54.436+0000] {dag.py:2907} INFO - Sync 1 DAGs
[2024-04-27T14:14:54.520+0000] {logging_mixin.py:151} INFO - [2024-04-27T14:14:54.519+0000] {dag.py:3677} INFO - Setting next_dagrun for example_task_group_decorator to 2024-04-26T14:14:54.519513+00:00, run_after=2024-04-27T14:14:54.519513+00:00
[2024-04-27T14:14:54.559+0000] {processor.py:179} INFO - Processing /home/airflow/.local/lib/python3.8/site-packages/airflow/example_dags/example_task_group_decorator.py took 0.301 seconds
[2024-04-27T14:15:25.227+0000] {processor.py:157} INFO - Started process (PID=531) to work on /home/airflow/.local/lib/python3.8/site-packages/airflow/example_dags/example_task_group_decorator.py
[2024-04-27T14:15:25.228+0000] {processor.py:829} INFO - Processing file /home/airflow/.local/lib/python3.8/site-packages/airflow/example_dags/example_task_group_decorator.py for tasks to queue
[2024-04-27T14:15:25.230+0000] {logging_mixin.py:151} INFO - [2024-04-27T14:15:25.230+0000] {dagbag.py:539} INFO - Filling up the DagBag from /home/airflow/.local/lib/python3.8/site-packages/airflow/example_dags/example_task_group_decorator.py
[2024-04-27T14:15:25.254+0000] {processor.py:839} INFO - DAG(s) dict_keys(['example_task_group_decorator']) retrieved from /home/airflow/.local/lib/python3.8/site-packages/airflow/example_dags/example_task_group_decorator.py
[2024-04-27T14:15:25.287+0000] {logging_mixin.py:151} INFO - [2024-04-27T14:15:25.287+0000] {dag.py:2907} INFO - Sync 1 DAGs
[2024-04-27T14:15:25.317+0000] {logging_mixin.py:151} INFO - [2024-04-27T14:15:25.317+0000] {dag.py:3677} INFO - Setting next_dagrun for example_task_group_decorator to 2024-04-26T14:15:25.316963+00:00, run_after=2024-04-27T14:15:25.316963+00:00
[2024-04-27T14:15:25.342+0000] {processor.py:179} INFO - Processing /home/airflow/.local/lib/python3.8/site-packages/airflow/example_dags/example_task_group_decorator.py took 0.120 seconds
[2024-04-27T14:15:55.579+0000] {processor.py:157} INFO - Started process (PID=595) to work on /home/airflow/.local/lib/python3.8/site-packages/airflow/example_dags/example_task_group_decorator.py
[2024-04-27T14:15:55.580+0000] {processor.py:829} INFO - Processing file /home/airflow/.local/lib/python3.8/site-packages/airflow/example_dags/example_task_group_decorator.py for tasks to queue
[2024-04-27T14:15:55.582+0000] {logging_mixin.py:151} INFO - [2024-04-27T14:15:55.582+0000] {dagbag.py:539} INFO - Filling up the DagBag from /home/airflow/.local/lib/python3.8/site-packages/airflow/example_dags/example_task_group_decorator.py
[2024-04-27T14:15:55.605+0000] {processor.py:839} INFO - DAG(s) dict_keys(['example_task_group_decorator']) retrieved from /home/airflow/.local/lib/python3.8/site-packages/airflow/example_dags/example_task_group_decorator.py
[2024-04-27T14:15:55.644+0000] {logging_mixin.py:151} INFO - [2024-04-27T14:15:55.644+0000] {dag.py:2907} INFO - Sync 1 DAGs
[2024-04-27T14:15:55.677+0000] {logging_mixin.py:151} INFO - [2024-04-27T14:15:55.677+0000] {dag.py:3677} INFO - Setting next_dagrun for example_task_group_decorator to 2024-04-26T14:15:55.676695+00:00, run_after=2024-04-27T14:15:55.676695+00:00
[2024-04-27T14:15:55.710+0000] {processor.py:179} INFO - Processing /home/airflow/.local/lib/python3.8/site-packages/airflow/example_dags/example_task_group_decorator.py took 0.136 seconds
[2024-04-27T14:16:26.251+0000] {processor.py:157} INFO - Started process (PID=659) to work on /home/airflow/.local/lib/python3.8/site-packages/airflow/example_dags/example_task_group_decorator.py
[2024-04-27T14:16:26.252+0000] {processor.py:829} INFO - Processing file /home/airflow/.local/lib/python3.8/site-packages/airflow/example_dags/example_task_group_decorator.py for tasks to queue
[2024-04-27T14:16:26.255+0000] {logging_mixin.py:151} INFO - [2024-04-27T14:16:26.255+0000] {dagbag.py:539} INFO - Filling up the DagBag from /home/airflow/.local/lib/python3.8/site-packages/airflow/example_dags/example_task_group_decorator.py
[2024-04-27T14:16:26.290+0000] {processor.py:839} INFO - DAG(s) dict_keys(['example_task_group_decorator']) retrieved from /home/airflow/.local/lib/python3.8/site-packages/airflow/example_dags/example_task_group_decorator.py
[2024-04-27T14:16:26.334+0000] {logging_mixin.py:151} INFO - [2024-04-27T14:16:26.334+0000] {dag.py:2907} INFO - Sync 1 DAGs
[2024-04-27T14:16:26.373+0000] {logging_mixin.py:151} INFO - [2024-04-27T14:16:26.372+0000] {dag.py:3677} INFO - Setting next_dagrun for example_task_group_decorator to 2024-04-26T14:16:26.372274+00:00, run_after=2024-04-27T14:16:26.372274+00:00
[2024-04-27T14:16:26.403+0000] {processor.py:179} INFO - Processing /home/airflow/.local/lib/python3.8/site-packages/airflow/example_dags/example_task_group_decorator.py took 0.156 seconds
[2024-04-27T14:16:56.716+0000] {processor.py:157} INFO - Started process (PID=731) to work on /home/airflow/.local/lib/python3.8/site-packages/airflow/example_dags/example_task_group_decorator.py
[2024-04-27T14:16:56.727+0000] {processor.py:829} INFO - Processing file /home/airflow/.local/lib/python3.8/site-packages/airflow/example_dags/example_task_group_decorator.py for tasks to queue
[2024-04-27T14:16:56.731+0000] {logging_mixin.py:151} INFO - [2024-04-27T14:16:56.730+0000] {dagbag.py:539} INFO - Filling up the DagBag from /home/airflow/.local/lib/python3.8/site-packages/airflow/example_dags/example_task_group_decorator.py
[2024-04-27T14:16:56.798+0000] {processor.py:839} INFO - DAG(s) dict_keys(['example_task_group_decorator']) retrieved from /home/airflow/.local/lib/python3.8/site-packages/airflow/example_dags/example_task_group_decorator.py
[2024-04-27T14:16:56.917+0000] {logging_mixin.py:151} INFO - [2024-04-27T14:16:56.917+0000] {dag.py:2907} INFO - Sync 1 DAGs
[2024-04-27T14:16:57.036+0000] {logging_mixin.py:151} INFO - [2024-04-27T14:16:57.036+0000] {dag.py:3677} INFO - Setting next_dagrun for example_task_group_decorator to 2024-04-26T14:16:57.035994+00:00, run_after=2024-04-27T14:16:57.035994+00:00
[2024-04-27T14:16:57.100+0000] {processor.py:179} INFO - Processing /home/airflow/.local/lib/python3.8/site-packages/airflow/example_dags/example_task_group_decorator.py took 0.398 seconds
[2024-04-27T14:17:27.686+0000] {processor.py:157} INFO - Started process (PID=795) to work on /home/airflow/.local/lib/python3.8/site-packages/airflow/example_dags/example_task_group_decorator.py
[2024-04-27T14:17:27.687+0000] {processor.py:829} INFO - Processing file /home/airflow/.local/lib/python3.8/site-packages/airflow/example_dags/example_task_group_decorator.py for tasks to queue
[2024-04-27T14:17:27.691+0000] {logging_mixin.py:151} INFO - [2024-04-27T14:17:27.690+0000] {dagbag.py:539} INFO - Filling up the DagBag from /home/airflow/.local/lib/python3.8/site-packages/airflow/example_dags/example_task_group_decorator.py
[2024-04-27T14:17:27.726+0000] {processor.py:839} INFO - DAG(s) dict_keys(['example_task_group_decorator']) retrieved from /home/airflow/.local/lib/python3.8/site-packages/airflow/example_dags/example_task_group_decorator.py
[2024-04-27T14:17:27.766+0000] {logging_mixin.py:151} INFO - [2024-04-27T14:17:27.765+0000] {dag.py:2907} INFO - Sync 1 DAGs
[2024-04-27T14:17:27.805+0000] {logging_mixin.py:151} INFO - [2024-04-27T14:17:27.804+0000] {dag.py:3677} INFO - Setting next_dagrun for example_task_group_decorator to 2024-04-26T14:17:27.804504+00:00, run_after=2024-04-27T14:17:27.804504+00:00
[2024-04-27T14:17:27.844+0000] {processor.py:179} INFO - Processing /home/airflow/.local/lib/python3.8/site-packages/airflow/example_dags/example_task_group_decorator.py took 0.164 seconds
[2024-04-27T14:17:58.719+0000] {processor.py:157} INFO - Started process (PID=860) to work on /home/airflow/.local/lib/python3.8/site-packages/airflow/example_dags/example_task_group_decorator.py
[2024-04-27T14:17:58.720+0000] {processor.py:829} INFO - Processing file /home/airflow/.local/lib/python3.8/site-packages/airflow/example_dags/example_task_group_decorator.py for tasks to queue
[2024-04-27T14:17:58.724+0000] {logging_mixin.py:151} INFO - [2024-04-27T14:17:58.723+0000] {dagbag.py:539} INFO - Filling up the DagBag from /home/airflow/.local/lib/python3.8/site-packages/airflow/example_dags/example_task_group_decorator.py
[2024-04-27T14:17:58.752+0000] {processor.py:839} INFO - DAG(s) dict_keys(['example_task_group_decorator']) retrieved from /home/airflow/.local/lib/python3.8/site-packages/airflow/example_dags/example_task_group_decorator.py
[2024-04-27T14:17:58.795+0000] {logging_mixin.py:151} INFO - [2024-04-27T14:17:58.795+0000] {dag.py:2907} INFO - Sync 1 DAGs
[2024-04-27T14:17:58.835+0000] {logging_mixin.py:151} INFO - [2024-04-27T14:17:58.834+0000] {dag.py:3677} INFO - Setting next_dagrun for example_task_group_decorator to 2024-04-26T14:17:58.834518+00:00, run_after=2024-04-27T14:17:58.834518+00:00
[2024-04-27T14:17:58.865+0000] {processor.py:179} INFO - Processing /home/airflow/.local/lib/python3.8/site-packages/airflow/example_dags/example_task_group_decorator.py took 0.151 seconds
[2024-04-27T14:18:29.482+0000] {processor.py:157} INFO - Started process (PID=924) to work on /home/airflow/.local/lib/python3.8/site-packages/airflow/example_dags/example_task_group_decorator.py
[2024-04-27T14:18:29.483+0000] {processor.py:829} INFO - Processing file /home/airflow/.local/lib/python3.8/site-packages/airflow/example_dags/example_task_group_decorator.py for tasks to queue
[2024-04-27T14:18:29.486+0000] {logging_mixin.py:151} INFO - [2024-04-27T14:18:29.486+0000] {dagbag.py:539} INFO - Filling up the DagBag from /home/airflow/.local/lib/python3.8/site-packages/airflow/example_dags/example_task_group_decorator.py
[2024-04-27T14:18:29.515+0000] {processor.py:839} INFO - DAG(s) dict_keys(['example_task_group_decorator']) retrieved from /home/airflow/.local/lib/python3.8/site-packages/airflow/example_dags/example_task_group_decorator.py
[2024-04-27T14:18:29.558+0000] {logging_mixin.py:151} INFO - [2024-04-27T14:18:29.558+0000] {dag.py:2907} INFO - Sync 1 DAGs
[2024-04-27T14:18:29.595+0000] {logging_mixin.py:151} INFO - [2024-04-27T14:18:29.595+0000] {dag.py:3677} INFO - Setting next_dagrun for example_task_group_decorator to 2024-04-26T14:18:29.594670+00:00, run_after=2024-04-27T14:18:29.594670+00:00
[2024-04-27T14:18:29.626+0000] {processor.py:179} INFO - Processing /home/airflow/.local/lib/python3.8/site-packages/airflow/example_dags/example_task_group_decorator.py took 0.150 seconds
[2024-04-27T14:19:00.511+0000] {processor.py:157} INFO - Started process (PID=994) to work on /home/airflow/.local/lib/python3.8/site-packages/airflow/example_dags/example_task_group_decorator.py
[2024-04-27T14:19:00.519+0000] {processor.py:829} INFO - Processing file /home/airflow/.local/lib/python3.8/site-packages/airflow/example_dags/example_task_group_decorator.py for tasks to queue
[2024-04-27T14:19:00.529+0000] {logging_mixin.py:151} INFO - [2024-04-27T14:19:00.528+0000] {dagbag.py:539} INFO - Filling up the DagBag from /home/airflow/.local/lib/python3.8/site-packages/airflow/example_dags/example_task_group_decorator.py
[2024-04-27T14:19:00.594+0000] {processor.py:839} INFO - DAG(s) dict_keys(['example_task_group_decorator']) retrieved from /home/airflow/.local/lib/python3.8/site-packages/airflow/example_dags/example_task_group_decorator.py
[2024-04-27T14:19:00.676+0000] {logging_mixin.py:151} INFO - [2024-04-27T14:19:00.675+0000] {dag.py:2907} INFO - Sync 1 DAGs
[2024-04-27T14:19:00.743+0000] {logging_mixin.py:151} INFO - [2024-04-27T14:19:00.743+0000] {dag.py:3677} INFO - Setting next_dagrun for example_task_group_decorator to 2024-04-26T14:19:00.742896+00:00, run_after=2024-04-27T14:19:00.742896+00:00
[2024-04-27T14:19:00.795+0000] {processor.py:179} INFO - Processing /home/airflow/.local/lib/python3.8/site-packages/airflow/example_dags/example_task_group_decorator.py took 0.297 seconds
[2024-04-27T14:19:30.984+0000] {processor.py:157} INFO - Started process (PID=1056) to work on /home/airflow/.local/lib/python3.8/site-packages/airflow/example_dags/example_task_group_decorator.py
[2024-04-27T14:19:30.985+0000] {processor.py:829} INFO - Processing file /home/airflow/.local/lib/python3.8/site-packages/airflow/example_dags/example_task_group_decorator.py for tasks to queue
[2024-04-27T14:19:30.988+0000] {logging_mixin.py:151} INFO - [2024-04-27T14:19:30.988+0000] {dagbag.py:539} INFO - Filling up the DagBag from /home/airflow/.local/lib/python3.8/site-packages/airflow/example_dags/example_task_group_decorator.py
[2024-04-27T14:19:31.019+0000] {processor.py:839} INFO - DAG(s) dict_keys(['example_task_group_decorator']) retrieved from /home/airflow/.local/lib/python3.8/site-packages/airflow/example_dags/example_task_group_decorator.py
[2024-04-27T14:19:31.061+0000] {logging_mixin.py:151} INFO - [2024-04-27T14:19:31.061+0000] {dag.py:2907} INFO - Sync 1 DAGs
[2024-04-27T14:19:31.089+0000] {logging_mixin.py:151} INFO - [2024-04-27T14:19:31.089+0000] {dag.py:3677} INFO - Setting next_dagrun for example_task_group_decorator to 2024-04-26T14:19:31.088805+00:00, run_after=2024-04-27T14:19:31.088805+00:00
[2024-04-27T14:19:31.114+0000] {processor.py:179} INFO - Processing /home/airflow/.local/lib/python3.8/site-packages/airflow/example_dags/example_task_group_decorator.py took 0.135 seconds
[2024-04-27T14:20:01.646+0000] {processor.py:157} INFO - Started process (PID=1120) to work on /home/airflow/.local/lib/python3.8/site-packages/airflow/example_dags/example_task_group_decorator.py
[2024-04-27T14:20:01.647+0000] {processor.py:829} INFO - Processing file /home/airflow/.local/lib/python3.8/site-packages/airflow/example_dags/example_task_group_decorator.py for tasks to queue
[2024-04-27T14:20:01.649+0000] {logging_mixin.py:151} INFO - [2024-04-27T14:20:01.649+0000] {dagbag.py:539} INFO - Filling up the DagBag from /home/airflow/.local/lib/python3.8/site-packages/airflow/example_dags/example_task_group_decorator.py
[2024-04-27T14:20:01.669+0000] {processor.py:839} INFO - DAG(s) dict_keys(['example_task_group_decorator']) retrieved from /home/airflow/.local/lib/python3.8/site-packages/airflow/example_dags/example_task_group_decorator.py
[2024-04-27T14:20:01.703+0000] {logging_mixin.py:151} INFO - [2024-04-27T14:20:01.702+0000] {dag.py:2907} INFO - Sync 1 DAGs
[2024-04-27T14:20:01.731+0000] {logging_mixin.py:151} INFO - [2024-04-27T14:20:01.730+0000] {dag.py:3677} INFO - Setting next_dagrun for example_task_group_decorator to 2024-04-26T14:20:01.730660+00:00, run_after=2024-04-27T14:20:01.730660+00:00
[2024-04-27T14:20:01.754+0000] {processor.py:179} INFO - Processing /home/airflow/.local/lib/python3.8/site-packages/airflow/example_dags/example_task_group_decorator.py took 0.114 seconds
[2024-04-27T14:20:31.913+0000] {processor.py:157} INFO - Started process (PID=1192) to work on /home/airflow/.local/lib/python3.8/site-packages/airflow/example_dags/example_task_group_decorator.py
[2024-04-27T14:20:31.914+0000] {processor.py:829} INFO - Processing file /home/airflow/.local/lib/python3.8/site-packages/airflow/example_dags/example_task_group_decorator.py for tasks to queue
[2024-04-27T14:20:31.917+0000] {logging_mixin.py:151} INFO - [2024-04-27T14:20:31.917+0000] {dagbag.py:539} INFO - Filling up the DagBag from /home/airflow/.local/lib/python3.8/site-packages/airflow/example_dags/example_task_group_decorator.py
[2024-04-27T14:20:31.947+0000] {processor.py:839} INFO - DAG(s) dict_keys(['example_task_group_decorator']) retrieved from /home/airflow/.local/lib/python3.8/site-packages/airflow/example_dags/example_task_group_decorator.py
[2024-04-27T14:20:31.993+0000] {logging_mixin.py:151} INFO - [2024-04-27T14:20:31.992+0000] {dag.py:2907} INFO - Sync 1 DAGs
[2024-04-27T14:20:32.032+0000] {logging_mixin.py:151} INFO - [2024-04-27T14:20:32.031+0000] {dag.py:3677} INFO - Setting next_dagrun for example_task_group_decorator to 2024-04-26T14:20:32.031334+00:00, run_after=2024-04-27T14:20:32.031334+00:00
[2024-04-27T14:20:32.061+0000] {processor.py:179} INFO - Processing /home/airflow/.local/lib/python3.8/site-packages/airflow/example_dags/example_task_group_decorator.py took 0.153 seconds
[2024-04-27T14:21:02.343+0000] {processor.py:157} INFO - Started process (PID=1255) to work on /home/airflow/.local/lib/python3.8/site-packages/airflow/example_dags/example_task_group_decorator.py
[2024-04-27T14:21:02.345+0000] {processor.py:829} INFO - Processing file /home/airflow/.local/lib/python3.8/site-packages/airflow/example_dags/example_task_group_decorator.py for tasks to queue
[2024-04-27T14:21:02.347+0000] {logging_mixin.py:151} INFO - [2024-04-27T14:21:02.347+0000] {dagbag.py:539} INFO - Filling up the DagBag from /home/airflow/.local/lib/python3.8/site-packages/airflow/example_dags/example_task_group_decorator.py
[2024-04-27T14:21:02.379+0000] {processor.py:839} INFO - DAG(s) dict_keys(['example_task_group_decorator']) retrieved from /home/airflow/.local/lib/python3.8/site-packages/airflow/example_dags/example_task_group_decorator.py
[2024-04-27T14:21:02.456+0000] {logging_mixin.py:151} INFO - [2024-04-27T14:21:02.456+0000] {dag.py:2907} INFO - Sync 1 DAGs
[2024-04-27T14:21:02.497+0000] {logging_mixin.py:151} INFO - [2024-04-27T14:21:02.496+0000] {dag.py:3677} INFO - Setting next_dagrun for example_task_group_decorator to 2024-04-26T14:21:02.496538+00:00, run_after=2024-04-27T14:21:02.496538+00:00
[2024-04-27T14:21:02.542+0000] {processor.py:179} INFO - Processing /home/airflow/.local/lib/python3.8/site-packages/airflow/example_dags/example_task_group_decorator.py took 0.205 seconds
[2024-04-27T14:21:33.281+0000] {processor.py:157} INFO - Started process (PID=1320) to work on /home/airflow/.local/lib/python3.8/site-packages/airflow/example_dags/example_task_group_decorator.py
[2024-04-27T14:21:33.283+0000] {processor.py:829} INFO - Processing file /home/airflow/.local/lib/python3.8/site-packages/airflow/example_dags/example_task_group_decorator.py for tasks to queue
[2024-04-27T14:21:33.286+0000] {logging_mixin.py:151} INFO - [2024-04-27T14:21:33.285+0000] {dagbag.py:539} INFO - Filling up the DagBag from /home/airflow/.local/lib/python3.8/site-packages/airflow/example_dags/example_task_group_decorator.py
[2024-04-27T14:21:33.315+0000] {processor.py:839} INFO - DAG(s) dict_keys(['example_task_group_decorator']) retrieved from /home/airflow/.local/lib/python3.8/site-packages/airflow/example_dags/example_task_group_decorator.py
[2024-04-27T14:21:33.354+0000] {logging_mixin.py:151} INFO - [2024-04-27T14:21:33.354+0000] {dag.py:2907} INFO - Sync 1 DAGs
[2024-04-27T14:21:33.383+0000] {logging_mixin.py:151} INFO - [2024-04-27T14:21:33.383+0000] {dag.py:3677} INFO - Setting next_dagrun for example_task_group_decorator to 2024-04-26T14:21:33.383263+00:00, run_after=2024-04-27T14:21:33.383263+00:00
[2024-04-27T14:21:33.407+0000] {processor.py:179} INFO - Processing /home/airflow/.local/lib/python3.8/site-packages/airflow/example_dags/example_task_group_decorator.py took 0.132 seconds
[2024-04-27T14:22:03.902+0000] {processor.py:157} INFO - Started process (PID=1393) to work on /home/airflow/.local/lib/python3.8/site-packages/airflow/example_dags/example_task_group_decorator.py
[2024-04-27T14:22:03.903+0000] {processor.py:829} INFO - Processing file /home/airflow/.local/lib/python3.8/site-packages/airflow/example_dags/example_task_group_decorator.py for tasks to queue
[2024-04-27T14:22:03.906+0000] {logging_mixin.py:151} INFO - [2024-04-27T14:22:03.906+0000] {dagbag.py:539} INFO - Filling up the DagBag from /home/airflow/.local/lib/python3.8/site-packages/airflow/example_dags/example_task_group_decorator.py
[2024-04-27T14:22:03.936+0000] {processor.py:839} INFO - DAG(s) dict_keys(['example_task_group_decorator']) retrieved from /home/airflow/.local/lib/python3.8/site-packages/airflow/example_dags/example_task_group_decorator.py
[2024-04-27T14:22:04.013+0000] {logging_mixin.py:151} INFO - [2024-04-27T14:22:04.012+0000] {dag.py:2907} INFO - Sync 1 DAGs
[2024-04-27T14:22:04.053+0000] {logging_mixin.py:151} INFO - [2024-04-27T14:22:04.053+0000] {dag.py:3677} INFO - Setting next_dagrun for example_task_group_decorator to 2024-04-26T14:22:04.053062+00:00, run_after=2024-04-27T14:22:04.053062+00:00
[2024-04-27T14:22:04.087+0000] {processor.py:179} INFO - Processing /home/airflow/.local/lib/python3.8/site-packages/airflow/example_dags/example_task_group_decorator.py took 0.190 seconds
[2024-04-27T14:22:35.266+0000] {processor.py:157} INFO - Started process (PID=1458) to work on /home/airflow/.local/lib/python3.8/site-packages/airflow/example_dags/example_task_group_decorator.py
[2024-04-27T14:22:35.267+0000] {processor.py:829} INFO - Processing file /home/airflow/.local/lib/python3.8/site-packages/airflow/example_dags/example_task_group_decorator.py for tasks to queue
[2024-04-27T14:22:35.269+0000] {logging_mixin.py:151} INFO - [2024-04-27T14:22:35.269+0000] {dagbag.py:539} INFO - Filling up the DagBag from /home/airflow/.local/lib/python3.8/site-packages/airflow/example_dags/example_task_group_decorator.py
[2024-04-27T14:22:35.291+0000] {processor.py:839} INFO - DAG(s) dict_keys(['example_task_group_decorator']) retrieved from /home/airflow/.local/lib/python3.8/site-packages/airflow/example_dags/example_task_group_decorator.py
[2024-04-27T14:22:35.332+0000] {logging_mixin.py:151} INFO - [2024-04-27T14:22:35.331+0000] {dag.py:2907} INFO - Sync 1 DAGs
[2024-04-27T14:22:35.361+0000] {logging_mixin.py:151} INFO - [2024-04-27T14:22:35.360+0000] {dag.py:3677} INFO - Setting next_dagrun for example_task_group_decorator to 2024-04-26T14:22:35.360554+00:00, run_after=2024-04-27T14:22:35.360554+00:00
[2024-04-27T14:22:35.383+0000] {processor.py:179} INFO - Processing /home/airflow/.local/lib/python3.8/site-packages/airflow/example_dags/example_task_group_decorator.py took 0.122 seconds
[2024-04-27T14:23:06.741+0000] {processor.py:157} INFO - Started process (PID=1529) to work on /home/airflow/.local/lib/python3.8/site-packages/airflow/example_dags/example_task_group_decorator.py
[2024-04-27T14:23:06.742+0000] {processor.py:829} INFO - Processing file /home/airflow/.local/lib/python3.8/site-packages/airflow/example_dags/example_task_group_decorator.py for tasks to queue
[2024-04-27T14:23:06.746+0000] {logging_mixin.py:151} INFO - [2024-04-27T14:23:06.745+0000] {dagbag.py:539} INFO - Filling up the DagBag from /home/airflow/.local/lib/python3.8/site-packages/airflow/example_dags/example_task_group_decorator.py
[2024-04-27T14:23:06.774+0000] {processor.py:839} INFO - DAG(s) dict_keys(['example_task_group_decorator']) retrieved from /home/airflow/.local/lib/python3.8/site-packages/airflow/example_dags/example_task_group_decorator.py
[2024-04-27T14:23:06.826+0000] {logging_mixin.py:151} INFO - [2024-04-27T14:23:06.825+0000] {dag.py:2907} INFO - Sync 1 DAGs
[2024-04-27T14:23:06.867+0000] {logging_mixin.py:151} INFO - [2024-04-27T14:23:06.867+0000] {dag.py:3677} INFO - Setting next_dagrun for example_task_group_decorator to 2024-04-26T14:23:06.866658+00:00, run_after=2024-04-27T14:23:06.866658+00:00
[2024-04-27T14:23:06.900+0000] {processor.py:179} INFO - Processing /home/airflow/.local/lib/python3.8/site-packages/airflow/example_dags/example_task_group_decorator.py took 0.164 seconds
[2024-04-27T14:23:37.949+0000] {processor.py:157} INFO - Started process (PID=1593) to work on /home/airflow/.local/lib/python3.8/site-packages/airflow/example_dags/example_task_group_decorator.py
[2024-04-27T14:23:37.950+0000] {processor.py:829} INFO - Processing file /home/airflow/.local/lib/python3.8/site-packages/airflow/example_dags/example_task_group_decorator.py for tasks to queue
[2024-04-27T14:23:37.954+0000] {logging_mixin.py:151} INFO - [2024-04-27T14:23:37.953+0000] {dagbag.py:539} INFO - Filling up the DagBag from /home/airflow/.local/lib/python3.8/site-packages/airflow/example_dags/example_task_group_decorator.py
[2024-04-27T14:23:37.983+0000] {processor.py:839} INFO - DAG(s) dict_keys(['example_task_group_decorator']) retrieved from /home/airflow/.local/lib/python3.8/site-packages/airflow/example_dags/example_task_group_decorator.py
[2024-04-27T14:23:38.030+0000] {logging_mixin.py:151} INFO - [2024-04-27T14:23:38.030+0000] {dag.py:2907} INFO - Sync 1 DAGs
[2024-04-27T14:23:38.107+0000] {logging_mixin.py:151} INFO - [2024-04-27T14:23:38.107+0000] {dag.py:3677} INFO - Setting next_dagrun for example_task_group_decorator to 2024-04-26T14:23:38.107222+00:00, run_after=2024-04-27T14:23:38.107222+00:00
[2024-04-27T14:23:38.139+0000] {processor.py:179} INFO - Processing /home/airflow/.local/lib/python3.8/site-packages/airflow/example_dags/example_task_group_decorator.py took 0.195 seconds
[2024-04-27T14:24:08.995+0000] {processor.py:157} INFO - Started process (PID=1666) to work on /home/airflow/.local/lib/python3.8/site-packages/airflow/example_dags/example_task_group_decorator.py
[2024-04-27T14:24:08.996+0000] {processor.py:829} INFO - Processing file /home/airflow/.local/lib/python3.8/site-packages/airflow/example_dags/example_task_group_decorator.py for tasks to queue
[2024-04-27T14:24:09.000+0000] {logging_mixin.py:151} INFO - [2024-04-27T14:24:09.000+0000] {dagbag.py:539} INFO - Filling up the DagBag from /home/airflow/.local/lib/python3.8/site-packages/airflow/example_dags/example_task_group_decorator.py
[2024-04-27T14:24:09.030+0000] {processor.py:839} INFO - DAG(s) dict_keys(['example_task_group_decorator']) retrieved from /home/airflow/.local/lib/python3.8/site-packages/airflow/example_dags/example_task_group_decorator.py
[2024-04-27T14:24:09.076+0000] {logging_mixin.py:151} INFO - [2024-04-27T14:24:09.076+0000] {dag.py:2907} INFO - Sync 1 DAGs
[2024-04-27T14:24:09.115+0000] {logging_mixin.py:151} INFO - [2024-04-27T14:24:09.115+0000] {dag.py:3677} INFO - Setting next_dagrun for example_task_group_decorator to 2024-04-26T14:24:09.114911+00:00, run_after=2024-04-27T14:24:09.114911+00:00
[2024-04-27T14:24:09.141+0000] {processor.py:179} INFO - Processing /home/airflow/.local/lib/python3.8/site-packages/airflow/example_dags/example_task_group_decorator.py took 0.150 seconds
[2024-04-27T14:24:40.297+0000] {processor.py:157} INFO - Started process (PID=1730) to work on /home/airflow/.local/lib/python3.8/site-packages/airflow/example_dags/example_task_group_decorator.py
[2024-04-27T14:24:40.299+0000] {processor.py:829} INFO - Processing file /home/airflow/.local/lib/python3.8/site-packages/airflow/example_dags/example_task_group_decorator.py for tasks to queue
[2024-04-27T14:24:40.302+0000] {logging_mixin.py:151} INFO - [2024-04-27T14:24:40.301+0000] {dagbag.py:539} INFO - Filling up the DagBag from /home/airflow/.local/lib/python3.8/site-packages/airflow/example_dags/example_task_group_decorator.py
[2024-04-27T14:24:40.331+0000] {processor.py:839} INFO - DAG(s) dict_keys(['example_task_group_decorator']) retrieved from /home/airflow/.local/lib/python3.8/site-packages/airflow/example_dags/example_task_group_decorator.py
[2024-04-27T14:24:40.380+0000] {logging_mixin.py:151} INFO - [2024-04-27T14:24:40.380+0000] {dag.py:2907} INFO - Sync 1 DAGs
[2024-04-27T14:24:40.421+0000] {logging_mixin.py:151} INFO - [2024-04-27T14:24:40.420+0000] {dag.py:3677} INFO - Setting next_dagrun for example_task_group_decorator to 2024-04-26T14:24:40.419699+00:00, run_after=2024-04-27T14:24:40.419699+00:00
[2024-04-27T14:24:40.456+0000] {processor.py:179} INFO - Processing /home/airflow/.local/lib/python3.8/site-packages/airflow/example_dags/example_task_group_decorator.py took 0.164 seconds
[2024-04-27T14:25:11.041+0000] {processor.py:157} INFO - Started process (PID=1795) to work on /home/airflow/.local/lib/python3.8/site-packages/airflow/example_dags/example_task_group_decorator.py
[2024-04-27T14:25:11.042+0000] {processor.py:829} INFO - Processing file /home/airflow/.local/lib/python3.8/site-packages/airflow/example_dags/example_task_group_decorator.py for tasks to queue
[2024-04-27T14:25:11.045+0000] {logging_mixin.py:151} INFO - [2024-04-27T14:25:11.044+0000] {dagbag.py:539} INFO - Filling up the DagBag from /home/airflow/.local/lib/python3.8/site-packages/airflow/example_dags/example_task_group_decorator.py
[2024-04-27T14:25:11.071+0000] {processor.py:839} INFO - DAG(s) dict_keys(['example_task_group_decorator']) retrieved from /home/airflow/.local/lib/python3.8/site-packages/airflow/example_dags/example_task_group_decorator.py
[2024-04-27T14:25:11.115+0000] {logging_mixin.py:151} INFO - [2024-04-27T14:25:11.115+0000] {dag.py:2907} INFO - Sync 1 DAGs
[2024-04-27T14:25:11.154+0000] {logging_mixin.py:151} INFO - [2024-04-27T14:25:11.154+0000] {dag.py:3677} INFO - Setting next_dagrun for example_task_group_decorator to 2024-04-26T14:25:11.154184+00:00, run_after=2024-04-27T14:25:11.154184+00:00
[2024-04-27T14:25:11.179+0000] {processor.py:179} INFO - Processing /home/airflow/.local/lib/python3.8/site-packages/airflow/example_dags/example_task_group_decorator.py took 0.143 seconds
[2024-04-27T14:25:42.326+0000] {processor.py:157} INFO - Started process (PID=1868) to work on /home/airflow/.local/lib/python3.8/site-packages/airflow/example_dags/example_task_group_decorator.py
[2024-04-27T14:25:42.327+0000] {processor.py:829} INFO - Processing file /home/airflow/.local/lib/python3.8/site-packages/airflow/example_dags/example_task_group_decorator.py for tasks to queue
[2024-04-27T14:25:42.329+0000] {logging_mixin.py:151} INFO - [2024-04-27T14:25:42.329+0000] {dagbag.py:539} INFO - Filling up the DagBag from /home/airflow/.local/lib/python3.8/site-packages/airflow/example_dags/example_task_group_decorator.py
[2024-04-27T14:25:42.350+0000] {processor.py:839} INFO - DAG(s) dict_keys(['example_task_group_decorator']) retrieved from /home/airflow/.local/lib/python3.8/site-packages/airflow/example_dags/example_task_group_decorator.py
[2024-04-27T14:25:42.385+0000] {logging_mixin.py:151} INFO - [2024-04-27T14:25:42.384+0000] {dag.py:2907} INFO - Sync 1 DAGs
[2024-04-27T14:25:42.413+0000] {logging_mixin.py:151} INFO - [2024-04-27T14:25:42.413+0000] {dag.py:3677} INFO - Setting next_dagrun for example_task_group_decorator to 2024-04-26T14:25:42.413308+00:00, run_after=2024-04-27T14:25:42.413308+00:00
[2024-04-27T14:25:42.436+0000] {processor.py:179} INFO - Processing /home/airflow/.local/lib/python3.8/site-packages/airflow/example_dags/example_task_group_decorator.py took 0.115 seconds
