[2024-04-27T13:44:17.240+0000] {processor.py:153} INFO - Started process (PID=54) to work on /home/airflow/.local/lib/python3.7/site-packages/airflow/example_dags/tutorial_taskflow_api.py
[2024-04-27T13:44:17.241+0000] {processor.py:743} INFO - Processing file /home/airflow/.local/lib/python3.7/site-packages/airflow/example_dags/tutorial_taskflow_api.py for tasks to queue
[2024-04-27T13:44:17.242+0000] {logging_mixin.py:137} INFO - [2024-04-27T13:44:17.242+0000] {dagbag.py:538} INFO - Filling up the DagBag from /home/airflow/.local/lib/python3.7/site-packages/airflow/example_dags/tutorial_taskflow_api.py
[2024-04-27T13:44:17.304+0000] {processor.py:753} INFO - DAG(s) dict_keys(['tutorial_taskflow_api']) retrieved from /home/airflow/.local/lib/python3.7/site-packages/airflow/example_dags/tutorial_taskflow_api.py
[2024-04-27T13:44:17.386+0000] {logging_mixin.py:137} INFO - [2024-04-27T13:44:17.385+0000] {dag.py:2690} INFO - Sync 1 DAGs
[2024-04-27T13:44:17.451+0000] {logging_mixin.py:137} INFO - [2024-04-27T13:44:17.451+0000] {dag.py:3441} INFO - Setting next_dagrun for tutorial_taskflow_api to None, run_after=None
[2024-04-27T13:44:17.498+0000] {processor.py:175} INFO - Processing /home/airflow/.local/lib/python3.7/site-packages/airflow/example_dags/tutorial_taskflow_api.py took 0.271 seconds
[2024-04-27T13:44:47.548+0000] {processor.py:153} INFO - Started process (PID=117) to work on /home/airflow/.local/lib/python3.7/site-packages/airflow/example_dags/tutorial_taskflow_api.py
[2024-04-27T13:44:47.549+0000] {processor.py:743} INFO - Processing file /home/airflow/.local/lib/python3.7/site-packages/airflow/example_dags/tutorial_taskflow_api.py for tasks to queue
[2024-04-27T13:44:47.549+0000] {logging_mixin.py:137} INFO - [2024-04-27T13:44:47.549+0000] {dagbag.py:538} INFO - Filling up the DagBag from /home/airflow/.local/lib/python3.7/site-packages/airflow/example_dags/tutorial_taskflow_api.py
[2024-04-27T13:44:47.582+0000] {processor.py:753} INFO - DAG(s) dict_keys(['tutorial_taskflow_api']) retrieved from /home/airflow/.local/lib/python3.7/site-packages/airflow/example_dags/tutorial_taskflow_api.py
[2024-04-27T13:44:47.618+0000] {logging_mixin.py:137} INFO - [2024-04-27T13:44:47.618+0000] {dag.py:2690} INFO - Sync 1 DAGs
[2024-04-27T13:44:47.654+0000] {logging_mixin.py:137} INFO - [2024-04-27T13:44:47.654+0000] {dag.py:3441} INFO - Setting next_dagrun for tutorial_taskflow_api to None, run_after=None
[2024-04-27T13:44:47.678+0000] {processor.py:175} INFO - Processing /home/airflow/.local/lib/python3.7/site-packages/airflow/example_dags/tutorial_taskflow_api.py took 0.133 seconds
[2024-04-27T13:45:18.055+0000] {processor.py:153} INFO - Started process (PID=181) to work on /home/airflow/.local/lib/python3.7/site-packages/airflow/example_dags/tutorial_taskflow_api.py
[2024-04-27T13:45:18.056+0000] {processor.py:743} INFO - Processing file /home/airflow/.local/lib/python3.7/site-packages/airflow/example_dags/tutorial_taskflow_api.py for tasks to queue
[2024-04-27T13:45:18.057+0000] {logging_mixin.py:137} INFO - [2024-04-27T13:45:18.057+0000] {dagbag.py:538} INFO - Filling up the DagBag from /home/airflow/.local/lib/python3.7/site-packages/airflow/example_dags/tutorial_taskflow_api.py
[2024-04-27T13:45:18.096+0000] {processor.py:753} INFO - DAG(s) dict_keys(['tutorial_taskflow_api']) retrieved from /home/airflow/.local/lib/python3.7/site-packages/airflow/example_dags/tutorial_taskflow_api.py
[2024-04-27T13:45:18.138+0000] {logging_mixin.py:137} INFO - [2024-04-27T13:45:18.138+0000] {dag.py:2690} INFO - Sync 1 DAGs
[2024-04-27T13:45:18.190+0000] {logging_mixin.py:137} INFO - [2024-04-27T13:45:18.189+0000] {dag.py:3441} INFO - Setting next_dagrun for tutorial_taskflow_api to None, run_after=None
[2024-04-27T13:45:18.222+0000] {processor.py:175} INFO - Processing /home/airflow/.local/lib/python3.7/site-packages/airflow/example_dags/tutorial_taskflow_api.py took 0.172 seconds
[2024-04-27T13:45:48.867+0000] {processor.py:153} INFO - Started process (PID=251) to work on /home/airflow/.local/lib/python3.7/site-packages/airflow/example_dags/tutorial_taskflow_api.py
[2024-04-27T13:45:48.868+0000] {processor.py:743} INFO - Processing file /home/airflow/.local/lib/python3.7/site-packages/airflow/example_dags/tutorial_taskflow_api.py for tasks to queue
[2024-04-27T13:45:48.869+0000] {logging_mixin.py:137} INFO - [2024-04-27T13:45:48.869+0000] {dagbag.py:538} INFO - Filling up the DagBag from /home/airflow/.local/lib/python3.7/site-packages/airflow/example_dags/tutorial_taskflow_api.py
[2024-04-27T13:45:48.908+0000] {processor.py:753} INFO - DAG(s) dict_keys(['tutorial_taskflow_api']) retrieved from /home/airflow/.local/lib/python3.7/site-packages/airflow/example_dags/tutorial_taskflow_api.py
[2024-04-27T13:45:48.952+0000] {logging_mixin.py:137} INFO - [2024-04-27T13:45:48.952+0000] {dag.py:2690} INFO - Sync 1 DAGs
[2024-04-27T13:45:49.005+0000] {logging_mixin.py:137} INFO - [2024-04-27T13:45:49.005+0000] {dag.py:3441} INFO - Setting next_dagrun for tutorial_taskflow_api to None, run_after=None
[2024-04-27T13:45:49.042+0000] {processor.py:175} INFO - Processing /home/airflow/.local/lib/python3.7/site-packages/airflow/example_dags/tutorial_taskflow_api.py took 0.180 seconds
[2024-04-27T13:46:19.147+0000] {processor.py:153} INFO - Started process (PID=320) to work on /home/airflow/.local/lib/python3.7/site-packages/airflow/example_dags/tutorial_taskflow_api.py
[2024-04-27T13:46:19.148+0000] {processor.py:743} INFO - Processing file /home/airflow/.local/lib/python3.7/site-packages/airflow/example_dags/tutorial_taskflow_api.py for tasks to queue
[2024-04-27T13:46:19.149+0000] {logging_mixin.py:137} INFO - [2024-04-27T13:46:19.149+0000] {dagbag.py:538} INFO - Filling up the DagBag from /home/airflow/.local/lib/python3.7/site-packages/airflow/example_dags/tutorial_taskflow_api.py
[2024-04-27T13:46:19.179+0000] {processor.py:753} INFO - DAG(s) dict_keys(['tutorial_taskflow_api']) retrieved from /home/airflow/.local/lib/python3.7/site-packages/airflow/example_dags/tutorial_taskflow_api.py
[2024-04-27T13:46:19.213+0000] {logging_mixin.py:137} INFO - [2024-04-27T13:46:19.212+0000] {dag.py:2690} INFO - Sync 1 DAGs
[2024-04-27T13:46:19.248+0000] {logging_mixin.py:137} INFO - [2024-04-27T13:46:19.248+0000] {dag.py:3441} INFO - Setting next_dagrun for tutorial_taskflow_api to None, run_after=None
[2024-04-27T13:46:19.274+0000] {processor.py:175} INFO - Processing /home/airflow/.local/lib/python3.7/site-packages/airflow/example_dags/tutorial_taskflow_api.py took 0.131 seconds
[2024-04-27T13:46:49.342+0000] {processor.py:153} INFO - Started process (PID=383) to work on /home/airflow/.local/lib/python3.7/site-packages/airflow/example_dags/tutorial_taskflow_api.py
[2024-04-27T13:46:49.343+0000] {processor.py:743} INFO - Processing file /home/airflow/.local/lib/python3.7/site-packages/airflow/example_dags/tutorial_taskflow_api.py for tasks to queue
[2024-04-27T13:46:49.344+0000] {logging_mixin.py:137} INFO - [2024-04-27T13:46:49.344+0000] {dagbag.py:538} INFO - Filling up the DagBag from /home/airflow/.local/lib/python3.7/site-packages/airflow/example_dags/tutorial_taskflow_api.py
[2024-04-27T13:46:49.383+0000] {processor.py:753} INFO - DAG(s) dict_keys(['tutorial_taskflow_api']) retrieved from /home/airflow/.local/lib/python3.7/site-packages/airflow/example_dags/tutorial_taskflow_api.py
[2024-04-27T13:46:49.427+0000] {logging_mixin.py:137} INFO - [2024-04-27T13:46:49.427+0000] {dag.py:2690} INFO - Sync 1 DAGs
[2024-04-27T13:46:49.476+0000] {logging_mixin.py:137} INFO - [2024-04-27T13:46:49.476+0000] {dag.py:3441} INFO - Setting next_dagrun for tutorial_taskflow_api to None, run_after=None
[2024-04-27T13:46:49.513+0000] {processor.py:175} INFO - Processing /home/airflow/.local/lib/python3.7/site-packages/airflow/example_dags/tutorial_taskflow_api.py took 0.176 seconds
[2024-04-27T13:47:20.366+0000] {processor.py:153} INFO - Started process (PID=448) to work on /home/airflow/.local/lib/python3.7/site-packages/airflow/example_dags/tutorial_taskflow_api.py
[2024-04-27T13:47:20.367+0000] {processor.py:743} INFO - Processing file /home/airflow/.local/lib/python3.7/site-packages/airflow/example_dags/tutorial_taskflow_api.py for tasks to queue
[2024-04-27T13:47:20.368+0000] {logging_mixin.py:137} INFO - [2024-04-27T13:47:20.368+0000] {dagbag.py:538} INFO - Filling up the DagBag from /home/airflow/.local/lib/python3.7/site-packages/airflow/example_dags/tutorial_taskflow_api.py
[2024-04-27T13:47:20.412+0000] {processor.py:753} INFO - DAG(s) dict_keys(['tutorial_taskflow_api']) retrieved from /home/airflow/.local/lib/python3.7/site-packages/airflow/example_dags/tutorial_taskflow_api.py
[2024-04-27T13:47:20.457+0000] {logging_mixin.py:137} INFO - [2024-04-27T13:47:20.457+0000] {dag.py:2690} INFO - Sync 1 DAGs
[2024-04-27T13:47:20.511+0000] {logging_mixin.py:137} INFO - [2024-04-27T13:47:20.511+0000] {dag.py:3441} INFO - Setting next_dagrun for tutorial_taskflow_api to None, run_after=None
[2024-04-27T13:47:20.551+0000] {processor.py:175} INFO - Processing /home/airflow/.local/lib/python3.7/site-packages/airflow/example_dags/tutorial_taskflow_api.py took 0.191 seconds
[2024-04-27T13:47:50.745+0000] {processor.py:153} INFO - Started process (PID=512) to work on /home/airflow/.local/lib/python3.7/site-packages/airflow/example_dags/tutorial_taskflow_api.py
[2024-04-27T13:47:50.746+0000] {processor.py:743} INFO - Processing file /home/airflow/.local/lib/python3.7/site-packages/airflow/example_dags/tutorial_taskflow_api.py for tasks to queue
[2024-04-27T13:47:50.747+0000] {logging_mixin.py:137} INFO - [2024-04-27T13:47:50.747+0000] {dagbag.py:538} INFO - Filling up the DagBag from /home/airflow/.local/lib/python3.7/site-packages/airflow/example_dags/tutorial_taskflow_api.py
[2024-04-27T13:47:50.787+0000] {processor.py:753} INFO - DAG(s) dict_keys(['tutorial_taskflow_api']) retrieved from /home/airflow/.local/lib/python3.7/site-packages/airflow/example_dags/tutorial_taskflow_api.py
[2024-04-27T13:47:50.851+0000] {logging_mixin.py:137} INFO - [2024-04-27T13:47:50.851+0000] {dag.py:2690} INFO - Sync 1 DAGs
[2024-04-27T13:47:50.919+0000] {logging_mixin.py:137} INFO - [2024-04-27T13:47:50.918+0000] {dag.py:3441} INFO - Setting next_dagrun for tutorial_taskflow_api to None, run_after=None
[2024-04-27T13:47:50.953+0000] {processor.py:175} INFO - Processing /home/airflow/.local/lib/python3.7/site-packages/airflow/example_dags/tutorial_taskflow_api.py took 0.213 seconds
[2024-04-27T13:48:21.889+0000] {processor.py:153} INFO - Started process (PID=585) to work on /home/airflow/.local/lib/python3.7/site-packages/airflow/example_dags/tutorial_taskflow_api.py
[2024-04-27T13:48:21.890+0000] {processor.py:743} INFO - Processing file /home/airflow/.local/lib/python3.7/site-packages/airflow/example_dags/tutorial_taskflow_api.py for tasks to queue
[2024-04-27T13:48:21.891+0000] {logging_mixin.py:137} INFO - [2024-04-27T13:48:21.891+0000] {dagbag.py:538} INFO - Filling up the DagBag from /home/airflow/.local/lib/python3.7/site-packages/airflow/example_dags/tutorial_taskflow_api.py
[2024-04-27T13:48:21.935+0000] {processor.py:753} INFO - DAG(s) dict_keys(['tutorial_taskflow_api']) retrieved from /home/airflow/.local/lib/python3.7/site-packages/airflow/example_dags/tutorial_taskflow_api.py
[2024-04-27T13:48:21.982+0000] {logging_mixin.py:137} INFO - [2024-04-27T13:48:21.982+0000] {dag.py:2690} INFO - Sync 1 DAGs
[2024-04-27T13:48:22.038+0000] {logging_mixin.py:137} INFO - [2024-04-27T13:48:22.038+0000] {dag.py:3441} INFO - Setting next_dagrun for tutorial_taskflow_api to None, run_after=None
[2024-04-27T13:48:22.074+0000] {processor.py:175} INFO - Processing /home/airflow/.local/lib/python3.7/site-packages/airflow/example_dags/tutorial_taskflow_api.py took 0.207 seconds
[2024-04-27T13:48:52.165+0000] {processor.py:153} INFO - Started process (PID=652) to work on /home/airflow/.local/lib/python3.7/site-packages/airflow/example_dags/tutorial_taskflow_api.py
[2024-04-27T13:48:52.166+0000] {processor.py:743} INFO - Processing file /home/airflow/.local/lib/python3.7/site-packages/airflow/example_dags/tutorial_taskflow_api.py for tasks to queue
[2024-04-27T13:48:52.167+0000] {logging_mixin.py:137} INFO - [2024-04-27T13:48:52.167+0000] {dagbag.py:538} INFO - Filling up the DagBag from /home/airflow/.local/lib/python3.7/site-packages/airflow/example_dags/tutorial_taskflow_api.py
[2024-04-27T13:48:52.205+0000] {processor.py:753} INFO - DAG(s) dict_keys(['tutorial_taskflow_api']) retrieved from /home/airflow/.local/lib/python3.7/site-packages/airflow/example_dags/tutorial_taskflow_api.py
[2024-04-27T13:48:52.249+0000] {logging_mixin.py:137} INFO - [2024-04-27T13:48:52.249+0000] {dag.py:2690} INFO - Sync 1 DAGs
[2024-04-27T13:48:52.306+0000] {logging_mixin.py:137} INFO - [2024-04-27T13:48:52.306+0000] {dag.py:3441} INFO - Setting next_dagrun for tutorial_taskflow_api to None, run_after=None
[2024-04-27T13:48:52.343+0000] {processor.py:175} INFO - Processing /home/airflow/.local/lib/python3.7/site-packages/airflow/example_dags/tutorial_taskflow_api.py took 0.183 seconds
[2024-04-27T13:49:22.795+0000] {processor.py:153} INFO - Started process (PID=716) to work on /home/airflow/.local/lib/python3.7/site-packages/airflow/example_dags/tutorial_taskflow_api.py
[2024-04-27T13:49:22.796+0000] {processor.py:743} INFO - Processing file /home/airflow/.local/lib/python3.7/site-packages/airflow/example_dags/tutorial_taskflow_api.py for tasks to queue
[2024-04-27T13:49:22.797+0000] {logging_mixin.py:137} INFO - [2024-04-27T13:49:22.797+0000] {dagbag.py:538} INFO - Filling up the DagBag from /home/airflow/.local/lib/python3.7/site-packages/airflow/example_dags/tutorial_taskflow_api.py
[2024-04-27T13:49:22.833+0000] {processor.py:753} INFO - DAG(s) dict_keys(['tutorial_taskflow_api']) retrieved from /home/airflow/.local/lib/python3.7/site-packages/airflow/example_dags/tutorial_taskflow_api.py
[2024-04-27T13:49:22.865+0000] {logging_mixin.py:137} INFO - [2024-04-27T13:49:22.865+0000] {dag.py:2690} INFO - Sync 1 DAGs
[2024-04-27T13:49:22.914+0000] {logging_mixin.py:137} INFO - [2024-04-27T13:49:22.913+0000] {dag.py:3441} INFO - Setting next_dagrun for tutorial_taskflow_api to None, run_after=None
[2024-04-27T13:49:22.943+0000] {processor.py:175} INFO - Processing /home/airflow/.local/lib/python3.7/site-packages/airflow/example_dags/tutorial_taskflow_api.py took 0.153 seconds
[2024-04-27T13:49:53.288+0000] {processor.py:153} INFO - Started process (PID=780) to work on /home/airflow/.local/lib/python3.7/site-packages/airflow/example_dags/tutorial_taskflow_api.py
[2024-04-27T13:49:53.289+0000] {processor.py:743} INFO - Processing file /home/airflow/.local/lib/python3.7/site-packages/airflow/example_dags/tutorial_taskflow_api.py for tasks to queue
[2024-04-27T13:49:53.290+0000] {logging_mixin.py:137} INFO - [2024-04-27T13:49:53.290+0000] {dagbag.py:538} INFO - Filling up the DagBag from /home/airflow/.local/lib/python3.7/site-packages/airflow/example_dags/tutorial_taskflow_api.py
[2024-04-27T13:49:53.331+0000] {processor.py:753} INFO - DAG(s) dict_keys(['tutorial_taskflow_api']) retrieved from /home/airflow/.local/lib/python3.7/site-packages/airflow/example_dags/tutorial_taskflow_api.py
[2024-04-27T13:49:53.382+0000] {logging_mixin.py:137} INFO - [2024-04-27T13:49:53.382+0000] {dag.py:2690} INFO - Sync 1 DAGs
[2024-04-27T13:49:53.433+0000] {logging_mixin.py:137} INFO - [2024-04-27T13:49:53.433+0000] {dag.py:3441} INFO - Setting next_dagrun for tutorial_taskflow_api to None, run_after=None
[2024-04-27T13:49:53.473+0000] {processor.py:175} INFO - Processing /home/airflow/.local/lib/python3.7/site-packages/airflow/example_dags/tutorial_taskflow_api.py took 0.191 seconds
[2024-04-27T13:50:23.818+0000] {processor.py:153} INFO - Started process (PID=842) to work on /home/airflow/.local/lib/python3.7/site-packages/airflow/example_dags/tutorial_taskflow_api.py
[2024-04-27T13:50:23.819+0000] {processor.py:743} INFO - Processing file /home/airflow/.local/lib/python3.7/site-packages/airflow/example_dags/tutorial_taskflow_api.py for tasks to queue
[2024-04-27T13:50:23.821+0000] {logging_mixin.py:137} INFO - [2024-04-27T13:50:23.820+0000] {dagbag.py:538} INFO - Filling up the DagBag from /home/airflow/.local/lib/python3.7/site-packages/airflow/example_dags/tutorial_taskflow_api.py
[2024-04-27T13:50:23.850+0000] {processor.py:753} INFO - DAG(s) dict_keys(['tutorial_taskflow_api']) retrieved from /home/airflow/.local/lib/python3.7/site-packages/airflow/example_dags/tutorial_taskflow_api.py
[2024-04-27T13:50:23.892+0000] {logging_mixin.py:137} INFO - [2024-04-27T13:50:23.892+0000] {dag.py:2690} INFO - Sync 1 DAGs
[2024-04-27T13:50:23.941+0000] {logging_mixin.py:137} INFO - [2024-04-27T13:50:23.940+0000] {dag.py:3441} INFO - Setting next_dagrun for tutorial_taskflow_api to None, run_after=None
[2024-04-27T13:50:23.972+0000] {processor.py:175} INFO - Processing /home/airflow/.local/lib/python3.7/site-packages/airflow/example_dags/tutorial_taskflow_api.py took 0.159 seconds
[2024-04-27T13:50:54.831+0000] {processor.py:153} INFO - Started process (PID=917) to work on /home/airflow/.local/lib/python3.7/site-packages/airflow/example_dags/tutorial_taskflow_api.py
[2024-04-27T13:50:54.832+0000] {processor.py:743} INFO - Processing file /home/airflow/.local/lib/python3.7/site-packages/airflow/example_dags/tutorial_taskflow_api.py for tasks to queue
[2024-04-27T13:50:54.833+0000] {logging_mixin.py:137} INFO - [2024-04-27T13:50:54.833+0000] {dagbag.py:538} INFO - Filling up the DagBag from /home/airflow/.local/lib/python3.7/site-packages/airflow/example_dags/tutorial_taskflow_api.py
[2024-04-27T13:50:54.873+0000] {processor.py:753} INFO - DAG(s) dict_keys(['tutorial_taskflow_api']) retrieved from /home/airflow/.local/lib/python3.7/site-packages/airflow/example_dags/tutorial_taskflow_api.py
[2024-04-27T13:50:54.917+0000] {logging_mixin.py:137} INFO - [2024-04-27T13:50:54.917+0000] {dag.py:2690} INFO - Sync 1 DAGs
[2024-04-27T13:50:54.970+0000] {logging_mixin.py:137} INFO - [2024-04-27T13:50:54.970+0000] {dag.py:3441} INFO - Setting next_dagrun for tutorial_taskflow_api to None, run_after=None
[2024-04-27T13:50:55.004+0000] {processor.py:175} INFO - Processing /home/airflow/.local/lib/python3.7/site-packages/airflow/example_dags/tutorial_taskflow_api.py took 0.180 seconds
[2024-04-27T13:51:25.649+0000] {processor.py:153} INFO - Started process (PID=980) to work on /home/airflow/.local/lib/python3.7/site-packages/airflow/example_dags/tutorial_taskflow_api.py
[2024-04-27T13:51:25.650+0000] {processor.py:743} INFO - Processing file /home/airflow/.local/lib/python3.7/site-packages/airflow/example_dags/tutorial_taskflow_api.py for tasks to queue
[2024-04-27T13:51:25.651+0000] {logging_mixin.py:137} INFO - [2024-04-27T13:51:25.651+0000] {dagbag.py:538} INFO - Filling up the DagBag from /home/airflow/.local/lib/python3.7/site-packages/airflow/example_dags/tutorial_taskflow_api.py
[2024-04-27T13:51:25.681+0000] {processor.py:753} INFO - DAG(s) dict_keys(['tutorial_taskflow_api']) retrieved from /home/airflow/.local/lib/python3.7/site-packages/airflow/example_dags/tutorial_taskflow_api.py
[2024-04-27T13:51:25.715+0000] {logging_mixin.py:137} INFO - [2024-04-27T13:51:25.714+0000] {dag.py:2690} INFO - Sync 1 DAGs
[2024-04-27T13:51:25.788+0000] {logging_mixin.py:137} INFO - [2024-04-27T13:51:25.788+0000] {dag.py:3441} INFO - Setting next_dagrun for tutorial_taskflow_api to None, run_after=None
[2024-04-27T13:51:25.822+0000] {processor.py:175} INFO - Processing /home/airflow/.local/lib/python3.7/site-packages/airflow/example_dags/tutorial_taskflow_api.py took 0.176 seconds
[2024-04-27T13:51:56.917+0000] {processor.py:153} INFO - Started process (PID=1042) to work on /home/airflow/.local/lib/python3.7/site-packages/airflow/example_dags/tutorial_taskflow_api.py
[2024-04-27T13:51:56.918+0000] {processor.py:743} INFO - Processing file /home/airflow/.local/lib/python3.7/site-packages/airflow/example_dags/tutorial_taskflow_api.py for tasks to queue
[2024-04-27T13:51:56.918+0000] {logging_mixin.py:137} INFO - [2024-04-27T13:51:56.918+0000] {dagbag.py:538} INFO - Filling up the DagBag from /home/airflow/.local/lib/python3.7/site-packages/airflow/example_dags/tutorial_taskflow_api.py
[2024-04-27T13:51:56.955+0000] {processor.py:753} INFO - DAG(s) dict_keys(['tutorial_taskflow_api']) retrieved from /home/airflow/.local/lib/python3.7/site-packages/airflow/example_dags/tutorial_taskflow_api.py
[2024-04-27T13:51:57.015+0000] {logging_mixin.py:137} INFO - [2024-04-27T13:51:57.015+0000] {dag.py:2690} INFO - Sync 1 DAGs
[2024-04-27T13:51:57.068+0000] {logging_mixin.py:137} INFO - [2024-04-27T13:51:57.068+0000] {dag.py:3441} INFO - Setting next_dagrun for tutorial_taskflow_api to None, run_after=None
[2024-04-27T13:51:57.106+0000] {processor.py:175} INFO - Processing /home/airflow/.local/lib/python3.7/site-packages/airflow/example_dags/tutorial_taskflow_api.py took 0.194 seconds
[2024-04-27T13:52:27.812+0000] {processor.py:153} INFO - Started process (PID=1115) to work on /home/airflow/.local/lib/python3.7/site-packages/airflow/example_dags/tutorial_taskflow_api.py
[2024-04-27T13:52:27.813+0000] {processor.py:743} INFO - Processing file /home/airflow/.local/lib/python3.7/site-packages/airflow/example_dags/tutorial_taskflow_api.py for tasks to queue
[2024-04-27T13:52:27.814+0000] {logging_mixin.py:137} INFO - [2024-04-27T13:52:27.814+0000] {dagbag.py:538} INFO - Filling up the DagBag from /home/airflow/.local/lib/python3.7/site-packages/airflow/example_dags/tutorial_taskflow_api.py
[2024-04-27T13:52:27.843+0000] {processor.py:753} INFO - DAG(s) dict_keys(['tutorial_taskflow_api']) retrieved from /home/airflow/.local/lib/python3.7/site-packages/airflow/example_dags/tutorial_taskflow_api.py
[2024-04-27T13:52:27.881+0000] {logging_mixin.py:137} INFO - [2024-04-27T13:52:27.881+0000] {dag.py:2690} INFO - Sync 1 DAGs
[2024-04-27T13:52:27.925+0000] {logging_mixin.py:137} INFO - [2024-04-27T13:52:27.924+0000] {dag.py:3441} INFO - Setting next_dagrun for tutorial_taskflow_api to None, run_after=None
[2024-04-27T13:52:27.958+0000] {processor.py:175} INFO - Processing /home/airflow/.local/lib/python3.7/site-packages/airflow/example_dags/tutorial_taskflow_api.py took 0.149 seconds
[2024-04-27T13:52:58.662+0000] {processor.py:153} INFO - Started process (PID=1182) to work on /home/airflow/.local/lib/python3.7/site-packages/airflow/example_dags/tutorial_taskflow_api.py
[2024-04-27T13:52:58.663+0000] {processor.py:743} INFO - Processing file /home/airflow/.local/lib/python3.7/site-packages/airflow/example_dags/tutorial_taskflow_api.py for tasks to queue
[2024-04-27T13:52:58.664+0000] {logging_mixin.py:137} INFO - [2024-04-27T13:52:58.664+0000] {dagbag.py:538} INFO - Filling up the DagBag from /home/airflow/.local/lib/python3.7/site-packages/airflow/example_dags/tutorial_taskflow_api.py
[2024-04-27T13:52:58.693+0000] {processor.py:753} INFO - DAG(s) dict_keys(['tutorial_taskflow_api']) retrieved from /home/airflow/.local/lib/python3.7/site-packages/airflow/example_dags/tutorial_taskflow_api.py
[2024-04-27T13:52:58.740+0000] {logging_mixin.py:137} INFO - [2024-04-27T13:52:58.740+0000] {dag.py:2690} INFO - Sync 1 DAGs
[2024-04-27T13:52:58.786+0000] {logging_mixin.py:137} INFO - [2024-04-27T13:52:58.786+0000] {dag.py:3441} INFO - Setting next_dagrun for tutorial_taskflow_api to None, run_after=None
[2024-04-27T13:52:58.813+0000] {processor.py:175} INFO - Processing /home/airflow/.local/lib/python3.7/site-packages/airflow/example_dags/tutorial_taskflow_api.py took 0.154 seconds
[2024-04-27T13:53:29.543+0000] {processor.py:153} INFO - Started process (PID=1245) to work on /home/airflow/.local/lib/python3.7/site-packages/airflow/example_dags/tutorial_taskflow_api.py
[2024-04-27T13:53:29.544+0000] {processor.py:743} INFO - Processing file /home/airflow/.local/lib/python3.7/site-packages/airflow/example_dags/tutorial_taskflow_api.py for tasks to queue
[2024-04-27T13:53:29.546+0000] {logging_mixin.py:137} INFO - [2024-04-27T13:53:29.545+0000] {dagbag.py:538} INFO - Filling up the DagBag from /home/airflow/.local/lib/python3.7/site-packages/airflow/example_dags/tutorial_taskflow_api.py
[2024-04-27T13:53:29.619+0000] {processor.py:753} INFO - DAG(s) dict_keys(['tutorial_taskflow_api']) retrieved from /home/airflow/.local/lib/python3.7/site-packages/airflow/example_dags/tutorial_taskflow_api.py
[2024-04-27T13:53:29.668+0000] {logging_mixin.py:137} INFO - [2024-04-27T13:53:29.667+0000] {dag.py:2690} INFO - Sync 1 DAGs
[2024-04-27T13:53:29.719+0000] {logging_mixin.py:137} INFO - [2024-04-27T13:53:29.719+0000] {dag.py:3441} INFO - Setting next_dagrun for tutorial_taskflow_api to None, run_after=None
[2024-04-27T13:53:29.754+0000] {processor.py:175} INFO - Processing /home/airflow/.local/lib/python3.7/site-packages/airflow/example_dags/tutorial_taskflow_api.py took 0.216 seconds
[2024-04-27T13:54:00.025+0000] {processor.py:153} INFO - Started process (PID=1309) to work on /home/airflow/.local/lib/python3.7/site-packages/airflow/example_dags/tutorial_taskflow_api.py
[2024-04-27T13:54:00.026+0000] {processor.py:743} INFO - Processing file /home/airflow/.local/lib/python3.7/site-packages/airflow/example_dags/tutorial_taskflow_api.py for tasks to queue
[2024-04-27T13:54:00.027+0000] {logging_mixin.py:137} INFO - [2024-04-27T13:54:00.027+0000] {dagbag.py:538} INFO - Filling up the DagBag from /home/airflow/.local/lib/python3.7/site-packages/airflow/example_dags/tutorial_taskflow_api.py
[2024-04-27T13:54:00.064+0000] {processor.py:753} INFO - DAG(s) dict_keys(['tutorial_taskflow_api']) retrieved from /home/airflow/.local/lib/python3.7/site-packages/airflow/example_dags/tutorial_taskflow_api.py
[2024-04-27T13:54:00.140+0000] {logging_mixin.py:137} INFO - [2024-04-27T13:54:00.140+0000] {dag.py:2690} INFO - Sync 1 DAGs
[2024-04-27T13:54:00.195+0000] {logging_mixin.py:137} INFO - [2024-04-27T13:54:00.195+0000] {dag.py:3441} INFO - Setting next_dagrun for tutorial_taskflow_api to None, run_after=None
[2024-04-27T13:54:00.228+0000] {processor.py:175} INFO - Processing /home/airflow/.local/lib/python3.7/site-packages/airflow/example_dags/tutorial_taskflow_api.py took 0.209 seconds
[2024-04-27T14:03:14.489+0000] {processor.py:157} INFO - Started process (PID=54) to work on /home/airflow/.local/lib/python3.8/site-packages/airflow/example_dags/tutorial_taskflow_api.py
[2024-04-27T14:03:14.503+0000] {processor.py:829} INFO - Processing file /home/airflow/.local/lib/python3.8/site-packages/airflow/example_dags/tutorial_taskflow_api.py for tasks to queue
[2024-04-27T14:03:14.506+0000] {logging_mixin.py:151} INFO - [2024-04-27T14:03:14.506+0000] {dagbag.py:539} INFO - Filling up the DagBag from /home/airflow/.local/lib/python3.8/site-packages/airflow/example_dags/tutorial_taskflow_api.py
[2024-04-27T14:03:14.524+0000] {processor.py:839} INFO - DAG(s) dict_keys(['tutorial_taskflow_api']) retrieved from /home/airflow/.local/lib/python3.8/site-packages/airflow/example_dags/tutorial_taskflow_api.py
[2024-04-27T14:03:15.160+0000] {logging_mixin.py:151} INFO - [2024-04-27T14:03:15.159+0000] {manager.py:501} INFO - Created Permission View: can read on DAG:tutorial_taskflow_api
[2024-04-27T14:03:15.188+0000] {logging_mixin.py:151} INFO - [2024-04-27T14:03:15.188+0000] {manager.py:501} INFO - Created Permission View: can edit on DAG:tutorial_taskflow_api
[2024-04-27T14:03:15.199+0000] {logging_mixin.py:151} INFO - [2024-04-27T14:03:15.199+0000] {manager.py:501} INFO - Created Permission View: can delete on DAG:tutorial_taskflow_api
[2024-04-27T14:03:15.252+0000] {logging_mixin.py:151} INFO - [2024-04-27T14:03:15.252+0000] {dag.py:2907} INFO - Sync 1 DAGs
[2024-04-27T14:03:15.306+0000] {logging_mixin.py:151} INFO - [2024-04-27T14:03:15.305+0000] {dag.py:2929} INFO - Creating ORM DAG for tutorial_taskflow_api
[2024-04-27T14:03:15.307+0000] {logging_mixin.py:151} INFO - [2024-04-27T14:03:15.306+0000] {dag.py:3677} INFO - Setting next_dagrun for tutorial_taskflow_api to None, run_after=None
[2024-04-27T14:03:15.437+0000] {processor.py:179} INFO - Processing /home/airflow/.local/lib/python3.8/site-packages/airflow/example_dags/tutorial_taskflow_api.py took 0.953 seconds
[2024-04-27T14:03:45.822+0000] {processor.py:157} INFO - Started process (PID=117) to work on /home/airflow/.local/lib/python3.8/site-packages/airflow/example_dags/tutorial_taskflow_api.py
[2024-04-27T14:03:45.823+0000] {processor.py:829} INFO - Processing file /home/airflow/.local/lib/python3.8/site-packages/airflow/example_dags/tutorial_taskflow_api.py for tasks to queue
[2024-04-27T14:03:45.826+0000] {logging_mixin.py:151} INFO - [2024-04-27T14:03:45.826+0000] {dagbag.py:539} INFO - Filling up the DagBag from /home/airflow/.local/lib/python3.8/site-packages/airflow/example_dags/tutorial_taskflow_api.py
[2024-04-27T14:03:45.838+0000] {processor.py:839} INFO - DAG(s) dict_keys(['tutorial_taskflow_api']) retrieved from /home/airflow/.local/lib/python3.8/site-packages/airflow/example_dags/tutorial_taskflow_api.py
[2024-04-27T14:03:45.872+0000] {logging_mixin.py:151} INFO - [2024-04-27T14:03:45.872+0000] {dag.py:2907} INFO - Sync 1 DAGs
[2024-04-27T14:03:45.897+0000] {logging_mixin.py:151} INFO - [2024-04-27T14:03:45.896+0000] {dag.py:3677} INFO - Setting next_dagrun for tutorial_taskflow_api to None, run_after=None
[2024-04-27T14:03:45.928+0000] {processor.py:179} INFO - Processing /home/airflow/.local/lib/python3.8/site-packages/airflow/example_dags/tutorial_taskflow_api.py took 0.111 seconds
[2024-04-27T14:04:16.607+0000] {processor.py:157} INFO - Started process (PID=180) to work on /home/airflow/.local/lib/python3.8/site-packages/airflow/example_dags/tutorial_taskflow_api.py
[2024-04-27T14:04:16.609+0000] {processor.py:829} INFO - Processing file /home/airflow/.local/lib/python3.8/site-packages/airflow/example_dags/tutorial_taskflow_api.py for tasks to queue
[2024-04-27T14:04:16.612+0000] {logging_mixin.py:151} INFO - [2024-04-27T14:04:16.611+0000] {dagbag.py:539} INFO - Filling up the DagBag from /home/airflow/.local/lib/python3.8/site-packages/airflow/example_dags/tutorial_taskflow_api.py
[2024-04-27T14:04:16.622+0000] {processor.py:839} INFO - DAG(s) dict_keys(['tutorial_taskflow_api']) retrieved from /home/airflow/.local/lib/python3.8/site-packages/airflow/example_dags/tutorial_taskflow_api.py
[2024-04-27T14:04:16.654+0000] {logging_mixin.py:151} INFO - [2024-04-27T14:04:16.653+0000] {dag.py:2907} INFO - Sync 1 DAGs
[2024-04-27T14:04:16.676+0000] {logging_mixin.py:151} INFO - [2024-04-27T14:04:16.676+0000] {dag.py:3677} INFO - Setting next_dagrun for tutorial_taskflow_api to None, run_after=None
[2024-04-27T14:04:16.707+0000] {processor.py:179} INFO - Processing /home/airflow/.local/lib/python3.8/site-packages/airflow/example_dags/tutorial_taskflow_api.py took 0.105 seconds
[2024-04-27T14:04:47.091+0000] {processor.py:157} INFO - Started process (PID=242) to work on /home/airflow/.local/lib/python3.8/site-packages/airflow/example_dags/tutorial_taskflow_api.py
[2024-04-27T14:04:47.092+0000] {processor.py:829} INFO - Processing file /home/airflow/.local/lib/python3.8/site-packages/airflow/example_dags/tutorial_taskflow_api.py for tasks to queue
[2024-04-27T14:04:47.096+0000] {logging_mixin.py:151} INFO - [2024-04-27T14:04:47.096+0000] {dagbag.py:539} INFO - Filling up the DagBag from /home/airflow/.local/lib/python3.8/site-packages/airflow/example_dags/tutorial_taskflow_api.py
[2024-04-27T14:04:47.108+0000] {processor.py:839} INFO - DAG(s) dict_keys(['tutorial_taskflow_api']) retrieved from /home/airflow/.local/lib/python3.8/site-packages/airflow/example_dags/tutorial_taskflow_api.py
[2024-04-27T14:04:47.139+0000] {logging_mixin.py:151} INFO - [2024-04-27T14:04:47.139+0000] {dag.py:2907} INFO - Sync 1 DAGs
[2024-04-27T14:04:47.156+0000] {logging_mixin.py:151} INFO - [2024-04-27T14:04:47.156+0000] {dag.py:3677} INFO - Setting next_dagrun for tutorial_taskflow_api to None, run_after=None
[2024-04-27T14:04:47.177+0000] {processor.py:179} INFO - Processing /home/airflow/.local/lib/python3.8/site-packages/airflow/example_dags/tutorial_taskflow_api.py took 0.094 seconds
[2024-04-27T14:05:17.366+0000] {processor.py:157} INFO - Started process (PID=314) to work on /home/airflow/.local/lib/python3.8/site-packages/airflow/example_dags/tutorial_taskflow_api.py
[2024-04-27T14:05:17.367+0000] {processor.py:829} INFO - Processing file /home/airflow/.local/lib/python3.8/site-packages/airflow/example_dags/tutorial_taskflow_api.py for tasks to queue
[2024-04-27T14:05:17.370+0000] {logging_mixin.py:151} INFO - [2024-04-27T14:05:17.370+0000] {dagbag.py:539} INFO - Filling up the DagBag from /home/airflow/.local/lib/python3.8/site-packages/airflow/example_dags/tutorial_taskflow_api.py
[2024-04-27T14:05:17.384+0000] {processor.py:839} INFO - DAG(s) dict_keys(['tutorial_taskflow_api']) retrieved from /home/airflow/.local/lib/python3.8/site-packages/airflow/example_dags/tutorial_taskflow_api.py
[2024-04-27T14:05:17.421+0000] {logging_mixin.py:151} INFO - [2024-04-27T14:05:17.421+0000] {dag.py:2907} INFO - Sync 1 DAGs
[2024-04-27T14:05:17.446+0000] {logging_mixin.py:151} INFO - [2024-04-27T14:05:17.445+0000] {dag.py:3677} INFO - Setting next_dagrun for tutorial_taskflow_api to None, run_after=None
[2024-04-27T14:05:17.475+0000] {processor.py:179} INFO - Processing /home/airflow/.local/lib/python3.8/site-packages/airflow/example_dags/tutorial_taskflow_api.py took 0.117 seconds
[2024-04-27T14:05:47.727+0000] {processor.py:157} INFO - Started process (PID=378) to work on /home/airflow/.local/lib/python3.8/site-packages/airflow/example_dags/tutorial_taskflow_api.py
[2024-04-27T14:05:47.728+0000] {processor.py:829} INFO - Processing file /home/airflow/.local/lib/python3.8/site-packages/airflow/example_dags/tutorial_taskflow_api.py for tasks to queue
[2024-04-27T14:05:47.730+0000] {logging_mixin.py:151} INFO - [2024-04-27T14:05:47.730+0000] {dagbag.py:539} INFO - Filling up the DagBag from /home/airflow/.local/lib/python3.8/site-packages/airflow/example_dags/tutorial_taskflow_api.py
[2024-04-27T14:05:47.738+0000] {processor.py:839} INFO - DAG(s) dict_keys(['tutorial_taskflow_api']) retrieved from /home/airflow/.local/lib/python3.8/site-packages/airflow/example_dags/tutorial_taskflow_api.py
[2024-04-27T14:05:47.769+0000] {logging_mixin.py:151} INFO - [2024-04-27T14:05:47.768+0000] {dag.py:2907} INFO - Sync 1 DAGs
[2024-04-27T14:05:47.785+0000] {logging_mixin.py:151} INFO - [2024-04-27T14:05:47.784+0000] {dag.py:3677} INFO - Setting next_dagrun for tutorial_taskflow_api to None, run_after=None
[2024-04-27T14:05:47.808+0000] {processor.py:179} INFO - Processing /home/airflow/.local/lib/python3.8/site-packages/airflow/example_dags/tutorial_taskflow_api.py took 0.085 seconds
[2024-04-27T14:06:18.641+0000] {processor.py:157} INFO - Started process (PID=441) to work on /home/airflow/.local/lib/python3.8/site-packages/airflow/example_dags/tutorial_taskflow_api.py
[2024-04-27T14:06:18.642+0000] {processor.py:829} INFO - Processing file /home/airflow/.local/lib/python3.8/site-packages/airflow/example_dags/tutorial_taskflow_api.py for tasks to queue
[2024-04-27T14:06:18.645+0000] {logging_mixin.py:151} INFO - [2024-04-27T14:06:18.645+0000] {dagbag.py:539} INFO - Filling up the DagBag from /home/airflow/.local/lib/python3.8/site-packages/airflow/example_dags/tutorial_taskflow_api.py
[2024-04-27T14:06:18.652+0000] {processor.py:839} INFO - DAG(s) dict_keys(['tutorial_taskflow_api']) retrieved from /home/airflow/.local/lib/python3.8/site-packages/airflow/example_dags/tutorial_taskflow_api.py
[2024-04-27T14:06:18.682+0000] {logging_mixin.py:151} INFO - [2024-04-27T14:06:18.682+0000] {dag.py:2907} INFO - Sync 1 DAGs
[2024-04-27T14:06:18.702+0000] {logging_mixin.py:151} INFO - [2024-04-27T14:06:18.702+0000] {dag.py:3677} INFO - Setting next_dagrun for tutorial_taskflow_api to None, run_after=None
[2024-04-27T14:06:18.731+0000] {processor.py:179} INFO - Processing /home/airflow/.local/lib/python3.8/site-packages/airflow/example_dags/tutorial_taskflow_api.py took 0.094 seconds
[2024-04-27T14:06:49.006+0000] {processor.py:157} INFO - Started process (PID=512) to work on /home/airflow/.local/lib/python3.8/site-packages/airflow/example_dags/tutorial_taskflow_api.py
[2024-04-27T14:06:49.007+0000] {processor.py:829} INFO - Processing file /home/airflow/.local/lib/python3.8/site-packages/airflow/example_dags/tutorial_taskflow_api.py for tasks to queue
[2024-04-27T14:06:49.011+0000] {logging_mixin.py:151} INFO - [2024-04-27T14:06:49.010+0000] {dagbag.py:539} INFO - Filling up the DagBag from /home/airflow/.local/lib/python3.8/site-packages/airflow/example_dags/tutorial_taskflow_api.py
[2024-04-27T14:06:49.021+0000] {processor.py:839} INFO - DAG(s) dict_keys(['tutorial_taskflow_api']) retrieved from /home/airflow/.local/lib/python3.8/site-packages/airflow/example_dags/tutorial_taskflow_api.py
[2024-04-27T14:06:49.056+0000] {logging_mixin.py:151} INFO - [2024-04-27T14:06:49.056+0000] {dag.py:2907} INFO - Sync 1 DAGs
[2024-04-27T14:06:49.080+0000] {logging_mixin.py:151} INFO - [2024-04-27T14:06:49.079+0000] {dag.py:3677} INFO - Setting next_dagrun for tutorial_taskflow_api to None, run_after=None
[2024-04-27T14:06:49.109+0000] {processor.py:179} INFO - Processing /home/airflow/.local/lib/python3.8/site-packages/airflow/example_dags/tutorial_taskflow_api.py took 0.109 seconds
[2024-04-27T14:07:19.325+0000] {processor.py:157} INFO - Started process (PID=577) to work on /home/airflow/.local/lib/python3.8/site-packages/airflow/example_dags/tutorial_taskflow_api.py
[2024-04-27T14:07:19.327+0000] {processor.py:829} INFO - Processing file /home/airflow/.local/lib/python3.8/site-packages/airflow/example_dags/tutorial_taskflow_api.py for tasks to queue
[2024-04-27T14:07:19.329+0000] {logging_mixin.py:151} INFO - [2024-04-27T14:07:19.329+0000] {dagbag.py:539} INFO - Filling up the DagBag from /home/airflow/.local/lib/python3.8/site-packages/airflow/example_dags/tutorial_taskflow_api.py
[2024-04-27T14:07:19.337+0000] {processor.py:839} INFO - DAG(s) dict_keys(['tutorial_taskflow_api']) retrieved from /home/airflow/.local/lib/python3.8/site-packages/airflow/example_dags/tutorial_taskflow_api.py
[2024-04-27T14:07:19.364+0000] {logging_mixin.py:151} INFO - [2024-04-27T14:07:19.364+0000] {dag.py:2907} INFO - Sync 1 DAGs
[2024-04-27T14:07:19.381+0000] {logging_mixin.py:151} INFO - [2024-04-27T14:07:19.381+0000] {dag.py:3677} INFO - Setting next_dagrun for tutorial_taskflow_api to None, run_after=None
[2024-04-27T14:07:19.404+0000] {processor.py:179} INFO - Processing /home/airflow/.local/lib/python3.8/site-packages/airflow/example_dags/tutorial_taskflow_api.py took 0.084 seconds
[2024-04-27T14:07:49.755+0000] {processor.py:157} INFO - Started process (PID=641) to work on /home/airflow/.local/lib/python3.8/site-packages/airflow/example_dags/tutorial_taskflow_api.py
[2024-04-27T14:07:49.756+0000] {processor.py:829} INFO - Processing file /home/airflow/.local/lib/python3.8/site-packages/airflow/example_dags/tutorial_taskflow_api.py for tasks to queue
[2024-04-27T14:07:49.758+0000] {logging_mixin.py:151} INFO - [2024-04-27T14:07:49.758+0000] {dagbag.py:539} INFO - Filling up the DagBag from /home/airflow/.local/lib/python3.8/site-packages/airflow/example_dags/tutorial_taskflow_api.py
[2024-04-27T14:07:49.766+0000] {processor.py:839} INFO - DAG(s) dict_keys(['tutorial_taskflow_api']) retrieved from /home/airflow/.local/lib/python3.8/site-packages/airflow/example_dags/tutorial_taskflow_api.py
[2024-04-27T14:07:49.793+0000] {logging_mixin.py:151} INFO - [2024-04-27T14:07:49.793+0000] {dag.py:2907} INFO - Sync 1 DAGs
[2024-04-27T14:07:49.811+0000] {logging_mixin.py:151} INFO - [2024-04-27T14:07:49.811+0000] {dag.py:3677} INFO - Setting next_dagrun for tutorial_taskflow_api to None, run_after=None
[2024-04-27T14:07:49.836+0000] {processor.py:179} INFO - Processing /home/airflow/.local/lib/python3.8/site-packages/airflow/example_dags/tutorial_taskflow_api.py took 0.089 seconds
[2024-04-27T14:11:41.294+0000] {processor.py:157} INFO - Started process (PID=46) to work on /home/airflow/.local/lib/python3.8/site-packages/airflow/example_dags/tutorial_taskflow_api.py
[2024-04-27T14:11:41.299+0000] {processor.py:829} INFO - Processing file /home/airflow/.local/lib/python3.8/site-packages/airflow/example_dags/tutorial_taskflow_api.py for tasks to queue
[2024-04-27T14:11:41.302+0000] {logging_mixin.py:151} INFO - [2024-04-27T14:11:41.302+0000] {dagbag.py:539} INFO - Filling up the DagBag from /home/airflow/.local/lib/python3.8/site-packages/airflow/example_dags/tutorial_taskflow_api.py
[2024-04-27T14:11:41.321+0000] {processor.py:839} INFO - DAG(s) dict_keys(['tutorial_taskflow_api']) retrieved from /home/airflow/.local/lib/python3.8/site-packages/airflow/example_dags/tutorial_taskflow_api.py
[2024-04-27T14:11:41.444+0000] {logging_mixin.py:151} INFO - [2024-04-27T14:11:41.443+0000] {dag.py:2907} INFO - Sync 1 DAGs
[2024-04-27T14:11:41.975+0000] {logging_mixin.py:151} INFO - [2024-04-27T14:11:41.975+0000] {dag.py:3677} INFO - Setting next_dagrun for tutorial_taskflow_api to None, run_after=None
[2024-04-27T14:11:42.059+0000] {processor.py:179} INFO - Processing /home/airflow/.local/lib/python3.8/site-packages/airflow/example_dags/tutorial_taskflow_api.py took 0.778 seconds
[2024-04-27T14:12:12.760+0000] {processor.py:157} INFO - Started process (PID=108) to work on /home/airflow/.local/lib/python3.8/site-packages/airflow/example_dags/tutorial_taskflow_api.py
[2024-04-27T14:12:12.761+0000] {processor.py:829} INFO - Processing file /home/airflow/.local/lib/python3.8/site-packages/airflow/example_dags/tutorial_taskflow_api.py for tasks to queue
[2024-04-27T14:12:12.764+0000] {logging_mixin.py:151} INFO - [2024-04-27T14:12:12.763+0000] {dagbag.py:539} INFO - Filling up the DagBag from /home/airflow/.local/lib/python3.8/site-packages/airflow/example_dags/tutorial_taskflow_api.py
[2024-04-27T14:12:12.772+0000] {processor.py:839} INFO - DAG(s) dict_keys(['tutorial_taskflow_api']) retrieved from /home/airflow/.local/lib/python3.8/site-packages/airflow/example_dags/tutorial_taskflow_api.py
[2024-04-27T14:12:12.804+0000] {logging_mixin.py:151} INFO - [2024-04-27T14:12:12.804+0000] {dag.py:2907} INFO - Sync 1 DAGs
[2024-04-27T14:12:12.823+0000] {logging_mixin.py:151} INFO - [2024-04-27T14:12:12.823+0000] {dag.py:3677} INFO - Setting next_dagrun for tutorial_taskflow_api to None, run_after=None
[2024-04-27T14:12:12.851+0000] {processor.py:179} INFO - Processing /home/airflow/.local/lib/python3.8/site-packages/airflow/example_dags/tutorial_taskflow_api.py took 0.096 seconds
[2024-04-27T14:12:43.431+0000] {processor.py:157} INFO - Started process (PID=178) to work on /home/airflow/.local/lib/python3.8/site-packages/airflow/example_dags/tutorial_taskflow_api.py
[2024-04-27T14:12:43.433+0000] {processor.py:829} INFO - Processing file /home/airflow/.local/lib/python3.8/site-packages/airflow/example_dags/tutorial_taskflow_api.py for tasks to queue
[2024-04-27T14:12:43.436+0000] {logging_mixin.py:151} INFO - [2024-04-27T14:12:43.436+0000] {dagbag.py:539} INFO - Filling up the DagBag from /home/airflow/.local/lib/python3.8/site-packages/airflow/example_dags/tutorial_taskflow_api.py
[2024-04-27T14:12:43.444+0000] {processor.py:839} INFO - DAG(s) dict_keys(['tutorial_taskflow_api']) retrieved from /home/airflow/.local/lib/python3.8/site-packages/airflow/example_dags/tutorial_taskflow_api.py
[2024-04-27T14:12:43.479+0000] {logging_mixin.py:151} INFO - [2024-04-27T14:12:43.479+0000] {dag.py:2907} INFO - Sync 1 DAGs
[2024-04-27T14:12:43.510+0000] {logging_mixin.py:151} INFO - [2024-04-27T14:12:43.510+0000] {dag.py:3677} INFO - Setting next_dagrun for tutorial_taskflow_api to None, run_after=None
[2024-04-27T14:12:43.547+0000] {processor.py:179} INFO - Processing /home/airflow/.local/lib/python3.8/site-packages/airflow/example_dags/tutorial_taskflow_api.py took 0.123 seconds
[2024-04-27T14:13:13.740+0000] {processor.py:157} INFO - Started process (PID=240) to work on /home/airflow/.local/lib/python3.8/site-packages/airflow/example_dags/tutorial_taskflow_api.py
[2024-04-27T14:13:13.741+0000] {processor.py:829} INFO - Processing file /home/airflow/.local/lib/python3.8/site-packages/airflow/example_dags/tutorial_taskflow_api.py for tasks to queue
[2024-04-27T14:13:13.744+0000] {logging_mixin.py:151} INFO - [2024-04-27T14:13:13.743+0000] {dagbag.py:539} INFO - Filling up the DagBag from /home/airflow/.local/lib/python3.8/site-packages/airflow/example_dags/tutorial_taskflow_api.py
[2024-04-27T14:13:13.751+0000] {processor.py:839} INFO - DAG(s) dict_keys(['tutorial_taskflow_api']) retrieved from /home/airflow/.local/lib/python3.8/site-packages/airflow/example_dags/tutorial_taskflow_api.py
[2024-04-27T14:13:13.775+0000] {logging_mixin.py:151} INFO - [2024-04-27T14:13:13.775+0000] {dag.py:2907} INFO - Sync 1 DAGs
[2024-04-27T14:13:13.792+0000] {logging_mixin.py:151} INFO - [2024-04-27T14:13:13.792+0000] {dag.py:3677} INFO - Setting next_dagrun for tutorial_taskflow_api to None, run_after=None
[2024-04-27T14:13:13.816+0000] {processor.py:179} INFO - Processing /home/airflow/.local/lib/python3.8/site-packages/airflow/example_dags/tutorial_taskflow_api.py took 0.079 seconds
[2024-04-27T14:13:44.135+0000] {processor.py:157} INFO - Started process (PID=301) to work on /home/airflow/.local/lib/python3.8/site-packages/airflow/example_dags/tutorial_taskflow_api.py
[2024-04-27T14:13:44.137+0000] {processor.py:829} INFO - Processing file /home/airflow/.local/lib/python3.8/site-packages/airflow/example_dags/tutorial_taskflow_api.py for tasks to queue
[2024-04-27T14:13:44.142+0000] {logging_mixin.py:151} INFO - [2024-04-27T14:13:44.141+0000] {dagbag.py:539} INFO - Filling up the DagBag from /home/airflow/.local/lib/python3.8/site-packages/airflow/example_dags/tutorial_taskflow_api.py
[2024-04-27T14:13:44.151+0000] {processor.py:839} INFO - DAG(s) dict_keys(['tutorial_taskflow_api']) retrieved from /home/airflow/.local/lib/python3.8/site-packages/airflow/example_dags/tutorial_taskflow_api.py
[2024-04-27T14:13:44.175+0000] {logging_mixin.py:151} INFO - [2024-04-27T14:13:44.174+0000] {dag.py:2907} INFO - Sync 1 DAGs
[2024-04-27T14:13:44.191+0000] {logging_mixin.py:151} INFO - [2024-04-27T14:13:44.190+0000] {dag.py:3677} INFO - Setting next_dagrun for tutorial_taskflow_api to None, run_after=None
[2024-04-27T14:13:44.213+0000] {processor.py:179} INFO - Processing /home/airflow/.local/lib/python3.8/site-packages/airflow/example_dags/tutorial_taskflow_api.py took 0.087 seconds
[2024-04-27T14:14:14.441+0000] {processor.py:157} INFO - Started process (PID=373) to work on /home/airflow/.local/lib/python3.8/site-packages/airflow/example_dags/tutorial_taskflow_api.py
[2024-04-27T14:14:14.442+0000] {processor.py:829} INFO - Processing file /home/airflow/.local/lib/python3.8/site-packages/airflow/example_dags/tutorial_taskflow_api.py for tasks to queue
[2024-04-27T14:14:14.446+0000] {logging_mixin.py:151} INFO - [2024-04-27T14:14:14.446+0000] {dagbag.py:539} INFO - Filling up the DagBag from /home/airflow/.local/lib/python3.8/site-packages/airflow/example_dags/tutorial_taskflow_api.py
[2024-04-27T14:14:14.459+0000] {processor.py:839} INFO - DAG(s) dict_keys(['tutorial_taskflow_api']) retrieved from /home/airflow/.local/lib/python3.8/site-packages/airflow/example_dags/tutorial_taskflow_api.py
[2024-04-27T14:14:14.496+0000] {logging_mixin.py:151} INFO - [2024-04-27T14:14:14.496+0000] {dag.py:2907} INFO - Sync 1 DAGs
[2024-04-27T14:14:14.515+0000] {logging_mixin.py:151} INFO - [2024-04-27T14:14:14.515+0000] {dag.py:3677} INFO - Setting next_dagrun for tutorial_taskflow_api to None, run_after=None
[2024-04-27T14:14:14.538+0000] {processor.py:179} INFO - Processing /home/airflow/.local/lib/python3.8/site-packages/airflow/example_dags/tutorial_taskflow_api.py took 0.104 seconds
[2024-04-27T14:14:44.901+0000] {processor.py:157} INFO - Started process (PID=437) to work on /home/airflow/.local/lib/python3.8/site-packages/airflow/example_dags/tutorial_taskflow_api.py
[2024-04-27T14:14:44.903+0000] {processor.py:829} INFO - Processing file /home/airflow/.local/lib/python3.8/site-packages/airflow/example_dags/tutorial_taskflow_api.py for tasks to queue
[2024-04-27T14:14:44.906+0000] {logging_mixin.py:151} INFO - [2024-04-27T14:14:44.906+0000] {dagbag.py:539} INFO - Filling up the DagBag from /home/airflow/.local/lib/python3.8/site-packages/airflow/example_dags/tutorial_taskflow_api.py
[2024-04-27T14:14:44.914+0000] {processor.py:839} INFO - DAG(s) dict_keys(['tutorial_taskflow_api']) retrieved from /home/airflow/.local/lib/python3.8/site-packages/airflow/example_dags/tutorial_taskflow_api.py
[2024-04-27T14:14:44.941+0000] {logging_mixin.py:151} INFO - [2024-04-27T14:14:44.941+0000] {dag.py:2907} INFO - Sync 1 DAGs
[2024-04-27T14:14:44.957+0000] {logging_mixin.py:151} INFO - [2024-04-27T14:14:44.957+0000] {dag.py:3677} INFO - Setting next_dagrun for tutorial_taskflow_api to None, run_after=None
[2024-04-27T14:14:44.982+0000] {processor.py:179} INFO - Processing /home/airflow/.local/lib/python3.8/site-packages/airflow/example_dags/tutorial_taskflow_api.py took 0.088 seconds
[2024-04-27T14:15:15.024+0000] {processor.py:157} INFO - Started process (PID=501) to work on /home/airflow/.local/lib/python3.8/site-packages/airflow/example_dags/tutorial_taskflow_api.py
[2024-04-27T14:15:15.025+0000] {processor.py:829} INFO - Processing file /home/airflow/.local/lib/python3.8/site-packages/airflow/example_dags/tutorial_taskflow_api.py for tasks to queue
[2024-04-27T14:15:15.029+0000] {logging_mixin.py:151} INFO - [2024-04-27T14:15:15.029+0000] {dagbag.py:539} INFO - Filling up the DagBag from /home/airflow/.local/lib/python3.8/site-packages/airflow/example_dags/tutorial_taskflow_api.py
[2024-04-27T14:15:15.039+0000] {processor.py:839} INFO - DAG(s) dict_keys(['tutorial_taskflow_api']) retrieved from /home/airflow/.local/lib/python3.8/site-packages/airflow/example_dags/tutorial_taskflow_api.py
[2024-04-27T14:15:15.071+0000] {logging_mixin.py:151} INFO - [2024-04-27T14:15:15.070+0000] {dag.py:2907} INFO - Sync 1 DAGs
[2024-04-27T14:15:15.093+0000] {logging_mixin.py:151} INFO - [2024-04-27T14:15:15.092+0000] {dag.py:3677} INFO - Setting next_dagrun for tutorial_taskflow_api to None, run_after=None
[2024-04-27T14:15:15.120+0000] {processor.py:179} INFO - Processing /home/airflow/.local/lib/python3.8/site-packages/airflow/example_dags/tutorial_taskflow_api.py took 0.101 seconds
[2024-04-27T14:15:45.580+0000] {processor.py:157} INFO - Started process (PID=567) to work on /home/airflow/.local/lib/python3.8/site-packages/airflow/example_dags/tutorial_taskflow_api.py
[2024-04-27T14:15:45.581+0000] {processor.py:829} INFO - Processing file /home/airflow/.local/lib/python3.8/site-packages/airflow/example_dags/tutorial_taskflow_api.py for tasks to queue
[2024-04-27T14:15:45.583+0000] {logging_mixin.py:151} INFO - [2024-04-27T14:15:45.583+0000] {dagbag.py:539} INFO - Filling up the DagBag from /home/airflow/.local/lib/python3.8/site-packages/airflow/example_dags/tutorial_taskflow_api.py
[2024-04-27T14:15:45.592+0000] {processor.py:839} INFO - DAG(s) dict_keys(['tutorial_taskflow_api']) retrieved from /home/airflow/.local/lib/python3.8/site-packages/airflow/example_dags/tutorial_taskflow_api.py
[2024-04-27T14:15:45.618+0000] {logging_mixin.py:151} INFO - [2024-04-27T14:15:45.618+0000] {dag.py:2907} INFO - Sync 1 DAGs
[2024-04-27T14:15:45.634+0000] {logging_mixin.py:151} INFO - [2024-04-27T14:15:45.633+0000] {dag.py:3677} INFO - Setting next_dagrun for tutorial_taskflow_api to None, run_after=None
[2024-04-27T14:15:45.655+0000] {processor.py:179} INFO - Processing /home/airflow/.local/lib/python3.8/site-packages/airflow/example_dags/tutorial_taskflow_api.py took 0.080 seconds
[2024-04-27T14:16:16.077+0000] {processor.py:157} INFO - Started process (PID=638) to work on /home/airflow/.local/lib/python3.8/site-packages/airflow/example_dags/tutorial_taskflow_api.py
[2024-04-27T14:16:16.078+0000] {processor.py:829} INFO - Processing file /home/airflow/.local/lib/python3.8/site-packages/airflow/example_dags/tutorial_taskflow_api.py for tasks to queue
[2024-04-27T14:16:16.081+0000] {logging_mixin.py:151} INFO - [2024-04-27T14:16:16.081+0000] {dagbag.py:539} INFO - Filling up the DagBag from /home/airflow/.local/lib/python3.8/site-packages/airflow/example_dags/tutorial_taskflow_api.py
[2024-04-27T14:16:16.091+0000] {processor.py:839} INFO - DAG(s) dict_keys(['tutorial_taskflow_api']) retrieved from /home/airflow/.local/lib/python3.8/site-packages/airflow/example_dags/tutorial_taskflow_api.py
[2024-04-27T14:16:16.125+0000] {logging_mixin.py:151} INFO - [2024-04-27T14:16:16.125+0000] {dag.py:2907} INFO - Sync 1 DAGs
[2024-04-27T14:16:16.149+0000] {logging_mixin.py:151} INFO - [2024-04-27T14:16:16.149+0000] {dag.py:3677} INFO - Setting next_dagrun for tutorial_taskflow_api to None, run_after=None
[2024-04-27T14:16:16.178+0000] {processor.py:179} INFO - Processing /home/airflow/.local/lib/python3.8/site-packages/airflow/example_dags/tutorial_taskflow_api.py took 0.106 seconds
[2024-04-27T14:16:46.929+0000] {processor.py:157} INFO - Started process (PID=703) to work on /home/airflow/.local/lib/python3.8/site-packages/airflow/example_dags/tutorial_taskflow_api.py
[2024-04-27T14:16:46.930+0000] {processor.py:829} INFO - Processing file /home/airflow/.local/lib/python3.8/site-packages/airflow/example_dags/tutorial_taskflow_api.py for tasks to queue
[2024-04-27T14:16:46.935+0000] {logging_mixin.py:151} INFO - [2024-04-27T14:16:46.935+0000] {dagbag.py:539} INFO - Filling up the DagBag from /home/airflow/.local/lib/python3.8/site-packages/airflow/example_dags/tutorial_taskflow_api.py
[2024-04-27T14:16:46.944+0000] {processor.py:839} INFO - DAG(s) dict_keys(['tutorial_taskflow_api']) retrieved from /home/airflow/.local/lib/python3.8/site-packages/airflow/example_dags/tutorial_taskflow_api.py
[2024-04-27T14:16:46.979+0000] {logging_mixin.py:151} INFO - [2024-04-27T14:16:46.979+0000] {dag.py:2907} INFO - Sync 1 DAGs
[2024-04-27T14:16:47.000+0000] {logging_mixin.py:151} INFO - [2024-04-27T14:16:47.000+0000] {dag.py:3677} INFO - Setting next_dagrun for tutorial_taskflow_api to None, run_after=None
[2024-04-27T14:16:47.028+0000] {processor.py:179} INFO - Processing /home/airflow/.local/lib/python3.8/site-packages/airflow/example_dags/tutorial_taskflow_api.py took 0.105 seconds
[2024-04-27T14:17:17.103+0000] {processor.py:157} INFO - Started process (PID=767) to work on /home/airflow/.local/lib/python3.8/site-packages/airflow/example_dags/tutorial_taskflow_api.py
[2024-04-27T14:17:17.104+0000] {processor.py:829} INFO - Processing file /home/airflow/.local/lib/python3.8/site-packages/airflow/example_dags/tutorial_taskflow_api.py for tasks to queue
[2024-04-27T14:17:17.108+0000] {logging_mixin.py:151} INFO - [2024-04-27T14:17:17.107+0000] {dagbag.py:539} INFO - Filling up the DagBag from /home/airflow/.local/lib/python3.8/site-packages/airflow/example_dags/tutorial_taskflow_api.py
[2024-04-27T14:17:17.119+0000] {processor.py:839} INFO - DAG(s) dict_keys(['tutorial_taskflow_api']) retrieved from /home/airflow/.local/lib/python3.8/site-packages/airflow/example_dags/tutorial_taskflow_api.py
[2024-04-27T14:17:17.152+0000] {logging_mixin.py:151} INFO - [2024-04-27T14:17:17.152+0000] {dag.py:2907} INFO - Sync 1 DAGs
[2024-04-27T14:17:17.173+0000] {logging_mixin.py:151} INFO - [2024-04-27T14:17:17.172+0000] {dag.py:3677} INFO - Setting next_dagrun for tutorial_taskflow_api to None, run_after=None
[2024-04-27T14:17:17.203+0000] {processor.py:179} INFO - Processing /home/airflow/.local/lib/python3.8/site-packages/airflow/example_dags/tutorial_taskflow_api.py took 0.106 seconds
[2024-04-27T14:17:47.472+0000] {processor.py:157} INFO - Started process (PID=831) to work on /home/airflow/.local/lib/python3.8/site-packages/airflow/example_dags/tutorial_taskflow_api.py
[2024-04-27T14:17:47.473+0000] {processor.py:829} INFO - Processing file /home/airflow/.local/lib/python3.8/site-packages/airflow/example_dags/tutorial_taskflow_api.py for tasks to queue
[2024-04-27T14:17:47.476+0000] {logging_mixin.py:151} INFO - [2024-04-27T14:17:47.476+0000] {dagbag.py:539} INFO - Filling up the DagBag from /home/airflow/.local/lib/python3.8/site-packages/airflow/example_dags/tutorial_taskflow_api.py
[2024-04-27T14:17:47.487+0000] {processor.py:839} INFO - DAG(s) dict_keys(['tutorial_taskflow_api']) retrieved from /home/airflow/.local/lib/python3.8/site-packages/airflow/example_dags/tutorial_taskflow_api.py
[2024-04-27T14:17:47.520+0000] {logging_mixin.py:151} INFO - [2024-04-27T14:17:47.520+0000] {dag.py:2907} INFO - Sync 1 DAGs
[2024-04-27T14:17:47.550+0000] {logging_mixin.py:151} INFO - [2024-04-27T14:17:47.550+0000] {dag.py:3677} INFO - Setting next_dagrun for tutorial_taskflow_api to None, run_after=None
[2024-04-27T14:17:47.580+0000] {processor.py:179} INFO - Processing /home/airflow/.local/lib/python3.8/site-packages/airflow/example_dags/tutorial_taskflow_api.py took 0.114 seconds
[2024-04-27T14:18:17.951+0000] {processor.py:157} INFO - Started process (PID=903) to work on /home/airflow/.local/lib/python3.8/site-packages/airflow/example_dags/tutorial_taskflow_api.py
[2024-04-27T14:18:17.952+0000] {processor.py:829} INFO - Processing file /home/airflow/.local/lib/python3.8/site-packages/airflow/example_dags/tutorial_taskflow_api.py for tasks to queue
[2024-04-27T14:18:17.955+0000] {logging_mixin.py:151} INFO - [2024-04-27T14:18:17.955+0000] {dagbag.py:539} INFO - Filling up the DagBag from /home/airflow/.local/lib/python3.8/site-packages/airflow/example_dags/tutorial_taskflow_api.py
[2024-04-27T14:18:17.972+0000] {processor.py:839} INFO - DAG(s) dict_keys(['tutorial_taskflow_api']) retrieved from /home/airflow/.local/lib/python3.8/site-packages/airflow/example_dags/tutorial_taskflow_api.py
[2024-04-27T14:18:18.051+0000] {logging_mixin.py:151} INFO - [2024-04-27T14:18:18.051+0000] {dag.py:2907} INFO - Sync 1 DAGs
[2024-04-27T14:18:18.075+0000] {logging_mixin.py:151} INFO - [2024-04-27T14:18:18.075+0000] {dag.py:3677} INFO - Setting next_dagrun for tutorial_taskflow_api to None, run_after=None
[2024-04-27T14:18:18.106+0000] {processor.py:179} INFO - Processing /home/airflow/.local/lib/python3.8/site-packages/airflow/example_dags/tutorial_taskflow_api.py took 0.176 seconds
[2024-04-27T14:18:48.216+0000] {processor.py:157} INFO - Started process (PID=965) to work on /home/airflow/.local/lib/python3.8/site-packages/airflow/example_dags/tutorial_taskflow_api.py
[2024-04-27T14:18:48.231+0000] {processor.py:829} INFO - Processing file /home/airflow/.local/lib/python3.8/site-packages/airflow/example_dags/tutorial_taskflow_api.py for tasks to queue
[2024-04-27T14:18:48.237+0000] {logging_mixin.py:151} INFO - [2024-04-27T14:18:48.236+0000] {dagbag.py:539} INFO - Filling up the DagBag from /home/airflow/.local/lib/python3.8/site-packages/airflow/example_dags/tutorial_taskflow_api.py
[2024-04-27T14:18:48.260+0000] {processor.py:839} INFO - DAG(s) dict_keys(['tutorial_taskflow_api']) retrieved from /home/airflow/.local/lib/python3.8/site-packages/airflow/example_dags/tutorial_taskflow_api.py
[2024-04-27T14:18:48.297+0000] {logging_mixin.py:151} INFO - [2024-04-27T14:18:48.297+0000] {dag.py:2907} INFO - Sync 1 DAGs
[2024-04-27T14:18:48.320+0000] {logging_mixin.py:151} INFO - [2024-04-27T14:18:48.319+0000] {dag.py:3677} INFO - Setting next_dagrun for tutorial_taskflow_api to None, run_after=None
[2024-04-27T14:18:48.351+0000] {processor.py:179} INFO - Processing /home/airflow/.local/lib/python3.8/site-packages/airflow/example_dags/tutorial_taskflow_api.py took 0.141 seconds
[2024-04-27T14:19:19.062+0000] {processor.py:157} INFO - Started process (PID=1029) to work on /home/airflow/.local/lib/python3.8/site-packages/airflow/example_dags/tutorial_taskflow_api.py
[2024-04-27T14:19:19.063+0000] {processor.py:829} INFO - Processing file /home/airflow/.local/lib/python3.8/site-packages/airflow/example_dags/tutorial_taskflow_api.py for tasks to queue
[2024-04-27T14:19:19.066+0000] {logging_mixin.py:151} INFO - [2024-04-27T14:19:19.066+0000] {dagbag.py:539} INFO - Filling up the DagBag from /home/airflow/.local/lib/python3.8/site-packages/airflow/example_dags/tutorial_taskflow_api.py
[2024-04-27T14:19:19.076+0000] {processor.py:839} INFO - DAG(s) dict_keys(['tutorial_taskflow_api']) retrieved from /home/airflow/.local/lib/python3.8/site-packages/airflow/example_dags/tutorial_taskflow_api.py
[2024-04-27T14:19:19.110+0000] {logging_mixin.py:151} INFO - [2024-04-27T14:19:19.109+0000] {dag.py:2907} INFO - Sync 1 DAGs
[2024-04-27T14:19:19.131+0000] {logging_mixin.py:151} INFO - [2024-04-27T14:19:19.131+0000] {dag.py:3677} INFO - Setting next_dagrun for tutorial_taskflow_api to None, run_after=None
[2024-04-27T14:19:19.160+0000] {processor.py:179} INFO - Processing /home/airflow/.local/lib/python3.8/site-packages/airflow/example_dags/tutorial_taskflow_api.py took 0.104 seconds
[2024-04-27T14:19:49.329+0000] {processor.py:157} INFO - Started process (PID=1091) to work on /home/airflow/.local/lib/python3.8/site-packages/airflow/example_dags/tutorial_taskflow_api.py
[2024-04-27T14:19:49.330+0000] {processor.py:829} INFO - Processing file /home/airflow/.local/lib/python3.8/site-packages/airflow/example_dags/tutorial_taskflow_api.py for tasks to queue
[2024-04-27T14:19:49.332+0000] {logging_mixin.py:151} INFO - [2024-04-27T14:19:49.332+0000] {dagbag.py:539} INFO - Filling up the DagBag from /home/airflow/.local/lib/python3.8/site-packages/airflow/example_dags/tutorial_taskflow_api.py
[2024-04-27T14:19:49.339+0000] {processor.py:839} INFO - DAG(s) dict_keys(['tutorial_taskflow_api']) retrieved from /home/airflow/.local/lib/python3.8/site-packages/airflow/example_dags/tutorial_taskflow_api.py
[2024-04-27T14:19:49.365+0000] {logging_mixin.py:151} INFO - [2024-04-27T14:19:49.364+0000] {dag.py:2907} INFO - Sync 1 DAGs
[2024-04-27T14:19:49.383+0000] {logging_mixin.py:151} INFO - [2024-04-27T14:19:49.383+0000] {dag.py:3677} INFO - Setting next_dagrun for tutorial_taskflow_api to None, run_after=None
[2024-04-27T14:19:49.405+0000] {processor.py:179} INFO - Processing /home/airflow/.local/lib/python3.8/site-packages/airflow/example_dags/tutorial_taskflow_api.py took 0.080 seconds
[2024-04-27T14:20:19.682+0000] {processor.py:157} INFO - Started process (PID=1163) to work on /home/airflow/.local/lib/python3.8/site-packages/airflow/example_dags/tutorial_taskflow_api.py
[2024-04-27T14:20:19.683+0000] {processor.py:829} INFO - Processing file /home/airflow/.local/lib/python3.8/site-packages/airflow/example_dags/tutorial_taskflow_api.py for tasks to queue
[2024-04-27T14:20:19.687+0000] {logging_mixin.py:151} INFO - [2024-04-27T14:20:19.686+0000] {dagbag.py:539} INFO - Filling up the DagBag from /home/airflow/.local/lib/python3.8/site-packages/airflow/example_dags/tutorial_taskflow_api.py
[2024-04-27T14:20:19.700+0000] {processor.py:839} INFO - DAG(s) dict_keys(['tutorial_taskflow_api']) retrieved from /home/airflow/.local/lib/python3.8/site-packages/airflow/example_dags/tutorial_taskflow_api.py
[2024-04-27T14:20:19.784+0000] {logging_mixin.py:151} INFO - [2024-04-27T14:20:19.783+0000] {dag.py:2907} INFO - Sync 1 DAGs
[2024-04-27T14:20:19.808+0000] {logging_mixin.py:151} INFO - [2024-04-27T14:20:19.807+0000] {dag.py:3677} INFO - Setting next_dagrun for tutorial_taskflow_api to None, run_after=None
[2024-04-27T14:20:19.846+0000] {processor.py:179} INFO - Processing /home/airflow/.local/lib/python3.8/site-packages/airflow/example_dags/tutorial_taskflow_api.py took 0.169 seconds
[2024-04-27T14:20:50.029+0000] {processor.py:157} INFO - Started process (PID=1228) to work on /home/airflow/.local/lib/python3.8/site-packages/airflow/example_dags/tutorial_taskflow_api.py
[2024-04-27T14:20:50.030+0000] {processor.py:829} INFO - Processing file /home/airflow/.local/lib/python3.8/site-packages/airflow/example_dags/tutorial_taskflow_api.py for tasks to queue
[2024-04-27T14:20:50.033+0000] {logging_mixin.py:151} INFO - [2024-04-27T14:20:50.033+0000] {dagbag.py:539} INFO - Filling up the DagBag from /home/airflow/.local/lib/python3.8/site-packages/airflow/example_dags/tutorial_taskflow_api.py
[2024-04-27T14:20:50.043+0000] {processor.py:839} INFO - DAG(s) dict_keys(['tutorial_taskflow_api']) retrieved from /home/airflow/.local/lib/python3.8/site-packages/airflow/example_dags/tutorial_taskflow_api.py
[2024-04-27T14:20:50.079+0000] {logging_mixin.py:151} INFO - [2024-04-27T14:20:50.078+0000] {dag.py:2907} INFO - Sync 1 DAGs
[2024-04-27T14:20:50.104+0000] {logging_mixin.py:151} INFO - [2024-04-27T14:20:50.104+0000] {dag.py:3677} INFO - Setting next_dagrun for tutorial_taskflow_api to None, run_after=None
[2024-04-27T14:20:50.137+0000] {processor.py:179} INFO - Processing /home/airflow/.local/lib/python3.8/site-packages/airflow/example_dags/tutorial_taskflow_api.py took 0.114 seconds
[2024-04-27T14:21:20.365+0000] {processor.py:157} INFO - Started process (PID=1291) to work on /home/airflow/.local/lib/python3.8/site-packages/airflow/example_dags/tutorial_taskflow_api.py
[2024-04-27T14:21:20.366+0000] {processor.py:829} INFO - Processing file /home/airflow/.local/lib/python3.8/site-packages/airflow/example_dags/tutorial_taskflow_api.py for tasks to queue
[2024-04-27T14:21:20.370+0000] {logging_mixin.py:151} INFO - [2024-04-27T14:21:20.369+0000] {dagbag.py:539} INFO - Filling up the DagBag from /home/airflow/.local/lib/python3.8/site-packages/airflow/example_dags/tutorial_taskflow_api.py
[2024-04-27T14:21:20.377+0000] {processor.py:839} INFO - DAG(s) dict_keys(['tutorial_taskflow_api']) retrieved from /home/airflow/.local/lib/python3.8/site-packages/airflow/example_dags/tutorial_taskflow_api.py
[2024-04-27T14:21:20.405+0000] {logging_mixin.py:151} INFO - [2024-04-27T14:21:20.405+0000] {dag.py:2907} INFO - Sync 1 DAGs
[2024-04-27T14:21:20.424+0000] {logging_mixin.py:151} INFO - [2024-04-27T14:21:20.423+0000] {dag.py:3677} INFO - Setting next_dagrun for tutorial_taskflow_api to None, run_after=None
[2024-04-27T14:21:20.451+0000] {processor.py:179} INFO - Processing /home/airflow/.local/lib/python3.8/site-packages/airflow/example_dags/tutorial_taskflow_api.py took 0.092 seconds
[2024-04-27T14:21:50.559+0000] {processor.py:157} INFO - Started process (PID=1364) to work on /home/airflow/.local/lib/python3.8/site-packages/airflow/example_dags/tutorial_taskflow_api.py
[2024-04-27T14:21:50.560+0000] {processor.py:829} INFO - Processing file /home/airflow/.local/lib/python3.8/site-packages/airflow/example_dags/tutorial_taskflow_api.py for tasks to queue
[2024-04-27T14:21:50.564+0000] {logging_mixin.py:151} INFO - [2024-04-27T14:21:50.564+0000] {dagbag.py:539} INFO - Filling up the DagBag from /home/airflow/.local/lib/python3.8/site-packages/airflow/example_dags/tutorial_taskflow_api.py
[2024-04-27T14:21:50.573+0000] {processor.py:839} INFO - DAG(s) dict_keys(['tutorial_taskflow_api']) retrieved from /home/airflow/.local/lib/python3.8/site-packages/airflow/example_dags/tutorial_taskflow_api.py
[2024-04-27T14:21:50.605+0000] {logging_mixin.py:151} INFO - [2024-04-27T14:21:50.604+0000] {dag.py:2907} INFO - Sync 1 DAGs
[2024-04-27T14:21:50.626+0000] {logging_mixin.py:151} INFO - [2024-04-27T14:21:50.626+0000] {dag.py:3677} INFO - Setting next_dagrun for tutorial_taskflow_api to None, run_after=None
[2024-04-27T14:21:50.654+0000] {processor.py:179} INFO - Processing /home/airflow/.local/lib/python3.8/site-packages/airflow/example_dags/tutorial_taskflow_api.py took 0.101 seconds
[2024-04-27T14:22:21.013+0000] {processor.py:157} INFO - Started process (PID=1429) to work on /home/airflow/.local/lib/python3.8/site-packages/airflow/example_dags/tutorial_taskflow_api.py
[2024-04-27T14:22:21.015+0000] {processor.py:829} INFO - Processing file /home/airflow/.local/lib/python3.8/site-packages/airflow/example_dags/tutorial_taskflow_api.py for tasks to queue
[2024-04-27T14:22:21.019+0000] {logging_mixin.py:151} INFO - [2024-04-27T14:22:21.018+0000] {dagbag.py:539} INFO - Filling up the DagBag from /home/airflow/.local/lib/python3.8/site-packages/airflow/example_dags/tutorial_taskflow_api.py
[2024-04-27T14:22:21.029+0000] {processor.py:839} INFO - DAG(s) dict_keys(['tutorial_taskflow_api']) retrieved from /home/airflow/.local/lib/python3.8/site-packages/airflow/example_dags/tutorial_taskflow_api.py
[2024-04-27T14:22:21.061+0000] {logging_mixin.py:151} INFO - [2024-04-27T14:22:21.061+0000] {dag.py:2907} INFO - Sync 1 DAGs
[2024-04-27T14:22:21.086+0000] {logging_mixin.py:151} INFO - [2024-04-27T14:22:21.086+0000] {dag.py:3677} INFO - Setting next_dagrun for tutorial_taskflow_api to None, run_after=None
[2024-04-27T14:22:21.122+0000] {processor.py:179} INFO - Processing /home/airflow/.local/lib/python3.8/site-packages/airflow/example_dags/tutorial_taskflow_api.py took 0.114 seconds
[2024-04-27T14:22:51.382+0000] {processor.py:157} INFO - Started process (PID=1500) to work on /home/airflow/.local/lib/python3.8/site-packages/airflow/example_dags/tutorial_taskflow_api.py
[2024-04-27T14:22:51.383+0000] {processor.py:829} INFO - Processing file /home/airflow/.local/lib/python3.8/site-packages/airflow/example_dags/tutorial_taskflow_api.py for tasks to queue
[2024-04-27T14:22:51.387+0000] {logging_mixin.py:151} INFO - [2024-04-27T14:22:51.386+0000] {dagbag.py:539} INFO - Filling up the DagBag from /home/airflow/.local/lib/python3.8/site-packages/airflow/example_dags/tutorial_taskflow_api.py
[2024-04-27T14:22:51.396+0000] {processor.py:839} INFO - DAG(s) dict_keys(['tutorial_taskflow_api']) retrieved from /home/airflow/.local/lib/python3.8/site-packages/airflow/example_dags/tutorial_taskflow_api.py
[2024-04-27T14:22:51.428+0000] {logging_mixin.py:151} INFO - [2024-04-27T14:22:51.428+0000] {dag.py:2907} INFO - Sync 1 DAGs
[2024-04-27T14:22:51.450+0000] {logging_mixin.py:151} INFO - [2024-04-27T14:22:51.450+0000] {dag.py:3677} INFO - Setting next_dagrun for tutorial_taskflow_api to None, run_after=None
[2024-04-27T14:22:51.483+0000] {processor.py:179} INFO - Processing /home/airflow/.local/lib/python3.8/site-packages/airflow/example_dags/tutorial_taskflow_api.py took 0.107 seconds
[2024-04-27T14:23:21.668+0000] {processor.py:157} INFO - Started process (PID=1564) to work on /home/airflow/.local/lib/python3.8/site-packages/airflow/example_dags/tutorial_taskflow_api.py
[2024-04-27T14:23:21.669+0000] {processor.py:829} INFO - Processing file /home/airflow/.local/lib/python3.8/site-packages/airflow/example_dags/tutorial_taskflow_api.py for tasks to queue
[2024-04-27T14:23:21.673+0000] {logging_mixin.py:151} INFO - [2024-04-27T14:23:21.673+0000] {dagbag.py:539} INFO - Filling up the DagBag from /home/airflow/.local/lib/python3.8/site-packages/airflow/example_dags/tutorial_taskflow_api.py
[2024-04-27T14:23:21.683+0000] {processor.py:839} INFO - DAG(s) dict_keys(['tutorial_taskflow_api']) retrieved from /home/airflow/.local/lib/python3.8/site-packages/airflow/example_dags/tutorial_taskflow_api.py
[2024-04-27T14:23:21.714+0000] {logging_mixin.py:151} INFO - [2024-04-27T14:23:21.714+0000] {dag.py:2907} INFO - Sync 1 DAGs
[2024-04-27T14:23:21.737+0000] {logging_mixin.py:151} INFO - [2024-04-27T14:23:21.737+0000] {dag.py:3677} INFO - Setting next_dagrun for tutorial_taskflow_api to None, run_after=None
[2024-04-27T14:23:21.766+0000] {processor.py:179} INFO - Processing /home/airflow/.local/lib/python3.8/site-packages/airflow/example_dags/tutorial_taskflow_api.py took 0.104 seconds
[2024-04-27T14:23:52.384+0000] {processor.py:157} INFO - Started process (PID=1629) to work on /home/airflow/.local/lib/python3.8/site-packages/airflow/example_dags/tutorial_taskflow_api.py
[2024-04-27T14:23:52.385+0000] {processor.py:829} INFO - Processing file /home/airflow/.local/lib/python3.8/site-packages/airflow/example_dags/tutorial_taskflow_api.py for tasks to queue
[2024-04-27T14:23:52.389+0000] {logging_mixin.py:151} INFO - [2024-04-27T14:23:52.388+0000] {dagbag.py:539} INFO - Filling up the DagBag from /home/airflow/.local/lib/python3.8/site-packages/airflow/example_dags/tutorial_taskflow_api.py
[2024-04-27T14:23:52.399+0000] {processor.py:839} INFO - DAG(s) dict_keys(['tutorial_taskflow_api']) retrieved from /home/airflow/.local/lib/python3.8/site-packages/airflow/example_dags/tutorial_taskflow_api.py
[2024-04-27T14:23:52.459+0000] {logging_mixin.py:151} INFO - [2024-04-27T14:23:52.459+0000] {dag.py:2907} INFO - Sync 1 DAGs
[2024-04-27T14:23:52.485+0000] {logging_mixin.py:151} INFO - [2024-04-27T14:23:52.484+0000] {dag.py:3677} INFO - Setting next_dagrun for tutorial_taskflow_api to None, run_after=None
[2024-04-27T14:23:52.525+0000] {processor.py:179} INFO - Processing /home/airflow/.local/lib/python3.8/site-packages/airflow/example_dags/tutorial_taskflow_api.py took 0.147 seconds
[2024-04-27T14:24:22.767+0000] {processor.py:157} INFO - Started process (PID=1701) to work on /home/airflow/.local/lib/python3.8/site-packages/airflow/example_dags/tutorial_taskflow_api.py
[2024-04-27T14:24:22.768+0000] {processor.py:829} INFO - Processing file /home/airflow/.local/lib/python3.8/site-packages/airflow/example_dags/tutorial_taskflow_api.py for tasks to queue
[2024-04-27T14:24:22.771+0000] {logging_mixin.py:151} INFO - [2024-04-27T14:24:22.771+0000] {dagbag.py:539} INFO - Filling up the DagBag from /home/airflow/.local/lib/python3.8/site-packages/airflow/example_dags/tutorial_taskflow_api.py
[2024-04-27T14:24:22.781+0000] {processor.py:839} INFO - DAG(s) dict_keys(['tutorial_taskflow_api']) retrieved from /home/airflow/.local/lib/python3.8/site-packages/airflow/example_dags/tutorial_taskflow_api.py
[2024-04-27T14:24:22.816+0000] {logging_mixin.py:151} INFO - [2024-04-27T14:24:22.816+0000] {dag.py:2907} INFO - Sync 1 DAGs
[2024-04-27T14:24:22.837+0000] {logging_mixin.py:151} INFO - [2024-04-27T14:24:22.837+0000] {dag.py:3677} INFO - Setting next_dagrun for tutorial_taskflow_api to None, run_after=None
[2024-04-27T14:24:22.867+0000] {processor.py:179} INFO - Processing /home/airflow/.local/lib/python3.8/site-packages/airflow/example_dags/tutorial_taskflow_api.py took 0.106 seconds
[2024-04-27T14:24:53.515+0000] {processor.py:157} INFO - Started process (PID=1765) to work on /home/airflow/.local/lib/python3.8/site-packages/airflow/example_dags/tutorial_taskflow_api.py
[2024-04-27T14:24:53.516+0000] {processor.py:829} INFO - Processing file /home/airflow/.local/lib/python3.8/site-packages/airflow/example_dags/tutorial_taskflow_api.py for tasks to queue
[2024-04-27T14:24:53.520+0000] {logging_mixin.py:151} INFO - [2024-04-27T14:24:53.519+0000] {dagbag.py:539} INFO - Filling up the DagBag from /home/airflow/.local/lib/python3.8/site-packages/airflow/example_dags/tutorial_taskflow_api.py
[2024-04-27T14:24:53.536+0000] {processor.py:839} INFO - DAG(s) dict_keys(['tutorial_taskflow_api']) retrieved from /home/airflow/.local/lib/python3.8/site-packages/airflow/example_dags/tutorial_taskflow_api.py
[2024-04-27T14:24:53.570+0000] {logging_mixin.py:151} INFO - [2024-04-27T14:24:53.569+0000] {dag.py:2907} INFO - Sync 1 DAGs
[2024-04-27T14:24:53.593+0000] {logging_mixin.py:151} INFO - [2024-04-27T14:24:53.592+0000] {dag.py:3677} INFO - Setting next_dagrun for tutorial_taskflow_api to None, run_after=None
[2024-04-27T14:24:53.637+0000] {processor.py:179} INFO - Processing /home/airflow/.local/lib/python3.8/site-packages/airflow/example_dags/tutorial_taskflow_api.py took 0.132 seconds
[2024-04-27T14:25:24.143+0000] {processor.py:157} INFO - Started process (PID=1830) to work on /home/airflow/.local/lib/python3.8/site-packages/airflow/example_dags/tutorial_taskflow_api.py
[2024-04-27T14:25:24.144+0000] {processor.py:829} INFO - Processing file /home/airflow/.local/lib/python3.8/site-packages/airflow/example_dags/tutorial_taskflow_api.py for tasks to queue
[2024-04-27T14:25:24.146+0000] {logging_mixin.py:151} INFO - [2024-04-27T14:25:24.146+0000] {dagbag.py:539} INFO - Filling up the DagBag from /home/airflow/.local/lib/python3.8/site-packages/airflow/example_dags/tutorial_taskflow_api.py
[2024-04-27T14:25:24.156+0000] {processor.py:839} INFO - DAG(s) dict_keys(['tutorial_taskflow_api']) retrieved from /home/airflow/.local/lib/python3.8/site-packages/airflow/example_dags/tutorial_taskflow_api.py
[2024-04-27T14:25:24.184+0000] {logging_mixin.py:151} INFO - [2024-04-27T14:25:24.183+0000] {dag.py:2907} INFO - Sync 1 DAGs
[2024-04-27T14:25:24.201+0000] {logging_mixin.py:151} INFO - [2024-04-27T14:25:24.201+0000] {dag.py:3677} INFO - Setting next_dagrun for tutorial_taskflow_api to None, run_after=None
[2024-04-27T14:25:24.226+0000] {processor.py:179} INFO - Processing /home/airflow/.local/lib/python3.8/site-packages/airflow/example_dags/tutorial_taskflow_api.py took 0.103 seconds
[2024-04-27T14:25:54.564+0000] {processor.py:157} INFO - Started process (PID=1904) to work on /home/airflow/.local/lib/python3.8/site-packages/airflow/example_dags/tutorial_taskflow_api.py
[2024-04-27T14:25:54.569+0000] {processor.py:829} INFO - Processing file /home/airflow/.local/lib/python3.8/site-packages/airflow/example_dags/tutorial_taskflow_api.py for tasks to queue
[2024-04-27T14:25:54.585+0000] {logging_mixin.py:151} INFO - [2024-04-27T14:25:54.584+0000] {dagbag.py:539} INFO - Filling up the DagBag from /home/airflow/.local/lib/python3.8/site-packages/airflow/example_dags/tutorial_taskflow_api.py
[2024-04-27T14:25:54.624+0000] {processor.py:839} INFO - DAG(s) dict_keys(['tutorial_taskflow_api']) retrieved from /home/airflow/.local/lib/python3.8/site-packages/airflow/example_dags/tutorial_taskflow_api.py
[2024-04-27T14:25:54.709+0000] {logging_mixin.py:151} INFO - [2024-04-27T14:25:54.709+0000] {dag.py:2907} INFO - Sync 1 DAGs
[2024-04-27T14:25:54.778+0000] {logging_mixin.py:151} INFO - [2024-04-27T14:25:54.778+0000] {dag.py:3677} INFO - Setting next_dagrun for tutorial_taskflow_api to None, run_after=None
[2024-04-27T14:25:54.818+0000] {processor.py:179} INFO - Processing /home/airflow/.local/lib/python3.8/site-packages/airflow/example_dags/tutorial_taskflow_api.py took 0.284 seconds
