[2024-04-27T13:44:17.812+0000] {processor.py:153} INFO - Started process (PID=58) to work on /home/airflow/.local/lib/python3.7/site-packages/airflow/example_dags/tutorial_dag.py
[2024-04-27T13:44:17.813+0000] {processor.py:743} INFO - Processing file /home/airflow/.local/lib/python3.7/site-packages/airflow/example_dags/tutorial_dag.py for tasks to queue
[2024-04-27T13:44:17.814+0000] {logging_mixin.py:137} INFO - [2024-04-27T13:44:17.814+0000] {dagbag.py:538} INFO - Filling up the DagBag from /home/airflow/.local/lib/python3.7/site-packages/airflow/example_dags/tutorial_dag.py
[2024-04-27T13:44:17.847+0000] {processor.py:753} INFO - DAG(s) dict_keys(['tutorial_dag']) retrieved from /home/airflow/.local/lib/python3.7/site-packages/airflow/example_dags/tutorial_dag.py
[2024-04-27T13:44:17.903+0000] {logging_mixin.py:137} INFO - [2024-04-27T13:44:17.903+0000] {dag.py:2690} INFO - Sync 1 DAGs
[2024-04-27T13:44:17.958+0000] {logging_mixin.py:137} INFO - [2024-04-27T13:44:17.958+0000] {dag.py:3441} INFO - Setting next_dagrun for tutorial_dag to None, run_after=None
[2024-04-27T13:44:17.998+0000] {processor.py:175} INFO - Processing /home/airflow/.local/lib/python3.7/site-packages/airflow/example_dags/tutorial_dag.py took 0.197 seconds
[2024-04-27T13:44:48.892+0000] {processor.py:153} INFO - Started process (PID=121) to work on /home/airflow/.local/lib/python3.7/site-packages/airflow/example_dags/tutorial_dag.py
[2024-04-27T13:44:48.893+0000] {processor.py:743} INFO - Processing file /home/airflow/.local/lib/python3.7/site-packages/airflow/example_dags/tutorial_dag.py for tasks to queue
[2024-04-27T13:44:48.894+0000] {logging_mixin.py:137} INFO - [2024-04-27T13:44:48.894+0000] {dagbag.py:538} INFO - Filling up the DagBag from /home/airflow/.local/lib/python3.7/site-packages/airflow/example_dags/tutorial_dag.py
[2024-04-27T13:44:48.912+0000] {processor.py:753} INFO - DAG(s) dict_keys(['tutorial_dag']) retrieved from /home/airflow/.local/lib/python3.7/site-packages/airflow/example_dags/tutorial_dag.py
[2024-04-27T13:44:48.943+0000] {logging_mixin.py:137} INFO - [2024-04-27T13:44:48.943+0000] {dag.py:2690} INFO - Sync 1 DAGs
[2024-04-27T13:44:48.979+0000] {logging_mixin.py:137} INFO - [2024-04-27T13:44:48.979+0000] {dag.py:3441} INFO - Setting next_dagrun for tutorial_dag to None, run_after=None
[2024-04-27T13:44:49.003+0000] {processor.py:175} INFO - Processing /home/airflow/.local/lib/python3.7/site-packages/airflow/example_dags/tutorial_dag.py took 0.116 seconds
[2024-04-27T13:45:19.333+0000] {processor.py:153} INFO - Started process (PID=185) to work on /home/airflow/.local/lib/python3.7/site-packages/airflow/example_dags/tutorial_dag.py
[2024-04-27T13:45:19.334+0000] {processor.py:743} INFO - Processing file /home/airflow/.local/lib/python3.7/site-packages/airflow/example_dags/tutorial_dag.py for tasks to queue
[2024-04-27T13:45:19.335+0000] {logging_mixin.py:137} INFO - [2024-04-27T13:45:19.335+0000] {dagbag.py:538} INFO - Filling up the DagBag from /home/airflow/.local/lib/python3.7/site-packages/airflow/example_dags/tutorial_dag.py
[2024-04-27T13:45:19.358+0000] {processor.py:753} INFO - DAG(s) dict_keys(['tutorial_dag']) retrieved from /home/airflow/.local/lib/python3.7/site-packages/airflow/example_dags/tutorial_dag.py
[2024-04-27T13:45:19.409+0000] {logging_mixin.py:137} INFO - [2024-04-27T13:45:19.409+0000] {dag.py:2690} INFO - Sync 1 DAGs
[2024-04-27T13:45:19.461+0000] {logging_mixin.py:137} INFO - [2024-04-27T13:45:19.461+0000] {dag.py:3441} INFO - Setting next_dagrun for tutorial_dag to None, run_after=None
[2024-04-27T13:45:19.496+0000] {processor.py:175} INFO - Processing /home/airflow/.local/lib/python3.7/site-packages/airflow/example_dags/tutorial_dag.py took 0.169 seconds
[2024-04-27T13:45:50.291+0000] {processor.py:153} INFO - Started process (PID=260) to work on /home/airflow/.local/lib/python3.7/site-packages/airflow/example_dags/tutorial_dag.py
[2024-04-27T13:45:50.292+0000] {processor.py:743} INFO - Processing file /home/airflow/.local/lib/python3.7/site-packages/airflow/example_dags/tutorial_dag.py for tasks to queue
[2024-04-27T13:45:50.293+0000] {logging_mixin.py:137} INFO - [2024-04-27T13:45:50.293+0000] {dagbag.py:538} INFO - Filling up the DagBag from /home/airflow/.local/lib/python3.7/site-packages/airflow/example_dags/tutorial_dag.py
[2024-04-27T13:45:50.316+0000] {processor.py:753} INFO - DAG(s) dict_keys(['tutorial_dag']) retrieved from /home/airflow/.local/lib/python3.7/site-packages/airflow/example_dags/tutorial_dag.py
[2024-04-27T13:45:50.364+0000] {logging_mixin.py:137} INFO - [2024-04-27T13:45:50.364+0000] {dag.py:2690} INFO - Sync 1 DAGs
[2024-04-27T13:45:50.418+0000] {logging_mixin.py:137} INFO - [2024-04-27T13:45:50.418+0000] {dag.py:3441} INFO - Setting next_dagrun for tutorial_dag to None, run_after=None
[2024-04-27T13:45:50.456+0000] {processor.py:175} INFO - Processing /home/airflow/.local/lib/python3.7/site-packages/airflow/example_dags/tutorial_dag.py took 0.170 seconds
[2024-04-27T13:46:20.616+0000] {processor.py:153} INFO - Started process (PID=324) to work on /home/airflow/.local/lib/python3.7/site-packages/airflow/example_dags/tutorial_dag.py
[2024-04-27T13:46:20.617+0000] {processor.py:743} INFO - Processing file /home/airflow/.local/lib/python3.7/site-packages/airflow/example_dags/tutorial_dag.py for tasks to queue
[2024-04-27T13:46:20.617+0000] {logging_mixin.py:137} INFO - [2024-04-27T13:46:20.617+0000] {dagbag.py:538} INFO - Filling up the DagBag from /home/airflow/.local/lib/python3.7/site-packages/airflow/example_dags/tutorial_dag.py
[2024-04-27T13:46:20.633+0000] {processor.py:753} INFO - DAG(s) dict_keys(['tutorial_dag']) retrieved from /home/airflow/.local/lib/python3.7/site-packages/airflow/example_dags/tutorial_dag.py
[2024-04-27T13:46:20.676+0000] {logging_mixin.py:137} INFO - [2024-04-27T13:46:20.675+0000] {dag.py:2690} INFO - Sync 1 DAGs
[2024-04-27T13:46:20.715+0000] {logging_mixin.py:137} INFO - [2024-04-27T13:46:20.715+0000] {dag.py:3441} INFO - Setting next_dagrun for tutorial_dag to None, run_after=None
[2024-04-27T13:46:20.742+0000] {processor.py:175} INFO - Processing /home/airflow/.local/lib/python3.7/site-packages/airflow/example_dags/tutorial_dag.py took 0.131 seconds
[2024-04-27T13:46:50.877+0000] {processor.py:153} INFO - Started process (PID=387) to work on /home/airflow/.local/lib/python3.7/site-packages/airflow/example_dags/tutorial_dag.py
[2024-04-27T13:46:50.878+0000] {processor.py:743} INFO - Processing file /home/airflow/.local/lib/python3.7/site-packages/airflow/example_dags/tutorial_dag.py for tasks to queue
[2024-04-27T13:46:50.879+0000] {logging_mixin.py:137} INFO - [2024-04-27T13:46:50.879+0000] {dagbag.py:538} INFO - Filling up the DagBag from /home/airflow/.local/lib/python3.7/site-packages/airflow/example_dags/tutorial_dag.py
[2024-04-27T13:46:50.904+0000] {processor.py:753} INFO - DAG(s) dict_keys(['tutorial_dag']) retrieved from /home/airflow/.local/lib/python3.7/site-packages/airflow/example_dags/tutorial_dag.py
[2024-04-27T13:46:50.952+0000] {logging_mixin.py:137} INFO - [2024-04-27T13:46:50.952+0000] {dag.py:2690} INFO - Sync 1 DAGs
[2024-04-27T13:46:51.012+0000] {logging_mixin.py:137} INFO - [2024-04-27T13:46:51.012+0000] {dag.py:3441} INFO - Setting next_dagrun for tutorial_dag to None, run_after=None
[2024-04-27T13:46:51.058+0000] {processor.py:175} INFO - Processing /home/airflow/.local/lib/python3.7/site-packages/airflow/example_dags/tutorial_dag.py took 0.187 seconds
[2024-04-27T13:47:21.698+0000] {processor.py:153} INFO - Started process (PID=452) to work on /home/airflow/.local/lib/python3.7/site-packages/airflow/example_dags/tutorial_dag.py
[2024-04-27T13:47:21.700+0000] {processor.py:743} INFO - Processing file /home/airflow/.local/lib/python3.7/site-packages/airflow/example_dags/tutorial_dag.py for tasks to queue
[2024-04-27T13:47:21.703+0000] {logging_mixin.py:137} INFO - [2024-04-27T13:47:21.702+0000] {dagbag.py:538} INFO - Filling up the DagBag from /home/airflow/.local/lib/python3.7/site-packages/airflow/example_dags/tutorial_dag.py
[2024-04-27T13:47:21.756+0000] {processor.py:753} INFO - DAG(s) dict_keys(['tutorial_dag']) retrieved from /home/airflow/.local/lib/python3.7/site-packages/airflow/example_dags/tutorial_dag.py
[2024-04-27T13:47:21.811+0000] {logging_mixin.py:137} INFO - [2024-04-27T13:47:21.811+0000] {dag.py:2690} INFO - Sync 1 DAGs
[2024-04-27T13:47:21.847+0000] {logging_mixin.py:137} INFO - [2024-04-27T13:47:21.847+0000] {dag.py:3441} INFO - Setting next_dagrun for tutorial_dag to None, run_after=None
[2024-04-27T13:47:21.874+0000] {processor.py:175} INFO - Processing /home/airflow/.local/lib/python3.7/site-packages/airflow/example_dags/tutorial_dag.py took 0.189 seconds
[2024-04-27T13:47:52.057+0000] {processor.py:153} INFO - Started process (PID=523) to work on /home/airflow/.local/lib/python3.7/site-packages/airflow/example_dags/tutorial_dag.py
[2024-04-27T13:47:52.058+0000] {processor.py:743} INFO - Processing file /home/airflow/.local/lib/python3.7/site-packages/airflow/example_dags/tutorial_dag.py for tasks to queue
[2024-04-27T13:47:52.059+0000] {logging_mixin.py:137} INFO - [2024-04-27T13:47:52.058+0000] {dagbag.py:538} INFO - Filling up the DagBag from /home/airflow/.local/lib/python3.7/site-packages/airflow/example_dags/tutorial_dag.py
[2024-04-27T13:47:52.125+0000] {processor.py:753} INFO - DAG(s) dict_keys(['tutorial_dag']) retrieved from /home/airflow/.local/lib/python3.7/site-packages/airflow/example_dags/tutorial_dag.py
[2024-04-27T13:47:52.177+0000] {logging_mixin.py:137} INFO - [2024-04-27T13:47:52.177+0000] {dag.py:2690} INFO - Sync 1 DAGs
[2024-04-27T13:47:52.245+0000] {logging_mixin.py:137} INFO - [2024-04-27T13:47:52.245+0000] {dag.py:3441} INFO - Setting next_dagrun for tutorial_dag to None, run_after=None
[2024-04-27T13:47:52.305+0000] {processor.py:175} INFO - Processing /home/airflow/.local/lib/python3.7/site-packages/airflow/example_dags/tutorial_dag.py took 0.253 seconds
[2024-04-27T13:48:23.209+0000] {processor.py:153} INFO - Started process (PID=592) to work on /home/airflow/.local/lib/python3.7/site-packages/airflow/example_dags/tutorial_dag.py
[2024-04-27T13:48:23.212+0000] {processor.py:743} INFO - Processing file /home/airflow/.local/lib/python3.7/site-packages/airflow/example_dags/tutorial_dag.py for tasks to queue
[2024-04-27T13:48:23.213+0000] {logging_mixin.py:137} INFO - [2024-04-27T13:48:23.213+0000] {dagbag.py:538} INFO - Filling up the DagBag from /home/airflow/.local/lib/python3.7/site-packages/airflow/example_dags/tutorial_dag.py
[2024-04-27T13:48:23.248+0000] {processor.py:753} INFO - DAG(s) dict_keys(['tutorial_dag']) retrieved from /home/airflow/.local/lib/python3.7/site-packages/airflow/example_dags/tutorial_dag.py
[2024-04-27T13:48:23.339+0000] {logging_mixin.py:137} INFO - [2024-04-27T13:48:23.339+0000] {dag.py:2690} INFO - Sync 1 DAGs
[2024-04-27T13:48:23.396+0000] {logging_mixin.py:137} INFO - [2024-04-27T13:48:23.396+0000] {dag.py:3441} INFO - Setting next_dagrun for tutorial_dag to None, run_after=None
[2024-04-27T13:48:23.433+0000] {processor.py:175} INFO - Processing /home/airflow/.local/lib/python3.7/site-packages/airflow/example_dags/tutorial_dag.py took 0.238 seconds
[2024-04-27T13:48:53.583+0000] {processor.py:153} INFO - Started process (PID=656) to work on /home/airflow/.local/lib/python3.7/site-packages/airflow/example_dags/tutorial_dag.py
[2024-04-27T13:48:53.584+0000] {processor.py:743} INFO - Processing file /home/airflow/.local/lib/python3.7/site-packages/airflow/example_dags/tutorial_dag.py for tasks to queue
[2024-04-27T13:48:53.584+0000] {logging_mixin.py:137} INFO - [2024-04-27T13:48:53.584+0000] {dagbag.py:538} INFO - Filling up the DagBag from /home/airflow/.local/lib/python3.7/site-packages/airflow/example_dags/tutorial_dag.py
[2024-04-27T13:48:53.600+0000] {processor.py:753} INFO - DAG(s) dict_keys(['tutorial_dag']) retrieved from /home/airflow/.local/lib/python3.7/site-packages/airflow/example_dags/tutorial_dag.py
[2024-04-27T13:48:53.643+0000] {logging_mixin.py:137} INFO - [2024-04-27T13:48:53.642+0000] {dag.py:2690} INFO - Sync 1 DAGs
[2024-04-27T13:48:53.712+0000] {logging_mixin.py:137} INFO - [2024-04-27T13:48:53.712+0000] {dag.py:3441} INFO - Setting next_dagrun for tutorial_dag to None, run_after=None
[2024-04-27T13:48:53.741+0000] {processor.py:175} INFO - Processing /home/airflow/.local/lib/python3.7/site-packages/airflow/example_dags/tutorial_dag.py took 0.162 seconds
[2024-04-27T13:49:24.044+0000] {processor.py:153} INFO - Started process (PID=720) to work on /home/airflow/.local/lib/python3.7/site-packages/airflow/example_dags/tutorial_dag.py
[2024-04-27T13:49:24.045+0000] {processor.py:743} INFO - Processing file /home/airflow/.local/lib/python3.7/site-packages/airflow/example_dags/tutorial_dag.py for tasks to queue
[2024-04-27T13:49:24.046+0000] {logging_mixin.py:137} INFO - [2024-04-27T13:49:24.046+0000] {dagbag.py:538} INFO - Filling up the DagBag from /home/airflow/.local/lib/python3.7/site-packages/airflow/example_dags/tutorial_dag.py
[2024-04-27T13:49:24.062+0000] {processor.py:753} INFO - DAG(s) dict_keys(['tutorial_dag']) retrieved from /home/airflow/.local/lib/python3.7/site-packages/airflow/example_dags/tutorial_dag.py
[2024-04-27T13:49:24.110+0000] {logging_mixin.py:137} INFO - [2024-04-27T13:49:24.110+0000] {dag.py:2690} INFO - Sync 1 DAGs
[2024-04-27T13:49:24.165+0000] {logging_mixin.py:137} INFO - [2024-04-27T13:49:24.165+0000] {dag.py:3441} INFO - Setting next_dagrun for tutorial_dag to None, run_after=None
[2024-04-27T13:49:24.202+0000] {processor.py:175} INFO - Processing /home/airflow/.local/lib/python3.7/site-packages/airflow/example_dags/tutorial_dag.py took 0.163 seconds
[2024-04-27T13:49:54.612+0000] {processor.py:153} INFO - Started process (PID=784) to work on /home/airflow/.local/lib/python3.7/site-packages/airflow/example_dags/tutorial_dag.py
[2024-04-27T13:49:54.613+0000] {processor.py:743} INFO - Processing file /home/airflow/.local/lib/python3.7/site-packages/airflow/example_dags/tutorial_dag.py for tasks to queue
[2024-04-27T13:49:54.614+0000] {logging_mixin.py:137} INFO - [2024-04-27T13:49:54.614+0000] {dagbag.py:538} INFO - Filling up the DagBag from /home/airflow/.local/lib/python3.7/site-packages/airflow/example_dags/tutorial_dag.py
[2024-04-27T13:49:54.638+0000] {processor.py:753} INFO - DAG(s) dict_keys(['tutorial_dag']) retrieved from /home/airflow/.local/lib/python3.7/site-packages/airflow/example_dags/tutorial_dag.py
[2024-04-27T13:49:54.686+0000] {logging_mixin.py:137} INFO - [2024-04-27T13:49:54.685+0000] {dag.py:2690} INFO - Sync 1 DAGs
[2024-04-27T13:49:54.746+0000] {logging_mixin.py:137} INFO - [2024-04-27T13:49:54.746+0000] {dag.py:3441} INFO - Setting next_dagrun for tutorial_dag to None, run_after=None
[2024-04-27T13:49:54.774+0000] {processor.py:175} INFO - Processing /home/airflow/.local/lib/python3.7/site-packages/airflow/example_dags/tutorial_dag.py took 0.167 seconds
[2024-04-27T13:50:25.166+0000] {processor.py:153} INFO - Started process (PID=855) to work on /home/airflow/.local/lib/python3.7/site-packages/airflow/example_dags/tutorial_dag.py
[2024-04-27T13:50:25.169+0000] {processor.py:743} INFO - Processing file /home/airflow/.local/lib/python3.7/site-packages/airflow/example_dags/tutorial_dag.py for tasks to queue
[2024-04-27T13:50:25.171+0000] {logging_mixin.py:137} INFO - [2024-04-27T13:50:25.170+0000] {dagbag.py:538} INFO - Filling up the DagBag from /home/airflow/.local/lib/python3.7/site-packages/airflow/example_dags/tutorial_dag.py
[2024-04-27T13:50:25.206+0000] {processor.py:753} INFO - DAG(s) dict_keys(['tutorial_dag']) retrieved from /home/airflow/.local/lib/python3.7/site-packages/airflow/example_dags/tutorial_dag.py
[2024-04-27T13:50:25.249+0000] {logging_mixin.py:137} INFO - [2024-04-27T13:50:25.249+0000] {dag.py:2690} INFO - Sync 1 DAGs
[2024-04-27T13:50:25.300+0000] {logging_mixin.py:137} INFO - [2024-04-27T13:50:25.300+0000] {dag.py:3441} INFO - Setting next_dagrun for tutorial_dag to None, run_after=None
[2024-04-27T13:50:25.335+0000] {processor.py:175} INFO - Processing /home/airflow/.local/lib/python3.7/site-packages/airflow/example_dags/tutorial_dag.py took 0.184 seconds
[2024-04-27T13:50:56.091+0000] {processor.py:153} INFO - Started process (PID=921) to work on /home/airflow/.local/lib/python3.7/site-packages/airflow/example_dags/tutorial_dag.py
[2024-04-27T13:50:56.091+0000] {processor.py:743} INFO - Processing file /home/airflow/.local/lib/python3.7/site-packages/airflow/example_dags/tutorial_dag.py for tasks to queue
[2024-04-27T13:50:56.092+0000] {logging_mixin.py:137} INFO - [2024-04-27T13:50:56.092+0000] {dagbag.py:538} INFO - Filling up the DagBag from /home/airflow/.local/lib/python3.7/site-packages/airflow/example_dags/tutorial_dag.py
[2024-04-27T13:50:56.108+0000] {processor.py:753} INFO - DAG(s) dict_keys(['tutorial_dag']) retrieved from /home/airflow/.local/lib/python3.7/site-packages/airflow/example_dags/tutorial_dag.py
[2024-04-27T13:50:56.149+0000] {logging_mixin.py:137} INFO - [2024-04-27T13:50:56.149+0000] {dag.py:2690} INFO - Sync 1 DAGs
[2024-04-27T13:50:56.198+0000] {logging_mixin.py:137} INFO - [2024-04-27T13:50:56.198+0000] {dag.py:3441} INFO - Setting next_dagrun for tutorial_dag to None, run_after=None
[2024-04-27T13:50:56.230+0000] {processor.py:175} INFO - Processing /home/airflow/.local/lib/python3.7/site-packages/airflow/example_dags/tutorial_dag.py took 0.144 seconds
[2024-04-27T13:51:26.901+0000] {processor.py:153} INFO - Started process (PID=984) to work on /home/airflow/.local/lib/python3.7/site-packages/airflow/example_dags/tutorial_dag.py
[2024-04-27T13:51:26.902+0000] {processor.py:743} INFO - Processing file /home/airflow/.local/lib/python3.7/site-packages/airflow/example_dags/tutorial_dag.py for tasks to queue
[2024-04-27T13:51:26.903+0000] {logging_mixin.py:137} INFO - [2024-04-27T13:51:26.903+0000] {dagbag.py:538} INFO - Filling up the DagBag from /home/airflow/.local/lib/python3.7/site-packages/airflow/example_dags/tutorial_dag.py
[2024-04-27T13:51:26.925+0000] {processor.py:753} INFO - DAG(s) dict_keys(['tutorial_dag']) retrieved from /home/airflow/.local/lib/python3.7/site-packages/airflow/example_dags/tutorial_dag.py
[2024-04-27T13:51:26.968+0000] {logging_mixin.py:137} INFO - [2024-04-27T13:51:26.968+0000] {dag.py:2690} INFO - Sync 1 DAGs
[2024-04-27T13:51:27.012+0000] {logging_mixin.py:137} INFO - [2024-04-27T13:51:27.012+0000] {dag.py:3441} INFO - Setting next_dagrun for tutorial_dag to None, run_after=None
[2024-04-27T13:51:27.038+0000] {processor.py:175} INFO - Processing /home/airflow/.local/lib/python3.7/site-packages/airflow/example_dags/tutorial_dag.py took 0.143 seconds
[2024-04-27T13:51:57.349+0000] {processor.py:153} INFO - Started process (PID=1046) to work on /home/airflow/.local/lib/python3.7/site-packages/airflow/example_dags/tutorial_dag.py
[2024-04-27T13:51:57.350+0000] {processor.py:743} INFO - Processing file /home/airflow/.local/lib/python3.7/site-packages/airflow/example_dags/tutorial_dag.py for tasks to queue
[2024-04-27T13:51:57.351+0000] {logging_mixin.py:137} INFO - [2024-04-27T13:51:57.350+0000] {dagbag.py:538} INFO - Filling up the DagBag from /home/airflow/.local/lib/python3.7/site-packages/airflow/example_dags/tutorial_dag.py
[2024-04-27T13:51:57.379+0000] {processor.py:753} INFO - DAG(s) dict_keys(['tutorial_dag']) retrieved from /home/airflow/.local/lib/python3.7/site-packages/airflow/example_dags/tutorial_dag.py
[2024-04-27T13:51:57.425+0000] {logging_mixin.py:137} INFO - [2024-04-27T13:51:57.425+0000] {dag.py:2690} INFO - Sync 1 DAGs
[2024-04-27T13:51:57.480+0000] {logging_mixin.py:137} INFO - [2024-04-27T13:51:57.480+0000] {dag.py:3441} INFO - Setting next_dagrun for tutorial_dag to None, run_after=None
[2024-04-27T13:51:57.517+0000] {processor.py:175} INFO - Processing /home/airflow/.local/lib/python3.7/site-packages/airflow/example_dags/tutorial_dag.py took 0.175 seconds
[2024-04-27T13:52:28.186+0000] {processor.py:153} INFO - Started process (PID=1119) to work on /home/airflow/.local/lib/python3.7/site-packages/airflow/example_dags/tutorial_dag.py
[2024-04-27T13:52:28.187+0000] {processor.py:743} INFO - Processing file /home/airflow/.local/lib/python3.7/site-packages/airflow/example_dags/tutorial_dag.py for tasks to queue
[2024-04-27T13:52:28.188+0000] {logging_mixin.py:137} INFO - [2024-04-27T13:52:28.188+0000] {dagbag.py:538} INFO - Filling up the DagBag from /home/airflow/.local/lib/python3.7/site-packages/airflow/example_dags/tutorial_dag.py
[2024-04-27T13:52:28.211+0000] {processor.py:753} INFO - DAG(s) dict_keys(['tutorial_dag']) retrieved from /home/airflow/.local/lib/python3.7/site-packages/airflow/example_dags/tutorial_dag.py
[2024-04-27T13:52:28.253+0000] {logging_mixin.py:137} INFO - [2024-04-27T13:52:28.253+0000] {dag.py:2690} INFO - Sync 1 DAGs
[2024-04-27T13:52:28.306+0000] {logging_mixin.py:137} INFO - [2024-04-27T13:52:28.305+0000] {dag.py:3441} INFO - Setting next_dagrun for tutorial_dag to None, run_after=None
[2024-04-27T13:52:28.341+0000] {processor.py:175} INFO - Processing /home/airflow/.local/lib/python3.7/site-packages/airflow/example_dags/tutorial_dag.py took 0.160 seconds
[2024-04-27T13:52:59.121+0000] {processor.py:153} INFO - Started process (PID=1186) to work on /home/airflow/.local/lib/python3.7/site-packages/airflow/example_dags/tutorial_dag.py
[2024-04-27T13:52:59.122+0000] {processor.py:743} INFO - Processing file /home/airflow/.local/lib/python3.7/site-packages/airflow/example_dags/tutorial_dag.py for tasks to queue
[2024-04-27T13:52:59.123+0000] {logging_mixin.py:137} INFO - [2024-04-27T13:52:59.122+0000] {dagbag.py:538} INFO - Filling up the DagBag from /home/airflow/.local/lib/python3.7/site-packages/airflow/example_dags/tutorial_dag.py
[2024-04-27T13:52:59.139+0000] {processor.py:753} INFO - DAG(s) dict_keys(['tutorial_dag']) retrieved from /home/airflow/.local/lib/python3.7/site-packages/airflow/example_dags/tutorial_dag.py
[2024-04-27T13:52:59.176+0000] {logging_mixin.py:137} INFO - [2024-04-27T13:52:59.176+0000] {dag.py:2690} INFO - Sync 1 DAGs
[2024-04-27T13:52:59.228+0000] {logging_mixin.py:137} INFO - [2024-04-27T13:52:59.228+0000] {dag.py:3441} INFO - Setting next_dagrun for tutorial_dag to None, run_after=None
[2024-04-27T13:52:59.261+0000] {processor.py:175} INFO - Processing /home/airflow/.local/lib/python3.7/site-packages/airflow/example_dags/tutorial_dag.py took 0.144 seconds
[2024-04-27T13:53:29.964+0000] {processor.py:153} INFO - Started process (PID=1249) to work on /home/airflow/.local/lib/python3.7/site-packages/airflow/example_dags/tutorial_dag.py
[2024-04-27T13:53:29.965+0000] {processor.py:743} INFO - Processing file /home/airflow/.local/lib/python3.7/site-packages/airflow/example_dags/tutorial_dag.py for tasks to queue
[2024-04-27T13:53:29.966+0000] {logging_mixin.py:137} INFO - [2024-04-27T13:53:29.966+0000] {dagbag.py:538} INFO - Filling up the DagBag from /home/airflow/.local/lib/python3.7/site-packages/airflow/example_dags/tutorial_dag.py
[2024-04-27T13:53:29.988+0000] {processor.py:753} INFO - DAG(s) dict_keys(['tutorial_dag']) retrieved from /home/airflow/.local/lib/python3.7/site-packages/airflow/example_dags/tutorial_dag.py
[2024-04-27T13:53:30.034+0000] {logging_mixin.py:137} INFO - [2024-04-27T13:53:30.033+0000] {dag.py:2690} INFO - Sync 1 DAGs
[2024-04-27T13:53:30.086+0000] {logging_mixin.py:137} INFO - [2024-04-27T13:53:30.086+0000] {dag.py:3441} INFO - Setting next_dagrun for tutorial_dag to None, run_after=None
[2024-04-27T13:53:30.121+0000] {processor.py:175} INFO - Processing /home/airflow/.local/lib/python3.7/site-packages/airflow/example_dags/tutorial_dag.py took 0.162 seconds
[2024-04-27T13:54:00.498+0000] {processor.py:153} INFO - Started process (PID=1320) to work on /home/airflow/.local/lib/python3.7/site-packages/airflow/example_dags/tutorial_dag.py
[2024-04-27T13:54:00.499+0000] {processor.py:743} INFO - Processing file /home/airflow/.local/lib/python3.7/site-packages/airflow/example_dags/tutorial_dag.py for tasks to queue
[2024-04-27T13:54:00.500+0000] {logging_mixin.py:137} INFO - [2024-04-27T13:54:00.500+0000] {dagbag.py:538} INFO - Filling up the DagBag from /home/airflow/.local/lib/python3.7/site-packages/airflow/example_dags/tutorial_dag.py
[2024-04-27T13:54:00.523+0000] {processor.py:753} INFO - DAG(s) dict_keys(['tutorial_dag']) retrieved from /home/airflow/.local/lib/python3.7/site-packages/airflow/example_dags/tutorial_dag.py
[2024-04-27T13:54:00.569+0000] {logging_mixin.py:137} INFO - [2024-04-27T13:54:00.568+0000] {dag.py:2690} INFO - Sync 1 DAGs
[2024-04-27T13:54:00.628+0000] {logging_mixin.py:137} INFO - [2024-04-27T13:54:00.628+0000] {dag.py:3441} INFO - Setting next_dagrun for tutorial_dag to None, run_after=None
[2024-04-27T13:54:00.664+0000] {processor.py:175} INFO - Processing /home/airflow/.local/lib/python3.7/site-packages/airflow/example_dags/tutorial_dag.py took 0.175 seconds
[2024-04-27T14:03:16.277+0000] {processor.py:157} INFO - Started process (PID=58) to work on /home/airflow/.local/lib/python3.8/site-packages/airflow/example_dags/tutorial_dag.py
[2024-04-27T14:03:16.278+0000] {processor.py:829} INFO - Processing file /home/airflow/.local/lib/python3.8/site-packages/airflow/example_dags/tutorial_dag.py for tasks to queue
[2024-04-27T14:03:16.282+0000] {logging_mixin.py:151} INFO - [2024-04-27T14:03:16.281+0000] {dagbag.py:539} INFO - Filling up the DagBag from /home/airflow/.local/lib/python3.8/site-packages/airflow/example_dags/tutorial_dag.py
[2024-04-27T14:03:16.295+0000] {processor.py:839} INFO - DAG(s) dict_keys(['tutorial_dag']) retrieved from /home/airflow/.local/lib/python3.8/site-packages/airflow/example_dags/tutorial_dag.py
[2024-04-27T14:03:16.662+0000] {logging_mixin.py:151} INFO - [2024-04-27T14:03:16.661+0000] {manager.py:501} INFO - Created Permission View: can read on DAG:tutorial_dag
[2024-04-27T14:03:16.697+0000] {logging_mixin.py:151} INFO - [2024-04-27T14:03:16.696+0000] {manager.py:501} INFO - Created Permission View: can edit on DAG:tutorial_dag
[2024-04-27T14:03:16.706+0000] {logging_mixin.py:151} INFO - [2024-04-27T14:03:16.706+0000] {manager.py:501} INFO - Created Permission View: can delete on DAG:tutorial_dag
[2024-04-27T14:03:16.736+0000] {logging_mixin.py:151} INFO - [2024-04-27T14:03:16.736+0000] {dag.py:2907} INFO - Sync 1 DAGs
[2024-04-27T14:03:16.756+0000] {logging_mixin.py:151} INFO - [2024-04-27T14:03:16.755+0000] {dag.py:2929} INFO - Creating ORM DAG for tutorial_dag
[2024-04-27T14:03:16.756+0000] {logging_mixin.py:151} INFO - [2024-04-27T14:03:16.756+0000] {dag.py:3677} INFO - Setting next_dagrun for tutorial_dag to None, run_after=None
[2024-04-27T14:03:16.783+0000] {processor.py:179} INFO - Processing /home/airflow/.local/lib/python3.8/site-packages/airflow/example_dags/tutorial_dag.py took 0.511 seconds
[2024-04-27T14:03:47.204+0000] {processor.py:157} INFO - Started process (PID=121) to work on /home/airflow/.local/lib/python3.8/site-packages/airflow/example_dags/tutorial_dag.py
[2024-04-27T14:03:47.205+0000] {processor.py:829} INFO - Processing file /home/airflow/.local/lib/python3.8/site-packages/airflow/example_dags/tutorial_dag.py for tasks to queue
[2024-04-27T14:03:47.213+0000] {logging_mixin.py:151} INFO - [2024-04-27T14:03:47.213+0000] {dagbag.py:539} INFO - Filling up the DagBag from /home/airflow/.local/lib/python3.8/site-packages/airflow/example_dags/tutorial_dag.py
[2024-04-27T14:03:47.226+0000] {processor.py:839} INFO - DAG(s) dict_keys(['tutorial_dag']) retrieved from /home/airflow/.local/lib/python3.8/site-packages/airflow/example_dags/tutorial_dag.py
[2024-04-27T14:03:47.269+0000] {logging_mixin.py:151} INFO - [2024-04-27T14:03:47.269+0000] {dag.py:2907} INFO - Sync 1 DAGs
[2024-04-27T14:03:47.297+0000] {logging_mixin.py:151} INFO - [2024-04-27T14:03:47.296+0000] {dag.py:3677} INFO - Setting next_dagrun for tutorial_dag to None, run_after=None
[2024-04-27T14:03:47.333+0000] {processor.py:179} INFO - Processing /home/airflow/.local/lib/python3.8/site-packages/airflow/example_dags/tutorial_dag.py took 0.142 seconds
[2024-04-27T14:04:17.992+0000] {processor.py:157} INFO - Started process (PID=184) to work on /home/airflow/.local/lib/python3.8/site-packages/airflow/example_dags/tutorial_dag.py
[2024-04-27T14:04:17.993+0000] {processor.py:829} INFO - Processing file /home/airflow/.local/lib/python3.8/site-packages/airflow/example_dags/tutorial_dag.py for tasks to queue
[2024-04-27T14:04:17.997+0000] {logging_mixin.py:151} INFO - [2024-04-27T14:04:17.996+0000] {dagbag.py:539} INFO - Filling up the DagBag from /home/airflow/.local/lib/python3.8/site-packages/airflow/example_dags/tutorial_dag.py
[2024-04-27T14:04:18.003+0000] {processor.py:839} INFO - DAG(s) dict_keys(['tutorial_dag']) retrieved from /home/airflow/.local/lib/python3.8/site-packages/airflow/example_dags/tutorial_dag.py
[2024-04-27T14:04:18.032+0000] {logging_mixin.py:151} INFO - [2024-04-27T14:04:18.032+0000] {dag.py:2907} INFO - Sync 1 DAGs
[2024-04-27T14:04:18.053+0000] {logging_mixin.py:151} INFO - [2024-04-27T14:04:18.053+0000] {dag.py:3677} INFO - Setting next_dagrun for tutorial_dag to None, run_after=None
[2024-04-27T14:04:18.081+0000] {processor.py:179} INFO - Processing /home/airflow/.local/lib/python3.8/site-packages/airflow/example_dags/tutorial_dag.py took 0.092 seconds
[2024-04-27T14:04:48.548+0000] {processor.py:157} INFO - Started process (PID=254) to work on /home/airflow/.local/lib/python3.8/site-packages/airflow/example_dags/tutorial_dag.py
[2024-04-27T14:04:48.549+0000] {processor.py:829} INFO - Processing file /home/airflow/.local/lib/python3.8/site-packages/airflow/example_dags/tutorial_dag.py for tasks to queue
[2024-04-27T14:04:48.552+0000] {logging_mixin.py:151} INFO - [2024-04-27T14:04:48.552+0000] {dagbag.py:539} INFO - Filling up the DagBag from /home/airflow/.local/lib/python3.8/site-packages/airflow/example_dags/tutorial_dag.py
[2024-04-27T14:04:48.560+0000] {processor.py:839} INFO - DAG(s) dict_keys(['tutorial_dag']) retrieved from /home/airflow/.local/lib/python3.8/site-packages/airflow/example_dags/tutorial_dag.py
[2024-04-27T14:04:48.601+0000] {logging_mixin.py:151} INFO - [2024-04-27T14:04:48.600+0000] {dag.py:2907} INFO - Sync 1 DAGs
[2024-04-27T14:04:48.627+0000] {logging_mixin.py:151} INFO - [2024-04-27T14:04:48.626+0000] {dag.py:3677} INFO - Setting next_dagrun for tutorial_dag to None, run_after=None
[2024-04-27T14:04:48.656+0000] {processor.py:179} INFO - Processing /home/airflow/.local/lib/python3.8/site-packages/airflow/example_dags/tutorial_dag.py took 0.114 seconds
[2024-04-27T14:05:18.845+0000] {processor.py:157} INFO - Started process (PID=319) to work on /home/airflow/.local/lib/python3.8/site-packages/airflow/example_dags/tutorial_dag.py
[2024-04-27T14:05:18.846+0000] {processor.py:829} INFO - Processing file /home/airflow/.local/lib/python3.8/site-packages/airflow/example_dags/tutorial_dag.py for tasks to queue
[2024-04-27T14:05:18.848+0000] {logging_mixin.py:151} INFO - [2024-04-27T14:05:18.848+0000] {dagbag.py:539} INFO - Filling up the DagBag from /home/airflow/.local/lib/python3.8/site-packages/airflow/example_dags/tutorial_dag.py
[2024-04-27T14:05:18.854+0000] {processor.py:839} INFO - DAG(s) dict_keys(['tutorial_dag']) retrieved from /home/airflow/.local/lib/python3.8/site-packages/airflow/example_dags/tutorial_dag.py
[2024-04-27T14:05:18.882+0000] {logging_mixin.py:151} INFO - [2024-04-27T14:05:18.881+0000] {dag.py:2907} INFO - Sync 1 DAGs
[2024-04-27T14:05:18.897+0000] {logging_mixin.py:151} INFO - [2024-04-27T14:05:18.897+0000] {dag.py:3677} INFO - Setting next_dagrun for tutorial_dag to None, run_after=None
[2024-04-27T14:05:18.918+0000] {processor.py:179} INFO - Processing /home/airflow/.local/lib/python3.8/site-packages/airflow/example_dags/tutorial_dag.py took 0.077 seconds
[2024-04-27T14:05:48.990+0000] {processor.py:157} INFO - Started process (PID=382) to work on /home/airflow/.local/lib/python3.8/site-packages/airflow/example_dags/tutorial_dag.py
[2024-04-27T14:05:48.991+0000] {processor.py:829} INFO - Processing file /home/airflow/.local/lib/python3.8/site-packages/airflow/example_dags/tutorial_dag.py for tasks to queue
[2024-04-27T14:05:48.994+0000] {logging_mixin.py:151} INFO - [2024-04-27T14:05:48.994+0000] {dagbag.py:539} INFO - Filling up the DagBag from /home/airflow/.local/lib/python3.8/site-packages/airflow/example_dags/tutorial_dag.py
[2024-04-27T14:05:49.003+0000] {processor.py:839} INFO - DAG(s) dict_keys(['tutorial_dag']) retrieved from /home/airflow/.local/lib/python3.8/site-packages/airflow/example_dags/tutorial_dag.py
[2024-04-27T14:05:49.034+0000] {logging_mixin.py:151} INFO - [2024-04-27T14:05:49.034+0000] {dag.py:2907} INFO - Sync 1 DAGs
[2024-04-27T14:05:49.059+0000] {logging_mixin.py:151} INFO - [2024-04-27T14:05:49.058+0000] {dag.py:3677} INFO - Setting next_dagrun for tutorial_dag to None, run_after=None
[2024-04-27T14:05:49.081+0000] {processor.py:179} INFO - Processing /home/airflow/.local/lib/python3.8/site-packages/airflow/example_dags/tutorial_dag.py took 0.096 seconds
[2024-04-27T14:06:19.237+0000] {processor.py:157} INFO - Started process (PID=445) to work on /home/airflow/.local/lib/python3.8/site-packages/airflow/example_dags/tutorial_dag.py
[2024-04-27T14:06:19.238+0000] {processor.py:829} INFO - Processing file /home/airflow/.local/lib/python3.8/site-packages/airflow/example_dags/tutorial_dag.py for tasks to queue
[2024-04-27T14:06:19.240+0000] {logging_mixin.py:151} INFO - [2024-04-27T14:06:19.240+0000] {dagbag.py:539} INFO - Filling up the DagBag from /home/airflow/.local/lib/python3.8/site-packages/airflow/example_dags/tutorial_dag.py
[2024-04-27T14:06:19.247+0000] {processor.py:839} INFO - DAG(s) dict_keys(['tutorial_dag']) retrieved from /home/airflow/.local/lib/python3.8/site-packages/airflow/example_dags/tutorial_dag.py
[2024-04-27T14:06:19.276+0000] {logging_mixin.py:151} INFO - [2024-04-27T14:06:19.276+0000] {dag.py:2907} INFO - Sync 1 DAGs
[2024-04-27T14:06:19.297+0000] {logging_mixin.py:151} INFO - [2024-04-27T14:06:19.296+0000] {dag.py:3677} INFO - Setting next_dagrun for tutorial_dag to None, run_after=None
[2024-04-27T14:06:19.323+0000] {processor.py:179} INFO - Processing /home/airflow/.local/lib/python3.8/site-packages/airflow/example_dags/tutorial_dag.py took 0.090 seconds
[2024-04-27T14:06:49.806+0000] {processor.py:157} INFO - Started process (PID=517) to work on /home/airflow/.local/lib/python3.8/site-packages/airflow/example_dags/tutorial_dag.py
[2024-04-27T14:06:49.807+0000] {processor.py:829} INFO - Processing file /home/airflow/.local/lib/python3.8/site-packages/airflow/example_dags/tutorial_dag.py for tasks to queue
[2024-04-27T14:06:49.810+0000] {logging_mixin.py:151} INFO - [2024-04-27T14:06:49.810+0000] {dagbag.py:539} INFO - Filling up the DagBag from /home/airflow/.local/lib/python3.8/site-packages/airflow/example_dags/tutorial_dag.py
[2024-04-27T14:06:49.818+0000] {processor.py:839} INFO - DAG(s) dict_keys(['tutorial_dag']) retrieved from /home/airflow/.local/lib/python3.8/site-packages/airflow/example_dags/tutorial_dag.py
[2024-04-27T14:06:49.852+0000] {logging_mixin.py:151} INFO - [2024-04-27T14:06:49.852+0000] {dag.py:2907} INFO - Sync 1 DAGs
[2024-04-27T14:06:49.875+0000] {logging_mixin.py:151} INFO - [2024-04-27T14:06:49.874+0000] {dag.py:3677} INFO - Setting next_dagrun for tutorial_dag to None, run_after=None
[2024-04-27T14:06:49.905+0000] {processor.py:179} INFO - Processing /home/airflow/.local/lib/python3.8/site-packages/airflow/example_dags/tutorial_dag.py took 0.104 seconds
[2024-04-27T14:07:20.821+0000] {processor.py:157} INFO - Started process (PID=582) to work on /home/airflow/.local/lib/python3.8/site-packages/airflow/example_dags/tutorial_dag.py
[2024-04-27T14:07:20.822+0000] {processor.py:829} INFO - Processing file /home/airflow/.local/lib/python3.8/site-packages/airflow/example_dags/tutorial_dag.py for tasks to queue
[2024-04-27T14:07:20.825+0000] {logging_mixin.py:151} INFO - [2024-04-27T14:07:20.824+0000] {dagbag.py:539} INFO - Filling up the DagBag from /home/airflow/.local/lib/python3.8/site-packages/airflow/example_dags/tutorial_dag.py
[2024-04-27T14:07:20.833+0000] {processor.py:839} INFO - DAG(s) dict_keys(['tutorial_dag']) retrieved from /home/airflow/.local/lib/python3.8/site-packages/airflow/example_dags/tutorial_dag.py
[2024-04-27T14:07:20.866+0000] {logging_mixin.py:151} INFO - [2024-04-27T14:07:20.865+0000] {dag.py:2907} INFO - Sync 1 DAGs
[2024-04-27T14:07:20.887+0000] {logging_mixin.py:151} INFO - [2024-04-27T14:07:20.887+0000] {dag.py:3677} INFO - Setting next_dagrun for tutorial_dag to None, run_after=None
[2024-04-27T14:07:20.910+0000] {processor.py:179} INFO - Processing /home/airflow/.local/lib/python3.8/site-packages/airflow/example_dags/tutorial_dag.py took 0.094 seconds
[2024-04-27T14:07:51.193+0000] {processor.py:157} INFO - Started process (PID=646) to work on /home/airflow/.local/lib/python3.8/site-packages/airflow/example_dags/tutorial_dag.py
[2024-04-27T14:07:51.194+0000] {processor.py:829} INFO - Processing file /home/airflow/.local/lib/python3.8/site-packages/airflow/example_dags/tutorial_dag.py for tasks to queue
[2024-04-27T14:07:51.198+0000] {logging_mixin.py:151} INFO - [2024-04-27T14:07:51.198+0000] {dagbag.py:539} INFO - Filling up the DagBag from /home/airflow/.local/lib/python3.8/site-packages/airflow/example_dags/tutorial_dag.py
[2024-04-27T14:07:51.216+0000] {processor.py:839} INFO - DAG(s) dict_keys(['tutorial_dag']) retrieved from /home/airflow/.local/lib/python3.8/site-packages/airflow/example_dags/tutorial_dag.py
[2024-04-27T14:07:51.308+0000] {logging_mixin.py:151} INFO - [2024-04-27T14:07:51.308+0000] {dag.py:2907} INFO - Sync 1 DAGs
[2024-04-27T14:07:51.352+0000] {logging_mixin.py:151} INFO - [2024-04-27T14:07:51.352+0000] {dag.py:3677} INFO - Setting next_dagrun for tutorial_dag to None, run_after=None
[2024-04-27T14:07:51.425+0000] {processor.py:179} INFO - Processing /home/airflow/.local/lib/python3.8/site-packages/airflow/example_dags/tutorial_dag.py took 0.244 seconds
[2024-04-27T14:11:43.676+0000] {processor.py:157} INFO - Started process (PID=56) to work on /home/airflow/.local/lib/python3.8/site-packages/airflow/example_dags/tutorial_dag.py
[2024-04-27T14:11:43.682+0000] {processor.py:829} INFO - Processing file /home/airflow/.local/lib/python3.8/site-packages/airflow/example_dags/tutorial_dag.py for tasks to queue
[2024-04-27T14:11:43.687+0000] {logging_mixin.py:151} INFO - [2024-04-27T14:11:43.686+0000] {dagbag.py:539} INFO - Filling up the DagBag from /home/airflow/.local/lib/python3.8/site-packages/airflow/example_dags/tutorial_dag.py
[2024-04-27T14:11:43.703+0000] {processor.py:839} INFO - DAG(s) dict_keys(['tutorial_dag']) retrieved from /home/airflow/.local/lib/python3.8/site-packages/airflow/example_dags/tutorial_dag.py
[2024-04-27T14:11:43.816+0000] {logging_mixin.py:151} INFO - [2024-04-27T14:11:43.815+0000] {dag.py:2907} INFO - Sync 1 DAGs
[2024-04-27T14:11:44.462+0000] {logging_mixin.py:151} INFO - [2024-04-27T14:11:44.462+0000] {dag.py:3677} INFO - Setting next_dagrun for tutorial_dag to None, run_after=None
[2024-04-27T14:11:44.595+0000] {processor.py:179} INFO - Processing /home/airflow/.local/lib/python3.8/site-packages/airflow/example_dags/tutorial_dag.py took 0.926 seconds
[2024-04-27T14:12:14.802+0000] {processor.py:157} INFO - Started process (PID=121) to work on /home/airflow/.local/lib/python3.8/site-packages/airflow/example_dags/tutorial_dag.py
[2024-04-27T14:12:14.803+0000] {processor.py:829} INFO - Processing file /home/airflow/.local/lib/python3.8/site-packages/airflow/example_dags/tutorial_dag.py for tasks to queue
[2024-04-27T14:12:14.812+0000] {logging_mixin.py:151} INFO - [2024-04-27T14:12:14.811+0000] {dagbag.py:539} INFO - Filling up the DagBag from /home/airflow/.local/lib/python3.8/site-packages/airflow/example_dags/tutorial_dag.py
[2024-04-27T14:12:14.820+0000] {processor.py:839} INFO - DAG(s) dict_keys(['tutorial_dag']) retrieved from /home/airflow/.local/lib/python3.8/site-packages/airflow/example_dags/tutorial_dag.py
[2024-04-27T14:12:14.856+0000] {logging_mixin.py:151} INFO - [2024-04-27T14:12:14.856+0000] {dag.py:2907} INFO - Sync 1 DAGs
[2024-04-27T14:12:14.880+0000] {logging_mixin.py:151} INFO - [2024-04-27T14:12:14.879+0000] {dag.py:3677} INFO - Setting next_dagrun for tutorial_dag to None, run_after=None
[2024-04-27T14:12:14.913+0000] {processor.py:179} INFO - Processing /home/airflow/.local/lib/python3.8/site-packages/airflow/example_dags/tutorial_dag.py took 0.117 seconds
[2024-04-27T14:12:45.283+0000] {processor.py:157} INFO - Started process (PID=183) to work on /home/airflow/.local/lib/python3.8/site-packages/airflow/example_dags/tutorial_dag.py
[2024-04-27T14:12:45.284+0000] {processor.py:829} INFO - Processing file /home/airflow/.local/lib/python3.8/site-packages/airflow/example_dags/tutorial_dag.py for tasks to queue
[2024-04-27T14:12:45.286+0000] {logging_mixin.py:151} INFO - [2024-04-27T14:12:45.286+0000] {dagbag.py:539} INFO - Filling up the DagBag from /home/airflow/.local/lib/python3.8/site-packages/airflow/example_dags/tutorial_dag.py
[2024-04-27T14:12:45.293+0000] {processor.py:839} INFO - DAG(s) dict_keys(['tutorial_dag']) retrieved from /home/airflow/.local/lib/python3.8/site-packages/airflow/example_dags/tutorial_dag.py
[2024-04-27T14:12:45.324+0000] {logging_mixin.py:151} INFO - [2024-04-27T14:12:45.323+0000] {dag.py:2907} INFO - Sync 1 DAGs
[2024-04-27T14:12:45.343+0000] {logging_mixin.py:151} INFO - [2024-04-27T14:12:45.343+0000] {dag.py:3677} INFO - Setting next_dagrun for tutorial_dag to None, run_after=None
[2024-04-27T14:12:45.369+0000] {processor.py:179} INFO - Processing /home/airflow/.local/lib/python3.8/site-packages/airflow/example_dags/tutorial_dag.py took 0.091 seconds
[2024-04-27T14:13:15.517+0000] {processor.py:157} INFO - Started process (PID=245) to work on /home/airflow/.local/lib/python3.8/site-packages/airflow/example_dags/tutorial_dag.py
[2024-04-27T14:13:15.518+0000] {processor.py:829} INFO - Processing file /home/airflow/.local/lib/python3.8/site-packages/airflow/example_dags/tutorial_dag.py for tasks to queue
[2024-04-27T14:13:15.521+0000] {logging_mixin.py:151} INFO - [2024-04-27T14:13:15.521+0000] {dagbag.py:539} INFO - Filling up the DagBag from /home/airflow/.local/lib/python3.8/site-packages/airflow/example_dags/tutorial_dag.py
[2024-04-27T14:13:15.530+0000] {processor.py:839} INFO - DAG(s) dict_keys(['tutorial_dag']) retrieved from /home/airflow/.local/lib/python3.8/site-packages/airflow/example_dags/tutorial_dag.py
[2024-04-27T14:13:15.579+0000] {logging_mixin.py:151} INFO - [2024-04-27T14:13:15.578+0000] {dag.py:2907} INFO - Sync 1 DAGs
[2024-04-27T14:13:15.602+0000] {logging_mixin.py:151} INFO - [2024-04-27T14:13:15.602+0000] {dag.py:3677} INFO - Setting next_dagrun for tutorial_dag to None, run_after=None
[2024-04-27T14:13:15.633+0000] {processor.py:179} INFO - Processing /home/airflow/.local/lib/python3.8/site-packages/airflow/example_dags/tutorial_dag.py took 0.121 seconds
[2024-04-27T14:13:45.893+0000] {processor.py:157} INFO - Started process (PID=307) to work on /home/airflow/.local/lib/python3.8/site-packages/airflow/example_dags/tutorial_dag.py
[2024-04-27T14:13:45.894+0000] {processor.py:829} INFO - Processing file /home/airflow/.local/lib/python3.8/site-packages/airflow/example_dags/tutorial_dag.py for tasks to queue
[2024-04-27T14:13:45.897+0000] {logging_mixin.py:151} INFO - [2024-04-27T14:13:45.897+0000] {dagbag.py:539} INFO - Filling up the DagBag from /home/airflow/.local/lib/python3.8/site-packages/airflow/example_dags/tutorial_dag.py
[2024-04-27T14:13:45.906+0000] {processor.py:839} INFO - DAG(s) dict_keys(['tutorial_dag']) retrieved from /home/airflow/.local/lib/python3.8/site-packages/airflow/example_dags/tutorial_dag.py
[2024-04-27T14:13:45.939+0000] {logging_mixin.py:151} INFO - [2024-04-27T14:13:45.939+0000] {dag.py:2907} INFO - Sync 1 DAGs
[2024-04-27T14:13:45.962+0000] {logging_mixin.py:151} INFO - [2024-04-27T14:13:45.961+0000] {dag.py:3677} INFO - Setting next_dagrun for tutorial_dag to None, run_after=None
[2024-04-27T14:13:45.992+0000] {processor.py:179} INFO - Processing /home/airflow/.local/lib/python3.8/site-packages/airflow/example_dags/tutorial_dag.py took 0.105 seconds
[2024-04-27T14:14:16.171+0000] {processor.py:157} INFO - Started process (PID=379) to work on /home/airflow/.local/lib/python3.8/site-packages/airflow/example_dags/tutorial_dag.py
[2024-04-27T14:14:16.172+0000] {processor.py:829} INFO - Processing file /home/airflow/.local/lib/python3.8/site-packages/airflow/example_dags/tutorial_dag.py for tasks to queue
[2024-04-27T14:14:16.175+0000] {logging_mixin.py:151} INFO - [2024-04-27T14:14:16.175+0000] {dagbag.py:539} INFO - Filling up the DagBag from /home/airflow/.local/lib/python3.8/site-packages/airflow/example_dags/tutorial_dag.py
[2024-04-27T14:14:16.182+0000] {processor.py:839} INFO - DAG(s) dict_keys(['tutorial_dag']) retrieved from /home/airflow/.local/lib/python3.8/site-packages/airflow/example_dags/tutorial_dag.py
[2024-04-27T14:14:16.206+0000] {logging_mixin.py:151} INFO - [2024-04-27T14:14:16.206+0000] {dag.py:2907} INFO - Sync 1 DAGs
[2024-04-27T14:14:16.222+0000] {logging_mixin.py:151} INFO - [2024-04-27T14:14:16.222+0000] {dag.py:3677} INFO - Setting next_dagrun for tutorial_dag to None, run_after=None
[2024-04-27T14:14:16.244+0000] {processor.py:179} INFO - Processing /home/airflow/.local/lib/python3.8/site-packages/airflow/example_dags/tutorial_dag.py took 0.078 seconds
[2024-04-27T14:14:47.915+0000] {processor.py:157} INFO - Started process (PID=443) to work on /home/airflow/.local/lib/python3.8/site-packages/airflow/example_dags/tutorial_dag.py
[2024-04-27T14:14:47.916+0000] {processor.py:829} INFO - Processing file /home/airflow/.local/lib/python3.8/site-packages/airflow/example_dags/tutorial_dag.py for tasks to queue
[2024-04-27T14:14:47.919+0000] {logging_mixin.py:151} INFO - [2024-04-27T14:14:47.919+0000] {dagbag.py:539} INFO - Filling up the DagBag from /home/airflow/.local/lib/python3.8/site-packages/airflow/example_dags/tutorial_dag.py
[2024-04-27T14:14:47.928+0000] {processor.py:839} INFO - DAG(s) dict_keys(['tutorial_dag']) retrieved from /home/airflow/.local/lib/python3.8/site-packages/airflow/example_dags/tutorial_dag.py
[2024-04-27T14:14:47.962+0000] {logging_mixin.py:151} INFO - [2024-04-27T14:14:47.962+0000] {dag.py:2907} INFO - Sync 1 DAGs
[2024-04-27T14:14:47.986+0000] {logging_mixin.py:151} INFO - [2024-04-27T14:14:47.985+0000] {dag.py:3677} INFO - Setting next_dagrun for tutorial_dag to None, run_after=None
[2024-04-27T14:14:48.017+0000] {processor.py:179} INFO - Processing /home/airflow/.local/lib/python3.8/site-packages/airflow/example_dags/tutorial_dag.py took 0.107 seconds
[2024-04-27T14:15:18.822+0000] {processor.py:157} INFO - Started process (PID=507) to work on /home/airflow/.local/lib/python3.8/site-packages/airflow/example_dags/tutorial_dag.py
[2024-04-27T14:15:18.823+0000] {processor.py:829} INFO - Processing file /home/airflow/.local/lib/python3.8/site-packages/airflow/example_dags/tutorial_dag.py for tasks to queue
[2024-04-27T14:15:18.825+0000] {logging_mixin.py:151} INFO - [2024-04-27T14:15:18.825+0000] {dagbag.py:539} INFO - Filling up the DagBag from /home/airflow/.local/lib/python3.8/site-packages/airflow/example_dags/tutorial_dag.py
[2024-04-27T14:15:18.832+0000] {processor.py:839} INFO - DAG(s) dict_keys(['tutorial_dag']) retrieved from /home/airflow/.local/lib/python3.8/site-packages/airflow/example_dags/tutorial_dag.py
[2024-04-27T14:15:18.858+0000] {logging_mixin.py:151} INFO - [2024-04-27T14:15:18.858+0000] {dag.py:2907} INFO - Sync 1 DAGs
[2024-04-27T14:15:18.877+0000] {logging_mixin.py:151} INFO - [2024-04-27T14:15:18.877+0000] {dag.py:3677} INFO - Setting next_dagrun for tutorial_dag to None, run_after=None
[2024-04-27T14:15:18.902+0000] {processor.py:179} INFO - Processing /home/airflow/.local/lib/python3.8/site-packages/airflow/example_dags/tutorial_dag.py took 0.084 seconds
[2024-04-27T14:15:49.542+0000] {processor.py:157} INFO - Started process (PID=581) to work on /home/airflow/.local/lib/python3.8/site-packages/airflow/example_dags/tutorial_dag.py
[2024-04-27T14:15:49.543+0000] {processor.py:829} INFO - Processing file /home/airflow/.local/lib/python3.8/site-packages/airflow/example_dags/tutorial_dag.py for tasks to queue
[2024-04-27T14:15:49.548+0000] {logging_mixin.py:151} INFO - [2024-04-27T14:15:49.547+0000] {dagbag.py:539} INFO - Filling up the DagBag from /home/airflow/.local/lib/python3.8/site-packages/airflow/example_dags/tutorial_dag.py
[2024-04-27T14:15:49.556+0000] {processor.py:839} INFO - DAG(s) dict_keys(['tutorial_dag']) retrieved from /home/airflow/.local/lib/python3.8/site-packages/airflow/example_dags/tutorial_dag.py
[2024-04-27T14:15:49.589+0000] {logging_mixin.py:151} INFO - [2024-04-27T14:15:49.589+0000] {dag.py:2907} INFO - Sync 1 DAGs
[2024-04-27T14:15:49.612+0000] {logging_mixin.py:151} INFO - [2024-04-27T14:15:49.612+0000] {dag.py:3677} INFO - Setting next_dagrun for tutorial_dag to None, run_after=None
[2024-04-27T14:15:49.648+0000] {processor.py:179} INFO - Processing /home/airflow/.local/lib/python3.8/site-packages/airflow/example_dags/tutorial_dag.py took 0.110 seconds
[2024-04-27T14:16:21.022+0000] {processor.py:157} INFO - Started process (PID=644) to work on /home/airflow/.local/lib/python3.8/site-packages/airflow/example_dags/tutorial_dag.py
[2024-04-27T14:16:21.023+0000] {processor.py:829} INFO - Processing file /home/airflow/.local/lib/python3.8/site-packages/airflow/example_dags/tutorial_dag.py for tasks to queue
[2024-04-27T14:16:21.026+0000] {logging_mixin.py:151} INFO - [2024-04-27T14:16:21.026+0000] {dagbag.py:539} INFO - Filling up the DagBag from /home/airflow/.local/lib/python3.8/site-packages/airflow/example_dags/tutorial_dag.py
[2024-04-27T14:16:21.035+0000] {processor.py:839} INFO - DAG(s) dict_keys(['tutorial_dag']) retrieved from /home/airflow/.local/lib/python3.8/site-packages/airflow/example_dags/tutorial_dag.py
[2024-04-27T14:16:21.067+0000] {logging_mixin.py:151} INFO - [2024-04-27T14:16:21.067+0000] {dag.py:2907} INFO - Sync 1 DAGs
[2024-04-27T14:16:21.090+0000] {logging_mixin.py:151} INFO - [2024-04-27T14:16:21.090+0000] {dag.py:3677} INFO - Setting next_dagrun for tutorial_dag to None, run_after=None
[2024-04-27T14:16:21.119+0000] {processor.py:179} INFO - Processing /home/airflow/.local/lib/python3.8/site-packages/airflow/example_dags/tutorial_dag.py took 0.102 seconds
[2024-04-27T14:16:52.071+0000] {processor.py:157} INFO - Started process (PID=709) to work on /home/airflow/.local/lib/python3.8/site-packages/airflow/example_dags/tutorial_dag.py
[2024-04-27T14:16:52.072+0000] {processor.py:829} INFO - Processing file /home/airflow/.local/lib/python3.8/site-packages/airflow/example_dags/tutorial_dag.py for tasks to queue
[2024-04-27T14:16:52.075+0000] {logging_mixin.py:151} INFO - [2024-04-27T14:16:52.074+0000] {dagbag.py:539} INFO - Filling up the DagBag from /home/airflow/.local/lib/python3.8/site-packages/airflow/example_dags/tutorial_dag.py
[2024-04-27T14:16:52.086+0000] {processor.py:839} INFO - DAG(s) dict_keys(['tutorial_dag']) retrieved from /home/airflow/.local/lib/python3.8/site-packages/airflow/example_dags/tutorial_dag.py
[2024-04-27T14:16:52.124+0000] {logging_mixin.py:151} INFO - [2024-04-27T14:16:52.124+0000] {dag.py:2907} INFO - Sync 1 DAGs
[2024-04-27T14:16:52.146+0000] {logging_mixin.py:151} INFO - [2024-04-27T14:16:52.146+0000] {dag.py:3677} INFO - Setting next_dagrun for tutorial_dag to None, run_after=None
[2024-04-27T14:16:52.179+0000] {processor.py:179} INFO - Processing /home/airflow/.local/lib/python3.8/site-packages/airflow/example_dags/tutorial_dag.py took 0.114 seconds
[2024-04-27T14:17:23.349+0000] {processor.py:157} INFO - Started process (PID=780) to work on /home/airflow/.local/lib/python3.8/site-packages/airflow/example_dags/tutorial_dag.py
[2024-04-27T14:17:23.350+0000] {processor.py:829} INFO - Processing file /home/airflow/.local/lib/python3.8/site-packages/airflow/example_dags/tutorial_dag.py for tasks to queue
[2024-04-27T14:17:23.354+0000] {logging_mixin.py:151} INFO - [2024-04-27T14:17:23.354+0000] {dagbag.py:539} INFO - Filling up the DagBag from /home/airflow/.local/lib/python3.8/site-packages/airflow/example_dags/tutorial_dag.py
[2024-04-27T14:17:23.365+0000] {processor.py:839} INFO - DAG(s) dict_keys(['tutorial_dag']) retrieved from /home/airflow/.local/lib/python3.8/site-packages/airflow/example_dags/tutorial_dag.py
[2024-04-27T14:17:23.410+0000] {logging_mixin.py:151} INFO - [2024-04-27T14:17:23.410+0000] {dag.py:2907} INFO - Sync 1 DAGs
[2024-04-27T14:17:23.442+0000] {logging_mixin.py:151} INFO - [2024-04-27T14:17:23.442+0000] {dag.py:3677} INFO - Setting next_dagrun for tutorial_dag to None, run_after=None
[2024-04-27T14:17:23.475+0000] {processor.py:179} INFO - Processing /home/airflow/.local/lib/python3.8/site-packages/airflow/example_dags/tutorial_dag.py took 0.134 seconds
[2024-04-27T14:17:54.458+0000] {processor.py:157} INFO - Started process (PID=844) to work on /home/airflow/.local/lib/python3.8/site-packages/airflow/example_dags/tutorial_dag.py
[2024-04-27T14:17:54.459+0000] {processor.py:829} INFO - Processing file /home/airflow/.local/lib/python3.8/site-packages/airflow/example_dags/tutorial_dag.py for tasks to queue
[2024-04-27T14:17:54.462+0000] {logging_mixin.py:151} INFO - [2024-04-27T14:17:54.462+0000] {dagbag.py:539} INFO - Filling up the DagBag from /home/airflow/.local/lib/python3.8/site-packages/airflow/example_dags/tutorial_dag.py
[2024-04-27T14:17:54.471+0000] {processor.py:839} INFO - DAG(s) dict_keys(['tutorial_dag']) retrieved from /home/airflow/.local/lib/python3.8/site-packages/airflow/example_dags/tutorial_dag.py
[2024-04-27T14:17:54.504+0000] {logging_mixin.py:151} INFO - [2024-04-27T14:17:54.503+0000] {dag.py:2907} INFO - Sync 1 DAGs
[2024-04-27T14:17:54.527+0000] {logging_mixin.py:151} INFO - [2024-04-27T14:17:54.526+0000] {dag.py:3677} INFO - Setting next_dagrun for tutorial_dag to None, run_after=None
[2024-04-27T14:17:54.560+0000] {processor.py:179} INFO - Processing /home/airflow/.local/lib/python3.8/site-packages/airflow/example_dags/tutorial_dag.py took 0.107 seconds
[2024-04-27T14:18:24.947+0000] {processor.py:157} INFO - Started process (PID=908) to work on /home/airflow/.local/lib/python3.8/site-packages/airflow/example_dags/tutorial_dag.py
[2024-04-27T14:18:24.948+0000] {processor.py:829} INFO - Processing file /home/airflow/.local/lib/python3.8/site-packages/airflow/example_dags/tutorial_dag.py for tasks to queue
[2024-04-27T14:18:24.951+0000] {logging_mixin.py:151} INFO - [2024-04-27T14:18:24.950+0000] {dagbag.py:539} INFO - Filling up the DagBag from /home/airflow/.local/lib/python3.8/site-packages/airflow/example_dags/tutorial_dag.py
[2024-04-27T14:18:24.957+0000] {processor.py:839} INFO - DAG(s) dict_keys(['tutorial_dag']) retrieved from /home/airflow/.local/lib/python3.8/site-packages/airflow/example_dags/tutorial_dag.py
[2024-04-27T14:18:24.983+0000] {logging_mixin.py:151} INFO - [2024-04-27T14:18:24.983+0000] {dag.py:2907} INFO - Sync 1 DAGs
[2024-04-27T14:18:25.001+0000] {logging_mixin.py:151} INFO - [2024-04-27T14:18:25.000+0000] {dag.py:3677} INFO - Setting next_dagrun for tutorial_dag to None, run_after=None
[2024-04-27T14:18:25.024+0000] {processor.py:179} INFO - Processing /home/airflow/.local/lib/python3.8/site-packages/airflow/example_dags/tutorial_dag.py took 0.080 seconds
[2024-04-27T14:18:55.751+0000] {processor.py:157} INFO - Started process (PID=970) to work on /home/airflow/.local/lib/python3.8/site-packages/airflow/example_dags/tutorial_dag.py
[2024-04-27T14:18:55.751+0000] {processor.py:829} INFO - Processing file /home/airflow/.local/lib/python3.8/site-packages/airflow/example_dags/tutorial_dag.py for tasks to queue
[2024-04-27T14:18:55.754+0000] {logging_mixin.py:151} INFO - [2024-04-27T14:18:55.753+0000] {dagbag.py:539} INFO - Filling up the DagBag from /home/airflow/.local/lib/python3.8/site-packages/airflow/example_dags/tutorial_dag.py
[2024-04-27T14:18:55.761+0000] {processor.py:839} INFO - DAG(s) dict_keys(['tutorial_dag']) retrieved from /home/airflow/.local/lib/python3.8/site-packages/airflow/example_dags/tutorial_dag.py
[2024-04-27T14:18:55.794+0000] {logging_mixin.py:151} INFO - [2024-04-27T14:18:55.794+0000] {dag.py:2907} INFO - Sync 1 DAGs
[2024-04-27T14:18:55.811+0000] {logging_mixin.py:151} INFO - [2024-04-27T14:18:55.811+0000] {dag.py:3677} INFO - Setting next_dagrun for tutorial_dag to None, run_after=None
[2024-04-27T14:18:55.842+0000] {processor.py:179} INFO - Processing /home/airflow/.local/lib/python3.8/site-packages/airflow/example_dags/tutorial_dag.py took 0.095 seconds
[2024-04-27T14:19:26.826+0000] {processor.py:157} INFO - Started process (PID=1041) to work on /home/airflow/.local/lib/python3.8/site-packages/airflow/example_dags/tutorial_dag.py
[2024-04-27T14:19:26.827+0000] {processor.py:829} INFO - Processing file /home/airflow/.local/lib/python3.8/site-packages/airflow/example_dags/tutorial_dag.py for tasks to queue
[2024-04-27T14:19:26.830+0000] {logging_mixin.py:151} INFO - [2024-04-27T14:19:26.830+0000] {dagbag.py:539} INFO - Filling up the DagBag from /home/airflow/.local/lib/python3.8/site-packages/airflow/example_dags/tutorial_dag.py
[2024-04-27T14:19:26.839+0000] {processor.py:839} INFO - DAG(s) dict_keys(['tutorial_dag']) retrieved from /home/airflow/.local/lib/python3.8/site-packages/airflow/example_dags/tutorial_dag.py
[2024-04-27T14:19:26.872+0000] {logging_mixin.py:151} INFO - [2024-04-27T14:19:26.872+0000] {dag.py:2907} INFO - Sync 1 DAGs
[2024-04-27T14:19:26.896+0000] {logging_mixin.py:151} INFO - [2024-04-27T14:19:26.896+0000] {dag.py:3677} INFO - Setting next_dagrun for tutorial_dag to None, run_after=None
[2024-04-27T14:19:26.926+0000] {processor.py:179} INFO - Processing /home/airflow/.local/lib/python3.8/site-packages/airflow/example_dags/tutorial_dag.py took 0.105 seconds
[2024-04-27T14:19:57.848+0000] {processor.py:157} INFO - Started process (PID=1104) to work on /home/airflow/.local/lib/python3.8/site-packages/airflow/example_dags/tutorial_dag.py
[2024-04-27T14:19:57.849+0000] {processor.py:829} INFO - Processing file /home/airflow/.local/lib/python3.8/site-packages/airflow/example_dags/tutorial_dag.py for tasks to queue
[2024-04-27T14:19:57.852+0000] {logging_mixin.py:151} INFO - [2024-04-27T14:19:57.852+0000] {dagbag.py:539} INFO - Filling up the DagBag from /home/airflow/.local/lib/python3.8/site-packages/airflow/example_dags/tutorial_dag.py
[2024-04-27T14:19:57.861+0000] {processor.py:839} INFO - DAG(s) dict_keys(['tutorial_dag']) retrieved from /home/airflow/.local/lib/python3.8/site-packages/airflow/example_dags/tutorial_dag.py
[2024-04-27T14:19:57.892+0000] {logging_mixin.py:151} INFO - [2024-04-27T14:19:57.892+0000] {dag.py:2907} INFO - Sync 1 DAGs
[2024-04-27T14:19:57.915+0000] {logging_mixin.py:151} INFO - [2024-04-27T14:19:57.914+0000] {dag.py:3677} INFO - Setting next_dagrun for tutorial_dag to None, run_after=None
[2024-04-27T14:19:57.944+0000] {processor.py:179} INFO - Processing /home/airflow/.local/lib/python3.8/site-packages/airflow/example_dags/tutorial_dag.py took 0.101 seconds
[2024-04-27T14:20:28.064+0000] {processor.py:157} INFO - Started process (PID=1167) to work on /home/airflow/.local/lib/python3.8/site-packages/airflow/example_dags/tutorial_dag.py
[2024-04-27T14:20:28.065+0000] {processor.py:829} INFO - Processing file /home/airflow/.local/lib/python3.8/site-packages/airflow/example_dags/tutorial_dag.py for tasks to queue
[2024-04-27T14:20:28.068+0000] {logging_mixin.py:151} INFO - [2024-04-27T14:20:28.067+0000] {dagbag.py:539} INFO - Filling up the DagBag from /home/airflow/.local/lib/python3.8/site-packages/airflow/example_dags/tutorial_dag.py
[2024-04-27T14:20:28.074+0000] {processor.py:839} INFO - DAG(s) dict_keys(['tutorial_dag']) retrieved from /home/airflow/.local/lib/python3.8/site-packages/airflow/example_dags/tutorial_dag.py
[2024-04-27T14:20:28.100+0000] {logging_mixin.py:151} INFO - [2024-04-27T14:20:28.100+0000] {dag.py:2907} INFO - Sync 1 DAGs
[2024-04-27T14:20:28.118+0000] {logging_mixin.py:151} INFO - [2024-04-27T14:20:28.118+0000] {dag.py:3677} INFO - Setting next_dagrun for tutorial_dag to None, run_after=None
[2024-04-27T14:20:28.142+0000] {processor.py:179} INFO - Processing /home/airflow/.local/lib/python3.8/site-packages/airflow/example_dags/tutorial_dag.py took 0.083 seconds
[2024-04-27T14:20:58.266+0000] {processor.py:157} INFO - Started process (PID=1239) to work on /home/airflow/.local/lib/python3.8/site-packages/airflow/example_dags/tutorial_dag.py
[2024-04-27T14:20:58.267+0000] {processor.py:829} INFO - Processing file /home/airflow/.local/lib/python3.8/site-packages/airflow/example_dags/tutorial_dag.py for tasks to queue
[2024-04-27T14:20:58.270+0000] {logging_mixin.py:151} INFO - [2024-04-27T14:20:58.270+0000] {dagbag.py:539} INFO - Filling up the DagBag from /home/airflow/.local/lib/python3.8/site-packages/airflow/example_dags/tutorial_dag.py
[2024-04-27T14:20:58.279+0000] {processor.py:839} INFO - DAG(s) dict_keys(['tutorial_dag']) retrieved from /home/airflow/.local/lib/python3.8/site-packages/airflow/example_dags/tutorial_dag.py
[2024-04-27T14:20:58.326+0000] {logging_mixin.py:151} INFO - [2024-04-27T14:20:58.325+0000] {dag.py:2907} INFO - Sync 1 DAGs
[2024-04-27T14:20:58.362+0000] {logging_mixin.py:151} INFO - [2024-04-27T14:20:58.361+0000] {dag.py:3677} INFO - Setting next_dagrun for tutorial_dag to None, run_after=None
[2024-04-27T14:20:58.429+0000] {processor.py:179} INFO - Processing /home/airflow/.local/lib/python3.8/site-packages/airflow/example_dags/tutorial_dag.py took 0.169 seconds
[2024-04-27T14:21:28.651+0000] {processor.py:157} INFO - Started process (PID=1303) to work on /home/airflow/.local/lib/python3.8/site-packages/airflow/example_dags/tutorial_dag.py
[2024-04-27T14:21:28.652+0000] {processor.py:829} INFO - Processing file /home/airflow/.local/lib/python3.8/site-packages/airflow/example_dags/tutorial_dag.py for tasks to queue
[2024-04-27T14:21:28.655+0000] {logging_mixin.py:151} INFO - [2024-04-27T14:21:28.655+0000] {dagbag.py:539} INFO - Filling up the DagBag from /home/airflow/.local/lib/python3.8/site-packages/airflow/example_dags/tutorial_dag.py
[2024-04-27T14:21:28.663+0000] {processor.py:839} INFO - DAG(s) dict_keys(['tutorial_dag']) retrieved from /home/airflow/.local/lib/python3.8/site-packages/airflow/example_dags/tutorial_dag.py
[2024-04-27T14:21:28.696+0000] {logging_mixin.py:151} INFO - [2024-04-27T14:21:28.695+0000] {dag.py:2907} INFO - Sync 1 DAGs
[2024-04-27T14:21:28.718+0000] {logging_mixin.py:151} INFO - [2024-04-27T14:21:28.718+0000] {dag.py:3677} INFO - Setting next_dagrun for tutorial_dag to None, run_after=None
[2024-04-27T14:21:28.748+0000] {processor.py:179} INFO - Processing /home/airflow/.local/lib/python3.8/site-packages/airflow/example_dags/tutorial_dag.py took 0.103 seconds
[2024-04-27T14:21:58.852+0000] {processor.py:157} INFO - Started process (PID=1367) to work on /home/airflow/.local/lib/python3.8/site-packages/airflow/example_dags/tutorial_dag.py
[2024-04-27T14:21:58.853+0000] {processor.py:829} INFO - Processing file /home/airflow/.local/lib/python3.8/site-packages/airflow/example_dags/tutorial_dag.py for tasks to queue
[2024-04-27T14:21:58.857+0000] {logging_mixin.py:151} INFO - [2024-04-27T14:21:58.857+0000] {dagbag.py:539} INFO - Filling up the DagBag from /home/airflow/.local/lib/python3.8/site-packages/airflow/example_dags/tutorial_dag.py
[2024-04-27T14:21:58.865+0000] {processor.py:839} INFO - DAG(s) dict_keys(['tutorial_dag']) retrieved from /home/airflow/.local/lib/python3.8/site-packages/airflow/example_dags/tutorial_dag.py
[2024-04-27T14:21:58.895+0000] {logging_mixin.py:151} INFO - [2024-04-27T14:21:58.895+0000] {dag.py:2907} INFO - Sync 1 DAGs
[2024-04-27T14:21:58.915+0000] {logging_mixin.py:151} INFO - [2024-04-27T14:21:58.915+0000] {dag.py:3677} INFO - Setting next_dagrun for tutorial_dag to None, run_after=None
[2024-04-27T14:21:58.938+0000] {processor.py:179} INFO - Processing /home/airflow/.local/lib/python3.8/site-packages/airflow/example_dags/tutorial_dag.py took 0.092 seconds
[2024-04-27T14:22:29.295+0000] {processor.py:157} INFO - Started process (PID=1441) to work on /home/airflow/.local/lib/python3.8/site-packages/airflow/example_dags/tutorial_dag.py
[2024-04-27T14:22:29.296+0000] {processor.py:829} INFO - Processing file /home/airflow/.local/lib/python3.8/site-packages/airflow/example_dags/tutorial_dag.py for tasks to queue
[2024-04-27T14:22:29.299+0000] {logging_mixin.py:151} INFO - [2024-04-27T14:22:29.298+0000] {dagbag.py:539} INFO - Filling up the DagBag from /home/airflow/.local/lib/python3.8/site-packages/airflow/example_dags/tutorial_dag.py
[2024-04-27T14:22:29.307+0000] {processor.py:839} INFO - DAG(s) dict_keys(['tutorial_dag']) retrieved from /home/airflow/.local/lib/python3.8/site-packages/airflow/example_dags/tutorial_dag.py
[2024-04-27T14:22:29.366+0000] {logging_mixin.py:151} INFO - [2024-04-27T14:22:29.365+0000] {dag.py:2907} INFO - Sync 1 DAGs
[2024-04-27T14:22:29.388+0000] {logging_mixin.py:151} INFO - [2024-04-27T14:22:29.388+0000] {dag.py:3677} INFO - Setting next_dagrun for tutorial_dag to None, run_after=None
[2024-04-27T14:22:29.415+0000] {processor.py:179} INFO - Processing /home/airflow/.local/lib/python3.8/site-packages/airflow/example_dags/tutorial_dag.py took 0.126 seconds
[2024-04-27T14:22:59.706+0000] {processor.py:157} INFO - Started process (PID=1504) to work on /home/airflow/.local/lib/python3.8/site-packages/airflow/example_dags/tutorial_dag.py
[2024-04-27T14:22:59.708+0000] {processor.py:829} INFO - Processing file /home/airflow/.local/lib/python3.8/site-packages/airflow/example_dags/tutorial_dag.py for tasks to queue
[2024-04-27T14:22:59.711+0000] {logging_mixin.py:151} INFO - [2024-04-27T14:22:59.711+0000] {dagbag.py:539} INFO - Filling up the DagBag from /home/airflow/.local/lib/python3.8/site-packages/airflow/example_dags/tutorial_dag.py
[2024-04-27T14:22:59.721+0000] {processor.py:839} INFO - DAG(s) dict_keys(['tutorial_dag']) retrieved from /home/airflow/.local/lib/python3.8/site-packages/airflow/example_dags/tutorial_dag.py
[2024-04-27T14:22:59.747+0000] {logging_mixin.py:151} INFO - [2024-04-27T14:22:59.747+0000] {dag.py:2907} INFO - Sync 1 DAGs
[2024-04-27T14:22:59.763+0000] {logging_mixin.py:151} INFO - [2024-04-27T14:22:59.762+0000] {dag.py:3677} INFO - Setting next_dagrun for tutorial_dag to None, run_after=None
[2024-04-27T14:22:59.783+0000] {processor.py:179} INFO - Processing /home/airflow/.local/lib/python3.8/site-packages/airflow/example_dags/tutorial_dag.py took 0.091 seconds
[2024-04-27T14:23:29.940+0000] {processor.py:157} INFO - Started process (PID=1574) to work on /home/airflow/.local/lib/python3.8/site-packages/airflow/example_dags/tutorial_dag.py
[2024-04-27T14:23:29.941+0000] {processor.py:829} INFO - Processing file /home/airflow/.local/lib/python3.8/site-packages/airflow/example_dags/tutorial_dag.py for tasks to queue
[2024-04-27T14:23:29.944+0000] {logging_mixin.py:151} INFO - [2024-04-27T14:23:29.943+0000] {dagbag.py:539} INFO - Filling up the DagBag from /home/airflow/.local/lib/python3.8/site-packages/airflow/example_dags/tutorial_dag.py
[2024-04-27T14:23:29.950+0000] {processor.py:839} INFO - DAG(s) dict_keys(['tutorial_dag']) retrieved from /home/airflow/.local/lib/python3.8/site-packages/airflow/example_dags/tutorial_dag.py
[2024-04-27T14:23:29.977+0000] {logging_mixin.py:151} INFO - [2024-04-27T14:23:29.977+0000] {dag.py:2907} INFO - Sync 1 DAGs
[2024-04-27T14:23:29.993+0000] {logging_mixin.py:151} INFO - [2024-04-27T14:23:29.993+0000] {dag.py:3677} INFO - Setting next_dagrun for tutorial_dag to None, run_after=None
[2024-04-27T14:23:30.015+0000] {processor.py:179} INFO - Processing /home/airflow/.local/lib/python3.8/site-packages/airflow/example_dags/tutorial_dag.py took 0.081 seconds
[2024-04-27T14:24:00.736+0000] {processor.py:157} INFO - Started process (PID=1641) to work on /home/airflow/.local/lib/python3.8/site-packages/airflow/example_dags/tutorial_dag.py
[2024-04-27T14:24:00.738+0000] {processor.py:829} INFO - Processing file /home/airflow/.local/lib/python3.8/site-packages/airflow/example_dags/tutorial_dag.py for tasks to queue
[2024-04-27T14:24:00.741+0000] {logging_mixin.py:151} INFO - [2024-04-27T14:24:00.740+0000] {dagbag.py:539} INFO - Filling up the DagBag from /home/airflow/.local/lib/python3.8/site-packages/airflow/example_dags/tutorial_dag.py
[2024-04-27T14:24:00.749+0000] {processor.py:839} INFO - DAG(s) dict_keys(['tutorial_dag']) retrieved from /home/airflow/.local/lib/python3.8/site-packages/airflow/example_dags/tutorial_dag.py
[2024-04-27T14:24:00.780+0000] {logging_mixin.py:151} INFO - [2024-04-27T14:24:00.780+0000] {dag.py:2907} INFO - Sync 1 DAGs
[2024-04-27T14:24:00.802+0000] {logging_mixin.py:151} INFO - [2024-04-27T14:24:00.802+0000] {dag.py:3677} INFO - Setting next_dagrun for tutorial_dag to None, run_after=None
[2024-04-27T14:24:00.831+0000] {processor.py:179} INFO - Processing /home/airflow/.local/lib/python3.8/site-packages/airflow/example_dags/tutorial_dag.py took 0.100 seconds
[2024-04-27T14:24:31.108+0000] {processor.py:157} INFO - Started process (PID=1705) to work on /home/airflow/.local/lib/python3.8/site-packages/airflow/example_dags/tutorial_dag.py
[2024-04-27T14:24:31.109+0000] {processor.py:829} INFO - Processing file /home/airflow/.local/lib/python3.8/site-packages/airflow/example_dags/tutorial_dag.py for tasks to queue
[2024-04-27T14:24:31.111+0000] {logging_mixin.py:151} INFO - [2024-04-27T14:24:31.111+0000] {dagbag.py:539} INFO - Filling up the DagBag from /home/airflow/.local/lib/python3.8/site-packages/airflow/example_dags/tutorial_dag.py
[2024-04-27T14:24:31.118+0000] {processor.py:839} INFO - DAG(s) dict_keys(['tutorial_dag']) retrieved from /home/airflow/.local/lib/python3.8/site-packages/airflow/example_dags/tutorial_dag.py
[2024-04-27T14:24:31.142+0000] {logging_mixin.py:151} INFO - [2024-04-27T14:24:31.142+0000] {dag.py:2907} INFO - Sync 1 DAGs
[2024-04-27T14:24:31.158+0000] {logging_mixin.py:151} INFO - [2024-04-27T14:24:31.158+0000] {dag.py:3677} INFO - Setting next_dagrun for tutorial_dag to None, run_after=None
[2024-04-27T14:24:31.180+0000] {processor.py:179} INFO - Processing /home/airflow/.local/lib/python3.8/site-packages/airflow/example_dags/tutorial_dag.py took 0.077 seconds
[2024-04-27T14:25:01.912+0000] {processor.py:157} INFO - Started process (PID=1778) to work on /home/airflow/.local/lib/python3.8/site-packages/airflow/example_dags/tutorial_dag.py
[2024-04-27T14:25:01.914+0000] {processor.py:829} INFO - Processing file /home/airflow/.local/lib/python3.8/site-packages/airflow/example_dags/tutorial_dag.py for tasks to queue
[2024-04-27T14:25:01.917+0000] {logging_mixin.py:151} INFO - [2024-04-27T14:25:01.917+0000] {dagbag.py:539} INFO - Filling up the DagBag from /home/airflow/.local/lib/python3.8/site-packages/airflow/example_dags/tutorial_dag.py
[2024-04-27T14:25:01.942+0000] {processor.py:839} INFO - DAG(s) dict_keys(['tutorial_dag']) retrieved from /home/airflow/.local/lib/python3.8/site-packages/airflow/example_dags/tutorial_dag.py
[2024-04-27T14:25:01.980+0000] {logging_mixin.py:151} INFO - [2024-04-27T14:25:01.980+0000] {dag.py:2907} INFO - Sync 1 DAGs
[2024-04-27T14:25:02.003+0000] {logging_mixin.py:151} INFO - [2024-04-27T14:25:02.003+0000] {dag.py:3677} INFO - Setting next_dagrun for tutorial_dag to None, run_after=None
[2024-04-27T14:25:02.034+0000] {processor.py:179} INFO - Processing /home/airflow/.local/lib/python3.8/site-packages/airflow/example_dags/tutorial_dag.py took 0.142 seconds
[2024-04-27T14:25:32.429+0000] {processor.py:157} INFO - Started process (PID=1843) to work on /home/airflow/.local/lib/python3.8/site-packages/airflow/example_dags/tutorial_dag.py
[2024-04-27T14:25:32.430+0000] {processor.py:829} INFO - Processing file /home/airflow/.local/lib/python3.8/site-packages/airflow/example_dags/tutorial_dag.py for tasks to queue
[2024-04-27T14:25:32.433+0000] {logging_mixin.py:151} INFO - [2024-04-27T14:25:32.433+0000] {dagbag.py:539} INFO - Filling up the DagBag from /home/airflow/.local/lib/python3.8/site-packages/airflow/example_dags/tutorial_dag.py
[2024-04-27T14:25:32.442+0000] {processor.py:839} INFO - DAG(s) dict_keys(['tutorial_dag']) retrieved from /home/airflow/.local/lib/python3.8/site-packages/airflow/example_dags/tutorial_dag.py
[2024-04-27T14:25:32.474+0000] {logging_mixin.py:151} INFO - [2024-04-27T14:25:32.474+0000] {dag.py:2907} INFO - Sync 1 DAGs
[2024-04-27T14:25:32.491+0000] {logging_mixin.py:151} INFO - [2024-04-27T14:25:32.491+0000] {dag.py:3677} INFO - Setting next_dagrun for tutorial_dag to None, run_after=None
[2024-04-27T14:25:32.517+0000] {processor.py:179} INFO - Processing /home/airflow/.local/lib/python3.8/site-packages/airflow/example_dags/tutorial_dag.py took 0.094 seconds
