[2024-04-27T13:44:17.536+0000] {processor.py:153} INFO - Started process (PID=56) to work on /home/airflow/.local/lib/python3.7/site-packages/airflow/example_dags/tutorial.py
[2024-04-27T13:44:17.537+0000] {processor.py:743} INFO - Processing file /home/airflow/.local/lib/python3.7/site-packages/airflow/example_dags/tutorial.py for tasks to queue
[2024-04-27T13:44:17.538+0000] {logging_mixin.py:137} INFO - [2024-04-27T13:44:17.538+0000] {dagbag.py:538} INFO - Filling up the DagBag from /home/airflow/.local/lib/python3.7/site-packages/airflow/example_dags/tutorial.py
[2024-04-27T13:44:17.563+0000] {processor.py:753} INFO - DAG(s) dict_keys(['tutorial']) retrieved from /home/airflow/.local/lib/python3.7/site-packages/airflow/example_dags/tutorial.py
[2024-04-27T13:44:17.616+0000] {logging_mixin.py:137} INFO - [2024-04-27T13:44:17.616+0000] {dag.py:2690} INFO - Sync 1 DAGs
[2024-04-27T13:44:17.681+0000] {logging_mixin.py:137} INFO - [2024-04-27T13:44:17.681+0000] {dag.py:3441} INFO - Setting next_dagrun for tutorial to 2024-04-26T13:44:17.679726+00:00, run_after=2024-04-27T13:44:17.679726+00:00
[2024-04-27T13:44:17.763+0000] {processor.py:175} INFO - Processing /home/airflow/.local/lib/python3.7/site-packages/airflow/example_dags/tutorial.py took 0.232 seconds
[2024-04-27T13:44:47.846+0000] {processor.py:153} INFO - Started process (PID=119) to work on /home/airflow/.local/lib/python3.7/site-packages/airflow/example_dags/tutorial.py
[2024-04-27T13:44:47.847+0000] {processor.py:743} INFO - Processing file /home/airflow/.local/lib/python3.7/site-packages/airflow/example_dags/tutorial.py for tasks to queue
[2024-04-27T13:44:47.847+0000] {logging_mixin.py:137} INFO - [2024-04-27T13:44:47.847+0000] {dagbag.py:538} INFO - Filling up the DagBag from /home/airflow/.local/lib/python3.7/site-packages/airflow/example_dags/tutorial.py
[2024-04-27T13:44:47.865+0000] {processor.py:753} INFO - DAG(s) dict_keys(['tutorial']) retrieved from /home/airflow/.local/lib/python3.7/site-packages/airflow/example_dags/tutorial.py
[2024-04-27T13:44:47.895+0000] {logging_mixin.py:137} INFO - [2024-04-27T13:44:47.895+0000] {dag.py:2690} INFO - Sync 1 DAGs
[2024-04-27T13:44:47.927+0000] {logging_mixin.py:137} INFO - [2024-04-27T13:44:47.927+0000] {dag.py:3441} INFO - Setting next_dagrun for tutorial to 2024-04-26T13:44:47.926949+00:00, run_after=2024-04-27T13:44:47.926949+00:00
[2024-04-27T13:44:47.950+0000] {processor.py:175} INFO - Processing /home/airflow/.local/lib/python3.7/site-packages/airflow/example_dags/tutorial.py took 0.107 seconds
[2024-04-27T13:45:18.252+0000] {processor.py:153} INFO - Started process (PID=183) to work on /home/airflow/.local/lib/python3.7/site-packages/airflow/example_dags/tutorial.py
[2024-04-27T13:45:18.253+0000] {processor.py:743} INFO - Processing file /home/airflow/.local/lib/python3.7/site-packages/airflow/example_dags/tutorial.py for tasks to queue
[2024-04-27T13:45:18.254+0000] {logging_mixin.py:137} INFO - [2024-04-27T13:45:18.254+0000] {dagbag.py:538} INFO - Filling up the DagBag from /home/airflow/.local/lib/python3.7/site-packages/airflow/example_dags/tutorial.py
[2024-04-27T13:45:18.278+0000] {processor.py:753} INFO - DAG(s) dict_keys(['tutorial']) retrieved from /home/airflow/.local/lib/python3.7/site-packages/airflow/example_dags/tutorial.py
[2024-04-27T13:45:18.320+0000] {logging_mixin.py:137} INFO - [2024-04-27T13:45:18.320+0000] {dag.py:2690} INFO - Sync 1 DAGs
[2024-04-27T13:45:18.364+0000] {logging_mixin.py:137} INFO - [2024-04-27T13:45:18.364+0000] {dag.py:3441} INFO - Setting next_dagrun for tutorial to 2024-04-26T13:45:18.364063+00:00, run_after=2024-04-27T13:45:18.364063+00:00
[2024-04-27T13:45:18.389+0000] {processor.py:175} INFO - Processing /home/airflow/.local/lib/python3.7/site-packages/airflow/example_dags/tutorial.py took 0.143 seconds
[2024-04-27T13:45:49.083+0000] {processor.py:153} INFO - Started process (PID=255) to work on /home/airflow/.local/lib/python3.7/site-packages/airflow/example_dags/tutorial.py
[2024-04-27T13:45:49.084+0000] {processor.py:743} INFO - Processing file /home/airflow/.local/lib/python3.7/site-packages/airflow/example_dags/tutorial.py for tasks to queue
[2024-04-27T13:45:49.085+0000] {logging_mixin.py:137} INFO - [2024-04-27T13:45:49.085+0000] {dagbag.py:538} INFO - Filling up the DagBag from /home/airflow/.local/lib/python3.7/site-packages/airflow/example_dags/tutorial.py
[2024-04-27T13:45:49.110+0000] {processor.py:753} INFO - DAG(s) dict_keys(['tutorial']) retrieved from /home/airflow/.local/lib/python3.7/site-packages/airflow/example_dags/tutorial.py
[2024-04-27T13:45:49.156+0000] {logging_mixin.py:137} INFO - [2024-04-27T13:45:49.156+0000] {dag.py:2690} INFO - Sync 1 DAGs
[2024-04-27T13:45:49.213+0000] {logging_mixin.py:137} INFO - [2024-04-27T13:45:49.213+0000] {dag.py:3441} INFO - Setting next_dagrun for tutorial to 2024-04-26T13:45:49.213294+00:00, run_after=2024-04-27T13:45:49.213294+00:00
[2024-04-27T13:45:49.247+0000] {processor.py:175} INFO - Processing /home/airflow/.local/lib/python3.7/site-packages/airflow/example_dags/tutorial.py took 0.170 seconds
[2024-04-27T13:46:19.442+0000] {processor.py:153} INFO - Started process (PID=322) to work on /home/airflow/.local/lib/python3.7/site-packages/airflow/example_dags/tutorial.py
[2024-04-27T13:46:19.444+0000] {processor.py:743} INFO - Processing file /home/airflow/.local/lib/python3.7/site-packages/airflow/example_dags/tutorial.py for tasks to queue
[2024-04-27T13:46:19.445+0000] {logging_mixin.py:137} INFO - [2024-04-27T13:46:19.444+0000] {dagbag.py:538} INFO - Filling up the DagBag from /home/airflow/.local/lib/python3.7/site-packages/airflow/example_dags/tutorial.py
[2024-04-27T13:46:19.470+0000] {processor.py:753} INFO - DAG(s) dict_keys(['tutorial']) retrieved from /home/airflow/.local/lib/python3.7/site-packages/airflow/example_dags/tutorial.py
[2024-04-27T13:46:19.505+0000] {logging_mixin.py:137} INFO - [2024-04-27T13:46:19.505+0000] {dag.py:2690} INFO - Sync 1 DAGs
[2024-04-27T13:46:19.544+0000] {logging_mixin.py:137} INFO - [2024-04-27T13:46:19.543+0000] {dag.py:3441} INFO - Setting next_dagrun for tutorial to 2024-04-26T13:46:19.543635+00:00, run_after=2024-04-27T13:46:19.543635+00:00
[2024-04-27T13:46:19.568+0000] {processor.py:175} INFO - Processing /home/airflow/.local/lib/python3.7/site-packages/airflow/example_dags/tutorial.py took 0.132 seconds
[2024-04-27T13:46:49.697+0000] {processor.py:153} INFO - Started process (PID=385) to work on /home/airflow/.local/lib/python3.7/site-packages/airflow/example_dags/tutorial.py
[2024-04-27T13:46:49.698+0000] {processor.py:743} INFO - Processing file /home/airflow/.local/lib/python3.7/site-packages/airflow/example_dags/tutorial.py for tasks to queue
[2024-04-27T13:46:49.699+0000] {logging_mixin.py:137} INFO - [2024-04-27T13:46:49.699+0000] {dagbag.py:538} INFO - Filling up the DagBag from /home/airflow/.local/lib/python3.7/site-packages/airflow/example_dags/tutorial.py
[2024-04-27T13:46:49.716+0000] {processor.py:753} INFO - DAG(s) dict_keys(['tutorial']) retrieved from /home/airflow/.local/lib/python3.7/site-packages/airflow/example_dags/tutorial.py
[2024-04-27T13:46:49.754+0000] {logging_mixin.py:137} INFO - [2024-04-27T13:46:49.754+0000] {dag.py:2690} INFO - Sync 1 DAGs
[2024-04-27T13:46:49.802+0000] {logging_mixin.py:137} INFO - [2024-04-27T13:46:49.802+0000] {dag.py:3441} INFO - Setting next_dagrun for tutorial to 2024-04-26T13:46:49.801875+00:00, run_after=2024-04-27T13:46:49.801875+00:00
[2024-04-27T13:46:49.836+0000] {processor.py:175} INFO - Processing /home/airflow/.local/lib/python3.7/site-packages/airflow/example_dags/tutorial.py took 0.142 seconds
[2024-04-27T13:47:20.586+0000] {processor.py:153} INFO - Started process (PID=450) to work on /home/airflow/.local/lib/python3.7/site-packages/airflow/example_dags/tutorial.py
[2024-04-27T13:47:20.587+0000] {processor.py:743} INFO - Processing file /home/airflow/.local/lib/python3.7/site-packages/airflow/example_dags/tutorial.py for tasks to queue
[2024-04-27T13:47:20.588+0000] {logging_mixin.py:137} INFO - [2024-04-27T13:47:20.587+0000] {dagbag.py:538} INFO - Filling up the DagBag from /home/airflow/.local/lib/python3.7/site-packages/airflow/example_dags/tutorial.py
[2024-04-27T13:47:20.610+0000] {processor.py:753} INFO - DAG(s) dict_keys(['tutorial']) retrieved from /home/airflow/.local/lib/python3.7/site-packages/airflow/example_dags/tutorial.py
[2024-04-27T13:47:20.657+0000] {logging_mixin.py:137} INFO - [2024-04-27T13:47:20.657+0000] {dag.py:2690} INFO - Sync 1 DAGs
[2024-04-27T13:47:20.695+0000] {logging_mixin.py:137} INFO - [2024-04-27T13:47:20.695+0000] {dag.py:3441} INFO - Setting next_dagrun for tutorial to 2024-04-26T13:47:20.694833+00:00, run_after=2024-04-27T13:47:20.694833+00:00
[2024-04-27T13:47:20.733+0000] {processor.py:175} INFO - Processing /home/airflow/.local/lib/python3.7/site-packages/airflow/example_dags/tutorial.py took 0.153 seconds
[2024-04-27T13:47:50.991+0000] {processor.py:153} INFO - Started process (PID=514) to work on /home/airflow/.local/lib/python3.7/site-packages/airflow/example_dags/tutorial.py
[2024-04-27T13:47:50.993+0000] {processor.py:743} INFO - Processing file /home/airflow/.local/lib/python3.7/site-packages/airflow/example_dags/tutorial.py for tasks to queue
[2024-04-27T13:47:50.998+0000] {logging_mixin.py:137} INFO - [2024-04-27T13:47:50.996+0000] {dagbag.py:538} INFO - Filling up the DagBag from /home/airflow/.local/lib/python3.7/site-packages/airflow/example_dags/tutorial.py
[2024-04-27T13:47:51.024+0000] {processor.py:753} INFO - DAG(s) dict_keys(['tutorial']) retrieved from /home/airflow/.local/lib/python3.7/site-packages/airflow/example_dags/tutorial.py
[2024-04-27T13:47:51.069+0000] {logging_mixin.py:137} INFO - [2024-04-27T13:47:51.068+0000] {dag.py:2690} INFO - Sync 1 DAGs
[2024-04-27T13:47:51.116+0000] {logging_mixin.py:137} INFO - [2024-04-27T13:47:51.116+0000] {dag.py:3441} INFO - Setting next_dagrun for tutorial to 2024-04-26T13:47:51.115673+00:00, run_after=2024-04-27T13:47:51.115673+00:00
[2024-04-27T13:47:51.148+0000] {processor.py:175} INFO - Processing /home/airflow/.local/lib/python3.7/site-packages/airflow/example_dags/tutorial.py took 0.162 seconds
[2024-04-27T13:48:22.110+0000] {processor.py:153} INFO - Started process (PID=587) to work on /home/airflow/.local/lib/python3.7/site-packages/airflow/example_dags/tutorial.py
[2024-04-27T13:48:22.111+0000] {processor.py:743} INFO - Processing file /home/airflow/.local/lib/python3.7/site-packages/airflow/example_dags/tutorial.py for tasks to queue
[2024-04-27T13:48:22.113+0000] {logging_mixin.py:137} INFO - [2024-04-27T13:48:22.112+0000] {dagbag.py:538} INFO - Filling up the DagBag from /home/airflow/.local/lib/python3.7/site-packages/airflow/example_dags/tutorial.py
[2024-04-27T13:48:22.158+0000] {processor.py:753} INFO - DAG(s) dict_keys(['tutorial']) retrieved from /home/airflow/.local/lib/python3.7/site-packages/airflow/example_dags/tutorial.py
[2024-04-27T13:48:22.201+0000] {logging_mixin.py:137} INFO - [2024-04-27T13:48:22.201+0000] {dag.py:2690} INFO - Sync 1 DAGs
[2024-04-27T13:48:22.235+0000] {logging_mixin.py:137} INFO - [2024-04-27T13:48:22.235+0000] {dag.py:3441} INFO - Setting next_dagrun for tutorial to 2024-04-26T13:48:22.234952+00:00, run_after=2024-04-27T13:48:22.234952+00:00
[2024-04-27T13:48:22.281+0000] {processor.py:175} INFO - Processing /home/airflow/.local/lib/python3.7/site-packages/airflow/example_dags/tutorial.py took 0.177 seconds
[2024-04-27T13:48:52.565+0000] {processor.py:153} INFO - Started process (PID=654) to work on /home/airflow/.local/lib/python3.7/site-packages/airflow/example_dags/tutorial.py
[2024-04-27T13:48:52.566+0000] {processor.py:743} INFO - Processing file /home/airflow/.local/lib/python3.7/site-packages/airflow/example_dags/tutorial.py for tasks to queue
[2024-04-27T13:48:52.567+0000] {logging_mixin.py:137} INFO - [2024-04-27T13:48:52.567+0000] {dagbag.py:538} INFO - Filling up the DagBag from /home/airflow/.local/lib/python3.7/site-packages/airflow/example_dags/tutorial.py
[2024-04-27T13:48:52.586+0000] {processor.py:753} INFO - DAG(s) dict_keys(['tutorial']) retrieved from /home/airflow/.local/lib/python3.7/site-packages/airflow/example_dags/tutorial.py
[2024-04-27T13:48:52.623+0000] {logging_mixin.py:137} INFO - [2024-04-27T13:48:52.623+0000] {dag.py:2690} INFO - Sync 1 DAGs
[2024-04-27T13:48:52.658+0000] {logging_mixin.py:137} INFO - [2024-04-27T13:48:52.658+0000] {dag.py:3441} INFO - Setting next_dagrun for tutorial to 2024-04-26T13:48:52.657867+00:00, run_after=2024-04-27T13:48:52.657867+00:00
[2024-04-27T13:48:52.687+0000] {processor.py:175} INFO - Processing /home/airflow/.local/lib/python3.7/site-packages/airflow/example_dags/tutorial.py took 0.126 seconds
[2024-04-27T13:49:22.972+0000] {processor.py:153} INFO - Started process (PID=718) to work on /home/airflow/.local/lib/python3.7/site-packages/airflow/example_dags/tutorial.py
[2024-04-27T13:49:22.974+0000] {processor.py:743} INFO - Processing file /home/airflow/.local/lib/python3.7/site-packages/airflow/example_dags/tutorial.py for tasks to queue
[2024-04-27T13:49:22.975+0000] {logging_mixin.py:137} INFO - [2024-04-27T13:49:22.975+0000] {dagbag.py:538} INFO - Filling up the DagBag from /home/airflow/.local/lib/python3.7/site-packages/airflow/example_dags/tutorial.py
[2024-04-27T13:49:22.992+0000] {processor.py:753} INFO - DAG(s) dict_keys(['tutorial']) retrieved from /home/airflow/.local/lib/python3.7/site-packages/airflow/example_dags/tutorial.py
[2024-04-27T13:49:23.025+0000] {logging_mixin.py:137} INFO - [2024-04-27T13:49:23.025+0000] {dag.py:2690} INFO - Sync 1 DAGs
[2024-04-27T13:49:23.061+0000] {logging_mixin.py:137} INFO - [2024-04-27T13:49:23.061+0000] {dag.py:3441} INFO - Setting next_dagrun for tutorial to 2024-04-26T13:49:23.060910+00:00, run_after=2024-04-27T13:49:23.060910+00:00
[2024-04-27T13:49:23.089+0000] {processor.py:175} INFO - Processing /home/airflow/.local/lib/python3.7/site-packages/airflow/example_dags/tutorial.py took 0.121 seconds
[2024-04-27T13:49:53.506+0000] {processor.py:153} INFO - Started process (PID=782) to work on /home/airflow/.local/lib/python3.7/site-packages/airflow/example_dags/tutorial.py
[2024-04-27T13:49:53.507+0000] {processor.py:743} INFO - Processing file /home/airflow/.local/lib/python3.7/site-packages/airflow/example_dags/tutorial.py for tasks to queue
[2024-04-27T13:49:53.508+0000] {logging_mixin.py:137} INFO - [2024-04-27T13:49:53.507+0000] {dagbag.py:538} INFO - Filling up the DagBag from /home/airflow/.local/lib/python3.7/site-packages/airflow/example_dags/tutorial.py
[2024-04-27T13:49:53.532+0000] {processor.py:753} INFO - DAG(s) dict_keys(['tutorial']) retrieved from /home/airflow/.local/lib/python3.7/site-packages/airflow/example_dags/tutorial.py
[2024-04-27T13:49:53.576+0000] {logging_mixin.py:137} INFO - [2024-04-27T13:49:53.575+0000] {dag.py:2690} INFO - Sync 1 DAGs
[2024-04-27T13:49:53.624+0000] {logging_mixin.py:137} INFO - [2024-04-27T13:49:53.624+0000] {dag.py:3441} INFO - Setting next_dagrun for tutorial to 2024-04-26T13:49:53.624231+00:00, run_after=2024-04-27T13:49:53.624231+00:00
[2024-04-27T13:49:53.656+0000] {processor.py:175} INFO - Processing /home/airflow/.local/lib/python3.7/site-packages/airflow/example_dags/tutorial.py took 0.156 seconds
[2024-04-27T13:50:24.004+0000] {processor.py:153} INFO - Started process (PID=844) to work on /home/airflow/.local/lib/python3.7/site-packages/airflow/example_dags/tutorial.py
[2024-04-27T13:50:24.005+0000] {processor.py:743} INFO - Processing file /home/airflow/.local/lib/python3.7/site-packages/airflow/example_dags/tutorial.py for tasks to queue
[2024-04-27T13:50:24.006+0000] {logging_mixin.py:137} INFO - [2024-04-27T13:50:24.006+0000] {dagbag.py:538} INFO - Filling up the DagBag from /home/airflow/.local/lib/python3.7/site-packages/airflow/example_dags/tutorial.py
[2024-04-27T13:50:24.028+0000] {processor.py:753} INFO - DAG(s) dict_keys(['tutorial']) retrieved from /home/airflow/.local/lib/python3.7/site-packages/airflow/example_dags/tutorial.py
[2024-04-27T13:50:24.071+0000] {logging_mixin.py:137} INFO - [2024-04-27T13:50:24.071+0000] {dag.py:2690} INFO - Sync 1 DAGs
[2024-04-27T13:50:24.123+0000] {logging_mixin.py:137} INFO - [2024-04-27T13:50:24.123+0000] {dag.py:3441} INFO - Setting next_dagrun for tutorial to 2024-04-26T13:50:24.123039+00:00, run_after=2024-04-27T13:50:24.123039+00:00
[2024-04-27T13:50:24.156+0000] {processor.py:175} INFO - Processing /home/airflow/.local/lib/python3.7/site-packages/airflow/example_dags/tutorial.py took 0.157 seconds
[2024-04-27T13:50:55.037+0000] {processor.py:153} INFO - Started process (PID=919) to work on /home/airflow/.local/lib/python3.7/site-packages/airflow/example_dags/tutorial.py
[2024-04-27T13:50:55.038+0000] {processor.py:743} INFO - Processing file /home/airflow/.local/lib/python3.7/site-packages/airflow/example_dags/tutorial.py for tasks to queue
[2024-04-27T13:50:55.039+0000] {logging_mixin.py:137} INFO - [2024-04-27T13:50:55.039+0000] {dagbag.py:538} INFO - Filling up the DagBag from /home/airflow/.local/lib/python3.7/site-packages/airflow/example_dags/tutorial.py
[2024-04-27T13:50:55.059+0000] {processor.py:753} INFO - DAG(s) dict_keys(['tutorial']) retrieved from /home/airflow/.local/lib/python3.7/site-packages/airflow/example_dags/tutorial.py
[2024-04-27T13:50:55.096+0000] {logging_mixin.py:137} INFO - [2024-04-27T13:50:55.096+0000] {dag.py:2690} INFO - Sync 1 DAGs
[2024-04-27T13:50:55.141+0000] {logging_mixin.py:137} INFO - [2024-04-27T13:50:55.141+0000] {dag.py:3441} INFO - Setting next_dagrun for tutorial to 2024-04-26T13:50:55.140951+00:00, run_after=2024-04-27T13:50:55.140951+00:00
[2024-04-27T13:50:55.172+0000] {processor.py:175} INFO - Processing /home/airflow/.local/lib/python3.7/site-packages/airflow/example_dags/tutorial.py took 0.140 seconds
[2024-04-27T13:51:25.848+0000] {processor.py:153} INFO - Started process (PID=982) to work on /home/airflow/.local/lib/python3.7/site-packages/airflow/example_dags/tutorial.py
[2024-04-27T13:51:25.848+0000] {processor.py:743} INFO - Processing file /home/airflow/.local/lib/python3.7/site-packages/airflow/example_dags/tutorial.py for tasks to queue
[2024-04-27T13:51:25.849+0000] {logging_mixin.py:137} INFO - [2024-04-27T13:51:25.849+0000] {dagbag.py:538} INFO - Filling up the DagBag from /home/airflow/.local/lib/python3.7/site-packages/airflow/example_dags/tutorial.py
[2024-04-27T13:51:25.871+0000] {processor.py:753} INFO - DAG(s) dict_keys(['tutorial']) retrieved from /home/airflow/.local/lib/python3.7/site-packages/airflow/example_dags/tutorial.py
[2024-04-27T13:51:25.904+0000] {logging_mixin.py:137} INFO - [2024-04-27T13:51:25.904+0000] {dag.py:2690} INFO - Sync 1 DAGs
[2024-04-27T13:51:25.939+0000] {logging_mixin.py:137} INFO - [2024-04-27T13:51:25.939+0000] {dag.py:3441} INFO - Setting next_dagrun for tutorial to 2024-04-26T13:51:25.939260+00:00, run_after=2024-04-27T13:51:25.939260+00:00
[2024-04-27T13:51:25.965+0000] {processor.py:175} INFO - Processing /home/airflow/.local/lib/python3.7/site-packages/airflow/example_dags/tutorial.py took 0.121 seconds
[2024-04-27T13:51:57.140+0000] {processor.py:153} INFO - Started process (PID=1044) to work on /home/airflow/.local/lib/python3.7/site-packages/airflow/example_dags/tutorial.py
[2024-04-27T13:51:57.141+0000] {processor.py:743} INFO - Processing file /home/airflow/.local/lib/python3.7/site-packages/airflow/example_dags/tutorial.py for tasks to queue
[2024-04-27T13:51:57.142+0000] {logging_mixin.py:137} INFO - [2024-04-27T13:51:57.142+0000] {dagbag.py:538} INFO - Filling up the DagBag from /home/airflow/.local/lib/python3.7/site-packages/airflow/example_dags/tutorial.py
[2024-04-27T13:51:57.169+0000] {processor.py:753} INFO - DAG(s) dict_keys(['tutorial']) retrieved from /home/airflow/.local/lib/python3.7/site-packages/airflow/example_dags/tutorial.py
[2024-04-27T13:51:57.216+0000] {logging_mixin.py:137} INFO - [2024-04-27T13:51:57.216+0000] {dag.py:2690} INFO - Sync 1 DAGs
[2024-04-27T13:51:57.273+0000] {logging_mixin.py:137} INFO - [2024-04-27T13:51:57.273+0000] {dag.py:3441} INFO - Setting next_dagrun for tutorial to 2024-04-26T13:51:57.272798+00:00, run_after=2024-04-27T13:51:57.272798+00:00
[2024-04-27T13:51:57.311+0000] {processor.py:175} INFO - Processing /home/airflow/.local/lib/python3.7/site-packages/airflow/example_dags/tutorial.py took 0.176 seconds
[2024-04-27T13:52:27.995+0000] {processor.py:153} INFO - Started process (PID=1117) to work on /home/airflow/.local/lib/python3.7/site-packages/airflow/example_dags/tutorial.py
[2024-04-27T13:52:27.996+0000] {processor.py:743} INFO - Processing file /home/airflow/.local/lib/python3.7/site-packages/airflow/example_dags/tutorial.py for tasks to queue
[2024-04-27T13:52:27.997+0000] {logging_mixin.py:137} INFO - [2024-04-27T13:52:27.997+0000] {dagbag.py:538} INFO - Filling up the DagBag from /home/airflow/.local/lib/python3.7/site-packages/airflow/example_dags/tutorial.py
[2024-04-27T13:52:28.021+0000] {processor.py:753} INFO - DAG(s) dict_keys(['tutorial']) retrieved from /home/airflow/.local/lib/python3.7/site-packages/airflow/example_dags/tutorial.py
[2024-04-27T13:52:28.068+0000] {logging_mixin.py:137} INFO - [2024-04-27T13:52:28.067+0000] {dag.py:2690} INFO - Sync 1 DAGs
[2024-04-27T13:52:28.121+0000] {logging_mixin.py:137} INFO - [2024-04-27T13:52:28.120+0000] {dag.py:3441} INFO - Setting next_dagrun for tutorial to 2024-04-26T13:52:28.120394+00:00, run_after=2024-04-27T13:52:28.120394+00:00
[2024-04-27T13:52:28.154+0000] {processor.py:175} INFO - Processing /home/airflow/.local/lib/python3.7/site-packages/airflow/example_dags/tutorial.py took 0.165 seconds
[2024-04-27T13:52:58.976+0000] {processor.py:153} INFO - Started process (PID=1184) to work on /home/airflow/.local/lib/python3.7/site-packages/airflow/example_dags/tutorial.py
[2024-04-27T13:52:58.977+0000] {processor.py:743} INFO - Processing file /home/airflow/.local/lib/python3.7/site-packages/airflow/example_dags/tutorial.py for tasks to queue
[2024-04-27T13:52:58.977+0000] {logging_mixin.py:137} INFO - [2024-04-27T13:52:58.977+0000] {dagbag.py:538} INFO - Filling up the DagBag from /home/airflow/.local/lib/python3.7/site-packages/airflow/example_dags/tutorial.py
[2024-04-27T13:52:58.995+0000] {processor.py:753} INFO - DAG(s) dict_keys(['tutorial']) retrieved from /home/airflow/.local/lib/python3.7/site-packages/airflow/example_dags/tutorial.py
[2024-04-27T13:52:59.029+0000] {logging_mixin.py:137} INFO - [2024-04-27T13:52:59.029+0000] {dag.py:2690} INFO - Sync 1 DAGs
[2024-04-27T13:52:59.065+0000] {logging_mixin.py:137} INFO - [2024-04-27T13:52:59.065+0000] {dag.py:3441} INFO - Setting next_dagrun for tutorial to 2024-04-26T13:52:59.065025+00:00, run_after=2024-04-27T13:52:59.065025+00:00
[2024-04-27T13:52:59.094+0000] {processor.py:175} INFO - Processing /home/airflow/.local/lib/python3.7/site-packages/airflow/example_dags/tutorial.py took 0.122 seconds
[2024-04-27T13:53:29.792+0000] {processor.py:153} INFO - Started process (PID=1247) to work on /home/airflow/.local/lib/python3.7/site-packages/airflow/example_dags/tutorial.py
[2024-04-27T13:53:29.793+0000] {processor.py:743} INFO - Processing file /home/airflow/.local/lib/python3.7/site-packages/airflow/example_dags/tutorial.py for tasks to queue
[2024-04-27T13:53:29.794+0000] {logging_mixin.py:137} INFO - [2024-04-27T13:53:29.793+0000] {dagbag.py:538} INFO - Filling up the DagBag from /home/airflow/.local/lib/python3.7/site-packages/airflow/example_dags/tutorial.py
[2024-04-27T13:53:29.811+0000] {processor.py:753} INFO - DAG(s) dict_keys(['tutorial']) retrieved from /home/airflow/.local/lib/python3.7/site-packages/airflow/example_dags/tutorial.py
[2024-04-27T13:53:29.844+0000] {logging_mixin.py:137} INFO - [2024-04-27T13:53:29.844+0000] {dag.py:2690} INFO - Sync 1 DAGs
[2024-04-27T13:53:29.884+0000] {logging_mixin.py:137} INFO - [2024-04-27T13:53:29.884+0000] {dag.py:3441} INFO - Setting next_dagrun for tutorial to 2024-04-26T13:53:29.883930+00:00, run_after=2024-04-27T13:53:29.883930+00:00
[2024-04-27T13:53:29.920+0000] {processor.py:175} INFO - Processing /home/airflow/.local/lib/python3.7/site-packages/airflow/example_dags/tutorial.py took 0.132 seconds
[2024-04-27T13:54:00.269+0000] {processor.py:153} INFO - Started process (PID=1318) to work on /home/airflow/.local/lib/python3.7/site-packages/airflow/example_dags/tutorial.py
[2024-04-27T13:54:00.270+0000] {processor.py:743} INFO - Processing file /home/airflow/.local/lib/python3.7/site-packages/airflow/example_dags/tutorial.py for tasks to queue
[2024-04-27T13:54:00.271+0000] {logging_mixin.py:137} INFO - [2024-04-27T13:54:00.271+0000] {dagbag.py:538} INFO - Filling up the DagBag from /home/airflow/.local/lib/python3.7/site-packages/airflow/example_dags/tutorial.py
[2024-04-27T13:54:00.301+0000] {processor.py:753} INFO - DAG(s) dict_keys(['tutorial']) retrieved from /home/airflow/.local/lib/python3.7/site-packages/airflow/example_dags/tutorial.py
[2024-04-27T13:54:00.353+0000] {logging_mixin.py:137} INFO - [2024-04-27T13:54:00.353+0000] {dag.py:2690} INFO - Sync 1 DAGs
[2024-04-27T13:54:00.411+0000] {logging_mixin.py:137} INFO - [2024-04-27T13:54:00.411+0000] {dag.py:3441} INFO - Setting next_dagrun for tutorial to 2024-04-26T13:54:00.411208+00:00, run_after=2024-04-27T13:54:00.411208+00:00
[2024-04-27T13:54:00.454+0000] {processor.py:175} INFO - Processing /home/airflow/.local/lib/python3.7/site-packages/airflow/example_dags/tutorial.py took 0.193 seconds
[2024-04-27T14:03:15.579+0000] {processor.py:157} INFO - Started process (PID=56) to work on /home/airflow/.local/lib/python3.8/site-packages/airflow/example_dags/tutorial.py
[2024-04-27T14:03:15.587+0000] {processor.py:829} INFO - Processing file /home/airflow/.local/lib/python3.8/site-packages/airflow/example_dags/tutorial.py for tasks to queue
[2024-04-27T14:03:15.590+0000] {logging_mixin.py:151} INFO - [2024-04-27T14:03:15.590+0000] {dagbag.py:539} INFO - Filling up the DagBag from /home/airflow/.local/lib/python3.8/site-packages/airflow/example_dags/tutorial.py
[2024-04-27T14:03:15.615+0000] {processor.py:839} INFO - DAG(s) dict_keys(['tutorial']) retrieved from /home/airflow/.local/lib/python3.8/site-packages/airflow/example_dags/tutorial.py
[2024-04-27T14:03:16.118+0000] {logging_mixin.py:151} INFO - [2024-04-27T14:03:16.117+0000] {manager.py:501} INFO - Created Permission View: can read on DAG:tutorial
[2024-04-27T14:03:16.136+0000] {logging_mixin.py:151} INFO - [2024-04-27T14:03:16.136+0000] {manager.py:501} INFO - Created Permission View: can edit on DAG:tutorial
[2024-04-27T14:03:16.148+0000] {logging_mixin.py:151} INFO - [2024-04-27T14:03:16.148+0000] {manager.py:501} INFO - Created Permission View: can delete on DAG:tutorial
[2024-04-27T14:03:16.174+0000] {logging_mixin.py:151} INFO - [2024-04-27T14:03:16.174+0000] {dag.py:2907} INFO - Sync 1 DAGs
[2024-04-27T14:03:16.193+0000] {logging_mixin.py:151} INFO - [2024-04-27T14:03:16.193+0000] {dag.py:2929} INFO - Creating ORM DAG for tutorial
[2024-04-27T14:03:16.209+0000] {logging_mixin.py:151} INFO - [2024-04-27T14:03:16.208+0000] {dag.py:3677} INFO - Setting next_dagrun for tutorial to 2024-04-26T14:03:16.208574+00:00, run_after=2024-04-27T14:03:16.208574+00:00
[2024-04-27T14:03:16.237+0000] {processor.py:179} INFO - Processing /home/airflow/.local/lib/python3.8/site-packages/airflow/example_dags/tutorial.py took 0.662 seconds
[2024-04-27T14:03:46.988+0000] {processor.py:157} INFO - Started process (PID=119) to work on /home/airflow/.local/lib/python3.8/site-packages/airflow/example_dags/tutorial.py
[2024-04-27T14:03:46.989+0000] {processor.py:829} INFO - Processing file /home/airflow/.local/lib/python3.8/site-packages/airflow/example_dags/tutorial.py for tasks to queue
[2024-04-27T14:03:46.995+0000] {logging_mixin.py:151} INFO - [2024-04-27T14:03:46.995+0000] {dagbag.py:539} INFO - Filling up the DagBag from /home/airflow/.local/lib/python3.8/site-packages/airflow/example_dags/tutorial.py
[2024-04-27T14:03:47.004+0000] {processor.py:839} INFO - DAG(s) dict_keys(['tutorial']) retrieved from /home/airflow/.local/lib/python3.8/site-packages/airflow/example_dags/tutorial.py
[2024-04-27T14:03:47.061+0000] {logging_mixin.py:151} INFO - [2024-04-27T14:03:47.061+0000] {dag.py:2907} INFO - Sync 1 DAGs
[2024-04-27T14:03:47.124+0000] {logging_mixin.py:151} INFO - [2024-04-27T14:03:47.124+0000] {dag.py:3677} INFO - Setting next_dagrun for tutorial to 2024-04-26T14:03:47.123787+00:00, run_after=2024-04-27T14:03:47.123787+00:00
[2024-04-27T14:03:47.160+0000] {processor.py:179} INFO - Processing /home/airflow/.local/lib/python3.8/site-packages/airflow/example_dags/tutorial.py took 0.177 seconds
[2024-04-27T14:04:17.878+0000] {processor.py:157} INFO - Started process (PID=182) to work on /home/airflow/.local/lib/python3.8/site-packages/airflow/example_dags/tutorial.py
[2024-04-27T14:04:17.879+0000] {processor.py:829} INFO - Processing file /home/airflow/.local/lib/python3.8/site-packages/airflow/example_dags/tutorial.py for tasks to queue
[2024-04-27T14:04:17.882+0000] {logging_mixin.py:151} INFO - [2024-04-27T14:04:17.881+0000] {dagbag.py:539} INFO - Filling up the DagBag from /home/airflow/.local/lib/python3.8/site-packages/airflow/example_dags/tutorial.py
[2024-04-27T14:04:17.888+0000] {processor.py:839} INFO - DAG(s) dict_keys(['tutorial']) retrieved from /home/airflow/.local/lib/python3.8/site-packages/airflow/example_dags/tutorial.py
[2024-04-27T14:04:17.915+0000] {logging_mixin.py:151} INFO - [2024-04-27T14:04:17.915+0000] {dag.py:2907} INFO - Sync 1 DAGs
[2024-04-27T14:04:17.946+0000] {logging_mixin.py:151} INFO - [2024-04-27T14:04:17.946+0000] {dag.py:3677} INFO - Setting next_dagrun for tutorial to 2024-04-26T14:04:17.946135+00:00, run_after=2024-04-27T14:04:17.946135+00:00
[2024-04-27T14:04:17.968+0000] {processor.py:179} INFO - Processing /home/airflow/.local/lib/python3.8/site-packages/airflow/example_dags/tutorial.py took 0.096 seconds
[2024-04-27T14:04:48.227+0000] {processor.py:157} INFO - Started process (PID=251) to work on /home/airflow/.local/lib/python3.8/site-packages/airflow/example_dags/tutorial.py
[2024-04-27T14:04:48.228+0000] {processor.py:829} INFO - Processing file /home/airflow/.local/lib/python3.8/site-packages/airflow/example_dags/tutorial.py for tasks to queue
[2024-04-27T14:04:48.232+0000] {logging_mixin.py:151} INFO - [2024-04-27T14:04:48.232+0000] {dagbag.py:539} INFO - Filling up the DagBag from /home/airflow/.local/lib/python3.8/site-packages/airflow/example_dags/tutorial.py
[2024-04-27T14:04:48.244+0000] {processor.py:839} INFO - DAG(s) dict_keys(['tutorial']) retrieved from /home/airflow/.local/lib/python3.8/site-packages/airflow/example_dags/tutorial.py
[2024-04-27T14:04:48.286+0000] {logging_mixin.py:151} INFO - [2024-04-27T14:04:48.286+0000] {dag.py:2907} INFO - Sync 1 DAGs
[2024-04-27T14:04:48.391+0000] {logging_mixin.py:151} INFO - [2024-04-27T14:04:48.391+0000] {dag.py:3677} INFO - Setting next_dagrun for tutorial to 2024-04-26T14:04:48.390685+00:00, run_after=2024-04-27T14:04:48.390685+00:00
[2024-04-27T14:04:48.491+0000] {processor.py:179} INFO - Processing /home/airflow/.local/lib/python3.8/site-packages/airflow/example_dags/tutorial.py took 0.270 seconds
[2024-04-27T14:05:18.528+0000] {processor.py:157} INFO - Started process (PID=317) to work on /home/airflow/.local/lib/python3.8/site-packages/airflow/example_dags/tutorial.py
[2024-04-27T14:05:18.529+0000] {processor.py:829} INFO - Processing file /home/airflow/.local/lib/python3.8/site-packages/airflow/example_dags/tutorial.py for tasks to queue
[2024-04-27T14:05:18.531+0000] {logging_mixin.py:151} INFO - [2024-04-27T14:05:18.531+0000] {dagbag.py:539} INFO - Filling up the DagBag from /home/airflow/.local/lib/python3.8/site-packages/airflow/example_dags/tutorial.py
[2024-04-27T14:05:18.538+0000] {processor.py:839} INFO - DAG(s) dict_keys(['tutorial']) retrieved from /home/airflow/.local/lib/python3.8/site-packages/airflow/example_dags/tutorial.py
[2024-04-27T14:05:18.564+0000] {logging_mixin.py:151} INFO - [2024-04-27T14:05:18.564+0000] {dag.py:2907} INFO - Sync 1 DAGs
[2024-04-27T14:05:18.593+0000] {logging_mixin.py:151} INFO - [2024-04-27T14:05:18.592+0000] {dag.py:3677} INFO - Setting next_dagrun for tutorial to 2024-04-26T14:05:18.592716+00:00, run_after=2024-04-27T14:05:18.592716+00:00
[2024-04-27T14:05:18.615+0000] {processor.py:179} INFO - Processing /home/airflow/.local/lib/python3.8/site-packages/airflow/example_dags/tutorial.py took 0.091 seconds
[2024-04-27T14:05:48.844+0000] {processor.py:157} INFO - Started process (PID=380) to work on /home/airflow/.local/lib/python3.8/site-packages/airflow/example_dags/tutorial.py
[2024-04-27T14:05:48.845+0000] {processor.py:829} INFO - Processing file /home/airflow/.local/lib/python3.8/site-packages/airflow/example_dags/tutorial.py for tasks to queue
[2024-04-27T14:05:48.849+0000] {logging_mixin.py:151} INFO - [2024-04-27T14:05:48.848+0000] {dagbag.py:539} INFO - Filling up the DagBag from /home/airflow/.local/lib/python3.8/site-packages/airflow/example_dags/tutorial.py
[2024-04-27T14:05:48.857+0000] {processor.py:839} INFO - DAG(s) dict_keys(['tutorial']) retrieved from /home/airflow/.local/lib/python3.8/site-packages/airflow/example_dags/tutorial.py
[2024-04-27T14:05:48.893+0000] {logging_mixin.py:151} INFO - [2024-04-27T14:05:48.893+0000] {dag.py:2907} INFO - Sync 1 DAGs
[2024-04-27T14:05:48.933+0000] {logging_mixin.py:151} INFO - [2024-04-27T14:05:48.933+0000] {dag.py:3677} INFO - Setting next_dagrun for tutorial to 2024-04-26T14:05:48.932973+00:00, run_after=2024-04-27T14:05:48.932973+00:00
[2024-04-27T14:05:48.961+0000] {processor.py:179} INFO - Processing /home/airflow/.local/lib/python3.8/site-packages/airflow/example_dags/tutorial.py took 0.123 seconds
[2024-04-27T14:06:19.122+0000] {processor.py:157} INFO - Started process (PID=443) to work on /home/airflow/.local/lib/python3.8/site-packages/airflow/example_dags/tutorial.py
[2024-04-27T14:06:19.123+0000] {processor.py:829} INFO - Processing file /home/airflow/.local/lib/python3.8/site-packages/airflow/example_dags/tutorial.py for tasks to queue
[2024-04-27T14:06:19.126+0000] {logging_mixin.py:151} INFO - [2024-04-27T14:06:19.125+0000] {dagbag.py:539} INFO - Filling up the DagBag from /home/airflow/.local/lib/python3.8/site-packages/airflow/example_dags/tutorial.py
[2024-04-27T14:06:19.133+0000] {processor.py:839} INFO - DAG(s) dict_keys(['tutorial']) retrieved from /home/airflow/.local/lib/python3.8/site-packages/airflow/example_dags/tutorial.py
[2024-04-27T14:06:19.160+0000] {logging_mixin.py:151} INFO - [2024-04-27T14:06:19.159+0000] {dag.py:2907} INFO - Sync 1 DAGs
[2024-04-27T14:06:19.188+0000] {logging_mixin.py:151} INFO - [2024-04-27T14:06:19.188+0000] {dag.py:3677} INFO - Setting next_dagrun for tutorial to 2024-04-26T14:06:19.188169+00:00, run_after=2024-04-27T14:06:19.188169+00:00
[2024-04-27T14:06:19.210+0000] {processor.py:179} INFO - Processing /home/airflow/.local/lib/python3.8/site-packages/airflow/example_dags/tutorial.py took 0.092 seconds
[2024-04-27T14:06:49.644+0000] {processor.py:157} INFO - Started process (PID=515) to work on /home/airflow/.local/lib/python3.8/site-packages/airflow/example_dags/tutorial.py
[2024-04-27T14:06:49.646+0000] {processor.py:829} INFO - Processing file /home/airflow/.local/lib/python3.8/site-packages/airflow/example_dags/tutorial.py for tasks to queue
[2024-04-27T14:06:49.649+0000] {logging_mixin.py:151} INFO - [2024-04-27T14:06:49.649+0000] {dagbag.py:539} INFO - Filling up the DagBag from /home/airflow/.local/lib/python3.8/site-packages/airflow/example_dags/tutorial.py
[2024-04-27T14:06:49.660+0000] {processor.py:839} INFO - DAG(s) dict_keys(['tutorial']) retrieved from /home/airflow/.local/lib/python3.8/site-packages/airflow/example_dags/tutorial.py
[2024-04-27T14:06:49.695+0000] {logging_mixin.py:151} INFO - [2024-04-27T14:06:49.694+0000] {dag.py:2907} INFO - Sync 1 DAGs
[2024-04-27T14:06:49.735+0000] {logging_mixin.py:151} INFO - [2024-04-27T14:06:49.734+0000] {dag.py:3677} INFO - Setting next_dagrun for tutorial to 2024-04-26T14:06:49.734316+00:00, run_after=2024-04-27T14:06:49.734316+00:00
[2024-04-27T14:06:49.774+0000] {processor.py:179} INFO - Processing /home/airflow/.local/lib/python3.8/site-packages/airflow/example_dags/tutorial.py took 0.135 seconds
[2024-04-27T14:07:20.442+0000] {processor.py:157} INFO - Started process (PID=580) to work on /home/airflow/.local/lib/python3.8/site-packages/airflow/example_dags/tutorial.py
[2024-04-27T14:07:20.443+0000] {processor.py:829} INFO - Processing file /home/airflow/.local/lib/python3.8/site-packages/airflow/example_dags/tutorial.py for tasks to queue
[2024-04-27T14:07:20.446+0000] {logging_mixin.py:151} INFO - [2024-04-27T14:07:20.446+0000] {dagbag.py:539} INFO - Filling up the DagBag from /home/airflow/.local/lib/python3.8/site-packages/airflow/example_dags/tutorial.py
[2024-04-27T14:07:20.457+0000] {processor.py:839} INFO - DAG(s) dict_keys(['tutorial']) retrieved from /home/airflow/.local/lib/python3.8/site-packages/airflow/example_dags/tutorial.py
[2024-04-27T14:07:20.490+0000] {logging_mixin.py:151} INFO - [2024-04-27T14:07:20.489+0000] {dag.py:2907} INFO - Sync 1 DAGs
[2024-04-27T14:07:20.530+0000] {logging_mixin.py:151} INFO - [2024-04-27T14:07:20.530+0000] {dag.py:3677} INFO - Setting next_dagrun for tutorial to 2024-04-26T14:07:20.529241+00:00, run_after=2024-04-27T14:07:20.529241+00:00
[2024-04-27T14:07:20.561+0000] {processor.py:179} INFO - Processing /home/airflow/.local/lib/python3.8/site-packages/airflow/example_dags/tutorial.py took 0.124 seconds
[2024-04-27T14:07:50.872+0000] {processor.py:157} INFO - Started process (PID=643) to work on /home/airflow/.local/lib/python3.8/site-packages/airflow/example_dags/tutorial.py
[2024-04-27T14:07:50.873+0000] {processor.py:829} INFO - Processing file /home/airflow/.local/lib/python3.8/site-packages/airflow/example_dags/tutorial.py for tasks to queue
[2024-04-27T14:07:50.880+0000] {logging_mixin.py:151} INFO - [2024-04-27T14:07:50.880+0000] {dagbag.py:539} INFO - Filling up the DagBag from /home/airflow/.local/lib/python3.8/site-packages/airflow/example_dags/tutorial.py
[2024-04-27T14:07:50.897+0000] {processor.py:839} INFO - DAG(s) dict_keys(['tutorial']) retrieved from /home/airflow/.local/lib/python3.8/site-packages/airflow/example_dags/tutorial.py
[2024-04-27T14:07:50.954+0000] {logging_mixin.py:151} INFO - [2024-04-27T14:07:50.954+0000] {dag.py:2907} INFO - Sync 1 DAGs
[2024-04-27T14:07:51.024+0000] {logging_mixin.py:151} INFO - [2024-04-27T14:07:51.024+0000] {dag.py:3677} INFO - Setting next_dagrun for tutorial to 2024-04-26T14:07:51.024162+00:00, run_after=2024-04-27T14:07:51.024162+00:00
[2024-04-27T14:07:51.079+0000] {processor.py:179} INFO - Processing /home/airflow/.local/lib/python3.8/site-packages/airflow/example_dags/tutorial.py took 0.215 seconds
[2024-04-27T14:11:42.256+0000] {processor.py:157} INFO - Started process (PID=54) to work on /home/airflow/.local/lib/python3.8/site-packages/airflow/example_dags/tutorial.py
[2024-04-27T14:11:42.259+0000] {processor.py:829} INFO - Processing file /home/airflow/.local/lib/python3.8/site-packages/airflow/example_dags/tutorial.py for tasks to queue
[2024-04-27T14:11:42.262+0000] {logging_mixin.py:151} INFO - [2024-04-27T14:11:42.262+0000] {dagbag.py:539} INFO - Filling up the DagBag from /home/airflow/.local/lib/python3.8/site-packages/airflow/example_dags/tutorial.py
[2024-04-27T14:11:42.290+0000] {processor.py:839} INFO - DAG(s) dict_keys(['tutorial']) retrieved from /home/airflow/.local/lib/python3.8/site-packages/airflow/example_dags/tutorial.py
[2024-04-27T14:11:42.329+0000] {logging_mixin.py:151} INFO - [2024-04-27T14:11:42.328+0000] {dag.py:2907} INFO - Sync 1 DAGs
[2024-04-27T14:11:42.805+0000] {logging_mixin.py:151} INFO - [2024-04-27T14:11:42.804+0000] {dag.py:3677} INFO - Setting next_dagrun for tutorial to 2024-04-26T14:11:42.804477+00:00, run_after=2024-04-27T14:11:42.804477+00:00
[2024-04-27T14:11:42.932+0000] {processor.py:179} INFO - Processing /home/airflow/.local/lib/python3.8/site-packages/airflow/example_dags/tutorial.py took 0.697 seconds
[2024-04-27T14:12:13.454+0000] {processor.py:157} INFO - Started process (PID=117) to work on /home/airflow/.local/lib/python3.8/site-packages/airflow/example_dags/tutorial.py
[2024-04-27T14:12:13.455+0000] {processor.py:829} INFO - Processing file /home/airflow/.local/lib/python3.8/site-packages/airflow/example_dags/tutorial.py for tasks to queue
[2024-04-27T14:12:13.458+0000] {logging_mixin.py:151} INFO - [2024-04-27T14:12:13.458+0000] {dagbag.py:539} INFO - Filling up the DagBag from /home/airflow/.local/lib/python3.8/site-packages/airflow/example_dags/tutorial.py
[2024-04-27T14:12:13.472+0000] {processor.py:839} INFO - DAG(s) dict_keys(['tutorial']) retrieved from /home/airflow/.local/lib/python3.8/site-packages/airflow/example_dags/tutorial.py
[2024-04-27T14:12:13.518+0000] {logging_mixin.py:151} INFO - [2024-04-27T14:12:13.517+0000] {dag.py:2907} INFO - Sync 1 DAGs
[2024-04-27T14:12:13.567+0000] {logging_mixin.py:151} INFO - [2024-04-27T14:12:13.566+0000] {dag.py:3677} INFO - Setting next_dagrun for tutorial to 2024-04-26T14:12:13.566526+00:00, run_after=2024-04-27T14:12:13.566526+00:00
[2024-04-27T14:12:13.607+0000] {processor.py:179} INFO - Processing /home/airflow/.local/lib/python3.8/site-packages/airflow/example_dags/tutorial.py took 0.158 seconds
[2024-04-27T14:12:44.079+0000] {processor.py:157} INFO - Started process (PID=181) to work on /home/airflow/.local/lib/python3.8/site-packages/airflow/example_dags/tutorial.py
[2024-04-27T14:12:44.080+0000] {processor.py:829} INFO - Processing file /home/airflow/.local/lib/python3.8/site-packages/airflow/example_dags/tutorial.py for tasks to queue
[2024-04-27T14:12:44.082+0000] {logging_mixin.py:151} INFO - [2024-04-27T14:12:44.082+0000] {dagbag.py:539} INFO - Filling up the DagBag from /home/airflow/.local/lib/python3.8/site-packages/airflow/example_dags/tutorial.py
[2024-04-27T14:12:44.091+0000] {processor.py:839} INFO - DAG(s) dict_keys(['tutorial']) retrieved from /home/airflow/.local/lib/python3.8/site-packages/airflow/example_dags/tutorial.py
[2024-04-27T14:12:44.120+0000] {logging_mixin.py:151} INFO - [2024-04-27T14:12:44.120+0000] {dag.py:2907} INFO - Sync 1 DAGs
[2024-04-27T14:12:44.177+0000] {logging_mixin.py:151} INFO - [2024-04-27T14:12:44.177+0000] {dag.py:3677} INFO - Setting next_dagrun for tutorial to 2024-04-26T14:12:44.176729+00:00, run_after=2024-04-27T14:12:44.176729+00:00
[2024-04-27T14:12:44.212+0000] {processor.py:179} INFO - Processing /home/airflow/.local/lib/python3.8/site-packages/airflow/example_dags/tutorial.py took 0.136 seconds
[2024-04-27T14:13:14.373+0000] {processor.py:157} INFO - Started process (PID=243) to work on /home/airflow/.local/lib/python3.8/site-packages/airflow/example_dags/tutorial.py
[2024-04-27T14:13:14.373+0000] {processor.py:829} INFO - Processing file /home/airflow/.local/lib/python3.8/site-packages/airflow/example_dags/tutorial.py for tasks to queue
[2024-04-27T14:13:14.376+0000] {logging_mixin.py:151} INFO - [2024-04-27T14:13:14.375+0000] {dagbag.py:539} INFO - Filling up the DagBag from /home/airflow/.local/lib/python3.8/site-packages/airflow/example_dags/tutorial.py
[2024-04-27T14:13:14.383+0000] {processor.py:839} INFO - DAG(s) dict_keys(['tutorial']) retrieved from /home/airflow/.local/lib/python3.8/site-packages/airflow/example_dags/tutorial.py
[2024-04-27T14:13:14.411+0000] {logging_mixin.py:151} INFO - [2024-04-27T14:13:14.410+0000] {dag.py:2907} INFO - Sync 1 DAGs
[2024-04-27T14:13:14.442+0000] {logging_mixin.py:151} INFO - [2024-04-27T14:13:14.442+0000] {dag.py:3677} INFO - Setting next_dagrun for tutorial to 2024-04-26T14:13:14.441816+00:00, run_after=2024-04-27T14:13:14.441816+00:00
[2024-04-27T14:13:14.467+0000] {processor.py:179} INFO - Processing /home/airflow/.local/lib/python3.8/site-packages/airflow/example_dags/tutorial.py took 0.099 seconds
[2024-04-27T14:13:44.713+0000] {processor.py:157} INFO - Started process (PID=304) to work on /home/airflow/.local/lib/python3.8/site-packages/airflow/example_dags/tutorial.py
[2024-04-27T14:13:44.714+0000] {processor.py:829} INFO - Processing file /home/airflow/.local/lib/python3.8/site-packages/airflow/example_dags/tutorial.py for tasks to queue
[2024-04-27T14:13:44.717+0000] {logging_mixin.py:151} INFO - [2024-04-27T14:13:44.716+0000] {dagbag.py:539} INFO - Filling up the DagBag from /home/airflow/.local/lib/python3.8/site-packages/airflow/example_dags/tutorial.py
[2024-04-27T14:13:44.725+0000] {processor.py:839} INFO - DAG(s) dict_keys(['tutorial']) retrieved from /home/airflow/.local/lib/python3.8/site-packages/airflow/example_dags/tutorial.py
[2024-04-27T14:13:44.755+0000] {logging_mixin.py:151} INFO - [2024-04-27T14:13:44.755+0000] {dag.py:2907} INFO - Sync 1 DAGs
[2024-04-27T14:13:44.791+0000] {logging_mixin.py:151} INFO - [2024-04-27T14:13:44.791+0000] {dag.py:3677} INFO - Setting next_dagrun for tutorial to 2024-04-26T14:13:44.790842+00:00, run_after=2024-04-27T14:13:44.790842+00:00
[2024-04-27T14:13:44.823+0000] {processor.py:179} INFO - Processing /home/airflow/.local/lib/python3.8/site-packages/airflow/example_dags/tutorial.py took 0.114 seconds
[2024-04-27T14:14:16.051+0000] {processor.py:157} INFO - Started process (PID=377) to work on /home/airflow/.local/lib/python3.8/site-packages/airflow/example_dags/tutorial.py
[2024-04-27T14:14:16.052+0000] {processor.py:829} INFO - Processing file /home/airflow/.local/lib/python3.8/site-packages/airflow/example_dags/tutorial.py for tasks to queue
[2024-04-27T14:14:16.055+0000] {logging_mixin.py:151} INFO - [2024-04-27T14:14:16.055+0000] {dagbag.py:539} INFO - Filling up the DagBag from /home/airflow/.local/lib/python3.8/site-packages/airflow/example_dags/tutorial.py
[2024-04-27T14:14:16.064+0000] {processor.py:839} INFO - DAG(s) dict_keys(['tutorial']) retrieved from /home/airflow/.local/lib/python3.8/site-packages/airflow/example_dags/tutorial.py
[2024-04-27T14:14:16.090+0000] {logging_mixin.py:151} INFO - [2024-04-27T14:14:16.089+0000] {dag.py:2907} INFO - Sync 1 DAGs
[2024-04-27T14:14:16.119+0000] {logging_mixin.py:151} INFO - [2024-04-27T14:14:16.119+0000] {dag.py:3677} INFO - Setting next_dagrun for tutorial to 2024-04-26T14:14:16.118768+00:00, run_after=2024-04-27T14:14:16.118768+00:00
[2024-04-27T14:14:16.141+0000] {processor.py:179} INFO - Processing /home/airflow/.local/lib/python3.8/site-packages/airflow/example_dags/tutorial.py took 0.095 seconds
[2024-04-27T14:14:47.749+0000] {processor.py:157} INFO - Started process (PID=441) to work on /home/airflow/.local/lib/python3.8/site-packages/airflow/example_dags/tutorial.py
[2024-04-27T14:14:47.750+0000] {processor.py:829} INFO - Processing file /home/airflow/.local/lib/python3.8/site-packages/airflow/example_dags/tutorial.py for tasks to queue
[2024-04-27T14:14:47.753+0000] {logging_mixin.py:151} INFO - [2024-04-27T14:14:47.753+0000] {dagbag.py:539} INFO - Filling up the DagBag from /home/airflow/.local/lib/python3.8/site-packages/airflow/example_dags/tutorial.py
[2024-04-27T14:14:47.763+0000] {processor.py:839} INFO - DAG(s) dict_keys(['tutorial']) retrieved from /home/airflow/.local/lib/python3.8/site-packages/airflow/example_dags/tutorial.py
[2024-04-27T14:14:47.799+0000] {logging_mixin.py:151} INFO - [2024-04-27T14:14:47.799+0000] {dag.py:2907} INFO - Sync 1 DAGs
[2024-04-27T14:14:47.840+0000] {logging_mixin.py:151} INFO - [2024-04-27T14:14:47.840+0000] {dag.py:3677} INFO - Setting next_dagrun for tutorial to 2024-04-26T14:14:47.840264+00:00, run_after=2024-04-27T14:14:47.840264+00:00
[2024-04-27T14:14:47.874+0000] {processor.py:179} INFO - Processing /home/airflow/.local/lib/python3.8/site-packages/airflow/example_dags/tutorial.py took 0.137 seconds
[2024-04-27T14:15:18.686+0000] {processor.py:157} INFO - Started process (PID=505) to work on /home/airflow/.local/lib/python3.8/site-packages/airflow/example_dags/tutorial.py
[2024-04-27T14:15:18.688+0000] {processor.py:829} INFO - Processing file /home/airflow/.local/lib/python3.8/site-packages/airflow/example_dags/tutorial.py for tasks to queue
[2024-04-27T14:15:18.691+0000] {logging_mixin.py:151} INFO - [2024-04-27T14:15:18.691+0000] {dagbag.py:539} INFO - Filling up the DagBag from /home/airflow/.local/lib/python3.8/site-packages/airflow/example_dags/tutorial.py
[2024-04-27T14:15:18.700+0000] {processor.py:839} INFO - DAG(s) dict_keys(['tutorial']) retrieved from /home/airflow/.local/lib/python3.8/site-packages/airflow/example_dags/tutorial.py
[2024-04-27T14:15:18.731+0000] {logging_mixin.py:151} INFO - [2024-04-27T14:15:18.731+0000] {dag.py:2907} INFO - Sync 1 DAGs
[2024-04-27T14:15:18.769+0000] {logging_mixin.py:151} INFO - [2024-04-27T14:15:18.768+0000] {dag.py:3677} INFO - Setting next_dagrun for tutorial to 2024-04-26T14:15:18.768508+00:00, run_after=2024-04-27T14:15:18.768508+00:00
[2024-04-27T14:15:18.792+0000] {processor.py:179} INFO - Processing /home/airflow/.local/lib/python3.8/site-packages/airflow/example_dags/tutorial.py took 0.110 seconds
[2024-04-27T14:15:49.411+0000] {processor.py:157} INFO - Started process (PID=579) to work on /home/airflow/.local/lib/python3.8/site-packages/airflow/example_dags/tutorial.py
[2024-04-27T14:15:49.412+0000] {processor.py:829} INFO - Processing file /home/airflow/.local/lib/python3.8/site-packages/airflow/example_dags/tutorial.py for tasks to queue
[2024-04-27T14:15:49.415+0000] {logging_mixin.py:151} INFO - [2024-04-27T14:15:49.415+0000] {dagbag.py:539} INFO - Filling up the DagBag from /home/airflow/.local/lib/python3.8/site-packages/airflow/example_dags/tutorial.py
[2024-04-27T14:15:49.426+0000] {processor.py:839} INFO - DAG(s) dict_keys(['tutorial']) retrieved from /home/airflow/.local/lib/python3.8/site-packages/airflow/example_dags/tutorial.py
[2024-04-27T14:15:49.453+0000] {logging_mixin.py:151} INFO - [2024-04-27T14:15:49.453+0000] {dag.py:2907} INFO - Sync 1 DAGs
[2024-04-27T14:15:49.492+0000] {logging_mixin.py:151} INFO - [2024-04-27T14:15:49.492+0000] {dag.py:3677} INFO - Setting next_dagrun for tutorial to 2024-04-26T14:15:49.491790+00:00, run_after=2024-04-27T14:15:49.491790+00:00
[2024-04-27T14:15:49.514+0000] {processor.py:179} INFO - Processing /home/airflow/.local/lib/python3.8/site-packages/airflow/example_dags/tutorial.py took 0.108 seconds
[2024-04-27T14:16:20.885+0000] {processor.py:157} INFO - Started process (PID=642) to work on /home/airflow/.local/lib/python3.8/site-packages/airflow/example_dags/tutorial.py
[2024-04-27T14:16:20.886+0000] {processor.py:829} INFO - Processing file /home/airflow/.local/lib/python3.8/site-packages/airflow/example_dags/tutorial.py for tasks to queue
[2024-04-27T14:16:20.888+0000] {logging_mixin.py:151} INFO - [2024-04-27T14:16:20.888+0000] {dagbag.py:539} INFO - Filling up the DagBag from /home/airflow/.local/lib/python3.8/site-packages/airflow/example_dags/tutorial.py
[2024-04-27T14:16:20.895+0000] {processor.py:839} INFO - DAG(s) dict_keys(['tutorial']) retrieved from /home/airflow/.local/lib/python3.8/site-packages/airflow/example_dags/tutorial.py
[2024-04-27T14:16:20.924+0000] {logging_mixin.py:151} INFO - [2024-04-27T14:16:20.924+0000] {dag.py:2907} INFO - Sync 1 DAGs
[2024-04-27T14:16:20.963+0000] {logging_mixin.py:151} INFO - [2024-04-27T14:16:20.962+0000] {dag.py:3677} INFO - Setting next_dagrun for tutorial to 2024-04-26T14:16:20.962547+00:00, run_after=2024-04-27T14:16:20.962547+00:00
[2024-04-27T14:16:20.991+0000] {processor.py:179} INFO - Processing /home/airflow/.local/lib/python3.8/site-packages/airflow/example_dags/tutorial.py took 0.110 seconds
[2024-04-27T14:16:51.901+0000] {processor.py:157} INFO - Started process (PID=707) to work on /home/airflow/.local/lib/python3.8/site-packages/airflow/example_dags/tutorial.py
[2024-04-27T14:16:51.902+0000] {processor.py:829} INFO - Processing file /home/airflow/.local/lib/python3.8/site-packages/airflow/example_dags/tutorial.py for tasks to queue
[2024-04-27T14:16:51.906+0000] {logging_mixin.py:151} INFO - [2024-04-27T14:16:51.905+0000] {dagbag.py:539} INFO - Filling up the DagBag from /home/airflow/.local/lib/python3.8/site-packages/airflow/example_dags/tutorial.py
[2024-04-27T14:16:51.917+0000] {processor.py:839} INFO - DAG(s) dict_keys(['tutorial']) retrieved from /home/airflow/.local/lib/python3.8/site-packages/airflow/example_dags/tutorial.py
[2024-04-27T14:16:51.957+0000] {logging_mixin.py:151} INFO - [2024-04-27T14:16:51.957+0000] {dag.py:2907} INFO - Sync 1 DAGs
[2024-04-27T14:16:52.000+0000] {logging_mixin.py:151} INFO - [2024-04-27T14:16:52.000+0000] {dag.py:3677} INFO - Setting next_dagrun for tutorial to 2024-04-26T14:16:51.999870+00:00, run_after=2024-04-27T14:16:51.999870+00:00
[2024-04-27T14:16:52.032+0000] {processor.py:179} INFO - Processing /home/airflow/.local/lib/python3.8/site-packages/airflow/example_dags/tutorial.py took 0.139 seconds
[2024-04-27T14:17:23.114+0000] {processor.py:157} INFO - Started process (PID=771) to work on /home/airflow/.local/lib/python3.8/site-packages/airflow/example_dags/tutorial.py
[2024-04-27T14:17:23.118+0000] {processor.py:829} INFO - Processing file /home/airflow/.local/lib/python3.8/site-packages/airflow/example_dags/tutorial.py for tasks to queue
[2024-04-27T14:17:23.121+0000] {logging_mixin.py:151} INFO - [2024-04-27T14:17:23.121+0000] {dagbag.py:539} INFO - Filling up the DagBag from /home/airflow/.local/lib/python3.8/site-packages/airflow/example_dags/tutorial.py
[2024-04-27T14:17:23.135+0000] {processor.py:839} INFO - DAG(s) dict_keys(['tutorial']) retrieved from /home/airflow/.local/lib/python3.8/site-packages/airflow/example_dags/tutorial.py
[2024-04-27T14:17:23.185+0000] {logging_mixin.py:151} INFO - [2024-04-27T14:17:23.185+0000] {dag.py:2907} INFO - Sync 1 DAGs
[2024-04-27T14:17:23.257+0000] {logging_mixin.py:151} INFO - [2024-04-27T14:17:23.257+0000] {dag.py:3677} INFO - Setting next_dagrun for tutorial to 2024-04-26T14:17:23.256620+00:00, run_after=2024-04-27T14:17:23.256620+00:00
[2024-04-27T14:17:23.295+0000] {processor.py:179} INFO - Processing /home/airflow/.local/lib/python3.8/site-packages/airflow/example_dags/tutorial.py took 0.187 seconds
[2024-04-27T14:17:54.323+0000] {processor.py:157} INFO - Started process (PID=843) to work on /home/airflow/.local/lib/python3.8/site-packages/airflow/example_dags/tutorial.py
[2024-04-27T14:17:54.324+0000] {processor.py:829} INFO - Processing file /home/airflow/.local/lib/python3.8/site-packages/airflow/example_dags/tutorial.py for tasks to queue
[2024-04-27T14:17:54.327+0000] {logging_mixin.py:151} INFO - [2024-04-27T14:17:54.327+0000] {dagbag.py:539} INFO - Filling up the DagBag from /home/airflow/.local/lib/python3.8/site-packages/airflow/example_dags/tutorial.py
[2024-04-27T14:17:54.337+0000] {processor.py:839} INFO - DAG(s) dict_keys(['tutorial']) retrieved from /home/airflow/.local/lib/python3.8/site-packages/airflow/example_dags/tutorial.py
[2024-04-27T14:17:54.369+0000] {logging_mixin.py:151} INFO - [2024-04-27T14:17:54.369+0000] {dag.py:2907} INFO - Sync 1 DAGs
[2024-04-27T14:17:54.400+0000] {logging_mixin.py:151} INFO - [2024-04-27T14:17:54.400+0000] {dag.py:3677} INFO - Setting next_dagrun for tutorial to 2024-04-26T14:17:54.399878+00:00, run_after=2024-04-27T14:17:54.399878+00:00
[2024-04-27T14:17:54.428+0000] {processor.py:179} INFO - Processing /home/airflow/.local/lib/python3.8/site-packages/airflow/example_dags/tutorial.py took 0.112 seconds
[2024-04-27T14:18:24.806+0000] {processor.py:157} INFO - Started process (PID=907) to work on /home/airflow/.local/lib/python3.8/site-packages/airflow/example_dags/tutorial.py
[2024-04-27T14:18:24.808+0000] {processor.py:829} INFO - Processing file /home/airflow/.local/lib/python3.8/site-packages/airflow/example_dags/tutorial.py for tasks to queue
[2024-04-27T14:18:24.811+0000] {logging_mixin.py:151} INFO - [2024-04-27T14:18:24.810+0000] {dagbag.py:539} INFO - Filling up the DagBag from /home/airflow/.local/lib/python3.8/site-packages/airflow/example_dags/tutorial.py
[2024-04-27T14:18:24.818+0000] {processor.py:839} INFO - DAG(s) dict_keys(['tutorial']) retrieved from /home/airflow/.local/lib/python3.8/site-packages/airflow/example_dags/tutorial.py
[2024-04-27T14:18:24.854+0000] {logging_mixin.py:151} INFO - [2024-04-27T14:18:24.853+0000] {dag.py:2907} INFO - Sync 1 DAGs
[2024-04-27T14:18:24.894+0000] {logging_mixin.py:151} INFO - [2024-04-27T14:18:24.894+0000] {dag.py:3677} INFO - Setting next_dagrun for tutorial to 2024-04-26T14:18:24.894469+00:00, run_after=2024-04-27T14:18:24.894469+00:00
[2024-04-27T14:18:24.921+0000] {processor.py:179} INFO - Processing /home/airflow/.local/lib/python3.8/site-packages/airflow/example_dags/tutorial.py took 0.120 seconds
[2024-04-27T14:18:55.406+0000] {processor.py:157} INFO - Started process (PID=968) to work on /home/airflow/.local/lib/python3.8/site-packages/airflow/example_dags/tutorial.py
[2024-04-27T14:18:55.407+0000] {processor.py:829} INFO - Processing file /home/airflow/.local/lib/python3.8/site-packages/airflow/example_dags/tutorial.py for tasks to queue
[2024-04-27T14:18:55.410+0000] {logging_mixin.py:151} INFO - [2024-04-27T14:18:55.410+0000] {dagbag.py:539} INFO - Filling up the DagBag from /home/airflow/.local/lib/python3.8/site-packages/airflow/example_dags/tutorial.py
[2024-04-27T14:18:55.421+0000] {processor.py:839} INFO - DAG(s) dict_keys(['tutorial']) retrieved from /home/airflow/.local/lib/python3.8/site-packages/airflow/example_dags/tutorial.py
[2024-04-27T14:18:55.457+0000] {logging_mixin.py:151} INFO - [2024-04-27T14:18:55.456+0000] {dag.py:2907} INFO - Sync 1 DAGs
[2024-04-27T14:18:55.501+0000] {logging_mixin.py:151} INFO - [2024-04-27T14:18:55.501+0000] {dag.py:3677} INFO - Setting next_dagrun for tutorial to 2024-04-26T14:18:55.500695+00:00, run_after=2024-04-27T14:18:55.500695+00:00
[2024-04-27T14:18:55.533+0000] {processor.py:179} INFO - Processing /home/airflow/.local/lib/python3.8/site-packages/airflow/example_dags/tutorial.py took 0.134 seconds
[2024-04-27T14:19:26.423+0000] {processor.py:157} INFO - Started process (PID=1039) to work on /home/airflow/.local/lib/python3.8/site-packages/airflow/example_dags/tutorial.py
[2024-04-27T14:19:26.424+0000] {processor.py:829} INFO - Processing file /home/airflow/.local/lib/python3.8/site-packages/airflow/example_dags/tutorial.py for tasks to queue
[2024-04-27T14:19:26.427+0000] {logging_mixin.py:151} INFO - [2024-04-27T14:19:26.427+0000] {dagbag.py:539} INFO - Filling up the DagBag from /home/airflow/.local/lib/python3.8/site-packages/airflow/example_dags/tutorial.py
[2024-04-27T14:19:26.437+0000] {processor.py:839} INFO - DAG(s) dict_keys(['tutorial']) retrieved from /home/airflow/.local/lib/python3.8/site-packages/airflow/example_dags/tutorial.py
[2024-04-27T14:19:26.474+0000] {logging_mixin.py:151} INFO - [2024-04-27T14:19:26.474+0000] {dag.py:2907} INFO - Sync 1 DAGs
[2024-04-27T14:19:26.518+0000] {logging_mixin.py:151} INFO - [2024-04-27T14:19:26.518+0000] {dag.py:3677} INFO - Setting next_dagrun for tutorial to 2024-04-26T14:19:26.517666+00:00, run_after=2024-04-27T14:19:26.517666+00:00
[2024-04-27T14:19:26.550+0000] {processor.py:179} INFO - Processing /home/airflow/.local/lib/python3.8/site-packages/airflow/example_dags/tutorial.py took 0.132 seconds
[2024-04-27T14:19:56.591+0000] {processor.py:157} INFO - Started process (PID=1101) to work on /home/airflow/.local/lib/python3.8/site-packages/airflow/example_dags/tutorial.py
[2024-04-27T14:19:56.592+0000] {processor.py:829} INFO - Processing file /home/airflow/.local/lib/python3.8/site-packages/airflow/example_dags/tutorial.py for tasks to queue
[2024-04-27T14:19:56.595+0000] {logging_mixin.py:151} INFO - [2024-04-27T14:19:56.595+0000] {dagbag.py:539} INFO - Filling up the DagBag from /home/airflow/.local/lib/python3.8/site-packages/airflow/example_dags/tutorial.py
[2024-04-27T14:19:56.602+0000] {processor.py:839} INFO - DAG(s) dict_keys(['tutorial']) retrieved from /home/airflow/.local/lib/python3.8/site-packages/airflow/example_dags/tutorial.py
[2024-04-27T14:19:56.628+0000] {logging_mixin.py:151} INFO - [2024-04-27T14:19:56.627+0000] {dag.py:2907} INFO - Sync 1 DAGs
[2024-04-27T14:19:56.656+0000] {logging_mixin.py:151} INFO - [2024-04-27T14:19:56.656+0000] {dag.py:3677} INFO - Setting next_dagrun for tutorial to 2024-04-26T14:19:56.656330+00:00, run_after=2024-04-27T14:19:56.656330+00:00
[2024-04-27T14:19:56.680+0000] {processor.py:179} INFO - Processing /home/airflow/.local/lib/python3.8/site-packages/airflow/example_dags/tutorial.py took 0.093 seconds
[2024-04-27T14:20:26.947+0000] {processor.py:157} INFO - Started process (PID=1165) to work on /home/airflow/.local/lib/python3.8/site-packages/airflow/example_dags/tutorial.py
[2024-04-27T14:20:26.948+0000] {processor.py:829} INFO - Processing file /home/airflow/.local/lib/python3.8/site-packages/airflow/example_dags/tutorial.py for tasks to queue
[2024-04-27T14:20:26.951+0000] {logging_mixin.py:151} INFO - [2024-04-27T14:20:26.951+0000] {dagbag.py:539} INFO - Filling up the DagBag from /home/airflow/.local/lib/python3.8/site-packages/airflow/example_dags/tutorial.py
[2024-04-27T14:20:26.960+0000] {processor.py:839} INFO - DAG(s) dict_keys(['tutorial']) retrieved from /home/airflow/.local/lib/python3.8/site-packages/airflow/example_dags/tutorial.py
[2024-04-27T14:20:26.986+0000] {logging_mixin.py:151} INFO - [2024-04-27T14:20:26.985+0000] {dag.py:2907} INFO - Sync 1 DAGs
[2024-04-27T14:20:27.017+0000] {logging_mixin.py:151} INFO - [2024-04-27T14:20:27.017+0000] {dag.py:3677} INFO - Setting next_dagrun for tutorial to 2024-04-26T14:20:27.016848+00:00, run_after=2024-04-27T14:20:27.016848+00:00
[2024-04-27T14:20:27.042+0000] {processor.py:179} INFO - Processing /home/airflow/.local/lib/python3.8/site-packages/airflow/example_dags/tutorial.py took 0.100 seconds
[2024-04-27T14:20:57.122+0000] {processor.py:157} INFO - Started process (PID=1237) to work on /home/airflow/.local/lib/python3.8/site-packages/airflow/example_dags/tutorial.py
[2024-04-27T14:20:57.124+0000] {processor.py:829} INFO - Processing file /home/airflow/.local/lib/python3.8/site-packages/airflow/example_dags/tutorial.py for tasks to queue
[2024-04-27T14:20:57.128+0000] {logging_mixin.py:151} INFO - [2024-04-27T14:20:57.127+0000] {dagbag.py:539} INFO - Filling up the DagBag from /home/airflow/.local/lib/python3.8/site-packages/airflow/example_dags/tutorial.py
[2024-04-27T14:20:57.137+0000] {processor.py:839} INFO - DAG(s) dict_keys(['tutorial']) retrieved from /home/airflow/.local/lib/python3.8/site-packages/airflow/example_dags/tutorial.py
[2024-04-27T14:20:57.173+0000] {logging_mixin.py:151} INFO - [2024-04-27T14:20:57.173+0000] {dag.py:2907} INFO - Sync 1 DAGs
[2024-04-27T14:20:57.220+0000] {logging_mixin.py:151} INFO - [2024-04-27T14:20:57.220+0000] {dag.py:3677} INFO - Setting next_dagrun for tutorial to 2024-04-26T14:20:57.220086+00:00, run_after=2024-04-27T14:20:57.220086+00:00
[2024-04-27T14:20:57.269+0000] {processor.py:179} INFO - Processing /home/airflow/.local/lib/python3.8/site-packages/airflow/example_dags/tutorial.py took 0.153 seconds
[2024-04-27T14:21:27.516+0000] {processor.py:157} INFO - Started process (PID=1301) to work on /home/airflow/.local/lib/python3.8/site-packages/airflow/example_dags/tutorial.py
[2024-04-27T14:21:27.517+0000] {processor.py:829} INFO - Processing file /home/airflow/.local/lib/python3.8/site-packages/airflow/example_dags/tutorial.py for tasks to queue
[2024-04-27T14:21:27.520+0000] {logging_mixin.py:151} INFO - [2024-04-27T14:21:27.519+0000] {dagbag.py:539} INFO - Filling up the DagBag from /home/airflow/.local/lib/python3.8/site-packages/airflow/example_dags/tutorial.py
[2024-04-27T14:21:27.529+0000] {processor.py:839} INFO - DAG(s) dict_keys(['tutorial']) retrieved from /home/airflow/.local/lib/python3.8/site-packages/airflow/example_dags/tutorial.py
[2024-04-27T14:21:27.564+0000] {logging_mixin.py:151} INFO - [2024-04-27T14:21:27.564+0000] {dag.py:2907} INFO - Sync 1 DAGs
[2024-04-27T14:21:27.606+0000] {logging_mixin.py:151} INFO - [2024-04-27T14:21:27.606+0000] {dag.py:3677} INFO - Setting next_dagrun for tutorial to 2024-04-26T14:21:27.606078+00:00, run_after=2024-04-27T14:21:27.606078+00:00
[2024-04-27T14:21:27.638+0000] {processor.py:179} INFO - Processing /home/airflow/.local/lib/python3.8/site-packages/airflow/example_dags/tutorial.py took 0.127 seconds
[2024-04-27T14:21:57.728+0000] {processor.py:157} INFO - Started process (PID=1366) to work on /home/airflow/.local/lib/python3.8/site-packages/airflow/example_dags/tutorial.py
[2024-04-27T14:21:57.729+0000] {processor.py:829} INFO - Processing file /home/airflow/.local/lib/python3.8/site-packages/airflow/example_dags/tutorial.py for tasks to queue
[2024-04-27T14:21:57.731+0000] {logging_mixin.py:151} INFO - [2024-04-27T14:21:57.731+0000] {dagbag.py:539} INFO - Filling up the DagBag from /home/airflow/.local/lib/python3.8/site-packages/airflow/example_dags/tutorial.py
[2024-04-27T14:21:57.740+0000] {processor.py:839} INFO - DAG(s) dict_keys(['tutorial']) retrieved from /home/airflow/.local/lib/python3.8/site-packages/airflow/example_dags/tutorial.py
[2024-04-27T14:21:57.766+0000] {logging_mixin.py:151} INFO - [2024-04-27T14:21:57.766+0000] {dag.py:2907} INFO - Sync 1 DAGs
[2024-04-27T14:21:57.796+0000] {logging_mixin.py:151} INFO - [2024-04-27T14:21:57.795+0000] {dag.py:3677} INFO - Setting next_dagrun for tutorial to 2024-04-26T14:21:57.795418+00:00, run_after=2024-04-27T14:21:57.795418+00:00
[2024-04-27T14:21:57.821+0000] {processor.py:179} INFO - Processing /home/airflow/.local/lib/python3.8/site-packages/airflow/example_dags/tutorial.py took 0.097 seconds
[2024-04-27T14:22:28.176+0000] {processor.py:157} INFO - Started process (PID=1439) to work on /home/airflow/.local/lib/python3.8/site-packages/airflow/example_dags/tutorial.py
[2024-04-27T14:22:28.177+0000] {processor.py:829} INFO - Processing file /home/airflow/.local/lib/python3.8/site-packages/airflow/example_dags/tutorial.py for tasks to queue
[2024-04-27T14:22:28.180+0000] {logging_mixin.py:151} INFO - [2024-04-27T14:22:28.180+0000] {dagbag.py:539} INFO - Filling up the DagBag from /home/airflow/.local/lib/python3.8/site-packages/airflow/example_dags/tutorial.py
[2024-04-27T14:22:28.188+0000] {processor.py:839} INFO - DAG(s) dict_keys(['tutorial']) retrieved from /home/airflow/.local/lib/python3.8/site-packages/airflow/example_dags/tutorial.py
[2024-04-27T14:22:28.214+0000] {logging_mixin.py:151} INFO - [2024-04-27T14:22:28.214+0000] {dag.py:2907} INFO - Sync 1 DAGs
[2024-04-27T14:22:28.245+0000] {logging_mixin.py:151} INFO - [2024-04-27T14:22:28.244+0000] {dag.py:3677} INFO - Setting next_dagrun for tutorial to 2024-04-26T14:22:28.244473+00:00, run_after=2024-04-27T14:22:28.244473+00:00
[2024-04-27T14:22:28.270+0000] {processor.py:179} INFO - Processing /home/airflow/.local/lib/python3.8/site-packages/airflow/example_dags/tutorial.py took 0.101 seconds
[2024-04-27T14:22:58.560+0000] {processor.py:157} INFO - Started process (PID=1502) to work on /home/airflow/.local/lib/python3.8/site-packages/airflow/example_dags/tutorial.py
[2024-04-27T14:22:58.561+0000] {processor.py:829} INFO - Processing file /home/airflow/.local/lib/python3.8/site-packages/airflow/example_dags/tutorial.py for tasks to queue
[2024-04-27T14:22:58.565+0000] {logging_mixin.py:151} INFO - [2024-04-27T14:22:58.564+0000] {dagbag.py:539} INFO - Filling up the DagBag from /home/airflow/.local/lib/python3.8/site-packages/airflow/example_dags/tutorial.py
[2024-04-27T14:22:58.575+0000] {processor.py:839} INFO - DAG(s) dict_keys(['tutorial']) retrieved from /home/airflow/.local/lib/python3.8/site-packages/airflow/example_dags/tutorial.py
[2024-04-27T14:22:58.611+0000] {logging_mixin.py:151} INFO - [2024-04-27T14:22:58.610+0000] {dag.py:2907} INFO - Sync 1 DAGs
[2024-04-27T14:22:58.656+0000] {logging_mixin.py:151} INFO - [2024-04-27T14:22:58.655+0000] {dag.py:3677} INFO - Setting next_dagrun for tutorial to 2024-04-26T14:22:58.655305+00:00, run_after=2024-04-27T14:22:58.655305+00:00
[2024-04-27T14:22:58.683+0000] {processor.py:179} INFO - Processing /home/airflow/.local/lib/python3.8/site-packages/airflow/example_dags/tutorial.py took 0.129 seconds
[2024-04-27T14:23:28.820+0000] {processor.py:157} INFO - Started process (PID=1566) to work on /home/airflow/.local/lib/python3.8/site-packages/airflow/example_dags/tutorial.py
[2024-04-27T14:23:28.821+0000] {processor.py:829} INFO - Processing file /home/airflow/.local/lib/python3.8/site-packages/airflow/example_dags/tutorial.py for tasks to queue
[2024-04-27T14:23:28.825+0000] {logging_mixin.py:151} INFO - [2024-04-27T14:23:28.824+0000] {dagbag.py:539} INFO - Filling up the DagBag from /home/airflow/.local/lib/python3.8/site-packages/airflow/example_dags/tutorial.py
[2024-04-27T14:23:28.833+0000] {processor.py:839} INFO - DAG(s) dict_keys(['tutorial']) retrieved from /home/airflow/.local/lib/python3.8/site-packages/airflow/example_dags/tutorial.py
[2024-04-27T14:23:28.859+0000] {logging_mixin.py:151} INFO - [2024-04-27T14:23:28.859+0000] {dag.py:2907} INFO - Sync 1 DAGs
[2024-04-27T14:23:28.889+0000] {logging_mixin.py:151} INFO - [2024-04-27T14:23:28.889+0000] {dag.py:3677} INFO - Setting next_dagrun for tutorial to 2024-04-26T14:23:28.888793+00:00, run_after=2024-04-27T14:23:28.888793+00:00
[2024-04-27T14:23:28.915+0000] {processor.py:179} INFO - Processing /home/airflow/.local/lib/python3.8/site-packages/airflow/example_dags/tutorial.py took 0.100 seconds
[2024-04-27T14:23:59.624+0000] {processor.py:157} INFO - Started process (PID=1639) to work on /home/airflow/.local/lib/python3.8/site-packages/airflow/example_dags/tutorial.py
[2024-04-27T14:23:59.625+0000] {processor.py:829} INFO - Processing file /home/airflow/.local/lib/python3.8/site-packages/airflow/example_dags/tutorial.py for tasks to queue
[2024-04-27T14:23:59.628+0000] {logging_mixin.py:151} INFO - [2024-04-27T14:23:59.627+0000] {dagbag.py:539} INFO - Filling up the DagBag from /home/airflow/.local/lib/python3.8/site-packages/airflow/example_dags/tutorial.py
[2024-04-27T14:23:59.637+0000] {processor.py:839} INFO - DAG(s) dict_keys(['tutorial']) retrieved from /home/airflow/.local/lib/python3.8/site-packages/airflow/example_dags/tutorial.py
[2024-04-27T14:23:59.662+0000] {logging_mixin.py:151} INFO - [2024-04-27T14:23:59.662+0000] {dag.py:2907} INFO - Sync 1 DAGs
[2024-04-27T14:23:59.690+0000] {logging_mixin.py:151} INFO - [2024-04-27T14:23:59.690+0000] {dag.py:3677} INFO - Setting next_dagrun for tutorial to 2024-04-26T14:23:59.690197+00:00, run_after=2024-04-27T14:23:59.690197+00:00
[2024-04-27T14:23:59.714+0000] {processor.py:179} INFO - Processing /home/airflow/.local/lib/python3.8/site-packages/airflow/example_dags/tutorial.py took 0.096 seconds
[2024-04-27T14:24:29.961+0000] {processor.py:157} INFO - Started process (PID=1703) to work on /home/airflow/.local/lib/python3.8/site-packages/airflow/example_dags/tutorial.py
[2024-04-27T14:24:29.962+0000] {processor.py:829} INFO - Processing file /home/airflow/.local/lib/python3.8/site-packages/airflow/example_dags/tutorial.py for tasks to queue
[2024-04-27T14:24:29.965+0000] {logging_mixin.py:151} INFO - [2024-04-27T14:24:29.964+0000] {dagbag.py:539} INFO - Filling up the DagBag from /home/airflow/.local/lib/python3.8/site-packages/airflow/example_dags/tutorial.py
[2024-04-27T14:24:29.974+0000] {processor.py:839} INFO - DAG(s) dict_keys(['tutorial']) retrieved from /home/airflow/.local/lib/python3.8/site-packages/airflow/example_dags/tutorial.py
[2024-04-27T14:24:30.006+0000] {logging_mixin.py:151} INFO - [2024-04-27T14:24:30.005+0000] {dag.py:2907} INFO - Sync 1 DAGs
[2024-04-27T14:24:30.048+0000] {logging_mixin.py:151} INFO - [2024-04-27T14:24:30.047+0000] {dag.py:3677} INFO - Setting next_dagrun for tutorial to 2024-04-26T14:24:30.047609+00:00, run_after=2024-04-27T14:24:30.047609+00:00
[2024-04-27T14:24:30.077+0000] {processor.py:179} INFO - Processing /home/airflow/.local/lib/python3.8/site-packages/airflow/example_dags/tutorial.py took 0.121 seconds
[2024-04-27T14:25:00.731+0000] {processor.py:157} INFO - Started process (PID=1776) to work on /home/airflow/.local/lib/python3.8/site-packages/airflow/example_dags/tutorial.py
[2024-04-27T14:25:00.734+0000] {processor.py:829} INFO - Processing file /home/airflow/.local/lib/python3.8/site-packages/airflow/example_dags/tutorial.py for tasks to queue
[2024-04-27T14:25:00.737+0000] {logging_mixin.py:151} INFO - [2024-04-27T14:25:00.737+0000] {dagbag.py:539} INFO - Filling up the DagBag from /home/airflow/.local/lib/python3.8/site-packages/airflow/example_dags/tutorial.py
[2024-04-27T14:25:00.746+0000] {processor.py:839} INFO - DAG(s) dict_keys(['tutorial']) retrieved from /home/airflow/.local/lib/python3.8/site-packages/airflow/example_dags/tutorial.py
[2024-04-27T14:25:00.781+0000] {logging_mixin.py:151} INFO - [2024-04-27T14:25:00.781+0000] {dag.py:2907} INFO - Sync 1 DAGs
[2024-04-27T14:25:00.820+0000] {logging_mixin.py:151} INFO - [2024-04-27T14:25:00.819+0000] {dag.py:3677} INFO - Setting next_dagrun for tutorial to 2024-04-26T14:25:00.819283+00:00, run_after=2024-04-27T14:25:00.819283+00:00
[2024-04-27T14:25:00.849+0000] {processor.py:179} INFO - Processing /home/airflow/.local/lib/python3.8/site-packages/airflow/example_dags/tutorial.py took 0.127 seconds
[2024-04-27T14:25:31.310+0000] {processor.py:157} INFO - Started process (PID=1841) to work on /home/airflow/.local/lib/python3.8/site-packages/airflow/example_dags/tutorial.py
[2024-04-27T14:25:31.311+0000] {processor.py:829} INFO - Processing file /home/airflow/.local/lib/python3.8/site-packages/airflow/example_dags/tutorial.py for tasks to queue
[2024-04-27T14:25:31.315+0000] {logging_mixin.py:151} INFO - [2024-04-27T14:25:31.314+0000] {dagbag.py:539} INFO - Filling up the DagBag from /home/airflow/.local/lib/python3.8/site-packages/airflow/example_dags/tutorial.py
[2024-04-27T14:25:31.324+0000] {processor.py:839} INFO - DAG(s) dict_keys(['tutorial']) retrieved from /home/airflow/.local/lib/python3.8/site-packages/airflow/example_dags/tutorial.py
[2024-04-27T14:25:31.351+0000] {logging_mixin.py:151} INFO - [2024-04-27T14:25:31.351+0000] {dag.py:2907} INFO - Sync 1 DAGs
[2024-04-27T14:25:31.379+0000] {logging_mixin.py:151} INFO - [2024-04-27T14:25:31.378+0000] {dag.py:3677} INFO - Setting next_dagrun for tutorial to 2024-04-26T14:25:31.378703+00:00, run_after=2024-04-27T14:25:31.378703+00:00
[2024-04-27T14:25:31.401+0000] {processor.py:179} INFO - Processing /home/airflow/.local/lib/python3.8/site-packages/airflow/example_dags/tutorial.py took 0.095 seconds
