[2024-06-26T00:00:00.765+0000] {processor.py:157} INFO - Started process (PID=3380435) to work on /opt/airflow/dags/dag.py
[2024-06-26T00:00:00.766+0000] {processor.py:829} INFO - Processing file /opt/airflow/dags/dag.py for tasks to queue
[2024-06-26T00:00:00.769+0000] {logging_mixin.py:151} INFO - [2024-06-26T00:00:00.768+0000] {dagbag.py:539} INFO - Filling up the DagBag from /opt/airflow/dags/dag.py
[2024-06-26T00:00:01.513+0000] {processor.py:839} INFO - DAG(s) dict_keys(['crawling-upload']) retrieved from /opt/airflow/dags/dag.py
[2024-06-26T00:00:01.583+0000] {logging_mixin.py:151} INFO - [2024-06-26T00:00:01.582+0000] {dag.py:2907} INFO - Sync 1 DAGs
[2024-06-26T00:00:01.651+0000] {processor.py:179} INFO - Processing /opt/airflow/dags/dag.py took 0.889 seconds
[2024-06-26T00:00:31.806+0000] {processor.py:157} INFO - Started process (PID=3380465) to work on /opt/airflow/dags/dag.py
[2024-06-26T00:00:31.807+0000] {processor.py:829} INFO - Processing file /opt/airflow/dags/dag.py for tasks to queue
[2024-06-26T00:00:31.809+0000] {logging_mixin.py:151} INFO - [2024-06-26T00:00:31.809+0000] {dagbag.py:539} INFO - Filling up the DagBag from /opt/airflow/dags/dag.py
[2024-06-26T00:00:32.426+0000] {processor.py:839} INFO - DAG(s) dict_keys(['crawling-upload']) retrieved from /opt/airflow/dags/dag.py
[2024-06-26T00:00:32.468+0000] {logging_mixin.py:151} INFO - [2024-06-26T00:00:32.468+0000] {dag.py:2907} INFO - Sync 1 DAGs
[2024-06-26T00:00:32.513+0000] {processor.py:179} INFO - Processing /opt/airflow/dags/dag.py took 0.711 seconds
[2024-06-26T00:01:02.670+0000] {processor.py:157} INFO - Started process (PID=3380483) to work on /opt/airflow/dags/dag.py
[2024-06-26T00:01:02.671+0000] {processor.py:829} INFO - Processing file /opt/airflow/dags/dag.py for tasks to queue
[2024-06-26T00:01:02.673+0000] {logging_mixin.py:151} INFO - [2024-06-26T00:01:02.673+0000] {dagbag.py:539} INFO - Filling up the DagBag from /opt/airflow/dags/dag.py
[2024-06-26T00:01:03.337+0000] {processor.py:839} INFO - DAG(s) dict_keys(['crawling-upload']) retrieved from /opt/airflow/dags/dag.py
[2024-06-26T00:01:03.373+0000] {logging_mixin.py:151} INFO - [2024-06-26T00:01:03.373+0000] {dag.py:2907} INFO - Sync 1 DAGs
[2024-06-26T00:01:03.425+0000] {processor.py:179} INFO - Processing /opt/airflow/dags/dag.py took 0.759 seconds
[2024-06-26T00:01:33.573+0000] {processor.py:157} INFO - Started process (PID=3380509) to work on /opt/airflow/dags/dag.py
[2024-06-26T00:01:33.575+0000] {processor.py:829} INFO - Processing file /opt/airflow/dags/dag.py for tasks to queue
[2024-06-26T00:01:33.578+0000] {logging_mixin.py:151} INFO - [2024-06-26T00:01:33.577+0000] {dagbag.py:539} INFO - Filling up the DagBag from /opt/airflow/dags/dag.py
[2024-06-26T00:01:34.230+0000] {processor.py:839} INFO - DAG(s) dict_keys(['crawling-upload']) retrieved from /opt/airflow/dags/dag.py
[2024-06-26T00:01:34.263+0000] {logging_mixin.py:151} INFO - [2024-06-26T00:01:34.263+0000] {dag.py:2907} INFO - Sync 1 DAGs
[2024-06-26T00:01:34.310+0000] {processor.py:179} INFO - Processing /opt/airflow/dags/dag.py took 0.740 seconds
[2024-06-26T00:02:04.458+0000] {processor.py:157} INFO - Started process (PID=3380528) to work on /opt/airflow/dags/dag.py
[2024-06-26T00:02:04.459+0000] {processor.py:829} INFO - Processing file /opt/airflow/dags/dag.py for tasks to queue
[2024-06-26T00:02:04.462+0000] {logging_mixin.py:151} INFO - [2024-06-26T00:02:04.461+0000] {dagbag.py:539} INFO - Filling up the DagBag from /opt/airflow/dags/dag.py
[2024-06-26T00:02:05.094+0000] {processor.py:839} INFO - DAG(s) dict_keys(['crawling-upload']) retrieved from /opt/airflow/dags/dag.py
[2024-06-26T00:02:05.126+0000] {logging_mixin.py:151} INFO - [2024-06-26T00:02:05.126+0000] {dag.py:2907} INFO - Sync 1 DAGs
[2024-06-26T00:02:05.173+0000] {processor.py:179} INFO - Processing /opt/airflow/dags/dag.py took 0.719 seconds
[2024-06-26T00:02:35.350+0000] {processor.py:157} INFO - Started process (PID=3380554) to work on /opt/airflow/dags/dag.py
[2024-06-26T00:02:35.352+0000] {processor.py:829} INFO - Processing file /opt/airflow/dags/dag.py for tasks to queue
[2024-06-26T00:02:35.355+0000] {logging_mixin.py:151} INFO - [2024-06-26T00:02:35.354+0000] {dagbag.py:539} INFO - Filling up the DagBag from /opt/airflow/dags/dag.py
[2024-06-26T00:02:36.024+0000] {processor.py:839} INFO - DAG(s) dict_keys(['crawling-upload']) retrieved from /opt/airflow/dags/dag.py
[2024-06-26T00:02:36.060+0000] {logging_mixin.py:151} INFO - [2024-06-26T00:02:36.060+0000] {dag.py:2907} INFO - Sync 1 DAGs
[2024-06-26T00:02:36.110+0000] {processor.py:179} INFO - Processing /opt/airflow/dags/dag.py took 0.764 seconds
[2024-06-26T00:03:06.277+0000] {processor.py:157} INFO - Started process (PID=3380572) to work on /opt/airflow/dags/dag.py
[2024-06-26T00:03:06.279+0000] {processor.py:829} INFO - Processing file /opt/airflow/dags/dag.py for tasks to queue
[2024-06-26T00:03:06.281+0000] {logging_mixin.py:151} INFO - [2024-06-26T00:03:06.281+0000] {dagbag.py:539} INFO - Filling up the DagBag from /opt/airflow/dags/dag.py
[2024-06-26T00:03:06.927+0000] {processor.py:839} INFO - DAG(s) dict_keys(['crawling-upload']) retrieved from /opt/airflow/dags/dag.py
[2024-06-26T00:03:06.959+0000] {logging_mixin.py:151} INFO - [2024-06-26T00:03:06.959+0000] {dag.py:2907} INFO - Sync 1 DAGs
[2024-06-26T00:03:07.142+0000] {processor.py:179} INFO - Processing /opt/airflow/dags/dag.py took 0.868 seconds
[2024-06-26T00:03:37.300+0000] {processor.py:157} INFO - Started process (PID=3380597) to work on /opt/airflow/dags/dag.py
[2024-06-26T00:03:37.301+0000] {processor.py:829} INFO - Processing file /opt/airflow/dags/dag.py for tasks to queue
[2024-06-26T00:03:37.303+0000] {logging_mixin.py:151} INFO - [2024-06-26T00:03:37.303+0000] {dagbag.py:539} INFO - Filling up the DagBag from /opt/airflow/dags/dag.py
[2024-06-26T00:03:38.121+0000] {processor.py:839} INFO - DAG(s) dict_keys(['crawling-upload']) retrieved from /opt/airflow/dags/dag.py
[2024-06-26T00:03:38.153+0000] {logging_mixin.py:151} INFO - [2024-06-26T00:03:38.153+0000] {dag.py:2907} INFO - Sync 1 DAGs
[2024-06-26T00:03:38.201+0000] {processor.py:179} INFO - Processing /opt/airflow/dags/dag.py took 0.905 seconds
[2024-06-26T00:04:08.368+0000] {processor.py:157} INFO - Started process (PID=3380616) to work on /opt/airflow/dags/dag.py
[2024-06-26T00:04:08.370+0000] {processor.py:829} INFO - Processing file /opt/airflow/dags/dag.py for tasks to queue
[2024-06-26T00:04:08.372+0000] {logging_mixin.py:151} INFO - [2024-06-26T00:04:08.372+0000] {dagbag.py:539} INFO - Filling up the DagBag from /opt/airflow/dags/dag.py
[2024-06-26T00:04:09.021+0000] {processor.py:839} INFO - DAG(s) dict_keys(['crawling-upload']) retrieved from /opt/airflow/dags/dag.py
[2024-06-26T00:04:09.060+0000] {logging_mixin.py:151} INFO - [2024-06-26T00:04:09.060+0000] {dag.py:2907} INFO - Sync 1 DAGs
[2024-06-26T00:04:09.109+0000] {processor.py:179} INFO - Processing /opt/airflow/dags/dag.py took 0.745 seconds
[2024-06-26T00:04:39.190+0000] {processor.py:157} INFO - Started process (PID=3380634) to work on /opt/airflow/dags/dag.py
[2024-06-26T00:04:39.191+0000] {processor.py:829} INFO - Processing file /opt/airflow/dags/dag.py for tasks to queue
[2024-06-26T00:04:39.193+0000] {logging_mixin.py:151} INFO - [2024-06-26T00:04:39.193+0000] {dagbag.py:539} INFO - Filling up the DagBag from /opt/airflow/dags/dag.py
[2024-06-26T00:04:39.841+0000] {processor.py:839} INFO - DAG(s) dict_keys(['crawling-upload']) retrieved from /opt/airflow/dags/dag.py
[2024-06-26T00:04:39.874+0000] {logging_mixin.py:151} INFO - [2024-06-26T00:04:39.874+0000] {dag.py:2907} INFO - Sync 1 DAGs
[2024-06-26T00:04:39.921+0000] {processor.py:179} INFO - Processing /opt/airflow/dags/dag.py took 0.735 seconds
[2024-06-26T00:05:10.088+0000] {processor.py:157} INFO - Started process (PID=3380660) to work on /opt/airflow/dags/dag.py
[2024-06-26T00:05:10.090+0000] {processor.py:829} INFO - Processing file /opt/airflow/dags/dag.py for tasks to queue
[2024-06-26T00:05:10.092+0000] {logging_mixin.py:151} INFO - [2024-06-26T00:05:10.092+0000] {dagbag.py:539} INFO - Filling up the DagBag from /opt/airflow/dags/dag.py
[2024-06-26T00:05:10.726+0000] {processor.py:839} INFO - DAG(s) dict_keys(['crawling-upload']) retrieved from /opt/airflow/dags/dag.py
[2024-06-26T00:05:10.758+0000] {logging_mixin.py:151} INFO - [2024-06-26T00:05:10.758+0000] {dag.py:2907} INFO - Sync 1 DAGs
[2024-06-26T00:05:10.805+0000] {processor.py:179} INFO - Processing /opt/airflow/dags/dag.py took 0.721 seconds
[2024-06-26T00:05:40.961+0000] {processor.py:157} INFO - Started process (PID=3380677) to work on /opt/airflow/dags/dag.py
[2024-06-26T00:05:40.963+0000] {processor.py:829} INFO - Processing file /opt/airflow/dags/dag.py for tasks to queue
[2024-06-26T00:05:40.966+0000] {logging_mixin.py:151} INFO - [2024-06-26T00:05:40.965+0000] {dagbag.py:539} INFO - Filling up the DagBag from /opt/airflow/dags/dag.py
[2024-06-26T00:05:41.856+0000] {processor.py:839} INFO - DAG(s) dict_keys(['crawling-upload']) retrieved from /opt/airflow/dags/dag.py
[2024-06-26T00:05:41.893+0000] {logging_mixin.py:151} INFO - [2024-06-26T00:05:41.893+0000] {dag.py:2907} INFO - Sync 1 DAGs
[2024-06-26T00:05:41.949+0000] {processor.py:179} INFO - Processing /opt/airflow/dags/dag.py took 0.993 seconds
[2024-06-26T00:06:12.116+0000] {processor.py:157} INFO - Started process (PID=3380703) to work on /opt/airflow/dags/dag.py
[2024-06-26T00:06:12.117+0000] {processor.py:829} INFO - Processing file /opt/airflow/dags/dag.py for tasks to queue
[2024-06-26T00:06:12.119+0000] {logging_mixin.py:151} INFO - [2024-06-26T00:06:12.119+0000] {dagbag.py:539} INFO - Filling up the DagBag from /opt/airflow/dags/dag.py
[2024-06-26T00:06:12.743+0000] {processor.py:839} INFO - DAG(s) dict_keys(['crawling-upload']) retrieved from /opt/airflow/dags/dag.py
[2024-06-26T00:06:12.806+0000] {logging_mixin.py:151} INFO - [2024-06-26T00:06:12.806+0000] {dag.py:2907} INFO - Sync 1 DAGs
[2024-06-26T00:06:12.989+0000] {processor.py:179} INFO - Processing /opt/airflow/dags/dag.py took 0.877 seconds
[2024-06-26T00:06:43.165+0000] {processor.py:157} INFO - Started process (PID=3380720) to work on /opt/airflow/dags/dag.py
[2024-06-26T00:06:43.166+0000] {processor.py:829} INFO - Processing file /opt/airflow/dags/dag.py for tasks to queue
[2024-06-26T00:06:43.169+0000] {logging_mixin.py:151} INFO - [2024-06-26T00:06:43.169+0000] {dagbag.py:539} INFO - Filling up the DagBag from /opt/airflow/dags/dag.py
[2024-06-26T00:06:44.015+0000] {processor.py:839} INFO - DAG(s) dict_keys(['crawling-upload']) retrieved from /opt/airflow/dags/dag.py
[2024-06-26T00:06:44.058+0000] {logging_mixin.py:151} INFO - [2024-06-26T00:06:44.058+0000] {dag.py:2907} INFO - Sync 1 DAGs
[2024-06-26T00:06:44.123+0000] {processor.py:179} INFO - Processing /opt/airflow/dags/dag.py took 0.963 seconds
[2024-06-26T00:07:14.326+0000] {processor.py:157} INFO - Started process (PID=3380745) to work on /opt/airflow/dags/dag.py
[2024-06-26T00:07:14.326+0000] {processor.py:829} INFO - Processing file /opt/airflow/dags/dag.py for tasks to queue
[2024-06-26T00:07:14.329+0000] {logging_mixin.py:151} INFO - [2024-06-26T00:07:14.328+0000] {dagbag.py:539} INFO - Filling up the DagBag from /opt/airflow/dags/dag.py
[2024-06-26T00:07:14.940+0000] {processor.py:839} INFO - DAG(s) dict_keys(['crawling-upload']) retrieved from /opt/airflow/dags/dag.py
[2024-06-26T00:07:14.973+0000] {logging_mixin.py:151} INFO - [2024-06-26T00:07:14.973+0000] {dag.py:2907} INFO - Sync 1 DAGs
[2024-06-26T00:07:15.019+0000] {processor.py:179} INFO - Processing /opt/airflow/dags/dag.py took 0.698 seconds
[2024-06-26T00:07:45.198+0000] {processor.py:157} INFO - Started process (PID=3380763) to work on /opt/airflow/dags/dag.py
[2024-06-26T00:07:45.200+0000] {processor.py:829} INFO - Processing file /opt/airflow/dags/dag.py for tasks to queue
[2024-06-26T00:07:45.203+0000] {logging_mixin.py:151} INFO - [2024-06-26T00:07:45.203+0000] {dagbag.py:539} INFO - Filling up the DagBag from /opt/airflow/dags/dag.py
[2024-06-26T00:07:45.869+0000] {processor.py:839} INFO - DAG(s) dict_keys(['crawling-upload']) retrieved from /opt/airflow/dags/dag.py
[2024-06-26T00:07:45.905+0000] {logging_mixin.py:151} INFO - [2024-06-26T00:07:45.904+0000] {dag.py:2907} INFO - Sync 1 DAGs
[2024-06-26T00:07:45.992+0000] {processor.py:179} INFO - Processing /opt/airflow/dags/dag.py took 0.800 seconds
[2024-06-26T00:08:16.150+0000] {processor.py:157} INFO - Started process (PID=3380788) to work on /opt/airflow/dags/dag.py
[2024-06-26T00:08:16.151+0000] {processor.py:829} INFO - Processing file /opt/airflow/dags/dag.py for tasks to queue
[2024-06-26T00:08:16.153+0000] {logging_mixin.py:151} INFO - [2024-06-26T00:08:16.153+0000] {dagbag.py:539} INFO - Filling up the DagBag from /opt/airflow/dags/dag.py
[2024-06-26T00:08:16.846+0000] {processor.py:839} INFO - DAG(s) dict_keys(['crawling-upload']) retrieved from /opt/airflow/dags/dag.py
[2024-06-26T00:08:16.881+0000] {logging_mixin.py:151} INFO - [2024-06-26T00:08:16.881+0000] {dag.py:2907} INFO - Sync 1 DAGs
[2024-06-26T00:08:16.924+0000] {processor.py:179} INFO - Processing /opt/airflow/dags/dag.py took 0.778 seconds
[2024-06-26T00:08:47.091+0000] {processor.py:157} INFO - Started process (PID=3380806) to work on /opt/airflow/dags/dag.py
[2024-06-26T00:08:47.092+0000] {processor.py:829} INFO - Processing file /opt/airflow/dags/dag.py for tasks to queue
[2024-06-26T00:08:47.095+0000] {logging_mixin.py:151} INFO - [2024-06-26T00:08:47.094+0000] {dagbag.py:539} INFO - Filling up the DagBag from /opt/airflow/dags/dag.py
[2024-06-26T00:08:47.854+0000] {processor.py:839} INFO - DAG(s) dict_keys(['crawling-upload']) retrieved from /opt/airflow/dags/dag.py
[2024-06-26T00:08:47.894+0000] {logging_mixin.py:151} INFO - [2024-06-26T00:08:47.894+0000] {dag.py:2907} INFO - Sync 1 DAGs
[2024-06-26T00:08:47.947+0000] {processor.py:179} INFO - Processing /opt/airflow/dags/dag.py took 0.860 seconds
[2024-06-26T00:09:18.085+0000] {processor.py:157} INFO - Started process (PID=3380831) to work on /opt/airflow/dags/dag.py
[2024-06-26T00:09:18.086+0000] {processor.py:829} INFO - Processing file /opt/airflow/dags/dag.py for tasks to queue
[2024-06-26T00:09:18.088+0000] {logging_mixin.py:151} INFO - [2024-06-26T00:09:18.088+0000] {dagbag.py:539} INFO - Filling up the DagBag from /opt/airflow/dags/dag.py
[2024-06-26T00:09:18.802+0000] {processor.py:839} INFO - DAG(s) dict_keys(['crawling-upload']) retrieved from /opt/airflow/dags/dag.py
[2024-06-26T00:09:18.846+0000] {logging_mixin.py:151} INFO - [2024-06-26T00:09:18.845+0000] {dag.py:2907} INFO - Sync 1 DAGs
[2024-06-26T00:09:18.927+0000] {processor.py:179} INFO - Processing /opt/airflow/dags/dag.py took 0.845 seconds
[2024-06-26T00:09:49.120+0000] {processor.py:157} INFO - Started process (PID=3380849) to work on /opt/airflow/dags/dag.py
[2024-06-26T00:09:49.122+0000] {processor.py:829} INFO - Processing file /opt/airflow/dags/dag.py for tasks to queue
[2024-06-26T00:09:49.125+0000] {logging_mixin.py:151} INFO - [2024-06-26T00:09:49.125+0000] {dagbag.py:539} INFO - Filling up the DagBag from /opt/airflow/dags/dag.py
[2024-06-26T00:09:49.902+0000] {processor.py:839} INFO - DAG(s) dict_keys(['crawling-upload']) retrieved from /opt/airflow/dags/dag.py
[2024-06-26T00:09:49.938+0000] {logging_mixin.py:151} INFO - [2024-06-26T00:09:49.938+0000] {dag.py:2907} INFO - Sync 1 DAGs
[2024-06-26T00:09:49.989+0000] {processor.py:179} INFO - Processing /opt/airflow/dags/dag.py took 0.873 seconds
[2024-06-26T00:10:20.159+0000] {processor.py:157} INFO - Started process (PID=3380876) to work on /opt/airflow/dags/dag.py
[2024-06-26T00:10:20.161+0000] {processor.py:829} INFO - Processing file /opt/airflow/dags/dag.py for tasks to queue
[2024-06-26T00:10:20.163+0000] {logging_mixin.py:151} INFO - [2024-06-26T00:10:20.163+0000] {dagbag.py:539} INFO - Filling up the DagBag from /opt/airflow/dags/dag.py
[2024-06-26T00:10:20.810+0000] {processor.py:839} INFO - DAG(s) dict_keys(['crawling-upload']) retrieved from /opt/airflow/dags/dag.py
[2024-06-26T00:10:20.846+0000] {logging_mixin.py:151} INFO - [2024-06-26T00:10:20.846+0000] {dag.py:2907} INFO - Sync 1 DAGs
[2024-06-26T00:10:20.895+0000] {processor.py:179} INFO - Processing /opt/airflow/dags/dag.py took 0.741 seconds
[2024-06-26T00:10:51.076+0000] {processor.py:157} INFO - Started process (PID=3380896) to work on /opt/airflow/dags/dag.py
[2024-06-26T00:10:51.078+0000] {processor.py:829} INFO - Processing file /opt/airflow/dags/dag.py for tasks to queue
[2024-06-26T00:10:51.082+0000] {logging_mixin.py:151} INFO - [2024-06-26T00:10:51.081+0000] {dagbag.py:539} INFO - Filling up the DagBag from /opt/airflow/dags/dag.py
[2024-06-26T00:10:51.745+0000] {processor.py:839} INFO - DAG(s) dict_keys(['crawling-upload']) retrieved from /opt/airflow/dags/dag.py
[2024-06-26T00:10:51.778+0000] {logging_mixin.py:151} INFO - [2024-06-26T00:10:51.777+0000] {dag.py:2907} INFO - Sync 1 DAGs
[2024-06-26T00:10:51.834+0000] {processor.py:179} INFO - Processing /opt/airflow/dags/dag.py took 0.767 seconds
[2024-06-26T00:11:21.992+0000] {processor.py:157} INFO - Started process (PID=3380915) to work on /opt/airflow/dags/dag.py
[2024-06-26T00:11:21.993+0000] {processor.py:829} INFO - Processing file /opt/airflow/dags/dag.py for tasks to queue
[2024-06-26T00:11:21.996+0000] {logging_mixin.py:151} INFO - [2024-06-26T00:11:21.996+0000] {dagbag.py:539} INFO - Filling up the DagBag from /opt/airflow/dags/dag.py
[2024-06-26T00:11:22.627+0000] {processor.py:839} INFO - DAG(s) dict_keys(['crawling-upload']) retrieved from /opt/airflow/dags/dag.py
[2024-06-26T00:11:22.665+0000] {logging_mixin.py:151} INFO - [2024-06-26T00:11:22.665+0000] {dag.py:2907} INFO - Sync 1 DAGs
[2024-06-26T00:11:22.711+0000] {processor.py:179} INFO - Processing /opt/airflow/dags/dag.py took 0.724 seconds
[2024-06-26T00:11:52.805+0000] {processor.py:157} INFO - Started process (PID=3380942) to work on /opt/airflow/dags/dag.py
[2024-06-26T00:11:52.806+0000] {processor.py:829} INFO - Processing file /opt/airflow/dags/dag.py for tasks to queue
[2024-06-26T00:11:52.808+0000] {logging_mixin.py:151} INFO - [2024-06-26T00:11:52.808+0000] {dagbag.py:539} INFO - Filling up the DagBag from /opt/airflow/dags/dag.py
[2024-06-26T00:11:53.446+0000] {processor.py:839} INFO - DAG(s) dict_keys(['crawling-upload']) retrieved from /opt/airflow/dags/dag.py
[2024-06-26T00:11:53.478+0000] {logging_mixin.py:151} INFO - [2024-06-26T00:11:53.478+0000] {dag.py:2907} INFO - Sync 1 DAGs
[2024-06-26T00:11:53.654+0000] {processor.py:179} INFO - Processing /opt/airflow/dags/dag.py took 0.854 seconds
[2024-06-26T00:12:23.829+0000] {processor.py:157} INFO - Started process (PID=3380958) to work on /opt/airflow/dags/dag.py
[2024-06-26T00:12:23.830+0000] {processor.py:829} INFO - Processing file /opt/airflow/dags/dag.py for tasks to queue
[2024-06-26T00:12:23.833+0000] {logging_mixin.py:151} INFO - [2024-06-26T00:12:23.832+0000] {dagbag.py:539} INFO - Filling up the DagBag from /opt/airflow/dags/dag.py
[2024-06-26T00:12:24.518+0000] {processor.py:839} INFO - DAG(s) dict_keys(['crawling-upload']) retrieved from /opt/airflow/dags/dag.py
[2024-06-26T00:12:24.552+0000] {logging_mixin.py:151} INFO - [2024-06-26T00:12:24.552+0000] {dag.py:2907} INFO - Sync 1 DAGs
[2024-06-26T00:12:24.604+0000] {processor.py:179} INFO - Processing /opt/airflow/dags/dag.py took 0.779 seconds
[2024-06-26T00:12:54.791+0000] {processor.py:157} INFO - Started process (PID=3380985) to work on /opt/airflow/dags/dag.py
[2024-06-26T00:12:54.794+0000] {processor.py:829} INFO - Processing file /opt/airflow/dags/dag.py for tasks to queue
[2024-06-26T00:12:54.800+0000] {logging_mixin.py:151} INFO - [2024-06-26T00:12:54.799+0000] {dagbag.py:539} INFO - Filling up the DagBag from /opt/airflow/dags/dag.py
[2024-06-26T00:12:55.417+0000] {processor.py:839} INFO - DAG(s) dict_keys(['crawling-upload']) retrieved from /opt/airflow/dags/dag.py
[2024-06-26T00:12:55.450+0000] {logging_mixin.py:151} INFO - [2024-06-26T00:12:55.450+0000] {dag.py:2907} INFO - Sync 1 DAGs
[2024-06-26T00:12:55.496+0000] {processor.py:179} INFO - Processing /opt/airflow/dags/dag.py took 0.715 seconds
[2024-06-26T00:13:25.649+0000] {processor.py:157} INFO - Started process (PID=3381003) to work on /opt/airflow/dags/dag.py
[2024-06-26T00:13:25.650+0000] {processor.py:829} INFO - Processing file /opt/airflow/dags/dag.py for tasks to queue
[2024-06-26T00:13:25.653+0000] {logging_mixin.py:151} INFO - [2024-06-26T00:13:25.652+0000] {dagbag.py:539} INFO - Filling up the DagBag from /opt/airflow/dags/dag.py
[2024-06-26T00:13:26.325+0000] {processor.py:839} INFO - DAG(s) dict_keys(['crawling-upload']) retrieved from /opt/airflow/dags/dag.py
[2024-06-26T00:13:26.368+0000] {logging_mixin.py:151} INFO - [2024-06-26T00:13:26.368+0000] {dag.py:2907} INFO - Sync 1 DAGs
[2024-06-26T00:13:26.428+0000] {processor.py:179} INFO - Processing /opt/airflow/dags/dag.py took 0.783 seconds
[2024-06-26T00:13:56.571+0000] {processor.py:157} INFO - Started process (PID=3381028) to work on /opt/airflow/dags/dag.py
[2024-06-26T00:13:56.573+0000] {processor.py:829} INFO - Processing file /opt/airflow/dags/dag.py for tasks to queue
[2024-06-26T00:13:56.575+0000] {logging_mixin.py:151} INFO - [2024-06-26T00:13:56.575+0000] {dagbag.py:539} INFO - Filling up the DagBag from /opt/airflow/dags/dag.py
[2024-06-26T00:13:57.201+0000] {processor.py:839} INFO - DAG(s) dict_keys(['crawling-upload']) retrieved from /opt/airflow/dags/dag.py
[2024-06-26T00:13:57.249+0000] {logging_mixin.py:151} INFO - [2024-06-26T00:13:57.249+0000] {dag.py:2907} INFO - Sync 1 DAGs
[2024-06-26T00:13:57.303+0000] {processor.py:179} INFO - Processing /opt/airflow/dags/dag.py took 0.736 seconds
[2024-06-26T00:14:27.496+0000] {processor.py:157} INFO - Started process (PID=3381046) to work on /opt/airflow/dags/dag.py
[2024-06-26T00:14:27.498+0000] {processor.py:829} INFO - Processing file /opt/airflow/dags/dag.py for tasks to queue
[2024-06-26T00:14:27.501+0000] {logging_mixin.py:151} INFO - [2024-06-26T00:14:27.500+0000] {dagbag.py:539} INFO - Filling up the DagBag from /opt/airflow/dags/dag.py
[2024-06-26T00:14:28.181+0000] {processor.py:839} INFO - DAG(s) dict_keys(['crawling-upload']) retrieved from /opt/airflow/dags/dag.py
[2024-06-26T00:14:28.225+0000] {logging_mixin.py:151} INFO - [2024-06-26T00:14:28.225+0000] {dag.py:2907} INFO - Sync 1 DAGs
[2024-06-26T00:14:28.296+0000] {processor.py:179} INFO - Processing /opt/airflow/dags/dag.py took 0.805 seconds
[2024-06-26T00:14:58.457+0000] {processor.py:157} INFO - Started process (PID=3381072) to work on /opt/airflow/dags/dag.py
[2024-06-26T00:14:58.459+0000] {processor.py:829} INFO - Processing file /opt/airflow/dags/dag.py for tasks to queue
[2024-06-26T00:14:58.461+0000] {logging_mixin.py:151} INFO - [2024-06-26T00:14:58.460+0000] {dagbag.py:539} INFO - Filling up the DagBag from /opt/airflow/dags/dag.py
[2024-06-26T00:14:59.119+0000] {processor.py:839} INFO - DAG(s) dict_keys(['crawling-upload']) retrieved from /opt/airflow/dags/dag.py
[2024-06-26T00:14:59.162+0000] {logging_mixin.py:151} INFO - [2024-06-26T00:14:59.161+0000] {dag.py:2907} INFO - Sync 1 DAGs
[2024-06-26T00:14:59.222+0000] {processor.py:179} INFO - Processing /opt/airflow/dags/dag.py took 0.769 seconds
[2024-06-26T00:15:29.385+0000] {processor.py:157} INFO - Started process (PID=3381090) to work on /opt/airflow/dags/dag.py
[2024-06-26T00:15:29.386+0000] {processor.py:829} INFO - Processing file /opt/airflow/dags/dag.py for tasks to queue
[2024-06-26T00:15:29.389+0000] {logging_mixin.py:151} INFO - [2024-06-26T00:15:29.388+0000] {dagbag.py:539} INFO - Filling up the DagBag from /opt/airflow/dags/dag.py
[2024-06-26T00:15:30.139+0000] {processor.py:839} INFO - DAG(s) dict_keys(['crawling-upload']) retrieved from /opt/airflow/dags/dag.py
[2024-06-26T00:15:30.175+0000] {logging_mixin.py:151} INFO - [2024-06-26T00:15:30.174+0000] {dag.py:2907} INFO - Sync 1 DAGs
[2024-06-26T00:15:30.226+0000] {processor.py:179} INFO - Processing /opt/airflow/dags/dag.py took 0.845 seconds
[2024-06-26T00:16:00.392+0000] {processor.py:157} INFO - Started process (PID=3381117) to work on /opt/airflow/dags/dag.py
[2024-06-26T00:16:00.393+0000] {processor.py:829} INFO - Processing file /opt/airflow/dags/dag.py for tasks to queue
[2024-06-26T00:16:00.396+0000] {logging_mixin.py:151} INFO - [2024-06-26T00:16:00.396+0000] {dagbag.py:539} INFO - Filling up the DagBag from /opt/airflow/dags/dag.py
[2024-06-26T00:16:01.094+0000] {processor.py:839} INFO - DAG(s) dict_keys(['crawling-upload']) retrieved from /opt/airflow/dags/dag.py
[2024-06-26T00:16:01.130+0000] {logging_mixin.py:151} INFO - [2024-06-26T00:16:01.129+0000] {dag.py:2907} INFO - Sync 1 DAGs
[2024-06-26T00:16:01.182+0000] {processor.py:179} INFO - Processing /opt/airflow/dags/dag.py took 0.800 seconds
[2024-06-26T00:16:31.298+0000] {processor.py:157} INFO - Started process (PID=3381136) to work on /opt/airflow/dags/dag.py
[2024-06-26T00:16:31.299+0000] {processor.py:829} INFO - Processing file /opt/airflow/dags/dag.py for tasks to queue
[2024-06-26T00:16:31.302+0000] {logging_mixin.py:151} INFO - [2024-06-26T00:16:31.301+0000] {dagbag.py:539} INFO - Filling up the DagBag from /opt/airflow/dags/dag.py
[2024-06-26T00:16:31.954+0000] {processor.py:839} INFO - DAG(s) dict_keys(['crawling-upload']) retrieved from /opt/airflow/dags/dag.py
[2024-06-26T00:16:31.991+0000] {logging_mixin.py:151} INFO - [2024-06-26T00:16:31.991+0000] {dag.py:2907} INFO - Sync 1 DAGs
[2024-06-26T00:16:32.038+0000] {processor.py:179} INFO - Processing /opt/airflow/dags/dag.py took 0.745 seconds
[2024-06-26T00:17:02.252+0000] {processor.py:157} INFO - Started process (PID=3381155) to work on /opt/airflow/dags/dag.py
[2024-06-26T00:17:02.254+0000] {processor.py:829} INFO - Processing file /opt/airflow/dags/dag.py for tasks to queue
[2024-06-26T00:17:02.258+0000] {logging_mixin.py:151} INFO - [2024-06-26T00:17:02.257+0000] {dagbag.py:539} INFO - Filling up the DagBag from /opt/airflow/dags/dag.py
[2024-06-26T00:17:02.926+0000] {processor.py:839} INFO - DAG(s) dict_keys(['crawling-upload']) retrieved from /opt/airflow/dags/dag.py
[2024-06-26T00:17:02.961+0000] {logging_mixin.py:151} INFO - [2024-06-26T00:17:02.961+0000] {dag.py:2907} INFO - Sync 1 DAGs
[2024-06-26T00:17:03.011+0000] {processor.py:179} INFO - Processing /opt/airflow/dags/dag.py took 0.764 seconds
[2024-06-26T00:17:33.196+0000] {processor.py:157} INFO - Started process (PID=3381182) to work on /opt/airflow/dags/dag.py
[2024-06-26T00:17:33.198+0000] {processor.py:829} INFO - Processing file /opt/airflow/dags/dag.py for tasks to queue
[2024-06-26T00:17:33.205+0000] {logging_mixin.py:151} INFO - [2024-06-26T00:17:33.204+0000] {dagbag.py:539} INFO - Filling up the DagBag from /opt/airflow/dags/dag.py
[2024-06-26T00:17:33.825+0000] {processor.py:839} INFO - DAG(s) dict_keys(['crawling-upload']) retrieved from /opt/airflow/dags/dag.py
[2024-06-26T00:17:33.856+0000] {logging_mixin.py:151} INFO - [2024-06-26T00:17:33.856+0000] {dag.py:2907} INFO - Sync 1 DAGs
[2024-06-26T00:17:33.901+0000] {processor.py:179} INFO - Processing /opt/airflow/dags/dag.py took 0.710 seconds
[2024-06-26T00:18:04.056+0000] {processor.py:157} INFO - Started process (PID=3381201) to work on /opt/airflow/dags/dag.py
[2024-06-26T00:18:04.058+0000] {processor.py:829} INFO - Processing file /opt/airflow/dags/dag.py for tasks to queue
[2024-06-26T00:18:04.060+0000] {logging_mixin.py:151} INFO - [2024-06-26T00:18:04.060+0000] {dagbag.py:539} INFO - Filling up the DagBag from /opt/airflow/dags/dag.py
[2024-06-26T00:18:04.732+0000] {processor.py:839} INFO - DAG(s) dict_keys(['crawling-upload']) retrieved from /opt/airflow/dags/dag.py
[2024-06-26T00:18:04.765+0000] {logging_mixin.py:151} INFO - [2024-06-26T00:18:04.765+0000] {dag.py:2907} INFO - Sync 1 DAGs
[2024-06-26T00:18:04.814+0000] {processor.py:179} INFO - Processing /opt/airflow/dags/dag.py took 0.762 seconds
[2024-06-26T00:18:34.902+0000] {processor.py:157} INFO - Started process (PID=3381228) to work on /opt/airflow/dags/dag.py
[2024-06-26T00:18:34.903+0000] {processor.py:829} INFO - Processing file /opt/airflow/dags/dag.py for tasks to queue
[2024-06-26T00:18:34.906+0000] {logging_mixin.py:151} INFO - [2024-06-26T00:18:34.905+0000] {dagbag.py:539} INFO - Filling up the DagBag from /opt/airflow/dags/dag.py
[2024-06-26T00:18:35.511+0000] {processor.py:839} INFO - DAG(s) dict_keys(['crawling-upload']) retrieved from /opt/airflow/dags/dag.py
[2024-06-26T00:18:35.544+0000] {logging_mixin.py:151} INFO - [2024-06-26T00:18:35.544+0000] {dag.py:2907} INFO - Sync 1 DAGs
[2024-06-26T00:18:35.591+0000] {processor.py:179} INFO - Processing /opt/airflow/dags/dag.py took 0.694 seconds
[2024-06-26T00:19:05.776+0000] {processor.py:157} INFO - Started process (PID=3381246) to work on /opt/airflow/dags/dag.py
[2024-06-26T00:19:05.777+0000] {processor.py:829} INFO - Processing file /opt/airflow/dags/dag.py for tasks to queue
[2024-06-26T00:19:05.781+0000] {logging_mixin.py:151} INFO - [2024-06-26T00:19:05.780+0000] {dagbag.py:539} INFO - Filling up the DagBag from /opt/airflow/dags/dag.py
[2024-06-26T00:19:06.483+0000] {processor.py:839} INFO - DAG(s) dict_keys(['crawling-upload']) retrieved from /opt/airflow/dags/dag.py
[2024-06-26T00:19:06.526+0000] {logging_mixin.py:151} INFO - [2024-06-26T00:19:06.526+0000] {dag.py:2907} INFO - Sync 1 DAGs
[2024-06-26T00:19:06.585+0000] {processor.py:179} INFO - Processing /opt/airflow/dags/dag.py took 0.816 seconds
[2024-06-26T00:19:36.758+0000] {processor.py:157} INFO - Started process (PID=3381273) to work on /opt/airflow/dags/dag.py
[2024-06-26T00:19:36.760+0000] {processor.py:829} INFO - Processing file /opt/airflow/dags/dag.py for tasks to queue
[2024-06-26T00:19:36.763+0000] {logging_mixin.py:151} INFO - [2024-06-26T00:19:36.762+0000] {dagbag.py:539} INFO - Filling up the DagBag from /opt/airflow/dags/dag.py
[2024-06-26T00:19:37.378+0000] {processor.py:839} INFO - DAG(s) dict_keys(['crawling-upload']) retrieved from /opt/airflow/dags/dag.py
[2024-06-26T00:19:37.410+0000] {logging_mixin.py:151} INFO - [2024-06-26T00:19:37.410+0000] {dag.py:2907} INFO - Sync 1 DAGs
[2024-06-26T00:19:37.453+0000] {processor.py:179} INFO - Processing /opt/airflow/dags/dag.py took 0.699 seconds
[2024-06-26T00:20:07.611+0000] {processor.py:157} INFO - Started process (PID=3381290) to work on /opt/airflow/dags/dag.py
[2024-06-26T00:20:07.612+0000] {processor.py:829} INFO - Processing file /opt/airflow/dags/dag.py for tasks to queue
[2024-06-26T00:20:07.615+0000] {logging_mixin.py:151} INFO - [2024-06-26T00:20:07.614+0000] {dagbag.py:539} INFO - Filling up the DagBag from /opt/airflow/dags/dag.py
[2024-06-26T00:20:08.274+0000] {processor.py:839} INFO - DAG(s) dict_keys(['crawling-upload']) retrieved from /opt/airflow/dags/dag.py
[2024-06-26T00:20:08.318+0000] {logging_mixin.py:151} INFO - [2024-06-26T00:20:08.318+0000] {dag.py:2907} INFO - Sync 1 DAGs
[2024-06-26T00:20:08.382+0000] {processor.py:179} INFO - Processing /opt/airflow/dags/dag.py took 0.775 seconds
[2024-06-26T00:20:38.549+0000] {processor.py:157} INFO - Started process (PID=3381315) to work on /opt/airflow/dags/dag.py
[2024-06-26T00:20:38.550+0000] {processor.py:829} INFO - Processing file /opt/airflow/dags/dag.py for tasks to queue
[2024-06-26T00:20:38.553+0000] {logging_mixin.py:151} INFO - [2024-06-26T00:20:38.552+0000] {dagbag.py:539} INFO - Filling up the DagBag from /opt/airflow/dags/dag.py
[2024-06-26T00:20:39.247+0000] {processor.py:839} INFO - DAG(s) dict_keys(['crawling-upload']) retrieved from /opt/airflow/dags/dag.py
[2024-06-26T00:20:39.291+0000] {logging_mixin.py:151} INFO - [2024-06-26T00:20:39.290+0000] {dag.py:2907} INFO - Sync 1 DAGs
[2024-06-26T00:20:39.353+0000] {processor.py:179} INFO - Processing /opt/airflow/dags/dag.py took 0.809 seconds
[2024-06-26T00:21:09.542+0000] {processor.py:157} INFO - Started process (PID=3381333) to work on /opt/airflow/dags/dag.py
[2024-06-26T00:21:09.543+0000] {processor.py:829} INFO - Processing file /opt/airflow/dags/dag.py for tasks to queue
[2024-06-26T00:21:09.545+0000] {logging_mixin.py:151} INFO - [2024-06-26T00:21:09.545+0000] {dagbag.py:539} INFO - Filling up the DagBag from /opt/airflow/dags/dag.py
[2024-06-26T00:21:10.283+0000] {processor.py:839} INFO - DAG(s) dict_keys(['crawling-upload']) retrieved from /opt/airflow/dags/dag.py
[2024-06-26T00:21:10.328+0000] {logging_mixin.py:151} INFO - [2024-06-26T00:21:10.327+0000] {dag.py:2907} INFO - Sync 1 DAGs
[2024-06-26T00:21:10.409+0000] {processor.py:179} INFO - Processing /opt/airflow/dags/dag.py took 0.871 seconds
[2024-06-26T00:21:40.582+0000] {processor.py:157} INFO - Started process (PID=3381357) to work on /opt/airflow/dags/dag.py
[2024-06-26T00:21:40.583+0000] {processor.py:829} INFO - Processing file /opt/airflow/dags/dag.py for tasks to queue
[2024-06-26T00:21:40.585+0000] {logging_mixin.py:151} INFO - [2024-06-26T00:21:40.585+0000] {dagbag.py:539} INFO - Filling up the DagBag from /opt/airflow/dags/dag.py
[2024-06-26T00:21:41.317+0000] {processor.py:839} INFO - DAG(s) dict_keys(['crawling-upload']) retrieved from /opt/airflow/dags/dag.py
[2024-06-26T00:21:41.353+0000] {logging_mixin.py:151} INFO - [2024-06-26T00:21:41.353+0000] {dag.py:2907} INFO - Sync 1 DAGs
[2024-06-26T00:21:41.403+0000] {processor.py:179} INFO - Processing /opt/airflow/dags/dag.py took 0.825 seconds
[2024-06-26T00:22:11.604+0000] {processor.py:157} INFO - Started process (PID=3381376) to work on /opt/airflow/dags/dag.py
[2024-06-26T00:22:11.605+0000] {processor.py:829} INFO - Processing file /opt/airflow/dags/dag.py for tasks to queue
[2024-06-26T00:22:11.608+0000] {logging_mixin.py:151} INFO - [2024-06-26T00:22:11.607+0000] {dagbag.py:539} INFO - Filling up the DagBag from /opt/airflow/dags/dag.py
[2024-06-26T00:22:12.286+0000] {processor.py:839} INFO - DAG(s) dict_keys(['crawling-upload']) retrieved from /opt/airflow/dags/dag.py
[2024-06-26T00:22:12.329+0000] {logging_mixin.py:151} INFO - [2024-06-26T00:22:12.329+0000] {dag.py:2907} INFO - Sync 1 DAGs
[2024-06-26T00:22:12.389+0000] {processor.py:179} INFO - Processing /opt/airflow/dags/dag.py took 0.790 seconds
[2024-06-26T00:22:42.561+0000] {processor.py:157} INFO - Started process (PID=3381394) to work on /opt/airflow/dags/dag.py
[2024-06-26T00:22:42.563+0000] {processor.py:829} INFO - Processing file /opt/airflow/dags/dag.py for tasks to queue
[2024-06-26T00:22:42.566+0000] {logging_mixin.py:151} INFO - [2024-06-26T00:22:42.566+0000] {dagbag.py:539} INFO - Filling up the DagBag from /opt/airflow/dags/dag.py
[2024-06-26T00:22:43.194+0000] {processor.py:839} INFO - DAG(s) dict_keys(['crawling-upload']) retrieved from /opt/airflow/dags/dag.py
[2024-06-26T00:22:43.253+0000] {logging_mixin.py:151} INFO - [2024-06-26T00:22:43.253+0000] {dag.py:2907} INFO - Sync 1 DAGs
[2024-06-26T00:22:43.318+0000] {processor.py:179} INFO - Processing /opt/airflow/dags/dag.py took 0.762 seconds
[2024-06-26T00:23:13.484+0000] {processor.py:157} INFO - Started process (PID=3381419) to work on /opt/airflow/dags/dag.py
[2024-06-26T00:23:13.486+0000] {processor.py:829} INFO - Processing file /opt/airflow/dags/dag.py for tasks to queue
[2024-06-26T00:23:13.489+0000] {logging_mixin.py:151} INFO - [2024-06-26T00:23:13.489+0000] {dagbag.py:539} INFO - Filling up the DagBag from /opt/airflow/dags/dag.py
[2024-06-26T00:23:14.135+0000] {processor.py:839} INFO - DAG(s) dict_keys(['crawling-upload']) retrieved from /opt/airflow/dags/dag.py
[2024-06-26T00:23:14.174+0000] {logging_mixin.py:151} INFO - [2024-06-26T00:23:14.174+0000] {dag.py:2907} INFO - Sync 1 DAGs
[2024-06-26T00:23:14.227+0000] {processor.py:179} INFO - Processing /opt/airflow/dags/dag.py took 0.750 seconds
[2024-06-26T00:23:44.400+0000] {processor.py:157} INFO - Started process (PID=3381437) to work on /opt/airflow/dags/dag.py
[2024-06-26T00:23:44.402+0000] {processor.py:829} INFO - Processing file /opt/airflow/dags/dag.py for tasks to queue
[2024-06-26T00:23:44.404+0000] {logging_mixin.py:151} INFO - [2024-06-26T00:23:44.404+0000] {dagbag.py:539} INFO - Filling up the DagBag from /opt/airflow/dags/dag.py
[2024-06-26T00:23:45.124+0000] {processor.py:839} INFO - DAG(s) dict_keys(['crawling-upload']) retrieved from /opt/airflow/dags/dag.py
[2024-06-26T00:23:45.157+0000] {logging_mixin.py:151} INFO - [2024-06-26T00:23:45.157+0000] {dag.py:2907} INFO - Sync 1 DAGs
[2024-06-26T00:23:45.206+0000] {processor.py:179} INFO - Processing /opt/airflow/dags/dag.py took 0.810 seconds
[2024-06-26T00:24:15.369+0000] {processor.py:157} INFO - Started process (PID=3381463) to work on /opt/airflow/dags/dag.py
[2024-06-26T00:24:15.370+0000] {processor.py:829} INFO - Processing file /opt/airflow/dags/dag.py for tasks to queue
[2024-06-26T00:24:15.373+0000] {logging_mixin.py:151} INFO - [2024-06-26T00:24:15.373+0000] {dagbag.py:539} INFO - Filling up the DagBag from /opt/airflow/dags/dag.py
[2024-06-26T00:24:16.015+0000] {processor.py:839} INFO - DAG(s) dict_keys(['crawling-upload']) retrieved from /opt/airflow/dags/dag.py
[2024-06-26T00:24:16.050+0000] {logging_mixin.py:151} INFO - [2024-06-26T00:24:16.049+0000] {dag.py:2907} INFO - Sync 1 DAGs
[2024-06-26T00:24:16.096+0000] {processor.py:179} INFO - Processing /opt/airflow/dags/dag.py took 0.731 seconds
[2024-06-26T00:24:46.247+0000] {processor.py:157} INFO - Started process (PID=3381482) to work on /opt/airflow/dags/dag.py
[2024-06-26T00:24:46.248+0000] {processor.py:829} INFO - Processing file /opt/airflow/dags/dag.py for tasks to queue
[2024-06-26T00:24:46.251+0000] {logging_mixin.py:151} INFO - [2024-06-26T00:24:46.250+0000] {dagbag.py:539} INFO - Filling up the DagBag from /opt/airflow/dags/dag.py
[2024-06-26T00:24:46.999+0000] {processor.py:839} INFO - DAG(s) dict_keys(['crawling-upload']) retrieved from /opt/airflow/dags/dag.py
[2024-06-26T00:24:47.032+0000] {logging_mixin.py:151} INFO - [2024-06-26T00:24:47.031+0000] {dag.py:2907} INFO - Sync 1 DAGs
[2024-06-26T00:24:47.078+0000] {processor.py:179} INFO - Processing /opt/airflow/dags/dag.py took 0.835 seconds
[2024-06-26T00:25:17.235+0000] {processor.py:157} INFO - Started process (PID=3381509) to work on /opt/airflow/dags/dag.py
[2024-06-26T00:25:17.236+0000] {processor.py:829} INFO - Processing file /opt/airflow/dags/dag.py for tasks to queue
[2024-06-26T00:25:17.239+0000] {logging_mixin.py:151} INFO - [2024-06-26T00:25:17.239+0000] {dagbag.py:539} INFO - Filling up the DagBag from /opt/airflow/dags/dag.py
[2024-06-26T00:25:17.862+0000] {processor.py:839} INFO - DAG(s) dict_keys(['crawling-upload']) retrieved from /opt/airflow/dags/dag.py
[2024-06-26T00:25:17.894+0000] {logging_mixin.py:151} INFO - [2024-06-26T00:25:17.894+0000] {dag.py:2907} INFO - Sync 1 DAGs
[2024-06-26T00:25:17.941+0000] {processor.py:179} INFO - Processing /opt/airflow/dags/dag.py took 0.711 seconds
[2024-06-26T00:25:48.118+0000] {processor.py:157} INFO - Started process (PID=3381528) to work on /opt/airflow/dags/dag.py
[2024-06-26T00:25:48.118+0000] {processor.py:829} INFO - Processing file /opt/airflow/dags/dag.py for tasks to queue
[2024-06-26T00:25:48.121+0000] {logging_mixin.py:151} INFO - [2024-06-26T00:25:48.120+0000] {dagbag.py:539} INFO - Filling up the DagBag from /opt/airflow/dags/dag.py
[2024-06-26T00:25:48.785+0000] {processor.py:839} INFO - DAG(s) dict_keys(['crawling-upload']) retrieved from /opt/airflow/dags/dag.py
[2024-06-26T00:25:48.828+0000] {logging_mixin.py:151} INFO - [2024-06-26T00:25:48.827+0000] {dag.py:2907} INFO - Sync 1 DAGs
[2024-06-26T00:25:48.891+0000] {processor.py:179} INFO - Processing /opt/airflow/dags/dag.py took 0.777 seconds
[2024-06-26T00:26:19.049+0000] {processor.py:157} INFO - Started process (PID=3381553) to work on /opt/airflow/dags/dag.py
[2024-06-26T00:26:19.051+0000] {processor.py:829} INFO - Processing file /opt/airflow/dags/dag.py for tasks to queue
[2024-06-26T00:26:19.054+0000] {logging_mixin.py:151} INFO - [2024-06-26T00:26:19.053+0000] {dagbag.py:539} INFO - Filling up the DagBag from /opt/airflow/dags/dag.py
[2024-06-26T00:26:19.827+0000] {processor.py:839} INFO - DAG(s) dict_keys(['crawling-upload']) retrieved from /opt/airflow/dags/dag.py
[2024-06-26T00:26:19.863+0000] {logging_mixin.py:151} INFO - [2024-06-26T00:26:19.863+0000] {dag.py:2907} INFO - Sync 1 DAGs
[2024-06-26T00:26:19.924+0000] {processor.py:179} INFO - Processing /opt/airflow/dags/dag.py took 0.879 seconds
[2024-06-26T00:26:50.092+0000] {processor.py:157} INFO - Started process (PID=3381572) to work on /opt/airflow/dags/dag.py
[2024-06-26T00:26:50.093+0000] {processor.py:829} INFO - Processing file /opt/airflow/dags/dag.py for tasks to queue
[2024-06-26T00:26:50.096+0000] {logging_mixin.py:151} INFO - [2024-06-26T00:26:50.096+0000] {dagbag.py:539} INFO - Filling up the DagBag from /opt/airflow/dags/dag.py
[2024-06-26T00:26:50.781+0000] {processor.py:839} INFO - DAG(s) dict_keys(['crawling-upload']) retrieved from /opt/airflow/dags/dag.py
[2024-06-26T00:26:50.825+0000] {logging_mixin.py:151} INFO - [2024-06-26T00:26:50.825+0000] {dag.py:2907} INFO - Sync 1 DAGs
[2024-06-26T00:26:50.886+0000] {processor.py:179} INFO - Processing /opt/airflow/dags/dag.py took 0.800 seconds
[2024-06-26T00:27:21.041+0000] {processor.py:157} INFO - Started process (PID=3381598) to work on /opt/airflow/dags/dag.py
[2024-06-26T00:27:21.042+0000] {processor.py:829} INFO - Processing file /opt/airflow/dags/dag.py for tasks to queue
[2024-06-26T00:27:21.045+0000] {logging_mixin.py:151} INFO - [2024-06-26T00:27:21.044+0000] {dagbag.py:539} INFO - Filling up the DagBag from /opt/airflow/dags/dag.py
[2024-06-26T00:27:21.781+0000] {processor.py:839} INFO - DAG(s) dict_keys(['crawling-upload']) retrieved from /opt/airflow/dags/dag.py
[2024-06-26T00:27:21.943+0000] {logging_mixin.py:151} INFO - [2024-06-26T00:27:21.943+0000] {dag.py:2907} INFO - Sync 1 DAGs
[2024-06-26T00:27:21.988+0000] {processor.py:179} INFO - Processing /opt/airflow/dags/dag.py took 0.952 seconds
[2024-06-26T00:27:52.168+0000] {processor.py:157} INFO - Started process (PID=3381616) to work on /opt/airflow/dags/dag.py
[2024-06-26T00:27:52.169+0000] {processor.py:829} INFO - Processing file /opt/airflow/dags/dag.py for tasks to queue
[2024-06-26T00:27:52.172+0000] {logging_mixin.py:151} INFO - [2024-06-26T00:27:52.172+0000] {dagbag.py:539} INFO - Filling up the DagBag from /opt/airflow/dags/dag.py
[2024-06-26T00:27:52.838+0000] {processor.py:839} INFO - DAG(s) dict_keys(['crawling-upload']) retrieved from /opt/airflow/dags/dag.py
[2024-06-26T00:27:52.871+0000] {logging_mixin.py:151} INFO - [2024-06-26T00:27:52.870+0000] {dag.py:2907} INFO - Sync 1 DAGs
[2024-06-26T00:27:52.917+0000] {processor.py:179} INFO - Processing /opt/airflow/dags/dag.py took 0.754 seconds
[2024-06-26T00:28:23.091+0000] {processor.py:157} INFO - Started process (PID=3381633) to work on /opt/airflow/dags/dag.py
[2024-06-26T00:28:23.092+0000] {processor.py:829} INFO - Processing file /opt/airflow/dags/dag.py for tasks to queue
[2024-06-26T00:28:23.095+0000] {logging_mixin.py:151} INFO - [2024-06-26T00:28:23.094+0000] {dagbag.py:539} INFO - Filling up the DagBag from /opt/airflow/dags/dag.py
[2024-06-26T00:28:23.896+0000] {processor.py:839} INFO - DAG(s) dict_keys(['crawling-upload']) retrieved from /opt/airflow/dags/dag.py
[2024-06-26T00:28:23.932+0000] {logging_mixin.py:151} INFO - [2024-06-26T00:28:23.931+0000] {dag.py:2907} INFO - Sync 1 DAGs
[2024-06-26T00:28:23.980+0000] {processor.py:179} INFO - Processing /opt/airflow/dags/dag.py took 0.893 seconds
[2024-06-26T00:28:54.163+0000] {processor.py:157} INFO - Started process (PID=3381659) to work on /opt/airflow/dags/dag.py
[2024-06-26T00:28:54.164+0000] {processor.py:829} INFO - Processing file /opt/airflow/dags/dag.py for tasks to queue
[2024-06-26T00:28:54.166+0000] {logging_mixin.py:151} INFO - [2024-06-26T00:28:54.166+0000] {dagbag.py:539} INFO - Filling up the DagBag from /opt/airflow/dags/dag.py
[2024-06-26T00:28:54.783+0000] {processor.py:839} INFO - DAG(s) dict_keys(['crawling-upload']) retrieved from /opt/airflow/dags/dag.py
[2024-06-26T00:28:54.815+0000] {logging_mixin.py:151} INFO - [2024-06-26T00:28:54.815+0000] {dag.py:2907} INFO - Sync 1 DAGs
[2024-06-26T00:28:54.863+0000] {processor.py:179} INFO - Processing /opt/airflow/dags/dag.py took 0.704 seconds
[2024-06-26T00:29:25.027+0000] {processor.py:157} INFO - Started process (PID=3381677) to work on /opt/airflow/dags/dag.py
[2024-06-26T00:29:25.028+0000] {processor.py:829} INFO - Processing file /opt/airflow/dags/dag.py for tasks to queue
[2024-06-26T00:29:25.031+0000] {logging_mixin.py:151} INFO - [2024-06-26T00:29:25.030+0000] {dagbag.py:539} INFO - Filling up the DagBag from /opt/airflow/dags/dag.py
[2024-06-26T00:29:25.679+0000] {processor.py:839} INFO - DAG(s) dict_keys(['crawling-upload']) retrieved from /opt/airflow/dags/dag.py
[2024-06-26T00:29:25.714+0000] {logging_mixin.py:151} INFO - [2024-06-26T00:29:25.714+0000] {dag.py:2907} INFO - Sync 1 DAGs
[2024-06-26T00:29:25.768+0000] {processor.py:179} INFO - Processing /opt/airflow/dags/dag.py took 0.745 seconds
[2024-06-26T00:29:55.940+0000] {processor.py:157} INFO - Started process (PID=3381701) to work on /opt/airflow/dags/dag.py
[2024-06-26T00:29:55.942+0000] {processor.py:829} INFO - Processing file /opt/airflow/dags/dag.py for tasks to queue
[2024-06-26T00:29:55.948+0000] {logging_mixin.py:151} INFO - [2024-06-26T00:29:55.947+0000] {dagbag.py:539} INFO - Filling up the DagBag from /opt/airflow/dags/dag.py
[2024-06-26T00:29:56.590+0000] {processor.py:839} INFO - DAG(s) dict_keys(['crawling-upload']) retrieved from /opt/airflow/dags/dag.py
[2024-06-26T00:29:56.623+0000] {logging_mixin.py:151} INFO - [2024-06-26T00:29:56.623+0000] {dag.py:2907} INFO - Sync 1 DAGs
[2024-06-26T00:29:56.669+0000] {processor.py:179} INFO - Processing /opt/airflow/dags/dag.py took 0.739 seconds
[2024-06-26T00:30:26.872+0000] {processor.py:157} INFO - Started process (PID=3381719) to work on /opt/airflow/dags/dag.py
[2024-06-26T00:30:26.874+0000] {processor.py:829} INFO - Processing file /opt/airflow/dags/dag.py for tasks to queue
[2024-06-26T00:30:26.876+0000] {logging_mixin.py:151} INFO - [2024-06-26T00:30:26.876+0000] {dagbag.py:539} INFO - Filling up the DagBag from /opt/airflow/dags/dag.py
[2024-06-26T00:30:27.615+0000] {processor.py:839} INFO - DAG(s) dict_keys(['crawling-upload']) retrieved from /opt/airflow/dags/dag.py
[2024-06-26T00:30:27.654+0000] {logging_mixin.py:151} INFO - [2024-06-26T00:30:27.653+0000] {dag.py:2907} INFO - Sync 1 DAGs
[2024-06-26T00:30:27.701+0000] {processor.py:179} INFO - Processing /opt/airflow/dags/dag.py took 0.832 seconds
[2024-06-26T00:30:57.885+0000] {processor.py:157} INFO - Started process (PID=3381745) to work on /opt/airflow/dags/dag.py
[2024-06-26T00:30:57.886+0000] {processor.py:829} INFO - Processing file /opt/airflow/dags/dag.py for tasks to queue
[2024-06-26T00:30:57.890+0000] {logging_mixin.py:151} INFO - [2024-06-26T00:30:57.889+0000] {dagbag.py:539} INFO - Filling up the DagBag from /opt/airflow/dags/dag.py
[2024-06-26T00:30:58.541+0000] {processor.py:839} INFO - DAG(s) dict_keys(['crawling-upload']) retrieved from /opt/airflow/dags/dag.py
[2024-06-26T00:30:58.573+0000] {logging_mixin.py:151} INFO - [2024-06-26T00:30:58.573+0000] {dag.py:2907} INFO - Sync 1 DAGs
[2024-06-26T00:30:58.619+0000] {processor.py:179} INFO - Processing /opt/airflow/dags/dag.py took 0.738 seconds
[2024-06-26T00:31:28.801+0000] {processor.py:157} INFO - Started process (PID=3381763) to work on /opt/airflow/dags/dag.py
[2024-06-26T00:31:28.803+0000] {processor.py:829} INFO - Processing file /opt/airflow/dags/dag.py for tasks to queue
[2024-06-26T00:31:28.805+0000] {logging_mixin.py:151} INFO - [2024-06-26T00:31:28.805+0000] {dagbag.py:539} INFO - Filling up the DagBag from /opt/airflow/dags/dag.py
[2024-06-26T00:31:29.461+0000] {processor.py:839} INFO - DAG(s) dict_keys(['crawling-upload']) retrieved from /opt/airflow/dags/dag.py
[2024-06-26T00:31:29.496+0000] {logging_mixin.py:151} INFO - [2024-06-26T00:31:29.496+0000] {dag.py:2907} INFO - Sync 1 DAGs
[2024-06-26T00:31:29.527+0000] {logging_mixin.py:151} INFO - [2024-06-26T00:31:29.525+0000] {dag.py:3677} INFO - Setting next_dagrun for crawling-upload to 2024-06-26T00:00:00+00:00, run_after=2024-06-27T00:00:00+00:00
[2024-06-26T00:31:29.671+0000] {processor.py:179} INFO - Processing /opt/airflow/dags/dag.py took 0.874 seconds
[2024-06-26T00:31:59.845+0000] {processor.py:157} INFO - Started process (PID=3381790) to work on /opt/airflow/dags/dag.py
[2024-06-26T00:31:59.845+0000] {processor.py:829} INFO - Processing file /opt/airflow/dags/dag.py for tasks to queue
[2024-06-26T00:31:59.848+0000] {logging_mixin.py:151} INFO - [2024-06-26T00:31:59.847+0000] {dagbag.py:539} INFO - Filling up the DagBag from /opt/airflow/dags/dag.py
[2024-06-26T00:32:00.505+0000] {processor.py:839} INFO - DAG(s) dict_keys(['crawling-upload']) retrieved from /opt/airflow/dags/dag.py
[2024-06-26T00:32:00.547+0000] {logging_mixin.py:151} INFO - [2024-06-26T00:32:00.547+0000] {dag.py:2907} INFO - Sync 1 DAGs
[2024-06-26T00:32:00.584+0000] {logging_mixin.py:151} INFO - [2024-06-26T00:32:00.583+0000] {dag.py:3677} INFO - Setting next_dagrun for crawling-upload to 2024-06-26T00:00:00+00:00, run_after=2024-06-27T00:00:00+00:00
[2024-06-26T00:32:00.611+0000] {processor.py:179} INFO - Processing /opt/airflow/dags/dag.py took 0.771 seconds
[2024-06-26T00:32:30.672+0000] {processor.py:157} INFO - Started process (PID=3381808) to work on /opt/airflow/dags/dag.py
[2024-06-26T00:32:30.673+0000] {processor.py:829} INFO - Processing file /opt/airflow/dags/dag.py for tasks to queue
[2024-06-26T00:32:30.675+0000] {logging_mixin.py:151} INFO - [2024-06-26T00:32:30.675+0000] {dagbag.py:539} INFO - Filling up the DagBag from /opt/airflow/dags/dag.py
[2024-06-26T00:32:31.332+0000] {processor.py:839} INFO - DAG(s) dict_keys(['crawling-upload']) retrieved from /opt/airflow/dags/dag.py
[2024-06-26T00:32:31.369+0000] {logging_mixin.py:151} INFO - [2024-06-26T00:32:31.369+0000] {dag.py:2907} INFO - Sync 1 DAGs
[2024-06-26T00:32:31.398+0000] {logging_mixin.py:151} INFO - [2024-06-26T00:32:31.398+0000] {dag.py:3677} INFO - Setting next_dagrun for crawling-upload to 2024-06-26T00:00:00+00:00, run_after=2024-06-27T00:00:00+00:00
[2024-06-26T00:32:31.421+0000] {processor.py:179} INFO - Processing /opt/airflow/dags/dag.py took 0.753 seconds
[2024-06-26T00:33:01.585+0000] {processor.py:157} INFO - Started process (PID=3381825) to work on /opt/airflow/dags/dag.py
[2024-06-26T00:33:01.586+0000] {processor.py:829} INFO - Processing file /opt/airflow/dags/dag.py for tasks to queue
[2024-06-26T00:33:01.589+0000] {logging_mixin.py:151} INFO - [2024-06-26T00:33:01.588+0000] {dagbag.py:539} INFO - Filling up the DagBag from /opt/airflow/dags/dag.py
[2024-06-26T00:33:02.285+0000] {processor.py:839} INFO - DAG(s) dict_keys(['crawling-upload']) retrieved from /opt/airflow/dags/dag.py
[2024-06-26T00:33:02.328+0000] {logging_mixin.py:151} INFO - [2024-06-26T00:33:02.328+0000] {dag.py:2907} INFO - Sync 1 DAGs
[2024-06-26T00:33:02.362+0000] {logging_mixin.py:151} INFO - [2024-06-26T00:33:02.362+0000] {dag.py:3677} INFO - Setting next_dagrun for crawling-upload to 2024-06-26T00:00:00+00:00, run_after=2024-06-27T00:00:00+00:00
[2024-06-26T00:33:02.389+0000] {processor.py:179} INFO - Processing /opt/airflow/dags/dag.py took 0.808 seconds
[2024-06-26T00:33:32.554+0000] {processor.py:157} INFO - Started process (PID=3381851) to work on /opt/airflow/dags/dag.py
[2024-06-26T00:33:32.555+0000] {processor.py:829} INFO - Processing file /opt/airflow/dags/dag.py for tasks to queue
[2024-06-26T00:33:32.558+0000] {logging_mixin.py:151} INFO - [2024-06-26T00:33:32.558+0000] {dagbag.py:539} INFO - Filling up the DagBag from /opt/airflow/dags/dag.py
[2024-06-26T00:33:33.188+0000] {processor.py:839} INFO - DAG(s) dict_keys(['crawling-upload']) retrieved from /opt/airflow/dags/dag.py
[2024-06-26T00:33:33.220+0000] {logging_mixin.py:151} INFO - [2024-06-26T00:33:33.220+0000] {dag.py:2907} INFO - Sync 1 DAGs
[2024-06-26T00:33:33.245+0000] {logging_mixin.py:151} INFO - [2024-06-26T00:33:33.244+0000] {dag.py:3677} INFO - Setting next_dagrun for crawling-upload to 2024-06-26T00:00:00+00:00, run_after=2024-06-27T00:00:00+00:00
[2024-06-26T00:33:33.267+0000] {processor.py:179} INFO - Processing /opt/airflow/dags/dag.py took 0.717 seconds
[2024-06-26T00:34:03.415+0000] {processor.py:157} INFO - Started process (PID=3381868) to work on /opt/airflow/dags/dag.py
[2024-06-26T00:34:03.417+0000] {processor.py:829} INFO - Processing file /opt/airflow/dags/dag.py for tasks to queue
[2024-06-26T00:34:03.420+0000] {logging_mixin.py:151} INFO - [2024-06-26T00:34:03.419+0000] {dagbag.py:539} INFO - Filling up the DagBag from /opt/airflow/dags/dag.py
[2024-06-26T00:34:04.151+0000] {processor.py:839} INFO - DAG(s) dict_keys(['crawling-upload']) retrieved from /opt/airflow/dags/dag.py
[2024-06-26T00:34:04.195+0000] {logging_mixin.py:151} INFO - [2024-06-26T00:34:04.194+0000] {dag.py:2907} INFO - Sync 1 DAGs
[2024-06-26T00:34:04.229+0000] {logging_mixin.py:151} INFO - [2024-06-26T00:34:04.228+0000] {dag.py:3677} INFO - Setting next_dagrun for crawling-upload to 2024-06-26T00:00:00+00:00, run_after=2024-06-27T00:00:00+00:00
[2024-06-26T00:34:04.258+0000] {processor.py:179} INFO - Processing /opt/airflow/dags/dag.py took 0.847 seconds
[2024-06-26T00:34:34.367+0000] {processor.py:157} INFO - Started process (PID=3381892) to work on /opt/airflow/dags/dag.py
[2024-06-26T00:34:34.368+0000] {processor.py:829} INFO - Processing file /opt/airflow/dags/dag.py for tasks to queue
[2024-06-26T00:34:34.371+0000] {logging_mixin.py:151} INFO - [2024-06-26T00:34:34.371+0000] {dagbag.py:539} INFO - Filling up the DagBag from /opt/airflow/dags/dag.py
[2024-06-26T00:34:34.972+0000] {processor.py:839} INFO - DAG(s) dict_keys(['crawling-upload']) retrieved from /opt/airflow/dags/dag.py
[2024-06-26T00:34:35.004+0000] {logging_mixin.py:151} INFO - [2024-06-26T00:34:35.004+0000] {dag.py:2907} INFO - Sync 1 DAGs
[2024-06-26T00:34:35.155+0000] {logging_mixin.py:151} INFO - [2024-06-26T00:34:35.030+0000] {dag.py:3677} INFO - Setting next_dagrun for crawling-upload to 2024-06-26T00:00:00+00:00, run_after=2024-06-27T00:00:00+00:00
[2024-06-26T00:34:35.183+0000] {processor.py:179} INFO - Processing /opt/airflow/dags/dag.py took 0.824 seconds
[2024-06-26T00:35:05.355+0000] {processor.py:157} INFO - Started process (PID=3381911) to work on /opt/airflow/dags/dag.py
[2024-06-26T00:35:05.356+0000] {processor.py:829} INFO - Processing file /opt/airflow/dags/dag.py for tasks to queue
[2024-06-26T00:35:05.358+0000] {logging_mixin.py:151} INFO - [2024-06-26T00:35:05.358+0000] {dagbag.py:539} INFO - Filling up the DagBag from /opt/airflow/dags/dag.py
[2024-06-26T00:35:06.008+0000] {processor.py:839} INFO - DAG(s) dict_keys(['crawling-upload']) retrieved from /opt/airflow/dags/dag.py
[2024-06-26T00:35:06.045+0000] {logging_mixin.py:151} INFO - [2024-06-26T00:35:06.045+0000] {dag.py:2907} INFO - Sync 1 DAGs
[2024-06-26T00:35:06.074+0000] {logging_mixin.py:151} INFO - [2024-06-26T00:35:06.074+0000] {dag.py:3677} INFO - Setting next_dagrun for crawling-upload to 2024-06-26T00:00:00+00:00, run_after=2024-06-27T00:00:00+00:00
[2024-06-26T00:35:06.097+0000] {processor.py:179} INFO - Processing /opt/airflow/dags/dag.py took 0.747 seconds
[2024-06-26T00:35:36.267+0000] {processor.py:157} INFO - Started process (PID=3381936) to work on /opt/airflow/dags/dag.py
[2024-06-26T00:35:36.269+0000] {processor.py:829} INFO - Processing file /opt/airflow/dags/dag.py for tasks to queue
[2024-06-26T00:35:36.271+0000] {logging_mixin.py:151} INFO - [2024-06-26T00:35:36.271+0000] {dagbag.py:539} INFO - Filling up the DagBag from /opt/airflow/dags/dag.py
[2024-06-26T00:35:36.886+0000] {processor.py:839} INFO - DAG(s) dict_keys(['crawling-upload']) retrieved from /opt/airflow/dags/dag.py
[2024-06-26T00:35:36.920+0000] {logging_mixin.py:151} INFO - [2024-06-26T00:35:36.919+0000] {dag.py:2907} INFO - Sync 1 DAGs
[2024-06-26T00:35:36.944+0000] {logging_mixin.py:151} INFO - [2024-06-26T00:35:36.944+0000] {dag.py:3677} INFO - Setting next_dagrun for crawling-upload to 2024-06-26T00:00:00+00:00, run_after=2024-06-27T00:00:00+00:00
[2024-06-26T00:35:36.966+0000] {processor.py:179} INFO - Processing /opt/airflow/dags/dag.py took 0.703 seconds
[2024-06-26T00:36:07.120+0000] {processor.py:157} INFO - Started process (PID=3381953) to work on /opt/airflow/dags/dag.py
[2024-06-26T00:36:07.122+0000] {processor.py:829} INFO - Processing file /opt/airflow/dags/dag.py for tasks to queue
[2024-06-26T00:36:07.125+0000] {logging_mixin.py:151} INFO - [2024-06-26T00:36:07.124+0000] {dagbag.py:539} INFO - Filling up the DagBag from /opt/airflow/dags/dag.py
[2024-06-26T00:36:07.853+0000] {processor.py:839} INFO - DAG(s) dict_keys(['crawling-upload']) retrieved from /opt/airflow/dags/dag.py
[2024-06-26T00:36:07.894+0000] {logging_mixin.py:151} INFO - [2024-06-26T00:36:07.894+0000] {dag.py:2907} INFO - Sync 1 DAGs
[2024-06-26T00:36:07.919+0000] {logging_mixin.py:151} INFO - [2024-06-26T00:36:07.919+0000] {dag.py:3677} INFO - Setting next_dagrun for crawling-upload to 2024-06-26T00:00:00+00:00, run_after=2024-06-27T00:00:00+00:00
[2024-06-26T00:36:07.940+0000] {processor.py:179} INFO - Processing /opt/airflow/dags/dag.py took 0.824 seconds
[2024-06-26T00:36:38.012+0000] {processor.py:157} INFO - Started process (PID=3381978) to work on /opt/airflow/dags/dag.py
[2024-06-26T00:36:38.012+0000] {processor.py:829} INFO - Processing file /opt/airflow/dags/dag.py for tasks to queue
[2024-06-26T00:36:38.015+0000] {logging_mixin.py:151} INFO - [2024-06-26T00:36:38.014+0000] {dagbag.py:539} INFO - Filling up the DagBag from /opt/airflow/dags/dag.py
[2024-06-26T00:36:38.682+0000] {processor.py:839} INFO - DAG(s) dict_keys(['crawling-upload']) retrieved from /opt/airflow/dags/dag.py
[2024-06-26T00:36:38.714+0000] {logging_mixin.py:151} INFO - [2024-06-26T00:36:38.714+0000] {dag.py:2907} INFO - Sync 1 DAGs
[2024-06-26T00:36:38.739+0000] {logging_mixin.py:151} INFO - [2024-06-26T00:36:38.739+0000] {dag.py:3677} INFO - Setting next_dagrun for crawling-upload to 2024-06-26T00:00:00+00:00, run_after=2024-06-27T00:00:00+00:00
[2024-06-26T00:36:38.761+0000] {processor.py:179} INFO - Processing /opt/airflow/dags/dag.py took 0.753 seconds
[2024-06-26T00:37:08.947+0000] {processor.py:157} INFO - Started process (PID=3381996) to work on /opt/airflow/dags/dag.py
[2024-06-26T00:37:08.949+0000] {processor.py:829} INFO - Processing file /opt/airflow/dags/dag.py for tasks to queue
[2024-06-26T00:37:08.951+0000] {logging_mixin.py:151} INFO - [2024-06-26T00:37:08.951+0000] {dagbag.py:539} INFO - Filling up the DagBag from /opt/airflow/dags/dag.py
[2024-06-26T00:37:09.658+0000] {processor.py:839} INFO - DAG(s) dict_keys(['crawling-upload']) retrieved from /opt/airflow/dags/dag.py
[2024-06-26T00:37:09.698+0000] {logging_mixin.py:151} INFO - [2024-06-26T00:37:09.698+0000] {dag.py:2907} INFO - Sync 1 DAGs
[2024-06-26T00:37:09.740+0000] {logging_mixin.py:151} INFO - [2024-06-26T00:37:09.737+0000] {dag.py:3677} INFO - Setting next_dagrun for crawling-upload to 2024-06-26T00:00:00+00:00, run_after=2024-06-27T00:00:00+00:00
[2024-06-26T00:37:09.892+0000] {processor.py:179} INFO - Processing /opt/airflow/dags/dag.py took 0.948 seconds
[2024-06-26T00:37:40.056+0000] {processor.py:157} INFO - Started process (PID=3382020) to work on /opt/airflow/dags/dag.py
[2024-06-26T00:37:40.058+0000] {processor.py:829} INFO - Processing file /opt/airflow/dags/dag.py for tasks to queue
[2024-06-26T00:37:40.060+0000] {logging_mixin.py:151} INFO - [2024-06-26T00:37:40.060+0000] {dagbag.py:539} INFO - Filling up the DagBag from /opt/airflow/dags/dag.py
[2024-06-26T00:37:40.766+0000] {processor.py:839} INFO - DAG(s) dict_keys(['crawling-upload']) retrieved from /opt/airflow/dags/dag.py
[2024-06-26T00:37:40.809+0000] {logging_mixin.py:151} INFO - [2024-06-26T00:37:40.808+0000] {dag.py:2907} INFO - Sync 1 DAGs
[2024-06-26T00:37:40.844+0000] {logging_mixin.py:151} INFO - [2024-06-26T00:37:40.844+0000] {dag.py:3677} INFO - Setting next_dagrun for crawling-upload to 2024-06-26T00:00:00+00:00, run_after=2024-06-27T00:00:00+00:00
[2024-06-26T00:37:40.870+0000] {processor.py:179} INFO - Processing /opt/airflow/dags/dag.py took 0.819 seconds
[2024-06-26T00:38:11.042+0000] {processor.py:157} INFO - Started process (PID=3382038) to work on /opt/airflow/dags/dag.py
[2024-06-26T00:38:11.043+0000] {processor.py:829} INFO - Processing file /opt/airflow/dags/dag.py for tasks to queue
[2024-06-26T00:38:11.046+0000] {logging_mixin.py:151} INFO - [2024-06-26T00:38:11.046+0000] {dagbag.py:539} INFO - Filling up the DagBag from /opt/airflow/dags/dag.py
[2024-06-26T00:38:11.967+0000] {processor.py:839} INFO - DAG(s) dict_keys(['crawling-upload']) retrieved from /opt/airflow/dags/dag.py
[2024-06-26T00:38:12.003+0000] {logging_mixin.py:151} INFO - [2024-06-26T00:38:12.003+0000] {dag.py:2907} INFO - Sync 1 DAGs
[2024-06-26T00:38:12.032+0000] {logging_mixin.py:151} INFO - [2024-06-26T00:38:12.031+0000] {dag.py:3677} INFO - Setting next_dagrun for crawling-upload to 2024-06-26T00:00:00+00:00, run_after=2024-06-27T00:00:00+00:00
[2024-06-26T00:38:12.052+0000] {processor.py:179} INFO - Processing /opt/airflow/dags/dag.py took 1.015 seconds
[2024-06-26T00:38:42.203+0000] {processor.py:157} INFO - Started process (PID=3382060) to work on /opt/airflow/dags/dag.py
[2024-06-26T00:38:42.204+0000] {processor.py:829} INFO - Processing file /opt/airflow/dags/dag.py for tasks to queue
[2024-06-26T00:38:42.206+0000] {logging_mixin.py:151} INFO - [2024-06-26T00:38:42.206+0000] {dagbag.py:539} INFO - Filling up the DagBag from /opt/airflow/dags/dag.py
[2024-06-26T00:38:42.908+0000] {processor.py:839} INFO - DAG(s) dict_keys(['crawling-upload']) retrieved from /opt/airflow/dags/dag.py
[2024-06-26T00:38:42.952+0000] {logging_mixin.py:151} INFO - [2024-06-26T00:38:42.952+0000] {dag.py:2907} INFO - Sync 1 DAGs
[2024-06-26T00:38:42.988+0000] {logging_mixin.py:151} INFO - [2024-06-26T00:38:42.987+0000] {dag.py:3677} INFO - Setting next_dagrun for crawling-upload to 2024-06-26T00:00:00+00:00, run_after=2024-06-27T00:00:00+00:00
[2024-06-26T00:38:43.014+0000] {processor.py:179} INFO - Processing /opt/airflow/dags/dag.py took 0.817 seconds
[2024-06-26T00:39:13.210+0000] {processor.py:157} INFO - Started process (PID=3382079) to work on /opt/airflow/dags/dag.py
[2024-06-26T00:39:13.213+0000] {processor.py:829} INFO - Processing file /opt/airflow/dags/dag.py for tasks to queue
[2024-06-26T00:39:13.219+0000] {logging_mixin.py:151} INFO - [2024-06-26T00:39:13.218+0000] {dagbag.py:539} INFO - Filling up the DagBag from /opt/airflow/dags/dag.py
[2024-06-26T00:39:13.877+0000] {processor.py:839} INFO - DAG(s) dict_keys(['crawling-upload']) retrieved from /opt/airflow/dags/dag.py
[2024-06-26T00:39:13.908+0000] {logging_mixin.py:151} INFO - [2024-06-26T00:39:13.908+0000] {dag.py:2907} INFO - Sync 1 DAGs
[2024-06-26T00:39:13.933+0000] {logging_mixin.py:151} INFO - [2024-06-26T00:39:13.933+0000] {dag.py:3677} INFO - Setting next_dagrun for crawling-upload to 2024-06-26T00:00:00+00:00, run_after=2024-06-27T00:00:00+00:00
[2024-06-26T00:39:13.957+0000] {processor.py:179} INFO - Processing /opt/airflow/dags/dag.py took 0.758 seconds
[2024-06-26T00:39:44.132+0000] {processor.py:157} INFO - Started process (PID=3382097) to work on /opt/airflow/dags/dag.py
[2024-06-26T00:39:44.134+0000] {processor.py:829} INFO - Processing file /opt/airflow/dags/dag.py for tasks to queue
[2024-06-26T00:39:44.136+0000] {logging_mixin.py:151} INFO - [2024-06-26T00:39:44.136+0000] {dagbag.py:539} INFO - Filling up the DagBag from /opt/airflow/dags/dag.py
[2024-06-26T00:39:44.824+0000] {processor.py:839} INFO - DAG(s) dict_keys(['crawling-upload']) retrieved from /opt/airflow/dags/dag.py
[2024-06-26T00:39:44.856+0000] {logging_mixin.py:151} INFO - [2024-06-26T00:39:44.856+0000] {dag.py:2907} INFO - Sync 1 DAGs
[2024-06-26T00:39:44.881+0000] {logging_mixin.py:151} INFO - [2024-06-26T00:39:44.881+0000] {dag.py:3677} INFO - Setting next_dagrun for crawling-upload to 2024-06-26T00:00:00+00:00, run_after=2024-06-27T00:00:00+00:00
[2024-06-26T00:39:44.904+0000] {processor.py:179} INFO - Processing /opt/airflow/dags/dag.py took 0.776 seconds
[2024-06-26T00:40:15.076+0000] {processor.py:157} INFO - Started process (PID=3382123) to work on /opt/airflow/dags/dag.py
[2024-06-26T00:40:15.078+0000] {processor.py:829} INFO - Processing file /opt/airflow/dags/dag.py for tasks to queue
[2024-06-26T00:40:15.080+0000] {logging_mixin.py:151} INFO - [2024-06-26T00:40:15.080+0000] {dagbag.py:539} INFO - Filling up the DagBag from /opt/airflow/dags/dag.py
[2024-06-26T00:40:15.701+0000] {processor.py:839} INFO - DAG(s) dict_keys(['crawling-upload']) retrieved from /opt/airflow/dags/dag.py
[2024-06-26T00:40:15.733+0000] {logging_mixin.py:151} INFO - [2024-06-26T00:40:15.733+0000] {dag.py:2907} INFO - Sync 1 DAGs
[2024-06-26T00:40:15.890+0000] {logging_mixin.py:151} INFO - [2024-06-26T00:40:15.765+0000] {dag.py:3677} INFO - Setting next_dagrun for crawling-upload to 2024-06-26T00:00:00+00:00, run_after=2024-06-27T00:00:00+00:00
[2024-06-26T00:40:15.916+0000] {processor.py:179} INFO - Processing /opt/airflow/dags/dag.py took 0.845 seconds
[2024-06-26T00:40:46.069+0000] {processor.py:157} INFO - Started process (PID=3382142) to work on /opt/airflow/dags/dag.py
[2024-06-26T00:40:46.070+0000] {processor.py:829} INFO - Processing file /opt/airflow/dags/dag.py for tasks to queue
[2024-06-26T00:40:46.073+0000] {logging_mixin.py:151} INFO - [2024-06-26T00:40:46.073+0000] {dagbag.py:539} INFO - Filling up the DagBag from /opt/airflow/dags/dag.py
[2024-06-26T00:40:46.722+0000] {processor.py:839} INFO - DAG(s) dict_keys(['crawling-upload']) retrieved from /opt/airflow/dags/dag.py
[2024-06-26T00:40:46.761+0000] {logging_mixin.py:151} INFO - [2024-06-26T00:40:46.761+0000] {dag.py:2907} INFO - Sync 1 DAGs
[2024-06-26T00:40:46.791+0000] {logging_mixin.py:151} INFO - [2024-06-26T00:40:46.791+0000] {dag.py:3677} INFO - Setting next_dagrun for crawling-upload to 2024-06-26T00:00:00+00:00, run_after=2024-06-27T00:00:00+00:00
[2024-06-26T00:40:46.817+0000] {processor.py:179} INFO - Processing /opt/airflow/dags/dag.py took 0.753 seconds
[2024-06-26T00:41:16.929+0000] {processor.py:157} INFO - Started process (PID=3382170) to work on /opt/airflow/dags/dag.py
[2024-06-26T00:41:16.930+0000] {processor.py:829} INFO - Processing file /opt/airflow/dags/dag.py for tasks to queue
[2024-06-26T00:41:16.932+0000] {logging_mixin.py:151} INFO - [2024-06-26T00:41:16.932+0000] {dagbag.py:539} INFO - Filling up the DagBag from /opt/airflow/dags/dag.py
[2024-06-26T00:41:17.549+0000] {processor.py:839} INFO - DAG(s) dict_keys(['crawling-upload']) retrieved from /opt/airflow/dags/dag.py
[2024-06-26T00:41:17.710+0000] {logging_mixin.py:151} INFO - [2024-06-26T00:41:17.710+0000] {dag.py:2907} INFO - Sync 1 DAGs
[2024-06-26T00:41:17.737+0000] {logging_mixin.py:151} INFO - [2024-06-26T00:41:17.737+0000] {dag.py:3677} INFO - Setting next_dagrun for crawling-upload to 2024-06-26T00:00:00+00:00, run_after=2024-06-27T00:00:00+00:00
[2024-06-26T00:41:17.757+0000] {processor.py:179} INFO - Processing /opt/airflow/dags/dag.py took 0.832 seconds
[2024-06-26T00:41:47.937+0000] {processor.py:157} INFO - Started process (PID=3382188) to work on /opt/airflow/dags/dag.py
[2024-06-26T00:41:47.939+0000] {processor.py:829} INFO - Processing file /opt/airflow/dags/dag.py for tasks to queue
[2024-06-26T00:41:47.941+0000] {logging_mixin.py:151} INFO - [2024-06-26T00:41:47.941+0000] {dagbag.py:539} INFO - Filling up the DagBag from /opt/airflow/dags/dag.py
[2024-06-26T00:41:48.802+0000] {processor.py:839} INFO - DAG(s) dict_keys(['crawling-upload']) retrieved from /opt/airflow/dags/dag.py
[2024-06-26T00:41:48.837+0000] {logging_mixin.py:151} INFO - [2024-06-26T00:41:48.837+0000] {dag.py:2907} INFO - Sync 1 DAGs
[2024-06-26T00:41:48.868+0000] {logging_mixin.py:151} INFO - [2024-06-26T00:41:48.868+0000] {dag.py:3677} INFO - Setting next_dagrun for crawling-upload to 2024-06-26T00:00:00+00:00, run_after=2024-06-27T00:00:00+00:00
[2024-06-26T00:41:48.891+0000] {processor.py:179} INFO - Processing /opt/airflow/dags/dag.py took 0.957 seconds
[2024-06-26T00:42:19.096+0000] {processor.py:157} INFO - Started process (PID=3382212) to work on /opt/airflow/dags/dag.py
[2024-06-26T00:42:19.097+0000] {processor.py:829} INFO - Processing file /opt/airflow/dags/dag.py for tasks to queue
[2024-06-26T00:42:19.100+0000] {logging_mixin.py:151} INFO - [2024-06-26T00:42:19.099+0000] {dagbag.py:539} INFO - Filling up the DagBag from /opt/airflow/dags/dag.py
[2024-06-26T00:42:19.703+0000] {processor.py:839} INFO - DAG(s) dict_keys(['crawling-upload']) retrieved from /opt/airflow/dags/dag.py
[2024-06-26T00:42:19.741+0000] {logging_mixin.py:151} INFO - [2024-06-26T00:42:19.741+0000] {dag.py:2907} INFO - Sync 1 DAGs
[2024-06-26T00:42:19.767+0000] {logging_mixin.py:151} INFO - [2024-06-26T00:42:19.766+0000] {dag.py:3677} INFO - Setting next_dagrun for crawling-upload to 2024-06-26T00:00:00+00:00, run_after=2024-06-27T00:00:00+00:00
[2024-06-26T00:42:19.789+0000] {processor.py:179} INFO - Processing /opt/airflow/dags/dag.py took 0.698 seconds
[2024-06-26T00:42:49.960+0000] {processor.py:157} INFO - Started process (PID=3382230) to work on /opt/airflow/dags/dag.py
[2024-06-26T00:42:49.962+0000] {processor.py:829} INFO - Processing file /opt/airflow/dags/dag.py for tasks to queue
[2024-06-26T00:42:49.964+0000] {logging_mixin.py:151} INFO - [2024-06-26T00:42:49.964+0000] {dagbag.py:539} INFO - Filling up the DagBag from /opt/airflow/dags/dag.py
[2024-06-26T00:42:50.635+0000] {processor.py:839} INFO - DAG(s) dict_keys(['crawling-upload']) retrieved from /opt/airflow/dags/dag.py
[2024-06-26T00:42:50.671+0000] {logging_mixin.py:151} INFO - [2024-06-26T00:42:50.670+0000] {dag.py:2907} INFO - Sync 1 DAGs
[2024-06-26T00:42:50.823+0000] {logging_mixin.py:151} INFO - [2024-06-26T00:42:50.700+0000] {dag.py:3677} INFO - Setting next_dagrun for crawling-upload to 2024-06-26T00:00:00+00:00, run_after=2024-06-27T00:00:00+00:00
[2024-06-26T00:42:50.846+0000] {processor.py:179} INFO - Processing /opt/airflow/dags/dag.py took 0.890 seconds
[2024-06-26T00:43:21.012+0000] {processor.py:157} INFO - Started process (PID=3382256) to work on /opt/airflow/dags/dag.py
[2024-06-26T00:43:21.012+0000] {processor.py:829} INFO - Processing file /opt/airflow/dags/dag.py for tasks to queue
[2024-06-26T00:43:21.015+0000] {logging_mixin.py:151} INFO - [2024-06-26T00:43:21.014+0000] {dagbag.py:539} INFO - Filling up the DagBag from /opt/airflow/dags/dag.py
[2024-06-26T00:43:21.682+0000] {processor.py:839} INFO - DAG(s) dict_keys(['crawling-upload']) retrieved from /opt/airflow/dags/dag.py
[2024-06-26T00:43:21.715+0000] {logging_mixin.py:151} INFO - [2024-06-26T00:43:21.715+0000] {dag.py:2907} INFO - Sync 1 DAGs
[2024-06-26T00:43:21.742+0000] {logging_mixin.py:151} INFO - [2024-06-26T00:43:21.741+0000] {dag.py:3677} INFO - Setting next_dagrun for crawling-upload to 2024-06-26T00:00:00+00:00, run_after=2024-06-27T00:00:00+00:00
[2024-06-26T00:43:21.764+0000] {processor.py:179} INFO - Processing /opt/airflow/dags/dag.py took 0.756 seconds
[2024-06-26T00:43:51.917+0000] {processor.py:157} INFO - Started process (PID=3382275) to work on /opt/airflow/dags/dag.py
[2024-06-26T00:43:51.919+0000] {processor.py:829} INFO - Processing file /opt/airflow/dags/dag.py for tasks to queue
[2024-06-26T00:43:51.922+0000] {logging_mixin.py:151} INFO - [2024-06-26T00:43:51.922+0000] {dagbag.py:539} INFO - Filling up the DagBag from /opt/airflow/dags/dag.py
[2024-06-26T00:43:52.576+0000] {processor.py:839} INFO - DAG(s) dict_keys(['crawling-upload']) retrieved from /opt/airflow/dags/dag.py
[2024-06-26T00:43:52.621+0000] {logging_mixin.py:151} INFO - [2024-06-26T00:43:52.621+0000] {dag.py:2907} INFO - Sync 1 DAGs
[2024-06-26T00:43:52.657+0000] {logging_mixin.py:151} INFO - [2024-06-26T00:43:52.656+0000] {dag.py:3677} INFO - Setting next_dagrun for crawling-upload to 2024-06-26T00:00:00+00:00, run_after=2024-06-27T00:00:00+00:00
[2024-06-26T00:43:52.686+0000] {processor.py:179} INFO - Processing /opt/airflow/dags/dag.py took 0.774 seconds
[2024-06-26T00:44:22.815+0000] {processor.py:157} INFO - Started process (PID=3382300) to work on /opt/airflow/dags/dag.py
[2024-06-26T00:44:22.816+0000] {processor.py:829} INFO - Processing file /opt/airflow/dags/dag.py for tasks to queue
[2024-06-26T00:44:22.818+0000] {logging_mixin.py:151} INFO - [2024-06-26T00:44:22.818+0000] {dagbag.py:539} INFO - Filling up the DagBag from /opt/airflow/dags/dag.py
[2024-06-26T00:44:23.509+0000] {processor.py:839} INFO - DAG(s) dict_keys(['crawling-upload']) retrieved from /opt/airflow/dags/dag.py
[2024-06-26T00:44:23.552+0000] {logging_mixin.py:151} INFO - [2024-06-26T00:44:23.552+0000] {dag.py:2907} INFO - Sync 1 DAGs
[2024-06-26T00:44:23.587+0000] {logging_mixin.py:151} INFO - [2024-06-26T00:44:23.587+0000] {dag.py:3677} INFO - Setting next_dagrun for crawling-upload to 2024-06-26T00:00:00+00:00, run_after=2024-06-27T00:00:00+00:00
[2024-06-26T00:44:23.614+0000] {processor.py:179} INFO - Processing /opt/airflow/dags/dag.py took 0.803 seconds
[2024-06-26T00:44:53.795+0000] {processor.py:157} INFO - Started process (PID=3382318) to work on /opt/airflow/dags/dag.py
[2024-06-26T00:44:53.796+0000] {processor.py:829} INFO - Processing file /opt/airflow/dags/dag.py for tasks to queue
[2024-06-26T00:44:53.798+0000] {logging_mixin.py:151} INFO - [2024-06-26T00:44:53.798+0000] {dagbag.py:539} INFO - Filling up the DagBag from /opt/airflow/dags/dag.py
[2024-06-26T00:44:54.411+0000] {processor.py:839} INFO - DAG(s) dict_keys(['crawling-upload']) retrieved from /opt/airflow/dags/dag.py
[2024-06-26T00:44:54.443+0000] {logging_mixin.py:151} INFO - [2024-06-26T00:44:54.442+0000] {dag.py:2907} INFO - Sync 1 DAGs
[2024-06-26T00:44:54.469+0000] {logging_mixin.py:151} INFO - [2024-06-26T00:44:54.468+0000] {dag.py:3677} INFO - Setting next_dagrun for crawling-upload to 2024-06-26T00:00:00+00:00, run_after=2024-06-27T00:00:00+00:00
[2024-06-26T00:44:54.494+0000] {processor.py:179} INFO - Processing /opt/airflow/dags/dag.py took 0.703 seconds
[2024-06-26T00:45:24.655+0000] {processor.py:157} INFO - Started process (PID=3382336) to work on /opt/airflow/dags/dag.py
[2024-06-26T00:45:24.656+0000] {processor.py:829} INFO - Processing file /opt/airflow/dags/dag.py for tasks to queue
[2024-06-26T00:45:24.659+0000] {logging_mixin.py:151} INFO - [2024-06-26T00:45:24.658+0000] {dagbag.py:539} INFO - Filling up the DagBag from /opt/airflow/dags/dag.py
[2024-06-26T00:45:25.412+0000] {processor.py:839} INFO - DAG(s) dict_keys(['crawling-upload']) retrieved from /opt/airflow/dags/dag.py
[2024-06-26T00:45:25.446+0000] {logging_mixin.py:151} INFO - [2024-06-26T00:45:25.445+0000] {dag.py:2907} INFO - Sync 1 DAGs
[2024-06-26T00:45:25.474+0000] {logging_mixin.py:151} INFO - [2024-06-26T00:45:25.474+0000] {dag.py:3677} INFO - Setting next_dagrun for crawling-upload to 2024-06-26T00:00:00+00:00, run_after=2024-06-27T00:00:00+00:00
[2024-06-26T00:45:25.499+0000] {processor.py:179} INFO - Processing /opt/airflow/dags/dag.py took 0.848 seconds
[2024-06-26T00:45:55.663+0000] {processor.py:157} INFO - Started process (PID=3382362) to work on /opt/airflow/dags/dag.py
[2024-06-26T00:45:55.665+0000] {processor.py:829} INFO - Processing file /opt/airflow/dags/dag.py for tasks to queue
[2024-06-26T00:45:55.668+0000] {logging_mixin.py:151} INFO - [2024-06-26T00:45:55.667+0000] {dagbag.py:539} INFO - Filling up the DagBag from /opt/airflow/dags/dag.py
[2024-06-26T00:45:56.333+0000] {processor.py:839} INFO - DAG(s) dict_keys(['crawling-upload']) retrieved from /opt/airflow/dags/dag.py
[2024-06-26T00:45:56.365+0000] {logging_mixin.py:151} INFO - [2024-06-26T00:45:56.365+0000] {dag.py:2907} INFO - Sync 1 DAGs
[2024-06-26T00:45:56.391+0000] {logging_mixin.py:151} INFO - [2024-06-26T00:45:56.391+0000] {dag.py:3677} INFO - Setting next_dagrun for crawling-upload to 2024-06-26T00:00:00+00:00, run_after=2024-06-27T00:00:00+00:00
[2024-06-26T00:45:56.410+0000] {processor.py:179} INFO - Processing /opt/airflow/dags/dag.py took 0.751 seconds
[2024-06-26T00:46:26.475+0000] {processor.py:157} INFO - Started process (PID=3382381) to work on /opt/airflow/dags/dag.py
[2024-06-26T00:46:26.476+0000] {processor.py:829} INFO - Processing file /opt/airflow/dags/dag.py for tasks to queue
[2024-06-26T00:46:26.478+0000] {logging_mixin.py:151} INFO - [2024-06-26T00:46:26.478+0000] {dagbag.py:539} INFO - Filling up the DagBag from /opt/airflow/dags/dag.py
[2024-06-26T00:46:27.136+0000] {processor.py:839} INFO - DAG(s) dict_keys(['crawling-upload']) retrieved from /opt/airflow/dags/dag.py
[2024-06-26T00:46:27.171+0000] {logging_mixin.py:151} INFO - [2024-06-26T00:46:27.171+0000] {dag.py:2907} INFO - Sync 1 DAGs
[2024-06-26T00:46:27.199+0000] {logging_mixin.py:151} INFO - [2024-06-26T00:46:27.199+0000] {dag.py:3677} INFO - Setting next_dagrun for crawling-upload to 2024-06-26T00:00:00+00:00, run_after=2024-06-27T00:00:00+00:00
[2024-06-26T00:46:27.222+0000] {processor.py:179} INFO - Processing /opt/airflow/dags/dag.py took 0.751 seconds
[2024-06-26T00:46:57.401+0000] {processor.py:157} INFO - Started process (PID=3382406) to work on /opt/airflow/dags/dag.py
[2024-06-26T00:46:57.402+0000] {processor.py:829} INFO - Processing file /opt/airflow/dags/dag.py for tasks to queue
[2024-06-26T00:46:57.405+0000] {logging_mixin.py:151} INFO - [2024-06-26T00:46:57.405+0000] {dagbag.py:539} INFO - Filling up the DagBag from /opt/airflow/dags/dag.py
[2024-06-26T00:46:58.042+0000] {processor.py:839} INFO - DAG(s) dict_keys(['crawling-upload']) retrieved from /opt/airflow/dags/dag.py
[2024-06-26T00:46:58.203+0000] {logging_mixin.py:151} INFO - [2024-06-26T00:46:58.203+0000] {dag.py:2907} INFO - Sync 1 DAGs
[2024-06-26T00:46:58.230+0000] {logging_mixin.py:151} INFO - [2024-06-26T00:46:58.230+0000] {dag.py:3677} INFO - Setting next_dagrun for crawling-upload to 2024-06-26T00:00:00+00:00, run_after=2024-06-27T00:00:00+00:00
[2024-06-26T00:46:58.252+0000] {processor.py:179} INFO - Processing /opt/airflow/dags/dag.py took 0.855 seconds
[2024-06-26T00:47:28.421+0000] {processor.py:157} INFO - Started process (PID=3382424) to work on /opt/airflow/dags/dag.py
[2024-06-26T00:47:28.422+0000] {processor.py:829} INFO - Processing file /opt/airflow/dags/dag.py for tasks to queue
[2024-06-26T00:47:28.424+0000] {logging_mixin.py:151} INFO - [2024-06-26T00:47:28.424+0000] {dagbag.py:539} INFO - Filling up the DagBag from /opt/airflow/dags/dag.py
[2024-06-26T00:47:29.144+0000] {processor.py:839} INFO - DAG(s) dict_keys(['crawling-upload']) retrieved from /opt/airflow/dags/dag.py
[2024-06-26T00:47:29.179+0000] {logging_mixin.py:151} INFO - [2024-06-26T00:47:29.179+0000] {dag.py:2907} INFO - Sync 1 DAGs
[2024-06-26T00:47:29.207+0000] {logging_mixin.py:151} INFO - [2024-06-26T00:47:29.207+0000] {dag.py:3677} INFO - Setting next_dagrun for crawling-upload to 2024-06-26T00:00:00+00:00, run_after=2024-06-27T00:00:00+00:00
[2024-06-26T00:47:29.230+0000] {processor.py:179} INFO - Processing /opt/airflow/dags/dag.py took 0.813 seconds
[2024-06-26T00:47:59.405+0000] {processor.py:157} INFO - Started process (PID=3382450) to work on /opt/airflow/dags/dag.py
[2024-06-26T00:47:59.408+0000] {processor.py:829} INFO - Processing file /opt/airflow/dags/dag.py for tasks to queue
[2024-06-26T00:47:59.414+0000] {logging_mixin.py:151} INFO - [2024-06-26T00:47:59.413+0000] {dagbag.py:539} INFO - Filling up the DagBag from /opt/airflow/dags/dag.py
[2024-06-26T00:48:00.021+0000] {processor.py:839} INFO - DAG(s) dict_keys(['crawling-upload']) retrieved from /opt/airflow/dags/dag.py
[2024-06-26T00:48:00.053+0000] {logging_mixin.py:151} INFO - [2024-06-26T00:48:00.053+0000] {dag.py:2907} INFO - Sync 1 DAGs
[2024-06-26T00:48:00.078+0000] {logging_mixin.py:151} INFO - [2024-06-26T00:48:00.078+0000] {dag.py:3677} INFO - Setting next_dagrun for crawling-upload to 2024-06-26T00:00:00+00:00, run_after=2024-06-27T00:00:00+00:00
[2024-06-26T00:48:00.101+0000] {processor.py:179} INFO - Processing /opt/airflow/dags/dag.py took 0.707 seconds
[2024-06-26T00:48:30.170+0000] {processor.py:157} INFO - Started process (PID=3382468) to work on /opt/airflow/dags/dag.py
[2024-06-26T00:48:30.171+0000] {processor.py:829} INFO - Processing file /opt/airflow/dags/dag.py for tasks to queue
[2024-06-26T00:48:30.173+0000] {logging_mixin.py:151} INFO - [2024-06-26T00:48:30.173+0000] {dagbag.py:539} INFO - Filling up the DagBag from /opt/airflow/dags/dag.py
[2024-06-26T00:48:30.822+0000] {processor.py:839} INFO - DAG(s) dict_keys(['crawling-upload']) retrieved from /opt/airflow/dags/dag.py
[2024-06-26T00:48:30.857+0000] {logging_mixin.py:151} INFO - [2024-06-26T00:48:30.857+0000] {dag.py:2907} INFO - Sync 1 DAGs
[2024-06-26T00:48:31.013+0000] {logging_mixin.py:151} INFO - [2024-06-26T00:48:30.887+0000] {dag.py:3677} INFO - Setting next_dagrun for crawling-upload to 2024-06-26T00:00:00+00:00, run_after=2024-06-27T00:00:00+00:00
[2024-06-26T00:48:31.035+0000] {processor.py:179} INFO - Processing /opt/airflow/dags/dag.py took 0.869 seconds
[2024-06-26T00:49:01.205+0000] {processor.py:157} INFO - Started process (PID=3382495) to work on /opt/airflow/dags/dag.py
[2024-06-26T00:49:01.207+0000] {processor.py:829} INFO - Processing file /opt/airflow/dags/dag.py for tasks to queue
[2024-06-26T00:49:01.209+0000] {logging_mixin.py:151} INFO - [2024-06-26T00:49:01.209+0000] {dagbag.py:539} INFO - Filling up the DagBag from /opt/airflow/dags/dag.py
[2024-06-26T00:49:01.870+0000] {processor.py:839} INFO - DAG(s) dict_keys(['crawling-upload']) retrieved from /opt/airflow/dags/dag.py
[2024-06-26T00:49:01.905+0000] {logging_mixin.py:151} INFO - [2024-06-26T00:49:01.904+0000] {dag.py:2907} INFO - Sync 1 DAGs
[2024-06-26T00:49:01.936+0000] {logging_mixin.py:151} INFO - [2024-06-26T00:49:01.935+0000] {dag.py:3677} INFO - Setting next_dagrun for crawling-upload to 2024-06-26T00:00:00+00:00, run_after=2024-06-27T00:00:00+00:00
[2024-06-26T00:49:01.960+0000] {processor.py:179} INFO - Processing /opt/airflow/dags/dag.py took 0.759 seconds
[2024-06-26T00:49:32.131+0000] {processor.py:157} INFO - Started process (PID=3382514) to work on /opt/airflow/dags/dag.py
[2024-06-26T00:49:32.132+0000] {processor.py:829} INFO - Processing file /opt/airflow/dags/dag.py for tasks to queue
[2024-06-26T00:49:32.135+0000] {logging_mixin.py:151} INFO - [2024-06-26T00:49:32.134+0000] {dagbag.py:539} INFO - Filling up the DagBag from /opt/airflow/dags/dag.py
[2024-06-26T00:49:32.945+0000] {processor.py:839} INFO - DAG(s) dict_keys(['crawling-upload']) retrieved from /opt/airflow/dags/dag.py
[2024-06-26T00:49:32.989+0000] {logging_mixin.py:151} INFO - [2024-06-26T00:49:32.989+0000] {dag.py:2907} INFO - Sync 1 DAGs
[2024-06-26T00:49:33.051+0000] {logging_mixin.py:151} INFO - [2024-06-26T00:49:33.051+0000] {dag.py:3677} INFO - Setting next_dagrun for crawling-upload to 2024-06-26T00:00:00+00:00, run_after=2024-06-27T00:00:00+00:00
[2024-06-26T00:49:33.083+0000] {processor.py:179} INFO - Processing /opt/airflow/dags/dag.py took 0.956 seconds
[2024-06-26T00:50:03.288+0000] {processor.py:157} INFO - Started process (PID=3382540) to work on /opt/airflow/dags/dag.py
[2024-06-26T00:50:03.288+0000] {processor.py:829} INFO - Processing file /opt/airflow/dags/dag.py for tasks to queue
[2024-06-26T00:50:03.291+0000] {logging_mixin.py:151} INFO - [2024-06-26T00:50:03.290+0000] {dagbag.py:539} INFO - Filling up the DagBag from /opt/airflow/dags/dag.py
[2024-06-26T00:50:04.039+0000] {processor.py:839} INFO - DAG(s) dict_keys(['crawling-upload']) retrieved from /opt/airflow/dags/dag.py
[2024-06-26T00:50:04.199+0000] {logging_mixin.py:151} INFO - [2024-06-26T00:50:04.199+0000] {dag.py:2907} INFO - Sync 1 DAGs
[2024-06-26T00:50:04.225+0000] {logging_mixin.py:151} INFO - [2024-06-26T00:50:04.225+0000] {dag.py:3677} INFO - Setting next_dagrun for crawling-upload to 2024-06-26T00:00:00+00:00, run_after=2024-06-27T00:00:00+00:00
[2024-06-26T00:50:04.247+0000] {processor.py:179} INFO - Processing /opt/airflow/dags/dag.py took 0.964 seconds
[2024-06-26T00:50:34.440+0000] {processor.py:157} INFO - Started process (PID=3382559) to work on /opt/airflow/dags/dag.py
[2024-06-26T00:50:34.443+0000] {processor.py:829} INFO - Processing file /opt/airflow/dags/dag.py for tasks to queue
[2024-06-26T00:50:34.449+0000] {logging_mixin.py:151} INFO - [2024-06-26T00:50:34.448+0000] {dagbag.py:539} INFO - Filling up the DagBag from /opt/airflow/dags/dag.py
[2024-06-26T00:50:35.121+0000] {processor.py:839} INFO - DAG(s) dict_keys(['crawling-upload']) retrieved from /opt/airflow/dags/dag.py
[2024-06-26T00:50:35.152+0000] {logging_mixin.py:151} INFO - [2024-06-26T00:50:35.152+0000] {dag.py:2907} INFO - Sync 1 DAGs
[2024-06-26T00:50:35.177+0000] {logging_mixin.py:151} INFO - [2024-06-26T00:50:35.176+0000] {dag.py:3677} INFO - Setting next_dagrun for crawling-upload to 2024-06-26T00:00:00+00:00, run_after=2024-06-27T00:00:00+00:00
[2024-06-26T00:50:35.196+0000] {processor.py:179} INFO - Processing /opt/airflow/dags/dag.py took 0.767 seconds
[2024-06-26T00:51:05.360+0000] {processor.py:157} INFO - Started process (PID=3382577) to work on /opt/airflow/dags/dag.py
[2024-06-26T00:51:05.362+0000] {processor.py:829} INFO - Processing file /opt/airflow/dags/dag.py for tasks to queue
[2024-06-26T00:51:05.364+0000] {logging_mixin.py:151} INFO - [2024-06-26T00:51:05.364+0000] {dagbag.py:539} INFO - Filling up the DagBag from /opt/airflow/dags/dag.py
[2024-06-26T00:51:06.165+0000] {processor.py:839} INFO - DAG(s) dict_keys(['crawling-upload']) retrieved from /opt/airflow/dags/dag.py
[2024-06-26T00:51:06.199+0000] {logging_mixin.py:151} INFO - [2024-06-26T00:51:06.198+0000] {dag.py:2907} INFO - Sync 1 DAGs
[2024-06-26T00:51:06.227+0000] {logging_mixin.py:151} INFO - [2024-06-26T00:51:06.225+0000] {dag.py:3677} INFO - Setting next_dagrun for crawling-upload to 2024-06-26T00:00:00+00:00, run_after=2024-06-27T00:00:00+00:00
[2024-06-26T00:51:06.373+0000] {processor.py:179} INFO - Processing /opt/airflow/dags/dag.py took 1.017 seconds
[2024-06-26T00:51:36.549+0000] {processor.py:157} INFO - Started process (PID=3382603) to work on /opt/airflow/dags/dag.py
[2024-06-26T00:51:36.551+0000] {processor.py:829} INFO - Processing file /opt/airflow/dags/dag.py for tasks to queue
[2024-06-26T00:51:36.556+0000] {logging_mixin.py:151} INFO - [2024-06-26T00:51:36.555+0000] {dagbag.py:539} INFO - Filling up the DagBag from /opt/airflow/dags/dag.py
[2024-06-26T00:51:37.164+0000] {processor.py:839} INFO - DAG(s) dict_keys(['crawling-upload']) retrieved from /opt/airflow/dags/dag.py
[2024-06-26T00:51:37.195+0000] {logging_mixin.py:151} INFO - [2024-06-26T00:51:37.195+0000] {dag.py:2907} INFO - Sync 1 DAGs
[2024-06-26T00:51:37.222+0000] {logging_mixin.py:151} INFO - [2024-06-26T00:51:37.221+0000] {dag.py:3677} INFO - Setting next_dagrun for crawling-upload to 2024-06-26T00:00:00+00:00, run_after=2024-06-27T00:00:00+00:00
[2024-06-26T00:51:37.241+0000] {processor.py:179} INFO - Processing /opt/airflow/dags/dag.py took 0.701 seconds
[2024-06-26T00:52:07.406+0000] {processor.py:157} INFO - Started process (PID=3382620) to work on /opt/airflow/dags/dag.py
[2024-06-26T00:52:07.407+0000] {processor.py:829} INFO - Processing file /opt/airflow/dags/dag.py for tasks to queue
[2024-06-26T00:52:07.410+0000] {logging_mixin.py:151} INFO - [2024-06-26T00:52:07.409+0000] {dagbag.py:539} INFO - Filling up the DagBag from /opt/airflow/dags/dag.py
[2024-06-26T00:52:08.058+0000] {processor.py:839} INFO - DAG(s) dict_keys(['crawling-upload']) retrieved from /opt/airflow/dags/dag.py
[2024-06-26T00:52:08.094+0000] {logging_mixin.py:151} INFO - [2024-06-26T00:52:08.094+0000] {dag.py:2907} INFO - Sync 1 DAGs
[2024-06-26T00:52:08.121+0000] {logging_mixin.py:151} INFO - [2024-06-26T00:52:08.120+0000] {dag.py:3677} INFO - Setting next_dagrun for crawling-upload to 2024-06-26T00:00:00+00:00, run_after=2024-06-27T00:00:00+00:00
[2024-06-26T00:52:08.142+0000] {processor.py:179} INFO - Processing /opt/airflow/dags/dag.py took 0.740 seconds
[2024-06-26T00:52:38.311+0000] {processor.py:157} INFO - Started process (PID=3382647) to work on /opt/airflow/dags/dag.py
[2024-06-26T00:52:38.313+0000] {processor.py:829} INFO - Processing file /opt/airflow/dags/dag.py for tasks to queue
[2024-06-26T00:52:38.315+0000] {logging_mixin.py:151} INFO - [2024-06-26T00:52:38.315+0000] {dagbag.py:539} INFO - Filling up the DagBag from /opt/airflow/dags/dag.py
[2024-06-26T00:52:38.926+0000] {processor.py:839} INFO - DAG(s) dict_keys(['crawling-upload']) retrieved from /opt/airflow/dags/dag.py
[2024-06-26T00:52:39.087+0000] {logging_mixin.py:151} INFO - [2024-06-26T00:52:39.087+0000] {dag.py:2907} INFO - Sync 1 DAGs
[2024-06-26T00:52:39.112+0000] {logging_mixin.py:151} INFO - [2024-06-26T00:52:39.112+0000] {dag.py:3677} INFO - Setting next_dagrun for crawling-upload to 2024-06-26T00:00:00+00:00, run_after=2024-06-27T00:00:00+00:00
[2024-06-26T00:52:39.133+0000] {processor.py:179} INFO - Processing /opt/airflow/dags/dag.py took 0.826 seconds
[2024-06-26T00:53:09.297+0000] {processor.py:157} INFO - Started process (PID=3382665) to work on /opt/airflow/dags/dag.py
[2024-06-26T00:53:09.299+0000] {processor.py:829} INFO - Processing file /opt/airflow/dags/dag.py for tasks to queue
[2024-06-26T00:53:09.302+0000] {logging_mixin.py:151} INFO - [2024-06-26T00:53:09.301+0000] {dagbag.py:539} INFO - Filling up the DagBag from /opt/airflow/dags/dag.py
[2024-06-26T00:53:10.047+0000] {processor.py:839} INFO - DAG(s) dict_keys(['crawling-upload']) retrieved from /opt/airflow/dags/dag.py
[2024-06-26T00:53:10.145+0000] {logging_mixin.py:151} INFO - [2024-06-26T00:53:10.145+0000] {dag.py:2907} INFO - Sync 1 DAGs
[2024-06-26T00:53:10.195+0000] {logging_mixin.py:151} INFO - [2024-06-26T00:53:10.195+0000] {dag.py:3677} INFO - Setting next_dagrun for crawling-upload to 2024-06-26T00:00:00+00:00, run_after=2024-06-27T00:00:00+00:00
[2024-06-26T00:53:10.226+0000] {processor.py:179} INFO - Processing /opt/airflow/dags/dag.py took 0.935 seconds
[2024-06-26T00:53:40.384+0000] {processor.py:157} INFO - Started process (PID=3382691) to work on /opt/airflow/dags/dag.py
[2024-06-26T00:53:40.386+0000] {processor.py:829} INFO - Processing file /opt/airflow/dags/dag.py for tasks to queue
[2024-06-26T00:53:40.392+0000] {logging_mixin.py:151} INFO - [2024-06-26T00:53:40.392+0000] {dagbag.py:539} INFO - Filling up the DagBag from /opt/airflow/dags/dag.py
[2024-06-26T00:53:41.042+0000] {processor.py:839} INFO - DAG(s) dict_keys(['crawling-upload']) retrieved from /opt/airflow/dags/dag.py
[2024-06-26T00:53:41.075+0000] {logging_mixin.py:151} INFO - [2024-06-26T00:53:41.074+0000] {dag.py:2907} INFO - Sync 1 DAGs
[2024-06-26T00:53:41.100+0000] {logging_mixin.py:151} INFO - [2024-06-26T00:53:41.099+0000] {dag.py:3677} INFO - Setting next_dagrun for crawling-upload to 2024-06-26T00:00:00+00:00, run_after=2024-06-27T00:00:00+00:00
[2024-06-26T00:53:41.131+0000] {processor.py:179} INFO - Processing /opt/airflow/dags/dag.py took 0.751 seconds
[2024-06-26T00:54:11.313+0000] {processor.py:157} INFO - Started process (PID=3382708) to work on /opt/airflow/dags/dag.py
[2024-06-26T00:54:11.315+0000] {processor.py:829} INFO - Processing file /opt/airflow/dags/dag.py for tasks to queue
[2024-06-26T00:54:11.318+0000] {logging_mixin.py:151} INFO - [2024-06-26T00:54:11.317+0000] {dagbag.py:539} INFO - Filling up the DagBag from /opt/airflow/dags/dag.py
[2024-06-26T00:54:11.989+0000] {processor.py:839} INFO - DAG(s) dict_keys(['crawling-upload']) retrieved from /opt/airflow/dags/dag.py
[2024-06-26T00:54:12.024+0000] {logging_mixin.py:151} INFO - [2024-06-26T00:54:12.023+0000] {dag.py:2907} INFO - Sync 1 DAGs
[2024-06-26T00:54:12.186+0000] {logging_mixin.py:151} INFO - [2024-06-26T00:54:12.051+0000] {dag.py:3677} INFO - Setting next_dagrun for crawling-upload to 2024-06-26T00:00:00+00:00, run_after=2024-06-27T00:00:00+00:00
[2024-06-26T00:54:12.209+0000] {processor.py:179} INFO - Processing /opt/airflow/dags/dag.py took 0.900 seconds
[2024-06-26T00:54:42.390+0000] {processor.py:157} INFO - Started process (PID=3382734) to work on /opt/airflow/dags/dag.py
[2024-06-26T00:54:42.392+0000] {processor.py:829} INFO - Processing file /opt/airflow/dags/dag.py for tasks to queue
[2024-06-26T00:54:42.394+0000] {logging_mixin.py:151} INFO - [2024-06-26T00:54:42.394+0000] {dagbag.py:539} INFO - Filling up the DagBag from /opt/airflow/dags/dag.py
[2024-06-26T00:54:43.079+0000] {processor.py:839} INFO - DAG(s) dict_keys(['crawling-upload']) retrieved from /opt/airflow/dags/dag.py
[2024-06-26T00:54:43.111+0000] {logging_mixin.py:151} INFO - [2024-06-26T00:54:43.111+0000] {dag.py:2907} INFO - Sync 1 DAGs
[2024-06-26T00:54:43.138+0000] {logging_mixin.py:151} INFO - [2024-06-26T00:54:43.138+0000] {dag.py:3677} INFO - Setting next_dagrun for crawling-upload to 2024-06-26T00:00:00+00:00, run_after=2024-06-27T00:00:00+00:00
[2024-06-26T00:54:43.160+0000] {processor.py:179} INFO - Processing /opt/airflow/dags/dag.py took 0.774 seconds
[2024-06-26T00:55:13.336+0000] {processor.py:157} INFO - Started process (PID=3382751) to work on /opt/airflow/dags/dag.py
[2024-06-26T00:55:13.337+0000] {processor.py:829} INFO - Processing file /opt/airflow/dags/dag.py for tasks to queue
[2024-06-26T00:55:13.341+0000] {logging_mixin.py:151} INFO - [2024-06-26T00:55:13.340+0000] {dagbag.py:539} INFO - Filling up the DagBag from /opt/airflow/dags/dag.py
[2024-06-26T00:55:14.050+0000] {processor.py:839} INFO - DAG(s) dict_keys(['crawling-upload']) retrieved from /opt/airflow/dags/dag.py
[2024-06-26T00:55:14.087+0000] {logging_mixin.py:151} INFO - [2024-06-26T00:55:14.086+0000] {dag.py:2907} INFO - Sync 1 DAGs
[2024-06-26T00:55:14.114+0000] {logging_mixin.py:151} INFO - [2024-06-26T00:55:14.113+0000] {dag.py:3677} INFO - Setting next_dagrun for crawling-upload to 2024-06-26T00:00:00+00:00, run_after=2024-06-27T00:00:00+00:00
[2024-06-26T00:55:14.135+0000] {processor.py:179} INFO - Processing /opt/airflow/dags/dag.py took 0.803 seconds
[2024-06-26T00:55:44.314+0000] {processor.py:157} INFO - Started process (PID=3382776) to work on /opt/airflow/dags/dag.py
[2024-06-26T00:55:44.315+0000] {processor.py:829} INFO - Processing file /opt/airflow/dags/dag.py for tasks to queue
[2024-06-26T00:55:44.318+0000] {logging_mixin.py:151} INFO - [2024-06-26T00:55:44.318+0000] {dagbag.py:539} INFO - Filling up the DagBag from /opt/airflow/dags/dag.py
[2024-06-26T00:55:44.975+0000] {processor.py:839} INFO - DAG(s) dict_keys(['crawling-upload']) retrieved from /opt/airflow/dags/dag.py
[2024-06-26T00:55:45.134+0000] {logging_mixin.py:151} INFO - [2024-06-26T00:55:45.134+0000] {dag.py:2907} INFO - Sync 1 DAGs
[2024-06-26T00:55:45.160+0000] {logging_mixin.py:151} INFO - [2024-06-26T00:55:45.160+0000] {dag.py:3677} INFO - Setting next_dagrun for crawling-upload to 2024-06-26T00:00:00+00:00, run_after=2024-06-27T00:00:00+00:00
[2024-06-26T00:55:45.185+0000] {processor.py:179} INFO - Processing /opt/airflow/dags/dag.py took 0.875 seconds
